[2025-04-30T13:39:01.908+0100] {processor.py:186} INFO - Started process (PID=66507) to work on /Users/dineshsammeta/anaconda3/envs/python38/lib/python3.8/site-packages/airflow/example_dags/plugins/event_listener.py
[2025-04-30T13:39:01.909+0100] {processor.py:914} INFO - Processing file /Users/dineshsammeta/anaconda3/envs/python38/lib/python3.8/site-packages/airflow/example_dags/plugins/event_listener.py for tasks to queue
[2025-04-30T13:39:01.909+0100] {logging_mixin.py:190} INFO - [2025-04-30T13:39:01.909+0100] {dagbag.py:588} INFO - Filling up the DagBag from /Users/dineshsammeta/anaconda3/envs/python38/lib/python3.8/site-packages/airflow/example_dags/plugins/event_listener.py
[2025-04-30T13:39:01.910+0100] {processor.py:927} WARNING - No viable dags retrieved from /Users/dineshsammeta/anaconda3/envs/python38/lib/python3.8/site-packages/airflow/example_dags/plugins/event_listener.py
[2025-04-30T13:39:01.993+0100] {processor.py:208} INFO - Processing /Users/dineshsammeta/anaconda3/envs/python38/lib/python3.8/site-packages/airflow/example_dags/plugins/event_listener.py took 0.087 seconds
[2025-04-30T13:41:08.468+0100] {processor.py:186} INFO - Started process (PID=66749) to work on /Users/dineshsammeta/anaconda3/envs/python38/lib/python3.8/site-packages/airflow/example_dags/plugins/event_listener.py
[2025-04-30T13:41:08.469+0100] {processor.py:914} INFO - Processing file /Users/dineshsammeta/anaconda3/envs/python38/lib/python3.8/site-packages/airflow/example_dags/plugins/event_listener.py for tasks to queue
[2025-04-30T13:41:08.469+0100] {logging_mixin.py:190} INFO - [2025-04-30T13:41:08.469+0100] {dagbag.py:588} INFO - Filling up the DagBag from /Users/dineshsammeta/anaconda3/envs/python38/lib/python3.8/site-packages/airflow/example_dags/plugins/event_listener.py
[2025-04-30T13:41:08.470+0100] {processor.py:927} WARNING - No viable dags retrieved from /Users/dineshsammeta/anaconda3/envs/python38/lib/python3.8/site-packages/airflow/example_dags/plugins/event_listener.py
[2025-04-30T13:41:08.555+0100] {processor.py:208} INFO - Processing /Users/dineshsammeta/anaconda3/envs/python38/lib/python3.8/site-packages/airflow/example_dags/plugins/event_listener.py took 0.089 seconds
[2025-04-30T13:42:37.030+0100] {processor.py:186} INFO - Started process (PID=66984) to work on /Users/dineshsammeta/anaconda3/envs/python38/lib/python3.8/site-packages/airflow/example_dags/plugins/event_listener.py
[2025-04-30T13:42:37.031+0100] {processor.py:914} INFO - Processing file /Users/dineshsammeta/anaconda3/envs/python38/lib/python3.8/site-packages/airflow/example_dags/plugins/event_listener.py for tasks to queue
[2025-04-30T13:42:37.032+0100] {logging_mixin.py:190} INFO - [2025-04-30T13:42:37.032+0100] {dagbag.py:588} INFO - Filling up the DagBag from /Users/dineshsammeta/anaconda3/envs/python38/lib/python3.8/site-packages/airflow/example_dags/plugins/event_listener.py
[2025-04-30T13:42:37.033+0100] {processor.py:927} WARNING - No viable dags retrieved from /Users/dineshsammeta/anaconda3/envs/python38/lib/python3.8/site-packages/airflow/example_dags/plugins/event_listener.py
[2025-04-30T13:42:37.115+0100] {processor.py:208} INFO - Processing /Users/dineshsammeta/anaconda3/envs/python38/lib/python3.8/site-packages/airflow/example_dags/plugins/event_listener.py took 0.087 seconds
[2025-04-30T13:44:04.780+0100] {processor.py:186} INFO - Started process (PID=67155) to work on /Users/dineshsammeta/anaconda3/envs/python38/lib/python3.8/site-packages/airflow/example_dags/plugins/event_listener.py
[2025-04-30T13:44:04.781+0100] {processor.py:914} INFO - Processing file /Users/dineshsammeta/anaconda3/envs/python38/lib/python3.8/site-packages/airflow/example_dags/plugins/event_listener.py for tasks to queue
[2025-04-30T13:44:04.782+0100] {logging_mixin.py:190} INFO - [2025-04-30T13:44:04.781+0100] {dagbag.py:588} INFO - Filling up the DagBag from /Users/dineshsammeta/anaconda3/envs/python38/lib/python3.8/site-packages/airflow/example_dags/plugins/event_listener.py
[2025-04-30T13:44:04.783+0100] {processor.py:927} WARNING - No viable dags retrieved from /Users/dineshsammeta/anaconda3/envs/python38/lib/python3.8/site-packages/airflow/example_dags/plugins/event_listener.py
[2025-04-30T13:44:04.876+0100] {processor.py:208} INFO - Processing /Users/dineshsammeta/anaconda3/envs/python38/lib/python3.8/site-packages/airflow/example_dags/plugins/event_listener.py took 0.099 seconds
[2025-04-30T13:45:34.968+0100] {processor.py:186} INFO - Started process (PID=67328) to work on /Users/dineshsammeta/anaconda3/envs/python38/lib/python3.8/site-packages/airflow/example_dags/plugins/event_listener.py
[2025-04-30T13:45:34.968+0100] {processor.py:914} INFO - Processing file /Users/dineshsammeta/anaconda3/envs/python38/lib/python3.8/site-packages/airflow/example_dags/plugins/event_listener.py for tasks to queue
[2025-04-30T13:45:34.969+0100] {logging_mixin.py:190} INFO - [2025-04-30T13:45:34.969+0100] {dagbag.py:588} INFO - Filling up the DagBag from /Users/dineshsammeta/anaconda3/envs/python38/lib/python3.8/site-packages/airflow/example_dags/plugins/event_listener.py
[2025-04-30T13:45:34.970+0100] {processor.py:927} WARNING - No viable dags retrieved from /Users/dineshsammeta/anaconda3/envs/python38/lib/python3.8/site-packages/airflow/example_dags/plugins/event_listener.py
[2025-04-30T13:45:35.055+0100] {processor.py:208} INFO - Processing /Users/dineshsammeta/anaconda3/envs/python38/lib/python3.8/site-packages/airflow/example_dags/plugins/event_listener.py took 0.089 seconds
[2025-04-30T13:47:03.786+0100] {processor.py:186} INFO - Started process (PID=67514) to work on /Users/dineshsammeta/anaconda3/envs/python38/lib/python3.8/site-packages/airflow/example_dags/plugins/event_listener.py
[2025-04-30T13:47:03.787+0100] {processor.py:914} INFO - Processing file /Users/dineshsammeta/anaconda3/envs/python38/lib/python3.8/site-packages/airflow/example_dags/plugins/event_listener.py for tasks to queue
[2025-04-30T13:47:03.788+0100] {logging_mixin.py:190} INFO - [2025-04-30T13:47:03.787+0100] {dagbag.py:588} INFO - Filling up the DagBag from /Users/dineshsammeta/anaconda3/envs/python38/lib/python3.8/site-packages/airflow/example_dags/plugins/event_listener.py
[2025-04-30T13:47:03.788+0100] {processor.py:927} WARNING - No viable dags retrieved from /Users/dineshsammeta/anaconda3/envs/python38/lib/python3.8/site-packages/airflow/example_dags/plugins/event_listener.py
[2025-04-30T13:47:03.873+0100] {processor.py:208} INFO - Processing /Users/dineshsammeta/anaconda3/envs/python38/lib/python3.8/site-packages/airflow/example_dags/plugins/event_listener.py took 0.089 seconds
[2025-04-30T13:48:33.951+0100] {processor.py:186} INFO - Started process (PID=67690) to work on /Users/dineshsammeta/anaconda3/envs/python38/lib/python3.8/site-packages/airflow/example_dags/plugins/event_listener.py
[2025-04-30T13:48:33.952+0100] {processor.py:914} INFO - Processing file /Users/dineshsammeta/anaconda3/envs/python38/lib/python3.8/site-packages/airflow/example_dags/plugins/event_listener.py for tasks to queue
[2025-04-30T13:48:33.953+0100] {logging_mixin.py:190} INFO - [2025-04-30T13:48:33.953+0100] {dagbag.py:588} INFO - Filling up the DagBag from /Users/dineshsammeta/anaconda3/envs/python38/lib/python3.8/site-packages/airflow/example_dags/plugins/event_listener.py
[2025-04-30T13:48:33.954+0100] {processor.py:927} WARNING - No viable dags retrieved from /Users/dineshsammeta/anaconda3/envs/python38/lib/python3.8/site-packages/airflow/example_dags/plugins/event_listener.py
[2025-04-30T13:48:34.038+0100] {processor.py:208} INFO - Processing /Users/dineshsammeta/anaconda3/envs/python38/lib/python3.8/site-packages/airflow/example_dags/plugins/event_listener.py took 0.088 seconds
[2025-04-30T13:50:06.486+0100] {processor.py:186} INFO - Started process (PID=67854) to work on /Users/dineshsammeta/anaconda3/envs/python38/lib/python3.8/site-packages/airflow/example_dags/plugins/event_listener.py
[2025-04-30T13:50:06.487+0100] {processor.py:914} INFO - Processing file /Users/dineshsammeta/anaconda3/envs/python38/lib/python3.8/site-packages/airflow/example_dags/plugins/event_listener.py for tasks to queue
[2025-04-30T13:50:06.488+0100] {logging_mixin.py:190} INFO - [2025-04-30T13:50:06.488+0100] {dagbag.py:588} INFO - Filling up the DagBag from /Users/dineshsammeta/anaconda3/envs/python38/lib/python3.8/site-packages/airflow/example_dags/plugins/event_listener.py
[2025-04-30T13:50:06.489+0100] {processor.py:927} WARNING - No viable dags retrieved from /Users/dineshsammeta/anaconda3/envs/python38/lib/python3.8/site-packages/airflow/example_dags/plugins/event_listener.py
[2025-04-30T13:50:06.573+0100] {processor.py:208} INFO - Processing /Users/dineshsammeta/anaconda3/envs/python38/lib/python3.8/site-packages/airflow/example_dags/plugins/event_listener.py took 0.089 seconds
[2025-04-30T13:51:40.917+0100] {processor.py:186} INFO - Started process (PID=68022) to work on /Users/dineshsammeta/anaconda3/envs/python38/lib/python3.8/site-packages/airflow/example_dags/plugins/event_listener.py
[2025-04-30T13:51:40.918+0100] {processor.py:914} INFO - Processing file /Users/dineshsammeta/anaconda3/envs/python38/lib/python3.8/site-packages/airflow/example_dags/plugins/event_listener.py for tasks to queue
[2025-04-30T13:51:40.919+0100] {logging_mixin.py:190} INFO - [2025-04-30T13:51:40.919+0100] {dagbag.py:588} INFO - Filling up the DagBag from /Users/dineshsammeta/anaconda3/envs/python38/lib/python3.8/site-packages/airflow/example_dags/plugins/event_listener.py
[2025-04-30T13:51:40.919+0100] {processor.py:927} WARNING - No viable dags retrieved from /Users/dineshsammeta/anaconda3/envs/python38/lib/python3.8/site-packages/airflow/example_dags/plugins/event_listener.py
[2025-04-30T13:51:41.003+0100] {processor.py:208} INFO - Processing /Users/dineshsammeta/anaconda3/envs/python38/lib/python3.8/site-packages/airflow/example_dags/plugins/event_listener.py took 0.088 seconds
[2025-04-30T13:53:18.471+0100] {processor.py:186} INFO - Started process (PID=68207) to work on /Users/dineshsammeta/anaconda3/envs/python38/lib/python3.8/site-packages/airflow/example_dags/plugins/event_listener.py
[2025-04-30T13:53:18.471+0100] {processor.py:914} INFO - Processing file /Users/dineshsammeta/anaconda3/envs/python38/lib/python3.8/site-packages/airflow/example_dags/plugins/event_listener.py for tasks to queue
[2025-04-30T13:53:18.472+0100] {logging_mixin.py:190} INFO - [2025-04-30T13:53:18.472+0100] {dagbag.py:588} INFO - Filling up the DagBag from /Users/dineshsammeta/anaconda3/envs/python38/lib/python3.8/site-packages/airflow/example_dags/plugins/event_listener.py
[2025-04-30T13:53:18.473+0100] {processor.py:927} WARNING - No viable dags retrieved from /Users/dineshsammeta/anaconda3/envs/python38/lib/python3.8/site-packages/airflow/example_dags/plugins/event_listener.py
[2025-04-30T13:53:18.560+0100] {processor.py:208} INFO - Processing /Users/dineshsammeta/anaconda3/envs/python38/lib/python3.8/site-packages/airflow/example_dags/plugins/event_listener.py took 0.092 seconds
[2025-04-30T13:54:57.285+0100] {processor.py:186} INFO - Started process (PID=68403) to work on /Users/dineshsammeta/anaconda3/envs/python38/lib/python3.8/site-packages/airflow/example_dags/plugins/event_listener.py
[2025-04-30T13:54:57.286+0100] {processor.py:914} INFO - Processing file /Users/dineshsammeta/anaconda3/envs/python38/lib/python3.8/site-packages/airflow/example_dags/plugins/event_listener.py for tasks to queue
[2025-04-30T13:54:57.287+0100] {logging_mixin.py:190} INFO - [2025-04-30T13:54:57.287+0100] {dagbag.py:588} INFO - Filling up the DagBag from /Users/dineshsammeta/anaconda3/envs/python38/lib/python3.8/site-packages/airflow/example_dags/plugins/event_listener.py
[2025-04-30T13:54:57.288+0100] {processor.py:927} WARNING - No viable dags retrieved from /Users/dineshsammeta/anaconda3/envs/python38/lib/python3.8/site-packages/airflow/example_dags/plugins/event_listener.py
[2025-04-30T13:54:57.374+0100] {processor.py:208} INFO - Processing /Users/dineshsammeta/anaconda3/envs/python38/lib/python3.8/site-packages/airflow/example_dags/plugins/event_listener.py took 0.092 seconds
[2025-04-30T13:56:28.223+0100] {processor.py:186} INFO - Started process (PID=68560) to work on /Users/dineshsammeta/anaconda3/envs/python38/lib/python3.8/site-packages/airflow/example_dags/plugins/event_listener.py
[2025-04-30T13:56:28.224+0100] {processor.py:914} INFO - Processing file /Users/dineshsammeta/anaconda3/envs/python38/lib/python3.8/site-packages/airflow/example_dags/plugins/event_listener.py for tasks to queue
[2025-04-30T13:56:28.224+0100] {logging_mixin.py:190} INFO - [2025-04-30T13:56:28.224+0100] {dagbag.py:588} INFO - Filling up the DagBag from /Users/dineshsammeta/anaconda3/envs/python38/lib/python3.8/site-packages/airflow/example_dags/plugins/event_listener.py
[2025-04-30T13:56:28.225+0100] {processor.py:927} WARNING - No viable dags retrieved from /Users/dineshsammeta/anaconda3/envs/python38/lib/python3.8/site-packages/airflow/example_dags/plugins/event_listener.py
[2025-04-30T13:56:28.308+0100] {processor.py:208} INFO - Processing /Users/dineshsammeta/anaconda3/envs/python38/lib/python3.8/site-packages/airflow/example_dags/plugins/event_listener.py took 0.088 seconds
[2025-04-30T13:57:59.091+0100] {processor.py:186} INFO - Started process (PID=68717) to work on /Users/dineshsammeta/anaconda3/envs/python38/lib/python3.8/site-packages/airflow/example_dags/plugins/event_listener.py
[2025-04-30T13:57:59.092+0100] {processor.py:914} INFO - Processing file /Users/dineshsammeta/anaconda3/envs/python38/lib/python3.8/site-packages/airflow/example_dags/plugins/event_listener.py for tasks to queue
[2025-04-30T13:57:59.093+0100] {logging_mixin.py:190} INFO - [2025-04-30T13:57:59.093+0100] {dagbag.py:588} INFO - Filling up the DagBag from /Users/dineshsammeta/anaconda3/envs/python38/lib/python3.8/site-packages/airflow/example_dags/plugins/event_listener.py
[2025-04-30T13:57:59.094+0100] {processor.py:927} WARNING - No viable dags retrieved from /Users/dineshsammeta/anaconda3/envs/python38/lib/python3.8/site-packages/airflow/example_dags/plugins/event_listener.py
[2025-04-30T13:57:59.176+0100] {processor.py:208} INFO - Processing /Users/dineshsammeta/anaconda3/envs/python38/lib/python3.8/site-packages/airflow/example_dags/plugins/event_listener.py took 0.087 seconds
[2025-04-30T13:59:28.333+0100] {processor.py:186} INFO - Started process (PID=68879) to work on /Users/dineshsammeta/anaconda3/envs/python38/lib/python3.8/site-packages/airflow/example_dags/plugins/event_listener.py
[2025-04-30T13:59:28.334+0100] {processor.py:914} INFO - Processing file /Users/dineshsammeta/anaconda3/envs/python38/lib/python3.8/site-packages/airflow/example_dags/plugins/event_listener.py for tasks to queue
[2025-04-30T13:59:28.335+0100] {logging_mixin.py:190} INFO - [2025-04-30T13:59:28.335+0100] {dagbag.py:588} INFO - Filling up the DagBag from /Users/dineshsammeta/anaconda3/envs/python38/lib/python3.8/site-packages/airflow/example_dags/plugins/event_listener.py
[2025-04-30T13:59:28.336+0100] {processor.py:927} WARNING - No viable dags retrieved from /Users/dineshsammeta/anaconda3/envs/python38/lib/python3.8/site-packages/airflow/example_dags/plugins/event_listener.py
[2025-04-30T13:59:28.419+0100] {processor.py:208} INFO - Processing /Users/dineshsammeta/anaconda3/envs/python38/lib/python3.8/site-packages/airflow/example_dags/plugins/event_listener.py took 0.088 seconds
[2025-04-30T14:00:57.203+0100] {processor.py:186} INFO - Started process (PID=69043) to work on /Users/dineshsammeta/anaconda3/envs/python38/lib/python3.8/site-packages/airflow/example_dags/plugins/event_listener.py
[2025-04-30T14:00:57.204+0100] {processor.py:914} INFO - Processing file /Users/dineshsammeta/anaconda3/envs/python38/lib/python3.8/site-packages/airflow/example_dags/plugins/event_listener.py for tasks to queue
[2025-04-30T14:00:57.205+0100] {logging_mixin.py:190} INFO - [2025-04-30T14:00:57.205+0100] {dagbag.py:588} INFO - Filling up the DagBag from /Users/dineshsammeta/anaconda3/envs/python38/lib/python3.8/site-packages/airflow/example_dags/plugins/event_listener.py
[2025-04-30T14:00:57.205+0100] {processor.py:927} WARNING - No viable dags retrieved from /Users/dineshsammeta/anaconda3/envs/python38/lib/python3.8/site-packages/airflow/example_dags/plugins/event_listener.py
[2025-04-30T14:00:57.290+0100] {processor.py:208} INFO - Processing /Users/dineshsammeta/anaconda3/envs/python38/lib/python3.8/site-packages/airflow/example_dags/plugins/event_listener.py took 0.089 seconds
[2025-04-30T14:02:27.154+0100] {processor.py:186} INFO - Started process (PID=69206) to work on /Users/dineshsammeta/anaconda3/envs/python38/lib/python3.8/site-packages/airflow/example_dags/plugins/event_listener.py
[2025-04-30T14:02:27.155+0100] {processor.py:914} INFO - Processing file /Users/dineshsammeta/anaconda3/envs/python38/lib/python3.8/site-packages/airflow/example_dags/plugins/event_listener.py for tasks to queue
[2025-04-30T14:02:27.156+0100] {logging_mixin.py:190} INFO - [2025-04-30T14:02:27.156+0100] {dagbag.py:588} INFO - Filling up the DagBag from /Users/dineshsammeta/anaconda3/envs/python38/lib/python3.8/site-packages/airflow/example_dags/plugins/event_listener.py
[2025-04-30T14:02:27.157+0100] {processor.py:927} WARNING - No viable dags retrieved from /Users/dineshsammeta/anaconda3/envs/python38/lib/python3.8/site-packages/airflow/example_dags/plugins/event_listener.py
[2025-04-30T14:02:27.240+0100] {processor.py:208} INFO - Processing /Users/dineshsammeta/anaconda3/envs/python38/lib/python3.8/site-packages/airflow/example_dags/plugins/event_listener.py took 0.088 seconds
[2025-04-30T15:38:20.824+0100] {processor.py:186} INFO - Started process (PID=69440) to work on /Users/dineshsammeta/anaconda3/envs/python38/lib/python3.8/site-packages/airflow/example_dags/plugins/event_listener.py
[2025-04-30T15:38:20.825+0100] {processor.py:914} INFO - Processing file /Users/dineshsammeta/anaconda3/envs/python38/lib/python3.8/site-packages/airflow/example_dags/plugins/event_listener.py for tasks to queue
[2025-04-30T15:38:20.825+0100] {logging_mixin.py:190} INFO - [2025-04-30T15:38:20.825+0100] {dagbag.py:588} INFO - Filling up the DagBag from /Users/dineshsammeta/anaconda3/envs/python38/lib/python3.8/site-packages/airflow/example_dags/plugins/event_listener.py
[2025-04-30T15:38:20.826+0100] {processor.py:927} WARNING - No viable dags retrieved from /Users/dineshsammeta/anaconda3/envs/python38/lib/python3.8/site-packages/airflow/example_dags/plugins/event_listener.py
[2025-04-30T15:38:20.910+0100] {processor.py:208} INFO - Processing /Users/dineshsammeta/anaconda3/envs/python38/lib/python3.8/site-packages/airflow/example_dags/plugins/event_listener.py took 0.088 seconds
[2025-04-30T15:40:13.347+0100] {processor.py:186} INFO - Started process (PID=69659) to work on /Users/dineshsammeta/anaconda3/envs/python38/lib/python3.8/site-packages/airflow/example_dags/plugins/event_listener.py
[2025-04-30T15:40:13.348+0100] {processor.py:914} INFO - Processing file /Users/dineshsammeta/anaconda3/envs/python38/lib/python3.8/site-packages/airflow/example_dags/plugins/event_listener.py for tasks to queue
[2025-04-30T15:40:13.349+0100] {logging_mixin.py:190} INFO - [2025-04-30T15:40:13.348+0100] {dagbag.py:588} INFO - Filling up the DagBag from /Users/dineshsammeta/anaconda3/envs/python38/lib/python3.8/site-packages/airflow/example_dags/plugins/event_listener.py
[2025-04-30T15:40:13.349+0100] {processor.py:927} WARNING - No viable dags retrieved from /Users/dineshsammeta/anaconda3/envs/python38/lib/python3.8/site-packages/airflow/example_dags/plugins/event_listener.py
[2025-04-30T15:40:13.434+0100] {processor.py:208} INFO - Processing /Users/dineshsammeta/anaconda3/envs/python38/lib/python3.8/site-packages/airflow/example_dags/plugins/event_listener.py took 0.089 seconds
[2025-04-30T15:41:43.366+0100] {processor.py:186} INFO - Started process (PID=69821) to work on /Users/dineshsammeta/anaconda3/envs/python38/lib/python3.8/site-packages/airflow/example_dags/plugins/event_listener.py
[2025-04-30T15:41:43.367+0100] {processor.py:914} INFO - Processing file /Users/dineshsammeta/anaconda3/envs/python38/lib/python3.8/site-packages/airflow/example_dags/plugins/event_listener.py for tasks to queue
[2025-04-30T15:41:43.368+0100] {logging_mixin.py:190} INFO - [2025-04-30T15:41:43.368+0100] {dagbag.py:588} INFO - Filling up the DagBag from /Users/dineshsammeta/anaconda3/envs/python38/lib/python3.8/site-packages/airflow/example_dags/plugins/event_listener.py
[2025-04-30T15:41:43.369+0100] {processor.py:927} WARNING - No viable dags retrieved from /Users/dineshsammeta/anaconda3/envs/python38/lib/python3.8/site-packages/airflow/example_dags/plugins/event_listener.py
[2025-04-30T15:41:43.452+0100] {processor.py:208} INFO - Processing /Users/dineshsammeta/anaconda3/envs/python38/lib/python3.8/site-packages/airflow/example_dags/plugins/event_listener.py took 0.088 seconds
[2025-04-30T15:43:10.952+0100] {processor.py:186} INFO - Started process (PID=69971) to work on /Users/dineshsammeta/anaconda3/envs/python38/lib/python3.8/site-packages/airflow/example_dags/plugins/event_listener.py
[2025-04-30T15:43:10.953+0100] {processor.py:914} INFO - Processing file /Users/dineshsammeta/anaconda3/envs/python38/lib/python3.8/site-packages/airflow/example_dags/plugins/event_listener.py for tasks to queue
[2025-04-30T15:43:10.953+0100] {logging_mixin.py:190} INFO - [2025-04-30T15:43:10.953+0100] {dagbag.py:588} INFO - Filling up the DagBag from /Users/dineshsammeta/anaconda3/envs/python38/lib/python3.8/site-packages/airflow/example_dags/plugins/event_listener.py
[2025-04-30T15:43:10.954+0100] {processor.py:927} WARNING - No viable dags retrieved from /Users/dineshsammeta/anaconda3/envs/python38/lib/python3.8/site-packages/airflow/example_dags/plugins/event_listener.py
[2025-04-30T15:43:11.037+0100] {processor.py:208} INFO - Processing /Users/dineshsammeta/anaconda3/envs/python38/lib/python3.8/site-packages/airflow/example_dags/plugins/event_listener.py took 0.088 seconds
[2025-04-30T15:44:50.379+0100] {processor.py:186} INFO - Started process (PID=70132) to work on /Users/dineshsammeta/anaconda3/envs/python38/lib/python3.8/site-packages/airflow/example_dags/plugins/event_listener.py
[2025-04-30T15:44:50.380+0100] {processor.py:914} INFO - Processing file /Users/dineshsammeta/anaconda3/envs/python38/lib/python3.8/site-packages/airflow/example_dags/plugins/event_listener.py for tasks to queue
[2025-04-30T15:44:50.380+0100] {logging_mixin.py:190} INFO - [2025-04-30T15:44:50.380+0100] {dagbag.py:588} INFO - Filling up the DagBag from /Users/dineshsammeta/anaconda3/envs/python38/lib/python3.8/site-packages/airflow/example_dags/plugins/event_listener.py
[2025-04-30T15:44:50.381+0100] {processor.py:927} WARNING - No viable dags retrieved from /Users/dineshsammeta/anaconda3/envs/python38/lib/python3.8/site-packages/airflow/example_dags/plugins/event_listener.py
[2025-04-30T15:44:50.464+0100] {processor.py:208} INFO - Processing /Users/dineshsammeta/anaconda3/envs/python38/lib/python3.8/site-packages/airflow/example_dags/plugins/event_listener.py took 0.088 seconds
[2025-04-30T15:46:29.661+0100] {processor.py:186} INFO - Started process (PID=70299) to work on /Users/dineshsammeta/anaconda3/envs/python38/lib/python3.8/site-packages/airflow/example_dags/plugins/event_listener.py
[2025-04-30T15:46:29.662+0100] {processor.py:914} INFO - Processing file /Users/dineshsammeta/anaconda3/envs/python38/lib/python3.8/site-packages/airflow/example_dags/plugins/event_listener.py for tasks to queue
[2025-04-30T15:46:29.662+0100] {logging_mixin.py:190} INFO - [2025-04-30T15:46:29.662+0100] {dagbag.py:588} INFO - Filling up the DagBag from /Users/dineshsammeta/anaconda3/envs/python38/lib/python3.8/site-packages/airflow/example_dags/plugins/event_listener.py
[2025-04-30T15:46:29.663+0100] {processor.py:927} WARNING - No viable dags retrieved from /Users/dineshsammeta/anaconda3/envs/python38/lib/python3.8/site-packages/airflow/example_dags/plugins/event_listener.py
[2025-04-30T15:46:29.750+0100] {processor.py:208} INFO - Processing /Users/dineshsammeta/anaconda3/envs/python38/lib/python3.8/site-packages/airflow/example_dags/plugins/event_listener.py took 0.091 seconds
