[2025-04-30T13:38:59.594+0100] {processor.py:186} INFO - Started process (PID=66500) to work on /Users/dineshsammeta/anaconda3/envs/python38/lib/python3.8/site-packages/airflow/example_dags/plugins/listener_plugin.py
[2025-04-30T13:38:59.595+0100] {processor.py:914} INFO - Processing file /Users/dineshsammeta/anaconda3/envs/python38/lib/python3.8/site-packages/airflow/example_dags/plugins/listener_plugin.py for tasks to queue
[2025-04-30T13:38:59.596+0100] {logging_mixin.py:190} INFO - [2025-04-30T13:38:59.596+0100] {dagbag.py:588} INFO - Filling up the DagBag from /Users/dineshsammeta/anaconda3/envs/python38/lib/python3.8/site-packages/airflow/example_dags/plugins/listener_plugin.py
[2025-04-30T13:38:59.597+0100] {processor.py:927} WARNING - No viable dags retrieved from /Users/dineshsammeta/anaconda3/envs/python38/lib/python3.8/site-packages/airflow/example_dags/plugins/listener_plugin.py
[2025-04-30T13:38:59.694+0100] {processor.py:208} INFO - Processing /Users/dineshsammeta/anaconda3/envs/python38/lib/python3.8/site-packages/airflow/example_dags/plugins/listener_plugin.py took 0.103 seconds
[2025-04-30T13:41:06.202+0100] {processor.py:186} INFO - Started process (PID=66746) to work on /Users/dineshsammeta/anaconda3/envs/python38/lib/python3.8/site-packages/airflow/example_dags/plugins/listener_plugin.py
[2025-04-30T13:41:06.203+0100] {processor.py:914} INFO - Processing file /Users/dineshsammeta/anaconda3/envs/python38/lib/python3.8/site-packages/airflow/example_dags/plugins/listener_plugin.py for tasks to queue
[2025-04-30T13:41:06.203+0100] {logging_mixin.py:190} INFO - [2025-04-30T13:41:06.203+0100] {dagbag.py:588} INFO - Filling up the DagBag from /Users/dineshsammeta/anaconda3/envs/python38/lib/python3.8/site-packages/airflow/example_dags/plugins/listener_plugin.py
[2025-04-30T13:41:06.205+0100] {processor.py:927} WARNING - No viable dags retrieved from /Users/dineshsammeta/anaconda3/envs/python38/lib/python3.8/site-packages/airflow/example_dags/plugins/listener_plugin.py
[2025-04-30T13:41:06.289+0100] {processor.py:208} INFO - Processing /Users/dineshsammeta/anaconda3/envs/python38/lib/python3.8/site-packages/airflow/example_dags/plugins/listener_plugin.py took 0.089 seconds
[2025-04-30T13:42:34.763+0100] {processor.py:186} INFO - Started process (PID=66978) to work on /Users/dineshsammeta/anaconda3/envs/python38/lib/python3.8/site-packages/airflow/example_dags/plugins/listener_plugin.py
[2025-04-30T13:42:34.764+0100] {processor.py:914} INFO - Processing file /Users/dineshsammeta/anaconda3/envs/python38/lib/python3.8/site-packages/airflow/example_dags/plugins/listener_plugin.py for tasks to queue
[2025-04-30T13:42:34.765+0100] {logging_mixin.py:190} INFO - [2025-04-30T13:42:34.765+0100] {dagbag.py:588} INFO - Filling up the DagBag from /Users/dineshsammeta/anaconda3/envs/python38/lib/python3.8/site-packages/airflow/example_dags/plugins/listener_plugin.py
[2025-04-30T13:42:34.766+0100] {processor.py:927} WARNING - No viable dags retrieved from /Users/dineshsammeta/anaconda3/envs/python38/lib/python3.8/site-packages/airflow/example_dags/plugins/listener_plugin.py
[2025-04-30T13:42:34.849+0100] {processor.py:208} INFO - Processing /Users/dineshsammeta/anaconda3/envs/python38/lib/python3.8/site-packages/airflow/example_dags/plugins/listener_plugin.py took 0.089 seconds
[2025-04-30T13:44:03.036+0100] {processor.py:186} INFO - Started process (PID=67152) to work on /Users/dineshsammeta/anaconda3/envs/python38/lib/python3.8/site-packages/airflow/example_dags/plugins/listener_plugin.py
[2025-04-30T13:44:03.037+0100] {processor.py:914} INFO - Processing file /Users/dineshsammeta/anaconda3/envs/python38/lib/python3.8/site-packages/airflow/example_dags/plugins/listener_plugin.py for tasks to queue
[2025-04-30T13:44:03.038+0100] {logging_mixin.py:190} INFO - [2025-04-30T13:44:03.038+0100] {dagbag.py:588} INFO - Filling up the DagBag from /Users/dineshsammeta/anaconda3/envs/python38/lib/python3.8/site-packages/airflow/example_dags/plugins/listener_plugin.py
[2025-04-30T13:44:03.039+0100] {processor.py:927} WARNING - No viable dags retrieved from /Users/dineshsammeta/anaconda3/envs/python38/lib/python3.8/site-packages/airflow/example_dags/plugins/listener_plugin.py
[2025-04-30T13:44:03.122+0100] {processor.py:208} INFO - Processing /Users/dineshsammeta/anaconda3/envs/python38/lib/python3.8/site-packages/airflow/example_dags/plugins/listener_plugin.py took 0.088 seconds
[2025-04-30T13:45:32.666+0100] {processor.py:186} INFO - Started process (PID=67325) to work on /Users/dineshsammeta/anaconda3/envs/python38/lib/python3.8/site-packages/airflow/example_dags/plugins/listener_plugin.py
[2025-04-30T13:45:32.667+0100] {processor.py:914} INFO - Processing file /Users/dineshsammeta/anaconda3/envs/python38/lib/python3.8/site-packages/airflow/example_dags/plugins/listener_plugin.py for tasks to queue
[2025-04-30T13:45:32.668+0100] {logging_mixin.py:190} INFO - [2025-04-30T13:45:32.668+0100] {dagbag.py:588} INFO - Filling up the DagBag from /Users/dineshsammeta/anaconda3/envs/python38/lib/python3.8/site-packages/airflow/example_dags/plugins/listener_plugin.py
[2025-04-30T13:45:32.669+0100] {processor.py:927} WARNING - No viable dags retrieved from /Users/dineshsammeta/anaconda3/envs/python38/lib/python3.8/site-packages/airflow/example_dags/plugins/listener_plugin.py
[2025-04-30T13:45:32.753+0100] {processor.py:208} INFO - Processing /Users/dineshsammeta/anaconda3/envs/python38/lib/python3.8/site-packages/airflow/example_dags/plugins/listener_plugin.py took 0.090 seconds
[2025-04-30T13:47:01.493+0100] {processor.py:186} INFO - Started process (PID=67509) to work on /Users/dineshsammeta/anaconda3/envs/python38/lib/python3.8/site-packages/airflow/example_dags/plugins/listener_plugin.py
[2025-04-30T13:47:01.494+0100] {processor.py:914} INFO - Processing file /Users/dineshsammeta/anaconda3/envs/python38/lib/python3.8/site-packages/airflow/example_dags/plugins/listener_plugin.py for tasks to queue
[2025-04-30T13:47:01.495+0100] {logging_mixin.py:190} INFO - [2025-04-30T13:47:01.494+0100] {dagbag.py:588} INFO - Filling up the DagBag from /Users/dineshsammeta/anaconda3/envs/python38/lib/python3.8/site-packages/airflow/example_dags/plugins/listener_plugin.py
[2025-04-30T13:47:01.497+0100] {processor.py:927} WARNING - No viable dags retrieved from /Users/dineshsammeta/anaconda3/envs/python38/lib/python3.8/site-packages/airflow/example_dags/plugins/listener_plugin.py
[2025-04-30T13:47:01.580+0100] {processor.py:208} INFO - Processing /Users/dineshsammeta/anaconda3/envs/python38/lib/python3.8/site-packages/airflow/example_dags/plugins/listener_plugin.py took 0.089 seconds
[2025-04-30T13:48:31.647+0100] {processor.py:186} INFO - Started process (PID=67687) to work on /Users/dineshsammeta/anaconda3/envs/python38/lib/python3.8/site-packages/airflow/example_dags/plugins/listener_plugin.py
[2025-04-30T13:48:31.649+0100] {processor.py:914} INFO - Processing file /Users/dineshsammeta/anaconda3/envs/python38/lib/python3.8/site-packages/airflow/example_dags/plugins/listener_plugin.py for tasks to queue
[2025-04-30T13:48:31.649+0100] {logging_mixin.py:190} INFO - [2025-04-30T13:48:31.649+0100] {dagbag.py:588} INFO - Filling up the DagBag from /Users/dineshsammeta/anaconda3/envs/python38/lib/python3.8/site-packages/airflow/example_dags/plugins/listener_plugin.py
[2025-04-30T13:48:31.652+0100] {processor.py:927} WARNING - No viable dags retrieved from /Users/dineshsammeta/anaconda3/envs/python38/lib/python3.8/site-packages/airflow/example_dags/plugins/listener_plugin.py
[2025-04-30T13:48:31.735+0100] {processor.py:208} INFO - Processing /Users/dineshsammeta/anaconda3/envs/python38/lib/python3.8/site-packages/airflow/example_dags/plugins/listener_plugin.py took 0.090 seconds
[2025-04-30T13:50:04.612+0100] {processor.py:186} INFO - Started process (PID=67845) to work on /Users/dineshsammeta/anaconda3/envs/python38/lib/python3.8/site-packages/airflow/example_dags/plugins/listener_plugin.py
[2025-04-30T13:50:04.613+0100] {processor.py:914} INFO - Processing file /Users/dineshsammeta/anaconda3/envs/python38/lib/python3.8/site-packages/airflow/example_dags/plugins/listener_plugin.py for tasks to queue
[2025-04-30T13:50:04.614+0100] {logging_mixin.py:190} INFO - [2025-04-30T13:50:04.614+0100] {dagbag.py:588} INFO - Filling up the DagBag from /Users/dineshsammeta/anaconda3/envs/python38/lib/python3.8/site-packages/airflow/example_dags/plugins/listener_plugin.py
[2025-04-30T13:50:04.616+0100] {processor.py:927} WARNING - No viable dags retrieved from /Users/dineshsammeta/anaconda3/envs/python38/lib/python3.8/site-packages/airflow/example_dags/plugins/listener_plugin.py
[2025-04-30T13:50:04.700+0100] {processor.py:208} INFO - Processing /Users/dineshsammeta/anaconda3/envs/python38/lib/python3.8/site-packages/airflow/example_dags/plugins/listener_plugin.py took 0.090 seconds
[2025-04-30T13:51:39.150+0100] {processor.py:186} INFO - Started process (PID=68019) to work on /Users/dineshsammeta/anaconda3/envs/python38/lib/python3.8/site-packages/airflow/example_dags/plugins/listener_plugin.py
[2025-04-30T13:51:39.152+0100] {processor.py:914} INFO - Processing file /Users/dineshsammeta/anaconda3/envs/python38/lib/python3.8/site-packages/airflow/example_dags/plugins/listener_plugin.py for tasks to queue
[2025-04-30T13:51:39.152+0100] {logging_mixin.py:190} INFO - [2025-04-30T13:51:39.152+0100] {dagbag.py:588} INFO - Filling up the DagBag from /Users/dineshsammeta/anaconda3/envs/python38/lib/python3.8/site-packages/airflow/example_dags/plugins/listener_plugin.py
[2025-04-30T13:51:39.154+0100] {processor.py:927} WARNING - No viable dags retrieved from /Users/dineshsammeta/anaconda3/envs/python38/lib/python3.8/site-packages/airflow/example_dags/plugins/listener_plugin.py
[2025-04-30T13:51:39.237+0100] {processor.py:208} INFO - Processing /Users/dineshsammeta/anaconda3/envs/python38/lib/python3.8/site-packages/airflow/example_dags/plugins/listener_plugin.py took 0.089 seconds
[2025-04-30T13:53:15.456+0100] {processor.py:186} INFO - Started process (PID=68199) to work on /Users/dineshsammeta/anaconda3/envs/python38/lib/python3.8/site-packages/airflow/example_dags/plugins/listener_plugin.py
[2025-04-30T13:53:15.457+0100] {processor.py:914} INFO - Processing file /Users/dineshsammeta/anaconda3/envs/python38/lib/python3.8/site-packages/airflow/example_dags/plugins/listener_plugin.py for tasks to queue
[2025-04-30T13:53:15.457+0100] {logging_mixin.py:190} INFO - [2025-04-30T13:53:15.457+0100] {dagbag.py:588} INFO - Filling up the DagBag from /Users/dineshsammeta/anaconda3/envs/python38/lib/python3.8/site-packages/airflow/example_dags/plugins/listener_plugin.py
[2025-04-30T13:53:15.459+0100] {processor.py:927} WARNING - No viable dags retrieved from /Users/dineshsammeta/anaconda3/envs/python38/lib/python3.8/site-packages/airflow/example_dags/plugins/listener_plugin.py
[2025-04-30T13:53:15.543+0100] {processor.py:208} INFO - Processing /Users/dineshsammeta/anaconda3/envs/python38/lib/python3.8/site-packages/airflow/example_dags/plugins/listener_plugin.py took 0.089 seconds
[2025-04-30T13:54:55.416+0100] {processor.py:186} INFO - Started process (PID=68400) to work on /Users/dineshsammeta/anaconda3/envs/python38/lib/python3.8/site-packages/airflow/example_dags/plugins/listener_plugin.py
[2025-04-30T13:54:55.417+0100] {processor.py:914} INFO - Processing file /Users/dineshsammeta/anaconda3/envs/python38/lib/python3.8/site-packages/airflow/example_dags/plugins/listener_plugin.py for tasks to queue
[2025-04-30T13:54:55.418+0100] {logging_mixin.py:190} INFO - [2025-04-30T13:54:55.417+0100] {dagbag.py:588} INFO - Filling up the DagBag from /Users/dineshsammeta/anaconda3/envs/python38/lib/python3.8/site-packages/airflow/example_dags/plugins/listener_plugin.py
[2025-04-30T13:54:55.420+0100] {processor.py:927} WARNING - No viable dags retrieved from /Users/dineshsammeta/anaconda3/envs/python38/lib/python3.8/site-packages/airflow/example_dags/plugins/listener_plugin.py
[2025-04-30T13:54:55.502+0100] {processor.py:208} INFO - Processing /Users/dineshsammeta/anaconda3/envs/python38/lib/python3.8/site-packages/airflow/example_dags/plugins/listener_plugin.py took 0.088 seconds
[2025-04-30T13:56:25.945+0100] {processor.py:186} INFO - Started process (PID=68557) to work on /Users/dineshsammeta/anaconda3/envs/python38/lib/python3.8/site-packages/airflow/example_dags/plugins/listener_plugin.py
[2025-04-30T13:56:25.946+0100] {processor.py:914} INFO - Processing file /Users/dineshsammeta/anaconda3/envs/python38/lib/python3.8/site-packages/airflow/example_dags/plugins/listener_plugin.py for tasks to queue
[2025-04-30T13:56:25.946+0100] {logging_mixin.py:190} INFO - [2025-04-30T13:56:25.946+0100] {dagbag.py:588} INFO - Filling up the DagBag from /Users/dineshsammeta/anaconda3/envs/python38/lib/python3.8/site-packages/airflow/example_dags/plugins/listener_plugin.py
[2025-04-30T13:56:25.948+0100] {processor.py:927} WARNING - No viable dags retrieved from /Users/dineshsammeta/anaconda3/envs/python38/lib/python3.8/site-packages/airflow/example_dags/plugins/listener_plugin.py
[2025-04-30T13:56:26.032+0100] {processor.py:208} INFO - Processing /Users/dineshsammeta/anaconda3/envs/python38/lib/python3.8/site-packages/airflow/example_dags/plugins/listener_plugin.py took 0.090 seconds
[2025-04-30T13:57:57.817+0100] {processor.py:186} INFO - Started process (PID=68714) to work on /Users/dineshsammeta/anaconda3/envs/python38/lib/python3.8/site-packages/airflow/example_dags/plugins/listener_plugin.py
[2025-04-30T13:57:57.818+0100] {processor.py:914} INFO - Processing file /Users/dineshsammeta/anaconda3/envs/python38/lib/python3.8/site-packages/airflow/example_dags/plugins/listener_plugin.py for tasks to queue
[2025-04-30T13:57:57.819+0100] {logging_mixin.py:190} INFO - [2025-04-30T13:57:57.819+0100] {dagbag.py:588} INFO - Filling up the DagBag from /Users/dineshsammeta/anaconda3/envs/python38/lib/python3.8/site-packages/airflow/example_dags/plugins/listener_plugin.py
[2025-04-30T13:57:57.821+0100] {processor.py:927} WARNING - No viable dags retrieved from /Users/dineshsammeta/anaconda3/envs/python38/lib/python3.8/site-packages/airflow/example_dags/plugins/listener_plugin.py
[2025-04-30T13:57:57.903+0100] {processor.py:208} INFO - Processing /Users/dineshsammeta/anaconda3/envs/python38/lib/python3.8/site-packages/airflow/example_dags/plugins/listener_plugin.py took 0.088 seconds
[2025-04-30T13:59:25.920+0100] {processor.py:186} INFO - Started process (PID=68876) to work on /Users/dineshsammeta/anaconda3/envs/python38/lib/python3.8/site-packages/airflow/example_dags/plugins/listener_plugin.py
[2025-04-30T13:59:25.921+0100] {processor.py:914} INFO - Processing file /Users/dineshsammeta/anaconda3/envs/python38/lib/python3.8/site-packages/airflow/example_dags/plugins/listener_plugin.py for tasks to queue
[2025-04-30T13:59:25.922+0100] {logging_mixin.py:190} INFO - [2025-04-30T13:59:25.922+0100] {dagbag.py:588} INFO - Filling up the DagBag from /Users/dineshsammeta/anaconda3/envs/python38/lib/python3.8/site-packages/airflow/example_dags/plugins/listener_plugin.py
[2025-04-30T13:59:25.923+0100] {processor.py:927} WARNING - No viable dags retrieved from /Users/dineshsammeta/anaconda3/envs/python38/lib/python3.8/site-packages/airflow/example_dags/plugins/listener_plugin.py
[2025-04-30T13:59:26.007+0100] {processor.py:208} INFO - Processing /Users/dineshsammeta/anaconda3/envs/python38/lib/python3.8/site-packages/airflow/example_dags/plugins/listener_plugin.py took 0.089 seconds
[2025-04-30T14:00:54.933+0100] {processor.py:186} INFO - Started process (PID=69040) to work on /Users/dineshsammeta/anaconda3/envs/python38/lib/python3.8/site-packages/airflow/example_dags/plugins/listener_plugin.py
[2025-04-30T14:00:54.934+0100] {processor.py:914} INFO - Processing file /Users/dineshsammeta/anaconda3/envs/python38/lib/python3.8/site-packages/airflow/example_dags/plugins/listener_plugin.py for tasks to queue
[2025-04-30T14:00:54.935+0100] {logging_mixin.py:190} INFO - [2025-04-30T14:00:54.935+0100] {dagbag.py:588} INFO - Filling up the DagBag from /Users/dineshsammeta/anaconda3/envs/python38/lib/python3.8/site-packages/airflow/example_dags/plugins/listener_plugin.py
[2025-04-30T14:00:54.937+0100] {processor.py:927} WARNING - No viable dags retrieved from /Users/dineshsammeta/anaconda3/envs/python38/lib/python3.8/site-packages/airflow/example_dags/plugins/listener_plugin.py
[2025-04-30T14:00:55.021+0100] {processor.py:208} INFO - Processing /Users/dineshsammeta/anaconda3/envs/python38/lib/python3.8/site-packages/airflow/example_dags/plugins/listener_plugin.py took 0.090 seconds
[2025-04-30T14:02:24.881+0100] {processor.py:186} INFO - Started process (PID=69199) to work on /Users/dineshsammeta/anaconda3/envs/python38/lib/python3.8/site-packages/airflow/example_dags/plugins/listener_plugin.py
[2025-04-30T14:02:24.882+0100] {processor.py:914} INFO - Processing file /Users/dineshsammeta/anaconda3/envs/python38/lib/python3.8/site-packages/airflow/example_dags/plugins/listener_plugin.py for tasks to queue
[2025-04-30T14:02:24.883+0100] {logging_mixin.py:190} INFO - [2025-04-30T14:02:24.883+0100] {dagbag.py:588} INFO - Filling up the DagBag from /Users/dineshsammeta/anaconda3/envs/python38/lib/python3.8/site-packages/airflow/example_dags/plugins/listener_plugin.py
[2025-04-30T14:02:24.885+0100] {processor.py:927} WARNING - No viable dags retrieved from /Users/dineshsammeta/anaconda3/envs/python38/lib/python3.8/site-packages/airflow/example_dags/plugins/listener_plugin.py
[2025-04-30T14:02:24.968+0100] {processor.py:208} INFO - Processing /Users/dineshsammeta/anaconda3/envs/python38/lib/python3.8/site-packages/airflow/example_dags/plugins/listener_plugin.py took 0.089 seconds
[2025-04-30T15:38:18.467+0100] {processor.py:186} INFO - Started process (PID=69436) to work on /Users/dineshsammeta/anaconda3/envs/python38/lib/python3.8/site-packages/airflow/example_dags/plugins/listener_plugin.py
[2025-04-30T15:38:18.468+0100] {processor.py:914} INFO - Processing file /Users/dineshsammeta/anaconda3/envs/python38/lib/python3.8/site-packages/airflow/example_dags/plugins/listener_plugin.py for tasks to queue
[2025-04-30T15:38:18.469+0100] {logging_mixin.py:190} INFO - [2025-04-30T15:38:18.469+0100] {dagbag.py:588} INFO - Filling up the DagBag from /Users/dineshsammeta/anaconda3/envs/python38/lib/python3.8/site-packages/airflow/example_dags/plugins/listener_plugin.py
[2025-04-30T15:38:18.471+0100] {processor.py:927} WARNING - No viable dags retrieved from /Users/dineshsammeta/anaconda3/envs/python38/lib/python3.8/site-packages/airflow/example_dags/plugins/listener_plugin.py
[2025-04-30T15:38:18.553+0100] {processor.py:208} INFO - Processing /Users/dineshsammeta/anaconda3/envs/python38/lib/python3.8/site-packages/airflow/example_dags/plugins/listener_plugin.py took 0.087 seconds
[2025-04-30T15:40:11.049+0100] {processor.py:186} INFO - Started process (PID=69656) to work on /Users/dineshsammeta/anaconda3/envs/python38/lib/python3.8/site-packages/airflow/example_dags/plugins/listener_plugin.py
[2025-04-30T15:40:11.051+0100] {processor.py:914} INFO - Processing file /Users/dineshsammeta/anaconda3/envs/python38/lib/python3.8/site-packages/airflow/example_dags/plugins/listener_plugin.py for tasks to queue
[2025-04-30T15:40:11.051+0100] {logging_mixin.py:190} INFO - [2025-04-30T15:40:11.051+0100] {dagbag.py:588} INFO - Filling up the DagBag from /Users/dineshsammeta/anaconda3/envs/python38/lib/python3.8/site-packages/airflow/example_dags/plugins/listener_plugin.py
[2025-04-30T15:40:11.053+0100] {processor.py:927} WARNING - No viable dags retrieved from /Users/dineshsammeta/anaconda3/envs/python38/lib/python3.8/site-packages/airflow/example_dags/plugins/listener_plugin.py
[2025-04-30T15:40:11.136+0100] {processor.py:208} INFO - Processing /Users/dineshsammeta/anaconda3/envs/python38/lib/python3.8/site-packages/airflow/example_dags/plugins/listener_plugin.py took 0.089 seconds
[2025-04-30T15:41:41.085+0100] {processor.py:186} INFO - Started process (PID=69814) to work on /Users/dineshsammeta/anaconda3/envs/python38/lib/python3.8/site-packages/airflow/example_dags/plugins/listener_plugin.py
[2025-04-30T15:41:41.086+0100] {processor.py:914} INFO - Processing file /Users/dineshsammeta/anaconda3/envs/python38/lib/python3.8/site-packages/airflow/example_dags/plugins/listener_plugin.py for tasks to queue
[2025-04-30T15:41:41.087+0100] {logging_mixin.py:190} INFO - [2025-04-30T15:41:41.087+0100] {dagbag.py:588} INFO - Filling up the DagBag from /Users/dineshsammeta/anaconda3/envs/python38/lib/python3.8/site-packages/airflow/example_dags/plugins/listener_plugin.py
[2025-04-30T15:41:41.089+0100] {processor.py:927} WARNING - No viable dags retrieved from /Users/dineshsammeta/anaconda3/envs/python38/lib/python3.8/site-packages/airflow/example_dags/plugins/listener_plugin.py
[2025-04-30T15:41:41.181+0100] {processor.py:208} INFO - Processing /Users/dineshsammeta/anaconda3/envs/python38/lib/python3.8/site-packages/airflow/example_dags/plugins/listener_plugin.py took 0.098 seconds
[2025-04-30T15:43:09.345+0100] {processor.py:186} INFO - Started process (PID=69965) to work on /Users/dineshsammeta/anaconda3/envs/python38/lib/python3.8/site-packages/airflow/example_dags/plugins/listener_plugin.py
[2025-04-30T15:43:09.346+0100] {processor.py:914} INFO - Processing file /Users/dineshsammeta/anaconda3/envs/python38/lib/python3.8/site-packages/airflow/example_dags/plugins/listener_plugin.py for tasks to queue
[2025-04-30T15:43:09.346+0100] {logging_mixin.py:190} INFO - [2025-04-30T15:43:09.346+0100] {dagbag.py:588} INFO - Filling up the DagBag from /Users/dineshsammeta/anaconda3/envs/python38/lib/python3.8/site-packages/airflow/example_dags/plugins/listener_plugin.py
[2025-04-30T15:43:09.347+0100] {processor.py:927} WARNING - No viable dags retrieved from /Users/dineshsammeta/anaconda3/envs/python38/lib/python3.8/site-packages/airflow/example_dags/plugins/listener_plugin.py
[2025-04-30T15:43:09.440+0100] {processor.py:208} INFO - Processing /Users/dineshsammeta/anaconda3/envs/python38/lib/python3.8/site-packages/airflow/example_dags/plugins/listener_plugin.py took 0.097 seconds
[2025-04-30T15:44:49.109+0100] {processor.py:186} INFO - Started process (PID=70129) to work on /Users/dineshsammeta/anaconda3/envs/python38/lib/python3.8/site-packages/airflow/example_dags/plugins/listener_plugin.py
[2025-04-30T15:44:49.110+0100] {processor.py:914} INFO - Processing file /Users/dineshsammeta/anaconda3/envs/python38/lib/python3.8/site-packages/airflow/example_dags/plugins/listener_plugin.py for tasks to queue
[2025-04-30T15:44:49.111+0100] {logging_mixin.py:190} INFO - [2025-04-30T15:44:49.111+0100] {dagbag.py:588} INFO - Filling up the DagBag from /Users/dineshsammeta/anaconda3/envs/python38/lib/python3.8/site-packages/airflow/example_dags/plugins/listener_plugin.py
[2025-04-30T15:44:49.113+0100] {processor.py:927} WARNING - No viable dags retrieved from /Users/dineshsammeta/anaconda3/envs/python38/lib/python3.8/site-packages/airflow/example_dags/plugins/listener_plugin.py
[2025-04-30T15:44:49.198+0100] {processor.py:208} INFO - Processing /Users/dineshsammeta/anaconda3/envs/python38/lib/python3.8/site-packages/airflow/example_dags/plugins/listener_plugin.py took 0.091 seconds
[2025-04-30T15:46:27.350+0100] {processor.py:186} INFO - Started process (PID=70296) to work on /Users/dineshsammeta/anaconda3/envs/python38/lib/python3.8/site-packages/airflow/example_dags/plugins/listener_plugin.py
[2025-04-30T15:46:27.350+0100] {processor.py:914} INFO - Processing file /Users/dineshsammeta/anaconda3/envs/python38/lib/python3.8/site-packages/airflow/example_dags/plugins/listener_plugin.py for tasks to queue
[2025-04-30T15:46:27.351+0100] {logging_mixin.py:190} INFO - [2025-04-30T15:46:27.351+0100] {dagbag.py:588} INFO - Filling up the DagBag from /Users/dineshsammeta/anaconda3/envs/python38/lib/python3.8/site-packages/airflow/example_dags/plugins/listener_plugin.py
[2025-04-30T15:46:27.353+0100] {processor.py:927} WARNING - No viable dags retrieved from /Users/dineshsammeta/anaconda3/envs/python38/lib/python3.8/site-packages/airflow/example_dags/plugins/listener_plugin.py
[2025-04-30T15:46:27.439+0100] {processor.py:208} INFO - Processing /Users/dineshsammeta/anaconda3/envs/python38/lib/python3.8/site-packages/airflow/example_dags/plugins/listener_plugin.py took 0.091 seconds
