[2025-04-30T13:38:57.992+0100] {processor.py:186} INFO - Started process (PID=66496) to work on /Users/dineshsammeta/anaconda3/envs/python38/lib/python3.8/site-packages/airflow/example_dags/plugins/workday.py
[2025-04-30T13:38:57.992+0100] {processor.py:914} INFO - Processing file /Users/dineshsammeta/anaconda3/envs/python38/lib/python3.8/site-packages/airflow/example_dags/plugins/workday.py for tasks to queue
[2025-04-30T13:38:57.993+0100] {logging_mixin.py:190} INFO - [2025-04-30T13:38:57.993+0100] {dagbag.py:588} INFO - Filling up the DagBag from /Users/dineshsammeta/anaconda3/envs/python38/lib/python3.8/site-packages/airflow/example_dags/plugins/workday.py
[2025-04-30T13:38:57.994+0100] {logging_mixin.py:190} INFO - [2025-04-30T13:38:57.994+0100] {workday.py:41} WARNING - Could not import pandas. Holidays will not be considered.
[2025-04-30T13:38:57.994+0100] {processor.py:927} WARNING - No viable dags retrieved from /Users/dineshsammeta/anaconda3/envs/python38/lib/python3.8/site-packages/airflow/example_dags/plugins/workday.py
[2025-04-30T13:38:58.077+0100] {processor.py:208} INFO - Processing /Users/dineshsammeta/anaconda3/envs/python38/lib/python3.8/site-packages/airflow/example_dags/plugins/workday.py took 0.087 seconds
[2025-04-30T13:41:03.929+0100] {processor.py:186} INFO - Started process (PID=66743) to work on /Users/dineshsammeta/anaconda3/envs/python38/lib/python3.8/site-packages/airflow/example_dags/plugins/workday.py
[2025-04-30T13:41:03.929+0100] {processor.py:914} INFO - Processing file /Users/dineshsammeta/anaconda3/envs/python38/lib/python3.8/site-packages/airflow/example_dags/plugins/workday.py for tasks to queue
[2025-04-30T13:41:03.930+0100] {logging_mixin.py:190} INFO - [2025-04-30T13:41:03.930+0100] {dagbag.py:588} INFO - Filling up the DagBag from /Users/dineshsammeta/anaconda3/envs/python38/lib/python3.8/site-packages/airflow/example_dags/plugins/workday.py
[2025-04-30T13:41:03.931+0100] {logging_mixin.py:190} INFO - [2025-04-30T13:41:03.931+0100] {workday.py:41} WARNING - Could not import pandas. Holidays will not be considered.
[2025-04-30T13:41:03.932+0100] {processor.py:927} WARNING - No viable dags retrieved from /Users/dineshsammeta/anaconda3/envs/python38/lib/python3.8/site-packages/airflow/example_dags/plugins/workday.py
[2025-04-30T13:41:04.017+0100] {processor.py:208} INFO - Processing /Users/dineshsammeta/anaconda3/envs/python38/lib/python3.8/site-packages/airflow/example_dags/plugins/workday.py took 0.091 seconds
[2025-04-30T13:42:32.497+0100] {processor.py:186} INFO - Started process (PID=66975) to work on /Users/dineshsammeta/anaconda3/envs/python38/lib/python3.8/site-packages/airflow/example_dags/plugins/workday.py
[2025-04-30T13:42:32.498+0100] {processor.py:914} INFO - Processing file /Users/dineshsammeta/anaconda3/envs/python38/lib/python3.8/site-packages/airflow/example_dags/plugins/workday.py for tasks to queue
[2025-04-30T13:42:32.499+0100] {logging_mixin.py:190} INFO - [2025-04-30T13:42:32.499+0100] {dagbag.py:588} INFO - Filling up the DagBag from /Users/dineshsammeta/anaconda3/envs/python38/lib/python3.8/site-packages/airflow/example_dags/plugins/workday.py
[2025-04-30T13:42:32.500+0100] {logging_mixin.py:190} INFO - [2025-04-30T13:42:32.500+0100] {workday.py:41} WARNING - Could not import pandas. Holidays will not be considered.
[2025-04-30T13:42:32.500+0100] {processor.py:927} WARNING - No viable dags retrieved from /Users/dineshsammeta/anaconda3/envs/python38/lib/python3.8/site-packages/airflow/example_dags/plugins/workday.py
[2025-04-30T13:42:32.584+0100] {processor.py:208} INFO - Processing /Users/dineshsammeta/anaconda3/envs/python38/lib/python3.8/site-packages/airflow/example_dags/plugins/workday.py took 0.089 seconds
[2025-04-30T13:44:00.763+0100] {processor.py:186} INFO - Started process (PID=67149) to work on /Users/dineshsammeta/anaconda3/envs/python38/lib/python3.8/site-packages/airflow/example_dags/plugins/workday.py
[2025-04-30T13:44:00.764+0100] {processor.py:914} INFO - Processing file /Users/dineshsammeta/anaconda3/envs/python38/lib/python3.8/site-packages/airflow/example_dags/plugins/workday.py for tasks to queue
[2025-04-30T13:44:00.765+0100] {logging_mixin.py:190} INFO - [2025-04-30T13:44:00.765+0100] {dagbag.py:588} INFO - Filling up the DagBag from /Users/dineshsammeta/anaconda3/envs/python38/lib/python3.8/site-packages/airflow/example_dags/plugins/workday.py
[2025-04-30T13:44:00.766+0100] {logging_mixin.py:190} INFO - [2025-04-30T13:44:00.766+0100] {workday.py:41} WARNING - Could not import pandas. Holidays will not be considered.
[2025-04-30T13:44:00.766+0100] {processor.py:927} WARNING - No viable dags retrieved from /Users/dineshsammeta/anaconda3/envs/python38/lib/python3.8/site-packages/airflow/example_dags/plugins/workday.py
[2025-04-30T13:44:00.851+0100] {processor.py:208} INFO - Processing /Users/dineshsammeta/anaconda3/envs/python38/lib/python3.8/site-packages/airflow/example_dags/plugins/workday.py took 0.090 seconds
[2025-04-30T13:45:30.388+0100] {processor.py:186} INFO - Started process (PID=67322) to work on /Users/dineshsammeta/anaconda3/envs/python38/lib/python3.8/site-packages/airflow/example_dags/plugins/workday.py
[2025-04-30T13:45:30.390+0100] {processor.py:914} INFO - Processing file /Users/dineshsammeta/anaconda3/envs/python38/lib/python3.8/site-packages/airflow/example_dags/plugins/workday.py for tasks to queue
[2025-04-30T13:45:30.390+0100] {logging_mixin.py:190} INFO - [2025-04-30T13:45:30.390+0100] {dagbag.py:588} INFO - Filling up the DagBag from /Users/dineshsammeta/anaconda3/envs/python38/lib/python3.8/site-packages/airflow/example_dags/plugins/workday.py
[2025-04-30T13:45:30.391+0100] {logging_mixin.py:190} INFO - [2025-04-30T13:45:30.391+0100] {workday.py:41} WARNING - Could not import pandas. Holidays will not be considered.
[2025-04-30T13:45:30.392+0100] {processor.py:927} WARNING - No viable dags retrieved from /Users/dineshsammeta/anaconda3/envs/python38/lib/python3.8/site-packages/airflow/example_dags/plugins/workday.py
[2025-04-30T13:45:30.476+0100] {processor.py:208} INFO - Processing /Users/dineshsammeta/anaconda3/envs/python38/lib/python3.8/site-packages/airflow/example_dags/plugins/workday.py took 0.090 seconds
[2025-04-30T13:46:59.828+0100] {processor.py:186} INFO - Started process (PID=67505) to work on /Users/dineshsammeta/anaconda3/envs/python38/lib/python3.8/site-packages/airflow/example_dags/plugins/workday.py
[2025-04-30T13:46:59.829+0100] {processor.py:914} INFO - Processing file /Users/dineshsammeta/anaconda3/envs/python38/lib/python3.8/site-packages/airflow/example_dags/plugins/workday.py for tasks to queue
[2025-04-30T13:46:59.829+0100] {logging_mixin.py:190} INFO - [2025-04-30T13:46:59.829+0100] {dagbag.py:588} INFO - Filling up the DagBag from /Users/dineshsammeta/anaconda3/envs/python38/lib/python3.8/site-packages/airflow/example_dags/plugins/workday.py
[2025-04-30T13:46:59.830+0100] {logging_mixin.py:190} INFO - [2025-04-30T13:46:59.830+0100] {workday.py:41} WARNING - Could not import pandas. Holidays will not be considered.
[2025-04-30T13:46:59.830+0100] {processor.py:927} WARNING - No viable dags retrieved from /Users/dineshsammeta/anaconda3/envs/python38/lib/python3.8/site-packages/airflow/example_dags/plugins/workday.py
[2025-04-30T13:46:59.913+0100] {processor.py:208} INFO - Processing /Users/dineshsammeta/anaconda3/envs/python38/lib/python3.8/site-packages/airflow/example_dags/plugins/workday.py took 0.087 seconds
[2025-04-30T13:48:29.969+0100] {processor.py:186} INFO - Started process (PID=67684) to work on /Users/dineshsammeta/anaconda3/envs/python38/lib/python3.8/site-packages/airflow/example_dags/plugins/workday.py
[2025-04-30T13:48:29.971+0100] {processor.py:914} INFO - Processing file /Users/dineshsammeta/anaconda3/envs/python38/lib/python3.8/site-packages/airflow/example_dags/plugins/workday.py for tasks to queue
[2025-04-30T13:48:29.971+0100] {logging_mixin.py:190} INFO - [2025-04-30T13:48:29.971+0100] {dagbag.py:588} INFO - Filling up the DagBag from /Users/dineshsammeta/anaconda3/envs/python38/lib/python3.8/site-packages/airflow/example_dags/plugins/workday.py
[2025-04-30T13:48:29.972+0100] {logging_mixin.py:190} INFO - [2025-04-30T13:48:29.972+0100] {workday.py:41} WARNING - Could not import pandas. Holidays will not be considered.
[2025-04-30T13:48:29.973+0100] {processor.py:927} WARNING - No viable dags retrieved from /Users/dineshsammeta/anaconda3/envs/python38/lib/python3.8/site-packages/airflow/example_dags/plugins/workday.py
[2025-04-30T13:48:30.056+0100] {processor.py:208} INFO - Processing /Users/dineshsammeta/anaconda3/envs/python38/lib/python3.8/site-packages/airflow/example_dags/plugins/workday.py took 0.089 seconds
[2025-04-30T13:50:03.252+0100] {processor.py:186} INFO - Started process (PID=67842) to work on /Users/dineshsammeta/anaconda3/envs/python38/lib/python3.8/site-packages/airflow/example_dags/plugins/workday.py
[2025-04-30T13:50:03.252+0100] {processor.py:914} INFO - Processing file /Users/dineshsammeta/anaconda3/envs/python38/lib/python3.8/site-packages/airflow/example_dags/plugins/workday.py for tasks to queue
[2025-04-30T13:50:03.253+0100] {logging_mixin.py:190} INFO - [2025-04-30T13:50:03.253+0100] {dagbag.py:588} INFO - Filling up the DagBag from /Users/dineshsammeta/anaconda3/envs/python38/lib/python3.8/site-packages/airflow/example_dags/plugins/workday.py
[2025-04-30T13:50:03.254+0100] {logging_mixin.py:190} INFO - [2025-04-30T13:50:03.254+0100] {workday.py:41} WARNING - Could not import pandas. Holidays will not be considered.
[2025-04-30T13:50:03.254+0100] {processor.py:927} WARNING - No viable dags retrieved from /Users/dineshsammeta/anaconda3/envs/python38/lib/python3.8/site-packages/airflow/example_dags/plugins/workday.py
[2025-04-30T13:50:03.340+0100] {processor.py:208} INFO - Processing /Users/dineshsammeta/anaconda3/envs/python38/lib/python3.8/site-packages/airflow/example_dags/plugins/workday.py took 0.091 seconds
[2025-04-30T13:51:36.884+0100] {processor.py:186} INFO - Started process (PID=68016) to work on /Users/dineshsammeta/anaconda3/envs/python38/lib/python3.8/site-packages/airflow/example_dags/plugins/workday.py
[2025-04-30T13:51:36.885+0100] {processor.py:914} INFO - Processing file /Users/dineshsammeta/anaconda3/envs/python38/lib/python3.8/site-packages/airflow/example_dags/plugins/workday.py for tasks to queue
[2025-04-30T13:51:36.886+0100] {logging_mixin.py:190} INFO - [2025-04-30T13:51:36.886+0100] {dagbag.py:588} INFO - Filling up the DagBag from /Users/dineshsammeta/anaconda3/envs/python38/lib/python3.8/site-packages/airflow/example_dags/plugins/workday.py
[2025-04-30T13:51:36.887+0100] {logging_mixin.py:190} INFO - [2025-04-30T13:51:36.886+0100] {workday.py:41} WARNING - Could not import pandas. Holidays will not be considered.
[2025-04-30T13:51:36.887+0100] {processor.py:927} WARNING - No viable dags retrieved from /Users/dineshsammeta/anaconda3/envs/python38/lib/python3.8/site-packages/airflow/example_dags/plugins/workday.py
[2025-04-30T13:51:36.970+0100] {processor.py:208} INFO - Processing /Users/dineshsammeta/anaconda3/envs/python38/lib/python3.8/site-packages/airflow/example_dags/plugins/workday.py took 0.088 seconds
[2025-04-30T13:53:13.143+0100] {processor.py:186} INFO - Started process (PID=68195) to work on /Users/dineshsammeta/anaconda3/envs/python38/lib/python3.8/site-packages/airflow/example_dags/plugins/workday.py
[2025-04-30T13:53:13.144+0100] {processor.py:914} INFO - Processing file /Users/dineshsammeta/anaconda3/envs/python38/lib/python3.8/site-packages/airflow/example_dags/plugins/workday.py for tasks to queue
[2025-04-30T13:53:13.145+0100] {logging_mixin.py:190} INFO - [2025-04-30T13:53:13.144+0100] {dagbag.py:588} INFO - Filling up the DagBag from /Users/dineshsammeta/anaconda3/envs/python38/lib/python3.8/site-packages/airflow/example_dags/plugins/workday.py
[2025-04-30T13:53:13.145+0100] {logging_mixin.py:190} INFO - [2025-04-30T13:53:13.145+0100] {workday.py:41} WARNING - Could not import pandas. Holidays will not be considered.
[2025-04-30T13:53:13.146+0100] {processor.py:927} WARNING - No viable dags retrieved from /Users/dineshsammeta/anaconda3/envs/python38/lib/python3.8/site-packages/airflow/example_dags/plugins/workday.py
[2025-04-30T13:53:13.229+0100] {processor.py:208} INFO - Processing /Users/dineshsammeta/anaconda3/envs/python38/lib/python3.8/site-packages/airflow/example_dags/plugins/workday.py took 0.089 seconds
[2025-04-30T13:54:53.056+0100] {processor.py:186} INFO - Started process (PID=68397) to work on /Users/dineshsammeta/anaconda3/envs/python38/lib/python3.8/site-packages/airflow/example_dags/plugins/workday.py
[2025-04-30T13:54:53.057+0100] {processor.py:914} INFO - Processing file /Users/dineshsammeta/anaconda3/envs/python38/lib/python3.8/site-packages/airflow/example_dags/plugins/workday.py for tasks to queue
[2025-04-30T13:54:53.058+0100] {logging_mixin.py:190} INFO - [2025-04-30T13:54:53.058+0100] {dagbag.py:588} INFO - Filling up the DagBag from /Users/dineshsammeta/anaconda3/envs/python38/lib/python3.8/site-packages/airflow/example_dags/plugins/workday.py
[2025-04-30T13:54:53.059+0100] {logging_mixin.py:190} INFO - [2025-04-30T13:54:53.059+0100] {workday.py:41} WARNING - Could not import pandas. Holidays will not be considered.
[2025-04-30T13:54:53.059+0100] {processor.py:927} WARNING - No viable dags retrieved from /Users/dineshsammeta/anaconda3/envs/python38/lib/python3.8/site-packages/airflow/example_dags/plugins/workday.py
[2025-04-30T13:54:53.144+0100] {processor.py:208} INFO - Processing /Users/dineshsammeta/anaconda3/envs/python38/lib/python3.8/site-packages/airflow/example_dags/plugins/workday.py took 0.090 seconds
[2025-04-30T13:56:24.208+0100] {processor.py:186} INFO - Started process (PID=68553) to work on /Users/dineshsammeta/anaconda3/envs/python38/lib/python3.8/site-packages/airflow/example_dags/plugins/workday.py
[2025-04-30T13:56:24.209+0100] {processor.py:914} INFO - Processing file /Users/dineshsammeta/anaconda3/envs/python38/lib/python3.8/site-packages/airflow/example_dags/plugins/workday.py for tasks to queue
[2025-04-30T13:56:24.209+0100] {logging_mixin.py:190} INFO - [2025-04-30T13:56:24.209+0100] {dagbag.py:588} INFO - Filling up the DagBag from /Users/dineshsammeta/anaconda3/envs/python38/lib/python3.8/site-packages/airflow/example_dags/plugins/workday.py
[2025-04-30T13:56:24.210+0100] {logging_mixin.py:190} INFO - [2025-04-30T13:56:24.210+0100] {workday.py:41} WARNING - Could not import pandas. Holidays will not be considered.
[2025-04-30T13:56:24.211+0100] {processor.py:927} WARNING - No viable dags retrieved from /Users/dineshsammeta/anaconda3/envs/python38/lib/python3.8/site-packages/airflow/example_dags/plugins/workday.py
[2025-04-30T13:56:24.296+0100] {processor.py:208} INFO - Processing /Users/dineshsammeta/anaconda3/envs/python38/lib/python3.8/site-packages/airflow/example_dags/plugins/workday.py took 0.090 seconds
[2025-04-30T13:57:55.511+0100] {processor.py:186} INFO - Started process (PID=68707) to work on /Users/dineshsammeta/anaconda3/envs/python38/lib/python3.8/site-packages/airflow/example_dags/plugins/workday.py
[2025-04-30T13:57:55.513+0100] {processor.py:914} INFO - Processing file /Users/dineshsammeta/anaconda3/envs/python38/lib/python3.8/site-packages/airflow/example_dags/plugins/workday.py for tasks to queue
[2025-04-30T13:57:55.513+0100] {logging_mixin.py:190} INFO - [2025-04-30T13:57:55.513+0100] {dagbag.py:588} INFO - Filling up the DagBag from /Users/dineshsammeta/anaconda3/envs/python38/lib/python3.8/site-packages/airflow/example_dags/plugins/workday.py
[2025-04-30T13:57:55.515+0100] {logging_mixin.py:190} INFO - [2025-04-30T13:57:55.514+0100] {workday.py:41} WARNING - Could not import pandas. Holidays will not be considered.
[2025-04-30T13:57:55.515+0100] {processor.py:927} WARNING - No viable dags retrieved from /Users/dineshsammeta/anaconda3/envs/python38/lib/python3.8/site-packages/airflow/example_dags/plugins/workday.py
[2025-04-30T13:57:55.602+0100] {processor.py:208} INFO - Processing /Users/dineshsammeta/anaconda3/envs/python38/lib/python3.8/site-packages/airflow/example_dags/plugins/workday.py took 0.093 seconds
[2025-04-30T13:59:23.568+0100] {processor.py:186} INFO - Started process (PID=68873) to work on /Users/dineshsammeta/anaconda3/envs/python38/lib/python3.8/site-packages/airflow/example_dags/plugins/workday.py
[2025-04-30T13:59:23.569+0100] {processor.py:914} INFO - Processing file /Users/dineshsammeta/anaconda3/envs/python38/lib/python3.8/site-packages/airflow/example_dags/plugins/workday.py for tasks to queue
[2025-04-30T13:59:23.570+0100] {logging_mixin.py:190} INFO - [2025-04-30T13:59:23.570+0100] {dagbag.py:588} INFO - Filling up the DagBag from /Users/dineshsammeta/anaconda3/envs/python38/lib/python3.8/site-packages/airflow/example_dags/plugins/workday.py
[2025-04-30T13:59:23.571+0100] {logging_mixin.py:190} INFO - [2025-04-30T13:59:23.571+0100] {workday.py:41} WARNING - Could not import pandas. Holidays will not be considered.
[2025-04-30T13:59:23.571+0100] {processor.py:927} WARNING - No viable dags retrieved from /Users/dineshsammeta/anaconda3/envs/python38/lib/python3.8/site-packages/airflow/example_dags/plugins/workday.py
[2025-04-30T13:59:23.656+0100] {processor.py:208} INFO - Processing /Users/dineshsammeta/anaconda3/envs/python38/lib/python3.8/site-packages/airflow/example_dags/plugins/workday.py took 0.090 seconds
[2025-04-30T14:00:53.587+0100] {processor.py:186} INFO - Started process (PID=69035) to work on /Users/dineshsammeta/anaconda3/envs/python38/lib/python3.8/site-packages/airflow/example_dags/plugins/workday.py
[2025-04-30T14:00:53.588+0100] {processor.py:914} INFO - Processing file /Users/dineshsammeta/anaconda3/envs/python38/lib/python3.8/site-packages/airflow/example_dags/plugins/workday.py for tasks to queue
[2025-04-30T14:00:53.588+0100] {logging_mixin.py:190} INFO - [2025-04-30T14:00:53.588+0100] {dagbag.py:588} INFO - Filling up the DagBag from /Users/dineshsammeta/anaconda3/envs/python38/lib/python3.8/site-packages/airflow/example_dags/plugins/workday.py
[2025-04-30T14:00:53.589+0100] {logging_mixin.py:190} INFO - [2025-04-30T14:00:53.589+0100] {workday.py:41} WARNING - Could not import pandas. Holidays will not be considered.
[2025-04-30T14:00:53.590+0100] {processor.py:927} WARNING - No viable dags retrieved from /Users/dineshsammeta/anaconda3/envs/python38/lib/python3.8/site-packages/airflow/example_dags/plugins/workday.py
[2025-04-30T14:00:53.673+0100] {processor.py:208} INFO - Processing /Users/dineshsammeta/anaconda3/envs/python38/lib/python3.8/site-packages/airflow/example_dags/plugins/workday.py took 0.088 seconds
[2025-04-30T14:02:23.136+0100] {processor.py:186} INFO - Started process (PID=69196) to work on /Users/dineshsammeta/anaconda3/envs/python38/lib/python3.8/site-packages/airflow/example_dags/plugins/workday.py
[2025-04-30T14:02:23.137+0100] {processor.py:914} INFO - Processing file /Users/dineshsammeta/anaconda3/envs/python38/lib/python3.8/site-packages/airflow/example_dags/plugins/workday.py for tasks to queue
[2025-04-30T14:02:23.138+0100] {logging_mixin.py:190} INFO - [2025-04-30T14:02:23.138+0100] {dagbag.py:588} INFO - Filling up the DagBag from /Users/dineshsammeta/anaconda3/envs/python38/lib/python3.8/site-packages/airflow/example_dags/plugins/workday.py
[2025-04-30T14:02:23.139+0100] {logging_mixin.py:190} INFO - [2025-04-30T14:02:23.139+0100] {workday.py:41} WARNING - Could not import pandas. Holidays will not be considered.
[2025-04-30T14:02:23.139+0100] {processor.py:927} WARNING - No viable dags retrieved from /Users/dineshsammeta/anaconda3/envs/python38/lib/python3.8/site-packages/airflow/example_dags/plugins/workday.py
[2025-04-30T14:02:23.222+0100] {processor.py:208} INFO - Processing /Users/dineshsammeta/anaconda3/envs/python38/lib/python3.8/site-packages/airflow/example_dags/plugins/workday.py took 0.088 seconds
[2025-04-30T15:38:16.814+0100] {processor.py:186} INFO - Started process (PID=69433) to work on /Users/dineshsammeta/anaconda3/envs/python38/lib/python3.8/site-packages/airflow/example_dags/plugins/workday.py
[2025-04-30T15:38:16.815+0100] {processor.py:914} INFO - Processing file /Users/dineshsammeta/anaconda3/envs/python38/lib/python3.8/site-packages/airflow/example_dags/plugins/workday.py for tasks to queue
[2025-04-30T15:38:16.816+0100] {logging_mixin.py:190} INFO - [2025-04-30T15:38:16.816+0100] {dagbag.py:588} INFO - Filling up the DagBag from /Users/dineshsammeta/anaconda3/envs/python38/lib/python3.8/site-packages/airflow/example_dags/plugins/workday.py
[2025-04-30T15:38:16.817+0100] {logging_mixin.py:190} INFO - [2025-04-30T15:38:16.817+0100] {workday.py:41} WARNING - Could not import pandas. Holidays will not be considered.
[2025-04-30T15:38:16.817+0100] {processor.py:927} WARNING - No viable dags retrieved from /Users/dineshsammeta/anaconda3/envs/python38/lib/python3.8/site-packages/airflow/example_dags/plugins/workday.py
[2025-04-30T15:38:16.905+0100] {processor.py:208} INFO - Processing /Users/dineshsammeta/anaconda3/envs/python38/lib/python3.8/site-packages/airflow/example_dags/plugins/workday.py took 0.093 seconds
[2025-04-30T15:40:09.339+0100] {processor.py:186} INFO - Started process (PID=69653) to work on /Users/dineshsammeta/anaconda3/envs/python38/lib/python3.8/site-packages/airflow/example_dags/plugins/workday.py
[2025-04-30T15:40:09.341+0100] {processor.py:914} INFO - Processing file /Users/dineshsammeta/anaconda3/envs/python38/lib/python3.8/site-packages/airflow/example_dags/plugins/workday.py for tasks to queue
[2025-04-30T15:40:09.341+0100] {logging_mixin.py:190} INFO - [2025-04-30T15:40:09.341+0100] {dagbag.py:588} INFO - Filling up the DagBag from /Users/dineshsammeta/anaconda3/envs/python38/lib/python3.8/site-packages/airflow/example_dags/plugins/workday.py
[2025-04-30T15:40:09.342+0100] {logging_mixin.py:190} INFO - [2025-04-30T15:40:09.342+0100] {workday.py:41} WARNING - Could not import pandas. Holidays will not be considered.
[2025-04-30T15:40:09.343+0100] {processor.py:927} WARNING - No viable dags retrieved from /Users/dineshsammeta/anaconda3/envs/python38/lib/python3.8/site-packages/airflow/example_dags/plugins/workday.py
[2025-04-30T15:40:09.425+0100] {processor.py:208} INFO - Processing /Users/dineshsammeta/anaconda3/envs/python38/lib/python3.8/site-packages/airflow/example_dags/plugins/workday.py took 0.087 seconds
[2025-04-30T15:41:38.806+0100] {processor.py:186} INFO - Started process (PID=69807) to work on /Users/dineshsammeta/anaconda3/envs/python38/lib/python3.8/site-packages/airflow/example_dags/plugins/workday.py
[2025-04-30T15:41:38.806+0100] {processor.py:914} INFO - Processing file /Users/dineshsammeta/anaconda3/envs/python38/lib/python3.8/site-packages/airflow/example_dags/plugins/workday.py for tasks to queue
[2025-04-30T15:41:38.807+0100] {logging_mixin.py:190} INFO - [2025-04-30T15:41:38.807+0100] {dagbag.py:588} INFO - Filling up the DagBag from /Users/dineshsammeta/anaconda3/envs/python38/lib/python3.8/site-packages/airflow/example_dags/plugins/workday.py
[2025-04-30T15:41:38.808+0100] {logging_mixin.py:190} INFO - [2025-04-30T15:41:38.808+0100] {workday.py:41} WARNING - Could not import pandas. Holidays will not be considered.
[2025-04-30T15:41:38.808+0100] {processor.py:927} WARNING - No viable dags retrieved from /Users/dineshsammeta/anaconda3/envs/python38/lib/python3.8/site-packages/airflow/example_dags/plugins/workday.py
[2025-04-30T15:41:38.892+0100] {processor.py:208} INFO - Processing /Users/dineshsammeta/anaconda3/envs/python38/lib/python3.8/site-packages/airflow/example_dags/plugins/workday.py took 0.089 seconds
[2025-04-30T15:43:06.963+0100] {processor.py:186} INFO - Started process (PID=69962) to work on /Users/dineshsammeta/anaconda3/envs/python38/lib/python3.8/site-packages/airflow/example_dags/plugins/workday.py
[2025-04-30T15:43:06.964+0100] {processor.py:914} INFO - Processing file /Users/dineshsammeta/anaconda3/envs/python38/lib/python3.8/site-packages/airflow/example_dags/plugins/workday.py for tasks to queue
[2025-04-30T15:43:06.965+0100] {logging_mixin.py:190} INFO - [2025-04-30T15:43:06.965+0100] {dagbag.py:588} INFO - Filling up the DagBag from /Users/dineshsammeta/anaconda3/envs/python38/lib/python3.8/site-packages/airflow/example_dags/plugins/workday.py
[2025-04-30T15:43:06.966+0100] {logging_mixin.py:190} INFO - [2025-04-30T15:43:06.966+0100] {workday.py:41} WARNING - Could not import pandas. Holidays will not be considered.
[2025-04-30T15:43:06.966+0100] {processor.py:927} WARNING - No viable dags retrieved from /Users/dineshsammeta/anaconda3/envs/python38/lib/python3.8/site-packages/airflow/example_dags/plugins/workday.py
[2025-04-30T15:43:07.053+0100] {processor.py:208} INFO - Processing /Users/dineshsammeta/anaconda3/envs/python38/lib/python3.8/site-packages/airflow/example_dags/plugins/workday.py took 0.092 seconds
[2025-04-30T15:44:46.791+0100] {processor.py:186} INFO - Started process (PID=70126) to work on /Users/dineshsammeta/anaconda3/envs/python38/lib/python3.8/site-packages/airflow/example_dags/plugins/workday.py
[2025-04-30T15:44:46.792+0100] {processor.py:914} INFO - Processing file /Users/dineshsammeta/anaconda3/envs/python38/lib/python3.8/site-packages/airflow/example_dags/plugins/workday.py for tasks to queue
[2025-04-30T15:44:46.792+0100] {logging_mixin.py:190} INFO - [2025-04-30T15:44:46.792+0100] {dagbag.py:588} INFO - Filling up the DagBag from /Users/dineshsammeta/anaconda3/envs/python38/lib/python3.8/site-packages/airflow/example_dags/plugins/workday.py
[2025-04-30T15:44:46.793+0100] {logging_mixin.py:190} INFO - [2025-04-30T15:44:46.793+0100] {workday.py:41} WARNING - Could not import pandas. Holidays will not be considered.
[2025-04-30T15:44:46.793+0100] {processor.py:927} WARNING - No viable dags retrieved from /Users/dineshsammeta/anaconda3/envs/python38/lib/python3.8/site-packages/airflow/example_dags/plugins/workday.py
[2025-04-30T15:44:46.878+0100] {processor.py:208} INFO - Processing /Users/dineshsammeta/anaconda3/envs/python38/lib/python3.8/site-packages/airflow/example_dags/plugins/workday.py took 0.089 seconds
[2025-04-30T15:46:25.735+0100] {processor.py:186} INFO - Started process (PID=70293) to work on /Users/dineshsammeta/anaconda3/envs/python38/lib/python3.8/site-packages/airflow/example_dags/plugins/workday.py
[2025-04-30T15:46:25.736+0100] {processor.py:914} INFO - Processing file /Users/dineshsammeta/anaconda3/envs/python38/lib/python3.8/site-packages/airflow/example_dags/plugins/workday.py for tasks to queue
[2025-04-30T15:46:25.737+0100] {logging_mixin.py:190} INFO - [2025-04-30T15:46:25.737+0100] {dagbag.py:588} INFO - Filling up the DagBag from /Users/dineshsammeta/anaconda3/envs/python38/lib/python3.8/site-packages/airflow/example_dags/plugins/workday.py
[2025-04-30T15:46:25.738+0100] {logging_mixin.py:190} INFO - [2025-04-30T15:46:25.738+0100] {workday.py:41} WARNING - Could not import pandas. Holidays will not be considered.
[2025-04-30T15:46:25.738+0100] {processor.py:927} WARNING - No viable dags retrieved from /Users/dineshsammeta/anaconda3/envs/python38/lib/python3.8/site-packages/airflow/example_dags/plugins/workday.py
[2025-04-30T15:46:25.833+0100] {processor.py:208} INFO - Processing /Users/dineshsammeta/anaconda3/envs/python38/lib/python3.8/site-packages/airflow/example_dags/plugins/workday.py took 0.100 seconds
