[2025-04-29T23:32:41.914+0100] {processor.py:186} INFO - Started process (PID=64088) to work on /Users/dineshsammeta/anaconda3/envs/python38/lib/python3.8/site-packages/airflow/example_dags/plugins/event_listener.py
[2025-04-29T23:32:41.915+0100] {processor.py:914} INFO - Processing file /Users/dineshsammeta/anaconda3/envs/python38/lib/python3.8/site-packages/airflow/example_dags/plugins/event_listener.py for tasks to queue
[2025-04-29T23:32:41.916+0100] {logging_mixin.py:190} INFO - [2025-04-29T23:32:41.916+0100] {dagbag.py:588} INFO - Filling up the DagBag from /Users/dineshsammeta/anaconda3/envs/python38/lib/python3.8/site-packages/airflow/example_dags/plugins/event_listener.py
[2025-04-29T23:32:41.916+0100] {processor.py:927} WARNING - No viable dags retrieved from /Users/dineshsammeta/anaconda3/envs/python38/lib/python3.8/site-packages/airflow/example_dags/plugins/event_listener.py
[2025-04-29T23:32:42.001+0100] {processor.py:208} INFO - Processing /Users/dineshsammeta/anaconda3/envs/python38/lib/python3.8/site-packages/airflow/example_dags/plugins/event_listener.py took 0.089 seconds
[2025-04-29T23:34:50.058+0100] {processor.py:186} INFO - Started process (PID=64318) to work on /Users/dineshsammeta/anaconda3/envs/python38/lib/python3.8/site-packages/airflow/example_dags/plugins/event_listener.py
[2025-04-29T23:34:50.059+0100] {processor.py:914} INFO - Processing file /Users/dineshsammeta/anaconda3/envs/python38/lib/python3.8/site-packages/airflow/example_dags/plugins/event_listener.py for tasks to queue
[2025-04-29T23:34:50.060+0100] {logging_mixin.py:190} INFO - [2025-04-29T23:34:50.060+0100] {dagbag.py:588} INFO - Filling up the DagBag from /Users/dineshsammeta/anaconda3/envs/python38/lib/python3.8/site-packages/airflow/example_dags/plugins/event_listener.py
[2025-04-29T23:34:50.061+0100] {processor.py:927} WARNING - No viable dags retrieved from /Users/dineshsammeta/anaconda3/envs/python38/lib/python3.8/site-packages/airflow/example_dags/plugins/event_listener.py
[2025-04-29T23:34:50.155+0100] {processor.py:208} INFO - Processing /Users/dineshsammeta/anaconda3/envs/python38/lib/python3.8/site-packages/airflow/example_dags/plugins/event_listener.py took 0.099 seconds
[2025-04-29T23:35:40.565+0100] {processor.py:186} INFO - Started process (PID=64509) to work on /Users/dineshsammeta/anaconda3/envs/python38/lib/python3.8/site-packages/airflow/example_dags/plugins/event_listener.py
[2025-04-29T23:35:40.566+0100] {processor.py:914} INFO - Processing file /Users/dineshsammeta/anaconda3/envs/python38/lib/python3.8/site-packages/airflow/example_dags/plugins/event_listener.py for tasks to queue
[2025-04-29T23:35:40.566+0100] {logging_mixin.py:190} INFO - [2025-04-29T23:35:40.566+0100] {dagbag.py:588} INFO - Filling up the DagBag from /Users/dineshsammeta/anaconda3/envs/python38/lib/python3.8/site-packages/airflow/example_dags/plugins/event_listener.py
[2025-04-29T23:35:40.567+0100] {processor.py:927} WARNING - No viable dags retrieved from /Users/dineshsammeta/anaconda3/envs/python38/lib/python3.8/site-packages/airflow/example_dags/plugins/event_listener.py
[2025-04-29T23:35:40.653+0100] {processor.py:208} INFO - Processing /Users/dineshsammeta/anaconda3/envs/python38/lib/python3.8/site-packages/airflow/example_dags/plugins/event_listener.py took 0.090 seconds
[2025-04-29T23:36:27.401+0100] {processor.py:186} INFO - Started process (PID=64681) to work on /Users/dineshsammeta/anaconda3/envs/python38/lib/python3.8/site-packages/airflow/example_dags/plugins/event_listener.py
[2025-04-29T23:36:27.402+0100] {processor.py:914} INFO - Processing file /Users/dineshsammeta/anaconda3/envs/python38/lib/python3.8/site-packages/airflow/example_dags/plugins/event_listener.py for tasks to queue
[2025-04-29T23:36:27.402+0100] {logging_mixin.py:190} INFO - [2025-04-29T23:36:27.402+0100] {dagbag.py:588} INFO - Filling up the DagBag from /Users/dineshsammeta/anaconda3/envs/python38/lib/python3.8/site-packages/airflow/example_dags/plugins/event_listener.py
[2025-04-29T23:36:27.403+0100] {processor.py:927} WARNING - No viable dags retrieved from /Users/dineshsammeta/anaconda3/envs/python38/lib/python3.8/site-packages/airflow/example_dags/plugins/event_listener.py
[2025-04-29T23:36:27.486+0100] {processor.py:208} INFO - Processing /Users/dineshsammeta/anaconda3/envs/python38/lib/python3.8/site-packages/airflow/example_dags/plugins/event_listener.py took 0.088 seconds
[2025-04-29T23:37:53.903+0100] {processor.py:186} INFO - Started process (PID=65016) to work on /Users/dineshsammeta/anaconda3/envs/python38/lib/python3.8/site-packages/airflow/example_dags/plugins/event_listener.py
[2025-04-29T23:37:53.904+0100] {processor.py:914} INFO - Processing file /Users/dineshsammeta/anaconda3/envs/python38/lib/python3.8/site-packages/airflow/example_dags/plugins/event_listener.py for tasks to queue
[2025-04-29T23:37:53.905+0100] {logging_mixin.py:190} INFO - [2025-04-29T23:37:53.904+0100] {dagbag.py:588} INFO - Filling up the DagBag from /Users/dineshsammeta/anaconda3/envs/python38/lib/python3.8/site-packages/airflow/example_dags/plugins/event_listener.py
[2025-04-29T23:37:53.905+0100] {processor.py:927} WARNING - No viable dags retrieved from /Users/dineshsammeta/anaconda3/envs/python38/lib/python3.8/site-packages/airflow/example_dags/plugins/event_listener.py
[2025-04-29T23:37:53.988+0100] {processor.py:208} INFO - Processing /Users/dineshsammeta/anaconda3/envs/python38/lib/python3.8/site-packages/airflow/example_dags/plugins/event_listener.py took 0.088 seconds
