[2025-04-29T23:32:39.323+0100] {processor.py:186} INFO - Started process (PID=64085) to work on /Users/dineshsammeta/anaconda3/envs/python38/lib/python3.8/site-packages/airflow/example_dags/plugins/listener_plugin.py
[2025-04-29T23:32:39.324+0100] {processor.py:914} INFO - Processing file /Users/dineshsammeta/anaconda3/envs/python38/lib/python3.8/site-packages/airflow/example_dags/plugins/listener_plugin.py for tasks to queue
[2025-04-29T23:32:39.324+0100] {logging_mixin.py:190} INFO - [2025-04-29T23:32:39.324+0100] {dagbag.py:588} INFO - Filling up the DagBag from /Users/dineshsammeta/anaconda3/envs/python38/lib/python3.8/site-packages/airflow/example_dags/plugins/listener_plugin.py
[2025-04-29T23:32:39.325+0100] {processor.py:927} WARNING - No viable dags retrieved from /Users/dineshsammeta/anaconda3/envs/python38/lib/python3.8/site-packages/airflow/example_dags/plugins/listener_plugin.py
[2025-04-29T23:32:39.410+0100] {processor.py:208} INFO - Processing /Users/dineshsammeta/anaconda3/envs/python38/lib/python3.8/site-packages/airflow/example_dags/plugins/listener_plugin.py took 0.089 seconds
[2025-04-29T23:34:48.108+0100] {processor.py:186} INFO - Started process (PID=64314) to work on /Users/dineshsammeta/anaconda3/envs/python38/lib/python3.8/site-packages/airflow/example_dags/plugins/listener_plugin.py
[2025-04-29T23:34:48.109+0100] {processor.py:914} INFO - Processing file /Users/dineshsammeta/anaconda3/envs/python38/lib/python3.8/site-packages/airflow/example_dags/plugins/listener_plugin.py for tasks to queue
[2025-04-29T23:34:48.110+0100] {logging_mixin.py:190} INFO - [2025-04-29T23:34:48.110+0100] {dagbag.py:588} INFO - Filling up the DagBag from /Users/dineshsammeta/anaconda3/envs/python38/lib/python3.8/site-packages/airflow/example_dags/plugins/listener_plugin.py
[2025-04-29T23:34:48.112+0100] {processor.py:927} WARNING - No viable dags retrieved from /Users/dineshsammeta/anaconda3/envs/python38/lib/python3.8/site-packages/airflow/example_dags/plugins/listener_plugin.py
[2025-04-29T23:34:48.206+0100] {processor.py:208} INFO - Processing /Users/dineshsammeta/anaconda3/envs/python38/lib/python3.8/site-packages/airflow/example_dags/plugins/listener_plugin.py took 0.101 seconds
[2025-04-29T23:35:38.264+0100] {processor.py:186} INFO - Started process (PID=64500) to work on /Users/dineshsammeta/anaconda3/envs/python38/lib/python3.8/site-packages/airflow/example_dags/plugins/listener_plugin.py
[2025-04-29T23:35:38.265+0100] {processor.py:914} INFO - Processing file /Users/dineshsammeta/anaconda3/envs/python38/lib/python3.8/site-packages/airflow/example_dags/plugins/listener_plugin.py for tasks to queue
[2025-04-29T23:35:38.265+0100] {logging_mixin.py:190} INFO - [2025-04-29T23:35:38.265+0100] {dagbag.py:588} INFO - Filling up the DagBag from /Users/dineshsammeta/anaconda3/envs/python38/lib/python3.8/site-packages/airflow/example_dags/plugins/listener_plugin.py
[2025-04-29T23:35:38.267+0100] {processor.py:927} WARNING - No viable dags retrieved from /Users/dineshsammeta/anaconda3/envs/python38/lib/python3.8/site-packages/airflow/example_dags/plugins/listener_plugin.py
[2025-04-29T23:35:38.356+0100] {processor.py:208} INFO - Processing /Users/dineshsammeta/anaconda3/envs/python38/lib/python3.8/site-packages/airflow/example_dags/plugins/listener_plugin.py took 0.094 seconds
[2025-04-29T23:36:25.103+0100] {processor.py:186} INFO - Started process (PID=64674) to work on /Users/dineshsammeta/anaconda3/envs/python38/lib/python3.8/site-packages/airflow/example_dags/plugins/listener_plugin.py
[2025-04-29T23:36:25.104+0100] {processor.py:914} INFO - Processing file /Users/dineshsammeta/anaconda3/envs/python38/lib/python3.8/site-packages/airflow/example_dags/plugins/listener_plugin.py for tasks to queue
[2025-04-29T23:36:25.104+0100] {logging_mixin.py:190} INFO - [2025-04-29T23:36:25.104+0100] {dagbag.py:588} INFO - Filling up the DagBag from /Users/dineshsammeta/anaconda3/envs/python38/lib/python3.8/site-packages/airflow/example_dags/plugins/listener_plugin.py
[2025-04-29T23:36:25.106+0100] {processor.py:927} WARNING - No viable dags retrieved from /Users/dineshsammeta/anaconda3/envs/python38/lib/python3.8/site-packages/airflow/example_dags/plugins/listener_plugin.py
[2025-04-29T23:36:25.192+0100] {processor.py:208} INFO - Processing /Users/dineshsammeta/anaconda3/envs/python38/lib/python3.8/site-packages/airflow/example_dags/plugins/listener_plugin.py took 0.092 seconds
[2025-04-29T23:37:51.633+0100] {processor.py:186} INFO - Started process (PID=65013) to work on /Users/dineshsammeta/anaconda3/envs/python38/lib/python3.8/site-packages/airflow/example_dags/plugins/listener_plugin.py
[2025-04-29T23:37:51.634+0100] {processor.py:914} INFO - Processing file /Users/dineshsammeta/anaconda3/envs/python38/lib/python3.8/site-packages/airflow/example_dags/plugins/listener_plugin.py for tasks to queue
[2025-04-29T23:37:51.635+0100] {logging_mixin.py:190} INFO - [2025-04-29T23:37:51.635+0100] {dagbag.py:588} INFO - Filling up the DagBag from /Users/dineshsammeta/anaconda3/envs/python38/lib/python3.8/site-packages/airflow/example_dags/plugins/listener_plugin.py
[2025-04-29T23:37:51.637+0100] {processor.py:927} WARNING - No viable dags retrieved from /Users/dineshsammeta/anaconda3/envs/python38/lib/python3.8/site-packages/airflow/example_dags/plugins/listener_plugin.py
[2025-04-29T23:37:51.728+0100] {processor.py:208} INFO - Processing /Users/dineshsammeta/anaconda3/envs/python38/lib/python3.8/site-packages/airflow/example_dags/plugins/listener_plugin.py took 0.098 seconds
