[2025-04-29T23:32:37.780+0100] {processor.py:186} INFO - Started process (PID=64082) to work on /Users/dineshsammeta/anaconda3/envs/python38/lib/python3.8/site-packages/airflow/example_dags/plugins/workday.py
[2025-04-29T23:32:37.781+0100] {processor.py:914} INFO - Processing file /Users/dineshsammeta/anaconda3/envs/python38/lib/python3.8/site-packages/airflow/example_dags/plugins/workday.py for tasks to queue
[2025-04-29T23:32:37.781+0100] {logging_mixin.py:190} INFO - [2025-04-29T23:32:37.781+0100] {dagbag.py:588} INFO - Filling up the DagBag from /Users/dineshsammeta/anaconda3/envs/python38/lib/python3.8/site-packages/airflow/example_dags/plugins/workday.py
[2025-04-29T23:32:37.782+0100] {logging_mixin.py:190} INFO - [2025-04-29T23:32:37.782+0100] {workday.py:41} WARNING - Could not import pandas. Holidays will not be considered.
[2025-04-29T23:32:37.782+0100] {processor.py:927} WARNING - No viable dags retrieved from /Users/dineshsammeta/anaconda3/envs/python38/lib/python3.8/site-packages/airflow/example_dags/plugins/workday.py
[2025-04-29T23:32:37.866+0100] {processor.py:208} INFO - Processing /Users/dineshsammeta/anaconda3/envs/python38/lib/python3.8/site-packages/airflow/example_dags/plugins/workday.py took 0.088 seconds
[2025-04-29T23:34:45.710+0100] {processor.py:186} INFO - Started process (PID=64308) to work on /Users/dineshsammeta/anaconda3/envs/python38/lib/python3.8/site-packages/airflow/example_dags/plugins/workday.py
[2025-04-29T23:34:45.711+0100] {processor.py:914} INFO - Processing file /Users/dineshsammeta/anaconda3/envs/python38/lib/python3.8/site-packages/airflow/example_dags/plugins/workday.py for tasks to queue
[2025-04-29T23:34:45.712+0100] {logging_mixin.py:190} INFO - [2025-04-29T23:34:45.712+0100] {dagbag.py:588} INFO - Filling up the DagBag from /Users/dineshsammeta/anaconda3/envs/python38/lib/python3.8/site-packages/airflow/example_dags/plugins/workday.py
[2025-04-29T23:34:45.713+0100] {logging_mixin.py:190} INFO - [2025-04-29T23:34:45.713+0100] {workday.py:41} WARNING - Could not import pandas. Holidays will not be considered.
[2025-04-29T23:34:45.713+0100] {processor.py:927} WARNING - No viable dags retrieved from /Users/dineshsammeta/anaconda3/envs/python38/lib/python3.8/site-packages/airflow/example_dags/plugins/workday.py
[2025-04-29T23:34:45.795+0100] {processor.py:208} INFO - Processing /Users/dineshsammeta/anaconda3/envs/python38/lib/python3.8/site-packages/airflow/example_dags/plugins/workday.py took 0.087 seconds
[2025-04-29T23:35:35.856+0100] {processor.py:186} INFO - Started process (PID=64492) to work on /Users/dineshsammeta/anaconda3/envs/python38/lib/python3.8/site-packages/airflow/example_dags/plugins/workday.py
[2025-04-29T23:35:35.857+0100] {processor.py:914} INFO - Processing file /Users/dineshsammeta/anaconda3/envs/python38/lib/python3.8/site-packages/airflow/example_dags/plugins/workday.py for tasks to queue
[2025-04-29T23:35:35.858+0100] {logging_mixin.py:190} INFO - [2025-04-29T23:35:35.858+0100] {dagbag.py:588} INFO - Filling up the DagBag from /Users/dineshsammeta/anaconda3/envs/python38/lib/python3.8/site-packages/airflow/example_dags/plugins/workday.py
[2025-04-29T23:35:35.859+0100] {logging_mixin.py:190} INFO - [2025-04-29T23:35:35.859+0100] {workday.py:41} WARNING - Could not import pandas. Holidays will not be considered.
[2025-04-29T23:35:35.859+0100] {processor.py:927} WARNING - No viable dags retrieved from /Users/dineshsammeta/anaconda3/envs/python38/lib/python3.8/site-packages/airflow/example_dags/plugins/workday.py
[2025-04-29T23:35:35.948+0100] {processor.py:208} INFO - Processing /Users/dineshsammeta/anaconda3/envs/python38/lib/python3.8/site-packages/airflow/example_dags/plugins/workday.py took 0.094 seconds
[2025-04-29T23:36:22.906+0100] {processor.py:186} INFO - Started process (PID=64667) to work on /Users/dineshsammeta/anaconda3/envs/python38/lib/python3.8/site-packages/airflow/example_dags/plugins/workday.py
[2025-04-29T23:36:22.908+0100] {processor.py:914} INFO - Processing file /Users/dineshsammeta/anaconda3/envs/python38/lib/python3.8/site-packages/airflow/example_dags/plugins/workday.py for tasks to queue
[2025-04-29T23:36:22.909+0100] {logging_mixin.py:190} INFO - [2025-04-29T23:36:22.908+0100] {dagbag.py:588} INFO - Filling up the DagBag from /Users/dineshsammeta/anaconda3/envs/python38/lib/python3.8/site-packages/airflow/example_dags/plugins/workday.py
[2025-04-29T23:36:22.909+0100] {logging_mixin.py:190} INFO - [2025-04-29T23:36:22.909+0100] {workday.py:41} WARNING - Could not import pandas. Holidays will not be considered.
[2025-04-29T23:36:22.910+0100] {processor.py:927} WARNING - No viable dags retrieved from /Users/dineshsammeta/anaconda3/envs/python38/lib/python3.8/site-packages/airflow/example_dags/plugins/workday.py
[2025-04-29T23:36:22.997+0100] {processor.py:208} INFO - Processing /Users/dineshsammeta/anaconda3/envs/python38/lib/python3.8/site-packages/airflow/example_dags/plugins/workday.py took 0.093 seconds
[2025-04-29T23:37:49.990+0100] {processor.py:186} INFO - Started process (PID=65006) to work on /Users/dineshsammeta/anaconda3/envs/python38/lib/python3.8/site-packages/airflow/example_dags/plugins/workday.py
[2025-04-29T23:37:49.991+0100] {processor.py:914} INFO - Processing file /Users/dineshsammeta/anaconda3/envs/python38/lib/python3.8/site-packages/airflow/example_dags/plugins/workday.py for tasks to queue
[2025-04-29T23:37:49.991+0100] {logging_mixin.py:190} INFO - [2025-04-29T23:37:49.991+0100] {dagbag.py:588} INFO - Filling up the DagBag from /Users/dineshsammeta/anaconda3/envs/python38/lib/python3.8/site-packages/airflow/example_dags/plugins/workday.py
[2025-04-29T23:37:49.992+0100] {logging_mixin.py:190} INFO - [2025-04-29T23:37:49.992+0100] {workday.py:41} WARNING - Could not import pandas. Holidays will not be considered.
[2025-04-29T23:37:49.992+0100] {processor.py:927} WARNING - No viable dags retrieved from /Users/dineshsammeta/anaconda3/envs/python38/lib/python3.8/site-packages/airflow/example_dags/plugins/workday.py
[2025-04-29T23:37:50.078+0100] {processor.py:208} INFO - Processing /Users/dineshsammeta/anaconda3/envs/python38/lib/python3.8/site-packages/airflow/example_dags/plugins/workday.py took 0.090 seconds
