[2025-04-30T13:39:43.589+0100] {processor.py:186} INFO - Started process (PID=66598) to work on /Users/dineshsammeta/anaconda3/envs/python38/lib/python3.8/site-packages/airflow/example_dags/example_skip_dag.py
[2025-04-30T13:39:43.589+0100] {processor.py:914} INFO - Processing file /Users/dineshsammeta/anaconda3/envs/python38/lib/python3.8/site-packages/airflow/example_dags/example_skip_dag.py for tasks to queue
[2025-04-30T13:39:43.590+0100] {logging_mixin.py:190} INFO - [2025-04-30T13:39:43.590+0100] {dagbag.py:588} INFO - Filling up the DagBag from /Users/dineshsammeta/anaconda3/envs/python38/lib/python3.8/site-packages/airflow/example_dags/example_skip_dag.py
[2025-04-30T13:39:43.596+0100] {processor.py:925} INFO - DAG(s) 'example_skip_dag' retrieved from /Users/dineshsammeta/anaconda3/envs/python38/lib/python3.8/site-packages/airflow/example_dags/example_skip_dag.py
[2025-04-30T13:39:43.686+0100] {logging_mixin.py:190} INFO - [2025-04-30T13:39:43.686+0100] {dag.py:3239} INFO - Sync 1 DAGs
[2025-04-30T13:39:43.696+0100] {logging_mixin.py:190} INFO - [2025-04-30T13:39:43.696+0100] {dag.py:4180} INFO - Setting next_dagrun for example_skip_dag to 2025-04-29 00:00:00+00:00, run_after=2025-04-30 00:00:00+00:00
[2025-04-30T13:39:43.706+0100] {processor.py:208} INFO - Processing /Users/dineshsammeta/anaconda3/envs/python38/lib/python3.8/site-packages/airflow/example_dags/example_skip_dag.py took 0.119 seconds
[2025-04-30T13:41:43.893+0100] {processor.py:186} INFO - Started process (PID=66882) to work on /Users/dineshsammeta/anaconda3/envs/python38/lib/python3.8/site-packages/airflow/example_dags/example_skip_dag.py
[2025-04-30T13:41:43.894+0100] {processor.py:914} INFO - Processing file /Users/dineshsammeta/anaconda3/envs/python38/lib/python3.8/site-packages/airflow/example_dags/example_skip_dag.py for tasks to queue
[2025-04-30T13:41:43.894+0100] {logging_mixin.py:190} INFO - [2025-04-30T13:41:43.894+0100] {dagbag.py:588} INFO - Filling up the DagBag from /Users/dineshsammeta/anaconda3/envs/python38/lib/python3.8/site-packages/airflow/example_dags/example_skip_dag.py
[2025-04-30T13:41:43.900+0100] {processor.py:925} INFO - DAG(s) 'example_skip_dag' retrieved from /Users/dineshsammeta/anaconda3/envs/python38/lib/python3.8/site-packages/airflow/example_dags/example_skip_dag.py
[2025-04-30T13:41:43.993+0100] {logging_mixin.py:190} INFO - [2025-04-30T13:41:43.992+0100] {dag.py:3239} INFO - Sync 1 DAGs
[2025-04-30T13:41:44.002+0100] {logging_mixin.py:190} INFO - [2025-04-30T13:41:44.002+0100] {dag.py:4180} INFO - Setting next_dagrun for example_skip_dag to 2025-04-29 00:00:00+00:00, run_after=2025-04-30 00:00:00+00:00
[2025-04-30T13:41:44.012+0100] {processor.py:208} INFO - Processing /Users/dineshsammeta/anaconda3/envs/python38/lib/python3.8/site-packages/airflow/example_dags/example_skip_dag.py took 0.121 seconds
[2025-04-30T13:43:14.335+0100] {processor.py:186} INFO - Started process (PID=67062) to work on /Users/dineshsammeta/anaconda3/envs/python38/lib/python3.8/site-packages/airflow/example_dags/example_skip_dag.py
[2025-04-30T13:43:14.336+0100] {processor.py:914} INFO - Processing file /Users/dineshsammeta/anaconda3/envs/python38/lib/python3.8/site-packages/airflow/example_dags/example_skip_dag.py for tasks to queue
[2025-04-30T13:43:14.337+0100] {logging_mixin.py:190} INFO - [2025-04-30T13:43:14.337+0100] {dagbag.py:588} INFO - Filling up the DagBag from /Users/dineshsammeta/anaconda3/envs/python38/lib/python3.8/site-packages/airflow/example_dags/example_skip_dag.py
[2025-04-30T13:43:14.342+0100] {processor.py:925} INFO - DAG(s) 'example_skip_dag' retrieved from /Users/dineshsammeta/anaconda3/envs/python38/lib/python3.8/site-packages/airflow/example_dags/example_skip_dag.py
[2025-04-30T13:43:14.432+0100] {logging_mixin.py:190} INFO - [2025-04-30T13:43:14.431+0100] {dag.py:3239} INFO - Sync 1 DAGs
[2025-04-30T13:43:14.442+0100] {logging_mixin.py:190} INFO - [2025-04-30T13:43:14.442+0100] {dag.py:4180} INFO - Setting next_dagrun for example_skip_dag to 2025-04-29 00:00:00+00:00, run_after=2025-04-30 00:00:00+00:00
[2025-04-30T13:43:14.452+0100] {processor.py:208} INFO - Processing /Users/dineshsammeta/anaconda3/envs/python38/lib/python3.8/site-packages/airflow/example_dags/example_skip_dag.py took 0.119 seconds
[2025-04-30T13:44:45.093+0100] {processor.py:186} INFO - Started process (PID=67231) to work on /Users/dineshsammeta/anaconda3/envs/python38/lib/python3.8/site-packages/airflow/example_dags/example_skip_dag.py
[2025-04-30T13:44:45.094+0100] {processor.py:914} INFO - Processing file /Users/dineshsammeta/anaconda3/envs/python38/lib/python3.8/site-packages/airflow/example_dags/example_skip_dag.py for tasks to queue
[2025-04-30T13:44:45.095+0100] {logging_mixin.py:190} INFO - [2025-04-30T13:44:45.095+0100] {dagbag.py:588} INFO - Filling up the DagBag from /Users/dineshsammeta/anaconda3/envs/python38/lib/python3.8/site-packages/airflow/example_dags/example_skip_dag.py
[2025-04-30T13:44:45.100+0100] {processor.py:925} INFO - DAG(s) 'example_skip_dag' retrieved from /Users/dineshsammeta/anaconda3/envs/python38/lib/python3.8/site-packages/airflow/example_dags/example_skip_dag.py
[2025-04-30T13:44:45.189+0100] {logging_mixin.py:190} INFO - [2025-04-30T13:44:45.189+0100] {dag.py:3239} INFO - Sync 1 DAGs
[2025-04-30T13:44:45.200+0100] {logging_mixin.py:190} INFO - [2025-04-30T13:44:45.199+0100] {dag.py:4180} INFO - Setting next_dagrun for example_skip_dag to 2025-04-29 00:00:00+00:00, run_after=2025-04-30 00:00:00+00:00
[2025-04-30T13:44:45.209+0100] {processor.py:208} INFO - Processing /Users/dineshsammeta/anaconda3/envs/python38/lib/python3.8/site-packages/airflow/example_dags/example_skip_dag.py took 0.118 seconds
[2025-04-30T13:46:12.843+0100] {processor.py:186} INFO - Started process (PID=67397) to work on /Users/dineshsammeta/anaconda3/envs/python38/lib/python3.8/site-packages/airflow/example_dags/example_skip_dag.py
[2025-04-30T13:46:12.844+0100] {processor.py:914} INFO - Processing file /Users/dineshsammeta/anaconda3/envs/python38/lib/python3.8/site-packages/airflow/example_dags/example_skip_dag.py for tasks to queue
[2025-04-30T13:46:12.845+0100] {logging_mixin.py:190} INFO - [2025-04-30T13:46:12.844+0100] {dagbag.py:588} INFO - Filling up the DagBag from /Users/dineshsammeta/anaconda3/envs/python38/lib/python3.8/site-packages/airflow/example_dags/example_skip_dag.py
[2025-04-30T13:46:12.851+0100] {processor.py:925} INFO - DAG(s) 'example_skip_dag' retrieved from /Users/dineshsammeta/anaconda3/envs/python38/lib/python3.8/site-packages/airflow/example_dags/example_skip_dag.py
[2025-04-30T13:46:12.943+0100] {logging_mixin.py:190} INFO - [2025-04-30T13:46:12.942+0100] {dag.py:3239} INFO - Sync 1 DAGs
[2025-04-30T13:46:12.953+0100] {logging_mixin.py:190} INFO - [2025-04-30T13:46:12.952+0100] {dag.py:4180} INFO - Setting next_dagrun for example_skip_dag to 2025-04-29 00:00:00+00:00, run_after=2025-04-30 00:00:00+00:00
[2025-04-30T13:46:12.963+0100] {processor.py:208} INFO - Processing /Users/dineshsammeta/anaconda3/envs/python38/lib/python3.8/site-packages/airflow/example_dags/example_skip_dag.py took 0.123 seconds
[2025-04-30T13:47:40.883+0100] {processor.py:186} INFO - Started process (PID=67583) to work on /Users/dineshsammeta/anaconda3/envs/python38/lib/python3.8/site-packages/airflow/example_dags/example_skip_dag.py
[2025-04-30T13:47:40.884+0100] {processor.py:914} INFO - Processing file /Users/dineshsammeta/anaconda3/envs/python38/lib/python3.8/site-packages/airflow/example_dags/example_skip_dag.py for tasks to queue
[2025-04-30T13:47:40.885+0100] {logging_mixin.py:190} INFO - [2025-04-30T13:47:40.884+0100] {dagbag.py:588} INFO - Filling up the DagBag from /Users/dineshsammeta/anaconda3/envs/python38/lib/python3.8/site-packages/airflow/example_dags/example_skip_dag.py
[2025-04-30T13:47:40.890+0100] {processor.py:925} INFO - DAG(s) 'example_skip_dag' retrieved from /Users/dineshsammeta/anaconda3/envs/python38/lib/python3.8/site-packages/airflow/example_dags/example_skip_dag.py
[2025-04-30T13:47:40.978+0100] {logging_mixin.py:190} INFO - [2025-04-30T13:47:40.977+0100] {dag.py:3239} INFO - Sync 1 DAGs
[2025-04-30T13:47:40.988+0100] {logging_mixin.py:190} INFO - [2025-04-30T13:47:40.988+0100] {dag.py:4180} INFO - Setting next_dagrun for example_skip_dag to 2025-04-29 00:00:00+00:00, run_after=2025-04-30 00:00:00+00:00
[2025-04-30T13:47:40.998+0100] {processor.py:208} INFO - Processing /Users/dineshsammeta/anaconda3/envs/python38/lib/python3.8/site-packages/airflow/example_dags/example_skip_dag.py took 0.117 seconds
[2025-04-30T13:49:11.957+0100] {processor.py:186} INFO - Started process (PID=67757) to work on /Users/dineshsammeta/anaconda3/envs/python38/lib/python3.8/site-packages/airflow/example_dags/example_skip_dag.py
[2025-04-30T13:49:11.958+0100] {processor.py:914} INFO - Processing file /Users/dineshsammeta/anaconda3/envs/python38/lib/python3.8/site-packages/airflow/example_dags/example_skip_dag.py for tasks to queue
[2025-04-30T13:49:11.959+0100] {logging_mixin.py:190} INFO - [2025-04-30T13:49:11.959+0100] {dagbag.py:588} INFO - Filling up the DagBag from /Users/dineshsammeta/anaconda3/envs/python38/lib/python3.8/site-packages/airflow/example_dags/example_skip_dag.py
[2025-04-30T13:49:11.964+0100] {processor.py:925} INFO - DAG(s) 'example_skip_dag' retrieved from /Users/dineshsammeta/anaconda3/envs/python38/lib/python3.8/site-packages/airflow/example_dags/example_skip_dag.py
[2025-04-30T13:49:12.054+0100] {logging_mixin.py:190} INFO - [2025-04-30T13:49:12.054+0100] {dag.py:3239} INFO - Sync 1 DAGs
[2025-04-30T13:49:12.064+0100] {logging_mixin.py:190} INFO - [2025-04-30T13:49:12.064+0100] {dag.py:4180} INFO - Setting next_dagrun for example_skip_dag to 2025-04-29 00:00:00+00:00, run_after=2025-04-30 00:00:00+00:00
[2025-04-30T13:49:12.074+0100] {processor.py:208} INFO - Processing /Users/dineshsammeta/anaconda3/envs/python38/lib/python3.8/site-packages/airflow/example_dags/example_skip_dag.py took 0.119 seconds
[2025-04-30T13:50:48.470+0100] {processor.py:186} INFO - Started process (PID=67936) to work on /Users/dineshsammeta/anaconda3/envs/python38/lib/python3.8/site-packages/airflow/example_dags/example_skip_dag.py
[2025-04-30T13:50:48.471+0100] {processor.py:914} INFO - Processing file /Users/dineshsammeta/anaconda3/envs/python38/lib/python3.8/site-packages/airflow/example_dags/example_skip_dag.py for tasks to queue
[2025-04-30T13:50:48.471+0100] {logging_mixin.py:190} INFO - [2025-04-30T13:50:48.471+0100] {dagbag.py:588} INFO - Filling up the DagBag from /Users/dineshsammeta/anaconda3/envs/python38/lib/python3.8/site-packages/airflow/example_dags/example_skip_dag.py
[2025-04-30T13:50:48.477+0100] {processor.py:925} INFO - DAG(s) 'example_skip_dag' retrieved from /Users/dineshsammeta/anaconda3/envs/python38/lib/python3.8/site-packages/airflow/example_dags/example_skip_dag.py
[2025-04-30T13:50:48.566+0100] {logging_mixin.py:190} INFO - [2025-04-30T13:50:48.566+0100] {dag.py:3239} INFO - Sync 1 DAGs
[2025-04-30T13:50:48.576+0100] {logging_mixin.py:190} INFO - [2025-04-30T13:50:48.576+0100] {dag.py:4180} INFO - Setting next_dagrun for example_skip_dag to 2025-04-29 00:00:00+00:00, run_after=2025-04-30 00:00:00+00:00
[2025-04-30T13:50:48.586+0100] {processor.py:208} INFO - Processing /Users/dineshsammeta/anaconda3/envs/python38/lib/python3.8/site-packages/airflow/example_dags/example_skip_dag.py took 0.118 seconds
[2025-04-30T13:52:18.938+0100] {processor.py:186} INFO - Started process (PID=68085) to work on /Users/dineshsammeta/anaconda3/envs/python38/lib/python3.8/site-packages/airflow/example_dags/example_skip_dag.py
[2025-04-30T13:52:18.939+0100] {processor.py:914} INFO - Processing file /Users/dineshsammeta/anaconda3/envs/python38/lib/python3.8/site-packages/airflow/example_dags/example_skip_dag.py for tasks to queue
[2025-04-30T13:52:18.939+0100] {logging_mixin.py:190} INFO - [2025-04-30T13:52:18.939+0100] {dagbag.py:588} INFO - Filling up the DagBag from /Users/dineshsammeta/anaconda3/envs/python38/lib/python3.8/site-packages/airflow/example_dags/example_skip_dag.py
[2025-04-30T13:52:18.945+0100] {processor.py:925} INFO - DAG(s) 'example_skip_dag' retrieved from /Users/dineshsammeta/anaconda3/envs/python38/lib/python3.8/site-packages/airflow/example_dags/example_skip_dag.py
[2025-04-30T13:52:19.035+0100] {logging_mixin.py:190} INFO - [2025-04-30T13:52:19.035+0100] {dag.py:3239} INFO - Sync 1 DAGs
[2025-04-30T13:52:19.045+0100] {logging_mixin.py:190} INFO - [2025-04-30T13:52:19.045+0100] {dag.py:4180} INFO - Setting next_dagrun for example_skip_dag to 2025-04-29 00:00:00+00:00, run_after=2025-04-30 00:00:00+00:00
[2025-04-30T13:52:19.055+0100] {processor.py:208} INFO - Processing /Users/dineshsammeta/anaconda3/envs/python38/lib/python3.8/site-packages/airflow/example_dags/example_skip_dag.py took 0.119 seconds
[2025-04-30T13:53:56.612+0100] {processor.py:186} INFO - Started process (PID=68279) to work on /Users/dineshsammeta/anaconda3/envs/python38/lib/python3.8/site-packages/airflow/example_dags/example_skip_dag.py
[2025-04-30T13:53:56.612+0100] {processor.py:914} INFO - Processing file /Users/dineshsammeta/anaconda3/envs/python38/lib/python3.8/site-packages/airflow/example_dags/example_skip_dag.py for tasks to queue
[2025-04-30T13:53:56.613+0100] {logging_mixin.py:190} INFO - [2025-04-30T13:53:56.613+0100] {dagbag.py:588} INFO - Filling up the DagBag from /Users/dineshsammeta/anaconda3/envs/python38/lib/python3.8/site-packages/airflow/example_dags/example_skip_dag.py
[2025-04-30T13:53:56.619+0100] {processor.py:925} INFO - DAG(s) 'example_skip_dag' retrieved from /Users/dineshsammeta/anaconda3/envs/python38/lib/python3.8/site-packages/airflow/example_dags/example_skip_dag.py
[2025-04-30T13:53:56.708+0100] {logging_mixin.py:190} INFO - [2025-04-30T13:53:56.708+0100] {dag.py:3239} INFO - Sync 1 DAGs
[2025-04-30T13:53:56.718+0100] {logging_mixin.py:190} INFO - [2025-04-30T13:53:56.718+0100] {dag.py:4180} INFO - Setting next_dagrun for example_skip_dag to 2025-04-29 00:00:00+00:00, run_after=2025-04-30 00:00:00+00:00
[2025-04-30T13:53:56.727+0100] {processor.py:208} INFO - Processing /Users/dineshsammeta/anaconda3/envs/python38/lib/python3.8/site-packages/airflow/example_dags/example_skip_dag.py took 0.118 seconds
[2025-04-30T13:55:34.464+0100] {processor.py:186} INFO - Started process (PID=68472) to work on /Users/dineshsammeta/anaconda3/envs/python38/lib/python3.8/site-packages/airflow/example_dags/example_skip_dag.py
[2025-04-30T13:55:34.466+0100] {processor.py:914} INFO - Processing file /Users/dineshsammeta/anaconda3/envs/python38/lib/python3.8/site-packages/airflow/example_dags/example_skip_dag.py for tasks to queue
[2025-04-30T13:55:34.466+0100] {logging_mixin.py:190} INFO - [2025-04-30T13:55:34.466+0100] {dagbag.py:588} INFO - Filling up the DagBag from /Users/dineshsammeta/anaconda3/envs/python38/lib/python3.8/site-packages/airflow/example_dags/example_skip_dag.py
[2025-04-30T13:55:34.472+0100] {processor.py:925} INFO - DAG(s) 'example_skip_dag' retrieved from /Users/dineshsammeta/anaconda3/envs/python38/lib/python3.8/site-packages/airflow/example_dags/example_skip_dag.py
[2025-04-30T13:55:34.560+0100] {logging_mixin.py:190} INFO - [2025-04-30T13:55:34.560+0100] {dag.py:3239} INFO - Sync 1 DAGs
[2025-04-30T13:55:34.570+0100] {logging_mixin.py:190} INFO - [2025-04-30T13:55:34.570+0100] {dag.py:4180} INFO - Setting next_dagrun for example_skip_dag to 2025-04-29 00:00:00+00:00, run_after=2025-04-30 00:00:00+00:00
[2025-04-30T13:55:34.580+0100] {processor.py:208} INFO - Processing /Users/dineshsammeta/anaconda3/envs/python38/lib/python3.8/site-packages/airflow/example_dags/example_skip_dag.py took 0.118 seconds
[2025-04-30T13:57:07.009+0100] {processor.py:186} INFO - Started process (PID=68626) to work on /Users/dineshsammeta/anaconda3/envs/python38/lib/python3.8/site-packages/airflow/example_dags/example_skip_dag.py
[2025-04-30T13:57:07.010+0100] {processor.py:914} INFO - Processing file /Users/dineshsammeta/anaconda3/envs/python38/lib/python3.8/site-packages/airflow/example_dags/example_skip_dag.py for tasks to queue
[2025-04-30T13:57:07.011+0100] {logging_mixin.py:190} INFO - [2025-04-30T13:57:07.011+0100] {dagbag.py:588} INFO - Filling up the DagBag from /Users/dineshsammeta/anaconda3/envs/python38/lib/python3.8/site-packages/airflow/example_dags/example_skip_dag.py
[2025-04-30T13:57:07.016+0100] {processor.py:925} INFO - DAG(s) 'example_skip_dag' retrieved from /Users/dineshsammeta/anaconda3/envs/python38/lib/python3.8/site-packages/airflow/example_dags/example_skip_dag.py
[2025-04-30T13:57:07.106+0100] {logging_mixin.py:190} INFO - [2025-04-30T13:57:07.106+0100] {dag.py:3239} INFO - Sync 1 DAGs
[2025-04-30T13:57:07.116+0100] {logging_mixin.py:190} INFO - [2025-04-30T13:57:07.116+0100] {dag.py:4180} INFO - Setting next_dagrun for example_skip_dag to 2025-04-29 00:00:00+00:00, run_after=2025-04-30 00:00:00+00:00
[2025-04-30T13:57:07.126+0100] {processor.py:208} INFO - Processing /Users/dineshsammeta/anaconda3/envs/python38/lib/python3.8/site-packages/airflow/example_dags/example_skip_dag.py took 0.119 seconds
[2025-04-30T13:58:37.480+0100] {processor.py:186} INFO - Started process (PID=68783) to work on /Users/dineshsammeta/anaconda3/envs/python38/lib/python3.8/site-packages/airflow/example_dags/example_skip_dag.py
[2025-04-30T13:58:37.481+0100] {processor.py:914} INFO - Processing file /Users/dineshsammeta/anaconda3/envs/python38/lib/python3.8/site-packages/airflow/example_dags/example_skip_dag.py for tasks to queue
[2025-04-30T13:58:37.482+0100] {logging_mixin.py:190} INFO - [2025-04-30T13:58:37.482+0100] {dagbag.py:588} INFO - Filling up the DagBag from /Users/dineshsammeta/anaconda3/envs/python38/lib/python3.8/site-packages/airflow/example_dags/example_skip_dag.py
[2025-04-30T13:58:37.487+0100] {processor.py:925} INFO - DAG(s) 'example_skip_dag' retrieved from /Users/dineshsammeta/anaconda3/envs/python38/lib/python3.8/site-packages/airflow/example_dags/example_skip_dag.py
[2025-04-30T13:58:37.578+0100] {logging_mixin.py:190} INFO - [2025-04-30T13:58:37.578+0100] {dag.py:3239} INFO - Sync 1 DAGs
[2025-04-30T13:58:37.588+0100] {logging_mixin.py:190} INFO - [2025-04-30T13:58:37.588+0100] {dag.py:4180} INFO - Setting next_dagrun for example_skip_dag to 2025-04-29 00:00:00+00:00, run_after=2025-04-30 00:00:00+00:00
[2025-04-30T13:58:37.598+0100] {processor.py:208} INFO - Processing /Users/dineshsammeta/anaconda3/envs/python38/lib/python3.8/site-packages/airflow/example_dags/example_skip_dag.py took 0.120 seconds
[2025-04-30T14:00:05.671+0100] {processor.py:186} INFO - Started process (PID=68946) to work on /Users/dineshsammeta/anaconda3/envs/python38/lib/python3.8/site-packages/airflow/example_dags/example_skip_dag.py
[2025-04-30T14:00:05.672+0100] {processor.py:914} INFO - Processing file /Users/dineshsammeta/anaconda3/envs/python38/lib/python3.8/site-packages/airflow/example_dags/example_skip_dag.py for tasks to queue
[2025-04-30T14:00:05.672+0100] {logging_mixin.py:190} INFO - [2025-04-30T14:00:05.672+0100] {dagbag.py:588} INFO - Filling up the DagBag from /Users/dineshsammeta/anaconda3/envs/python38/lib/python3.8/site-packages/airflow/example_dags/example_skip_dag.py
[2025-04-30T14:00:05.678+0100] {processor.py:925} INFO - DAG(s) 'example_skip_dag' retrieved from /Users/dineshsammeta/anaconda3/envs/python38/lib/python3.8/site-packages/airflow/example_dags/example_skip_dag.py
[2025-04-30T14:00:05.769+0100] {logging_mixin.py:190} INFO - [2025-04-30T14:00:05.769+0100] {dag.py:3239} INFO - Sync 1 DAGs
[2025-04-30T14:00:05.779+0100] {logging_mixin.py:190} INFO - [2025-04-30T14:00:05.779+0100] {dag.py:4180} INFO - Setting next_dagrun for example_skip_dag to 2025-04-29 00:00:00+00:00, run_after=2025-04-30 00:00:00+00:00
[2025-04-30T14:00:05.789+0100] {processor.py:208} INFO - Processing /Users/dineshsammeta/anaconda3/envs/python38/lib/python3.8/site-packages/airflow/example_dags/example_skip_dag.py took 0.120 seconds
[2025-04-30T14:01:34.414+0100] {processor.py:186} INFO - Started process (PID=69115) to work on /Users/dineshsammeta/anaconda3/envs/python38/lib/python3.8/site-packages/airflow/example_dags/example_skip_dag.py
[2025-04-30T14:01:34.415+0100] {processor.py:914} INFO - Processing file /Users/dineshsammeta/anaconda3/envs/python38/lib/python3.8/site-packages/airflow/example_dags/example_skip_dag.py for tasks to queue
[2025-04-30T14:01:34.416+0100] {logging_mixin.py:190} INFO - [2025-04-30T14:01:34.416+0100] {dagbag.py:588} INFO - Filling up the DagBag from /Users/dineshsammeta/anaconda3/envs/python38/lib/python3.8/site-packages/airflow/example_dags/example_skip_dag.py
[2025-04-30T14:01:34.421+0100] {processor.py:925} INFO - DAG(s) 'example_skip_dag' retrieved from /Users/dineshsammeta/anaconda3/envs/python38/lib/python3.8/site-packages/airflow/example_dags/example_skip_dag.py
[2025-04-30T14:01:34.509+0100] {logging_mixin.py:190} INFO - [2025-04-30T14:01:34.509+0100] {dag.py:3239} INFO - Sync 1 DAGs
[2025-04-30T14:01:34.520+0100] {logging_mixin.py:190} INFO - [2025-04-30T14:01:34.519+0100] {dag.py:4180} INFO - Setting next_dagrun for example_skip_dag to 2025-04-29 00:00:00+00:00, run_after=2025-04-30 00:00:00+00:00
[2025-04-30T14:01:34.529+0100] {processor.py:208} INFO - Processing /Users/dineshsammeta/anaconda3/envs/python38/lib/python3.8/site-packages/airflow/example_dags/example_skip_dag.py took 0.117 seconds
[2025-04-30T14:27:33.309+0100] {processor.py:186} INFO - Started process (PID=69295) to work on /Users/dineshsammeta/anaconda3/envs/python38/lib/python3.8/site-packages/airflow/example_dags/example_skip_dag.py
[2025-04-30T14:27:33.310+0100] {processor.py:914} INFO - Processing file /Users/dineshsammeta/anaconda3/envs/python38/lib/python3.8/site-packages/airflow/example_dags/example_skip_dag.py for tasks to queue
[2025-04-30T14:27:33.311+0100] {logging_mixin.py:190} INFO - [2025-04-30T14:27:33.311+0100] {dagbag.py:588} INFO - Filling up the DagBag from /Users/dineshsammeta/anaconda3/envs/python38/lib/python3.8/site-packages/airflow/example_dags/example_skip_dag.py
[2025-04-30T14:27:33.316+0100] {processor.py:925} INFO - DAG(s) 'example_skip_dag' retrieved from /Users/dineshsammeta/anaconda3/envs/python38/lib/python3.8/site-packages/airflow/example_dags/example_skip_dag.py
[2025-04-30T14:27:33.406+0100] {logging_mixin.py:190} INFO - [2025-04-30T14:27:33.405+0100] {dag.py:3239} INFO - Sync 1 DAGs
[2025-04-30T14:27:33.416+0100] {logging_mixin.py:190} INFO - [2025-04-30T14:27:33.415+0100] {dag.py:4180} INFO - Setting next_dagrun for example_skip_dag to 2025-04-29 00:00:00+00:00, run_after=2025-04-30 00:00:00+00:00
[2025-04-30T14:27:33.426+0100] {processor.py:208} INFO - Processing /Users/dineshsammeta/anaconda3/envs/python38/lib/python3.8/site-packages/airflow/example_dags/example_skip_dag.py took 0.119 seconds
[2025-04-30T15:38:59.263+0100] {processor.py:186} INFO - Started process (PID=69515) to work on /Users/dineshsammeta/anaconda3/envs/python38/lib/python3.8/site-packages/airflow/example_dags/example_skip_dag.py
[2025-04-30T15:38:59.264+0100] {processor.py:914} INFO - Processing file /Users/dineshsammeta/anaconda3/envs/python38/lib/python3.8/site-packages/airflow/example_dags/example_skip_dag.py for tasks to queue
[2025-04-30T15:38:59.265+0100] {logging_mixin.py:190} INFO - [2025-04-30T15:38:59.265+0100] {dagbag.py:588} INFO - Filling up the DagBag from /Users/dineshsammeta/anaconda3/envs/python38/lib/python3.8/site-packages/airflow/example_dags/example_skip_dag.py
[2025-04-30T15:38:59.270+0100] {processor.py:925} INFO - DAG(s) 'example_skip_dag' retrieved from /Users/dineshsammeta/anaconda3/envs/python38/lib/python3.8/site-packages/airflow/example_dags/example_skip_dag.py
[2025-04-30T15:38:59.359+0100] {logging_mixin.py:190} INFO - [2025-04-30T15:38:59.359+0100] {dag.py:3239} INFO - Sync 1 DAGs
[2025-04-30T15:38:59.370+0100] {logging_mixin.py:190} INFO - [2025-04-30T15:38:59.370+0100] {dag.py:4180} INFO - Setting next_dagrun for example_skip_dag to 2025-04-29 00:00:00+00:00, run_after=2025-04-30 00:00:00+00:00
[2025-04-30T15:38:59.380+0100] {processor.py:208} INFO - Processing /Users/dineshsammeta/anaconda3/envs/python38/lib/python3.8/site-packages/airflow/example_dags/example_skip_dag.py took 0.119 seconds
[2025-04-30T15:40:51.062+0100] {processor.py:186} INFO - Started process (PID=69724) to work on /Users/dineshsammeta/anaconda3/envs/python38/lib/python3.8/site-packages/airflow/example_dags/example_skip_dag.py
[2025-04-30T15:40:51.063+0100] {processor.py:914} INFO - Processing file /Users/dineshsammeta/anaconda3/envs/python38/lib/python3.8/site-packages/airflow/example_dags/example_skip_dag.py for tasks to queue
[2025-04-30T15:40:51.064+0100] {logging_mixin.py:190} INFO - [2025-04-30T15:40:51.064+0100] {dagbag.py:588} INFO - Filling up the DagBag from /Users/dineshsammeta/anaconda3/envs/python38/lib/python3.8/site-packages/airflow/example_dags/example_skip_dag.py
[2025-04-30T15:40:51.069+0100] {processor.py:925} INFO - DAG(s) 'example_skip_dag' retrieved from /Users/dineshsammeta/anaconda3/envs/python38/lib/python3.8/site-packages/airflow/example_dags/example_skip_dag.py
[2025-04-30T15:40:51.159+0100] {logging_mixin.py:190} INFO - [2025-04-30T15:40:51.158+0100] {dag.py:3239} INFO - Sync 1 DAGs
[2025-04-30T15:40:51.169+0100] {logging_mixin.py:190} INFO - [2025-04-30T15:40:51.169+0100] {dag.py:4180} INFO - Setting next_dagrun for example_skip_dag to 2025-04-29 00:00:00+00:00, run_after=2025-04-30 00:00:00+00:00
[2025-04-30T15:40:51.178+0100] {processor.py:208} INFO - Processing /Users/dineshsammeta/anaconda3/envs/python38/lib/python3.8/site-packages/airflow/example_dags/example_skip_dag.py took 0.119 seconds
[2025-04-30T15:42:21.036+0100] {processor.py:186} INFO - Started process (PID=69883) to work on /Users/dineshsammeta/anaconda3/envs/python38/lib/python3.8/site-packages/airflow/example_dags/example_skip_dag.py
[2025-04-30T15:42:21.037+0100] {processor.py:914} INFO - Processing file /Users/dineshsammeta/anaconda3/envs/python38/lib/python3.8/site-packages/airflow/example_dags/example_skip_dag.py for tasks to queue
[2025-04-30T15:42:21.038+0100] {logging_mixin.py:190} INFO - [2025-04-30T15:42:21.038+0100] {dagbag.py:588} INFO - Filling up the DagBag from /Users/dineshsammeta/anaconda3/envs/python38/lib/python3.8/site-packages/airflow/example_dags/example_skip_dag.py
[2025-04-30T15:42:21.044+0100] {processor.py:925} INFO - DAG(s) 'example_skip_dag' retrieved from /Users/dineshsammeta/anaconda3/envs/python38/lib/python3.8/site-packages/airflow/example_dags/example_skip_dag.py
[2025-04-30T15:42:21.135+0100] {logging_mixin.py:190} INFO - [2025-04-30T15:42:21.135+0100] {dag.py:3239} INFO - Sync 1 DAGs
[2025-04-30T15:42:21.145+0100] {logging_mixin.py:190} INFO - [2025-04-30T15:42:21.145+0100] {dag.py:4180} INFO - Setting next_dagrun for example_skip_dag to 2025-04-29 00:00:00+00:00, run_after=2025-04-30 00:00:00+00:00
[2025-04-30T15:42:21.155+0100] {processor.py:208} INFO - Processing /Users/dineshsammeta/anaconda3/envs/python38/lib/python3.8/site-packages/airflow/example_dags/example_skip_dag.py took 0.121 seconds
[2025-04-30T15:43:50.444+0100] {processor.py:186} INFO - Started process (PID=70033) to work on /Users/dineshsammeta/anaconda3/envs/python38/lib/python3.8/site-packages/airflow/example_dags/example_skip_dag.py
[2025-04-30T15:43:50.445+0100] {processor.py:914} INFO - Processing file /Users/dineshsammeta/anaconda3/envs/python38/lib/python3.8/site-packages/airflow/example_dags/example_skip_dag.py for tasks to queue
[2025-04-30T15:43:50.446+0100] {logging_mixin.py:190} INFO - [2025-04-30T15:43:50.446+0100] {dagbag.py:588} INFO - Filling up the DagBag from /Users/dineshsammeta/anaconda3/envs/python38/lib/python3.8/site-packages/airflow/example_dags/example_skip_dag.py
[2025-04-30T15:43:50.451+0100] {processor.py:925} INFO - DAG(s) 'example_skip_dag' retrieved from /Users/dineshsammeta/anaconda3/envs/python38/lib/python3.8/site-packages/airflow/example_dags/example_skip_dag.py
[2025-04-30T15:43:50.545+0100] {logging_mixin.py:190} INFO - [2025-04-30T15:43:50.545+0100] {dag.py:3239} INFO - Sync 1 DAGs
[2025-04-30T15:43:50.556+0100] {logging_mixin.py:190} INFO - [2025-04-30T15:43:50.556+0100] {dag.py:4180} INFO - Setting next_dagrun for example_skip_dag to 2025-04-29 00:00:00+00:00, run_after=2025-04-30 00:00:00+00:00
[2025-04-30T15:43:50.567+0100] {processor.py:208} INFO - Processing /Users/dineshsammeta/anaconda3/envs/python38/lib/python3.8/site-packages/airflow/example_dags/example_skip_dag.py took 0.125 seconds
[2025-04-30T15:45:28.903+0100] {processor.py:186} INFO - Started process (PID=70195) to work on /Users/dineshsammeta/anaconda3/envs/python38/lib/python3.8/site-packages/airflow/example_dags/example_skip_dag.py
[2025-04-30T15:45:28.904+0100] {processor.py:914} INFO - Processing file /Users/dineshsammeta/anaconda3/envs/python38/lib/python3.8/site-packages/airflow/example_dags/example_skip_dag.py for tasks to queue
[2025-04-30T15:45:28.905+0100] {logging_mixin.py:190} INFO - [2025-04-30T15:45:28.905+0100] {dagbag.py:588} INFO - Filling up the DagBag from /Users/dineshsammeta/anaconda3/envs/python38/lib/python3.8/site-packages/airflow/example_dags/example_skip_dag.py
[2025-04-30T15:45:28.910+0100] {processor.py:925} INFO - DAG(s) 'example_skip_dag' retrieved from /Users/dineshsammeta/anaconda3/envs/python38/lib/python3.8/site-packages/airflow/example_dags/example_skip_dag.py
[2025-04-30T15:45:28.999+0100] {logging_mixin.py:190} INFO - [2025-04-30T15:45:28.999+0100] {dag.py:3239} INFO - Sync 1 DAGs
[2025-04-30T15:45:29.010+0100] {logging_mixin.py:190} INFO - [2025-04-30T15:45:29.009+0100] {dag.py:4180} INFO - Setting next_dagrun for example_skip_dag to 2025-04-29 00:00:00+00:00, run_after=2025-04-30 00:00:00+00:00
[2025-04-30T15:45:29.019+0100] {processor.py:208} INFO - Processing /Users/dineshsammeta/anaconda3/envs/python38/lib/python3.8/site-packages/airflow/example_dags/example_skip_dag.py took 0.118 seconds
[2025-04-30T15:47:07.671+0100] {processor.py:186} INFO - Started process (PID=70383) to work on /Users/dineshsammeta/anaconda3/envs/python38/lib/python3.8/site-packages/airflow/example_dags/example_skip_dag.py
[2025-04-30T15:47:07.672+0100] {processor.py:914} INFO - Processing file /Users/dineshsammeta/anaconda3/envs/python38/lib/python3.8/site-packages/airflow/example_dags/example_skip_dag.py for tasks to queue
[2025-04-30T15:47:07.672+0100] {logging_mixin.py:190} INFO - [2025-04-30T15:47:07.672+0100] {dagbag.py:588} INFO - Filling up the DagBag from /Users/dineshsammeta/anaconda3/envs/python38/lib/python3.8/site-packages/airflow/example_dags/example_skip_dag.py
[2025-04-30T15:47:07.678+0100] {processor.py:925} INFO - DAG(s) 'example_skip_dag' retrieved from /Users/dineshsammeta/anaconda3/envs/python38/lib/python3.8/site-packages/airflow/example_dags/example_skip_dag.py
[2025-04-30T15:47:07.768+0100] {logging_mixin.py:190} INFO - [2025-04-30T15:47:07.767+0100] {dag.py:3239} INFO - Sync 1 DAGs
[2025-04-30T15:47:07.778+0100] {logging_mixin.py:190} INFO - [2025-04-30T15:47:07.778+0100] {dag.py:4180} INFO - Setting next_dagrun for example_skip_dag to 2025-04-29 00:00:00+00:00, run_after=2025-04-30 00:00:00+00:00
[2025-04-30T15:47:07.788+0100] {processor.py:208} INFO - Processing /Users/dineshsammeta/anaconda3/envs/python38/lib/python3.8/site-packages/airflow/example_dags/example_skip_dag.py took 0.120 seconds
