[2025-04-30T13:40:51.287+0100] {processor.py:186} INFO - Started process (PID=66722) to work on /Users/dineshsammeta/anaconda3/envs/python38/lib/python3.8/site-packages/airflow/example_dags/example_branch_labels.py
[2025-04-30T13:40:51.288+0100] {processor.py:914} INFO - Processing file /Users/dineshsammeta/anaconda3/envs/python38/lib/python3.8/site-packages/airflow/example_dags/example_branch_labels.py for tasks to queue
[2025-04-30T13:40:51.288+0100] {logging_mixin.py:190} INFO - [2025-04-30T13:40:51.288+0100] {dagbag.py:588} INFO - Filling up the DagBag from /Users/dineshsammeta/anaconda3/envs/python38/lib/python3.8/site-packages/airflow/example_dags/example_branch_labels.py
[2025-04-30T13:40:51.295+0100] {processor.py:925} INFO - DAG(s) 'example_branch_labels' retrieved from /Users/dineshsammeta/anaconda3/envs/python38/lib/python3.8/site-packages/airflow/example_dags/example_branch_labels.py
[2025-04-30T13:40:51.384+0100] {logging_mixin.py:190} INFO - [2025-04-30T13:40:51.384+0100] {dag.py:3239} INFO - Sync 1 DAGs
[2025-04-30T13:40:51.395+0100] {logging_mixin.py:190} INFO - [2025-04-30T13:40:51.395+0100] {dag.py:4180} INFO - Setting next_dagrun for example_branch_labels to 2025-04-29 00:00:00+00:00, run_after=2025-04-30 00:00:00+00:00
[2025-04-30T13:40:51.405+0100] {processor.py:208} INFO - Processing /Users/dineshsammeta/anaconda3/envs/python38/lib/python3.8/site-packages/airflow/example_dags/example_branch_labels.py took 0.120 seconds
[2025-04-30T13:43:49.158+0100] {processor.py:186} INFO - Started process (PID=67127) to work on /Users/dineshsammeta/anaconda3/envs/python38/lib/python3.8/site-packages/airflow/example_dags/example_branch_labels.py
[2025-04-30T13:43:49.159+0100] {processor.py:914} INFO - Processing file /Users/dineshsammeta/anaconda3/envs/python38/lib/python3.8/site-packages/airflow/example_dags/example_branch_labels.py for tasks to queue
[2025-04-30T13:43:49.160+0100] {logging_mixin.py:190} INFO - [2025-04-30T13:43:49.160+0100] {dagbag.py:588} INFO - Filling up the DagBag from /Users/dineshsammeta/anaconda3/envs/python38/lib/python3.8/site-packages/airflow/example_dags/example_branch_labels.py
[2025-04-30T13:43:49.166+0100] {processor.py:925} INFO - DAG(s) 'example_branch_labels' retrieved from /Users/dineshsammeta/anaconda3/envs/python38/lib/python3.8/site-packages/airflow/example_dags/example_branch_labels.py
[2025-04-30T13:43:49.254+0100] {logging_mixin.py:190} INFO - [2025-04-30T13:43:49.254+0100] {dag.py:3239} INFO - Sync 1 DAGs
[2025-04-30T13:43:49.265+0100] {logging_mixin.py:190} INFO - [2025-04-30T13:43:49.265+0100] {dag.py:4180} INFO - Setting next_dagrun for example_branch_labels to 2025-04-29 00:00:00+00:00, run_after=2025-04-30 00:00:00+00:00
[2025-04-30T13:43:49.275+0100] {processor.py:208} INFO - Processing /Users/dineshsammeta/anaconda3/envs/python38/lib/python3.8/site-packages/airflow/example_dags/example_branch_labels.py took 0.118 seconds
[2025-04-30T13:46:46.238+0100] {processor.py:186} INFO - Started process (PID=67469) to work on /Users/dineshsammeta/anaconda3/envs/python38/lib/python3.8/site-packages/airflow/example_dags/example_branch_labels.py
[2025-04-30T13:46:46.239+0100] {processor.py:914} INFO - Processing file /Users/dineshsammeta/anaconda3/envs/python38/lib/python3.8/site-packages/airflow/example_dags/example_branch_labels.py for tasks to queue
[2025-04-30T13:46:46.239+0100] {logging_mixin.py:190} INFO - [2025-04-30T13:46:46.239+0100] {dagbag.py:588} INFO - Filling up the DagBag from /Users/dineshsammeta/anaconda3/envs/python38/lib/python3.8/site-packages/airflow/example_dags/example_branch_labels.py
[2025-04-30T13:46:46.246+0100] {processor.py:925} INFO - DAG(s) 'example_branch_labels' retrieved from /Users/dineshsammeta/anaconda3/envs/python38/lib/python3.8/site-packages/airflow/example_dags/example_branch_labels.py
[2025-04-30T13:46:46.336+0100] {logging_mixin.py:190} INFO - [2025-04-30T13:46:46.335+0100] {dag.py:3239} INFO - Sync 1 DAGs
[2025-04-30T13:46:46.346+0100] {logging_mixin.py:190} INFO - [2025-04-30T13:46:46.346+0100] {dag.py:4180} INFO - Setting next_dagrun for example_branch_labels to 2025-04-29 00:00:00+00:00, run_after=2025-04-30 00:00:00+00:00
[2025-04-30T13:46:46.355+0100] {processor.py:208} INFO - Processing /Users/dineshsammeta/anaconda3/envs/python38/lib/python3.8/site-packages/airflow/example_dags/example_branch_labels.py took 0.119 seconds
[2025-04-30T13:49:50.163+0100] {processor.py:186} INFO - Started process (PID=67820) to work on /Users/dineshsammeta/anaconda3/envs/python38/lib/python3.8/site-packages/airflow/example_dags/example_branch_labels.py
[2025-04-30T13:49:50.164+0100] {processor.py:914} INFO - Processing file /Users/dineshsammeta/anaconda3/envs/python38/lib/python3.8/site-packages/airflow/example_dags/example_branch_labels.py for tasks to queue
[2025-04-30T13:49:50.165+0100] {logging_mixin.py:190} INFO - [2025-04-30T13:49:50.165+0100] {dagbag.py:588} INFO - Filling up the DagBag from /Users/dineshsammeta/anaconda3/envs/python38/lib/python3.8/site-packages/airflow/example_dags/example_branch_labels.py
[2025-04-30T13:49:50.172+0100] {processor.py:925} INFO - DAG(s) 'example_branch_labels' retrieved from /Users/dineshsammeta/anaconda3/envs/python38/lib/python3.8/site-packages/airflow/example_dags/example_branch_labels.py
[2025-04-30T13:49:50.262+0100] {logging_mixin.py:190} INFO - [2025-04-30T13:49:50.261+0100] {dag.py:3239} INFO - Sync 1 DAGs
[2025-04-30T13:49:50.272+0100] {logging_mixin.py:190} INFO - [2025-04-30T13:49:50.272+0100] {dag.py:4180} INFO - Setting next_dagrun for example_branch_labels to 2025-04-29 00:00:00+00:00, run_after=2025-04-30 00:00:00+00:00
[2025-04-30T13:49:50.282+0100] {processor.py:208} INFO - Processing /Users/dineshsammeta/anaconda3/envs/python38/lib/python3.8/site-packages/airflow/example_dags/example_branch_labels.py took 0.121 seconds
[2025-04-30T13:52:55.540+0100] {processor.py:186} INFO - Started process (PID=68166) to work on /Users/dineshsammeta/anaconda3/envs/python38/lib/python3.8/site-packages/airflow/example_dags/example_branch_labels.py
[2025-04-30T13:52:55.542+0100] {processor.py:914} INFO - Processing file /Users/dineshsammeta/anaconda3/envs/python38/lib/python3.8/site-packages/airflow/example_dags/example_branch_labels.py for tasks to queue
[2025-04-30T13:52:55.542+0100] {logging_mixin.py:190} INFO - [2025-04-30T13:52:55.542+0100] {dagbag.py:588} INFO - Filling up the DagBag from /Users/dineshsammeta/anaconda3/envs/python38/lib/python3.8/site-packages/airflow/example_dags/example_branch_labels.py
[2025-04-30T13:52:55.549+0100] {processor.py:925} INFO - DAG(s) 'example_branch_labels' retrieved from /Users/dineshsammeta/anaconda3/envs/python38/lib/python3.8/site-packages/airflow/example_dags/example_branch_labels.py
[2025-04-30T13:52:55.638+0100] {logging_mixin.py:190} INFO - [2025-04-30T13:52:55.637+0100] {dag.py:3239} INFO - Sync 1 DAGs
[2025-04-30T13:52:55.648+0100] {logging_mixin.py:190} INFO - [2025-04-30T13:52:55.648+0100] {dag.py:4180} INFO - Setting next_dagrun for example_branch_labels to 2025-04-29 00:00:00+00:00, run_after=2025-04-30 00:00:00+00:00
[2025-04-30T13:52:55.658+0100] {processor.py:208} INFO - Processing /Users/dineshsammeta/anaconda3/envs/python38/lib/python3.8/site-packages/airflow/example_dags/example_branch_labels.py took 0.120 seconds
[2025-04-30T13:56:11.059+0100] {processor.py:186} INFO - Started process (PID=68530) to work on /Users/dineshsammeta/anaconda3/envs/python38/lib/python3.8/site-packages/airflow/example_dags/example_branch_labels.py
[2025-04-30T13:56:11.060+0100] {processor.py:914} INFO - Processing file /Users/dineshsammeta/anaconda3/envs/python38/lib/python3.8/site-packages/airflow/example_dags/example_branch_labels.py for tasks to queue
[2025-04-30T13:56:11.060+0100] {logging_mixin.py:190} INFO - [2025-04-30T13:56:11.060+0100] {dagbag.py:588} INFO - Filling up the DagBag from /Users/dineshsammeta/anaconda3/envs/python38/lib/python3.8/site-packages/airflow/example_dags/example_branch_labels.py
[2025-04-30T13:56:11.067+0100] {processor.py:925} INFO - DAG(s) 'example_branch_labels' retrieved from /Users/dineshsammeta/anaconda3/envs/python38/lib/python3.8/site-packages/airflow/example_dags/example_branch_labels.py
[2025-04-30T13:56:11.157+0100] {logging_mixin.py:190} INFO - [2025-04-30T13:56:11.157+0100] {dag.py:3239} INFO - Sync 1 DAGs
[2025-04-30T13:56:11.168+0100] {logging_mixin.py:190} INFO - [2025-04-30T13:56:11.168+0100] {dag.py:4180} INFO - Setting next_dagrun for example_branch_labels to 2025-04-29 00:00:00+00:00, run_after=2025-04-30 00:00:00+00:00
[2025-04-30T13:56:11.177+0100] {processor.py:208} INFO - Processing /Users/dineshsammeta/anaconda3/envs/python38/lib/python3.8/site-packages/airflow/example_dags/example_branch_labels.py took 0.120 seconds
[2025-04-30T13:59:10.898+0100] {processor.py:186} INFO - Started process (PID=68847) to work on /Users/dineshsammeta/anaconda3/envs/python38/lib/python3.8/site-packages/airflow/example_dags/example_branch_labels.py
[2025-04-30T13:59:10.900+0100] {processor.py:914} INFO - Processing file /Users/dineshsammeta/anaconda3/envs/python38/lib/python3.8/site-packages/airflow/example_dags/example_branch_labels.py for tasks to queue
[2025-04-30T13:59:10.900+0100] {logging_mixin.py:190} INFO - [2025-04-30T13:59:10.900+0100] {dagbag.py:588} INFO - Filling up the DagBag from /Users/dineshsammeta/anaconda3/envs/python38/lib/python3.8/site-packages/airflow/example_dags/example_branch_labels.py
[2025-04-30T13:59:10.907+0100] {processor.py:925} INFO - DAG(s) 'example_branch_labels' retrieved from /Users/dineshsammeta/anaconda3/envs/python38/lib/python3.8/site-packages/airflow/example_dags/example_branch_labels.py
[2025-04-30T13:59:10.995+0100] {logging_mixin.py:190} INFO - [2025-04-30T13:59:10.994+0100] {dag.py:3239} INFO - Sync 1 DAGs
[2025-04-30T13:59:11.005+0100] {logging_mixin.py:190} INFO - [2025-04-30T13:59:11.005+0100] {dag.py:4180} INFO - Setting next_dagrun for example_branch_labels to 2025-04-29 00:00:00+00:00, run_after=2025-04-30 00:00:00+00:00
[2025-04-30T13:59:11.014+0100] {processor.py:208} INFO - Processing /Users/dineshsammeta/anaconda3/envs/python38/lib/python3.8/site-packages/airflow/example_dags/example_branch_labels.py took 0.118 seconds
[2025-04-30T14:02:10.787+0100] {processor.py:186} INFO - Started process (PID=69173) to work on /Users/dineshsammeta/anaconda3/envs/python38/lib/python3.8/site-packages/airflow/example_dags/example_branch_labels.py
[2025-04-30T14:02:10.789+0100] {processor.py:914} INFO - Processing file /Users/dineshsammeta/anaconda3/envs/python38/lib/python3.8/site-packages/airflow/example_dags/example_branch_labels.py for tasks to queue
[2025-04-30T14:02:10.789+0100] {logging_mixin.py:190} INFO - [2025-04-30T14:02:10.789+0100] {dagbag.py:588} INFO - Filling up the DagBag from /Users/dineshsammeta/anaconda3/envs/python38/lib/python3.8/site-packages/airflow/example_dags/example_branch_labels.py
[2025-04-30T14:02:10.795+0100] {processor.py:925} INFO - DAG(s) 'example_branch_labels' retrieved from /Users/dineshsammeta/anaconda3/envs/python38/lib/python3.8/site-packages/airflow/example_dags/example_branch_labels.py
[2025-04-30T14:02:10.884+0100] {logging_mixin.py:190} INFO - [2025-04-30T14:02:10.883+0100] {dag.py:3239} INFO - Sync 1 DAGs
[2025-04-30T14:02:10.894+0100] {logging_mixin.py:190} INFO - [2025-04-30T14:02:10.894+0100] {dag.py:4180} INFO - Setting next_dagrun for example_branch_labels to 2025-04-29 00:00:00+00:00, run_after=2025-04-30 00:00:00+00:00
[2025-04-30T14:02:10.903+0100] {processor.py:208} INFO - Processing /Users/dineshsammeta/anaconda3/envs/python38/lib/python3.8/site-packages/airflow/example_dags/example_branch_labels.py took 0.118 seconds
[2025-04-30T15:39:55.990+0100] {processor.py:186} INFO - Started process (PID=69619) to work on /Users/dineshsammeta/anaconda3/envs/python38/lib/python3.8/site-packages/airflow/example_dags/example_branch_labels.py
[2025-04-30T15:39:55.991+0100] {processor.py:914} INFO - Processing file /Users/dineshsammeta/anaconda3/envs/python38/lib/python3.8/site-packages/airflow/example_dags/example_branch_labels.py for tasks to queue
[2025-04-30T15:39:55.992+0100] {logging_mixin.py:190} INFO - [2025-04-30T15:39:55.992+0100] {dagbag.py:588} INFO - Filling up the DagBag from /Users/dineshsammeta/anaconda3/envs/python38/lib/python3.8/site-packages/airflow/example_dags/example_branch_labels.py
[2025-04-30T15:39:55.998+0100] {processor.py:925} INFO - DAG(s) 'example_branch_labels' retrieved from /Users/dineshsammeta/anaconda3/envs/python38/lib/python3.8/site-packages/airflow/example_dags/example_branch_labels.py
[2025-04-30T15:39:56.089+0100] {logging_mixin.py:190} INFO - [2025-04-30T15:39:56.089+0100] {dag.py:3239} INFO - Sync 1 DAGs
[2025-04-30T15:39:56.099+0100] {logging_mixin.py:190} INFO - [2025-04-30T15:39:56.099+0100] {dag.py:4180} INFO - Setting next_dagrun for example_branch_labels to 2025-04-29 00:00:00+00:00, run_after=2025-04-30 00:00:00+00:00
[2025-04-30T15:39:56.109+0100] {processor.py:208} INFO - Processing /Users/dineshsammeta/anaconda3/envs/python38/lib/python3.8/site-packages/airflow/example_dags/example_branch_labels.py took 0.121 seconds
[2025-04-30T15:42:53.182+0100] {processor.py:186} INFO - Started process (PID=69939) to work on /Users/dineshsammeta/anaconda3/envs/python38/lib/python3.8/site-packages/airflow/example_dags/example_branch_labels.py
[2025-04-30T15:42:53.183+0100] {processor.py:914} INFO - Processing file /Users/dineshsammeta/anaconda3/envs/python38/lib/python3.8/site-packages/airflow/example_dags/example_branch_labels.py for tasks to queue
[2025-04-30T15:42:53.184+0100] {logging_mixin.py:190} INFO - [2025-04-30T15:42:53.184+0100] {dagbag.py:588} INFO - Filling up the DagBag from /Users/dineshsammeta/anaconda3/envs/python38/lib/python3.8/site-packages/airflow/example_dags/example_branch_labels.py
[2025-04-30T15:42:53.190+0100] {processor.py:925} INFO - DAG(s) 'example_branch_labels' retrieved from /Users/dineshsammeta/anaconda3/envs/python38/lib/python3.8/site-packages/airflow/example_dags/example_branch_labels.py
[2025-04-30T15:42:53.284+0100] {logging_mixin.py:190} INFO - [2025-04-30T15:42:53.284+0100] {dag.py:3239} INFO - Sync 1 DAGs
[2025-04-30T15:42:53.296+0100] {logging_mixin.py:190} INFO - [2025-04-30T15:42:53.296+0100] {dag.py:4180} INFO - Setting next_dagrun for example_branch_labels to 2025-04-29 00:00:00+00:00, run_after=2025-04-30 00:00:00+00:00
[2025-04-30T15:42:53.307+0100] {processor.py:208} INFO - Processing /Users/dineshsammeta/anaconda3/envs/python38/lib/python3.8/site-packages/airflow/example_dags/example_branch_labels.py took 0.127 seconds
[2025-04-30T15:46:12.784+0100] {processor.py:186} INFO - Started process (PID=70267) to work on /Users/dineshsammeta/anaconda3/envs/python38/lib/python3.8/site-packages/airflow/example_dags/example_branch_labels.py
[2025-04-30T15:46:12.785+0100] {processor.py:914} INFO - Processing file /Users/dineshsammeta/anaconda3/envs/python38/lib/python3.8/site-packages/airflow/example_dags/example_branch_labels.py for tasks to queue
[2025-04-30T15:46:12.786+0100] {logging_mixin.py:190} INFO - [2025-04-30T15:46:12.786+0100] {dagbag.py:588} INFO - Filling up the DagBag from /Users/dineshsammeta/anaconda3/envs/python38/lib/python3.8/site-packages/airflow/example_dags/example_branch_labels.py
[2025-04-30T15:46:12.792+0100] {processor.py:925} INFO - DAG(s) 'example_branch_labels' retrieved from /Users/dineshsammeta/anaconda3/envs/python38/lib/python3.8/site-packages/airflow/example_dags/example_branch_labels.py
[2025-04-30T15:46:12.882+0100] {logging_mixin.py:190} INFO - [2025-04-30T15:46:12.882+0100] {dag.py:3239} INFO - Sync 1 DAGs
[2025-04-30T15:46:12.892+0100] {logging_mixin.py:190} INFO - [2025-04-30T15:46:12.892+0100] {dag.py:4180} INFO - Setting next_dagrun for example_branch_labels to 2025-04-29 00:00:00+00:00, run_after=2025-04-30 00:00:00+00:00
[2025-04-30T15:46:12.902+0100] {processor.py:208} INFO - Processing /Users/dineshsammeta/anaconda3/envs/python38/lib/python3.8/site-packages/airflow/example_dags/example_branch_labels.py took 0.120 seconds
