[2025-04-30T13:39:37.328+0100] {processor.py:186} INFO - Started process (PID=66587) to work on /Users/dineshsammeta/anaconda3/envs/python38/lib/python3.8/site-packages/airflow/example_dags/example_task_group.py
[2025-04-30T13:39:37.329+0100] {processor.py:914} INFO - Processing file /Users/dineshsammeta/anaconda3/envs/python38/lib/python3.8/site-packages/airflow/example_dags/example_task_group.py for tasks to queue
[2025-04-30T13:39:37.330+0100] {logging_mixin.py:190} INFO - [2025-04-30T13:39:37.329+0100] {dagbag.py:588} INFO - Filling up the DagBag from /Users/dineshsammeta/anaconda3/envs/python38/lib/python3.8/site-packages/airflow/example_dags/example_task_group.py
[2025-04-30T13:39:37.367+0100] {processor.py:925} INFO - DAG(s) 'example_task_group' retrieved from /Users/dineshsammeta/anaconda3/envs/python38/lib/python3.8/site-packages/airflow/example_dags/example_task_group.py
[2025-04-30T13:39:37.429+0100] {logging_mixin.py:190} INFO - [2025-04-30T13:39:37.429+0100] {dag.py:3239} INFO - Sync 1 DAGs
[2025-04-30T13:39:37.435+0100] {logging_mixin.py:190} INFO - [2025-04-30T13:39:37.435+0100] {dag.py:4180} INFO - Setting next_dagrun for example_task_group to None, run_after=None
[2025-04-30T13:39:37.445+0100] {processor.py:208} INFO - Processing /Users/dineshsammeta/anaconda3/envs/python38/lib/python3.8/site-packages/airflow/example_dags/example_task_group.py took 0.119 seconds
[2025-04-30T13:41:37.566+0100] {processor.py:186} INFO - Started process (PID=66869) to work on /Users/dineshsammeta/anaconda3/envs/python38/lib/python3.8/site-packages/airflow/example_dags/example_task_group.py
[2025-04-30T13:41:37.566+0100] {processor.py:914} INFO - Processing file /Users/dineshsammeta/anaconda3/envs/python38/lib/python3.8/site-packages/airflow/example_dags/example_task_group.py for tasks to queue
[2025-04-30T13:41:37.567+0100] {logging_mixin.py:190} INFO - [2025-04-30T13:41:37.567+0100] {dagbag.py:588} INFO - Filling up the DagBag from /Users/dineshsammeta/anaconda3/envs/python38/lib/python3.8/site-packages/airflow/example_dags/example_task_group.py
[2025-04-30T13:41:37.603+0100] {processor.py:925} INFO - DAG(s) 'example_task_group' retrieved from /Users/dineshsammeta/anaconda3/envs/python38/lib/python3.8/site-packages/airflow/example_dags/example_task_group.py
[2025-04-30T13:41:37.662+0100] {logging_mixin.py:190} INFO - [2025-04-30T13:41:37.662+0100] {dag.py:3239} INFO - Sync 1 DAGs
[2025-04-30T13:41:37.668+0100] {logging_mixin.py:190} INFO - [2025-04-30T13:41:37.668+0100] {dag.py:4180} INFO - Setting next_dagrun for example_task_group to None, run_after=None
[2025-04-30T13:41:37.678+0100] {processor.py:208} INFO - Processing /Users/dineshsammeta/anaconda3/envs/python38/lib/python3.8/site-packages/airflow/example_dags/example_task_group.py took 0.114 seconds
[2025-04-30T13:43:08.025+0100] {processor.py:186} INFO - Started process (PID=67051) to work on /Users/dineshsammeta/anaconda3/envs/python38/lib/python3.8/site-packages/airflow/example_dags/example_task_group.py
[2025-04-30T13:43:08.026+0100] {processor.py:914} INFO - Processing file /Users/dineshsammeta/anaconda3/envs/python38/lib/python3.8/site-packages/airflow/example_dags/example_task_group.py for tasks to queue
[2025-04-30T13:43:08.027+0100] {logging_mixin.py:190} INFO - [2025-04-30T13:43:08.027+0100] {dagbag.py:588} INFO - Filling up the DagBag from /Users/dineshsammeta/anaconda3/envs/python38/lib/python3.8/site-packages/airflow/example_dags/example_task_group.py
[2025-04-30T13:43:08.062+0100] {processor.py:925} INFO - DAG(s) 'example_task_group' retrieved from /Users/dineshsammeta/anaconda3/envs/python38/lib/python3.8/site-packages/airflow/example_dags/example_task_group.py
[2025-04-30T13:43:08.121+0100] {logging_mixin.py:190} INFO - [2025-04-30T13:43:08.121+0100] {dag.py:3239} INFO - Sync 1 DAGs
[2025-04-30T13:43:08.127+0100] {logging_mixin.py:190} INFO - [2025-04-30T13:43:08.127+0100] {dag.py:4180} INFO - Setting next_dagrun for example_task_group to None, run_after=None
[2025-04-30T13:43:08.137+0100] {processor.py:208} INFO - Processing /Users/dineshsammeta/anaconda3/envs/python38/lib/python3.8/site-packages/airflow/example_dags/example_task_group.py took 0.114 seconds
[2025-04-30T13:44:38.155+0100] {processor.py:186} INFO - Started process (PID=67220) to work on /Users/dineshsammeta/anaconda3/envs/python38/lib/python3.8/site-packages/airflow/example_dags/example_task_group.py
[2025-04-30T13:44:38.156+0100] {processor.py:914} INFO - Processing file /Users/dineshsammeta/anaconda3/envs/python38/lib/python3.8/site-packages/airflow/example_dags/example_task_group.py for tasks to queue
[2025-04-30T13:44:38.157+0100] {logging_mixin.py:190} INFO - [2025-04-30T13:44:38.157+0100] {dagbag.py:588} INFO - Filling up the DagBag from /Users/dineshsammeta/anaconda3/envs/python38/lib/python3.8/site-packages/airflow/example_dags/example_task_group.py
[2025-04-30T13:44:38.197+0100] {processor.py:925} INFO - DAG(s) 'example_task_group' retrieved from /Users/dineshsammeta/anaconda3/envs/python38/lib/python3.8/site-packages/airflow/example_dags/example_task_group.py
[2025-04-30T13:44:38.260+0100] {logging_mixin.py:190} INFO - [2025-04-30T13:44:38.260+0100] {dag.py:3239} INFO - Sync 1 DAGs
[2025-04-30T13:44:38.267+0100] {logging_mixin.py:190} INFO - [2025-04-30T13:44:38.266+0100] {dag.py:4180} INFO - Setting next_dagrun for example_task_group to None, run_after=None
[2025-04-30T13:44:38.287+0100] {processor.py:208} INFO - Processing /Users/dineshsammeta/anaconda3/envs/python38/lib/python3.8/site-packages/airflow/example_dags/example_task_group.py took 0.135 seconds
[2025-04-30T13:46:06.488+0100] {processor.py:186} INFO - Started process (PID=67388) to work on /Users/dineshsammeta/anaconda3/envs/python38/lib/python3.8/site-packages/airflow/example_dags/example_task_group.py
[2025-04-30T13:46:06.489+0100] {processor.py:914} INFO - Processing file /Users/dineshsammeta/anaconda3/envs/python38/lib/python3.8/site-packages/airflow/example_dags/example_task_group.py for tasks to queue
[2025-04-30T13:46:06.490+0100] {logging_mixin.py:190} INFO - [2025-04-30T13:46:06.490+0100] {dagbag.py:588} INFO - Filling up the DagBag from /Users/dineshsammeta/anaconda3/envs/python38/lib/python3.8/site-packages/airflow/example_dags/example_task_group.py
[2025-04-30T13:46:06.526+0100] {processor.py:925} INFO - DAG(s) 'example_task_group' retrieved from /Users/dineshsammeta/anaconda3/envs/python38/lib/python3.8/site-packages/airflow/example_dags/example_task_group.py
[2025-04-30T13:46:06.586+0100] {logging_mixin.py:190} INFO - [2025-04-30T13:46:06.586+0100] {dag.py:3239} INFO - Sync 1 DAGs
[2025-04-30T13:46:06.592+0100] {logging_mixin.py:190} INFO - [2025-04-30T13:46:06.592+0100] {dag.py:4180} INFO - Setting next_dagrun for example_task_group to None, run_after=None
[2025-04-30T13:46:06.602+0100] {processor.py:208} INFO - Processing /Users/dineshsammeta/anaconda3/envs/python38/lib/python3.8/site-packages/airflow/example_dags/example_task_group.py took 0.116 seconds
[2025-04-30T13:47:34.563+0100] {processor.py:186} INFO - Started process (PID=67574) to work on /Users/dineshsammeta/anaconda3/envs/python38/lib/python3.8/site-packages/airflow/example_dags/example_task_group.py
[2025-04-30T13:47:34.564+0100] {processor.py:914} INFO - Processing file /Users/dineshsammeta/anaconda3/envs/python38/lib/python3.8/site-packages/airflow/example_dags/example_task_group.py for tasks to queue
[2025-04-30T13:47:34.565+0100] {logging_mixin.py:190} INFO - [2025-04-30T13:47:34.565+0100] {dagbag.py:588} INFO - Filling up the DagBag from /Users/dineshsammeta/anaconda3/envs/python38/lib/python3.8/site-packages/airflow/example_dags/example_task_group.py
[2025-04-30T13:47:34.601+0100] {processor.py:925} INFO - DAG(s) 'example_task_group' retrieved from /Users/dineshsammeta/anaconda3/envs/python38/lib/python3.8/site-packages/airflow/example_dags/example_task_group.py
[2025-04-30T13:47:34.661+0100] {logging_mixin.py:190} INFO - [2025-04-30T13:47:34.660+0100] {dag.py:3239} INFO - Sync 1 DAGs
[2025-04-30T13:47:34.667+0100] {logging_mixin.py:190} INFO - [2025-04-30T13:47:34.666+0100] {dag.py:4180} INFO - Setting next_dagrun for example_task_group to None, run_after=None
[2025-04-30T13:47:34.677+0100] {processor.py:208} INFO - Processing /Users/dineshsammeta/anaconda3/envs/python38/lib/python3.8/site-packages/airflow/example_dags/example_task_group.py took 0.116 seconds
[2025-04-30T13:49:05.639+0100] {processor.py:186} INFO - Started process (PID=67745) to work on /Users/dineshsammeta/anaconda3/envs/python38/lib/python3.8/site-packages/airflow/example_dags/example_task_group.py
[2025-04-30T13:49:05.640+0100] {processor.py:914} INFO - Processing file /Users/dineshsammeta/anaconda3/envs/python38/lib/python3.8/site-packages/airflow/example_dags/example_task_group.py for tasks to queue
[2025-04-30T13:49:05.641+0100] {logging_mixin.py:190} INFO - [2025-04-30T13:49:05.641+0100] {dagbag.py:588} INFO - Filling up the DagBag from /Users/dineshsammeta/anaconda3/envs/python38/lib/python3.8/site-packages/airflow/example_dags/example_task_group.py
[2025-04-30T13:49:05.679+0100] {processor.py:925} INFO - DAG(s) 'example_task_group' retrieved from /Users/dineshsammeta/anaconda3/envs/python38/lib/python3.8/site-packages/airflow/example_dags/example_task_group.py
[2025-04-30T13:49:05.738+0100] {logging_mixin.py:190} INFO - [2025-04-30T13:49:05.738+0100] {dag.py:3239} INFO - Sync 1 DAGs
[2025-04-30T13:49:05.744+0100] {logging_mixin.py:190} INFO - [2025-04-30T13:49:05.744+0100] {dag.py:4180} INFO - Setting next_dagrun for example_task_group to None, run_after=None
[2025-04-30T13:49:05.754+0100] {processor.py:208} INFO - Processing /Users/dineshsammeta/anaconda3/envs/python38/lib/python3.8/site-packages/airflow/example_dags/example_task_group.py took 0.118 seconds
[2025-04-30T13:50:41.593+0100] {processor.py:186} INFO - Started process (PID=67920) to work on /Users/dineshsammeta/anaconda3/envs/python38/lib/python3.8/site-packages/airflow/example_dags/example_task_group.py
[2025-04-30T13:50:41.594+0100] {processor.py:914} INFO - Processing file /Users/dineshsammeta/anaconda3/envs/python38/lib/python3.8/site-packages/airflow/example_dags/example_task_group.py for tasks to queue
[2025-04-30T13:50:41.594+0100] {logging_mixin.py:190} INFO - [2025-04-30T13:50:41.594+0100] {dagbag.py:588} INFO - Filling up the DagBag from /Users/dineshsammeta/anaconda3/envs/python38/lib/python3.8/site-packages/airflow/example_dags/example_task_group.py
[2025-04-30T13:50:41.631+0100] {processor.py:925} INFO - DAG(s) 'example_task_group' retrieved from /Users/dineshsammeta/anaconda3/envs/python38/lib/python3.8/site-packages/airflow/example_dags/example_task_group.py
[2025-04-30T13:50:41.689+0100] {logging_mixin.py:190} INFO - [2025-04-30T13:50:41.689+0100] {dag.py:3239} INFO - Sync 1 DAGs
[2025-04-30T13:50:41.696+0100] {logging_mixin.py:190} INFO - [2025-04-30T13:50:41.696+0100] {dag.py:4180} INFO - Setting next_dagrun for example_task_group to None, run_after=None
[2025-04-30T13:50:41.707+0100] {processor.py:208} INFO - Processing /Users/dineshsammeta/anaconda3/envs/python38/lib/python3.8/site-packages/airflow/example_dags/example_task_group.py took 0.116 seconds
[2025-04-30T13:52:12.485+0100] {processor.py:186} INFO - Started process (PID=68075) to work on /Users/dineshsammeta/anaconda3/envs/python38/lib/python3.8/site-packages/airflow/example_dags/example_task_group.py
[2025-04-30T13:52:12.486+0100] {processor.py:914} INFO - Processing file /Users/dineshsammeta/anaconda3/envs/python38/lib/python3.8/site-packages/airflow/example_dags/example_task_group.py for tasks to queue
[2025-04-30T13:52:12.486+0100] {logging_mixin.py:190} INFO - [2025-04-30T13:52:12.486+0100] {dagbag.py:588} INFO - Filling up the DagBag from /Users/dineshsammeta/anaconda3/envs/python38/lib/python3.8/site-packages/airflow/example_dags/example_task_group.py
[2025-04-30T13:52:12.523+0100] {processor.py:925} INFO - DAG(s) 'example_task_group' retrieved from /Users/dineshsammeta/anaconda3/envs/python38/lib/python3.8/site-packages/airflow/example_dags/example_task_group.py
[2025-04-30T13:52:12.582+0100] {logging_mixin.py:190} INFO - [2025-04-30T13:52:12.581+0100] {dag.py:3239} INFO - Sync 1 DAGs
[2025-04-30T13:52:12.588+0100] {logging_mixin.py:190} INFO - [2025-04-30T13:52:12.587+0100] {dag.py:4180} INFO - Setting next_dagrun for example_task_group to None, run_after=None
[2025-04-30T13:52:12.598+0100] {processor.py:208} INFO - Processing /Users/dineshsammeta/anaconda3/envs/python38/lib/python3.8/site-packages/airflow/example_dags/example_task_group.py took 0.115 seconds
[2025-04-30T13:53:51.148+0100] {processor.py:186} INFO - Started process (PID=68269) to work on /Users/dineshsammeta/anaconda3/envs/python38/lib/python3.8/site-packages/airflow/example_dags/example_task_group.py
[2025-04-30T13:53:51.150+0100] {processor.py:914} INFO - Processing file /Users/dineshsammeta/anaconda3/envs/python38/lib/python3.8/site-packages/airflow/example_dags/example_task_group.py for tasks to queue
[2025-04-30T13:53:51.150+0100] {logging_mixin.py:190} INFO - [2025-04-30T13:53:51.150+0100] {dagbag.py:588} INFO - Filling up the DagBag from /Users/dineshsammeta/anaconda3/envs/python38/lib/python3.8/site-packages/airflow/example_dags/example_task_group.py
[2025-04-30T13:53:51.186+0100] {processor.py:925} INFO - DAG(s) 'example_task_group' retrieved from /Users/dineshsammeta/anaconda3/envs/python38/lib/python3.8/site-packages/airflow/example_dags/example_task_group.py
[2025-04-30T13:53:51.246+0100] {logging_mixin.py:190} INFO - [2025-04-30T13:53:51.246+0100] {dag.py:3239} INFO - Sync 1 DAGs
[2025-04-30T13:53:51.252+0100] {logging_mixin.py:190} INFO - [2025-04-30T13:53:51.252+0100] {dag.py:4180} INFO - Setting next_dagrun for example_task_group to None, run_after=None
[2025-04-30T13:53:51.263+0100] {processor.py:208} INFO - Processing /Users/dineshsammeta/anaconda3/envs/python38/lib/python3.8/site-packages/airflow/example_dags/example_task_group.py took 0.117 seconds
[2025-04-30T13:55:28.148+0100] {processor.py:186} INFO - Started process (PID=68457) to work on /Users/dineshsammeta/anaconda3/envs/python38/lib/python3.8/site-packages/airflow/example_dags/example_task_group.py
[2025-04-30T13:55:28.149+0100] {processor.py:914} INFO - Processing file /Users/dineshsammeta/anaconda3/envs/python38/lib/python3.8/site-packages/airflow/example_dags/example_task_group.py for tasks to queue
[2025-04-30T13:55:28.150+0100] {logging_mixin.py:190} INFO - [2025-04-30T13:55:28.150+0100] {dagbag.py:588} INFO - Filling up the DagBag from /Users/dineshsammeta/anaconda3/envs/python38/lib/python3.8/site-packages/airflow/example_dags/example_task_group.py
[2025-04-30T13:55:28.188+0100] {processor.py:925} INFO - DAG(s) 'example_task_group' retrieved from /Users/dineshsammeta/anaconda3/envs/python38/lib/python3.8/site-packages/airflow/example_dags/example_task_group.py
[2025-04-30T13:55:28.246+0100] {logging_mixin.py:190} INFO - [2025-04-30T13:55:28.246+0100] {dag.py:3239} INFO - Sync 1 DAGs
[2025-04-30T13:55:28.252+0100] {logging_mixin.py:190} INFO - [2025-04-30T13:55:28.252+0100] {dag.py:4180} INFO - Setting next_dagrun for example_task_group to None, run_after=None
[2025-04-30T13:55:28.262+0100] {processor.py:208} INFO - Processing /Users/dineshsammeta/anaconda3/envs/python38/lib/python3.8/site-packages/airflow/example_dags/example_task_group.py took 0.116 seconds
[2025-04-30T13:57:00.102+0100] {processor.py:186} INFO - Started process (PID=68613) to work on /Users/dineshsammeta/anaconda3/envs/python38/lib/python3.8/site-packages/airflow/example_dags/example_task_group.py
[2025-04-30T13:57:00.103+0100] {processor.py:914} INFO - Processing file /Users/dineshsammeta/anaconda3/envs/python38/lib/python3.8/site-packages/airflow/example_dags/example_task_group.py for tasks to queue
[2025-04-30T13:57:00.103+0100] {logging_mixin.py:190} INFO - [2025-04-30T13:57:00.103+0100] {dagbag.py:588} INFO - Filling up the DagBag from /Users/dineshsammeta/anaconda3/envs/python38/lib/python3.8/site-packages/airflow/example_dags/example_task_group.py
[2025-04-30T13:57:00.140+0100] {processor.py:925} INFO - DAG(s) 'example_task_group' retrieved from /Users/dineshsammeta/anaconda3/envs/python38/lib/python3.8/site-packages/airflow/example_dags/example_task_group.py
[2025-04-30T13:57:00.199+0100] {logging_mixin.py:190} INFO - [2025-04-30T13:57:00.199+0100] {dag.py:3239} INFO - Sync 1 DAGs
[2025-04-30T13:57:00.205+0100] {logging_mixin.py:190} INFO - [2025-04-30T13:57:00.205+0100] {dag.py:4180} INFO - Setting next_dagrun for example_task_group to None, run_after=None
[2025-04-30T13:57:00.215+0100] {processor.py:208} INFO - Processing /Users/dineshsammeta/anaconda3/envs/python38/lib/python3.8/site-packages/airflow/example_dags/example_task_group.py took 0.116 seconds
[2025-04-30T13:58:30.987+0100] {processor.py:186} INFO - Started process (PID=68774) to work on /Users/dineshsammeta/anaconda3/envs/python38/lib/python3.8/site-packages/airflow/example_dags/example_task_group.py
[2025-04-30T13:58:30.988+0100] {processor.py:914} INFO - Processing file /Users/dineshsammeta/anaconda3/envs/python38/lib/python3.8/site-packages/airflow/example_dags/example_task_group.py for tasks to queue
[2025-04-30T13:58:30.989+0100] {logging_mixin.py:190} INFO - [2025-04-30T13:58:30.989+0100] {dagbag.py:588} INFO - Filling up the DagBag from /Users/dineshsammeta/anaconda3/envs/python38/lib/python3.8/site-packages/airflow/example_dags/example_task_group.py
[2025-04-30T13:58:31.025+0100] {processor.py:925} INFO - DAG(s) 'example_task_group' retrieved from /Users/dineshsammeta/anaconda3/envs/python38/lib/python3.8/site-packages/airflow/example_dags/example_task_group.py
[2025-04-30T13:58:31.084+0100] {logging_mixin.py:190} INFO - [2025-04-30T13:58:31.084+0100] {dag.py:3239} INFO - Sync 1 DAGs
[2025-04-30T13:58:31.090+0100] {logging_mixin.py:190} INFO - [2025-04-30T13:58:31.090+0100] {dag.py:4180} INFO - Setting next_dagrun for example_task_group to None, run_after=None
[2025-04-30T13:58:31.100+0100] {processor.py:208} INFO - Processing /Users/dineshsammeta/anaconda3/envs/python38/lib/python3.8/site-packages/airflow/example_dags/example_task_group.py took 0.114 seconds
[2025-04-30T13:59:59.207+0100] {processor.py:186} INFO - Started process (PID=68936) to work on /Users/dineshsammeta/anaconda3/envs/python38/lib/python3.8/site-packages/airflow/example_dags/example_task_group.py
[2025-04-30T13:59:59.208+0100] {processor.py:914} INFO - Processing file /Users/dineshsammeta/anaconda3/envs/python38/lib/python3.8/site-packages/airflow/example_dags/example_task_group.py for tasks to queue
[2025-04-30T13:59:59.209+0100] {logging_mixin.py:190} INFO - [2025-04-30T13:59:59.208+0100] {dagbag.py:588} INFO - Filling up the DagBag from /Users/dineshsammeta/anaconda3/envs/python38/lib/python3.8/site-packages/airflow/example_dags/example_task_group.py
[2025-04-30T13:59:59.245+0100] {processor.py:925} INFO - DAG(s) 'example_task_group' retrieved from /Users/dineshsammeta/anaconda3/envs/python38/lib/python3.8/site-packages/airflow/example_dags/example_task_group.py
[2025-04-30T13:59:59.304+0100] {logging_mixin.py:190} INFO - [2025-04-30T13:59:59.303+0100] {dag.py:3239} INFO - Sync 1 DAGs
[2025-04-30T13:59:59.310+0100] {logging_mixin.py:190} INFO - [2025-04-30T13:59:59.310+0100] {dag.py:4180} INFO - Setting next_dagrun for example_task_group to None, run_after=None
[2025-04-30T13:59:59.320+0100] {processor.py:208} INFO - Processing /Users/dineshsammeta/anaconda3/envs/python38/lib/python3.8/site-packages/airflow/example_dags/example_task_group.py took 0.115 seconds
[2025-04-30T14:01:28.108+0100] {processor.py:186} INFO - Started process (PID=69106) to work on /Users/dineshsammeta/anaconda3/envs/python38/lib/python3.8/site-packages/airflow/example_dags/example_task_group.py
[2025-04-30T14:01:28.110+0100] {processor.py:914} INFO - Processing file /Users/dineshsammeta/anaconda3/envs/python38/lib/python3.8/site-packages/airflow/example_dags/example_task_group.py for tasks to queue
[2025-04-30T14:01:28.110+0100] {logging_mixin.py:190} INFO - [2025-04-30T14:01:28.110+0100] {dagbag.py:588} INFO - Filling up the DagBag from /Users/dineshsammeta/anaconda3/envs/python38/lib/python3.8/site-packages/airflow/example_dags/example_task_group.py
[2025-04-30T14:01:28.146+0100] {processor.py:925} INFO - DAG(s) 'example_task_group' retrieved from /Users/dineshsammeta/anaconda3/envs/python38/lib/python3.8/site-packages/airflow/example_dags/example_task_group.py
[2025-04-30T14:01:28.206+0100] {logging_mixin.py:190} INFO - [2025-04-30T14:01:28.206+0100] {dag.py:3239} INFO - Sync 1 DAGs
[2025-04-30T14:01:28.212+0100] {logging_mixin.py:190} INFO - [2025-04-30T14:01:28.212+0100] {dag.py:4180} INFO - Setting next_dagrun for example_task_group to None, run_after=None
[2025-04-30T14:01:28.222+0100] {processor.py:208} INFO - Processing /Users/dineshsammeta/anaconda3/envs/python38/lib/python3.8/site-packages/airflow/example_dags/example_task_group.py took 0.116 seconds
[2025-04-30T14:25:04.668+0100] {processor.py:186} INFO - Started process (PID=69277) to work on /Users/dineshsammeta/anaconda3/envs/python38/lib/python3.8/site-packages/airflow/example_dags/example_task_group.py
[2025-04-30T14:25:04.669+0100] {processor.py:914} INFO - Processing file /Users/dineshsammeta/anaconda3/envs/python38/lib/python3.8/site-packages/airflow/example_dags/example_task_group.py for tasks to queue
[2025-04-30T14:25:04.670+0100] {logging_mixin.py:190} INFO - [2025-04-30T14:25:04.670+0100] {dagbag.py:588} INFO - Filling up the DagBag from /Users/dineshsammeta/anaconda3/envs/python38/lib/python3.8/site-packages/airflow/example_dags/example_task_group.py
[2025-04-30T14:25:04.707+0100] {processor.py:925} INFO - DAG(s) 'example_task_group' retrieved from /Users/dineshsammeta/anaconda3/envs/python38/lib/python3.8/site-packages/airflow/example_dags/example_task_group.py
[2025-04-30T14:25:04.767+0100] {logging_mixin.py:190} INFO - [2025-04-30T14:25:04.767+0100] {dag.py:3239} INFO - Sync 1 DAGs
[2025-04-30T14:25:04.773+0100] {logging_mixin.py:190} INFO - [2025-04-30T14:25:04.773+0100] {dag.py:4180} INFO - Setting next_dagrun for example_task_group to None, run_after=None
[2025-04-30T14:25:04.783+0100] {processor.py:208} INFO - Processing /Users/dineshsammeta/anaconda3/envs/python38/lib/python3.8/site-packages/airflow/example_dags/example_task_group.py took 0.117 seconds
[2025-04-30T15:38:52.279+0100] {processor.py:186} INFO - Started process (PID=69503) to work on /Users/dineshsammeta/anaconda3/envs/python38/lib/python3.8/site-packages/airflow/example_dags/example_task_group.py
[2025-04-30T15:38:52.280+0100] {processor.py:914} INFO - Processing file /Users/dineshsammeta/anaconda3/envs/python38/lib/python3.8/site-packages/airflow/example_dags/example_task_group.py for tasks to queue
[2025-04-30T15:38:52.280+0100] {logging_mixin.py:190} INFO - [2025-04-30T15:38:52.280+0100] {dagbag.py:588} INFO - Filling up the DagBag from /Users/dineshsammeta/anaconda3/envs/python38/lib/python3.8/site-packages/airflow/example_dags/example_task_group.py
[2025-04-30T15:38:52.316+0100] {processor.py:925} INFO - DAG(s) 'example_task_group' retrieved from /Users/dineshsammeta/anaconda3/envs/python38/lib/python3.8/site-packages/airflow/example_dags/example_task_group.py
[2025-04-30T15:38:52.376+0100] {logging_mixin.py:190} INFO - [2025-04-30T15:38:52.376+0100] {dag.py:3239} INFO - Sync 1 DAGs
[2025-04-30T15:38:52.382+0100] {logging_mixin.py:190} INFO - [2025-04-30T15:38:52.382+0100] {dag.py:4180} INFO - Setting next_dagrun for example_task_group to None, run_after=None
[2025-04-30T15:38:52.391+0100] {processor.py:208} INFO - Processing /Users/dineshsammeta/anaconda3/envs/python38/lib/python3.8/site-packages/airflow/example_dags/example_task_group.py took 0.115 seconds
[2025-04-30T15:40:44.738+0100] {processor.py:186} INFO - Started process (PID=69712) to work on /Users/dineshsammeta/anaconda3/envs/python38/lib/python3.8/site-packages/airflow/example_dags/example_task_group.py
[2025-04-30T15:40:44.740+0100] {processor.py:914} INFO - Processing file /Users/dineshsammeta/anaconda3/envs/python38/lib/python3.8/site-packages/airflow/example_dags/example_task_group.py for tasks to queue
[2025-04-30T15:40:44.741+0100] {logging_mixin.py:190} INFO - [2025-04-30T15:40:44.740+0100] {dagbag.py:588} INFO - Filling up the DagBag from /Users/dineshsammeta/anaconda3/envs/python38/lib/python3.8/site-packages/airflow/example_dags/example_task_group.py
[2025-04-30T15:40:44.776+0100] {processor.py:925} INFO - DAG(s) 'example_task_group' retrieved from /Users/dineshsammeta/anaconda3/envs/python38/lib/python3.8/site-packages/airflow/example_dags/example_task_group.py
[2025-04-30T15:40:44.836+0100] {logging_mixin.py:190} INFO - [2025-04-30T15:40:44.835+0100] {dag.py:3239} INFO - Sync 1 DAGs
[2025-04-30T15:40:44.842+0100] {logging_mixin.py:190} INFO - [2025-04-30T15:40:44.842+0100] {dag.py:4180} INFO - Setting next_dagrun for example_task_group to None, run_after=None
[2025-04-30T15:40:44.852+0100] {processor.py:208} INFO - Processing /Users/dineshsammeta/anaconda3/envs/python38/lib/python3.8/site-packages/airflow/example_dags/example_task_group.py took 0.115 seconds
[2025-04-30T15:42:14.988+0100] {processor.py:186} INFO - Started process (PID=69874) to work on /Users/dineshsammeta/anaconda3/envs/python38/lib/python3.8/site-packages/airflow/example_dags/example_task_group.py
[2025-04-30T15:42:14.989+0100] {processor.py:914} INFO - Processing file /Users/dineshsammeta/anaconda3/envs/python38/lib/python3.8/site-packages/airflow/example_dags/example_task_group.py for tasks to queue
[2025-04-30T15:42:14.989+0100] {logging_mixin.py:190} INFO - [2025-04-30T15:42:14.989+0100] {dagbag.py:588} INFO - Filling up the DagBag from /Users/dineshsammeta/anaconda3/envs/python38/lib/python3.8/site-packages/airflow/example_dags/example_task_group.py
[2025-04-30T15:42:15.025+0100] {processor.py:925} INFO - DAG(s) 'example_task_group' retrieved from /Users/dineshsammeta/anaconda3/envs/python38/lib/python3.8/site-packages/airflow/example_dags/example_task_group.py
[2025-04-30T15:42:15.084+0100] {logging_mixin.py:190} INFO - [2025-04-30T15:42:15.084+0100] {dag.py:3239} INFO - Sync 1 DAGs
[2025-04-30T15:42:15.090+0100] {logging_mixin.py:190} INFO - [2025-04-30T15:42:15.090+0100] {dag.py:4180} INFO - Setting next_dagrun for example_task_group to None, run_after=None
[2025-04-30T15:42:15.100+0100] {processor.py:208} INFO - Processing /Users/dineshsammeta/anaconda3/envs/python38/lib/python3.8/site-packages/airflow/example_dags/example_task_group.py took 0.114 seconds
[2025-04-30T15:43:44.120+0100] {processor.py:186} INFO - Started process (PID=70024) to work on /Users/dineshsammeta/anaconda3/envs/python38/lib/python3.8/site-packages/airflow/example_dags/example_task_group.py
[2025-04-30T15:43:44.121+0100] {processor.py:914} INFO - Processing file /Users/dineshsammeta/anaconda3/envs/python38/lib/python3.8/site-packages/airflow/example_dags/example_task_group.py for tasks to queue
[2025-04-30T15:43:44.122+0100] {logging_mixin.py:190} INFO - [2025-04-30T15:43:44.122+0100] {dagbag.py:588} INFO - Filling up the DagBag from /Users/dineshsammeta/anaconda3/envs/python38/lib/python3.8/site-packages/airflow/example_dags/example_task_group.py
[2025-04-30T15:43:44.160+0100] {processor.py:925} INFO - DAG(s) 'example_task_group' retrieved from /Users/dineshsammeta/anaconda3/envs/python38/lib/python3.8/site-packages/airflow/example_dags/example_task_group.py
[2025-04-30T15:43:44.219+0100] {logging_mixin.py:190} INFO - [2025-04-30T15:43:44.219+0100] {dag.py:3239} INFO - Sync 1 DAGs
[2025-04-30T15:43:44.225+0100] {logging_mixin.py:190} INFO - [2025-04-30T15:43:44.225+0100] {dag.py:4180} INFO - Setting next_dagrun for example_task_group to None, run_after=None
[2025-04-30T15:43:44.235+0100] {processor.py:208} INFO - Processing /Users/dineshsammeta/anaconda3/envs/python38/lib/python3.8/site-packages/airflow/example_dags/example_task_group.py took 0.118 seconds
[2025-04-30T15:45:22.026+0100] {processor.py:186} INFO - Started process (PID=70186) to work on /Users/dineshsammeta/anaconda3/envs/python38/lib/python3.8/site-packages/airflow/example_dags/example_task_group.py
[2025-04-30T15:45:22.028+0100] {processor.py:914} INFO - Processing file /Users/dineshsammeta/anaconda3/envs/python38/lib/python3.8/site-packages/airflow/example_dags/example_task_group.py for tasks to queue
[2025-04-30T15:45:22.028+0100] {logging_mixin.py:190} INFO - [2025-04-30T15:45:22.028+0100] {dagbag.py:588} INFO - Filling up the DagBag from /Users/dineshsammeta/anaconda3/envs/python38/lib/python3.8/site-packages/airflow/example_dags/example_task_group.py
[2025-04-30T15:45:22.065+0100] {processor.py:925} INFO - DAG(s) 'example_task_group' retrieved from /Users/dineshsammeta/anaconda3/envs/python38/lib/python3.8/site-packages/airflow/example_dags/example_task_group.py
[2025-04-30T15:45:22.128+0100] {logging_mixin.py:190} INFO - [2025-04-30T15:45:22.128+0100] {dag.py:3239} INFO - Sync 1 DAGs
[2025-04-30T15:45:22.135+0100] {logging_mixin.py:190} INFO - [2025-04-30T15:45:22.135+0100] {dag.py:4180} INFO - Setting next_dagrun for example_task_group to None, run_after=None
[2025-04-30T15:45:22.145+0100] {processor.py:208} INFO - Processing /Users/dineshsammeta/anaconda3/envs/python38/lib/python3.8/site-packages/airflow/example_dags/example_task_group.py took 0.121 seconds
[2025-04-30T15:47:02.344+0100] {processor.py:186} INFO - Started process (PID=70372) to work on /Users/dineshsammeta/anaconda3/envs/python38/lib/python3.8/site-packages/airflow/example_dags/example_task_group.py
[2025-04-30T15:47:02.345+0100] {processor.py:914} INFO - Processing file /Users/dineshsammeta/anaconda3/envs/python38/lib/python3.8/site-packages/airflow/example_dags/example_task_group.py for tasks to queue
[2025-04-30T15:47:02.346+0100] {logging_mixin.py:190} INFO - [2025-04-30T15:47:02.346+0100] {dagbag.py:588} INFO - Filling up the DagBag from /Users/dineshsammeta/anaconda3/envs/python38/lib/python3.8/site-packages/airflow/example_dags/example_task_group.py
[2025-04-30T15:47:02.382+0100] {processor.py:925} INFO - DAG(s) 'example_task_group' retrieved from /Users/dineshsammeta/anaconda3/envs/python38/lib/python3.8/site-packages/airflow/example_dags/example_task_group.py
[2025-04-30T15:47:02.441+0100] {logging_mixin.py:190} INFO - [2025-04-30T15:47:02.441+0100] {dag.py:3239} INFO - Sync 1 DAGs
[2025-04-30T15:47:02.447+0100] {logging_mixin.py:190} INFO - [2025-04-30T15:47:02.447+0100] {dag.py:4180} INFO - Setting next_dagrun for example_task_group to None, run_after=None
[2025-04-30T15:47:02.457+0100] {processor.py:208} INFO - Processing /Users/dineshsammeta/anaconda3/envs/python38/lib/python3.8/site-packages/airflow/example_dags/example_task_group.py took 0.115 seconds
