[2025-04-30T13:40:22.822+0100] {processor.py:186} INFO - Started process (PID=66661) to work on /Users/dineshsammeta/anaconda3/envs/python38/lib/python3.8/site-packages/airflow/example_dags/example_inlet_event_extra.py
[2025-04-30T13:40:22.824+0100] {processor.py:914} INFO - Processing file /Users/dineshsammeta/anaconda3/envs/python38/lib/python3.8/site-packages/airflow/example_dags/example_inlet_event_extra.py for tasks to queue
[2025-04-30T13:40:22.825+0100] {logging_mixin.py:190} INFO - [2025-04-30T13:40:22.825+0100] {dagbag.py:588} INFO - Filling up the DagBag from /Users/dineshsammeta/anaconda3/envs/python38/lib/python3.8/site-packages/airflow/example_dags/example_inlet_event_extra.py
[2025-04-30T13:40:22.957+0100] {processor.py:925} INFO - DAG(s) 'read_dataset_event', 'read_dataset_event_from_classic' retrieved from /Users/dineshsammeta/anaconda3/envs/python38/lib/python3.8/site-packages/airflow/example_dags/example_inlet_event_extra.py
[2025-04-30T13:40:23.058+0100] {logging_mixin.py:190} INFO - [2025-04-30T13:40:23.058+0100] {dag.py:3239} INFO - Sync 2 DAGs
[2025-04-30T13:40:23.077+0100] {logging_mixin.py:190} INFO - [2025-04-30T13:40:23.076+0100] {dag.py:4180} INFO - Setting next_dagrun for read_dataset_event to 2025-04-29 00:00:00+00:00, run_after=2025-04-30 00:00:00+00:00
[2025-04-30T13:40:23.081+0100] {logging_mixin.py:190} INFO - [2025-04-30T13:40:23.081+0100] {dag.py:4180} INFO - Setting next_dagrun for read_dataset_event_from_classic to 2025-04-29 00:00:00+00:00, run_after=2025-04-30 00:00:00+00:00
[2025-04-30T13:40:23.095+0100] {processor.py:208} INFO - Processing /Users/dineshsammeta/anaconda3/envs/python38/lib/python3.8/site-packages/airflow/example_dags/example_inlet_event_extra.py took 0.278 seconds
[2025-04-30T13:42:21.542+0100] {processor.py:186} INFO - Started process (PID=66957) to work on /Users/dineshsammeta/anaconda3/envs/python38/lib/python3.8/site-packages/airflow/example_dags/example_inlet_event_extra.py
[2025-04-30T13:42:21.543+0100] {processor.py:914} INFO - Processing file /Users/dineshsammeta/anaconda3/envs/python38/lib/python3.8/site-packages/airflow/example_dags/example_inlet_event_extra.py for tasks to queue
[2025-04-30T13:42:21.544+0100] {logging_mixin.py:190} INFO - [2025-04-30T13:42:21.543+0100] {dagbag.py:588} INFO - Filling up the DagBag from /Users/dineshsammeta/anaconda3/envs/python38/lib/python3.8/site-packages/airflow/example_dags/example_inlet_event_extra.py
[2025-04-30T13:42:21.624+0100] {processor.py:925} INFO - DAG(s) 'read_dataset_event', 'read_dataset_event_from_classic' retrieved from /Users/dineshsammeta/anaconda3/envs/python38/lib/python3.8/site-packages/airflow/example_dags/example_inlet_event_extra.py
[2025-04-30T13:42:21.681+0100] {logging_mixin.py:190} INFO - [2025-04-30T13:42:21.681+0100] {dag.py:3239} INFO - Sync 2 DAGs
[2025-04-30T13:42:21.692+0100] {logging_mixin.py:190} INFO - [2025-04-30T13:42:21.692+0100] {dag.py:4180} INFO - Setting next_dagrun for read_dataset_event to 2025-04-29 00:00:00+00:00, run_after=2025-04-30 00:00:00+00:00
[2025-04-30T13:42:21.695+0100] {logging_mixin.py:190} INFO - [2025-04-30T13:42:21.695+0100] {dag.py:4180} INFO - Setting next_dagrun for read_dataset_event_from_classic to 2025-04-29 00:00:00+00:00, run_after=2025-04-30 00:00:00+00:00
[2025-04-30T13:42:21.704+0100] {processor.py:208} INFO - Processing /Users/dineshsammeta/anaconda3/envs/python38/lib/python3.8/site-packages/airflow/example_dags/example_inlet_event_extra.py took 0.164 seconds
[2025-04-30T13:45:19.322+0100] {processor.py:186} INFO - Started process (PID=67293) to work on /Users/dineshsammeta/anaconda3/envs/python38/lib/python3.8/site-packages/airflow/example_dags/example_inlet_event_extra.py
[2025-04-30T13:45:19.323+0100] {processor.py:914} INFO - Processing file /Users/dineshsammeta/anaconda3/envs/python38/lib/python3.8/site-packages/airflow/example_dags/example_inlet_event_extra.py for tasks to queue
[2025-04-30T13:45:19.324+0100] {logging_mixin.py:190} INFO - [2025-04-30T13:45:19.324+0100] {dagbag.py:588} INFO - Filling up the DagBag from /Users/dineshsammeta/anaconda3/envs/python38/lib/python3.8/site-packages/airflow/example_dags/example_inlet_event_extra.py
[2025-04-30T13:45:19.399+0100] {processor.py:925} INFO - DAG(s) 'read_dataset_event', 'read_dataset_event_from_classic' retrieved from /Users/dineshsammeta/anaconda3/envs/python38/lib/python3.8/site-packages/airflow/example_dags/example_inlet_event_extra.py
[2025-04-30T13:45:19.456+0100] {logging_mixin.py:190} INFO - [2025-04-30T13:45:19.456+0100] {dag.py:3239} INFO - Sync 2 DAGs
[2025-04-30T13:45:19.467+0100] {logging_mixin.py:190} INFO - [2025-04-30T13:45:19.467+0100] {dag.py:4180} INFO - Setting next_dagrun for read_dataset_event to 2025-04-29 00:00:00+00:00, run_after=2025-04-30 00:00:00+00:00
[2025-04-30T13:45:19.470+0100] {logging_mixin.py:190} INFO - [2025-04-30T13:45:19.470+0100] {dag.py:4180} INFO - Setting next_dagrun for read_dataset_event_from_classic to 2025-04-29 00:00:00+00:00, run_after=2025-04-30 00:00:00+00:00
[2025-04-30T13:45:19.479+0100] {processor.py:208} INFO - Processing /Users/dineshsammeta/anaconda3/envs/python38/lib/python3.8/site-packages/airflow/example_dags/example_inlet_event_extra.py took 0.159 seconds
[2025-04-30T13:48:18.974+0100] {processor.py:186} INFO - Started process (PID=67663) to work on /Users/dineshsammeta/anaconda3/envs/python38/lib/python3.8/site-packages/airflow/example_dags/example_inlet_event_extra.py
[2025-04-30T13:48:18.975+0100] {processor.py:914} INFO - Processing file /Users/dineshsammeta/anaconda3/envs/python38/lib/python3.8/site-packages/airflow/example_dags/example_inlet_event_extra.py for tasks to queue
[2025-04-30T13:48:18.975+0100] {logging_mixin.py:190} INFO - [2025-04-30T13:48:18.975+0100] {dagbag.py:588} INFO - Filling up the DagBag from /Users/dineshsammeta/anaconda3/envs/python38/lib/python3.8/site-packages/airflow/example_dags/example_inlet_event_extra.py
[2025-04-30T13:48:19.054+0100] {processor.py:925} INFO - DAG(s) 'read_dataset_event_from_classic', 'read_dataset_event' retrieved from /Users/dineshsammeta/anaconda3/envs/python38/lib/python3.8/site-packages/airflow/example_dags/example_inlet_event_extra.py
[2025-04-30T13:48:19.111+0100] {logging_mixin.py:190} INFO - [2025-04-30T13:48:19.111+0100] {dag.py:3239} INFO - Sync 2 DAGs
[2025-04-30T13:48:19.122+0100] {logging_mixin.py:190} INFO - [2025-04-30T13:48:19.122+0100] {dag.py:4180} INFO - Setting next_dagrun for read_dataset_event to 2025-04-29 00:00:00+00:00, run_after=2025-04-30 00:00:00+00:00
[2025-04-30T13:48:19.124+0100] {logging_mixin.py:190} INFO - [2025-04-30T13:48:19.124+0100] {dag.py:4180} INFO - Setting next_dagrun for read_dataset_event_from_classic to 2025-04-29 00:00:00+00:00, run_after=2025-04-30 00:00:00+00:00
[2025-04-30T13:48:19.134+0100] {processor.py:208} INFO - Processing /Users/dineshsammeta/anaconda3/envs/python38/lib/python3.8/site-packages/airflow/example_dags/example_inlet_event_extra.py took 0.162 seconds
[2025-04-30T13:51:26.592+0100] {processor.py:186} INFO - Started process (PID=67998) to work on /Users/dineshsammeta/anaconda3/envs/python38/lib/python3.8/site-packages/airflow/example_dags/example_inlet_event_extra.py
[2025-04-30T13:51:26.593+0100] {processor.py:914} INFO - Processing file /Users/dineshsammeta/anaconda3/envs/python38/lib/python3.8/site-packages/airflow/example_dags/example_inlet_event_extra.py for tasks to queue
[2025-04-30T13:51:26.593+0100] {logging_mixin.py:190} INFO - [2025-04-30T13:51:26.593+0100] {dagbag.py:588} INFO - Filling up the DagBag from /Users/dineshsammeta/anaconda3/envs/python38/lib/python3.8/site-packages/airflow/example_dags/example_inlet_event_extra.py
[2025-04-30T13:51:26.673+0100] {processor.py:925} INFO - DAG(s) 'read_dataset_event', 'read_dataset_event_from_classic' retrieved from /Users/dineshsammeta/anaconda3/envs/python38/lib/python3.8/site-packages/airflow/example_dags/example_inlet_event_extra.py
[2025-04-30T13:51:26.730+0100] {logging_mixin.py:190} INFO - [2025-04-30T13:51:26.730+0100] {dag.py:3239} INFO - Sync 2 DAGs
[2025-04-30T13:51:26.744+0100] {logging_mixin.py:190} INFO - [2025-04-30T13:51:26.744+0100] {dag.py:4180} INFO - Setting next_dagrun for read_dataset_event to 2025-04-29 00:00:00+00:00, run_after=2025-04-30 00:00:00+00:00
[2025-04-30T13:51:26.746+0100] {logging_mixin.py:190} INFO - [2025-04-30T13:51:26.746+0100] {dag.py:4180} INFO - Setting next_dagrun for read_dataset_event_from_classic to 2025-04-29 00:00:00+00:00, run_after=2025-04-30 00:00:00+00:00
[2025-04-30T13:51:26.755+0100] {processor.py:208} INFO - Processing /Users/dineshsammeta/anaconda3/envs/python38/lib/python3.8/site-packages/airflow/example_dags/example_inlet_event_extra.py took 0.165 seconds
[2025-04-30T13:54:36.835+0100] {processor.py:186} INFO - Started process (PID=68366) to work on /Users/dineshsammeta/anaconda3/envs/python38/lib/python3.8/site-packages/airflow/example_dags/example_inlet_event_extra.py
[2025-04-30T13:54:36.836+0100] {processor.py:914} INFO - Processing file /Users/dineshsammeta/anaconda3/envs/python38/lib/python3.8/site-packages/airflow/example_dags/example_inlet_event_extra.py for tasks to queue
[2025-04-30T13:54:36.836+0100] {logging_mixin.py:190} INFO - [2025-04-30T13:54:36.836+0100] {dagbag.py:588} INFO - Filling up the DagBag from /Users/dineshsammeta/anaconda3/envs/python38/lib/python3.8/site-packages/airflow/example_dags/example_inlet_event_extra.py
[2025-04-30T13:54:36.915+0100] {processor.py:925} INFO - DAG(s) 'read_dataset_event_from_classic', 'read_dataset_event' retrieved from /Users/dineshsammeta/anaconda3/envs/python38/lib/python3.8/site-packages/airflow/example_dags/example_inlet_event_extra.py
[2025-04-30T13:54:36.973+0100] {logging_mixin.py:190} INFO - [2025-04-30T13:54:36.973+0100] {dag.py:3239} INFO - Sync 2 DAGs
[2025-04-30T13:54:36.984+0100] {logging_mixin.py:190} INFO - [2025-04-30T13:54:36.984+0100] {dag.py:4180} INFO - Setting next_dagrun for read_dataset_event to 2025-04-29 00:00:00+00:00, run_after=2025-04-30 00:00:00+00:00
[2025-04-30T13:54:36.987+0100] {logging_mixin.py:190} INFO - [2025-04-30T13:54:36.986+0100] {dag.py:4180} INFO - Setting next_dagrun for read_dataset_event_from_classic to 2025-04-29 00:00:00+00:00, run_after=2025-04-30 00:00:00+00:00
[2025-04-30T13:54:36.996+0100] {processor.py:208} INFO - Processing /Users/dineshsammeta/anaconda3/envs/python38/lib/python3.8/site-packages/airflow/example_dags/example_inlet_event_extra.py took 0.164 seconds
[2025-04-30T13:57:39.065+0100] {processor.py:186} INFO - Started process (PID=68679) to work on /Users/dineshsammeta/anaconda3/envs/python38/lib/python3.8/site-packages/airflow/example_dags/example_inlet_event_extra.py
[2025-04-30T13:57:39.066+0100] {processor.py:914} INFO - Processing file /Users/dineshsammeta/anaconda3/envs/python38/lib/python3.8/site-packages/airflow/example_dags/example_inlet_event_extra.py for tasks to queue
[2025-04-30T13:57:39.067+0100] {logging_mixin.py:190} INFO - [2025-04-30T13:57:39.066+0100] {dagbag.py:588} INFO - Filling up the DagBag from /Users/dineshsammeta/anaconda3/envs/python38/lib/python3.8/site-packages/airflow/example_dags/example_inlet_event_extra.py
[2025-04-30T13:57:39.141+0100] {processor.py:925} INFO - DAG(s) 'read_dataset_event', 'read_dataset_event_from_classic' retrieved from /Users/dineshsammeta/anaconda3/envs/python38/lib/python3.8/site-packages/airflow/example_dags/example_inlet_event_extra.py
[2025-04-30T13:57:39.198+0100] {logging_mixin.py:190} INFO - [2025-04-30T13:57:39.198+0100] {dag.py:3239} INFO - Sync 2 DAGs
[2025-04-30T13:57:39.209+0100] {logging_mixin.py:190} INFO - [2025-04-30T13:57:39.209+0100] {dag.py:4180} INFO - Setting next_dagrun for read_dataset_event to 2025-04-29 00:00:00+00:00, run_after=2025-04-30 00:00:00+00:00
[2025-04-30T13:57:39.211+0100] {logging_mixin.py:190} INFO - [2025-04-30T13:57:39.211+0100] {dag.py:4180} INFO - Setting next_dagrun for read_dataset_event_from_classic to 2025-04-29 00:00:00+00:00, run_after=2025-04-30 00:00:00+00:00
[2025-04-30T13:57:39.220+0100] {processor.py:208} INFO - Processing /Users/dineshsammeta/anaconda3/envs/python38/lib/python3.8/site-packages/airflow/example_dags/example_inlet_event_extra.py took 0.158 seconds
[2025-04-30T14:00:37.231+0100] {processor.py:186} INFO - Started process (PID=69002) to work on /Users/dineshsammeta/anaconda3/envs/python38/lib/python3.8/site-packages/airflow/example_dags/example_inlet_event_extra.py
[2025-04-30T14:00:37.233+0100] {processor.py:914} INFO - Processing file /Users/dineshsammeta/anaconda3/envs/python38/lib/python3.8/site-packages/airflow/example_dags/example_inlet_event_extra.py for tasks to queue
[2025-04-30T14:00:37.233+0100] {logging_mixin.py:190} INFO - [2025-04-30T14:00:37.233+0100] {dagbag.py:588} INFO - Filling up the DagBag from /Users/dineshsammeta/anaconda3/envs/python38/lib/python3.8/site-packages/airflow/example_dags/example_inlet_event_extra.py
[2025-04-30T14:00:37.312+0100] {processor.py:925} INFO - DAG(s) 'read_dataset_event', 'read_dataset_event_from_classic' retrieved from /Users/dineshsammeta/anaconda3/envs/python38/lib/python3.8/site-packages/airflow/example_dags/example_inlet_event_extra.py
[2025-04-30T14:00:37.370+0100] {logging_mixin.py:190} INFO - [2025-04-30T14:00:37.370+0100] {dag.py:3239} INFO - Sync 2 DAGs
[2025-04-30T14:00:37.381+0100] {logging_mixin.py:190} INFO - [2025-04-30T14:00:37.381+0100] {dag.py:4180} INFO - Setting next_dagrun for read_dataset_event to 2025-04-29 00:00:00+00:00, run_after=2025-04-30 00:00:00+00:00
[2025-04-30T14:00:37.384+0100] {logging_mixin.py:190} INFO - [2025-04-30T14:00:37.384+0100] {dag.py:4180} INFO - Setting next_dagrun for read_dataset_event_from_classic to 2025-04-29 00:00:00+00:00, run_after=2025-04-30 00:00:00+00:00
[2025-04-30T14:00:37.393+0100] {processor.py:208} INFO - Processing /Users/dineshsammeta/anaconda3/envs/python38/lib/python3.8/site-packages/airflow/example_dags/example_inlet_event_extra.py took 0.164 seconds
[2025-04-30T15:24:09.099+0100] {processor.py:186} INFO - Started process (PID=69377) to work on /Users/dineshsammeta/anaconda3/envs/python38/lib/python3.8/site-packages/airflow/example_dags/example_inlet_event_extra.py
[2025-04-30T15:24:09.100+0100] {processor.py:914} INFO - Processing file /Users/dineshsammeta/anaconda3/envs/python38/lib/python3.8/site-packages/airflow/example_dags/example_inlet_event_extra.py for tasks to queue
[2025-04-30T15:24:09.101+0100] {logging_mixin.py:190} INFO - [2025-04-30T15:24:09.101+0100] {dagbag.py:588} INFO - Filling up the DagBag from /Users/dineshsammeta/anaconda3/envs/python38/lib/python3.8/site-packages/airflow/example_dags/example_inlet_event_extra.py
[2025-04-30T15:24:09.189+0100] {processor.py:925} INFO - DAG(s) 'read_dataset_event_from_classic', 'read_dataset_event' retrieved from /Users/dineshsammeta/anaconda3/envs/python38/lib/python3.8/site-packages/airflow/example_dags/example_inlet_event_extra.py
[2025-04-30T15:24:09.248+0100] {logging_mixin.py:190} INFO - [2025-04-30T15:24:09.248+0100] {dag.py:3239} INFO - Sync 2 DAGs
[2025-04-30T15:24:09.260+0100] {logging_mixin.py:190} INFO - [2025-04-30T15:24:09.260+0100] {dag.py:4180} INFO - Setting next_dagrun for read_dataset_event to 2025-04-29 00:00:00+00:00, run_after=2025-04-30 00:00:00+00:00
[2025-04-30T15:24:09.263+0100] {logging_mixin.py:190} INFO - [2025-04-30T15:24:09.263+0100] {dag.py:4180} INFO - Setting next_dagrun for read_dataset_event_from_classic to 2025-04-29 00:00:00+00:00, run_after=2025-04-30 00:00:00+00:00
[2025-04-30T15:24:09.272+0100] {processor.py:208} INFO - Processing /Users/dineshsammeta/anaconda3/envs/python38/lib/python3.8/site-packages/airflow/example_dags/example_inlet_event_extra.py took 0.175 seconds
[2025-04-30T15:39:37.222+0100] {processor.py:186} INFO - Started process (PID=69587) to work on /Users/dineshsammeta/anaconda3/envs/python38/lib/python3.8/site-packages/airflow/example_dags/example_inlet_event_extra.py
[2025-04-30T15:39:37.224+0100] {processor.py:914} INFO - Processing file /Users/dineshsammeta/anaconda3/envs/python38/lib/python3.8/site-packages/airflow/example_dags/example_inlet_event_extra.py for tasks to queue
[2025-04-30T15:39:37.224+0100] {logging_mixin.py:190} INFO - [2025-04-30T15:39:37.224+0100] {dagbag.py:588} INFO - Filling up the DagBag from /Users/dineshsammeta/anaconda3/envs/python38/lib/python3.8/site-packages/airflow/example_dags/example_inlet_event_extra.py
[2025-04-30T15:39:37.302+0100] {processor.py:925} INFO - DAG(s) 'read_dataset_event', 'read_dataset_event_from_classic' retrieved from /Users/dineshsammeta/anaconda3/envs/python38/lib/python3.8/site-packages/airflow/example_dags/example_inlet_event_extra.py
[2025-04-30T15:39:37.361+0100] {logging_mixin.py:190} INFO - [2025-04-30T15:39:37.361+0100] {dag.py:3239} INFO - Sync 2 DAGs
[2025-04-30T15:39:37.372+0100] {logging_mixin.py:190} INFO - [2025-04-30T15:39:37.372+0100] {dag.py:4180} INFO - Setting next_dagrun for read_dataset_event to 2025-04-29 00:00:00+00:00, run_after=2025-04-30 00:00:00+00:00
[2025-04-30T15:39:37.374+0100] {logging_mixin.py:190} INFO - [2025-04-30T15:39:37.374+0100] {dag.py:4180} INFO - Setting next_dagrun for read_dataset_event_from_classic to 2025-04-29 00:00:00+00:00, run_after=2025-04-30 00:00:00+00:00
[2025-04-30T15:39:37.383+0100] {processor.py:208} INFO - Processing /Users/dineshsammeta/anaconda3/envs/python38/lib/python3.8/site-packages/airflow/example_dags/example_inlet_event_extra.py took 0.163 seconds
[2025-04-30T15:42:33.987+0100] {processor.py:186} INFO - Started process (PID=69908) to work on /Users/dineshsammeta/anaconda3/envs/python38/lib/python3.8/site-packages/airflow/example_dags/example_inlet_event_extra.py
[2025-04-30T15:42:33.989+0100] {processor.py:914} INFO - Processing file /Users/dineshsammeta/anaconda3/envs/python38/lib/python3.8/site-packages/airflow/example_dags/example_inlet_event_extra.py for tasks to queue
[2025-04-30T15:42:33.989+0100] {logging_mixin.py:190} INFO - [2025-04-30T15:42:33.989+0100] {dagbag.py:588} INFO - Filling up the DagBag from /Users/dineshsammeta/anaconda3/envs/python38/lib/python3.8/site-packages/airflow/example_dags/example_inlet_event_extra.py
[2025-04-30T15:42:34.070+0100] {processor.py:925} INFO - DAG(s) 'read_dataset_event', 'read_dataset_event_from_classic' retrieved from /Users/dineshsammeta/anaconda3/envs/python38/lib/python3.8/site-packages/airflow/example_dags/example_inlet_event_extra.py
[2025-04-30T15:42:34.126+0100] {logging_mixin.py:190} INFO - [2025-04-30T15:42:34.126+0100] {dag.py:3239} INFO - Sync 2 DAGs
[2025-04-30T15:42:34.138+0100] {logging_mixin.py:190} INFO - [2025-04-30T15:42:34.138+0100] {dag.py:4180} INFO - Setting next_dagrun for read_dataset_event to 2025-04-29 00:00:00+00:00, run_after=2025-04-30 00:00:00+00:00
[2025-04-30T15:42:34.140+0100] {logging_mixin.py:190} INFO - [2025-04-30T15:42:34.140+0100] {dag.py:4180} INFO - Setting next_dagrun for read_dataset_event_from_classic to 2025-04-29 00:00:00+00:00, run_after=2025-04-30 00:00:00+00:00
[2025-04-30T15:42:34.149+0100] {processor.py:208} INFO - Processing /Users/dineshsammeta/anaconda3/envs/python38/lib/python3.8/site-packages/airflow/example_dags/example_inlet_event_extra.py took 0.164 seconds
[2025-04-30T15:45:53.790+0100] {processor.py:186} INFO - Started process (PID=70236) to work on /Users/dineshsammeta/anaconda3/envs/python38/lib/python3.8/site-packages/airflow/example_dags/example_inlet_event_extra.py
[2025-04-30T15:45:53.790+0100] {processor.py:914} INFO - Processing file /Users/dineshsammeta/anaconda3/envs/python38/lib/python3.8/site-packages/airflow/example_dags/example_inlet_event_extra.py for tasks to queue
[2025-04-30T15:45:53.791+0100] {logging_mixin.py:190} INFO - [2025-04-30T15:45:53.791+0100] {dagbag.py:588} INFO - Filling up the DagBag from /Users/dineshsammeta/anaconda3/envs/python38/lib/python3.8/site-packages/airflow/example_dags/example_inlet_event_extra.py
[2025-04-30T15:45:53.877+0100] {processor.py:925} INFO - DAG(s) 'read_dataset_event_from_classic', 'read_dataset_event' retrieved from /Users/dineshsammeta/anaconda3/envs/python38/lib/python3.8/site-packages/airflow/example_dags/example_inlet_event_extra.py
[2025-04-30T15:45:53.936+0100] {logging_mixin.py:190} INFO - [2025-04-30T15:45:53.935+0100] {dag.py:3239} INFO - Sync 2 DAGs
[2025-04-30T15:45:53.948+0100] {logging_mixin.py:190} INFO - [2025-04-30T15:45:53.948+0100] {dag.py:4180} INFO - Setting next_dagrun for read_dataset_event to 2025-04-29 00:00:00+00:00, run_after=2025-04-30 00:00:00+00:00
[2025-04-30T15:45:53.951+0100] {logging_mixin.py:190} INFO - [2025-04-30T15:45:53.950+0100] {dag.py:4180} INFO - Setting next_dagrun for read_dataset_event_from_classic to 2025-04-29 00:00:00+00:00, run_after=2025-04-30 00:00:00+00:00
[2025-04-30T15:45:53.960+0100] {processor.py:208} INFO - Processing /Users/dineshsammeta/anaconda3/envs/python38/lib/python3.8/site-packages/airflow/example_dags/example_inlet_event_extra.py took 0.173 seconds
