[2025-04-30T13:39:23.368+0100] {processor.py:186} INFO - Started process (PID=66552) to work on /Users/dineshsammeta/anaconda3/envs/python38/lib/python3.8/site-packages/airflow/example_dags/example_xcom.py
[2025-04-30T13:39:23.368+0100] {processor.py:914} INFO - Processing file /Users/dineshsammeta/anaconda3/envs/python38/lib/python3.8/site-packages/airflow/example_dags/example_xcom.py for tasks to queue
[2025-04-30T13:39:23.369+0100] {logging_mixin.py:190} INFO - [2025-04-30T13:39:23.369+0100] {dagbag.py:588} INFO - Filling up the DagBag from /Users/dineshsammeta/anaconda3/envs/python38/lib/python3.8/site-packages/airflow/example_dags/example_xcom.py
[2025-04-30T13:39:23.420+0100] {processor.py:925} INFO - DAG(s) 'example_xcom' retrieved from /Users/dineshsammeta/anaconda3/envs/python38/lib/python3.8/site-packages/airflow/example_dags/example_xcom.py
[2025-04-30T13:39:23.479+0100] {logging_mixin.py:190} INFO - [2025-04-30T13:39:23.478+0100] {dag.py:3239} INFO - Sync 1 DAGs
[2025-04-30T13:39:23.488+0100] {logging_mixin.py:190} INFO - [2025-04-30T13:39:23.488+0100] {dag.py:4180} INFO - Setting next_dagrun for example_xcom to 2021-01-01 00:00:00+00:00, run_after=2021-01-01 00:00:00+00:00
[2025-04-30T13:39:23.498+0100] {processor.py:208} INFO - Processing /Users/dineshsammeta/anaconda3/envs/python38/lib/python3.8/site-packages/airflow/example_dags/example_xcom.py took 0.133 seconds
[2025-04-30T13:41:27.399+0100] {processor.py:186} INFO - Started process (PID=66851) to work on /Users/dineshsammeta/anaconda3/envs/python38/lib/python3.8/site-packages/airflow/example_dags/example_xcom.py
[2025-04-30T13:41:27.401+0100] {processor.py:914} INFO - Processing file /Users/dineshsammeta/anaconda3/envs/python38/lib/python3.8/site-packages/airflow/example_dags/example_xcom.py for tasks to queue
[2025-04-30T13:41:27.402+0100] {logging_mixin.py:190} INFO - [2025-04-30T13:41:27.401+0100] {dagbag.py:588} INFO - Filling up the DagBag from /Users/dineshsammeta/anaconda3/envs/python38/lib/python3.8/site-packages/airflow/example_dags/example_xcom.py
[2025-04-30T13:41:27.453+0100] {processor.py:925} INFO - DAG(s) 'example_xcom' retrieved from /Users/dineshsammeta/anaconda3/envs/python38/lib/python3.8/site-packages/airflow/example_dags/example_xcom.py
[2025-04-30T13:41:27.510+0100] {logging_mixin.py:190} INFO - [2025-04-30T13:41:27.510+0100] {dag.py:3239} INFO - Sync 1 DAGs
[2025-04-30T13:41:27.520+0100] {logging_mixin.py:190} INFO - [2025-04-30T13:41:27.520+0100] {dag.py:4180} INFO - Setting next_dagrun for example_xcom to 2021-01-01 00:00:00+00:00, run_after=2021-01-01 00:00:00+00:00
[2025-04-30T13:41:27.531+0100] {processor.py:208} INFO - Processing /Users/dineshsammeta/anaconda3/envs/python38/lib/python3.8/site-packages/airflow/example_dags/example_xcom.py took 0.134 seconds
[2025-04-30T13:42:54.937+0100] {processor.py:186} INFO - Started process (PID=67028) to work on /Users/dineshsammeta/anaconda3/envs/python38/lib/python3.8/site-packages/airflow/example_dags/example_xcom.py
[2025-04-30T13:42:54.938+0100] {processor.py:914} INFO - Processing file /Users/dineshsammeta/anaconda3/envs/python38/lib/python3.8/site-packages/airflow/example_dags/example_xcom.py for tasks to queue
[2025-04-30T13:42:54.938+0100] {logging_mixin.py:190} INFO - [2025-04-30T13:42:54.938+0100] {dagbag.py:588} INFO - Filling up the DagBag from /Users/dineshsammeta/anaconda3/envs/python38/lib/python3.8/site-packages/airflow/example_dags/example_xcom.py
[2025-04-30T13:42:54.991+0100] {processor.py:925} INFO - DAG(s) 'example_xcom' retrieved from /Users/dineshsammeta/anaconda3/envs/python38/lib/python3.8/site-packages/airflow/example_dags/example_xcom.py
[2025-04-30T13:42:55.049+0100] {logging_mixin.py:190} INFO - [2025-04-30T13:42:55.049+0100] {dag.py:3239} INFO - Sync 1 DAGs
[2025-04-30T13:42:55.059+0100] {logging_mixin.py:190} INFO - [2025-04-30T13:42:55.059+0100] {dag.py:4180} INFO - Setting next_dagrun for example_xcom to 2021-01-01 00:00:00+00:00, run_after=2021-01-01 00:00:00+00:00
[2025-04-30T13:42:55.070+0100] {processor.py:208} INFO - Processing /Users/dineshsammeta/anaconda3/envs/python38/lib/python3.8/site-packages/airflow/example_dags/example_xcom.py took 0.136 seconds
[2025-04-30T13:44:24.189+0100] {processor.py:186} INFO - Started process (PID=67196) to work on /Users/dineshsammeta/anaconda3/envs/python38/lib/python3.8/site-packages/airflow/example_dags/example_xcom.py
[2025-04-30T13:44:24.189+0100] {processor.py:914} INFO - Processing file /Users/dineshsammeta/anaconda3/envs/python38/lib/python3.8/site-packages/airflow/example_dags/example_xcom.py for tasks to queue
[2025-04-30T13:44:24.190+0100] {logging_mixin.py:190} INFO - [2025-04-30T13:44:24.190+0100] {dagbag.py:588} INFO - Filling up the DagBag from /Users/dineshsammeta/anaconda3/envs/python38/lib/python3.8/site-packages/airflow/example_dags/example_xcom.py
[2025-04-30T13:44:24.242+0100] {processor.py:925} INFO - DAG(s) 'example_xcom' retrieved from /Users/dineshsammeta/anaconda3/envs/python38/lib/python3.8/site-packages/airflow/example_dags/example_xcom.py
[2025-04-30T13:44:24.300+0100] {logging_mixin.py:190} INFO - [2025-04-30T13:44:24.299+0100] {dag.py:3239} INFO - Sync 1 DAGs
[2025-04-30T13:44:24.310+0100] {logging_mixin.py:190} INFO - [2025-04-30T13:44:24.310+0100] {dag.py:4180} INFO - Setting next_dagrun for example_xcom to 2021-01-01 00:00:00+00:00, run_after=2021-01-01 00:00:00+00:00
[2025-04-30T13:44:24.319+0100] {processor.py:208} INFO - Processing /Users/dineshsammeta/anaconda3/envs/python38/lib/python3.8/site-packages/airflow/example_dags/example_xcom.py took 0.133 seconds
[2025-04-30T13:45:53.553+0100] {processor.py:186} INFO - Started process (PID=67360) to work on /Users/dineshsammeta/anaconda3/envs/python38/lib/python3.8/site-packages/airflow/example_dags/example_xcom.py
[2025-04-30T13:45:53.553+0100] {processor.py:914} INFO - Processing file /Users/dineshsammeta/anaconda3/envs/python38/lib/python3.8/site-packages/airflow/example_dags/example_xcom.py for tasks to queue
[2025-04-30T13:45:53.554+0100] {logging_mixin.py:190} INFO - [2025-04-30T13:45:53.554+0100] {dagbag.py:588} INFO - Filling up the DagBag from /Users/dineshsammeta/anaconda3/envs/python38/lib/python3.8/site-packages/airflow/example_dags/example_xcom.py
[2025-04-30T13:45:53.605+0100] {processor.py:925} INFO - DAG(s) 'example_xcom' retrieved from /Users/dineshsammeta/anaconda3/envs/python38/lib/python3.8/site-packages/airflow/example_dags/example_xcom.py
[2025-04-30T13:45:53.664+0100] {logging_mixin.py:190} INFO - [2025-04-30T13:45:53.664+0100] {dag.py:3239} INFO - Sync 1 DAGs
[2025-04-30T13:45:53.674+0100] {logging_mixin.py:190} INFO - [2025-04-30T13:45:53.674+0100] {dag.py:4180} INFO - Setting next_dagrun for example_xcom to 2021-01-01 00:00:00+00:00, run_after=2021-01-01 00:00:00+00:00
[2025-04-30T13:45:53.684+0100] {processor.py:208} INFO - Processing /Users/dineshsammeta/anaconda3/envs/python38/lib/python3.8/site-packages/airflow/example_dags/example_xcom.py took 0.133 seconds
[2025-04-30T13:47:22.619+0100] {processor.py:186} INFO - Started process (PID=67553) to work on /Users/dineshsammeta/anaconda3/envs/python38/lib/python3.8/site-packages/airflow/example_dags/example_xcom.py
[2025-04-30T13:47:22.620+0100] {processor.py:914} INFO - Processing file /Users/dineshsammeta/anaconda3/envs/python38/lib/python3.8/site-packages/airflow/example_dags/example_xcom.py for tasks to queue
[2025-04-30T13:47:22.621+0100] {logging_mixin.py:190} INFO - [2025-04-30T13:47:22.621+0100] {dagbag.py:588} INFO - Filling up the DagBag from /Users/dineshsammeta/anaconda3/envs/python38/lib/python3.8/site-packages/airflow/example_dags/example_xcom.py
[2025-04-30T13:47:22.671+0100] {processor.py:925} INFO - DAG(s) 'example_xcom' retrieved from /Users/dineshsammeta/anaconda3/envs/python38/lib/python3.8/site-packages/airflow/example_dags/example_xcom.py
[2025-04-30T13:47:22.729+0100] {logging_mixin.py:190} INFO - [2025-04-30T13:47:22.729+0100] {dag.py:3239} INFO - Sync 1 DAGs
[2025-04-30T13:47:22.739+0100] {logging_mixin.py:190} INFO - [2025-04-30T13:47:22.739+0100] {dag.py:4180} INFO - Setting next_dagrun for example_xcom to 2021-01-01 00:00:00+00:00, run_after=2021-01-01 00:00:00+00:00
[2025-04-30T13:47:22.749+0100] {processor.py:208} INFO - Processing /Users/dineshsammeta/anaconda3/envs/python38/lib/python3.8/site-packages/airflow/example_dags/example_xcom.py took 0.132 seconds
[2025-04-30T13:48:52.947+0100] {processor.py:186} INFO - Started process (PID=67724) to work on /Users/dineshsammeta/anaconda3/envs/python38/lib/python3.8/site-packages/airflow/example_dags/example_xcom.py
[2025-04-30T13:48:52.948+0100] {processor.py:914} INFO - Processing file /Users/dineshsammeta/anaconda3/envs/python38/lib/python3.8/site-packages/airflow/example_dags/example_xcom.py for tasks to queue
[2025-04-30T13:48:52.949+0100] {logging_mixin.py:190} INFO - [2025-04-30T13:48:52.949+0100] {dagbag.py:588} INFO - Filling up the DagBag from /Users/dineshsammeta/anaconda3/envs/python38/lib/python3.8/site-packages/airflow/example_dags/example_xcom.py
[2025-04-30T13:48:53.002+0100] {processor.py:925} INFO - DAG(s) 'example_xcom' retrieved from /Users/dineshsammeta/anaconda3/envs/python38/lib/python3.8/site-packages/airflow/example_dags/example_xcom.py
[2025-04-30T13:48:53.061+0100] {logging_mixin.py:190} INFO - [2025-04-30T13:48:53.061+0100] {dag.py:3239} INFO - Sync 1 DAGs
[2025-04-30T13:48:53.073+0100] {logging_mixin.py:190} INFO - [2025-04-30T13:48:53.073+0100] {dag.py:4180} INFO - Setting next_dagrun for example_xcom to 2021-01-01 00:00:00+00:00, run_after=2021-01-01 00:00:00+00:00
[2025-04-30T13:48:53.083+0100] {processor.py:208} INFO - Processing /Users/dineshsammeta/anaconda3/envs/python38/lib/python3.8/site-packages/airflow/example_dags/example_xcom.py took 0.139 seconds
[2025-04-30T13:50:29.497+0100] {processor.py:186} INFO - Started process (PID=67890) to work on /Users/dineshsammeta/anaconda3/envs/python38/lib/python3.8/site-packages/airflow/example_dags/example_xcom.py
[2025-04-30T13:50:29.498+0100] {processor.py:914} INFO - Processing file /Users/dineshsammeta/anaconda3/envs/python38/lib/python3.8/site-packages/airflow/example_dags/example_xcom.py for tasks to queue
[2025-04-30T13:50:29.499+0100] {logging_mixin.py:190} INFO - [2025-04-30T13:50:29.499+0100] {dagbag.py:588} INFO - Filling up the DagBag from /Users/dineshsammeta/anaconda3/envs/python38/lib/python3.8/site-packages/airflow/example_dags/example_xcom.py
[2025-04-30T13:50:29.552+0100] {processor.py:925} INFO - DAG(s) 'example_xcom' retrieved from /Users/dineshsammeta/anaconda3/envs/python38/lib/python3.8/site-packages/airflow/example_dags/example_xcom.py
[2025-04-30T13:50:29.611+0100] {logging_mixin.py:190} INFO - [2025-04-30T13:50:29.611+0100] {dag.py:3239} INFO - Sync 1 DAGs
[2025-04-30T13:50:29.622+0100] {logging_mixin.py:190} INFO - [2025-04-30T13:50:29.622+0100] {dag.py:4180} INFO - Setting next_dagrun for example_xcom to 2021-01-01 00:00:00+00:00, run_after=2021-01-01 00:00:00+00:00
[2025-04-30T13:50:29.632+0100] {processor.py:208} INFO - Processing /Users/dineshsammeta/anaconda3/envs/python38/lib/python3.8/site-packages/airflow/example_dags/example_xcom.py took 0.138 seconds
[2025-04-30T13:51:59.824+0100] {processor.py:186} INFO - Started process (PID=68053) to work on /Users/dineshsammeta/anaconda3/envs/python38/lib/python3.8/site-packages/airflow/example_dags/example_xcom.py
[2025-04-30T13:51:59.826+0100] {processor.py:914} INFO - Processing file /Users/dineshsammeta/anaconda3/envs/python38/lib/python3.8/site-packages/airflow/example_dags/example_xcom.py for tasks to queue
[2025-04-30T13:51:59.826+0100] {logging_mixin.py:190} INFO - [2025-04-30T13:51:59.826+0100] {dagbag.py:588} INFO - Filling up the DagBag from /Users/dineshsammeta/anaconda3/envs/python38/lib/python3.8/site-packages/airflow/example_dags/example_xcom.py
[2025-04-30T13:51:59.877+0100] {processor.py:925} INFO - DAG(s) 'example_xcom' retrieved from /Users/dineshsammeta/anaconda3/envs/python38/lib/python3.8/site-packages/airflow/example_dags/example_xcom.py
[2025-04-30T13:51:59.934+0100] {logging_mixin.py:190} INFO - [2025-04-30T13:51:59.934+0100] {dag.py:3239} INFO - Sync 1 DAGs
[2025-04-30T13:51:59.944+0100] {logging_mixin.py:190} INFO - [2025-04-30T13:51:59.944+0100] {dag.py:4180} INFO - Setting next_dagrun for example_xcom to 2021-01-01 00:00:00+00:00, run_after=2021-01-01 00:00:00+00:00
[2025-04-30T13:51:59.954+0100] {processor.py:208} INFO - Processing /Users/dineshsammeta/anaconda3/envs/python38/lib/python3.8/site-packages/airflow/example_dags/example_xcom.py took 0.132 seconds
[2025-04-30T13:53:38.343+0100] {processor.py:186} INFO - Started process (PID=68243) to work on /Users/dineshsammeta/anaconda3/envs/python38/lib/python3.8/site-packages/airflow/example_dags/example_xcom.py
[2025-04-30T13:53:38.344+0100] {processor.py:914} INFO - Processing file /Users/dineshsammeta/anaconda3/envs/python38/lib/python3.8/site-packages/airflow/example_dags/example_xcom.py for tasks to queue
[2025-04-30T13:53:38.345+0100] {logging_mixin.py:190} INFO - [2025-04-30T13:53:38.345+0100] {dagbag.py:588} INFO - Filling up the DagBag from /Users/dineshsammeta/anaconda3/envs/python38/lib/python3.8/site-packages/airflow/example_dags/example_xcom.py
[2025-04-30T13:53:38.397+0100] {processor.py:925} INFO - DAG(s) 'example_xcom' retrieved from /Users/dineshsammeta/anaconda3/envs/python38/lib/python3.8/site-packages/airflow/example_dags/example_xcom.py
[2025-04-30T13:53:38.454+0100] {logging_mixin.py:190} INFO - [2025-04-30T13:53:38.454+0100] {dag.py:3239} INFO - Sync 1 DAGs
[2025-04-30T13:53:38.465+0100] {logging_mixin.py:190} INFO - [2025-04-30T13:53:38.465+0100] {dag.py:4180} INFO - Setting next_dagrun for example_xcom to 2021-01-01 00:00:00+00:00, run_after=2021-01-01 00:00:00+00:00
[2025-04-30T13:53:38.474+0100] {processor.py:208} INFO - Processing /Users/dineshsammeta/anaconda3/envs/python38/lib/python3.8/site-packages/airflow/example_dags/example_xcom.py took 0.134 seconds
[2025-04-30T13:55:15.424+0100] {processor.py:186} INFO - Started process (PID=68434) to work on /Users/dineshsammeta/anaconda3/envs/python38/lib/python3.8/site-packages/airflow/example_dags/example_xcom.py
[2025-04-30T13:55:15.425+0100] {processor.py:914} INFO - Processing file /Users/dineshsammeta/anaconda3/envs/python38/lib/python3.8/site-packages/airflow/example_dags/example_xcom.py for tasks to queue
[2025-04-30T13:55:15.426+0100] {logging_mixin.py:190} INFO - [2025-04-30T13:55:15.426+0100] {dagbag.py:588} INFO - Filling up the DagBag from /Users/dineshsammeta/anaconda3/envs/python38/lib/python3.8/site-packages/airflow/example_dags/example_xcom.py
[2025-04-30T13:55:15.476+0100] {processor.py:925} INFO - DAG(s) 'example_xcom' retrieved from /Users/dineshsammeta/anaconda3/envs/python38/lib/python3.8/site-packages/airflow/example_dags/example_xcom.py
[2025-04-30T13:55:15.533+0100] {logging_mixin.py:190} INFO - [2025-04-30T13:55:15.532+0100] {dag.py:3239} INFO - Sync 1 DAGs
[2025-04-30T13:55:15.543+0100] {logging_mixin.py:190} INFO - [2025-04-30T13:55:15.542+0100] {dag.py:4180} INFO - Setting next_dagrun for example_xcom to 2021-01-01 00:00:00+00:00, run_after=2021-01-01 00:00:00+00:00
[2025-04-30T13:55:15.552+0100] {processor.py:208} INFO - Processing /Users/dineshsammeta/anaconda3/envs/python38/lib/python3.8/site-packages/airflow/example_dags/example_xcom.py took 0.130 seconds
[2025-04-30T13:56:47.244+0100] {processor.py:186} INFO - Started process (PID=68592) to work on /Users/dineshsammeta/anaconda3/envs/python38/lib/python3.8/site-packages/airflow/example_dags/example_xcom.py
[2025-04-30T13:56:47.245+0100] {processor.py:914} INFO - Processing file /Users/dineshsammeta/anaconda3/envs/python38/lib/python3.8/site-packages/airflow/example_dags/example_xcom.py for tasks to queue
[2025-04-30T13:56:47.246+0100] {logging_mixin.py:190} INFO - [2025-04-30T13:56:47.246+0100] {dagbag.py:588} INFO - Filling up the DagBag from /Users/dineshsammeta/anaconda3/envs/python38/lib/python3.8/site-packages/airflow/example_dags/example_xcom.py
[2025-04-30T13:56:47.297+0100] {processor.py:925} INFO - DAG(s) 'example_xcom' retrieved from /Users/dineshsammeta/anaconda3/envs/python38/lib/python3.8/site-packages/airflow/example_dags/example_xcom.py
[2025-04-30T13:56:47.353+0100] {logging_mixin.py:190} INFO - [2025-04-30T13:56:47.353+0100] {dag.py:3239} INFO - Sync 1 DAGs
[2025-04-30T13:56:47.363+0100] {logging_mixin.py:190} INFO - [2025-04-30T13:56:47.363+0100] {dag.py:4180} INFO - Setting next_dagrun for example_xcom to 2021-01-01 00:00:00+00:00, run_after=2021-01-01 00:00:00+00:00
[2025-04-30T13:56:47.373+0100] {processor.py:208} INFO - Processing /Users/dineshsammeta/anaconda3/envs/python38/lib/python3.8/site-packages/airflow/example_dags/example_xcom.py took 0.132 seconds
[2025-04-30T13:58:17.658+0100] {processor.py:186} INFO - Started process (PID=68752) to work on /Users/dineshsammeta/anaconda3/envs/python38/lib/python3.8/site-packages/airflow/example_dags/example_xcom.py
[2025-04-30T13:58:17.659+0100] {processor.py:914} INFO - Processing file /Users/dineshsammeta/anaconda3/envs/python38/lib/python3.8/site-packages/airflow/example_dags/example_xcom.py for tasks to queue
[2025-04-30T13:58:17.660+0100] {logging_mixin.py:190} INFO - [2025-04-30T13:58:17.660+0100] {dagbag.py:588} INFO - Filling up the DagBag from /Users/dineshsammeta/anaconda3/envs/python38/lib/python3.8/site-packages/airflow/example_dags/example_xcom.py
[2025-04-30T13:58:17.711+0100] {processor.py:925} INFO - DAG(s) 'example_xcom' retrieved from /Users/dineshsammeta/anaconda3/envs/python38/lib/python3.8/site-packages/airflow/example_dags/example_xcom.py
[2025-04-30T13:58:17.768+0100] {logging_mixin.py:190} INFO - [2025-04-30T13:58:17.768+0100] {dag.py:3239} INFO - Sync 1 DAGs
[2025-04-30T13:58:17.778+0100] {logging_mixin.py:190} INFO - [2025-04-30T13:58:17.778+0100] {dag.py:4180} INFO - Setting next_dagrun for example_xcom to 2021-01-01 00:00:00+00:00, run_after=2021-01-01 00:00:00+00:00
[2025-04-30T13:58:17.788+0100] {processor.py:208} INFO - Processing /Users/dineshsammeta/anaconda3/envs/python38/lib/python3.8/site-packages/airflow/example_dags/example_xcom.py took 0.132 seconds
[2025-04-30T13:59:46.962+0100] {processor.py:186} INFO - Started process (PID=68914) to work on /Users/dineshsammeta/anaconda3/envs/python38/lib/python3.8/site-packages/airflow/example_dags/example_xcom.py
[2025-04-30T13:59:46.963+0100] {processor.py:914} INFO - Processing file /Users/dineshsammeta/anaconda3/envs/python38/lib/python3.8/site-packages/airflow/example_dags/example_xcom.py for tasks to queue
[2025-04-30T13:59:46.964+0100] {logging_mixin.py:190} INFO - [2025-04-30T13:59:46.963+0100] {dagbag.py:588} INFO - Filling up the DagBag from /Users/dineshsammeta/anaconda3/envs/python38/lib/python3.8/site-packages/airflow/example_dags/example_xcom.py
[2025-04-30T13:59:47.014+0100] {processor.py:925} INFO - DAG(s) 'example_xcom' retrieved from /Users/dineshsammeta/anaconda3/envs/python38/lib/python3.8/site-packages/airflow/example_dags/example_xcom.py
[2025-04-30T13:59:47.073+0100] {logging_mixin.py:190} INFO - [2025-04-30T13:59:47.073+0100] {dag.py:3239} INFO - Sync 1 DAGs
[2025-04-30T13:59:47.084+0100] {logging_mixin.py:190} INFO - [2025-04-30T13:59:47.084+0100] {dag.py:4180} INFO - Setting next_dagrun for example_xcom to 2021-01-01 00:00:00+00:00, run_after=2021-01-01 00:00:00+00:00
[2025-04-30T13:59:47.094+0100] {processor.py:208} INFO - Processing /Users/dineshsammeta/anaconda3/envs/python38/lib/python3.8/site-packages/airflow/example_dags/example_xcom.py took 0.134 seconds
[2025-04-30T14:01:15.813+0100] {processor.py:186} INFO - Started process (PID=69074) to work on /Users/dineshsammeta/anaconda3/envs/python38/lib/python3.8/site-packages/airflow/example_dags/example_xcom.py
[2025-04-30T14:01:15.815+0100] {processor.py:914} INFO - Processing file /Users/dineshsammeta/anaconda3/envs/python38/lib/python3.8/site-packages/airflow/example_dags/example_xcom.py for tasks to queue
[2025-04-30T14:01:15.815+0100] {logging_mixin.py:190} INFO - [2025-04-30T14:01:15.815+0100] {dagbag.py:588} INFO - Filling up the DagBag from /Users/dineshsammeta/anaconda3/envs/python38/lib/python3.8/site-packages/airflow/example_dags/example_xcom.py
[2025-04-30T14:01:15.866+0100] {processor.py:925} INFO - DAG(s) 'example_xcom' retrieved from /Users/dineshsammeta/anaconda3/envs/python38/lib/python3.8/site-packages/airflow/example_dags/example_xcom.py
[2025-04-30T14:01:15.923+0100] {logging_mixin.py:190} INFO - [2025-04-30T14:01:15.923+0100] {dag.py:3239} INFO - Sync 1 DAGs
[2025-04-30T14:01:15.933+0100] {logging_mixin.py:190} INFO - [2025-04-30T14:01:15.933+0100] {dag.py:4180} INFO - Setting next_dagrun for example_xcom to 2021-01-01 00:00:00+00:00, run_after=2021-01-01 00:00:00+00:00
[2025-04-30T14:01:15.943+0100] {processor.py:208} INFO - Processing /Users/dineshsammeta/anaconda3/envs/python38/lib/python3.8/site-packages/airflow/example_dags/example_xcom.py took 0.132 seconds
[2025-04-30T14:19:25.078+0100] {processor.py:186} INFO - Started process (PID=69246) to work on /Users/dineshsammeta/anaconda3/envs/python38/lib/python3.8/site-packages/airflow/example_dags/example_xcom.py
[2025-04-30T14:19:25.079+0100] {processor.py:914} INFO - Processing file /Users/dineshsammeta/anaconda3/envs/python38/lib/python3.8/site-packages/airflow/example_dags/example_xcom.py for tasks to queue
[2025-04-30T14:19:25.079+0100] {logging_mixin.py:190} INFO - [2025-04-30T14:19:25.079+0100] {dagbag.py:588} INFO - Filling up the DagBag from /Users/dineshsammeta/anaconda3/envs/python38/lib/python3.8/site-packages/airflow/example_dags/example_xcom.py
[2025-04-30T14:19:25.134+0100] {processor.py:925} INFO - DAG(s) 'example_xcom' retrieved from /Users/dineshsammeta/anaconda3/envs/python38/lib/python3.8/site-packages/airflow/example_dags/example_xcom.py
[2025-04-30T14:19:25.191+0100] {logging_mixin.py:190} INFO - [2025-04-30T14:19:25.191+0100] {dag.py:3239} INFO - Sync 1 DAGs
[2025-04-30T14:19:25.202+0100] {logging_mixin.py:190} INFO - [2025-04-30T14:19:25.201+0100] {dag.py:4180} INFO - Setting next_dagrun for example_xcom to 2021-01-01 00:00:00+00:00, run_after=2021-01-01 00:00:00+00:00
[2025-04-30T14:19:25.211+0100] {processor.py:208} INFO - Processing /Users/dineshsammeta/anaconda3/envs/python38/lib/python3.8/site-packages/airflow/example_dags/example_xcom.py took 0.136 seconds
[2025-04-30T15:38:39.973+0100] {processor.py:186} INFO - Started process (PID=69475) to work on /Users/dineshsammeta/anaconda3/envs/python38/lib/python3.8/site-packages/airflow/example_dags/example_xcom.py
[2025-04-30T15:38:39.974+0100] {processor.py:914} INFO - Processing file /Users/dineshsammeta/anaconda3/envs/python38/lib/python3.8/site-packages/airflow/example_dags/example_xcom.py for tasks to queue
[2025-04-30T15:38:39.975+0100] {logging_mixin.py:190} INFO - [2025-04-30T15:38:39.974+0100] {dagbag.py:588} INFO - Filling up the DagBag from /Users/dineshsammeta/anaconda3/envs/python38/lib/python3.8/site-packages/airflow/example_dags/example_xcom.py
[2025-04-30T15:38:40.026+0100] {processor.py:925} INFO - DAG(s) 'example_xcom' retrieved from /Users/dineshsammeta/anaconda3/envs/python38/lib/python3.8/site-packages/airflow/example_dags/example_xcom.py
[2025-04-30T15:38:40.084+0100] {logging_mixin.py:190} INFO - [2025-04-30T15:38:40.084+0100] {dag.py:3239} INFO - Sync 1 DAGs
[2025-04-30T15:38:40.094+0100] {logging_mixin.py:190} INFO - [2025-04-30T15:38:40.094+0100] {dag.py:4180} INFO - Setting next_dagrun for example_xcom to 2021-01-01 00:00:00+00:00, run_after=2021-01-01 00:00:00+00:00
[2025-04-30T15:38:40.105+0100] {processor.py:208} INFO - Processing /Users/dineshsammeta/anaconda3/envs/python38/lib/python3.8/site-packages/airflow/example_dags/example_xcom.py took 0.134 seconds
[2025-04-30T15:40:32.115+0100] {processor.py:186} INFO - Started process (PID=69693) to work on /Users/dineshsammeta/anaconda3/envs/python38/lib/python3.8/site-packages/airflow/example_dags/example_xcom.py
[2025-04-30T15:40:32.116+0100] {processor.py:914} INFO - Processing file /Users/dineshsammeta/anaconda3/envs/python38/lib/python3.8/site-packages/airflow/example_dags/example_xcom.py for tasks to queue
[2025-04-30T15:40:32.117+0100] {logging_mixin.py:190} INFO - [2025-04-30T15:40:32.117+0100] {dagbag.py:588} INFO - Filling up the DagBag from /Users/dineshsammeta/anaconda3/envs/python38/lib/python3.8/site-packages/airflow/example_dags/example_xcom.py
[2025-04-30T15:40:32.168+0100] {processor.py:925} INFO - DAG(s) 'example_xcom' retrieved from /Users/dineshsammeta/anaconda3/envs/python38/lib/python3.8/site-packages/airflow/example_dags/example_xcom.py
[2025-04-30T15:40:32.225+0100] {logging_mixin.py:190} INFO - [2025-04-30T15:40:32.225+0100] {dag.py:3239} INFO - Sync 1 DAGs
[2025-04-30T15:40:32.236+0100] {logging_mixin.py:190} INFO - [2025-04-30T15:40:32.236+0100] {dag.py:4180} INFO - Setting next_dagrun for example_xcom to 2021-01-01 00:00:00+00:00, run_after=2021-01-01 00:00:00+00:00
[2025-04-30T15:40:32.246+0100] {processor.py:208} INFO - Processing /Users/dineshsammeta/anaconda3/envs/python38/lib/python3.8/site-packages/airflow/example_dags/example_xcom.py took 0.133 seconds
[2025-04-30T15:42:02.403+0100] {processor.py:186} INFO - Started process (PID=69853) to work on /Users/dineshsammeta/anaconda3/envs/python38/lib/python3.8/site-packages/airflow/example_dags/example_xcom.py
[2025-04-30T15:42:02.405+0100] {processor.py:914} INFO - Processing file /Users/dineshsammeta/anaconda3/envs/python38/lib/python3.8/site-packages/airflow/example_dags/example_xcom.py for tasks to queue
[2025-04-30T15:42:02.405+0100] {logging_mixin.py:190} INFO - [2025-04-30T15:42:02.405+0100] {dagbag.py:588} INFO - Filling up the DagBag from /Users/dineshsammeta/anaconda3/envs/python38/lib/python3.8/site-packages/airflow/example_dags/example_xcom.py
[2025-04-30T15:42:02.456+0100] {processor.py:925} INFO - DAG(s) 'example_xcom' retrieved from /Users/dineshsammeta/anaconda3/envs/python38/lib/python3.8/site-packages/airflow/example_dags/example_xcom.py
[2025-04-30T15:42:02.513+0100] {logging_mixin.py:190} INFO - [2025-04-30T15:42:02.513+0100] {dag.py:3239} INFO - Sync 1 DAGs
[2025-04-30T15:42:02.523+0100] {logging_mixin.py:190} INFO - [2025-04-30T15:42:02.523+0100] {dag.py:4180} INFO - Setting next_dagrun for example_xcom to 2021-01-01 00:00:00+00:00, run_after=2021-01-01 00:00:00+00:00
[2025-04-30T15:42:02.534+0100] {processor.py:208} INFO - Processing /Users/dineshsammeta/anaconda3/envs/python38/lib/python3.8/site-packages/airflow/example_dags/example_xcom.py took 0.133 seconds
[2025-04-30T15:43:31.394+0100] {processor.py:186} INFO - Started process (PID=70001) to work on /Users/dineshsammeta/anaconda3/envs/python38/lib/python3.8/site-packages/airflow/example_dags/example_xcom.py
[2025-04-30T15:43:31.395+0100] {processor.py:914} INFO - Processing file /Users/dineshsammeta/anaconda3/envs/python38/lib/python3.8/site-packages/airflow/example_dags/example_xcom.py for tasks to queue
[2025-04-30T15:43:31.395+0100] {logging_mixin.py:190} INFO - [2025-04-30T15:43:31.395+0100] {dagbag.py:588} INFO - Filling up the DagBag from /Users/dineshsammeta/anaconda3/envs/python38/lib/python3.8/site-packages/airflow/example_dags/example_xcom.py
[2025-04-30T15:43:31.448+0100] {processor.py:925} INFO - DAG(s) 'example_xcom' retrieved from /Users/dineshsammeta/anaconda3/envs/python38/lib/python3.8/site-packages/airflow/example_dags/example_xcom.py
[2025-04-30T15:43:31.507+0100] {logging_mixin.py:190} INFO - [2025-04-30T15:43:31.506+0100] {dag.py:3239} INFO - Sync 1 DAGs
[2025-04-30T15:43:31.517+0100] {logging_mixin.py:190} INFO - [2025-04-30T15:43:31.516+0100] {dag.py:4180} INFO - Setting next_dagrun for example_xcom to 2021-01-01 00:00:00+00:00, run_after=2021-01-01 00:00:00+00:00
[2025-04-30T15:43:31.526+0100] {processor.py:208} INFO - Processing /Users/dineshsammeta/anaconda3/envs/python38/lib/python3.8/site-packages/airflow/example_dags/example_xcom.py took 0.134 seconds
[2025-04-30T15:45:09.916+0100] {processor.py:186} INFO - Started process (PID=70165) to work on /Users/dineshsammeta/anaconda3/envs/python38/lib/python3.8/site-packages/airflow/example_dags/example_xcom.py
[2025-04-30T15:45:09.917+0100] {processor.py:914} INFO - Processing file /Users/dineshsammeta/anaconda3/envs/python38/lib/python3.8/site-packages/airflow/example_dags/example_xcom.py for tasks to queue
[2025-04-30T15:45:09.918+0100] {logging_mixin.py:190} INFO - [2025-04-30T15:45:09.918+0100] {dagbag.py:588} INFO - Filling up the DagBag from /Users/dineshsammeta/anaconda3/envs/python38/lib/python3.8/site-packages/airflow/example_dags/example_xcom.py
[2025-04-30T15:45:09.969+0100] {processor.py:925} INFO - DAG(s) 'example_xcom' retrieved from /Users/dineshsammeta/anaconda3/envs/python38/lib/python3.8/site-packages/airflow/example_dags/example_xcom.py
[2025-04-30T15:45:10.026+0100] {logging_mixin.py:190} INFO - [2025-04-30T15:45:10.026+0100] {dag.py:3239} INFO - Sync 1 DAGs
[2025-04-30T15:45:10.036+0100] {logging_mixin.py:190} INFO - [2025-04-30T15:45:10.036+0100] {dag.py:4180} INFO - Setting next_dagrun for example_xcom to 2021-01-01 00:00:00+00:00, run_after=2021-01-01 00:00:00+00:00
[2025-04-30T15:45:10.046+0100] {processor.py:208} INFO - Processing /Users/dineshsammeta/anaconda3/envs/python38/lib/python3.8/site-packages/airflow/example_dags/example_xcom.py took 0.132 seconds
[2025-04-30T15:46:48.903+0100] {processor.py:186} INFO - Started process (PID=70337) to work on /Users/dineshsammeta/anaconda3/envs/python38/lib/python3.8/site-packages/airflow/example_dags/example_xcom.py
[2025-04-30T15:46:48.904+0100] {processor.py:914} INFO - Processing file /Users/dineshsammeta/anaconda3/envs/python38/lib/python3.8/site-packages/airflow/example_dags/example_xcom.py for tasks to queue
[2025-04-30T15:46:48.905+0100] {logging_mixin.py:190} INFO - [2025-04-30T15:46:48.905+0100] {dagbag.py:588} INFO - Filling up the DagBag from /Users/dineshsammeta/anaconda3/envs/python38/lib/python3.8/site-packages/airflow/example_dags/example_xcom.py
[2025-04-30T15:46:48.963+0100] {processor.py:925} INFO - DAG(s) 'example_xcom' retrieved from /Users/dineshsammeta/anaconda3/envs/python38/lib/python3.8/site-packages/airflow/example_dags/example_xcom.py
[2025-04-30T15:46:49.022+0100] {logging_mixin.py:190} INFO - [2025-04-30T15:46:49.022+0100] {dag.py:3239} INFO - Sync 1 DAGs
[2025-04-30T15:46:49.033+0100] {logging_mixin.py:190} INFO - [2025-04-30T15:46:49.032+0100] {dag.py:4180} INFO - Setting next_dagrun for example_xcom to 2021-01-01 00:00:00+00:00, run_after=2021-01-01 00:00:00+00:00
[2025-04-30T15:46:49.043+0100] {processor.py:208} INFO - Processing /Users/dineshsammeta/anaconda3/envs/python38/lib/python3.8/site-packages/airflow/example_dags/example_xcom.py took 0.142 seconds
