[2025-04-30T13:39:53.917+0100] {processor.py:186} INFO - Started process (PID=66616) to work on /Users/dineshsammeta/anaconda3/envs/python38/lib/python3.8/site-packages/airflow/example_dags/example_sensors.py
[2025-04-30T13:39:53.917+0100] {processor.py:914} INFO - Processing file /Users/dineshsammeta/anaconda3/envs/python38/lib/python3.8/site-packages/airflow/example_dags/example_sensors.py for tasks to queue
[2025-04-30T13:39:53.918+0100] {logging_mixin.py:190} INFO - [2025-04-30T13:39:53.918+0100] {dagbag.py:588} INFO - Filling up the DagBag from /Users/dineshsammeta/anaconda3/envs/python38/lib/python3.8/site-packages/airflow/example_dags/example_sensors.py
[2025-04-30T13:39:53.960+0100] {processor.py:925} INFO - DAG(s) 'example_sensors' retrieved from /Users/dineshsammeta/anaconda3/envs/python38/lib/python3.8/site-packages/airflow/example_dags/example_sensors.py
[2025-04-30T13:39:54.015+0100] {logging_mixin.py:190} INFO - [2025-04-30T13:39:54.015+0100] {workday.py:41} WARNING - Could not import pandas. Holidays will not be considered.
[2025-04-30T13:39:54.029+0100] {logging_mixin.py:190} INFO - [2025-04-30T13:39:54.029+0100] {dag.py:3239} INFO - Sync 1 DAGs
[2025-04-30T13:39:54.036+0100] {logging_mixin.py:190} INFO - [2025-04-30T13:39:54.036+0100] {dag.py:4180} INFO - Setting next_dagrun for example_sensors to None, run_after=None
[2025-04-30T13:39:54.047+0100] {processor.py:208} INFO - Processing /Users/dineshsammeta/anaconda3/envs/python38/lib/python3.8/site-packages/airflow/example_dags/example_sensors.py took 0.132 seconds
[2025-04-30T13:41:53.487+0100] {processor.py:186} INFO - Started process (PID=66900) to work on /Users/dineshsammeta/anaconda3/envs/python38/lib/python3.8/site-packages/airflow/example_dags/example_sensors.py
[2025-04-30T13:41:53.488+0100] {processor.py:914} INFO - Processing file /Users/dineshsammeta/anaconda3/envs/python38/lib/python3.8/site-packages/airflow/example_dags/example_sensors.py for tasks to queue
[2025-04-30T13:41:53.489+0100] {logging_mixin.py:190} INFO - [2025-04-30T13:41:53.489+0100] {dagbag.py:588} INFO - Filling up the DagBag from /Users/dineshsammeta/anaconda3/envs/python38/lib/python3.8/site-packages/airflow/example_dags/example_sensors.py
[2025-04-30T13:41:53.530+0100] {processor.py:925} INFO - DAG(s) 'example_sensors' retrieved from /Users/dineshsammeta/anaconda3/envs/python38/lib/python3.8/site-packages/airflow/example_dags/example_sensors.py
[2025-04-30T13:41:53.585+0100] {logging_mixin.py:190} INFO - [2025-04-30T13:41:53.585+0100] {workday.py:41} WARNING - Could not import pandas. Holidays will not be considered.
[2025-04-30T13:41:53.599+0100] {logging_mixin.py:190} INFO - [2025-04-30T13:41:53.599+0100] {dag.py:3239} INFO - Sync 1 DAGs
[2025-04-30T13:41:53.605+0100] {logging_mixin.py:190} INFO - [2025-04-30T13:41:53.605+0100] {dag.py:4180} INFO - Setting next_dagrun for example_sensors to None, run_after=None
[2025-04-30T13:41:53.615+0100] {processor.py:208} INFO - Processing /Users/dineshsammeta/anaconda3/envs/python38/lib/python3.8/site-packages/airflow/example_dags/example_sensors.py took 0.130 seconds
[2025-04-30T13:43:24.621+0100] {processor.py:186} INFO - Started process (PID=67082) to work on /Users/dineshsammeta/anaconda3/envs/python38/lib/python3.8/site-packages/airflow/example_dags/example_sensors.py
[2025-04-30T13:43:24.622+0100] {processor.py:914} INFO - Processing file /Users/dineshsammeta/anaconda3/envs/python38/lib/python3.8/site-packages/airflow/example_dags/example_sensors.py for tasks to queue
[2025-04-30T13:43:24.623+0100] {logging_mixin.py:190} INFO - [2025-04-30T13:43:24.623+0100] {dagbag.py:588} INFO - Filling up the DagBag from /Users/dineshsammeta/anaconda3/envs/python38/lib/python3.8/site-packages/airflow/example_dags/example_sensors.py
[2025-04-30T13:43:24.664+0100] {processor.py:925} INFO - DAG(s) 'example_sensors' retrieved from /Users/dineshsammeta/anaconda3/envs/python38/lib/python3.8/site-packages/airflow/example_dags/example_sensors.py
[2025-04-30T13:43:24.719+0100] {logging_mixin.py:190} INFO - [2025-04-30T13:43:24.719+0100] {workday.py:41} WARNING - Could not import pandas. Holidays will not be considered.
[2025-04-30T13:43:24.734+0100] {logging_mixin.py:190} INFO - [2025-04-30T13:43:24.733+0100] {dag.py:3239} INFO - Sync 1 DAGs
[2025-04-30T13:43:24.740+0100] {logging_mixin.py:190} INFO - [2025-04-30T13:43:24.739+0100] {dag.py:4180} INFO - Setting next_dagrun for example_sensors to None, run_after=None
[2025-04-30T13:43:24.750+0100] {processor.py:208} INFO - Processing /Users/dineshsammeta/anaconda3/envs/python38/lib/python3.8/site-packages/airflow/example_dags/example_sensors.py took 0.131 seconds
[2025-04-30T13:44:55.377+0100] {processor.py:186} INFO - Started process (PID=67249) to work on /Users/dineshsammeta/anaconda3/envs/python38/lib/python3.8/site-packages/airflow/example_dags/example_sensors.py
[2025-04-30T13:44:55.378+0100] {processor.py:914} INFO - Processing file /Users/dineshsammeta/anaconda3/envs/python38/lib/python3.8/site-packages/airflow/example_dags/example_sensors.py for tasks to queue
[2025-04-30T13:44:55.379+0100] {logging_mixin.py:190} INFO - [2025-04-30T13:44:55.378+0100] {dagbag.py:588} INFO - Filling up the DagBag from /Users/dineshsammeta/anaconda3/envs/python38/lib/python3.8/site-packages/airflow/example_dags/example_sensors.py
[2025-04-30T13:44:55.420+0100] {processor.py:925} INFO - DAG(s) 'example_sensors' retrieved from /Users/dineshsammeta/anaconda3/envs/python38/lib/python3.8/site-packages/airflow/example_dags/example_sensors.py
[2025-04-30T13:44:55.475+0100] {logging_mixin.py:190} INFO - [2025-04-30T13:44:55.474+0100] {workday.py:41} WARNING - Could not import pandas. Holidays will not be considered.
[2025-04-30T13:44:55.489+0100] {logging_mixin.py:190} INFO - [2025-04-30T13:44:55.489+0100] {dag.py:3239} INFO - Sync 1 DAGs
[2025-04-30T13:44:55.495+0100] {logging_mixin.py:190} INFO - [2025-04-30T13:44:55.495+0100] {dag.py:4180} INFO - Setting next_dagrun for example_sensors to None, run_after=None
[2025-04-30T13:44:55.505+0100] {processor.py:208} INFO - Processing /Users/dineshsammeta/anaconda3/envs/python38/lib/python3.8/site-packages/airflow/example_dags/example_sensors.py took 0.130 seconds
[2025-04-30T13:46:22.771+0100] {processor.py:186} INFO - Started process (PID=67417) to work on /Users/dineshsammeta/anaconda3/envs/python38/lib/python3.8/site-packages/airflow/example_dags/example_sensors.py
[2025-04-30T13:46:22.772+0100] {processor.py:914} INFO - Processing file /Users/dineshsammeta/anaconda3/envs/python38/lib/python3.8/site-packages/airflow/example_dags/example_sensors.py for tasks to queue
[2025-04-30T13:46:22.773+0100] {logging_mixin.py:190} INFO - [2025-04-30T13:46:22.773+0100] {dagbag.py:588} INFO - Filling up the DagBag from /Users/dineshsammeta/anaconda3/envs/python38/lib/python3.8/site-packages/airflow/example_dags/example_sensors.py
[2025-04-30T13:46:22.814+0100] {processor.py:925} INFO - DAG(s) 'example_sensors' retrieved from /Users/dineshsammeta/anaconda3/envs/python38/lib/python3.8/site-packages/airflow/example_dags/example_sensors.py
[2025-04-30T13:46:22.867+0100] {logging_mixin.py:190} INFO - [2025-04-30T13:46:22.867+0100] {workday.py:41} WARNING - Could not import pandas. Holidays will not be considered.
[2025-04-30T13:46:22.881+0100] {logging_mixin.py:190} INFO - [2025-04-30T13:46:22.881+0100] {dag.py:3239} INFO - Sync 1 DAGs
[2025-04-30T13:46:22.887+0100] {logging_mixin.py:190} INFO - [2025-04-30T13:46:22.887+0100] {dag.py:4180} INFO - Setting next_dagrun for example_sensors to None, run_after=None
[2025-04-30T13:46:22.898+0100] {processor.py:208} INFO - Processing /Users/dineshsammeta/anaconda3/envs/python38/lib/python3.8/site-packages/airflow/example_dags/example_sensors.py took 0.129 seconds
[2025-04-30T13:47:51.922+0100] {processor.py:186} INFO - Started process (PID=67603) to work on /Users/dineshsammeta/anaconda3/envs/python38/lib/python3.8/site-packages/airflow/example_dags/example_sensors.py
[2025-04-30T13:47:51.923+0100] {processor.py:914} INFO - Processing file /Users/dineshsammeta/anaconda3/envs/python38/lib/python3.8/site-packages/airflow/example_dags/example_sensors.py for tasks to queue
[2025-04-30T13:47:51.924+0100] {logging_mixin.py:190} INFO - [2025-04-30T13:47:51.924+0100] {dagbag.py:588} INFO - Filling up the DagBag from /Users/dineshsammeta/anaconda3/envs/python38/lib/python3.8/site-packages/airflow/example_dags/example_sensors.py
[2025-04-30T13:47:51.967+0100] {processor.py:925} INFO - DAG(s) 'example_sensors' retrieved from /Users/dineshsammeta/anaconda3/envs/python38/lib/python3.8/site-packages/airflow/example_dags/example_sensors.py
[2025-04-30T13:47:52.023+0100] {logging_mixin.py:190} INFO - [2025-04-30T13:47:52.023+0100] {workday.py:41} WARNING - Could not import pandas. Holidays will not be considered.
[2025-04-30T13:47:52.038+0100] {logging_mixin.py:190} INFO - [2025-04-30T13:47:52.038+0100] {dag.py:3239} INFO - Sync 1 DAGs
[2025-04-30T13:47:52.044+0100] {logging_mixin.py:190} INFO - [2025-04-30T13:47:52.044+0100] {dag.py:4180} INFO - Setting next_dagrun for example_sensors to None, run_after=None
[2025-04-30T13:47:52.054+0100] {processor.py:208} INFO - Processing /Users/dineshsammeta/anaconda3/envs/python38/lib/python3.8/site-packages/airflow/example_dags/example_sensors.py took 0.135 seconds
[2025-04-30T13:49:22.313+0100] {processor.py:186} INFO - Started process (PID=67774) to work on /Users/dineshsammeta/anaconda3/envs/python38/lib/python3.8/site-packages/airflow/example_dags/example_sensors.py
[2025-04-30T13:49:22.314+0100] {processor.py:914} INFO - Processing file /Users/dineshsammeta/anaconda3/envs/python38/lib/python3.8/site-packages/airflow/example_dags/example_sensors.py for tasks to queue
[2025-04-30T13:49:22.314+0100] {logging_mixin.py:190} INFO - [2025-04-30T13:49:22.314+0100] {dagbag.py:588} INFO - Filling up the DagBag from /Users/dineshsammeta/anaconda3/envs/python38/lib/python3.8/site-packages/airflow/example_dags/example_sensors.py
[2025-04-30T13:49:22.356+0100] {processor.py:925} INFO - DAG(s) 'example_sensors' retrieved from /Users/dineshsammeta/anaconda3/envs/python38/lib/python3.8/site-packages/airflow/example_dags/example_sensors.py
[2025-04-30T13:49:22.411+0100] {logging_mixin.py:190} INFO - [2025-04-30T13:49:22.410+0100] {workday.py:41} WARNING - Could not import pandas. Holidays will not be considered.
[2025-04-30T13:49:22.425+0100] {logging_mixin.py:190} INFO - [2025-04-30T13:49:22.425+0100] {dag.py:3239} INFO - Sync 1 DAGs
[2025-04-30T13:49:22.431+0100] {logging_mixin.py:190} INFO - [2025-04-30T13:49:22.431+0100] {dag.py:4180} INFO - Setting next_dagrun for example_sensors to None, run_after=None
[2025-04-30T13:49:22.441+0100] {processor.py:208} INFO - Processing /Users/dineshsammeta/anaconda3/envs/python38/lib/python3.8/site-packages/airflow/example_dags/example_sensors.py took 0.130 seconds
[2025-04-30T13:50:58.277+0100] {processor.py:186} INFO - Started process (PID=67951) to work on /Users/dineshsammeta/anaconda3/envs/python38/lib/python3.8/site-packages/airflow/example_dags/example_sensors.py
[2025-04-30T13:50:58.278+0100] {processor.py:914} INFO - Processing file /Users/dineshsammeta/anaconda3/envs/python38/lib/python3.8/site-packages/airflow/example_dags/example_sensors.py for tasks to queue
[2025-04-30T13:50:58.278+0100] {logging_mixin.py:190} INFO - [2025-04-30T13:50:58.278+0100] {dagbag.py:588} INFO - Filling up the DagBag from /Users/dineshsammeta/anaconda3/envs/python38/lib/python3.8/site-packages/airflow/example_dags/example_sensors.py
[2025-04-30T13:50:58.320+0100] {processor.py:925} INFO - DAG(s) 'example_sensors' retrieved from /Users/dineshsammeta/anaconda3/envs/python38/lib/python3.8/site-packages/airflow/example_dags/example_sensors.py
[2025-04-30T13:50:58.374+0100] {logging_mixin.py:190} INFO - [2025-04-30T13:50:58.374+0100] {workday.py:41} WARNING - Could not import pandas. Holidays will not be considered.
[2025-04-30T13:50:58.388+0100] {logging_mixin.py:190} INFO - [2025-04-30T13:50:58.388+0100] {dag.py:3239} INFO - Sync 1 DAGs
[2025-04-30T13:50:58.394+0100] {logging_mixin.py:190} INFO - [2025-04-30T13:50:58.394+0100] {dag.py:4180} INFO - Setting next_dagrun for example_sensors to None, run_after=None
[2025-04-30T13:50:58.405+0100] {processor.py:208} INFO - Processing /Users/dineshsammeta/anaconda3/envs/python38/lib/python3.8/site-packages/airflow/example_dags/example_sensors.py took 0.130 seconds
[2025-04-30T13:52:30.180+0100] {processor.py:186} INFO - Started process (PID=68116) to work on /Users/dineshsammeta/anaconda3/envs/python38/lib/python3.8/site-packages/airflow/example_dags/example_sensors.py
[2025-04-30T13:52:30.181+0100] {processor.py:914} INFO - Processing file /Users/dineshsammeta/anaconda3/envs/python38/lib/python3.8/site-packages/airflow/example_dags/example_sensors.py for tasks to queue
[2025-04-30T13:52:30.182+0100] {logging_mixin.py:190} INFO - [2025-04-30T13:52:30.182+0100] {dagbag.py:588} INFO - Filling up the DagBag from /Users/dineshsammeta/anaconda3/envs/python38/lib/python3.8/site-packages/airflow/example_dags/example_sensors.py
[2025-04-30T13:52:30.231+0100] {processor.py:925} INFO - DAG(s) 'example_sensors' retrieved from /Users/dineshsammeta/anaconda3/envs/python38/lib/python3.8/site-packages/airflow/example_dags/example_sensors.py
[2025-04-30T13:52:30.290+0100] {logging_mixin.py:190} INFO - [2025-04-30T13:52:30.290+0100] {workday.py:41} WARNING - Could not import pandas. Holidays will not be considered.
[2025-04-30T13:52:30.305+0100] {logging_mixin.py:190} INFO - [2025-04-30T13:52:30.305+0100] {dag.py:3239} INFO - Sync 1 DAGs
[2025-04-30T13:52:30.311+0100] {logging_mixin.py:190} INFO - [2025-04-30T13:52:30.311+0100] {dag.py:4180} INFO - Setting next_dagrun for example_sensors to None, run_after=None
[2025-04-30T13:52:30.321+0100] {processor.py:208} INFO - Processing /Users/dineshsammeta/anaconda3/envs/python38/lib/python3.8/site-packages/airflow/example_dags/example_sensors.py took 0.143 seconds
[2025-04-30T13:54:07.850+0100] {processor.py:186} INFO - Started process (PID=68301) to work on /Users/dineshsammeta/anaconda3/envs/python38/lib/python3.8/site-packages/airflow/example_dags/example_sensors.py
[2025-04-30T13:54:07.851+0100] {processor.py:914} INFO - Processing file /Users/dineshsammeta/anaconda3/envs/python38/lib/python3.8/site-packages/airflow/example_dags/example_sensors.py for tasks to queue
[2025-04-30T13:54:07.852+0100] {logging_mixin.py:190} INFO - [2025-04-30T13:54:07.852+0100] {dagbag.py:588} INFO - Filling up the DagBag from /Users/dineshsammeta/anaconda3/envs/python38/lib/python3.8/site-packages/airflow/example_dags/example_sensors.py
[2025-04-30T13:54:07.893+0100] {processor.py:925} INFO - DAG(s) 'example_sensors' retrieved from /Users/dineshsammeta/anaconda3/envs/python38/lib/python3.8/site-packages/airflow/example_dags/example_sensors.py
[2025-04-30T13:54:07.946+0100] {logging_mixin.py:190} INFO - [2025-04-30T13:54:07.945+0100] {workday.py:41} WARNING - Could not import pandas. Holidays will not be considered.
[2025-04-30T13:54:07.960+0100] {logging_mixin.py:190} INFO - [2025-04-30T13:54:07.959+0100] {dag.py:3239} INFO - Sync 1 DAGs
[2025-04-30T13:54:07.966+0100] {logging_mixin.py:190} INFO - [2025-04-30T13:54:07.965+0100] {dag.py:4180} INFO - Setting next_dagrun for example_sensors to None, run_after=None
[2025-04-30T13:54:07.976+0100] {processor.py:208} INFO - Processing /Users/dineshsammeta/anaconda3/envs/python38/lib/python3.8/site-packages/airflow/example_dags/example_sensors.py took 0.128 seconds
[2025-04-30T13:55:45.427+0100] {processor.py:186} INFO - Started process (PID=68488) to work on /Users/dineshsammeta/anaconda3/envs/python38/lib/python3.8/site-packages/airflow/example_dags/example_sensors.py
[2025-04-30T13:55:45.428+0100] {processor.py:914} INFO - Processing file /Users/dineshsammeta/anaconda3/envs/python38/lib/python3.8/site-packages/airflow/example_dags/example_sensors.py for tasks to queue
[2025-04-30T13:55:45.429+0100] {logging_mixin.py:190} INFO - [2025-04-30T13:55:45.429+0100] {dagbag.py:588} INFO - Filling up the DagBag from /Users/dineshsammeta/anaconda3/envs/python38/lib/python3.8/site-packages/airflow/example_dags/example_sensors.py
[2025-04-30T13:55:45.471+0100] {processor.py:925} INFO - DAG(s) 'example_sensors' retrieved from /Users/dineshsammeta/anaconda3/envs/python38/lib/python3.8/site-packages/airflow/example_dags/example_sensors.py
[2025-04-30T13:55:45.525+0100] {logging_mixin.py:190} INFO - [2025-04-30T13:55:45.525+0100] {workday.py:41} WARNING - Could not import pandas. Holidays will not be considered.
[2025-04-30T13:55:45.540+0100] {logging_mixin.py:190} INFO - [2025-04-30T13:55:45.539+0100] {dag.py:3239} INFO - Sync 1 DAGs
[2025-04-30T13:55:45.546+0100] {logging_mixin.py:190} INFO - [2025-04-30T13:55:45.546+0100] {dag.py:4180} INFO - Setting next_dagrun for example_sensors to None, run_after=None
[2025-04-30T13:55:45.555+0100] {processor.py:208} INFO - Processing /Users/dineshsammeta/anaconda3/envs/python38/lib/python3.8/site-packages/airflow/example_dags/example_sensors.py took 0.130 seconds
[2025-04-30T13:57:17.805+0100] {processor.py:186} INFO - Started process (PID=68645) to work on /Users/dineshsammeta/anaconda3/envs/python38/lib/python3.8/site-packages/airflow/example_dags/example_sensors.py
[2025-04-30T13:57:17.806+0100] {processor.py:914} INFO - Processing file /Users/dineshsammeta/anaconda3/envs/python38/lib/python3.8/site-packages/airflow/example_dags/example_sensors.py for tasks to queue
[2025-04-30T13:57:17.806+0100] {logging_mixin.py:190} INFO - [2025-04-30T13:57:17.806+0100] {dagbag.py:588} INFO - Filling up the DagBag from /Users/dineshsammeta/anaconda3/envs/python38/lib/python3.8/site-packages/airflow/example_dags/example_sensors.py
[2025-04-30T13:57:17.851+0100] {processor.py:925} INFO - DAG(s) 'example_sensors' retrieved from /Users/dineshsammeta/anaconda3/envs/python38/lib/python3.8/site-packages/airflow/example_dags/example_sensors.py
[2025-04-30T13:57:17.907+0100] {logging_mixin.py:190} INFO - [2025-04-30T13:57:17.907+0100] {workday.py:41} WARNING - Could not import pandas. Holidays will not be considered.
[2025-04-30T13:57:17.921+0100] {logging_mixin.py:190} INFO - [2025-04-30T13:57:17.921+0100] {dag.py:3239} INFO - Sync 1 DAGs
[2025-04-30T13:57:17.928+0100] {logging_mixin.py:190} INFO - [2025-04-30T13:57:17.927+0100] {dag.py:4180} INFO - Setting next_dagrun for example_sensors to None, run_after=None
[2025-04-30T13:57:17.939+0100] {processor.py:208} INFO - Processing /Users/dineshsammeta/anaconda3/envs/python38/lib/python3.8/site-packages/airflow/example_dags/example_sensors.py took 0.136 seconds
[2025-04-30T13:58:47.361+0100] {processor.py:186} INFO - Started process (PID=68802) to work on /Users/dineshsammeta/anaconda3/envs/python38/lib/python3.8/site-packages/airflow/example_dags/example_sensors.py
[2025-04-30T13:58:47.363+0100] {processor.py:914} INFO - Processing file /Users/dineshsammeta/anaconda3/envs/python38/lib/python3.8/site-packages/airflow/example_dags/example_sensors.py for tasks to queue
[2025-04-30T13:58:47.363+0100] {logging_mixin.py:190} INFO - [2025-04-30T13:58:47.363+0100] {dagbag.py:588} INFO - Filling up the DagBag from /Users/dineshsammeta/anaconda3/envs/python38/lib/python3.8/site-packages/airflow/example_dags/example_sensors.py
[2025-04-30T13:58:47.407+0100] {processor.py:925} INFO - DAG(s) 'example_sensors' retrieved from /Users/dineshsammeta/anaconda3/envs/python38/lib/python3.8/site-packages/airflow/example_dags/example_sensors.py
[2025-04-30T13:58:47.463+0100] {logging_mixin.py:190} INFO - [2025-04-30T13:58:47.463+0100] {workday.py:41} WARNING - Could not import pandas. Holidays will not be considered.
[2025-04-30T13:58:47.478+0100] {logging_mixin.py:190} INFO - [2025-04-30T13:58:47.477+0100] {dag.py:3239} INFO - Sync 1 DAGs
[2025-04-30T13:58:47.484+0100] {logging_mixin.py:190} INFO - [2025-04-30T13:58:47.484+0100] {dag.py:4180} INFO - Setting next_dagrun for example_sensors to None, run_after=None
[2025-04-30T13:58:47.494+0100] {processor.py:208} INFO - Processing /Users/dineshsammeta/anaconda3/envs/python38/lib/python3.8/site-packages/airflow/example_dags/example_sensors.py took 0.135 seconds
[2025-04-30T14:00:15.895+0100] {processor.py:186} INFO - Started process (PID=68965) to work on /Users/dineshsammeta/anaconda3/envs/python38/lib/python3.8/site-packages/airflow/example_dags/example_sensors.py
[2025-04-30T14:00:15.896+0100] {processor.py:914} INFO - Processing file /Users/dineshsammeta/anaconda3/envs/python38/lib/python3.8/site-packages/airflow/example_dags/example_sensors.py for tasks to queue
[2025-04-30T14:00:15.896+0100] {logging_mixin.py:190} INFO - [2025-04-30T14:00:15.896+0100] {dagbag.py:588} INFO - Filling up the DagBag from /Users/dineshsammeta/anaconda3/envs/python38/lib/python3.8/site-packages/airflow/example_dags/example_sensors.py
[2025-04-30T14:00:15.938+0100] {processor.py:925} INFO - DAG(s) 'example_sensors' retrieved from /Users/dineshsammeta/anaconda3/envs/python38/lib/python3.8/site-packages/airflow/example_dags/example_sensors.py
[2025-04-30T14:00:15.992+0100] {logging_mixin.py:190} INFO - [2025-04-30T14:00:15.992+0100] {workday.py:41} WARNING - Could not import pandas. Holidays will not be considered.
[2025-04-30T14:00:16.007+0100] {logging_mixin.py:190} INFO - [2025-04-30T14:00:16.006+0100] {dag.py:3239} INFO - Sync 1 DAGs
[2025-04-30T14:00:16.013+0100] {logging_mixin.py:190} INFO - [2025-04-30T14:00:16.013+0100] {dag.py:4180} INFO - Setting next_dagrun for example_sensors to None, run_after=None
[2025-04-30T14:00:16.022+0100] {processor.py:208} INFO - Processing /Users/dineshsammeta/anaconda3/envs/python38/lib/python3.8/site-packages/airflow/example_dags/example_sensors.py took 0.130 seconds
[2025-04-30T14:01:45.115+0100] {processor.py:186} INFO - Started process (PID=69134) to work on /Users/dineshsammeta/anaconda3/envs/python38/lib/python3.8/site-packages/airflow/example_dags/example_sensors.py
[2025-04-30T14:01:45.117+0100] {processor.py:914} INFO - Processing file /Users/dineshsammeta/anaconda3/envs/python38/lib/python3.8/site-packages/airflow/example_dags/example_sensors.py for tasks to queue
[2025-04-30T14:01:45.117+0100] {logging_mixin.py:190} INFO - [2025-04-30T14:01:45.117+0100] {dagbag.py:588} INFO - Filling up the DagBag from /Users/dineshsammeta/anaconda3/envs/python38/lib/python3.8/site-packages/airflow/example_dags/example_sensors.py
[2025-04-30T14:01:45.158+0100] {processor.py:925} INFO - DAG(s) 'example_sensors' retrieved from /Users/dineshsammeta/anaconda3/envs/python38/lib/python3.8/site-packages/airflow/example_dags/example_sensors.py
[2025-04-30T14:01:45.213+0100] {logging_mixin.py:190} INFO - [2025-04-30T14:01:45.213+0100] {workday.py:41} WARNING - Could not import pandas. Holidays will not be considered.
[2025-04-30T14:01:45.228+0100] {logging_mixin.py:190} INFO - [2025-04-30T14:01:45.228+0100] {dag.py:3239} INFO - Sync 1 DAGs
[2025-04-30T14:01:45.234+0100] {logging_mixin.py:190} INFO - [2025-04-30T14:01:45.234+0100] {dag.py:4180} INFO - Setting next_dagrun for example_sensors to None, run_after=None
[2025-04-30T14:01:45.243+0100] {processor.py:208} INFO - Processing /Users/dineshsammeta/anaconda3/envs/python38/lib/python3.8/site-packages/airflow/example_dags/example_sensors.py took 0.130 seconds
[2025-04-30T14:34:53.872+0100] {processor.py:186} INFO - Started process (PID=69319) to work on /Users/dineshsammeta/anaconda3/envs/python38/lib/python3.8/site-packages/airflow/example_dags/example_sensors.py
[2025-04-30T14:34:53.873+0100] {processor.py:914} INFO - Processing file /Users/dineshsammeta/anaconda3/envs/python38/lib/python3.8/site-packages/airflow/example_dags/example_sensors.py for tasks to queue
[2025-04-30T14:34:53.874+0100] {logging_mixin.py:190} INFO - [2025-04-30T14:34:53.874+0100] {dagbag.py:588} INFO - Filling up the DagBag from /Users/dineshsammeta/anaconda3/envs/python38/lib/python3.8/site-packages/airflow/example_dags/example_sensors.py
[2025-04-30T14:34:53.919+0100] {processor.py:925} INFO - DAG(s) 'example_sensors' retrieved from /Users/dineshsammeta/anaconda3/envs/python38/lib/python3.8/site-packages/airflow/example_dags/example_sensors.py
[2025-04-30T14:34:53.973+0100] {logging_mixin.py:190} INFO - [2025-04-30T14:34:53.973+0100] {workday.py:41} WARNING - Could not import pandas. Holidays will not be considered.
[2025-04-30T14:34:53.987+0100] {logging_mixin.py:190} INFO - [2025-04-30T14:34:53.987+0100] {dag.py:3239} INFO - Sync 1 DAGs
[2025-04-30T14:34:53.993+0100] {logging_mixin.py:190} INFO - [2025-04-30T14:34:53.993+0100] {dag.py:4180} INFO - Setting next_dagrun for example_sensors to None, run_after=None
[2025-04-30T14:34:54.002+0100] {processor.py:208} INFO - Processing /Users/dineshsammeta/anaconda3/envs/python38/lib/python3.8/site-packages/airflow/example_dags/example_sensors.py took 0.132 seconds
[2025-04-30T15:39:09.621+0100] {processor.py:186} INFO - Started process (PID=69536) to work on /Users/dineshsammeta/anaconda3/envs/python38/lib/python3.8/site-packages/airflow/example_dags/example_sensors.py
[2025-04-30T15:39:09.622+0100] {processor.py:914} INFO - Processing file /Users/dineshsammeta/anaconda3/envs/python38/lib/python3.8/site-packages/airflow/example_dags/example_sensors.py for tasks to queue
[2025-04-30T15:39:09.623+0100] {logging_mixin.py:190} INFO - [2025-04-30T15:39:09.623+0100] {dagbag.py:588} INFO - Filling up the DagBag from /Users/dineshsammeta/anaconda3/envs/python38/lib/python3.8/site-packages/airflow/example_dags/example_sensors.py
[2025-04-30T15:39:09.663+0100] {processor.py:925} INFO - DAG(s) 'example_sensors' retrieved from /Users/dineshsammeta/anaconda3/envs/python38/lib/python3.8/site-packages/airflow/example_dags/example_sensors.py
[2025-04-30T15:39:09.717+0100] {logging_mixin.py:190} INFO - [2025-04-30T15:39:09.717+0100] {workday.py:41} WARNING - Could not import pandas. Holidays will not be considered.
[2025-04-30T15:39:09.732+0100] {logging_mixin.py:190} INFO - [2025-04-30T15:39:09.732+0100] {dag.py:3239} INFO - Sync 1 DAGs
[2025-04-30T15:39:09.738+0100] {logging_mixin.py:190} INFO - [2025-04-30T15:39:09.738+0100] {dag.py:4180} INFO - Setting next_dagrun for example_sensors to None, run_after=None
[2025-04-30T15:39:09.748+0100] {processor.py:208} INFO - Processing /Users/dineshsammeta/anaconda3/envs/python38/lib/python3.8/site-packages/airflow/example_dags/example_sensors.py took 0.128 seconds
[2025-04-30T15:41:01.426+0100] {processor.py:186} INFO - Started process (PID=69740) to work on /Users/dineshsammeta/anaconda3/envs/python38/lib/python3.8/site-packages/airflow/example_dags/example_sensors.py
[2025-04-30T15:41:01.427+0100] {processor.py:914} INFO - Processing file /Users/dineshsammeta/anaconda3/envs/python38/lib/python3.8/site-packages/airflow/example_dags/example_sensors.py for tasks to queue
[2025-04-30T15:41:01.428+0100] {logging_mixin.py:190} INFO - [2025-04-30T15:41:01.428+0100] {dagbag.py:588} INFO - Filling up the DagBag from /Users/dineshsammeta/anaconda3/envs/python38/lib/python3.8/site-packages/airflow/example_dags/example_sensors.py
[2025-04-30T15:41:01.480+0100] {processor.py:925} INFO - DAG(s) 'example_sensors' retrieved from /Users/dineshsammeta/anaconda3/envs/python38/lib/python3.8/site-packages/airflow/example_dags/example_sensors.py
[2025-04-30T15:41:01.537+0100] {logging_mixin.py:190} INFO - [2025-04-30T15:41:01.536+0100] {workday.py:41} WARNING - Could not import pandas. Holidays will not be considered.
[2025-04-30T15:41:01.552+0100] {logging_mixin.py:190} INFO - [2025-04-30T15:41:01.552+0100] {dag.py:3239} INFO - Sync 1 DAGs
[2025-04-30T15:41:01.559+0100] {logging_mixin.py:190} INFO - [2025-04-30T15:41:01.558+0100] {dag.py:4180} INFO - Setting next_dagrun for example_sensors to None, run_after=None
[2025-04-30T15:41:01.571+0100] {processor.py:208} INFO - Processing /Users/dineshsammeta/anaconda3/envs/python38/lib/python3.8/site-packages/airflow/example_dags/example_sensors.py took 0.146 seconds
[2025-04-30T15:42:31.353+0100] {processor.py:186} INFO - Started process (PID=69901) to work on /Users/dineshsammeta/anaconda3/envs/python38/lib/python3.8/site-packages/airflow/example_dags/example_sensors.py
[2025-04-30T15:42:31.354+0100] {processor.py:914} INFO - Processing file /Users/dineshsammeta/anaconda3/envs/python38/lib/python3.8/site-packages/airflow/example_dags/example_sensors.py for tasks to queue
[2025-04-30T15:42:31.354+0100] {logging_mixin.py:190} INFO - [2025-04-30T15:42:31.354+0100] {dagbag.py:588} INFO - Filling up the DagBag from /Users/dineshsammeta/anaconda3/envs/python38/lib/python3.8/site-packages/airflow/example_dags/example_sensors.py
[2025-04-30T15:42:31.395+0100] {processor.py:925} INFO - DAG(s) 'example_sensors' retrieved from /Users/dineshsammeta/anaconda3/envs/python38/lib/python3.8/site-packages/airflow/example_dags/example_sensors.py
[2025-04-30T15:42:31.451+0100] {logging_mixin.py:190} INFO - [2025-04-30T15:42:31.450+0100] {workday.py:41} WARNING - Could not import pandas. Holidays will not be considered.
[2025-04-30T15:42:31.465+0100] {logging_mixin.py:190} INFO - [2025-04-30T15:42:31.465+0100] {dag.py:3239} INFO - Sync 1 DAGs
[2025-04-30T15:42:31.471+0100] {logging_mixin.py:190} INFO - [2025-04-30T15:42:31.471+0100] {dag.py:4180} INFO - Setting next_dagrun for example_sensors to None, run_after=None
[2025-04-30T15:42:31.481+0100] {processor.py:208} INFO - Processing /Users/dineshsammeta/anaconda3/envs/python38/lib/python3.8/site-packages/airflow/example_dags/example_sensors.py took 0.130 seconds
[2025-04-30T15:44:01.834+0100] {processor.py:186} INFO - Started process (PID=70052) to work on /Users/dineshsammeta/anaconda3/envs/python38/lib/python3.8/site-packages/airflow/example_dags/example_sensors.py
[2025-04-30T15:44:01.835+0100] {processor.py:914} INFO - Processing file /Users/dineshsammeta/anaconda3/envs/python38/lib/python3.8/site-packages/airflow/example_dags/example_sensors.py for tasks to queue
[2025-04-30T15:44:01.836+0100] {logging_mixin.py:190} INFO - [2025-04-30T15:44:01.836+0100] {dagbag.py:588} INFO - Filling up the DagBag from /Users/dineshsammeta/anaconda3/envs/python38/lib/python3.8/site-packages/airflow/example_dags/example_sensors.py
[2025-04-30T15:44:01.881+0100] {processor.py:925} INFO - DAG(s) 'example_sensors' retrieved from /Users/dineshsammeta/anaconda3/envs/python38/lib/python3.8/site-packages/airflow/example_dags/example_sensors.py
[2025-04-30T15:44:01.936+0100] {logging_mixin.py:190} INFO - [2025-04-30T15:44:01.936+0100] {workday.py:41} WARNING - Could not import pandas. Holidays will not be considered.
[2025-04-30T15:44:01.951+0100] {logging_mixin.py:190} INFO - [2025-04-30T15:44:01.951+0100] {dag.py:3239} INFO - Sync 1 DAGs
[2025-04-30T15:44:01.957+0100] {logging_mixin.py:190} INFO - [2025-04-30T15:44:01.957+0100] {dag.py:4180} INFO - Setting next_dagrun for example_sensors to None, run_after=None
[2025-04-30T15:44:01.967+0100] {processor.py:208} INFO - Processing /Users/dineshsammeta/anaconda3/envs/python38/lib/python3.8/site-packages/airflow/example_dags/example_sensors.py took 0.135 seconds
[2025-04-30T15:45:39.211+0100] {processor.py:186} INFO - Started process (PID=70215) to work on /Users/dineshsammeta/anaconda3/envs/python38/lib/python3.8/site-packages/airflow/example_dags/example_sensors.py
[2025-04-30T15:45:39.212+0100] {processor.py:914} INFO - Processing file /Users/dineshsammeta/anaconda3/envs/python38/lib/python3.8/site-packages/airflow/example_dags/example_sensors.py for tasks to queue
[2025-04-30T15:45:39.213+0100] {logging_mixin.py:190} INFO - [2025-04-30T15:45:39.213+0100] {dagbag.py:588} INFO - Filling up the DagBag from /Users/dineshsammeta/anaconda3/envs/python38/lib/python3.8/site-packages/airflow/example_dags/example_sensors.py
[2025-04-30T15:45:39.254+0100] {processor.py:925} INFO - DAG(s) 'example_sensors' retrieved from /Users/dineshsammeta/anaconda3/envs/python38/lib/python3.8/site-packages/airflow/example_dags/example_sensors.py
[2025-04-30T15:45:39.307+0100] {logging_mixin.py:190} INFO - [2025-04-30T15:45:39.307+0100] {workday.py:41} WARNING - Could not import pandas. Holidays will not be considered.
[2025-04-30T15:45:39.321+0100] {logging_mixin.py:190} INFO - [2025-04-30T15:45:39.321+0100] {dag.py:3239} INFO - Sync 1 DAGs
[2025-04-30T15:45:39.327+0100] {logging_mixin.py:190} INFO - [2025-04-30T15:45:39.327+0100] {dag.py:4180} INFO - Setting next_dagrun for example_sensors to None, run_after=None
[2025-04-30T15:45:39.337+0100] {processor.py:208} INFO - Processing /Users/dineshsammeta/anaconda3/envs/python38/lib/python3.8/site-packages/airflow/example_dags/example_sensors.py took 0.128 seconds
