[2025-04-30T13:39:28.515+0100] {processor.py:186} INFO - Started process (PID=66563) to work on /Users/dineshsammeta/anaconda3/envs/python38/lib/python3.8/site-packages/airflow/example_dags/example_trigger_target_dag.py
[2025-04-30T13:39:28.516+0100] {processor.py:914} INFO - Processing file /Users/dineshsammeta/anaconda3/envs/python38/lib/python3.8/site-packages/airflow/example_dags/example_trigger_target_dag.py for tasks to queue
[2025-04-30T13:39:28.517+0100] {logging_mixin.py:190} INFO - [2025-04-30T13:39:28.517+0100] {dagbag.py:588} INFO - Filling up the DagBag from /Users/dineshsammeta/anaconda3/envs/python38/lib/python3.8/site-packages/airflow/example_dags/example_trigger_target_dag.py
[2025-04-30T13:39:28.573+0100] {processor.py:925} INFO - DAG(s) 'example_trigger_target_dag' retrieved from /Users/dineshsammeta/anaconda3/envs/python38/lib/python3.8/site-packages/airflow/example_dags/example_trigger_target_dag.py
[2025-04-30T13:39:28.631+0100] {logging_mixin.py:190} INFO - [2025-04-30T13:39:28.630+0100] {dag.py:3239} INFO - Sync 1 DAGs
[2025-04-30T13:39:28.637+0100] {logging_mixin.py:190} INFO - [2025-04-30T13:39:28.636+0100] {dag.py:4180} INFO - Setting next_dagrun for example_trigger_target_dag to None, run_after=None
[2025-04-30T13:39:28.647+0100] {processor.py:208} INFO - Processing /Users/dineshsammeta/anaconda3/envs/python38/lib/python3.8/site-packages/airflow/example_dags/example_trigger_target_dag.py took 0.134 seconds
[2025-04-30T13:41:31.223+0100] {processor.py:186} INFO - Started process (PID=66857) to work on /Users/dineshsammeta/anaconda3/envs/python38/lib/python3.8/site-packages/airflow/example_dags/example_trigger_target_dag.py
[2025-04-30T13:41:31.225+0100] {processor.py:914} INFO - Processing file /Users/dineshsammeta/anaconda3/envs/python38/lib/python3.8/site-packages/airflow/example_dags/example_trigger_target_dag.py for tasks to queue
[2025-04-30T13:41:31.225+0100] {logging_mixin.py:190} INFO - [2025-04-30T13:41:31.225+0100] {dagbag.py:588} INFO - Filling up the DagBag from /Users/dineshsammeta/anaconda3/envs/python38/lib/python3.8/site-packages/airflow/example_dags/example_trigger_target_dag.py
[2025-04-30T13:41:31.276+0100] {processor.py:925} INFO - DAG(s) 'example_trigger_target_dag' retrieved from /Users/dineshsammeta/anaconda3/envs/python38/lib/python3.8/site-packages/airflow/example_dags/example_trigger_target_dag.py
[2025-04-30T13:41:31.333+0100] {logging_mixin.py:190} INFO - [2025-04-30T13:41:31.333+0100] {dag.py:3239} INFO - Sync 1 DAGs
[2025-04-30T13:41:31.339+0100] {logging_mixin.py:190} INFO - [2025-04-30T13:41:31.339+0100] {dag.py:4180} INFO - Setting next_dagrun for example_trigger_target_dag to None, run_after=None
[2025-04-30T13:41:31.350+0100] {processor.py:208} INFO - Processing /Users/dineshsammeta/anaconda3/envs/python38/lib/python3.8/site-packages/airflow/example_dags/example_trigger_target_dag.py took 0.128 seconds
[2025-04-30T13:42:59.507+0100] {processor.py:186} INFO - Started process (PID=67035) to work on /Users/dineshsammeta/anaconda3/envs/python38/lib/python3.8/site-packages/airflow/example_dags/example_trigger_target_dag.py
[2025-04-30T13:42:59.508+0100] {processor.py:914} INFO - Processing file /Users/dineshsammeta/anaconda3/envs/python38/lib/python3.8/site-packages/airflow/example_dags/example_trigger_target_dag.py for tasks to queue
[2025-04-30T13:42:59.509+0100] {logging_mixin.py:190} INFO - [2025-04-30T13:42:59.509+0100] {dagbag.py:588} INFO - Filling up the DagBag from /Users/dineshsammeta/anaconda3/envs/python38/lib/python3.8/site-packages/airflow/example_dags/example_trigger_target_dag.py
[2025-04-30T13:42:59.559+0100] {processor.py:925} INFO - DAG(s) 'example_trigger_target_dag' retrieved from /Users/dineshsammeta/anaconda3/envs/python38/lib/python3.8/site-packages/airflow/example_dags/example_trigger_target_dag.py
[2025-04-30T13:42:59.613+0100] {logging_mixin.py:190} INFO - [2025-04-30T13:42:59.613+0100] {dag.py:3239} INFO - Sync 1 DAGs
[2025-04-30T13:42:59.619+0100] {logging_mixin.py:190} INFO - [2025-04-30T13:42:59.619+0100] {dag.py:4180} INFO - Setting next_dagrun for example_trigger_target_dag to None, run_after=None
[2025-04-30T13:42:59.631+0100] {processor.py:208} INFO - Processing /Users/dineshsammeta/anaconda3/envs/python38/lib/python3.8/site-packages/airflow/example_dags/example_trigger_target_dag.py took 0.126 seconds
[2025-04-30T13:44:29.275+0100] {processor.py:186} INFO - Started process (PID=67202) to work on /Users/dineshsammeta/anaconda3/envs/python38/lib/python3.8/site-packages/airflow/example_dags/example_trigger_target_dag.py
[2025-04-30T13:44:29.276+0100] {processor.py:914} INFO - Processing file /Users/dineshsammeta/anaconda3/envs/python38/lib/python3.8/site-packages/airflow/example_dags/example_trigger_target_dag.py for tasks to queue
[2025-04-30T13:44:29.277+0100] {logging_mixin.py:190} INFO - [2025-04-30T13:44:29.277+0100] {dagbag.py:588} INFO - Filling up the DagBag from /Users/dineshsammeta/anaconda3/envs/python38/lib/python3.8/site-packages/airflow/example_dags/example_trigger_target_dag.py
[2025-04-30T13:44:29.328+0100] {processor.py:925} INFO - DAG(s) 'example_trigger_target_dag' retrieved from /Users/dineshsammeta/anaconda3/envs/python38/lib/python3.8/site-packages/airflow/example_dags/example_trigger_target_dag.py
[2025-04-30T13:44:29.384+0100] {logging_mixin.py:190} INFO - [2025-04-30T13:44:29.384+0100] {dag.py:3239} INFO - Sync 1 DAGs
[2025-04-30T13:44:29.390+0100] {logging_mixin.py:190} INFO - [2025-04-30T13:44:29.390+0100] {dag.py:4180} INFO - Setting next_dagrun for example_trigger_target_dag to None, run_after=None
[2025-04-30T13:44:29.401+0100] {processor.py:208} INFO - Processing /Users/dineshsammeta/anaconda3/envs/python38/lib/python3.8/site-packages/airflow/example_dags/example_trigger_target_dag.py took 0.128 seconds
[2025-04-30T13:45:57.880+0100] {processor.py:186} INFO - Started process (PID=67376) to work on /Users/dineshsammeta/anaconda3/envs/python38/lib/python3.8/site-packages/airflow/example_dags/example_trigger_target_dag.py
[2025-04-30T13:45:57.881+0100] {processor.py:914} INFO - Processing file /Users/dineshsammeta/anaconda3/envs/python38/lib/python3.8/site-packages/airflow/example_dags/example_trigger_target_dag.py for tasks to queue
[2025-04-30T13:45:57.882+0100] {logging_mixin.py:190} INFO - [2025-04-30T13:45:57.882+0100] {dagbag.py:588} INFO - Filling up the DagBag from /Users/dineshsammeta/anaconda3/envs/python38/lib/python3.8/site-packages/airflow/example_dags/example_trigger_target_dag.py
[2025-04-30T13:45:57.932+0100] {processor.py:925} INFO - DAG(s) 'example_trigger_target_dag' retrieved from /Users/dineshsammeta/anaconda3/envs/python38/lib/python3.8/site-packages/airflow/example_dags/example_trigger_target_dag.py
[2025-04-30T13:45:57.988+0100] {logging_mixin.py:190} INFO - [2025-04-30T13:45:57.988+0100] {dag.py:3239} INFO - Sync 1 DAGs
[2025-04-30T13:45:57.995+0100] {logging_mixin.py:190} INFO - [2025-04-30T13:45:57.995+0100] {dag.py:4180} INFO - Setting next_dagrun for example_trigger_target_dag to None, run_after=None
[2025-04-30T13:45:58.006+0100] {processor.py:208} INFO - Processing /Users/dineshsammeta/anaconda3/envs/python38/lib/python3.8/site-packages/airflow/example_dags/example_trigger_target_dag.py took 0.128 seconds
[2025-04-30T13:47:26.264+0100] {processor.py:186} INFO - Started process (PID=67559) to work on /Users/dineshsammeta/anaconda3/envs/python38/lib/python3.8/site-packages/airflow/example_dags/example_trigger_target_dag.py
[2025-04-30T13:47:26.265+0100] {processor.py:914} INFO - Processing file /Users/dineshsammeta/anaconda3/envs/python38/lib/python3.8/site-packages/airflow/example_dags/example_trigger_target_dag.py for tasks to queue
[2025-04-30T13:47:26.266+0100] {logging_mixin.py:190} INFO - [2025-04-30T13:47:26.266+0100] {dagbag.py:588} INFO - Filling up the DagBag from /Users/dineshsammeta/anaconda3/envs/python38/lib/python3.8/site-packages/airflow/example_dags/example_trigger_target_dag.py
[2025-04-30T13:47:26.317+0100] {processor.py:925} INFO - DAG(s) 'example_trigger_target_dag' retrieved from /Users/dineshsammeta/anaconda3/envs/python38/lib/python3.8/site-packages/airflow/example_dags/example_trigger_target_dag.py
[2025-04-30T13:47:26.372+0100] {logging_mixin.py:190} INFO - [2025-04-30T13:47:26.372+0100] {dag.py:3239} INFO - Sync 1 DAGs
[2025-04-30T13:47:26.378+0100] {logging_mixin.py:190} INFO - [2025-04-30T13:47:26.378+0100] {dag.py:4180} INFO - Setting next_dagrun for example_trigger_target_dag to None, run_after=None
[2025-04-30T13:47:26.389+0100] {processor.py:208} INFO - Processing /Users/dineshsammeta/anaconda3/envs/python38/lib/python3.8/site-packages/airflow/example_dags/example_trigger_target_dag.py took 0.127 seconds
[2025-04-30T13:48:56.953+0100] {processor.py:186} INFO - Started process (PID=67733) to work on /Users/dineshsammeta/anaconda3/envs/python38/lib/python3.8/site-packages/airflow/example_dags/example_trigger_target_dag.py
[2025-04-30T13:48:56.954+0100] {processor.py:914} INFO - Processing file /Users/dineshsammeta/anaconda3/envs/python38/lib/python3.8/site-packages/airflow/example_dags/example_trigger_target_dag.py for tasks to queue
[2025-04-30T13:48:56.954+0100] {logging_mixin.py:190} INFO - [2025-04-30T13:48:56.954+0100] {dagbag.py:588} INFO - Filling up the DagBag from /Users/dineshsammeta/anaconda3/envs/python38/lib/python3.8/site-packages/airflow/example_dags/example_trigger_target_dag.py
[2025-04-30T13:48:57.005+0100] {processor.py:925} INFO - DAG(s) 'example_trigger_target_dag' retrieved from /Users/dineshsammeta/anaconda3/envs/python38/lib/python3.8/site-packages/airflow/example_dags/example_trigger_target_dag.py
[2025-04-30T13:48:57.061+0100] {logging_mixin.py:190} INFO - [2025-04-30T13:48:57.061+0100] {dag.py:3239} INFO - Sync 1 DAGs
[2025-04-30T13:48:57.067+0100] {logging_mixin.py:190} INFO - [2025-04-30T13:48:57.067+0100] {dag.py:4180} INFO - Setting next_dagrun for example_trigger_target_dag to None, run_after=None
[2025-04-30T13:48:57.077+0100] {processor.py:208} INFO - Processing /Users/dineshsammeta/anaconda3/envs/python38/lib/python3.8/site-packages/airflow/example_dags/example_trigger_target_dag.py took 0.127 seconds
[2025-04-30T13:50:33.497+0100] {processor.py:186} INFO - Started process (PID=67902) to work on /Users/dineshsammeta/anaconda3/envs/python38/lib/python3.8/site-packages/airflow/example_dags/example_trigger_target_dag.py
[2025-04-30T13:50:33.498+0100] {processor.py:914} INFO - Processing file /Users/dineshsammeta/anaconda3/envs/python38/lib/python3.8/site-packages/airflow/example_dags/example_trigger_target_dag.py for tasks to queue
[2025-04-30T13:50:33.498+0100] {logging_mixin.py:190} INFO - [2025-04-30T13:50:33.498+0100] {dagbag.py:588} INFO - Filling up the DagBag from /Users/dineshsammeta/anaconda3/envs/python38/lib/python3.8/site-packages/airflow/example_dags/example_trigger_target_dag.py
[2025-04-30T13:50:33.552+0100] {processor.py:925} INFO - DAG(s) 'example_trigger_target_dag' retrieved from /Users/dineshsammeta/anaconda3/envs/python38/lib/python3.8/site-packages/airflow/example_dags/example_trigger_target_dag.py
[2025-04-30T13:50:33.608+0100] {logging_mixin.py:190} INFO - [2025-04-30T13:50:33.608+0100] {dag.py:3239} INFO - Sync 1 DAGs
[2025-04-30T13:50:33.614+0100] {logging_mixin.py:190} INFO - [2025-04-30T13:50:33.614+0100] {dag.py:4180} INFO - Setting next_dagrun for example_trigger_target_dag to None, run_after=None
[2025-04-30T13:50:33.625+0100] {processor.py:208} INFO - Processing /Users/dineshsammeta/anaconda3/envs/python38/lib/python3.8/site-packages/airflow/example_dags/example_trigger_target_dag.py took 0.130 seconds
[2025-04-30T13:52:04.504+0100] {processor.py:186} INFO - Started process (PID=68059) to work on /Users/dineshsammeta/anaconda3/envs/python38/lib/python3.8/site-packages/airflow/example_dags/example_trigger_target_dag.py
[2025-04-30T13:52:04.505+0100] {processor.py:914} INFO - Processing file /Users/dineshsammeta/anaconda3/envs/python38/lib/python3.8/site-packages/airflow/example_dags/example_trigger_target_dag.py for tasks to queue
[2025-04-30T13:52:04.506+0100] {logging_mixin.py:190} INFO - [2025-04-30T13:52:04.506+0100] {dagbag.py:588} INFO - Filling up the DagBag from /Users/dineshsammeta/anaconda3/envs/python38/lib/python3.8/site-packages/airflow/example_dags/example_trigger_target_dag.py
[2025-04-30T13:52:04.562+0100] {processor.py:925} INFO - DAG(s) 'example_trigger_target_dag' retrieved from /Users/dineshsammeta/anaconda3/envs/python38/lib/python3.8/site-packages/airflow/example_dags/example_trigger_target_dag.py
[2025-04-30T13:52:04.621+0100] {logging_mixin.py:190} INFO - [2025-04-30T13:52:04.621+0100] {dag.py:3239} INFO - Sync 1 DAGs
[2025-04-30T13:52:04.627+0100] {logging_mixin.py:190} INFO - [2025-04-30T13:52:04.627+0100] {dag.py:4180} INFO - Setting next_dagrun for example_trigger_target_dag to None, run_after=None
[2025-04-30T13:52:04.638+0100] {processor.py:208} INFO - Processing /Users/dineshsammeta/anaconda3/envs/python38/lib/python3.8/site-packages/airflow/example_dags/example_trigger_target_dag.py took 0.136 seconds
[2025-04-30T13:53:42.429+0100] {processor.py:186} INFO - Started process (PID=68253) to work on /Users/dineshsammeta/anaconda3/envs/python38/lib/python3.8/site-packages/airflow/example_dags/example_trigger_target_dag.py
[2025-04-30T13:53:42.430+0100] {processor.py:914} INFO - Processing file /Users/dineshsammeta/anaconda3/envs/python38/lib/python3.8/site-packages/airflow/example_dags/example_trigger_target_dag.py for tasks to queue
[2025-04-30T13:53:42.431+0100] {logging_mixin.py:190} INFO - [2025-04-30T13:53:42.430+0100] {dagbag.py:588} INFO - Filling up the DagBag from /Users/dineshsammeta/anaconda3/envs/python38/lib/python3.8/site-packages/airflow/example_dags/example_trigger_target_dag.py
[2025-04-30T13:53:42.486+0100] {processor.py:925} INFO - DAG(s) 'example_trigger_target_dag' retrieved from /Users/dineshsammeta/anaconda3/envs/python38/lib/python3.8/site-packages/airflow/example_dags/example_trigger_target_dag.py
[2025-04-30T13:53:42.542+0100] {logging_mixin.py:190} INFO - [2025-04-30T13:53:42.541+0100] {dag.py:3239} INFO - Sync 1 DAGs
[2025-04-30T13:53:42.547+0100] {logging_mixin.py:190} INFO - [2025-04-30T13:53:42.547+0100] {dag.py:4180} INFO - Setting next_dagrun for example_trigger_target_dag to None, run_after=None
[2025-04-30T13:53:42.558+0100] {processor.py:208} INFO - Processing /Users/dineshsammeta/anaconda3/envs/python38/lib/python3.8/site-packages/airflow/example_dags/example_trigger_target_dag.py took 0.132 seconds
[2025-04-30T13:55:20.146+0100] {processor.py:186} INFO - Started process (PID=68444) to work on /Users/dineshsammeta/anaconda3/envs/python38/lib/python3.8/site-packages/airflow/example_dags/example_trigger_target_dag.py
[2025-04-30T13:55:20.147+0100] {processor.py:914} INFO - Processing file /Users/dineshsammeta/anaconda3/envs/python38/lib/python3.8/site-packages/airflow/example_dags/example_trigger_target_dag.py for tasks to queue
[2025-04-30T13:55:20.148+0100] {logging_mixin.py:190} INFO - [2025-04-30T13:55:20.148+0100] {dagbag.py:588} INFO - Filling up the DagBag from /Users/dineshsammeta/anaconda3/envs/python38/lib/python3.8/site-packages/airflow/example_dags/example_trigger_target_dag.py
[2025-04-30T13:55:20.199+0100] {processor.py:925} INFO - DAG(s) 'example_trigger_target_dag' retrieved from /Users/dineshsammeta/anaconda3/envs/python38/lib/python3.8/site-packages/airflow/example_dags/example_trigger_target_dag.py
[2025-04-30T13:55:20.254+0100] {logging_mixin.py:190} INFO - [2025-04-30T13:55:20.254+0100] {dag.py:3239} INFO - Sync 1 DAGs
[2025-04-30T13:55:20.260+0100] {logging_mixin.py:190} INFO - [2025-04-30T13:55:20.260+0100] {dag.py:4180} INFO - Setting next_dagrun for example_trigger_target_dag to None, run_after=None
[2025-04-30T13:55:20.271+0100] {processor.py:208} INFO - Processing /Users/dineshsammeta/anaconda3/envs/python38/lib/python3.8/site-packages/airflow/example_dags/example_trigger_target_dag.py took 0.127 seconds
[2025-04-30T13:56:51.238+0100] {processor.py:186} INFO - Started process (PID=68598) to work on /Users/dineshsammeta/anaconda3/envs/python38/lib/python3.8/site-packages/airflow/example_dags/example_trigger_target_dag.py
[2025-04-30T13:56:51.240+0100] {processor.py:914} INFO - Processing file /Users/dineshsammeta/anaconda3/envs/python38/lib/python3.8/site-packages/airflow/example_dags/example_trigger_target_dag.py for tasks to queue
[2025-04-30T13:56:51.240+0100] {logging_mixin.py:190} INFO - [2025-04-30T13:56:51.240+0100] {dagbag.py:588} INFO - Filling up the DagBag from /Users/dineshsammeta/anaconda3/envs/python38/lib/python3.8/site-packages/airflow/example_dags/example_trigger_target_dag.py
[2025-04-30T13:56:51.291+0100] {processor.py:925} INFO - DAG(s) 'example_trigger_target_dag' retrieved from /Users/dineshsammeta/anaconda3/envs/python38/lib/python3.8/site-packages/airflow/example_dags/example_trigger_target_dag.py
[2025-04-30T13:56:51.347+0100] {logging_mixin.py:190} INFO - [2025-04-30T13:56:51.347+0100] {dag.py:3239} INFO - Sync 1 DAGs
[2025-04-30T13:56:51.353+0100] {logging_mixin.py:190} INFO - [2025-04-30T13:56:51.353+0100] {dag.py:4180} INFO - Setting next_dagrun for example_trigger_target_dag to None, run_after=None
[2025-04-30T13:56:51.364+0100] {processor.py:208} INFO - Processing /Users/dineshsammeta/anaconda3/envs/python38/lib/python3.8/site-packages/airflow/example_dags/example_trigger_target_dag.py took 0.128 seconds
[2025-04-30T13:58:22.323+0100] {processor.py:186} INFO - Started process (PID=68759) to work on /Users/dineshsammeta/anaconda3/envs/python38/lib/python3.8/site-packages/airflow/example_dags/example_trigger_target_dag.py
[2025-04-30T13:58:22.324+0100] {processor.py:914} INFO - Processing file /Users/dineshsammeta/anaconda3/envs/python38/lib/python3.8/site-packages/airflow/example_dags/example_trigger_target_dag.py for tasks to queue
[2025-04-30T13:58:22.325+0100] {logging_mixin.py:190} INFO - [2025-04-30T13:58:22.325+0100] {dagbag.py:588} INFO - Filling up the DagBag from /Users/dineshsammeta/anaconda3/envs/python38/lib/python3.8/site-packages/airflow/example_dags/example_trigger_target_dag.py
[2025-04-30T13:58:22.377+0100] {processor.py:925} INFO - DAG(s) 'example_trigger_target_dag' retrieved from /Users/dineshsammeta/anaconda3/envs/python38/lib/python3.8/site-packages/airflow/example_dags/example_trigger_target_dag.py
[2025-04-30T13:58:22.436+0100] {logging_mixin.py:190} INFO - [2025-04-30T13:58:22.436+0100] {dag.py:3239} INFO - Sync 1 DAGs
[2025-04-30T13:58:22.442+0100] {logging_mixin.py:190} INFO - [2025-04-30T13:58:22.442+0100] {dag.py:4180} INFO - Setting next_dagrun for example_trigger_target_dag to None, run_after=None
[2025-04-30T13:58:22.453+0100] {processor.py:208} INFO - Processing /Users/dineshsammeta/anaconda3/envs/python38/lib/python3.8/site-packages/airflow/example_dags/example_trigger_target_dag.py took 0.132 seconds
[2025-04-30T13:59:50.723+0100] {processor.py:186} INFO - Started process (PID=68923) to work on /Users/dineshsammeta/anaconda3/envs/python38/lib/python3.8/site-packages/airflow/example_dags/example_trigger_target_dag.py
[2025-04-30T13:59:50.724+0100] {processor.py:914} INFO - Processing file /Users/dineshsammeta/anaconda3/envs/python38/lib/python3.8/site-packages/airflow/example_dags/example_trigger_target_dag.py for tasks to queue
[2025-04-30T13:59:50.725+0100] {logging_mixin.py:190} INFO - [2025-04-30T13:59:50.725+0100] {dagbag.py:588} INFO - Filling up the DagBag from /Users/dineshsammeta/anaconda3/envs/python38/lib/python3.8/site-packages/airflow/example_dags/example_trigger_target_dag.py
[2025-04-30T13:59:50.775+0100] {processor.py:925} INFO - DAG(s) 'example_trigger_target_dag' retrieved from /Users/dineshsammeta/anaconda3/envs/python38/lib/python3.8/site-packages/airflow/example_dags/example_trigger_target_dag.py
[2025-04-30T13:59:50.831+0100] {logging_mixin.py:190} INFO - [2025-04-30T13:59:50.831+0100] {dag.py:3239} INFO - Sync 1 DAGs
[2025-04-30T13:59:50.837+0100] {logging_mixin.py:190} INFO - [2025-04-30T13:59:50.837+0100] {dag.py:4180} INFO - Setting next_dagrun for example_trigger_target_dag to None, run_after=None
[2025-04-30T13:59:50.848+0100] {processor.py:208} INFO - Processing /Users/dineshsammeta/anaconda3/envs/python38/lib/python3.8/site-packages/airflow/example_dags/example_trigger_target_dag.py took 0.127 seconds
[2025-04-30T14:01:19.488+0100] {processor.py:186} INFO - Started process (PID=69080) to work on /Users/dineshsammeta/anaconda3/envs/python38/lib/python3.8/site-packages/airflow/example_dags/example_trigger_target_dag.py
[2025-04-30T14:01:19.490+0100] {processor.py:914} INFO - Processing file /Users/dineshsammeta/anaconda3/envs/python38/lib/python3.8/site-packages/airflow/example_dags/example_trigger_target_dag.py for tasks to queue
[2025-04-30T14:01:19.491+0100] {logging_mixin.py:190} INFO - [2025-04-30T14:01:19.491+0100] {dagbag.py:588} INFO - Filling up the DagBag from /Users/dineshsammeta/anaconda3/envs/python38/lib/python3.8/site-packages/airflow/example_dags/example_trigger_target_dag.py
[2025-04-30T14:01:19.541+0100] {processor.py:925} INFO - DAG(s) 'example_trigger_target_dag' retrieved from /Users/dineshsammeta/anaconda3/envs/python38/lib/python3.8/site-packages/airflow/example_dags/example_trigger_target_dag.py
[2025-04-30T14:01:19.597+0100] {logging_mixin.py:190} INFO - [2025-04-30T14:01:19.596+0100] {dag.py:3239} INFO - Sync 1 DAGs
[2025-04-30T14:01:19.603+0100] {logging_mixin.py:190} INFO - [2025-04-30T14:01:19.602+0100] {dag.py:4180} INFO - Setting next_dagrun for example_trigger_target_dag to None, run_after=None
[2025-04-30T14:01:19.613+0100] {processor.py:208} INFO - Processing /Users/dineshsammeta/anaconda3/envs/python38/lib/python3.8/site-packages/airflow/example_dags/example_trigger_target_dag.py took 0.127 seconds
[2025-04-30T14:19:29.881+0100] {processor.py:186} INFO - Started process (PID=69264) to work on /Users/dineshsammeta/anaconda3/envs/python38/lib/python3.8/site-packages/airflow/example_dags/example_trigger_target_dag.py
[2025-04-30T14:19:29.882+0100] {processor.py:914} INFO - Processing file /Users/dineshsammeta/anaconda3/envs/python38/lib/python3.8/site-packages/airflow/example_dags/example_trigger_target_dag.py for tasks to queue
[2025-04-30T14:19:29.882+0100] {logging_mixin.py:190} INFO - [2025-04-30T14:19:29.882+0100] {dagbag.py:588} INFO - Filling up the DagBag from /Users/dineshsammeta/anaconda3/envs/python38/lib/python3.8/site-packages/airflow/example_dags/example_trigger_target_dag.py
[2025-04-30T14:19:29.934+0100] {processor.py:925} INFO - DAG(s) 'example_trigger_target_dag' retrieved from /Users/dineshsammeta/anaconda3/envs/python38/lib/python3.8/site-packages/airflow/example_dags/example_trigger_target_dag.py
[2025-04-30T14:19:29.990+0100] {logging_mixin.py:190} INFO - [2025-04-30T14:19:29.990+0100] {dag.py:3239} INFO - Sync 1 DAGs
[2025-04-30T14:19:29.996+0100] {logging_mixin.py:190} INFO - [2025-04-30T14:19:29.996+0100] {dag.py:4180} INFO - Setting next_dagrun for example_trigger_target_dag to None, run_after=None
[2025-04-30T14:19:30.006+0100] {processor.py:208} INFO - Processing /Users/dineshsammeta/anaconda3/envs/python38/lib/python3.8/site-packages/airflow/example_dags/example_trigger_target_dag.py took 0.128 seconds
[2025-04-30T15:38:44.254+0100] {processor.py:186} INFO - Started process (PID=69481) to work on /Users/dineshsammeta/anaconda3/envs/python38/lib/python3.8/site-packages/airflow/example_dags/example_trigger_target_dag.py
[2025-04-30T15:38:44.255+0100] {processor.py:914} INFO - Processing file /Users/dineshsammeta/anaconda3/envs/python38/lib/python3.8/site-packages/airflow/example_dags/example_trigger_target_dag.py for tasks to queue
[2025-04-30T15:38:44.256+0100] {logging_mixin.py:190} INFO - [2025-04-30T15:38:44.256+0100] {dagbag.py:588} INFO - Filling up the DagBag from /Users/dineshsammeta/anaconda3/envs/python38/lib/python3.8/site-packages/airflow/example_dags/example_trigger_target_dag.py
[2025-04-30T15:38:44.307+0100] {processor.py:925} INFO - DAG(s) 'example_trigger_target_dag' retrieved from /Users/dineshsammeta/anaconda3/envs/python38/lib/python3.8/site-packages/airflow/example_dags/example_trigger_target_dag.py
[2025-04-30T15:38:44.363+0100] {logging_mixin.py:190} INFO - [2025-04-30T15:38:44.363+0100] {dag.py:3239} INFO - Sync 1 DAGs
[2025-04-30T15:38:44.369+0100] {logging_mixin.py:190} INFO - [2025-04-30T15:38:44.369+0100] {dag.py:4180} INFO - Setting next_dagrun for example_trigger_target_dag to None, run_after=None
[2025-04-30T15:38:44.380+0100] {processor.py:208} INFO - Processing /Users/dineshsammeta/anaconda3/envs/python38/lib/python3.8/site-packages/airflow/example_dags/example_trigger_target_dag.py took 0.128 seconds
[2025-04-30T15:40:36.070+0100] {processor.py:186} INFO - Started process (PID=69699) to work on /Users/dineshsammeta/anaconda3/envs/python38/lib/python3.8/site-packages/airflow/example_dags/example_trigger_target_dag.py
[2025-04-30T15:40:36.071+0100] {processor.py:914} INFO - Processing file /Users/dineshsammeta/anaconda3/envs/python38/lib/python3.8/site-packages/airflow/example_dags/example_trigger_target_dag.py for tasks to queue
[2025-04-30T15:40:36.072+0100] {logging_mixin.py:190} INFO - [2025-04-30T15:40:36.072+0100] {dagbag.py:588} INFO - Filling up the DagBag from /Users/dineshsammeta/anaconda3/envs/python38/lib/python3.8/site-packages/airflow/example_dags/example_trigger_target_dag.py
[2025-04-30T15:40:36.122+0100] {processor.py:925} INFO - DAG(s) 'example_trigger_target_dag' retrieved from /Users/dineshsammeta/anaconda3/envs/python38/lib/python3.8/site-packages/airflow/example_dags/example_trigger_target_dag.py
[2025-04-30T15:40:36.179+0100] {logging_mixin.py:190} INFO - [2025-04-30T15:40:36.179+0100] {dag.py:3239} INFO - Sync 1 DAGs
[2025-04-30T15:40:36.186+0100] {logging_mixin.py:190} INFO - [2025-04-30T15:40:36.185+0100] {dag.py:4180} INFO - Setting next_dagrun for example_trigger_target_dag to None, run_after=None
[2025-04-30T15:40:36.197+0100] {processor.py:208} INFO - Processing /Users/dineshsammeta/anaconda3/envs/python38/lib/python3.8/site-packages/airflow/example_dags/example_trigger_target_dag.py took 0.129 seconds
[2025-04-30T15:42:06.370+0100] {processor.py:186} INFO - Started process (PID=69862) to work on /Users/dineshsammeta/anaconda3/envs/python38/lib/python3.8/site-packages/airflow/example_dags/example_trigger_target_dag.py
[2025-04-30T15:42:06.371+0100] {processor.py:914} INFO - Processing file /Users/dineshsammeta/anaconda3/envs/python38/lib/python3.8/site-packages/airflow/example_dags/example_trigger_target_dag.py for tasks to queue
[2025-04-30T15:42:06.372+0100] {logging_mixin.py:190} INFO - [2025-04-30T15:42:06.372+0100] {dagbag.py:588} INFO - Filling up the DagBag from /Users/dineshsammeta/anaconda3/envs/python38/lib/python3.8/site-packages/airflow/example_dags/example_trigger_target_dag.py
[2025-04-30T15:42:06.423+0100] {processor.py:925} INFO - DAG(s) 'example_trigger_target_dag' retrieved from /Users/dineshsammeta/anaconda3/envs/python38/lib/python3.8/site-packages/airflow/example_dags/example_trigger_target_dag.py
[2025-04-30T15:42:06.479+0100] {logging_mixin.py:190} INFO - [2025-04-30T15:42:06.479+0100] {dag.py:3239} INFO - Sync 1 DAGs
[2025-04-30T15:42:06.485+0100] {logging_mixin.py:190} INFO - [2025-04-30T15:42:06.485+0100] {dag.py:4180} INFO - Setting next_dagrun for example_trigger_target_dag to None, run_after=None
[2025-04-30T15:42:06.496+0100] {processor.py:208} INFO - Processing /Users/dineshsammeta/anaconda3/envs/python38/lib/python3.8/site-packages/airflow/example_dags/example_trigger_target_dag.py took 0.128 seconds
[2025-04-30T15:43:35.379+0100] {processor.py:186} INFO - Started process (PID=70007) to work on /Users/dineshsammeta/anaconda3/envs/python38/lib/python3.8/site-packages/airflow/example_dags/example_trigger_target_dag.py
[2025-04-30T15:43:35.380+0100] {processor.py:914} INFO - Processing file /Users/dineshsammeta/anaconda3/envs/python38/lib/python3.8/site-packages/airflow/example_dags/example_trigger_target_dag.py for tasks to queue
[2025-04-30T15:43:35.380+0100] {logging_mixin.py:190} INFO - [2025-04-30T15:43:35.380+0100] {dagbag.py:588} INFO - Filling up the DagBag from /Users/dineshsammeta/anaconda3/envs/python38/lib/python3.8/site-packages/airflow/example_dags/example_trigger_target_dag.py
[2025-04-30T15:43:35.431+0100] {processor.py:925} INFO - DAG(s) 'example_trigger_target_dag' retrieved from /Users/dineshsammeta/anaconda3/envs/python38/lib/python3.8/site-packages/airflow/example_dags/example_trigger_target_dag.py
[2025-04-30T15:43:35.487+0100] {logging_mixin.py:190} INFO - [2025-04-30T15:43:35.487+0100] {dag.py:3239} INFO - Sync 1 DAGs
[2025-04-30T15:43:35.493+0100] {logging_mixin.py:190} INFO - [2025-04-30T15:43:35.493+0100] {dag.py:4180} INFO - Setting next_dagrun for example_trigger_target_dag to None, run_after=None
[2025-04-30T15:43:35.504+0100] {processor.py:208} INFO - Processing /Users/dineshsammeta/anaconda3/envs/python38/lib/python3.8/site-packages/airflow/example_dags/example_trigger_target_dag.py took 0.127 seconds
[2025-04-30T15:45:13.914+0100] {processor.py:186} INFO - Started process (PID=70171) to work on /Users/dineshsammeta/anaconda3/envs/python38/lib/python3.8/site-packages/airflow/example_dags/example_trigger_target_dag.py
[2025-04-30T15:45:13.916+0100] {processor.py:914} INFO - Processing file /Users/dineshsammeta/anaconda3/envs/python38/lib/python3.8/site-packages/airflow/example_dags/example_trigger_target_dag.py for tasks to queue
[2025-04-30T15:45:13.917+0100] {logging_mixin.py:190} INFO - [2025-04-30T15:45:13.917+0100] {dagbag.py:588} INFO - Filling up the DagBag from /Users/dineshsammeta/anaconda3/envs/python38/lib/python3.8/site-packages/airflow/example_dags/example_trigger_target_dag.py
[2025-04-30T15:45:13.967+0100] {processor.py:925} INFO - DAG(s) 'example_trigger_target_dag' retrieved from /Users/dineshsammeta/anaconda3/envs/python38/lib/python3.8/site-packages/airflow/example_dags/example_trigger_target_dag.py
[2025-04-30T15:45:14.023+0100] {logging_mixin.py:190} INFO - [2025-04-30T15:45:14.023+0100] {dag.py:3239} INFO - Sync 1 DAGs
[2025-04-30T15:45:14.029+0100] {logging_mixin.py:190} INFO - [2025-04-30T15:45:14.029+0100] {dag.py:4180} INFO - Setting next_dagrun for example_trigger_target_dag to None, run_after=None
[2025-04-30T15:45:14.040+0100] {processor.py:208} INFO - Processing /Users/dineshsammeta/anaconda3/envs/python38/lib/python3.8/site-packages/airflow/example_dags/example_trigger_target_dag.py took 0.128 seconds
[2025-04-30T15:46:53.832+0100] {processor.py:186} INFO - Started process (PID=70344) to work on /Users/dineshsammeta/anaconda3/envs/python38/lib/python3.8/site-packages/airflow/example_dags/example_trigger_target_dag.py
[2025-04-30T15:46:53.833+0100] {processor.py:914} INFO - Processing file /Users/dineshsammeta/anaconda3/envs/python38/lib/python3.8/site-packages/airflow/example_dags/example_trigger_target_dag.py for tasks to queue
[2025-04-30T15:46:53.834+0100] {logging_mixin.py:190} INFO - [2025-04-30T15:46:53.834+0100] {dagbag.py:588} INFO - Filling up the DagBag from /Users/dineshsammeta/anaconda3/envs/python38/lib/python3.8/site-packages/airflow/example_dags/example_trigger_target_dag.py
[2025-04-30T15:46:53.884+0100] {processor.py:925} INFO - DAG(s) 'example_trigger_target_dag' retrieved from /Users/dineshsammeta/anaconda3/envs/python38/lib/python3.8/site-packages/airflow/example_dags/example_trigger_target_dag.py
[2025-04-30T15:46:53.957+0100] {logging_mixin.py:190} INFO - [2025-04-30T15:46:53.957+0100] {dag.py:3239} INFO - Sync 1 DAGs
[2025-04-30T15:46:53.963+0100] {logging_mixin.py:190} INFO - [2025-04-30T15:46:53.963+0100] {dag.py:4180} INFO - Setting next_dagrun for example_trigger_target_dag to None, run_after=None
[2025-04-30T15:46:53.977+0100] {processor.py:208} INFO - Processing /Users/dineshsammeta/anaconda3/envs/python38/lib/python3.8/site-packages/airflow/example_dags/example_trigger_target_dag.py took 0.148 seconds
