[2025-04-30T13:40:44.914+0100] {processor.py:186} INFO - Started process (PID=66712) to work on /Users/dineshsammeta/anaconda3/envs/python38/lib/python3.8/site-packages/airflow/example_dags/example_branch_python_dop_operator_3.py
[2025-04-30T13:40:44.915+0100] {processor.py:914} INFO - Processing file /Users/dineshsammeta/anaconda3/envs/python38/lib/python3.8/site-packages/airflow/example_dags/example_branch_python_dop_operator_3.py for tasks to queue
[2025-04-30T13:40:44.916+0100] {logging_mixin.py:190} INFO - [2025-04-30T13:40:44.915+0100] {dagbag.py:588} INFO - Filling up the DagBag from /Users/dineshsammeta/anaconda3/envs/python38/lib/python3.8/site-packages/airflow/example_dags/example_branch_python_dop_operator_3.py
[2025-04-30T13:40:44.972+0100] {processor.py:925} INFO - DAG(s) 'example_branch_dop_operator_v3' retrieved from /Users/dineshsammeta/anaconda3/envs/python38/lib/python3.8/site-packages/airflow/example_dags/example_branch_python_dop_operator_3.py
[2025-04-30T13:40:45.030+0100] {logging_mixin.py:190} INFO - [2025-04-30T13:40:45.030+0100] {dag.py:3239} INFO - Sync 1 DAGs
[2025-04-30T13:40:45.044+0100] {logging_mixin.py:190} INFO - [2025-04-30T13:40:45.044+0100] {dag.py:4180} INFO - Setting next_dagrun for example_branch_dop_operator_v3 to 2025-04-30 12:39:00+00:00, run_after=2025-04-30 12:40:00+00:00
[2025-04-30T13:40:45.056+0100] {processor.py:208} INFO - Processing /Users/dineshsammeta/anaconda3/envs/python38/lib/python3.8/site-packages/airflow/example_dags/example_branch_python_dop_operator_3.py took 0.144 seconds
[2025-04-30T13:43:42.252+0100] {processor.py:186} INFO - Started process (PID=67117) to work on /Users/dineshsammeta/anaconda3/envs/python38/lib/python3.8/site-packages/airflow/example_dags/example_branch_python_dop_operator_3.py
[2025-04-30T13:43:42.253+0100] {processor.py:914} INFO - Processing file /Users/dineshsammeta/anaconda3/envs/python38/lib/python3.8/site-packages/airflow/example_dags/example_branch_python_dop_operator_3.py for tasks to queue
[2025-04-30T13:43:42.254+0100] {logging_mixin.py:190} INFO - [2025-04-30T13:43:42.254+0100] {dagbag.py:588} INFO - Filling up the DagBag from /Users/dineshsammeta/anaconda3/envs/python38/lib/python3.8/site-packages/airflow/example_dags/example_branch_python_dop_operator_3.py
[2025-04-30T13:43:42.307+0100] {processor.py:925} INFO - DAG(s) 'example_branch_dop_operator_v3' retrieved from /Users/dineshsammeta/anaconda3/envs/python38/lib/python3.8/site-packages/airflow/example_dags/example_branch_python_dop_operator_3.py
[2025-04-30T13:43:42.363+0100] {logging_mixin.py:190} INFO - [2025-04-30T13:43:42.363+0100] {dag.py:3239} INFO - Sync 1 DAGs
[2025-04-30T13:43:42.377+0100] {logging_mixin.py:190} INFO - [2025-04-30T13:43:42.377+0100] {dag.py:4180} INFO - Setting next_dagrun for example_branch_dop_operator_v3 to 2025-04-30 12:42:00+00:00, run_after=2025-04-30 12:43:00+00:00
[2025-04-30T13:43:42.389+0100] {processor.py:208} INFO - Processing /Users/dineshsammeta/anaconda3/envs/python38/lib/python3.8/site-packages/airflow/example_dags/example_branch_python_dop_operator_3.py took 0.139 seconds
[2025-04-30T13:46:39.876+0100] {processor.py:186} INFO - Started process (PID=67456) to work on /Users/dineshsammeta/anaconda3/envs/python38/lib/python3.8/site-packages/airflow/example_dags/example_branch_python_dop_operator_3.py
[2025-04-30T13:46:39.877+0100] {processor.py:914} INFO - Processing file /Users/dineshsammeta/anaconda3/envs/python38/lib/python3.8/site-packages/airflow/example_dags/example_branch_python_dop_operator_3.py for tasks to queue
[2025-04-30T13:46:39.877+0100] {logging_mixin.py:190} INFO - [2025-04-30T13:46:39.877+0100] {dagbag.py:588} INFO - Filling up the DagBag from /Users/dineshsammeta/anaconda3/envs/python38/lib/python3.8/site-packages/airflow/example_dags/example_branch_python_dop_operator_3.py
[2025-04-30T13:46:39.930+0100] {processor.py:925} INFO - DAG(s) 'example_branch_dop_operator_v3' retrieved from /Users/dineshsammeta/anaconda3/envs/python38/lib/python3.8/site-packages/airflow/example_dags/example_branch_python_dop_operator_3.py
[2025-04-30T13:46:39.986+0100] {logging_mixin.py:190} INFO - [2025-04-30T13:46:39.986+0100] {dag.py:3239} INFO - Sync 1 DAGs
[2025-04-30T13:46:40.000+0100] {logging_mixin.py:190} INFO - [2025-04-30T13:46:40.000+0100] {dag.py:4180} INFO - Setting next_dagrun for example_branch_dop_operator_v3 to 2025-04-30 12:45:00+00:00, run_after=2025-04-30 12:46:00+00:00
[2025-04-30T13:46:40.010+0100] {processor.py:208} INFO - Processing /Users/dineshsammeta/anaconda3/envs/python38/lib/python3.8/site-packages/airflow/example_dags/example_branch_python_dop_operator_3.py took 0.137 seconds
[2025-04-30T13:49:43.494+0100] {processor.py:186} INFO - Started process (PID=67810) to work on /Users/dineshsammeta/anaconda3/envs/python38/lib/python3.8/site-packages/airflow/example_dags/example_branch_python_dop_operator_3.py
[2025-04-30T13:49:43.495+0100] {processor.py:914} INFO - Processing file /Users/dineshsammeta/anaconda3/envs/python38/lib/python3.8/site-packages/airflow/example_dags/example_branch_python_dop_operator_3.py for tasks to queue
[2025-04-30T13:49:43.496+0100] {logging_mixin.py:190} INFO - [2025-04-30T13:49:43.496+0100] {dagbag.py:588} INFO - Filling up the DagBag from /Users/dineshsammeta/anaconda3/envs/python38/lib/python3.8/site-packages/airflow/example_dags/example_branch_python_dop_operator_3.py
[2025-04-30T13:49:43.552+0100] {processor.py:925} INFO - DAG(s) 'example_branch_dop_operator_v3' retrieved from /Users/dineshsammeta/anaconda3/envs/python38/lib/python3.8/site-packages/airflow/example_dags/example_branch_python_dop_operator_3.py
[2025-04-30T13:49:43.608+0100] {logging_mixin.py:190} INFO - [2025-04-30T13:49:43.608+0100] {dag.py:3239} INFO - Sync 1 DAGs
[2025-04-30T13:49:43.623+0100] {logging_mixin.py:190} INFO - [2025-04-30T13:49:43.622+0100] {dag.py:4180} INFO - Setting next_dagrun for example_branch_dop_operator_v3 to 2025-04-30 12:48:00+00:00, run_after=2025-04-30 12:49:00+00:00
[2025-04-30T13:49:43.634+0100] {processor.py:208} INFO - Processing /Users/dineshsammeta/anaconda3/envs/python38/lib/python3.8/site-packages/airflow/example_dags/example_branch_python_dop_operator_3.py took 0.142 seconds
[2025-04-30T13:52:48.875+0100] {processor.py:186} INFO - Started process (PID=68152) to work on /Users/dineshsammeta/anaconda3/envs/python38/lib/python3.8/site-packages/airflow/example_dags/example_branch_python_dop_operator_3.py
[2025-04-30T13:52:48.877+0100] {processor.py:914} INFO - Processing file /Users/dineshsammeta/anaconda3/envs/python38/lib/python3.8/site-packages/airflow/example_dags/example_branch_python_dop_operator_3.py for tasks to queue
[2025-04-30T13:52:48.878+0100] {logging_mixin.py:190} INFO - [2025-04-30T13:52:48.878+0100] {dagbag.py:588} INFO - Filling up the DagBag from /Users/dineshsammeta/anaconda3/envs/python38/lib/python3.8/site-packages/airflow/example_dags/example_branch_python_dop_operator_3.py
[2025-04-30T13:52:48.931+0100] {processor.py:925} INFO - DAG(s) 'example_branch_dop_operator_v3' retrieved from /Users/dineshsammeta/anaconda3/envs/python38/lib/python3.8/site-packages/airflow/example_dags/example_branch_python_dop_operator_3.py
[2025-04-30T13:52:48.987+0100] {logging_mixin.py:190} INFO - [2025-04-30T13:52:48.987+0100] {dag.py:3239} INFO - Sync 1 DAGs
[2025-04-30T13:52:49.000+0100] {logging_mixin.py:190} INFO - [2025-04-30T13:52:49.000+0100] {dag.py:4180} INFO - Setting next_dagrun for example_branch_dop_operator_v3 to 2025-04-30 12:51:00+00:00, run_after=2025-04-30 12:52:00+00:00
[2025-04-30T13:52:49.011+0100] {processor.py:208} INFO - Processing /Users/dineshsammeta/anaconda3/envs/python38/lib/python3.8/site-packages/airflow/example_dags/example_branch_python_dop_operator_3.py took 0.137 seconds
[2025-04-30T13:56:05.138+0100] {processor.py:186} INFO - Started process (PID=68518) to work on /Users/dineshsammeta/anaconda3/envs/python38/lib/python3.8/site-packages/airflow/example_dags/example_branch_python_dop_operator_3.py
[2025-04-30T13:56:05.139+0100] {processor.py:914} INFO - Processing file /Users/dineshsammeta/anaconda3/envs/python38/lib/python3.8/site-packages/airflow/example_dags/example_branch_python_dop_operator_3.py for tasks to queue
[2025-04-30T13:56:05.139+0100] {logging_mixin.py:190} INFO - [2025-04-30T13:56:05.139+0100] {dagbag.py:588} INFO - Filling up the DagBag from /Users/dineshsammeta/anaconda3/envs/python38/lib/python3.8/site-packages/airflow/example_dags/example_branch_python_dop_operator_3.py
[2025-04-30T13:56:05.192+0100] {processor.py:925} INFO - DAG(s) 'example_branch_dop_operator_v3' retrieved from /Users/dineshsammeta/anaconda3/envs/python38/lib/python3.8/site-packages/airflow/example_dags/example_branch_python_dop_operator_3.py
[2025-04-30T13:56:05.248+0100] {logging_mixin.py:190} INFO - [2025-04-30T13:56:05.248+0100] {dag.py:3239} INFO - Sync 1 DAGs
[2025-04-30T13:56:05.262+0100] {logging_mixin.py:190} INFO - [2025-04-30T13:56:05.262+0100] {dag.py:4180} INFO - Setting next_dagrun for example_branch_dop_operator_v3 to 2025-04-30 12:55:00+00:00, run_after=2025-04-30 12:56:00+00:00
[2025-04-30T13:56:05.272+0100] {processor.py:208} INFO - Processing /Users/dineshsammeta/anaconda3/envs/python38/lib/python3.8/site-packages/airflow/example_dags/example_branch_python_dop_operator_3.py took 0.136 seconds
[2025-04-30T13:59:04.575+0100] {processor.py:186} INFO - Started process (PID=68835) to work on /Users/dineshsammeta/anaconda3/envs/python38/lib/python3.8/site-packages/airflow/example_dags/example_branch_python_dop_operator_3.py
[2025-04-30T13:59:04.577+0100] {processor.py:914} INFO - Processing file /Users/dineshsammeta/anaconda3/envs/python38/lib/python3.8/site-packages/airflow/example_dags/example_branch_python_dop_operator_3.py for tasks to queue
[2025-04-30T13:59:04.578+0100] {logging_mixin.py:190} INFO - [2025-04-30T13:59:04.577+0100] {dagbag.py:588} INFO - Filling up the DagBag from /Users/dineshsammeta/anaconda3/envs/python38/lib/python3.8/site-packages/airflow/example_dags/example_branch_python_dop_operator_3.py
[2025-04-30T13:59:04.629+0100] {processor.py:925} INFO - DAG(s) 'example_branch_dop_operator_v3' retrieved from /Users/dineshsammeta/anaconda3/envs/python38/lib/python3.8/site-packages/airflow/example_dags/example_branch_python_dop_operator_3.py
[2025-04-30T13:59:04.686+0100] {logging_mixin.py:190} INFO - [2025-04-30T13:59:04.685+0100] {dag.py:3239} INFO - Sync 1 DAGs
[2025-04-30T13:59:04.699+0100] {logging_mixin.py:190} INFO - [2025-04-30T13:59:04.699+0100] {dag.py:4180} INFO - Setting next_dagrun for example_branch_dop_operator_v3 to 2025-04-30 12:58:00+00:00, run_after=2025-04-30 12:59:00+00:00
[2025-04-30T13:59:04.709+0100] {processor.py:208} INFO - Processing /Users/dineshsammeta/anaconda3/envs/python38/lib/python3.8/site-packages/airflow/example_dags/example_branch_python_dop_operator_3.py took 0.136 seconds
[2025-04-30T14:02:04.544+0100] {processor.py:186} INFO - Started process (PID=69164) to work on /Users/dineshsammeta/anaconda3/envs/python38/lib/python3.8/site-packages/airflow/example_dags/example_branch_python_dop_operator_3.py
[2025-04-30T14:02:04.545+0100] {processor.py:914} INFO - Processing file /Users/dineshsammeta/anaconda3/envs/python38/lib/python3.8/site-packages/airflow/example_dags/example_branch_python_dop_operator_3.py for tasks to queue
[2025-04-30T14:02:04.545+0100] {logging_mixin.py:190} INFO - [2025-04-30T14:02:04.545+0100] {dagbag.py:588} INFO - Filling up the DagBag from /Users/dineshsammeta/anaconda3/envs/python38/lib/python3.8/site-packages/airflow/example_dags/example_branch_python_dop_operator_3.py
[2025-04-30T14:02:04.597+0100] {processor.py:925} INFO - DAG(s) 'example_branch_dop_operator_v3' retrieved from /Users/dineshsammeta/anaconda3/envs/python38/lib/python3.8/site-packages/airflow/example_dags/example_branch_python_dop_operator_3.py
[2025-04-30T14:02:04.653+0100] {logging_mixin.py:190} INFO - [2025-04-30T14:02:04.653+0100] {dag.py:3239} INFO - Sync 1 DAGs
[2025-04-30T14:02:04.667+0100] {logging_mixin.py:190} INFO - [2025-04-30T14:02:04.667+0100] {dag.py:4180} INFO - Setting next_dagrun for example_branch_dop_operator_v3 to 2025-04-30 13:01:00+00:00, run_after=2025-04-30 13:02:00+00:00
[2025-04-30T14:02:04.677+0100] {processor.py:208} INFO - Processing /Users/dineshsammeta/anaconda3/envs/python38/lib/python3.8/site-packages/airflow/example_dags/example_branch_python_dop_operator_3.py took 0.135 seconds
[2025-04-30T15:39:49.209+0100] {processor.py:186} INFO - Started process (PID=69609) to work on /Users/dineshsammeta/anaconda3/envs/python38/lib/python3.8/site-packages/airflow/example_dags/example_branch_python_dop_operator_3.py
[2025-04-30T15:39:49.210+0100] {processor.py:914} INFO - Processing file /Users/dineshsammeta/anaconda3/envs/python38/lib/python3.8/site-packages/airflow/example_dags/example_branch_python_dop_operator_3.py for tasks to queue
[2025-04-30T15:39:49.211+0100] {logging_mixin.py:190} INFO - [2025-04-30T15:39:49.210+0100] {dagbag.py:588} INFO - Filling up the DagBag from /Users/dineshsammeta/anaconda3/envs/python38/lib/python3.8/site-packages/airflow/example_dags/example_branch_python_dop_operator_3.py
[2025-04-30T15:39:49.262+0100] {processor.py:925} INFO - DAG(s) 'example_branch_dop_operator_v3' retrieved from /Users/dineshsammeta/anaconda3/envs/python38/lib/python3.8/site-packages/airflow/example_dags/example_branch_python_dop_operator_3.py
[2025-04-30T15:39:49.319+0100] {logging_mixin.py:190} INFO - [2025-04-30T15:39:49.319+0100] {dag.py:3239} INFO - Sync 1 DAGs
[2025-04-30T15:39:49.333+0100] {logging_mixin.py:190} INFO - [2025-04-30T15:39:49.332+0100] {dag.py:4180} INFO - Setting next_dagrun for example_branch_dop_operator_v3 to 2025-04-30 14:38:00+00:00, run_after=2025-04-30 14:39:00+00:00
[2025-04-30T15:39:49.342+0100] {processor.py:208} INFO - Processing /Users/dineshsammeta/anaconda3/envs/python38/lib/python3.8/site-packages/airflow/example_dags/example_branch_python_dop_operator_3.py took 0.136 seconds
[2025-04-30T15:42:46.793+0100] {processor.py:186} INFO - Started process (PID=69930) to work on /Users/dineshsammeta/anaconda3/envs/python38/lib/python3.8/site-packages/airflow/example_dags/example_branch_python_dop_operator_3.py
[2025-04-30T15:42:46.794+0100] {processor.py:914} INFO - Processing file /Users/dineshsammeta/anaconda3/envs/python38/lib/python3.8/site-packages/airflow/example_dags/example_branch_python_dop_operator_3.py for tasks to queue
[2025-04-30T15:42:46.795+0100] {logging_mixin.py:190} INFO - [2025-04-30T15:42:46.795+0100] {dagbag.py:588} INFO - Filling up the DagBag from /Users/dineshsammeta/anaconda3/envs/python38/lib/python3.8/site-packages/airflow/example_dags/example_branch_python_dop_operator_3.py
[2025-04-30T15:42:46.858+0100] {processor.py:925} INFO - DAG(s) 'example_branch_dop_operator_v3' retrieved from /Users/dineshsammeta/anaconda3/envs/python38/lib/python3.8/site-packages/airflow/example_dags/example_branch_python_dop_operator_3.py
[2025-04-30T15:42:46.918+0100] {logging_mixin.py:190} INFO - [2025-04-30T15:42:46.918+0100] {dag.py:3239} INFO - Sync 1 DAGs
[2025-04-30T15:42:46.933+0100] {logging_mixin.py:190} INFO - [2025-04-30T15:42:46.933+0100] {dag.py:4180} INFO - Setting next_dagrun for example_branch_dop_operator_v3 to 2025-04-30 14:41:00+00:00, run_after=2025-04-30 14:42:00+00:00
[2025-04-30T15:42:46.945+0100] {processor.py:208} INFO - Processing /Users/dineshsammeta/anaconda3/envs/python38/lib/python3.8/site-packages/airflow/example_dags/example_branch_python_dop_operator_3.py took 0.154 seconds
[2025-04-30T15:46:06.507+0100] {processor.py:186} INFO - Started process (PID=70258) to work on /Users/dineshsammeta/anaconda3/envs/python38/lib/python3.8/site-packages/airflow/example_dags/example_branch_python_dop_operator_3.py
[2025-04-30T15:46:06.508+0100] {processor.py:914} INFO - Processing file /Users/dineshsammeta/anaconda3/envs/python38/lib/python3.8/site-packages/airflow/example_dags/example_branch_python_dop_operator_3.py for tasks to queue
[2025-04-30T15:46:06.509+0100] {logging_mixin.py:190} INFO - [2025-04-30T15:46:06.509+0100] {dagbag.py:588} INFO - Filling up the DagBag from /Users/dineshsammeta/anaconda3/envs/python38/lib/python3.8/site-packages/airflow/example_dags/example_branch_python_dop_operator_3.py
[2025-04-30T15:46:06.561+0100] {processor.py:925} INFO - DAG(s) 'example_branch_dop_operator_v3' retrieved from /Users/dineshsammeta/anaconda3/envs/python38/lib/python3.8/site-packages/airflow/example_dags/example_branch_python_dop_operator_3.py
[2025-04-30T15:46:06.618+0100] {logging_mixin.py:190} INFO - [2025-04-30T15:46:06.618+0100] {dag.py:3239} INFO - Sync 1 DAGs
[2025-04-30T15:46:06.631+0100] {logging_mixin.py:190} INFO - [2025-04-30T15:46:06.631+0100] {dag.py:4180} INFO - Setting next_dagrun for example_branch_dop_operator_v3 to 2025-04-30 14:45:00+00:00, run_after=2025-04-30 14:46:00+00:00
[2025-04-30T15:46:06.642+0100] {processor.py:208} INFO - Processing /Users/dineshsammeta/anaconda3/envs/python38/lib/python3.8/site-packages/airflow/example_dags/example_branch_python_dop_operator_3.py took 0.136 seconds
