[2025-04-30T13:39:39.902+0100] {processor.py:186} INFO - Started process (PID=66590) to work on /Users/dineshsammeta/anaconda3/envs/python38/lib/python3.8/site-packages/airflow/example_dags/example_subdag_operator.py
[2025-04-30T13:39:39.903+0100] {processor.py:914} INFO - Processing file /Users/dineshsammeta/anaconda3/envs/python38/lib/python3.8/site-packages/airflow/example_dags/example_subdag_operator.py for tasks to queue
[2025-04-30T13:39:39.904+0100] {logging_mixin.py:190} INFO - [2025-04-30T13:39:39.903+0100] {dagbag.py:588} INFO - Filling up the DagBag from /Users/dineshsammeta/anaconda3/envs/python38/lib/python3.8/site-packages/airflow/example_dags/example_subdag_operator.py
[2025-04-30T13:39:40.002+0100] {processor.py:925} INFO - DAG(s) 'example_subdag_operator.section-1', 'example_subdag_operator.section-2', 'example_subdag_operator' retrieved from /Users/dineshsammeta/anaconda3/envs/python38/lib/python3.8/site-packages/airflow/example_dags/example_subdag_operator.py
[2025-04-30T13:39:40.011+0100] {logging_mixin.py:190} INFO - [2025-04-30T13:39:40.011+0100] {workday.py:41} WARNING - Could not import pandas. Holidays will not be considered.
[2025-04-30T13:39:40.020+0100] {logging_mixin.py:190} INFO - [2025-04-30T13:39:40.020+0100] {dag.py:3239} INFO - Sync 3 DAGs
[2025-04-30T13:39:40.030+0100] {logging_mixin.py:190} INFO - [2025-04-30T13:39:40.030+0100] {dag.py:4180} INFO - Setting next_dagrun for example_subdag_operator to 2022-01-01 00:00:00+00:00, run_after=2022-01-01 00:00:00+00:00
[2025-04-30T13:39:40.032+0100] {logging_mixin.py:190} INFO - [2025-04-30T13:39:40.032+0100] {dag.py:4180} INFO - Setting next_dagrun for example_subdag_operator.section-1 to None, run_after=None
[2025-04-30T13:39:40.033+0100] {logging_mixin.py:190} INFO - [2025-04-30T13:39:40.033+0100] {dag.py:4180} INFO - Setting next_dagrun for example_subdag_operator.section-2 to None, run_after=None
[2025-04-30T13:39:40.036+0100] {logging_mixin.py:190} INFO - [2025-04-30T13:39:40.036+0100] {dag.py:3239} INFO - Sync 2 DAGs
[2025-04-30T13:39:40.038+0100] {logging_mixin.py:190} INFO - [2025-04-30T13:39:40.038+0100] {dag.py:4180} INFO - Setting next_dagrun for example_subdag_operator.section-1 to None, run_after=None
[2025-04-30T13:39:40.039+0100] {logging_mixin.py:190} INFO - [2025-04-30T13:39:40.039+0100] {dag.py:4180} INFO - Setting next_dagrun for example_subdag_operator.section-2 to None, run_after=None
[2025-04-30T13:39:40.046+0100] {processor.py:208} INFO - Processing /Users/dineshsammeta/anaconda3/envs/python38/lib/python3.8/site-packages/airflow/example_dags/example_subdag_operator.py took 0.147 seconds
[2025-04-30T13:41:40.030+0100] {processor.py:186} INFO - Started process (PID=66872) to work on /Users/dineshsammeta/anaconda3/envs/python38/lib/python3.8/site-packages/airflow/example_dags/example_subdag_operator.py
[2025-04-30T13:41:40.031+0100] {processor.py:914} INFO - Processing file /Users/dineshsammeta/anaconda3/envs/python38/lib/python3.8/site-packages/airflow/example_dags/example_subdag_operator.py for tasks to queue
[2025-04-30T13:41:40.032+0100] {logging_mixin.py:190} INFO - [2025-04-30T13:41:40.032+0100] {dagbag.py:588} INFO - Filling up the DagBag from /Users/dineshsammeta/anaconda3/envs/python38/lib/python3.8/site-packages/airflow/example_dags/example_subdag_operator.py
[2025-04-30T13:41:40.126+0100] {processor.py:925} INFO - DAG(s) 'example_subdag_operator.section-1', 'example_subdag_operator.section-2', 'example_subdag_operator' retrieved from /Users/dineshsammeta/anaconda3/envs/python38/lib/python3.8/site-packages/airflow/example_dags/example_subdag_operator.py
[2025-04-30T13:41:40.135+0100] {logging_mixin.py:190} INFO - [2025-04-30T13:41:40.135+0100] {workday.py:41} WARNING - Could not import pandas. Holidays will not be considered.
[2025-04-30T13:41:40.143+0100] {logging_mixin.py:190} INFO - [2025-04-30T13:41:40.143+0100] {dag.py:3239} INFO - Sync 3 DAGs
[2025-04-30T13:41:40.153+0100] {logging_mixin.py:190} INFO - [2025-04-30T13:41:40.153+0100] {dag.py:4180} INFO - Setting next_dagrun for example_subdag_operator to 2022-01-01 00:00:00+00:00, run_after=2022-01-01 00:00:00+00:00
[2025-04-30T13:41:40.155+0100] {logging_mixin.py:190} INFO - [2025-04-30T13:41:40.155+0100] {dag.py:4180} INFO - Setting next_dagrun for example_subdag_operator.section-1 to None, run_after=None
[2025-04-30T13:41:40.156+0100] {logging_mixin.py:190} INFO - [2025-04-30T13:41:40.156+0100] {dag.py:4180} INFO - Setting next_dagrun for example_subdag_operator.section-2 to None, run_after=None
[2025-04-30T13:41:40.159+0100] {logging_mixin.py:190} INFO - [2025-04-30T13:41:40.159+0100] {dag.py:3239} INFO - Sync 2 DAGs
[2025-04-30T13:41:40.161+0100] {logging_mixin.py:190} INFO - [2025-04-30T13:41:40.161+0100] {dag.py:4180} INFO - Setting next_dagrun for example_subdag_operator.section-1 to None, run_after=None
[2025-04-30T13:41:40.161+0100] {logging_mixin.py:190} INFO - [2025-04-30T13:41:40.161+0100] {dag.py:4180} INFO - Setting next_dagrun for example_subdag_operator.section-2 to None, run_after=None
[2025-04-30T13:41:40.168+0100] {processor.py:208} INFO - Processing /Users/dineshsammeta/anaconda3/envs/python38/lib/python3.8/site-packages/airflow/example_dags/example_subdag_operator.py took 0.140 seconds
[2025-04-30T13:43:09.660+0100] {processor.py:186} INFO - Started process (PID=67055) to work on /Users/dineshsammeta/anaconda3/envs/python38/lib/python3.8/site-packages/airflow/example_dags/example_subdag_operator.py
[2025-04-30T13:43:09.661+0100] {processor.py:914} INFO - Processing file /Users/dineshsammeta/anaconda3/envs/python38/lib/python3.8/site-packages/airflow/example_dags/example_subdag_operator.py for tasks to queue
[2025-04-30T13:43:09.662+0100] {logging_mixin.py:190} INFO - [2025-04-30T13:43:09.662+0100] {dagbag.py:588} INFO - Filling up the DagBag from /Users/dineshsammeta/anaconda3/envs/python38/lib/python3.8/site-packages/airflow/example_dags/example_subdag_operator.py
[2025-04-30T13:43:09.754+0100] {processor.py:925} INFO - DAG(s) 'example_subdag_operator.section-1', 'example_subdag_operator.section-2', 'example_subdag_operator' retrieved from /Users/dineshsammeta/anaconda3/envs/python38/lib/python3.8/site-packages/airflow/example_dags/example_subdag_operator.py
[2025-04-30T13:43:09.763+0100] {logging_mixin.py:190} INFO - [2025-04-30T13:43:09.763+0100] {workday.py:41} WARNING - Could not import pandas. Holidays will not be considered.
[2025-04-30T13:43:09.771+0100] {logging_mixin.py:190} INFO - [2025-04-30T13:43:09.771+0100] {dag.py:3239} INFO - Sync 3 DAGs
[2025-04-30T13:43:09.781+0100] {logging_mixin.py:190} INFO - [2025-04-30T13:43:09.781+0100] {dag.py:4180} INFO - Setting next_dagrun for example_subdag_operator to 2022-01-01 00:00:00+00:00, run_after=2022-01-01 00:00:00+00:00
[2025-04-30T13:43:09.784+0100] {logging_mixin.py:190} INFO - [2025-04-30T13:43:09.784+0100] {dag.py:4180} INFO - Setting next_dagrun for example_subdag_operator.section-1 to None, run_after=None
[2025-04-30T13:43:09.784+0100] {logging_mixin.py:190} INFO - [2025-04-30T13:43:09.784+0100] {dag.py:4180} INFO - Setting next_dagrun for example_subdag_operator.section-2 to None, run_after=None
[2025-04-30T13:43:09.788+0100] {logging_mixin.py:190} INFO - [2025-04-30T13:43:09.788+0100] {dag.py:3239} INFO - Sync 2 DAGs
[2025-04-30T13:43:09.790+0100] {logging_mixin.py:190} INFO - [2025-04-30T13:43:09.790+0100] {dag.py:4180} INFO - Setting next_dagrun for example_subdag_operator.section-1 to None, run_after=None
[2025-04-30T13:43:09.790+0100] {logging_mixin.py:190} INFO - [2025-04-30T13:43:09.790+0100] {dag.py:4180} INFO - Setting next_dagrun for example_subdag_operator.section-2 to None, run_after=None
[2025-04-30T13:43:09.797+0100] {processor.py:208} INFO - Processing /Users/dineshsammeta/anaconda3/envs/python38/lib/python3.8/site-packages/airflow/example_dags/example_subdag_operator.py took 0.138 seconds
[2025-04-30T13:44:40.332+0100] {processor.py:186} INFO - Started process (PID=67223) to work on /Users/dineshsammeta/anaconda3/envs/python38/lib/python3.8/site-packages/airflow/example_dags/example_subdag_operator.py
[2025-04-30T13:44:40.333+0100] {processor.py:914} INFO - Processing file /Users/dineshsammeta/anaconda3/envs/python38/lib/python3.8/site-packages/airflow/example_dags/example_subdag_operator.py for tasks to queue
[2025-04-30T13:44:40.334+0100] {logging_mixin.py:190} INFO - [2025-04-30T13:44:40.334+0100] {dagbag.py:588} INFO - Filling up the DagBag from /Users/dineshsammeta/anaconda3/envs/python38/lib/python3.8/site-packages/airflow/example_dags/example_subdag_operator.py
[2025-04-30T13:44:40.432+0100] {processor.py:925} INFO - DAG(s) 'example_subdag_operator.section-1', 'example_subdag_operator.section-2', 'example_subdag_operator' retrieved from /Users/dineshsammeta/anaconda3/envs/python38/lib/python3.8/site-packages/airflow/example_dags/example_subdag_operator.py
[2025-04-30T13:44:40.441+0100] {logging_mixin.py:190} INFO - [2025-04-30T13:44:40.441+0100] {workday.py:41} WARNING - Could not import pandas. Holidays will not be considered.
[2025-04-30T13:44:40.450+0100] {logging_mixin.py:190} INFO - [2025-04-30T13:44:40.450+0100] {dag.py:3239} INFO - Sync 3 DAGs
[2025-04-30T13:44:40.460+0100] {logging_mixin.py:190} INFO - [2025-04-30T13:44:40.460+0100] {dag.py:4180} INFO - Setting next_dagrun for example_subdag_operator to 2022-01-01 00:00:00+00:00, run_after=2022-01-01 00:00:00+00:00
[2025-04-30T13:44:40.462+0100] {logging_mixin.py:190} INFO - [2025-04-30T13:44:40.462+0100] {dag.py:4180} INFO - Setting next_dagrun for example_subdag_operator.section-1 to None, run_after=None
[2025-04-30T13:44:40.462+0100] {logging_mixin.py:190} INFO - [2025-04-30T13:44:40.462+0100] {dag.py:4180} INFO - Setting next_dagrun for example_subdag_operator.section-2 to None, run_after=None
[2025-04-30T13:44:40.466+0100] {logging_mixin.py:190} INFO - [2025-04-30T13:44:40.466+0100] {dag.py:3239} INFO - Sync 2 DAGs
[2025-04-30T13:44:40.468+0100] {logging_mixin.py:190} INFO - [2025-04-30T13:44:40.468+0100] {dag.py:4180} INFO - Setting next_dagrun for example_subdag_operator.section-1 to None, run_after=None
[2025-04-30T13:44:40.468+0100] {logging_mixin.py:190} INFO - [2025-04-30T13:44:40.468+0100] {dag.py:4180} INFO - Setting next_dagrun for example_subdag_operator.section-2 to None, run_after=None
[2025-04-30T13:44:40.475+0100] {processor.py:208} INFO - Processing /Users/dineshsammeta/anaconda3/envs/python38/lib/python3.8/site-packages/airflow/example_dags/example_subdag_operator.py took 0.146 seconds
[2025-04-30T13:46:08.185+0100] {processor.py:186} INFO - Started process (PID=67391) to work on /Users/dineshsammeta/anaconda3/envs/python38/lib/python3.8/site-packages/airflow/example_dags/example_subdag_operator.py
[2025-04-30T13:46:08.186+0100] {processor.py:914} INFO - Processing file /Users/dineshsammeta/anaconda3/envs/python38/lib/python3.8/site-packages/airflow/example_dags/example_subdag_operator.py for tasks to queue
[2025-04-30T13:46:08.187+0100] {logging_mixin.py:190} INFO - [2025-04-30T13:46:08.187+0100] {dagbag.py:588} INFO - Filling up the DagBag from /Users/dineshsammeta/anaconda3/envs/python38/lib/python3.8/site-packages/airflow/example_dags/example_subdag_operator.py
[2025-04-30T13:46:08.277+0100] {processor.py:925} INFO - DAG(s) 'example_subdag_operator.section-1', 'example_subdag_operator.section-2', 'example_subdag_operator' retrieved from /Users/dineshsammeta/anaconda3/envs/python38/lib/python3.8/site-packages/airflow/example_dags/example_subdag_operator.py
[2025-04-30T13:46:08.287+0100] {logging_mixin.py:190} INFO - [2025-04-30T13:46:08.287+0100] {workday.py:41} WARNING - Could not import pandas. Holidays will not be considered.
[2025-04-30T13:46:08.295+0100] {logging_mixin.py:190} INFO - [2025-04-30T13:46:08.295+0100] {dag.py:3239} INFO - Sync 3 DAGs
[2025-04-30T13:46:08.305+0100] {logging_mixin.py:190} INFO - [2025-04-30T13:46:08.305+0100] {dag.py:4180} INFO - Setting next_dagrun for example_subdag_operator to 2022-01-01 00:00:00+00:00, run_after=2022-01-01 00:00:00+00:00
[2025-04-30T13:46:08.306+0100] {logging_mixin.py:190} INFO - [2025-04-30T13:46:08.306+0100] {dag.py:4180} INFO - Setting next_dagrun for example_subdag_operator.section-1 to None, run_after=None
[2025-04-30T13:46:08.307+0100] {logging_mixin.py:190} INFO - [2025-04-30T13:46:08.307+0100] {dag.py:4180} INFO - Setting next_dagrun for example_subdag_operator.section-2 to None, run_after=None
[2025-04-30T13:46:08.310+0100] {logging_mixin.py:190} INFO - [2025-04-30T13:46:08.310+0100] {dag.py:3239} INFO - Sync 2 DAGs
[2025-04-30T13:46:08.312+0100] {logging_mixin.py:190} INFO - [2025-04-30T13:46:08.312+0100] {dag.py:4180} INFO - Setting next_dagrun for example_subdag_operator.section-1 to None, run_after=None
[2025-04-30T13:46:08.313+0100] {logging_mixin.py:190} INFO - [2025-04-30T13:46:08.312+0100] {dag.py:4180} INFO - Setting next_dagrun for example_subdag_operator.section-2 to None, run_after=None
[2025-04-30T13:46:08.319+0100] {processor.py:208} INFO - Processing /Users/dineshsammeta/anaconda3/envs/python38/lib/python3.8/site-packages/airflow/example_dags/example_subdag_operator.py took 0.136 seconds
[2025-04-30T13:47:36.862+0100] {processor.py:186} INFO - Started process (PID=67577) to work on /Users/dineshsammeta/anaconda3/envs/python38/lib/python3.8/site-packages/airflow/example_dags/example_subdag_operator.py
[2025-04-30T13:47:36.864+0100] {processor.py:914} INFO - Processing file /Users/dineshsammeta/anaconda3/envs/python38/lib/python3.8/site-packages/airflow/example_dags/example_subdag_operator.py for tasks to queue
[2025-04-30T13:47:36.864+0100] {logging_mixin.py:190} INFO - [2025-04-30T13:47:36.864+0100] {dagbag.py:588} INFO - Filling up the DagBag from /Users/dineshsammeta/anaconda3/envs/python38/lib/python3.8/site-packages/airflow/example_dags/example_subdag_operator.py
[2025-04-30T13:47:36.956+0100] {processor.py:925} INFO - DAG(s) 'example_subdag_operator.section-1', 'example_subdag_operator.section-2', 'example_subdag_operator' retrieved from /Users/dineshsammeta/anaconda3/envs/python38/lib/python3.8/site-packages/airflow/example_dags/example_subdag_operator.py
[2025-04-30T13:47:36.964+0100] {logging_mixin.py:190} INFO - [2025-04-30T13:47:36.964+0100] {workday.py:41} WARNING - Could not import pandas. Holidays will not be considered.
[2025-04-30T13:47:36.972+0100] {logging_mixin.py:190} INFO - [2025-04-30T13:47:36.972+0100] {dag.py:3239} INFO - Sync 3 DAGs
[2025-04-30T13:47:36.982+0100] {logging_mixin.py:190} INFO - [2025-04-30T13:47:36.982+0100] {dag.py:4180} INFO - Setting next_dagrun for example_subdag_operator to 2022-01-01 00:00:00+00:00, run_after=2022-01-01 00:00:00+00:00
[2025-04-30T13:47:36.984+0100] {logging_mixin.py:190} INFO - [2025-04-30T13:47:36.984+0100] {dag.py:4180} INFO - Setting next_dagrun for example_subdag_operator.section-1 to None, run_after=None
[2025-04-30T13:47:36.984+0100] {logging_mixin.py:190} INFO - [2025-04-30T13:47:36.984+0100] {dag.py:4180} INFO - Setting next_dagrun for example_subdag_operator.section-2 to None, run_after=None
[2025-04-30T13:47:36.988+0100] {logging_mixin.py:190} INFO - [2025-04-30T13:47:36.988+0100] {dag.py:3239} INFO - Sync 2 DAGs
[2025-04-30T13:47:36.990+0100] {logging_mixin.py:190} INFO - [2025-04-30T13:47:36.990+0100] {dag.py:4180} INFO - Setting next_dagrun for example_subdag_operator.section-1 to None, run_after=None
[2025-04-30T13:47:36.991+0100] {logging_mixin.py:190} INFO - [2025-04-30T13:47:36.991+0100] {dag.py:4180} INFO - Setting next_dagrun for example_subdag_operator.section-2 to None, run_after=None
[2025-04-30T13:47:36.997+0100] {processor.py:208} INFO - Processing /Users/dineshsammeta/anaconda3/envs/python38/lib/python3.8/site-packages/airflow/example_dags/example_subdag_operator.py took 0.137 seconds
[2025-04-30T13:49:07.984+0100] {processor.py:186} INFO - Started process (PID=67748) to work on /Users/dineshsammeta/anaconda3/envs/python38/lib/python3.8/site-packages/airflow/example_dags/example_subdag_operator.py
[2025-04-30T13:49:07.985+0100] {processor.py:914} INFO - Processing file /Users/dineshsammeta/anaconda3/envs/python38/lib/python3.8/site-packages/airflow/example_dags/example_subdag_operator.py for tasks to queue
[2025-04-30T13:49:07.986+0100] {logging_mixin.py:190} INFO - [2025-04-30T13:49:07.986+0100] {dagbag.py:588} INFO - Filling up the DagBag from /Users/dineshsammeta/anaconda3/envs/python38/lib/python3.8/site-packages/airflow/example_dags/example_subdag_operator.py
[2025-04-30T13:49:08.079+0100] {processor.py:925} INFO - DAG(s) 'example_subdag_operator.section-1', 'example_subdag_operator.section-2', 'example_subdag_operator' retrieved from /Users/dineshsammeta/anaconda3/envs/python38/lib/python3.8/site-packages/airflow/example_dags/example_subdag_operator.py
[2025-04-30T13:49:08.088+0100] {logging_mixin.py:190} INFO - [2025-04-30T13:49:08.088+0100] {workday.py:41} WARNING - Could not import pandas. Holidays will not be considered.
[2025-04-30T13:49:08.096+0100] {logging_mixin.py:190} INFO - [2025-04-30T13:49:08.096+0100] {dag.py:3239} INFO - Sync 3 DAGs
[2025-04-30T13:49:08.106+0100] {logging_mixin.py:190} INFO - [2025-04-30T13:49:08.106+0100] {dag.py:4180} INFO - Setting next_dagrun for example_subdag_operator to 2022-01-01 00:00:00+00:00, run_after=2022-01-01 00:00:00+00:00
[2025-04-30T13:49:08.108+0100] {logging_mixin.py:190} INFO - [2025-04-30T13:49:08.108+0100] {dag.py:4180} INFO - Setting next_dagrun for example_subdag_operator.section-1 to None, run_after=None
[2025-04-30T13:49:08.108+0100] {logging_mixin.py:190} INFO - [2025-04-30T13:49:08.108+0100] {dag.py:4180} INFO - Setting next_dagrun for example_subdag_operator.section-2 to None, run_after=None
[2025-04-30T13:49:08.112+0100] {logging_mixin.py:190} INFO - [2025-04-30T13:49:08.111+0100] {dag.py:3239} INFO - Sync 2 DAGs
[2025-04-30T13:49:08.114+0100] {logging_mixin.py:190} INFO - [2025-04-30T13:49:08.114+0100] {dag.py:4180} INFO - Setting next_dagrun for example_subdag_operator.section-1 to None, run_after=None
[2025-04-30T13:49:08.114+0100] {logging_mixin.py:190} INFO - [2025-04-30T13:49:08.114+0100] {dag.py:4180} INFO - Setting next_dagrun for example_subdag_operator.section-2 to None, run_after=None
[2025-04-30T13:49:08.121+0100] {processor.py:208} INFO - Processing /Users/dineshsammeta/anaconda3/envs/python38/lib/python3.8/site-packages/airflow/example_dags/example_subdag_operator.py took 0.139 seconds
[2025-04-30T13:50:43.787+0100] {processor.py:186} INFO - Started process (PID=67926) to work on /Users/dineshsammeta/anaconda3/envs/python38/lib/python3.8/site-packages/airflow/example_dags/example_subdag_operator.py
[2025-04-30T13:50:43.788+0100] {processor.py:914} INFO - Processing file /Users/dineshsammeta/anaconda3/envs/python38/lib/python3.8/site-packages/airflow/example_dags/example_subdag_operator.py for tasks to queue
[2025-04-30T13:50:43.788+0100] {logging_mixin.py:190} INFO - [2025-04-30T13:50:43.788+0100] {dagbag.py:588} INFO - Filling up the DagBag from /Users/dineshsammeta/anaconda3/envs/python38/lib/python3.8/site-packages/airflow/example_dags/example_subdag_operator.py
[2025-04-30T13:50:43.880+0100] {processor.py:925} INFO - DAG(s) 'example_subdag_operator.section-1', 'example_subdag_operator.section-2', 'example_subdag_operator' retrieved from /Users/dineshsammeta/anaconda3/envs/python38/lib/python3.8/site-packages/airflow/example_dags/example_subdag_operator.py
[2025-04-30T13:50:43.888+0100] {logging_mixin.py:190} INFO - [2025-04-30T13:50:43.888+0100] {workday.py:41} WARNING - Could not import pandas. Holidays will not be considered.
[2025-04-30T13:50:43.897+0100] {logging_mixin.py:190} INFO - [2025-04-30T13:50:43.897+0100] {dag.py:3239} INFO - Sync 3 DAGs
[2025-04-30T13:50:43.907+0100] {logging_mixin.py:190} INFO - [2025-04-30T13:50:43.907+0100] {dag.py:4180} INFO - Setting next_dagrun for example_subdag_operator to 2022-01-01 00:00:00+00:00, run_after=2022-01-01 00:00:00+00:00
[2025-04-30T13:50:43.909+0100] {logging_mixin.py:190} INFO - [2025-04-30T13:50:43.909+0100] {dag.py:4180} INFO - Setting next_dagrun for example_subdag_operator.section-1 to None, run_after=None
[2025-04-30T13:50:43.909+0100] {logging_mixin.py:190} INFO - [2025-04-30T13:50:43.909+0100] {dag.py:4180} INFO - Setting next_dagrun for example_subdag_operator.section-2 to None, run_after=None
[2025-04-30T13:50:43.912+0100] {logging_mixin.py:190} INFO - [2025-04-30T13:50:43.912+0100] {dag.py:3239} INFO - Sync 2 DAGs
[2025-04-30T13:50:43.914+0100] {logging_mixin.py:190} INFO - [2025-04-30T13:50:43.914+0100] {dag.py:4180} INFO - Setting next_dagrun for example_subdag_operator.section-1 to None, run_after=None
[2025-04-30T13:50:43.915+0100] {logging_mixin.py:190} INFO - [2025-04-30T13:50:43.915+0100] {dag.py:4180} INFO - Setting next_dagrun for example_subdag_operator.section-2 to None, run_after=None
[2025-04-30T13:50:43.921+0100] {processor.py:208} INFO - Processing /Users/dineshsammeta/anaconda3/envs/python38/lib/python3.8/site-packages/airflow/example_dags/example_subdag_operator.py took 0.136 seconds
[2025-04-30T13:52:14.455+0100] {processor.py:186} INFO - Started process (PID=68079) to work on /Users/dineshsammeta/anaconda3/envs/python38/lib/python3.8/site-packages/airflow/example_dags/example_subdag_operator.py
[2025-04-30T13:52:14.456+0100] {processor.py:914} INFO - Processing file /Users/dineshsammeta/anaconda3/envs/python38/lib/python3.8/site-packages/airflow/example_dags/example_subdag_operator.py for tasks to queue
[2025-04-30T13:52:14.457+0100] {logging_mixin.py:190} INFO - [2025-04-30T13:52:14.457+0100] {dagbag.py:588} INFO - Filling up the DagBag from /Users/dineshsammeta/anaconda3/envs/python38/lib/python3.8/site-packages/airflow/example_dags/example_subdag_operator.py
[2025-04-30T13:52:14.550+0100] {processor.py:925} INFO - DAG(s) 'example_subdag_operator.section-1', 'example_subdag_operator.section-2', 'example_subdag_operator' retrieved from /Users/dineshsammeta/anaconda3/envs/python38/lib/python3.8/site-packages/airflow/example_dags/example_subdag_operator.py
[2025-04-30T13:52:14.559+0100] {logging_mixin.py:190} INFO - [2025-04-30T13:52:14.559+0100] {workday.py:41} WARNING - Could not import pandas. Holidays will not be considered.
[2025-04-30T13:52:14.568+0100] {logging_mixin.py:190} INFO - [2025-04-30T13:52:14.567+0100] {dag.py:3239} INFO - Sync 3 DAGs
[2025-04-30T13:52:14.578+0100] {logging_mixin.py:190} INFO - [2025-04-30T13:52:14.577+0100] {dag.py:4180} INFO - Setting next_dagrun for example_subdag_operator to 2022-01-01 00:00:00+00:00, run_after=2022-01-01 00:00:00+00:00
[2025-04-30T13:52:14.579+0100] {logging_mixin.py:190} INFO - [2025-04-30T13:52:14.579+0100] {dag.py:4180} INFO - Setting next_dagrun for example_subdag_operator.section-1 to None, run_after=None
[2025-04-30T13:52:14.580+0100] {logging_mixin.py:190} INFO - [2025-04-30T13:52:14.580+0100] {dag.py:4180} INFO - Setting next_dagrun for example_subdag_operator.section-2 to None, run_after=None
[2025-04-30T13:52:14.583+0100] {logging_mixin.py:190} INFO - [2025-04-30T13:52:14.583+0100] {dag.py:3239} INFO - Sync 2 DAGs
[2025-04-30T13:52:14.585+0100] {logging_mixin.py:190} INFO - [2025-04-30T13:52:14.585+0100] {dag.py:4180} INFO - Setting next_dagrun for example_subdag_operator.section-1 to None, run_after=None
[2025-04-30T13:52:14.585+0100] {logging_mixin.py:190} INFO - [2025-04-30T13:52:14.585+0100] {dag.py:4180} INFO - Setting next_dagrun for example_subdag_operator.section-2 to None, run_after=None
[2025-04-30T13:52:14.592+0100] {processor.py:208} INFO - Processing /Users/dineshsammeta/anaconda3/envs/python38/lib/python3.8/site-packages/airflow/example_dags/example_subdag_operator.py took 0.139 seconds
[2025-04-30T13:53:53.450+0100] {processor.py:186} INFO - Started process (PID=68272) to work on /Users/dineshsammeta/anaconda3/envs/python38/lib/python3.8/site-packages/airflow/example_dags/example_subdag_operator.py
[2025-04-30T13:53:53.451+0100] {processor.py:914} INFO - Processing file /Users/dineshsammeta/anaconda3/envs/python38/lib/python3.8/site-packages/airflow/example_dags/example_subdag_operator.py for tasks to queue
[2025-04-30T13:53:53.451+0100] {logging_mixin.py:190} INFO - [2025-04-30T13:53:53.451+0100] {dagbag.py:588} INFO - Filling up the DagBag from /Users/dineshsammeta/anaconda3/envs/python38/lib/python3.8/site-packages/airflow/example_dags/example_subdag_operator.py
[2025-04-30T13:53:53.541+0100] {processor.py:925} INFO - DAG(s) 'example_subdag_operator.section-1', 'example_subdag_operator.section-2', 'example_subdag_operator' retrieved from /Users/dineshsammeta/anaconda3/envs/python38/lib/python3.8/site-packages/airflow/example_dags/example_subdag_operator.py
[2025-04-30T13:53:53.551+0100] {logging_mixin.py:190} INFO - [2025-04-30T13:53:53.550+0100] {workday.py:41} WARNING - Could not import pandas. Holidays will not be considered.
[2025-04-30T13:53:53.560+0100] {logging_mixin.py:190} INFO - [2025-04-30T13:53:53.560+0100] {dag.py:3239} INFO - Sync 3 DAGs
[2025-04-30T13:53:53.569+0100] {logging_mixin.py:190} INFO - [2025-04-30T13:53:53.569+0100] {dag.py:4180} INFO - Setting next_dagrun for example_subdag_operator to 2022-01-01 00:00:00+00:00, run_after=2022-01-01 00:00:00+00:00
[2025-04-30T13:53:53.571+0100] {logging_mixin.py:190} INFO - [2025-04-30T13:53:53.571+0100] {dag.py:4180} INFO - Setting next_dagrun for example_subdag_operator.section-1 to None, run_after=None
[2025-04-30T13:53:53.572+0100] {logging_mixin.py:190} INFO - [2025-04-30T13:53:53.571+0100] {dag.py:4180} INFO - Setting next_dagrun for example_subdag_operator.section-2 to None, run_after=None
[2025-04-30T13:53:53.575+0100] {logging_mixin.py:190} INFO - [2025-04-30T13:53:53.574+0100] {dag.py:3239} INFO - Sync 2 DAGs
[2025-04-30T13:53:53.577+0100] {logging_mixin.py:190} INFO - [2025-04-30T13:53:53.577+0100] {dag.py:4180} INFO - Setting next_dagrun for example_subdag_operator.section-1 to None, run_after=None
[2025-04-30T13:53:53.577+0100] {logging_mixin.py:190} INFO - [2025-04-30T13:53:53.577+0100] {dag.py:4180} INFO - Setting next_dagrun for example_subdag_operator.section-2 to None, run_after=None
[2025-04-30T13:53:53.583+0100] {processor.py:208} INFO - Processing /Users/dineshsammeta/anaconda3/envs/python38/lib/python3.8/site-packages/airflow/example_dags/example_subdag_operator.py took 0.135 seconds
[2025-04-30T13:55:30.541+0100] {processor.py:186} INFO - Started process (PID=68460) to work on /Users/dineshsammeta/anaconda3/envs/python38/lib/python3.8/site-packages/airflow/example_dags/example_subdag_operator.py
[2025-04-30T13:55:30.541+0100] {processor.py:914} INFO - Processing file /Users/dineshsammeta/anaconda3/envs/python38/lib/python3.8/site-packages/airflow/example_dags/example_subdag_operator.py for tasks to queue
[2025-04-30T13:55:30.542+0100] {logging_mixin.py:190} INFO - [2025-04-30T13:55:30.542+0100] {dagbag.py:588} INFO - Filling up the DagBag from /Users/dineshsammeta/anaconda3/envs/python38/lib/python3.8/site-packages/airflow/example_dags/example_subdag_operator.py
[2025-04-30T13:55:30.637+0100] {processor.py:925} INFO - DAG(s) 'example_subdag_operator.section-1', 'example_subdag_operator.section-2', 'example_subdag_operator' retrieved from /Users/dineshsammeta/anaconda3/envs/python38/lib/python3.8/site-packages/airflow/example_dags/example_subdag_operator.py
[2025-04-30T13:55:30.646+0100] {logging_mixin.py:190} INFO - [2025-04-30T13:55:30.646+0100] {workday.py:41} WARNING - Could not import pandas. Holidays will not be considered.
[2025-04-30T13:55:30.654+0100] {logging_mixin.py:190} INFO - [2025-04-30T13:55:30.654+0100] {dag.py:3239} INFO - Sync 3 DAGs
[2025-04-30T13:55:30.665+0100] {logging_mixin.py:190} INFO - [2025-04-30T13:55:30.664+0100] {dag.py:4180} INFO - Setting next_dagrun for example_subdag_operator to 2022-01-01 00:00:00+00:00, run_after=2022-01-01 00:00:00+00:00
[2025-04-30T13:55:30.666+0100] {logging_mixin.py:190} INFO - [2025-04-30T13:55:30.666+0100] {dag.py:4180} INFO - Setting next_dagrun for example_subdag_operator.section-1 to None, run_after=None
[2025-04-30T13:55:30.667+0100] {logging_mixin.py:190} INFO - [2025-04-30T13:55:30.667+0100] {dag.py:4180} INFO - Setting next_dagrun for example_subdag_operator.section-2 to None, run_after=None
[2025-04-30T13:55:30.670+0100] {logging_mixin.py:190} INFO - [2025-04-30T13:55:30.670+0100] {dag.py:3239} INFO - Sync 2 DAGs
[2025-04-30T13:55:30.673+0100] {logging_mixin.py:190} INFO - [2025-04-30T13:55:30.672+0100] {dag.py:4180} INFO - Setting next_dagrun for example_subdag_operator.section-1 to None, run_after=None
[2025-04-30T13:55:30.673+0100] {logging_mixin.py:190} INFO - [2025-04-30T13:55:30.673+0100] {dag.py:4180} INFO - Setting next_dagrun for example_subdag_operator.section-2 to None, run_after=None
[2025-04-30T13:55:30.680+0100] {processor.py:208} INFO - Processing /Users/dineshsammeta/anaconda3/envs/python38/lib/python3.8/site-packages/airflow/example_dags/example_subdag_operator.py took 0.141 seconds
[2025-04-30T13:57:02.497+0100] {processor.py:186} INFO - Started process (PID=68616) to work on /Users/dineshsammeta/anaconda3/envs/python38/lib/python3.8/site-packages/airflow/example_dags/example_subdag_operator.py
[2025-04-30T13:57:02.498+0100] {processor.py:914} INFO - Processing file /Users/dineshsammeta/anaconda3/envs/python38/lib/python3.8/site-packages/airflow/example_dags/example_subdag_operator.py for tasks to queue
[2025-04-30T13:57:02.498+0100] {logging_mixin.py:190} INFO - [2025-04-30T13:57:02.498+0100] {dagbag.py:588} INFO - Filling up the DagBag from /Users/dineshsammeta/anaconda3/envs/python38/lib/python3.8/site-packages/airflow/example_dags/example_subdag_operator.py
[2025-04-30T13:57:02.598+0100] {processor.py:925} INFO - DAG(s) 'example_subdag_operator.section-1', 'example_subdag_operator.section-2', 'example_subdag_operator' retrieved from /Users/dineshsammeta/anaconda3/envs/python38/lib/python3.8/site-packages/airflow/example_dags/example_subdag_operator.py
[2025-04-30T13:57:02.607+0100] {logging_mixin.py:190} INFO - [2025-04-30T13:57:02.607+0100] {workday.py:41} WARNING - Could not import pandas. Holidays will not be considered.
[2025-04-30T13:57:02.615+0100] {logging_mixin.py:190} INFO - [2025-04-30T13:57:02.615+0100] {dag.py:3239} INFO - Sync 3 DAGs
[2025-04-30T13:57:02.627+0100] {logging_mixin.py:190} INFO - [2025-04-30T13:57:02.627+0100] {dag.py:4180} INFO - Setting next_dagrun for example_subdag_operator to 2022-01-01 00:00:00+00:00, run_after=2022-01-01 00:00:00+00:00
[2025-04-30T13:57:02.629+0100] {logging_mixin.py:190} INFO - [2025-04-30T13:57:02.629+0100] {dag.py:4180} INFO - Setting next_dagrun for example_subdag_operator.section-1 to None, run_after=None
[2025-04-30T13:57:02.630+0100] {logging_mixin.py:190} INFO - [2025-04-30T13:57:02.630+0100] {dag.py:4180} INFO - Setting next_dagrun for example_subdag_operator.section-2 to None, run_after=None
[2025-04-30T13:57:02.633+0100] {logging_mixin.py:190} INFO - [2025-04-30T13:57:02.633+0100] {dag.py:3239} INFO - Sync 2 DAGs
[2025-04-30T13:57:02.636+0100] {logging_mixin.py:190} INFO - [2025-04-30T13:57:02.636+0100] {dag.py:4180} INFO - Setting next_dagrun for example_subdag_operator.section-1 to None, run_after=None
[2025-04-30T13:57:02.636+0100] {logging_mixin.py:190} INFO - [2025-04-30T13:57:02.636+0100] {dag.py:4180} INFO - Setting next_dagrun for example_subdag_operator.section-2 to None, run_after=None
[2025-04-30T13:57:02.644+0100] {processor.py:208} INFO - Processing /Users/dineshsammeta/anaconda3/envs/python38/lib/python3.8/site-packages/airflow/example_dags/example_subdag_operator.py took 0.150 seconds
[2025-04-30T13:58:32.803+0100] {processor.py:186} INFO - Started process (PID=68777) to work on /Users/dineshsammeta/anaconda3/envs/python38/lib/python3.8/site-packages/airflow/example_dags/example_subdag_operator.py
[2025-04-30T13:58:32.804+0100] {processor.py:914} INFO - Processing file /Users/dineshsammeta/anaconda3/envs/python38/lib/python3.8/site-packages/airflow/example_dags/example_subdag_operator.py for tasks to queue
[2025-04-30T13:58:32.805+0100] {logging_mixin.py:190} INFO - [2025-04-30T13:58:32.805+0100] {dagbag.py:588} INFO - Filling up the DagBag from /Users/dineshsammeta/anaconda3/envs/python38/lib/python3.8/site-packages/airflow/example_dags/example_subdag_operator.py
[2025-04-30T13:58:32.897+0100] {processor.py:925} INFO - DAG(s) 'example_subdag_operator.section-1', 'example_subdag_operator.section-2', 'example_subdag_operator' retrieved from /Users/dineshsammeta/anaconda3/envs/python38/lib/python3.8/site-packages/airflow/example_dags/example_subdag_operator.py
[2025-04-30T13:58:32.906+0100] {logging_mixin.py:190} INFO - [2025-04-30T13:58:32.906+0100] {workday.py:41} WARNING - Could not import pandas. Holidays will not be considered.
[2025-04-30T13:58:32.914+0100] {logging_mixin.py:190} INFO - [2025-04-30T13:58:32.914+0100] {dag.py:3239} INFO - Sync 3 DAGs
[2025-04-30T13:58:32.924+0100] {logging_mixin.py:190} INFO - [2025-04-30T13:58:32.924+0100] {dag.py:4180} INFO - Setting next_dagrun for example_subdag_operator to 2022-01-01 00:00:00+00:00, run_after=2022-01-01 00:00:00+00:00
[2025-04-30T13:58:32.926+0100] {logging_mixin.py:190} INFO - [2025-04-30T13:58:32.926+0100] {dag.py:4180} INFO - Setting next_dagrun for example_subdag_operator.section-1 to None, run_after=None
[2025-04-30T13:58:32.926+0100] {logging_mixin.py:190} INFO - [2025-04-30T13:58:32.926+0100] {dag.py:4180} INFO - Setting next_dagrun for example_subdag_operator.section-2 to None, run_after=None
[2025-04-30T13:58:32.929+0100] {logging_mixin.py:190} INFO - [2025-04-30T13:58:32.929+0100] {dag.py:3239} INFO - Sync 2 DAGs
[2025-04-30T13:58:32.932+0100] {logging_mixin.py:190} INFO - [2025-04-30T13:58:32.931+0100] {dag.py:4180} INFO - Setting next_dagrun for example_subdag_operator.section-1 to None, run_after=None
[2025-04-30T13:58:32.932+0100] {logging_mixin.py:190} INFO - [2025-04-30T13:58:32.932+0100] {dag.py:4180} INFO - Setting next_dagrun for example_subdag_operator.section-2 to None, run_after=None
[2025-04-30T13:58:32.938+0100] {processor.py:208} INFO - Processing /Users/dineshsammeta/anaconda3/envs/python38/lib/python3.8/site-packages/airflow/example_dags/example_subdag_operator.py took 0.137 seconds
[2025-04-30T14:00:00.892+0100] {processor.py:186} INFO - Started process (PID=68939) to work on /Users/dineshsammeta/anaconda3/envs/python38/lib/python3.8/site-packages/airflow/example_dags/example_subdag_operator.py
[2025-04-30T14:00:00.893+0100] {processor.py:914} INFO - Processing file /Users/dineshsammeta/anaconda3/envs/python38/lib/python3.8/site-packages/airflow/example_dags/example_subdag_operator.py for tasks to queue
[2025-04-30T14:00:00.894+0100] {logging_mixin.py:190} INFO - [2025-04-30T14:00:00.894+0100] {dagbag.py:588} INFO - Filling up the DagBag from /Users/dineshsammeta/anaconda3/envs/python38/lib/python3.8/site-packages/airflow/example_dags/example_subdag_operator.py
[2025-04-30T14:00:00.987+0100] {processor.py:925} INFO - DAG(s) 'example_subdag_operator.section-1', 'example_subdag_operator.section-2', 'example_subdag_operator' retrieved from /Users/dineshsammeta/anaconda3/envs/python38/lib/python3.8/site-packages/airflow/example_dags/example_subdag_operator.py
[2025-04-30T14:00:00.998+0100] {logging_mixin.py:190} INFO - [2025-04-30T14:00:00.998+0100] {workday.py:41} WARNING - Could not import pandas. Holidays will not be considered.
[2025-04-30T14:00:01.007+0100] {logging_mixin.py:190} INFO - [2025-04-30T14:00:01.007+0100] {dag.py:3239} INFO - Sync 3 DAGs
[2025-04-30T14:00:01.017+0100] {logging_mixin.py:190} INFO - [2025-04-30T14:00:01.017+0100] {dag.py:4180} INFO - Setting next_dagrun for example_subdag_operator to 2022-01-01 00:00:00+00:00, run_after=2022-01-01 00:00:00+00:00
[2025-04-30T14:00:01.018+0100] {logging_mixin.py:190} INFO - [2025-04-30T14:00:01.018+0100] {dag.py:4180} INFO - Setting next_dagrun for example_subdag_operator.section-1 to None, run_after=None
[2025-04-30T14:00:01.019+0100] {logging_mixin.py:190} INFO - [2025-04-30T14:00:01.019+0100] {dag.py:4180} INFO - Setting next_dagrun for example_subdag_operator.section-2 to None, run_after=None
[2025-04-30T14:00:01.022+0100] {logging_mixin.py:190} INFO - [2025-04-30T14:00:01.022+0100] {dag.py:3239} INFO - Sync 2 DAGs
[2025-04-30T14:00:01.024+0100] {logging_mixin.py:190} INFO - [2025-04-30T14:00:01.024+0100] {dag.py:4180} INFO - Setting next_dagrun for example_subdag_operator.section-1 to None, run_after=None
[2025-04-30T14:00:01.024+0100] {logging_mixin.py:190} INFO - [2025-04-30T14:00:01.024+0100] {dag.py:4180} INFO - Setting next_dagrun for example_subdag_operator.section-2 to None, run_after=None
[2025-04-30T14:00:01.030+0100] {processor.py:208} INFO - Processing /Users/dineshsammeta/anaconda3/envs/python38/lib/python3.8/site-packages/airflow/example_dags/example_subdag_operator.py took 0.140 seconds
[2025-04-30T14:01:30.401+0100] {processor.py:186} INFO - Started process (PID=69109) to work on /Users/dineshsammeta/anaconda3/envs/python38/lib/python3.8/site-packages/airflow/example_dags/example_subdag_operator.py
[2025-04-30T14:01:30.402+0100] {processor.py:914} INFO - Processing file /Users/dineshsammeta/anaconda3/envs/python38/lib/python3.8/site-packages/airflow/example_dags/example_subdag_operator.py for tasks to queue
[2025-04-30T14:01:30.403+0100] {logging_mixin.py:190} INFO - [2025-04-30T14:01:30.403+0100] {dagbag.py:588} INFO - Filling up the DagBag from /Users/dineshsammeta/anaconda3/envs/python38/lib/python3.8/site-packages/airflow/example_dags/example_subdag_operator.py
[2025-04-30T14:01:30.494+0100] {processor.py:925} INFO - DAG(s) 'example_subdag_operator.section-1', 'example_subdag_operator.section-2', 'example_subdag_operator' retrieved from /Users/dineshsammeta/anaconda3/envs/python38/lib/python3.8/site-packages/airflow/example_dags/example_subdag_operator.py
[2025-04-30T14:01:30.502+0100] {logging_mixin.py:190} INFO - [2025-04-30T14:01:30.502+0100] {workday.py:41} WARNING - Could not import pandas. Holidays will not be considered.
[2025-04-30T14:01:30.510+0100] {logging_mixin.py:190} INFO - [2025-04-30T14:01:30.510+0100] {dag.py:3239} INFO - Sync 3 DAGs
[2025-04-30T14:01:30.520+0100] {logging_mixin.py:190} INFO - [2025-04-30T14:01:30.520+0100] {dag.py:4180} INFO - Setting next_dagrun for example_subdag_operator to 2022-01-01 00:00:00+00:00, run_after=2022-01-01 00:00:00+00:00
[2025-04-30T14:01:30.522+0100] {logging_mixin.py:190} INFO - [2025-04-30T14:01:30.522+0100] {dag.py:4180} INFO - Setting next_dagrun for example_subdag_operator.section-1 to None, run_after=None
[2025-04-30T14:01:30.522+0100] {logging_mixin.py:190} INFO - [2025-04-30T14:01:30.522+0100] {dag.py:4180} INFO - Setting next_dagrun for example_subdag_operator.section-2 to None, run_after=None
[2025-04-30T14:01:30.526+0100] {logging_mixin.py:190} INFO - [2025-04-30T14:01:30.525+0100] {dag.py:3239} INFO - Sync 2 DAGs
[2025-04-30T14:01:30.528+0100] {logging_mixin.py:190} INFO - [2025-04-30T14:01:30.528+0100] {dag.py:4180} INFO - Setting next_dagrun for example_subdag_operator.section-1 to None, run_after=None
[2025-04-30T14:01:30.528+0100] {logging_mixin.py:190} INFO - [2025-04-30T14:01:30.528+0100] {dag.py:4180} INFO - Setting next_dagrun for example_subdag_operator.section-2 to None, run_after=None
[2025-04-30T14:01:30.535+0100] {processor.py:208} INFO - Processing /Users/dineshsammeta/anaconda3/envs/python38/lib/python3.8/site-packages/airflow/example_dags/example_subdag_operator.py took 0.136 seconds
[2025-04-30T14:27:29.180+0100] {processor.py:186} INFO - Started process (PID=69286) to work on /Users/dineshsammeta/anaconda3/envs/python38/lib/python3.8/site-packages/airflow/example_dags/example_subdag_operator.py
[2025-04-30T14:27:29.181+0100] {processor.py:914} INFO - Processing file /Users/dineshsammeta/anaconda3/envs/python38/lib/python3.8/site-packages/airflow/example_dags/example_subdag_operator.py for tasks to queue
[2025-04-30T14:27:29.181+0100] {logging_mixin.py:190} INFO - [2025-04-30T14:27:29.181+0100] {dagbag.py:588} INFO - Filling up the DagBag from /Users/dineshsammeta/anaconda3/envs/python38/lib/python3.8/site-packages/airflow/example_dags/example_subdag_operator.py
[2025-04-30T14:27:29.271+0100] {processor.py:925} INFO - DAG(s) 'example_subdag_operator.section-1', 'example_subdag_operator.section-2', 'example_subdag_operator' retrieved from /Users/dineshsammeta/anaconda3/envs/python38/lib/python3.8/site-packages/airflow/example_dags/example_subdag_operator.py
[2025-04-30T14:27:29.281+0100] {logging_mixin.py:190} INFO - [2025-04-30T14:27:29.280+0100] {workday.py:41} WARNING - Could not import pandas. Holidays will not be considered.
[2025-04-30T14:27:29.289+0100] {logging_mixin.py:190} INFO - [2025-04-30T14:27:29.289+0100] {dag.py:3239} INFO - Sync 3 DAGs
[2025-04-30T14:27:29.299+0100] {logging_mixin.py:190} INFO - [2025-04-30T14:27:29.299+0100] {dag.py:4180} INFO - Setting next_dagrun for example_subdag_operator to 2022-01-01 00:00:00+00:00, run_after=2022-01-01 00:00:00+00:00
[2025-04-30T14:27:29.301+0100] {logging_mixin.py:190} INFO - [2025-04-30T14:27:29.301+0100] {dag.py:4180} INFO - Setting next_dagrun for example_subdag_operator.section-1 to None, run_after=None
[2025-04-30T14:27:29.301+0100] {logging_mixin.py:190} INFO - [2025-04-30T14:27:29.301+0100] {dag.py:4180} INFO - Setting next_dagrun for example_subdag_operator.section-2 to None, run_after=None
[2025-04-30T14:27:29.305+0100] {logging_mixin.py:190} INFO - [2025-04-30T14:27:29.305+0100] {dag.py:3239} INFO - Sync 2 DAGs
[2025-04-30T14:27:29.307+0100] {logging_mixin.py:190} INFO - [2025-04-30T14:27:29.307+0100] {dag.py:4180} INFO - Setting next_dagrun for example_subdag_operator.section-1 to None, run_after=None
[2025-04-30T14:27:29.307+0100] {logging_mixin.py:190} INFO - [2025-04-30T14:27:29.307+0100] {dag.py:4180} INFO - Setting next_dagrun for example_subdag_operator.section-2 to None, run_after=None
[2025-04-30T14:27:29.314+0100] {processor.py:208} INFO - Processing /Users/dineshsammeta/anaconda3/envs/python38/lib/python3.8/site-packages/airflow/example_dags/example_subdag_operator.py took 0.136 seconds
[2025-04-30T15:38:54.595+0100] {processor.py:186} INFO - Started process (PID=69509) to work on /Users/dineshsammeta/anaconda3/envs/python38/lib/python3.8/site-packages/airflow/example_dags/example_subdag_operator.py
[2025-04-30T15:38:54.596+0100] {processor.py:914} INFO - Processing file /Users/dineshsammeta/anaconda3/envs/python38/lib/python3.8/site-packages/airflow/example_dags/example_subdag_operator.py for tasks to queue
[2025-04-30T15:38:54.597+0100] {logging_mixin.py:190} INFO - [2025-04-30T15:38:54.597+0100] {dagbag.py:588} INFO - Filling up the DagBag from /Users/dineshsammeta/anaconda3/envs/python38/lib/python3.8/site-packages/airflow/example_dags/example_subdag_operator.py
[2025-04-30T15:38:54.688+0100] {processor.py:925} INFO - DAG(s) 'example_subdag_operator.section-1', 'example_subdag_operator.section-2', 'example_subdag_operator' retrieved from /Users/dineshsammeta/anaconda3/envs/python38/lib/python3.8/site-packages/airflow/example_dags/example_subdag_operator.py
[2025-04-30T15:38:54.698+0100] {logging_mixin.py:190} INFO - [2025-04-30T15:38:54.697+0100] {workday.py:41} WARNING - Could not import pandas. Holidays will not be considered.
[2025-04-30T15:38:54.706+0100] {logging_mixin.py:190} INFO - [2025-04-30T15:38:54.706+0100] {dag.py:3239} INFO - Sync 3 DAGs
[2025-04-30T15:38:54.716+0100] {logging_mixin.py:190} INFO - [2025-04-30T15:38:54.715+0100] {dag.py:4180} INFO - Setting next_dagrun for example_subdag_operator to 2022-01-01 00:00:00+00:00, run_after=2022-01-01 00:00:00+00:00
[2025-04-30T15:38:54.717+0100] {logging_mixin.py:190} INFO - [2025-04-30T15:38:54.717+0100] {dag.py:4180} INFO - Setting next_dagrun for example_subdag_operator.section-1 to None, run_after=None
[2025-04-30T15:38:54.718+0100] {logging_mixin.py:190} INFO - [2025-04-30T15:38:54.718+0100] {dag.py:4180} INFO - Setting next_dagrun for example_subdag_operator.section-2 to None, run_after=None
[2025-04-30T15:38:54.721+0100] {logging_mixin.py:190} INFO - [2025-04-30T15:38:54.721+0100] {dag.py:3239} INFO - Sync 2 DAGs
[2025-04-30T15:38:54.723+0100] {logging_mixin.py:190} INFO - [2025-04-30T15:38:54.723+0100] {dag.py:4180} INFO - Setting next_dagrun for example_subdag_operator.section-1 to None, run_after=None
[2025-04-30T15:38:54.723+0100] {logging_mixin.py:190} INFO - [2025-04-30T15:38:54.723+0100] {dag.py:4180} INFO - Setting next_dagrun for example_subdag_operator.section-2 to None, run_after=None
[2025-04-30T15:38:54.729+0100] {processor.py:208} INFO - Processing /Users/dineshsammeta/anaconda3/envs/python38/lib/python3.8/site-packages/airflow/example_dags/example_subdag_operator.py took 0.137 seconds
[2025-04-30T15:40:47.089+0100] {processor.py:186} INFO - Started process (PID=69718) to work on /Users/dineshsammeta/anaconda3/envs/python38/lib/python3.8/site-packages/airflow/example_dags/example_subdag_operator.py
[2025-04-30T15:40:47.090+0100] {processor.py:914} INFO - Processing file /Users/dineshsammeta/anaconda3/envs/python38/lib/python3.8/site-packages/airflow/example_dags/example_subdag_operator.py for tasks to queue
[2025-04-30T15:40:47.091+0100] {logging_mixin.py:190} INFO - [2025-04-30T15:40:47.091+0100] {dagbag.py:588} INFO - Filling up the DagBag from /Users/dineshsammeta/anaconda3/envs/python38/lib/python3.8/site-packages/airflow/example_dags/example_subdag_operator.py
[2025-04-30T15:40:47.182+0100] {processor.py:925} INFO - DAG(s) 'example_subdag_operator.section-1', 'example_subdag_operator.section-2', 'example_subdag_operator' retrieved from /Users/dineshsammeta/anaconda3/envs/python38/lib/python3.8/site-packages/airflow/example_dags/example_subdag_operator.py
[2025-04-30T15:40:47.191+0100] {logging_mixin.py:190} INFO - [2025-04-30T15:40:47.190+0100] {workday.py:41} WARNING - Could not import pandas. Holidays will not be considered.
[2025-04-30T15:40:47.199+0100] {logging_mixin.py:190} INFO - [2025-04-30T15:40:47.199+0100] {dag.py:3239} INFO - Sync 3 DAGs
[2025-04-30T15:40:47.209+0100] {logging_mixin.py:190} INFO - [2025-04-30T15:40:47.208+0100] {dag.py:4180} INFO - Setting next_dagrun for example_subdag_operator to 2022-01-01 00:00:00+00:00, run_after=2022-01-01 00:00:00+00:00
[2025-04-30T15:40:47.210+0100] {logging_mixin.py:190} INFO - [2025-04-30T15:40:47.210+0100] {dag.py:4180} INFO - Setting next_dagrun for example_subdag_operator.section-1 to None, run_after=None
[2025-04-30T15:40:47.211+0100] {logging_mixin.py:190} INFO - [2025-04-30T15:40:47.211+0100] {dag.py:4180} INFO - Setting next_dagrun for example_subdag_operator.section-2 to None, run_after=None
[2025-04-30T15:40:47.214+0100] {logging_mixin.py:190} INFO - [2025-04-30T15:40:47.214+0100] {dag.py:3239} INFO - Sync 2 DAGs
[2025-04-30T15:40:47.216+0100] {logging_mixin.py:190} INFO - [2025-04-30T15:40:47.216+0100] {dag.py:4180} INFO - Setting next_dagrun for example_subdag_operator.section-1 to None, run_after=None
[2025-04-30T15:40:47.216+0100] {logging_mixin.py:190} INFO - [2025-04-30T15:40:47.216+0100] {dag.py:4180} INFO - Setting next_dagrun for example_subdag_operator.section-2 to None, run_after=None
[2025-04-30T15:40:47.223+0100] {processor.py:208} INFO - Processing /Users/dineshsammeta/anaconda3/envs/python38/lib/python3.8/site-packages/airflow/example_dags/example_subdag_operator.py took 0.136 seconds
[2025-04-30T15:42:16.360+0100] {processor.py:186} INFO - Started process (PID=69877) to work on /Users/dineshsammeta/anaconda3/envs/python38/lib/python3.8/site-packages/airflow/example_dags/example_subdag_operator.py
[2025-04-30T15:42:16.360+0100] {processor.py:914} INFO - Processing file /Users/dineshsammeta/anaconda3/envs/python38/lib/python3.8/site-packages/airflow/example_dags/example_subdag_operator.py for tasks to queue
[2025-04-30T15:42:16.361+0100] {logging_mixin.py:190} INFO - [2025-04-30T15:42:16.361+0100] {dagbag.py:588} INFO - Filling up the DagBag from /Users/dineshsammeta/anaconda3/envs/python38/lib/python3.8/site-packages/airflow/example_dags/example_subdag_operator.py
[2025-04-30T15:42:16.451+0100] {processor.py:925} INFO - DAG(s) 'example_subdag_operator.section-1', 'example_subdag_operator.section-2', 'example_subdag_operator' retrieved from /Users/dineshsammeta/anaconda3/envs/python38/lib/python3.8/site-packages/airflow/example_dags/example_subdag_operator.py
[2025-04-30T15:42:16.460+0100] {logging_mixin.py:190} INFO - [2025-04-30T15:42:16.460+0100] {workday.py:41} WARNING - Could not import pandas. Holidays will not be considered.
[2025-04-30T15:42:16.468+0100] {logging_mixin.py:190} INFO - [2025-04-30T15:42:16.468+0100] {dag.py:3239} INFO - Sync 3 DAGs
[2025-04-30T15:42:16.478+0100] {logging_mixin.py:190} INFO - [2025-04-30T15:42:16.478+0100] {dag.py:4180} INFO - Setting next_dagrun for example_subdag_operator to 2022-01-01 00:00:00+00:00, run_after=2022-01-01 00:00:00+00:00
[2025-04-30T15:42:16.480+0100] {logging_mixin.py:190} INFO - [2025-04-30T15:42:16.480+0100] {dag.py:4180} INFO - Setting next_dagrun for example_subdag_operator.section-1 to None, run_after=None
[2025-04-30T15:42:16.481+0100] {logging_mixin.py:190} INFO - [2025-04-30T15:42:16.481+0100] {dag.py:4180} INFO - Setting next_dagrun for example_subdag_operator.section-2 to None, run_after=None
[2025-04-30T15:42:16.484+0100] {logging_mixin.py:190} INFO - [2025-04-30T15:42:16.484+0100] {dag.py:3239} INFO - Sync 2 DAGs
[2025-04-30T15:42:16.486+0100] {logging_mixin.py:190} INFO - [2025-04-30T15:42:16.486+0100] {dag.py:4180} INFO - Setting next_dagrun for example_subdag_operator.section-1 to None, run_after=None
[2025-04-30T15:42:16.487+0100] {logging_mixin.py:190} INFO - [2025-04-30T15:42:16.487+0100] {dag.py:4180} INFO - Setting next_dagrun for example_subdag_operator.section-2 to None, run_after=None
[2025-04-30T15:42:16.493+0100] {processor.py:208} INFO - Processing /Users/dineshsammeta/anaconda3/envs/python38/lib/python3.8/site-packages/airflow/example_dags/example_subdag_operator.py took 0.135 seconds
[2025-04-30T15:43:46.465+0100] {processor.py:186} INFO - Started process (PID=70027) to work on /Users/dineshsammeta/anaconda3/envs/python38/lib/python3.8/site-packages/airflow/example_dags/example_subdag_operator.py
[2025-04-30T15:43:46.466+0100] {processor.py:914} INFO - Processing file /Users/dineshsammeta/anaconda3/envs/python38/lib/python3.8/site-packages/airflow/example_dags/example_subdag_operator.py for tasks to queue
[2025-04-30T15:43:46.466+0100] {logging_mixin.py:190} INFO - [2025-04-30T15:43:46.466+0100] {dagbag.py:588} INFO - Filling up the DagBag from /Users/dineshsammeta/anaconda3/envs/python38/lib/python3.8/site-packages/airflow/example_dags/example_subdag_operator.py
[2025-04-30T15:43:46.558+0100] {processor.py:925} INFO - DAG(s) 'example_subdag_operator.section-1', 'example_subdag_operator.section-2', 'example_subdag_operator' retrieved from /Users/dineshsammeta/anaconda3/envs/python38/lib/python3.8/site-packages/airflow/example_dags/example_subdag_operator.py
[2025-04-30T15:43:46.567+0100] {logging_mixin.py:190} INFO - [2025-04-30T15:43:46.567+0100] {workday.py:41} WARNING - Could not import pandas. Holidays will not be considered.
[2025-04-30T15:43:46.575+0100] {logging_mixin.py:190} INFO - [2025-04-30T15:43:46.575+0100] {dag.py:3239} INFO - Sync 3 DAGs
[2025-04-30T15:43:46.585+0100] {logging_mixin.py:190} INFO - [2025-04-30T15:43:46.585+0100] {dag.py:4180} INFO - Setting next_dagrun for example_subdag_operator to 2022-01-01 00:00:00+00:00, run_after=2022-01-01 00:00:00+00:00
[2025-04-30T15:43:46.586+0100] {logging_mixin.py:190} INFO - [2025-04-30T15:43:46.586+0100] {dag.py:4180} INFO - Setting next_dagrun for example_subdag_operator.section-1 to None, run_after=None
[2025-04-30T15:43:46.587+0100] {logging_mixin.py:190} INFO - [2025-04-30T15:43:46.587+0100] {dag.py:4180} INFO - Setting next_dagrun for example_subdag_operator.section-2 to None, run_after=None
[2025-04-30T15:43:46.590+0100] {logging_mixin.py:190} INFO - [2025-04-30T15:43:46.590+0100] {dag.py:3239} INFO - Sync 2 DAGs
[2025-04-30T15:43:46.592+0100] {logging_mixin.py:190} INFO - [2025-04-30T15:43:46.592+0100] {dag.py:4180} INFO - Setting next_dagrun for example_subdag_operator.section-1 to None, run_after=None
[2025-04-30T15:43:46.592+0100] {logging_mixin.py:190} INFO - [2025-04-30T15:43:46.592+0100] {dag.py:4180} INFO - Setting next_dagrun for example_subdag_operator.section-2 to None, run_after=None
[2025-04-30T15:43:46.599+0100] {processor.py:208} INFO - Processing /Users/dineshsammeta/anaconda3/envs/python38/lib/python3.8/site-packages/airflow/example_dags/example_subdag_operator.py took 0.136 seconds
[2025-04-30T15:45:24.245+0100] {processor.py:186} INFO - Started process (PID=70189) to work on /Users/dineshsammeta/anaconda3/envs/python38/lib/python3.8/site-packages/airflow/example_dags/example_subdag_operator.py
[2025-04-30T15:45:24.246+0100] {processor.py:914} INFO - Processing file /Users/dineshsammeta/anaconda3/envs/python38/lib/python3.8/site-packages/airflow/example_dags/example_subdag_operator.py for tasks to queue
[2025-04-30T15:45:24.247+0100] {logging_mixin.py:190} INFO - [2025-04-30T15:45:24.247+0100] {dagbag.py:588} INFO - Filling up the DagBag from /Users/dineshsammeta/anaconda3/envs/python38/lib/python3.8/site-packages/airflow/example_dags/example_subdag_operator.py
[2025-04-30T15:45:24.337+0100] {processor.py:925} INFO - DAG(s) 'example_subdag_operator.section-1', 'example_subdag_operator.section-2', 'example_subdag_operator' retrieved from /Users/dineshsammeta/anaconda3/envs/python38/lib/python3.8/site-packages/airflow/example_dags/example_subdag_operator.py
[2025-04-30T15:45:24.346+0100] {logging_mixin.py:190} INFO - [2025-04-30T15:45:24.346+0100] {workday.py:41} WARNING - Could not import pandas. Holidays will not be considered.
[2025-04-30T15:45:24.354+0100] {logging_mixin.py:190} INFO - [2025-04-30T15:45:24.354+0100] {dag.py:3239} INFO - Sync 3 DAGs
[2025-04-30T15:45:24.364+0100] {logging_mixin.py:190} INFO - [2025-04-30T15:45:24.364+0100] {dag.py:4180} INFO - Setting next_dagrun for example_subdag_operator to 2022-01-01 00:00:00+00:00, run_after=2022-01-01 00:00:00+00:00
[2025-04-30T15:45:24.366+0100] {logging_mixin.py:190} INFO - [2025-04-30T15:45:24.366+0100] {dag.py:4180} INFO - Setting next_dagrun for example_subdag_operator.section-1 to None, run_after=None
[2025-04-30T15:45:24.366+0100] {logging_mixin.py:190} INFO - [2025-04-30T15:45:24.366+0100] {dag.py:4180} INFO - Setting next_dagrun for example_subdag_operator.section-2 to None, run_after=None
[2025-04-30T15:45:24.370+0100] {logging_mixin.py:190} INFO - [2025-04-30T15:45:24.369+0100] {dag.py:3239} INFO - Sync 2 DAGs
[2025-04-30T15:45:24.372+0100] {logging_mixin.py:190} INFO - [2025-04-30T15:45:24.372+0100] {dag.py:4180} INFO - Setting next_dagrun for example_subdag_operator.section-1 to None, run_after=None
[2025-04-30T15:45:24.372+0100] {logging_mixin.py:190} INFO - [2025-04-30T15:45:24.372+0100] {dag.py:4180} INFO - Setting next_dagrun for example_subdag_operator.section-2 to None, run_after=None
[2025-04-30T15:45:24.379+0100] {processor.py:208} INFO - Processing /Users/dineshsammeta/anaconda3/envs/python38/lib/python3.8/site-packages/airflow/example_dags/example_subdag_operator.py took 0.136 seconds
[2025-04-30T15:47:04.004+0100] {processor.py:186} INFO - Started process (PID=70377) to work on /Users/dineshsammeta/anaconda3/envs/python38/lib/python3.8/site-packages/airflow/example_dags/example_subdag_operator.py
[2025-04-30T15:47:04.005+0100] {processor.py:914} INFO - Processing file /Users/dineshsammeta/anaconda3/envs/python38/lib/python3.8/site-packages/airflow/example_dags/example_subdag_operator.py for tasks to queue
[2025-04-30T15:47:04.006+0100] {logging_mixin.py:190} INFO - [2025-04-30T15:47:04.006+0100] {dagbag.py:588} INFO - Filling up the DagBag from /Users/dineshsammeta/anaconda3/envs/python38/lib/python3.8/site-packages/airflow/example_dags/example_subdag_operator.py
[2025-04-30T15:47:04.100+0100] {processor.py:925} INFO - DAG(s) 'example_subdag_operator.section-1', 'example_subdag_operator.section-2', 'example_subdag_operator' retrieved from /Users/dineshsammeta/anaconda3/envs/python38/lib/python3.8/site-packages/airflow/example_dags/example_subdag_operator.py
[2025-04-30T15:47:04.111+0100] {logging_mixin.py:190} INFO - [2025-04-30T15:47:04.111+0100] {workday.py:41} WARNING - Could not import pandas. Holidays will not be considered.
[2025-04-30T15:47:04.120+0100] {logging_mixin.py:190} INFO - [2025-04-30T15:47:04.120+0100] {dag.py:3239} INFO - Sync 3 DAGs
[2025-04-30T15:47:04.131+0100] {logging_mixin.py:190} INFO - [2025-04-30T15:47:04.131+0100] {dag.py:4180} INFO - Setting next_dagrun for example_subdag_operator to 2022-01-01 00:00:00+00:00, run_after=2022-01-01 00:00:00+00:00
[2025-04-30T15:47:04.133+0100] {logging_mixin.py:190} INFO - [2025-04-30T15:47:04.133+0100] {dag.py:4180} INFO - Setting next_dagrun for example_subdag_operator.section-1 to None, run_after=None
[2025-04-30T15:47:04.134+0100] {logging_mixin.py:190} INFO - [2025-04-30T15:47:04.133+0100] {dag.py:4180} INFO - Setting next_dagrun for example_subdag_operator.section-2 to None, run_after=None
[2025-04-30T15:47:04.137+0100] {logging_mixin.py:190} INFO - [2025-04-30T15:47:04.137+0100] {dag.py:3239} INFO - Sync 2 DAGs
[2025-04-30T15:47:04.139+0100] {logging_mixin.py:190} INFO - [2025-04-30T15:47:04.139+0100] {dag.py:4180} INFO - Setting next_dagrun for example_subdag_operator.section-1 to None, run_after=None
[2025-04-30T15:47:04.140+0100] {logging_mixin.py:190} INFO - [2025-04-30T15:47:04.140+0100] {dag.py:4180} INFO - Setting next_dagrun for example_subdag_operator.section-2 to None, run_after=None
[2025-04-30T15:47:04.146+0100] {processor.py:208} INFO - Processing /Users/dineshsammeta/anaconda3/envs/python38/lib/python3.8/site-packages/airflow/example_dags/example_subdag_operator.py took 0.144 seconds
