[2025-04-30T13:40:12.946+0100] {processor.py:186} INFO - Started process (PID=66647) to work on /Users/dineshsammeta/anaconda3/envs/python38/lib/python3.8/site-packages/airflow/example_dags/example_local_kubernetes_executor.py
[2025-04-30T13:40:12.947+0100] {processor.py:914} INFO - Processing file /Users/dineshsammeta/anaconda3/envs/python38/lib/python3.8/site-packages/airflow/example_dags/example_local_kubernetes_executor.py for tasks to queue
[2025-04-30T13:40:12.948+0100] {logging_mixin.py:190} INFO - [2025-04-30T13:40:12.947+0100] {dagbag.py:588} INFO - Filling up the DagBag from /Users/dineshsammeta/anaconda3/envs/python38/lib/python3.8/site-packages/airflow/example_dags/example_local_kubernetes_executor.py
[2025-04-30T13:40:13.002+0100] {logging_mixin.py:190} INFO - [2025-04-30T13:40:13.002+0100] {example_local_kubernetes_executor.py:40} WARNING - Could not import DAGs in example_local_kubernetes_executor.py
Traceback (most recent call last):
  File "/Users/dineshsammeta/anaconda3/envs/python38/lib/python3.8/site-packages/airflow/example_dags/example_local_kubernetes_executor.py", line 38, in <module>
    from kubernetes.client import models as k8s
ModuleNotFoundError: No module named 'kubernetes'
[2025-04-30T13:40:13.002+0100] {logging_mixin.py:190} INFO - [2025-04-30T13:40:13.002+0100] {example_local_kubernetes_executor.py:41} WARNING - Install Kubernetes dependencies with: pip install apache-airflow[cncf.kubernetes]
[2025-04-30T13:40:13.002+0100] {processor.py:927} WARNING - No viable dags retrieved from /Users/dineshsammeta/anaconda3/envs/python38/lib/python3.8/site-packages/airflow/example_dags/example_local_kubernetes_executor.py
[2025-04-30T13:40:13.056+0100] {processor.py:208} INFO - Processing /Users/dineshsammeta/anaconda3/envs/python38/lib/python3.8/site-packages/airflow/example_dags/example_local_kubernetes_executor.py took 0.112 seconds
[2025-04-30T13:42:13.579+0100] {processor.py:186} INFO - Started process (PID=66938) to work on /Users/dineshsammeta/anaconda3/envs/python38/lib/python3.8/site-packages/airflow/example_dags/example_local_kubernetes_executor.py
[2025-04-30T13:42:13.580+0100] {processor.py:914} INFO - Processing file /Users/dineshsammeta/anaconda3/envs/python38/lib/python3.8/site-packages/airflow/example_dags/example_local_kubernetes_executor.py for tasks to queue
[2025-04-30T13:42:13.580+0100] {logging_mixin.py:190} INFO - [2025-04-30T13:42:13.580+0100] {dagbag.py:588} INFO - Filling up the DagBag from /Users/dineshsammeta/anaconda3/envs/python38/lib/python3.8/site-packages/airflow/example_dags/example_local_kubernetes_executor.py
[2025-04-30T13:42:13.633+0100] {logging_mixin.py:190} INFO - [2025-04-30T13:42:13.632+0100] {example_local_kubernetes_executor.py:40} WARNING - Could not import DAGs in example_local_kubernetes_executor.py
Traceback (most recent call last):
  File "/Users/dineshsammeta/anaconda3/envs/python38/lib/python3.8/site-packages/airflow/example_dags/example_local_kubernetes_executor.py", line 38, in <module>
    from kubernetes.client import models as k8s
ModuleNotFoundError: No module named 'kubernetes'
[2025-04-30T13:42:13.633+0100] {logging_mixin.py:190} INFO - [2025-04-30T13:42:13.633+0100] {example_local_kubernetes_executor.py:41} WARNING - Install Kubernetes dependencies with: pip install apache-airflow[cncf.kubernetes]
[2025-04-30T13:42:13.633+0100] {processor.py:927} WARNING - No viable dags retrieved from /Users/dineshsammeta/anaconda3/envs/python38/lib/python3.8/site-packages/airflow/example_dags/example_local_kubernetes_executor.py
[2025-04-30T13:42:13.684+0100] {processor.py:208} INFO - Processing /Users/dineshsammeta/anaconda3/envs/python38/lib/python3.8/site-packages/airflow/example_dags/example_local_kubernetes_executor.py took 0.108 seconds
[2025-04-30T13:45:11.754+0100] {processor.py:186} INFO - Started process (PID=67278) to work on /Users/dineshsammeta/anaconda3/envs/python38/lib/python3.8/site-packages/airflow/example_dags/example_local_kubernetes_executor.py
[2025-04-30T13:45:11.755+0100] {processor.py:914} INFO - Processing file /Users/dineshsammeta/anaconda3/envs/python38/lib/python3.8/site-packages/airflow/example_dags/example_local_kubernetes_executor.py for tasks to queue
[2025-04-30T13:45:11.756+0100] {logging_mixin.py:190} INFO - [2025-04-30T13:45:11.756+0100] {dagbag.py:588} INFO - Filling up the DagBag from /Users/dineshsammeta/anaconda3/envs/python38/lib/python3.8/site-packages/airflow/example_dags/example_local_kubernetes_executor.py
[2025-04-30T13:45:11.806+0100] {logging_mixin.py:190} INFO - [2025-04-30T13:45:11.806+0100] {example_local_kubernetes_executor.py:40} WARNING - Could not import DAGs in example_local_kubernetes_executor.py
Traceback (most recent call last):
  File "/Users/dineshsammeta/anaconda3/envs/python38/lib/python3.8/site-packages/airflow/example_dags/example_local_kubernetes_executor.py", line 38, in <module>
    from kubernetes.client import models as k8s
ModuleNotFoundError: No module named 'kubernetes'
[2025-04-30T13:45:11.807+0100] {logging_mixin.py:190} INFO - [2025-04-30T13:45:11.807+0100] {example_local_kubernetes_executor.py:41} WARNING - Install Kubernetes dependencies with: pip install apache-airflow[cncf.kubernetes]
[2025-04-30T13:45:11.807+0100] {processor.py:927} WARNING - No viable dags retrieved from /Users/dineshsammeta/anaconda3/envs/python38/lib/python3.8/site-packages/airflow/example_dags/example_local_kubernetes_executor.py
[2025-04-30T13:45:11.858+0100] {processor.py:208} INFO - Processing /Users/dineshsammeta/anaconda3/envs/python38/lib/python3.8/site-packages/airflow/example_dags/example_local_kubernetes_executor.py took 0.106 seconds
[2025-04-30T13:48:11.009+0100] {processor.py:186} INFO - Started process (PID=67645) to work on /Users/dineshsammeta/anaconda3/envs/python38/lib/python3.8/site-packages/airflow/example_dags/example_local_kubernetes_executor.py
[2025-04-30T13:48:11.010+0100] {processor.py:914} INFO - Processing file /Users/dineshsammeta/anaconda3/envs/python38/lib/python3.8/site-packages/airflow/example_dags/example_local_kubernetes_executor.py for tasks to queue
[2025-04-30T13:48:11.011+0100] {logging_mixin.py:190} INFO - [2025-04-30T13:48:11.011+0100] {dagbag.py:588} INFO - Filling up the DagBag from /Users/dineshsammeta/anaconda3/envs/python38/lib/python3.8/site-packages/airflow/example_dags/example_local_kubernetes_executor.py
[2025-04-30T13:48:11.061+0100] {logging_mixin.py:190} INFO - [2025-04-30T13:48:11.061+0100] {example_local_kubernetes_executor.py:40} WARNING - Could not import DAGs in example_local_kubernetes_executor.py
Traceback (most recent call last):
  File "/Users/dineshsammeta/anaconda3/envs/python38/lib/python3.8/site-packages/airflow/example_dags/example_local_kubernetes_executor.py", line 38, in <module>
    from kubernetes.client import models as k8s
ModuleNotFoundError: No module named 'kubernetes'
[2025-04-30T13:48:11.062+0100] {logging_mixin.py:190} INFO - [2025-04-30T13:48:11.062+0100] {example_local_kubernetes_executor.py:41} WARNING - Install Kubernetes dependencies with: pip install apache-airflow[cncf.kubernetes]
[2025-04-30T13:48:11.062+0100] {processor.py:927} WARNING - No viable dags retrieved from /Users/dineshsammeta/anaconda3/envs/python38/lib/python3.8/site-packages/airflow/example_dags/example_local_kubernetes_executor.py
[2025-04-30T13:48:11.113+0100] {processor.py:208} INFO - Processing /Users/dineshsammeta/anaconda3/envs/python38/lib/python3.8/site-packages/airflow/example_dags/example_local_kubernetes_executor.py took 0.106 seconds
[2025-04-30T13:51:17.980+0100] {processor.py:186} INFO - Started process (PID=67985) to work on /Users/dineshsammeta/anaconda3/envs/python38/lib/python3.8/site-packages/airflow/example_dags/example_local_kubernetes_executor.py
[2025-04-30T13:51:17.981+0100] {processor.py:914} INFO - Processing file /Users/dineshsammeta/anaconda3/envs/python38/lib/python3.8/site-packages/airflow/example_dags/example_local_kubernetes_executor.py for tasks to queue
[2025-04-30T13:51:17.981+0100] {logging_mixin.py:190} INFO - [2025-04-30T13:51:17.981+0100] {dagbag.py:588} INFO - Filling up the DagBag from /Users/dineshsammeta/anaconda3/envs/python38/lib/python3.8/site-packages/airflow/example_dags/example_local_kubernetes_executor.py
[2025-04-30T13:51:18.033+0100] {logging_mixin.py:190} INFO - [2025-04-30T13:51:18.033+0100] {example_local_kubernetes_executor.py:40} WARNING - Could not import DAGs in example_local_kubernetes_executor.py
Traceback (most recent call last):
  File "/Users/dineshsammeta/anaconda3/envs/python38/lib/python3.8/site-packages/airflow/example_dags/example_local_kubernetes_executor.py", line 38, in <module>
    from kubernetes.client import models as k8s
ModuleNotFoundError: No module named 'kubernetes'
[2025-04-30T13:51:18.033+0100] {logging_mixin.py:190} INFO - [2025-04-30T13:51:18.033+0100] {example_local_kubernetes_executor.py:41} WARNING - Install Kubernetes dependencies with: pip install apache-airflow[cncf.kubernetes]
[2025-04-30T13:51:18.034+0100] {processor.py:927} WARNING - No viable dags retrieved from /Users/dineshsammeta/anaconda3/envs/python38/lib/python3.8/site-packages/airflow/example_dags/example_local_kubernetes_executor.py
[2025-04-30T13:51:18.085+0100] {processor.py:208} INFO - Processing /Users/dineshsammeta/anaconda3/envs/python38/lib/python3.8/site-packages/airflow/example_dags/example_local_kubernetes_executor.py took 0.108 seconds
[2025-04-30T13:54:27.087+0100] {processor.py:186} INFO - Started process (PID=68343) to work on /Users/dineshsammeta/anaconda3/envs/python38/lib/python3.8/site-packages/airflow/example_dags/example_local_kubernetes_executor.py
[2025-04-30T13:54:27.089+0100] {processor.py:914} INFO - Processing file /Users/dineshsammeta/anaconda3/envs/python38/lib/python3.8/site-packages/airflow/example_dags/example_local_kubernetes_executor.py for tasks to queue
[2025-04-30T13:54:27.090+0100] {logging_mixin.py:190} INFO - [2025-04-30T13:54:27.090+0100] {dagbag.py:588} INFO - Filling up the DagBag from /Users/dineshsammeta/anaconda3/envs/python38/lib/python3.8/site-packages/airflow/example_dags/example_local_kubernetes_executor.py
[2025-04-30T13:54:27.147+0100] {logging_mixin.py:190} INFO - [2025-04-30T13:54:27.146+0100] {example_local_kubernetes_executor.py:40} WARNING - Could not import DAGs in example_local_kubernetes_executor.py
Traceback (most recent call last):
  File "/Users/dineshsammeta/anaconda3/envs/python38/lib/python3.8/site-packages/airflow/example_dags/example_local_kubernetes_executor.py", line 38, in <module>
    from kubernetes.client import models as k8s
ModuleNotFoundError: No module named 'kubernetes'
[2025-04-30T13:54:27.147+0100] {logging_mixin.py:190} INFO - [2025-04-30T13:54:27.147+0100] {example_local_kubernetes_executor.py:41} WARNING - Install Kubernetes dependencies with: pip install apache-airflow[cncf.kubernetes]
[2025-04-30T13:54:27.147+0100] {processor.py:927} WARNING - No viable dags retrieved from /Users/dineshsammeta/anaconda3/envs/python38/lib/python3.8/site-packages/airflow/example_dags/example_local_kubernetes_executor.py
[2025-04-30T13:54:27.198+0100] {processor.py:208} INFO - Processing /Users/dineshsammeta/anaconda3/envs/python38/lib/python3.8/site-packages/airflow/example_dags/example_local_kubernetes_executor.py took 0.114 seconds
[2025-04-30T13:57:30.494+0100] {processor.py:186} INFO - Started process (PID=68667) to work on /Users/dineshsammeta/anaconda3/envs/python38/lib/python3.8/site-packages/airflow/example_dags/example_local_kubernetes_executor.py
[2025-04-30T13:57:30.494+0100] {processor.py:914} INFO - Processing file /Users/dineshsammeta/anaconda3/envs/python38/lib/python3.8/site-packages/airflow/example_dags/example_local_kubernetes_executor.py for tasks to queue
[2025-04-30T13:57:30.495+0100] {logging_mixin.py:190} INFO - [2025-04-30T13:57:30.495+0100] {dagbag.py:588} INFO - Filling up the DagBag from /Users/dineshsammeta/anaconda3/envs/python38/lib/python3.8/site-packages/airflow/example_dags/example_local_kubernetes_executor.py
[2025-04-30T13:57:30.544+0100] {logging_mixin.py:190} INFO - [2025-04-30T13:57:30.544+0100] {example_local_kubernetes_executor.py:40} WARNING - Could not import DAGs in example_local_kubernetes_executor.py
Traceback (most recent call last):
  File "/Users/dineshsammeta/anaconda3/envs/python38/lib/python3.8/site-packages/airflow/example_dags/example_local_kubernetes_executor.py", line 38, in <module>
    from kubernetes.client import models as k8s
ModuleNotFoundError: No module named 'kubernetes'
[2025-04-30T13:57:30.544+0100] {logging_mixin.py:190} INFO - [2025-04-30T13:57:30.544+0100] {example_local_kubernetes_executor.py:41} WARNING - Install Kubernetes dependencies with: pip install apache-airflow[cncf.kubernetes]
[2025-04-30T13:57:30.544+0100] {processor.py:927} WARNING - No viable dags retrieved from /Users/dineshsammeta/anaconda3/envs/python38/lib/python3.8/site-packages/airflow/example_dags/example_local_kubernetes_executor.py
[2025-04-30T13:57:30.595+0100] {processor.py:208} INFO - Processing /Users/dineshsammeta/anaconda3/envs/python38/lib/python3.8/site-packages/airflow/example_dags/example_local_kubernetes_executor.py took 0.103 seconds
[2025-04-30T14:00:28.609+0100] {processor.py:186} INFO - Started process (PID=68988) to work on /Users/dineshsammeta/anaconda3/envs/python38/lib/python3.8/site-packages/airflow/example_dags/example_local_kubernetes_executor.py
[2025-04-30T14:00:28.610+0100] {processor.py:914} INFO - Processing file /Users/dineshsammeta/anaconda3/envs/python38/lib/python3.8/site-packages/airflow/example_dags/example_local_kubernetes_executor.py for tasks to queue
[2025-04-30T14:00:28.611+0100] {logging_mixin.py:190} INFO - [2025-04-30T14:00:28.611+0100] {dagbag.py:588} INFO - Filling up the DagBag from /Users/dineshsammeta/anaconda3/envs/python38/lib/python3.8/site-packages/airflow/example_dags/example_local_kubernetes_executor.py
[2025-04-30T14:00:28.661+0100] {logging_mixin.py:190} INFO - [2025-04-30T14:00:28.660+0100] {example_local_kubernetes_executor.py:40} WARNING - Could not import DAGs in example_local_kubernetes_executor.py
Traceback (most recent call last):
  File "/Users/dineshsammeta/anaconda3/envs/python38/lib/python3.8/site-packages/airflow/example_dags/example_local_kubernetes_executor.py", line 38, in <module>
    from kubernetes.client import models as k8s
ModuleNotFoundError: No module named 'kubernetes'
[2025-04-30T14:00:28.661+0100] {logging_mixin.py:190} INFO - [2025-04-30T14:00:28.661+0100] {example_local_kubernetes_executor.py:41} WARNING - Install Kubernetes dependencies with: pip install apache-airflow[cncf.kubernetes]
[2025-04-30T14:00:28.661+0100] {processor.py:927} WARNING - No viable dags retrieved from /Users/dineshsammeta/anaconda3/envs/python38/lib/python3.8/site-packages/airflow/example_dags/example_local_kubernetes_executor.py
[2025-04-30T14:00:28.712+0100] {processor.py:208} INFO - Processing /Users/dineshsammeta/anaconda3/envs/python38/lib/python3.8/site-packages/airflow/example_dags/example_local_kubernetes_executor.py took 0.105 seconds
[2025-04-30T15:14:23.124+0100] {processor.py:186} INFO - Started process (PID=69350) to work on /Users/dineshsammeta/anaconda3/envs/python38/lib/python3.8/site-packages/airflow/example_dags/example_local_kubernetes_executor.py
[2025-04-30T15:14:23.125+0100] {processor.py:914} INFO - Processing file /Users/dineshsammeta/anaconda3/envs/python38/lib/python3.8/site-packages/airflow/example_dags/example_local_kubernetes_executor.py for tasks to queue
[2025-04-30T15:14:23.125+0100] {logging_mixin.py:190} INFO - [2025-04-30T15:14:23.125+0100] {dagbag.py:588} INFO - Filling up the DagBag from /Users/dineshsammeta/anaconda3/envs/python38/lib/python3.8/site-packages/airflow/example_dags/example_local_kubernetes_executor.py
[2025-04-30T15:14:23.178+0100] {logging_mixin.py:190} INFO - [2025-04-30T15:14:23.177+0100] {example_local_kubernetes_executor.py:40} WARNING - Could not import DAGs in example_local_kubernetes_executor.py
Traceback (most recent call last):
  File "/Users/dineshsammeta/anaconda3/envs/python38/lib/python3.8/site-packages/airflow/example_dags/example_local_kubernetes_executor.py", line 38, in <module>
    from kubernetes.client import models as k8s
ModuleNotFoundError: No module named 'kubernetes'
[2025-04-30T15:14:23.178+0100] {logging_mixin.py:190} INFO - [2025-04-30T15:14:23.178+0100] {example_local_kubernetes_executor.py:41} WARNING - Install Kubernetes dependencies with: pip install apache-airflow[cncf.kubernetes]
[2025-04-30T15:14:23.178+0100] {processor.py:927} WARNING - No viable dags retrieved from /Users/dineshsammeta/anaconda3/envs/python38/lib/python3.8/site-packages/airflow/example_dags/example_local_kubernetes_executor.py
[2025-04-30T15:14:23.228+0100] {processor.py:208} INFO - Processing /Users/dineshsammeta/anaconda3/envs/python38/lib/python3.8/site-packages/airflow/example_dags/example_local_kubernetes_executor.py took 0.106 seconds
[2025-04-30T15:39:28.623+0100] {processor.py:186} INFO - Started process (PID=69572) to work on /Users/dineshsammeta/anaconda3/envs/python38/lib/python3.8/site-packages/airflow/example_dags/example_local_kubernetes_executor.py
[2025-04-30T15:39:28.625+0100] {processor.py:914} INFO - Processing file /Users/dineshsammeta/anaconda3/envs/python38/lib/python3.8/site-packages/airflow/example_dags/example_local_kubernetes_executor.py for tasks to queue
[2025-04-30T15:39:28.625+0100] {logging_mixin.py:190} INFO - [2025-04-30T15:39:28.625+0100] {dagbag.py:588} INFO - Filling up the DagBag from /Users/dineshsammeta/anaconda3/envs/python38/lib/python3.8/site-packages/airflow/example_dags/example_local_kubernetes_executor.py
[2025-04-30T15:39:28.675+0100] {logging_mixin.py:190} INFO - [2025-04-30T15:39:28.675+0100] {example_local_kubernetes_executor.py:40} WARNING - Could not import DAGs in example_local_kubernetes_executor.py
Traceback (most recent call last):
  File "/Users/dineshsammeta/anaconda3/envs/python38/lib/python3.8/site-packages/airflow/example_dags/example_local_kubernetes_executor.py", line 38, in <module>
    from kubernetes.client import models as k8s
ModuleNotFoundError: No module named 'kubernetes'
[2025-04-30T15:39:28.675+0100] {logging_mixin.py:190} INFO - [2025-04-30T15:39:28.675+0100] {example_local_kubernetes_executor.py:41} WARNING - Install Kubernetes dependencies with: pip install apache-airflow[cncf.kubernetes]
[2025-04-30T15:39:28.675+0100] {processor.py:927} WARNING - No viable dags retrieved from /Users/dineshsammeta/anaconda3/envs/python38/lib/python3.8/site-packages/airflow/example_dags/example_local_kubernetes_executor.py
[2025-04-30T15:39:28.726+0100] {processor.py:208} INFO - Processing /Users/dineshsammeta/anaconda3/envs/python38/lib/python3.8/site-packages/airflow/example_dags/example_local_kubernetes_executor.py took 0.105 seconds
[2025-04-30T15:41:20.436+0100] {processor.py:186} INFO - Started process (PID=69773) to work on /Users/dineshsammeta/anaconda3/envs/python38/lib/python3.8/site-packages/airflow/example_dags/example_local_kubernetes_executor.py
[2025-04-30T15:41:20.436+0100] {processor.py:914} INFO - Processing file /Users/dineshsammeta/anaconda3/envs/python38/lib/python3.8/site-packages/airflow/example_dags/example_local_kubernetes_executor.py for tasks to queue
[2025-04-30T15:41:20.437+0100] {logging_mixin.py:190} INFO - [2025-04-30T15:41:20.437+0100] {dagbag.py:588} INFO - Filling up the DagBag from /Users/dineshsammeta/anaconda3/envs/python38/lib/python3.8/site-packages/airflow/example_dags/example_local_kubernetes_executor.py
[2025-04-30T15:41:20.487+0100] {logging_mixin.py:190} INFO - [2025-04-30T15:41:20.487+0100] {example_local_kubernetes_executor.py:40} WARNING - Could not import DAGs in example_local_kubernetes_executor.py
Traceback (most recent call last):
  File "/Users/dineshsammeta/anaconda3/envs/python38/lib/python3.8/site-packages/airflow/example_dags/example_local_kubernetes_executor.py", line 38, in <module>
    from kubernetes.client import models as k8s
ModuleNotFoundError: No module named 'kubernetes'
[2025-04-30T15:41:20.487+0100] {logging_mixin.py:190} INFO - [2025-04-30T15:41:20.487+0100] {example_local_kubernetes_executor.py:41} WARNING - Install Kubernetes dependencies with: pip install apache-airflow[cncf.kubernetes]
[2025-04-30T15:41:20.487+0100] {processor.py:927} WARNING - No viable dags retrieved from /Users/dineshsammeta/anaconda3/envs/python38/lib/python3.8/site-packages/airflow/example_dags/example_local_kubernetes_executor.py
[2025-04-30T15:41:20.539+0100] {processor.py:208} INFO - Processing /Users/dineshsammeta/anaconda3/envs/python38/lib/python3.8/site-packages/airflow/example_dags/example_local_kubernetes_executor.py took 0.105 seconds
[2025-04-30T15:44:21.264+0100] {processor.py:186} INFO - Started process (PID=70082) to work on /Users/dineshsammeta/anaconda3/envs/python38/lib/python3.8/site-packages/airflow/example_dags/example_local_kubernetes_executor.py
[2025-04-30T15:44:21.265+0100] {processor.py:914} INFO - Processing file /Users/dineshsammeta/anaconda3/envs/python38/lib/python3.8/site-packages/airflow/example_dags/example_local_kubernetes_executor.py for tasks to queue
[2025-04-30T15:44:21.266+0100] {logging_mixin.py:190} INFO - [2025-04-30T15:44:21.266+0100] {dagbag.py:588} INFO - Filling up the DagBag from /Users/dineshsammeta/anaconda3/envs/python38/lib/python3.8/site-packages/airflow/example_dags/example_local_kubernetes_executor.py
[2025-04-30T15:44:21.331+0100] {logging_mixin.py:190} INFO - [2025-04-30T15:44:21.330+0100] {example_local_kubernetes_executor.py:40} WARNING - Could not import DAGs in example_local_kubernetes_executor.py
Traceback (most recent call last):
  File "/Users/dineshsammeta/anaconda3/envs/python38/lib/python3.8/site-packages/airflow/example_dags/example_local_kubernetes_executor.py", line 38, in <module>
    from kubernetes.client import models as k8s
ModuleNotFoundError: No module named 'kubernetes'
[2025-04-30T15:44:21.331+0100] {logging_mixin.py:190} INFO - [2025-04-30T15:44:21.331+0100] {example_local_kubernetes_executor.py:41} WARNING - Install Kubernetes dependencies with: pip install apache-airflow[cncf.kubernetes]
[2025-04-30T15:44:21.331+0100] {processor.py:927} WARNING - No viable dags retrieved from /Users/dineshsammeta/anaconda3/envs/python38/lib/python3.8/site-packages/airflow/example_dags/example_local_kubernetes_executor.py
[2025-04-30T15:44:21.395+0100] {processor.py:208} INFO - Processing /Users/dineshsammeta/anaconda3/envs/python38/lib/python3.8/site-packages/airflow/example_dags/example_local_kubernetes_executor.py took 0.134 seconds
