[2025-04-30T13:39:47.600+0100] {processor.py:186} INFO - Started process (PID=66604) to work on /Users/dineshsammeta/anaconda3/envs/python38/lib/python3.8/site-packages/airflow/example_dags/example_short_circuit_decorator.py
[2025-04-30T13:39:47.600+0100] {processor.py:914} INFO - Processing file /Users/dineshsammeta/anaconda3/envs/python38/lib/python3.8/site-packages/airflow/example_dags/example_short_circuit_decorator.py for tasks to queue
[2025-04-30T13:39:47.601+0100] {logging_mixin.py:190} INFO - [2025-04-30T13:39:47.601+0100] {dagbag.py:588} INFO - Filling up the DagBag from /Users/dineshsammeta/anaconda3/envs/python38/lib/python3.8/site-packages/airflow/example_dags/example_short_circuit_decorator.py
[2025-04-30T13:39:47.653+0100] {processor.py:925} INFO - DAG(s) 'example_short_circuit_decorator' retrieved from /Users/dineshsammeta/anaconda3/envs/python38/lib/python3.8/site-packages/airflow/example_dags/example_short_circuit_decorator.py
[2025-04-30T13:39:47.712+0100] {logging_mixin.py:190} INFO - [2025-04-30T13:39:47.712+0100] {dag.py:3239} INFO - Sync 1 DAGs
[2025-04-30T13:39:47.718+0100] {logging_mixin.py:190} INFO - [2025-04-30T13:39:47.718+0100] {dag.py:4180} INFO - Setting next_dagrun for example_short_circuit_decorator to None, run_after=None
[2025-04-30T13:39:47.729+0100] {processor.py:208} INFO - Processing /Users/dineshsammeta/anaconda3/envs/python38/lib/python3.8/site-packages/airflow/example_dags/example_short_circuit_decorator.py took 0.131 seconds
[2025-04-30T13:41:47.554+0100] {processor.py:186} INFO - Started process (PID=66888) to work on /Users/dineshsammeta/anaconda3/envs/python38/lib/python3.8/site-packages/airflow/example_dags/example_short_circuit_decorator.py
[2025-04-30T13:41:47.555+0100] {processor.py:914} INFO - Processing file /Users/dineshsammeta/anaconda3/envs/python38/lib/python3.8/site-packages/airflow/example_dags/example_short_circuit_decorator.py for tasks to queue
[2025-04-30T13:41:47.556+0100] {logging_mixin.py:190} INFO - [2025-04-30T13:41:47.556+0100] {dagbag.py:588} INFO - Filling up the DagBag from /Users/dineshsammeta/anaconda3/envs/python38/lib/python3.8/site-packages/airflow/example_dags/example_short_circuit_decorator.py
[2025-04-30T13:41:47.609+0100] {processor.py:925} INFO - DAG(s) 'example_short_circuit_decorator' retrieved from /Users/dineshsammeta/anaconda3/envs/python38/lib/python3.8/site-packages/airflow/example_dags/example_short_circuit_decorator.py
[2025-04-30T13:41:47.667+0100] {logging_mixin.py:190} INFO - [2025-04-30T13:41:47.667+0100] {dag.py:3239} INFO - Sync 1 DAGs
[2025-04-30T13:41:47.673+0100] {logging_mixin.py:190} INFO - [2025-04-30T13:41:47.673+0100] {dag.py:4180} INFO - Setting next_dagrun for example_short_circuit_decorator to None, run_after=None
[2025-04-30T13:41:47.684+0100] {processor.py:208} INFO - Processing /Users/dineshsammeta/anaconda3/envs/python38/lib/python3.8/site-packages/airflow/example_dags/example_short_circuit_decorator.py took 0.132 seconds
[2025-04-30T13:43:18.337+0100] {processor.py:186} INFO - Started process (PID=67071) to work on /Users/dineshsammeta/anaconda3/envs/python38/lib/python3.8/site-packages/airflow/example_dags/example_short_circuit_decorator.py
[2025-04-30T13:43:18.338+0100] {processor.py:914} INFO - Processing file /Users/dineshsammeta/anaconda3/envs/python38/lib/python3.8/site-packages/airflow/example_dags/example_short_circuit_decorator.py for tasks to queue
[2025-04-30T13:43:18.339+0100] {logging_mixin.py:190} INFO - [2025-04-30T13:43:18.339+0100] {dagbag.py:588} INFO - Filling up the DagBag from /Users/dineshsammeta/anaconda3/envs/python38/lib/python3.8/site-packages/airflow/example_dags/example_short_circuit_decorator.py
[2025-04-30T13:43:18.391+0100] {processor.py:925} INFO - DAG(s) 'example_short_circuit_decorator' retrieved from /Users/dineshsammeta/anaconda3/envs/python38/lib/python3.8/site-packages/airflow/example_dags/example_short_circuit_decorator.py
[2025-04-30T13:43:18.450+0100] {logging_mixin.py:190} INFO - [2025-04-30T13:43:18.450+0100] {dag.py:3239} INFO - Sync 1 DAGs
[2025-04-30T13:43:18.456+0100] {logging_mixin.py:190} INFO - [2025-04-30T13:43:18.456+0100] {dag.py:4180} INFO - Setting next_dagrun for example_short_circuit_decorator to None, run_after=None
[2025-04-30T13:43:18.468+0100] {processor.py:208} INFO - Processing /Users/dineshsammeta/anaconda3/envs/python38/lib/python3.8/site-packages/airflow/example_dags/example_short_circuit_decorator.py took 0.133 seconds
[2025-04-30T13:44:49.014+0100] {processor.py:186} INFO - Started process (PID=67237) to work on /Users/dineshsammeta/anaconda3/envs/python38/lib/python3.8/site-packages/airflow/example_dags/example_short_circuit_decorator.py
[2025-04-30T13:44:49.015+0100] {processor.py:914} INFO - Processing file /Users/dineshsammeta/anaconda3/envs/python38/lib/python3.8/site-packages/airflow/example_dags/example_short_circuit_decorator.py for tasks to queue
[2025-04-30T13:44:49.016+0100] {logging_mixin.py:190} INFO - [2025-04-30T13:44:49.016+0100] {dagbag.py:588} INFO - Filling up the DagBag from /Users/dineshsammeta/anaconda3/envs/python38/lib/python3.8/site-packages/airflow/example_dags/example_short_circuit_decorator.py
[2025-04-30T13:44:49.068+0100] {processor.py:925} INFO - DAG(s) 'example_short_circuit_decorator' retrieved from /Users/dineshsammeta/anaconda3/envs/python38/lib/python3.8/site-packages/airflow/example_dags/example_short_circuit_decorator.py
[2025-04-30T13:44:49.127+0100] {logging_mixin.py:190} INFO - [2025-04-30T13:44:49.127+0100] {dag.py:3239} INFO - Sync 1 DAGs
[2025-04-30T13:44:49.133+0100] {logging_mixin.py:190} INFO - [2025-04-30T13:44:49.133+0100] {dag.py:4180} INFO - Setting next_dagrun for example_short_circuit_decorator to None, run_after=None
[2025-04-30T13:44:49.144+0100] {processor.py:208} INFO - Processing /Users/dineshsammeta/anaconda3/envs/python38/lib/python3.8/site-packages/airflow/example_dags/example_short_circuit_decorator.py took 0.132 seconds
[2025-04-30T13:46:16.811+0100] {processor.py:186} INFO - Started process (PID=67407) to work on /Users/dineshsammeta/anaconda3/envs/python38/lib/python3.8/site-packages/airflow/example_dags/example_short_circuit_decorator.py
[2025-04-30T13:46:16.812+0100] {processor.py:914} INFO - Processing file /Users/dineshsammeta/anaconda3/envs/python38/lib/python3.8/site-packages/airflow/example_dags/example_short_circuit_decorator.py for tasks to queue
[2025-04-30T13:46:16.813+0100] {logging_mixin.py:190} INFO - [2025-04-30T13:46:16.813+0100] {dagbag.py:588} INFO - Filling up the DagBag from /Users/dineshsammeta/anaconda3/envs/python38/lib/python3.8/site-packages/airflow/example_dags/example_short_circuit_decorator.py
[2025-04-30T13:46:16.864+0100] {processor.py:925} INFO - DAG(s) 'example_short_circuit_decorator' retrieved from /Users/dineshsammeta/anaconda3/envs/python38/lib/python3.8/site-packages/airflow/example_dags/example_short_circuit_decorator.py
[2025-04-30T13:46:16.924+0100] {logging_mixin.py:190} INFO - [2025-04-30T13:46:16.924+0100] {dag.py:3239} INFO - Sync 1 DAGs
[2025-04-30T13:46:16.930+0100] {logging_mixin.py:190} INFO - [2025-04-30T13:46:16.930+0100] {dag.py:4180} INFO - Setting next_dagrun for example_short_circuit_decorator to None, run_after=None
[2025-04-30T13:46:16.941+0100] {processor.py:208} INFO - Processing /Users/dineshsammeta/anaconda3/envs/python38/lib/python3.8/site-packages/airflow/example_dags/example_short_circuit_decorator.py took 0.132 seconds
[2025-04-30T13:47:44.913+0100] {processor.py:186} INFO - Started process (PID=67591) to work on /Users/dineshsammeta/anaconda3/envs/python38/lib/python3.8/site-packages/airflow/example_dags/example_short_circuit_decorator.py
[2025-04-30T13:47:44.914+0100] {processor.py:914} INFO - Processing file /Users/dineshsammeta/anaconda3/envs/python38/lib/python3.8/site-packages/airflow/example_dags/example_short_circuit_decorator.py for tasks to queue
[2025-04-30T13:47:44.915+0100] {logging_mixin.py:190} INFO - [2025-04-30T13:47:44.915+0100] {dagbag.py:588} INFO - Filling up the DagBag from /Users/dineshsammeta/anaconda3/envs/python38/lib/python3.8/site-packages/airflow/example_dags/example_short_circuit_decorator.py
[2025-04-30T13:47:44.966+0100] {processor.py:925} INFO - DAG(s) 'example_short_circuit_decorator' retrieved from /Users/dineshsammeta/anaconda3/envs/python38/lib/python3.8/site-packages/airflow/example_dags/example_short_circuit_decorator.py
[2025-04-30T13:47:45.026+0100] {logging_mixin.py:190} INFO - [2025-04-30T13:47:45.026+0100] {dag.py:3239} INFO - Sync 1 DAGs
[2025-04-30T13:47:45.032+0100] {logging_mixin.py:190} INFO - [2025-04-30T13:47:45.031+0100] {dag.py:4180} INFO - Setting next_dagrun for example_short_circuit_decorator to None, run_after=None
[2025-04-30T13:47:45.042+0100] {processor.py:208} INFO - Processing /Users/dineshsammeta/anaconda3/envs/python38/lib/python3.8/site-packages/airflow/example_dags/example_short_circuit_decorator.py took 0.131 seconds
[2025-04-30T13:49:15.972+0100] {processor.py:186} INFO - Started process (PID=67764) to work on /Users/dineshsammeta/anaconda3/envs/python38/lib/python3.8/site-packages/airflow/example_dags/example_short_circuit_decorator.py
[2025-04-30T13:49:15.973+0100] {processor.py:914} INFO - Processing file /Users/dineshsammeta/anaconda3/envs/python38/lib/python3.8/site-packages/airflow/example_dags/example_short_circuit_decorator.py for tasks to queue
[2025-04-30T13:49:15.974+0100] {logging_mixin.py:190} INFO - [2025-04-30T13:49:15.973+0100] {dagbag.py:588} INFO - Filling up the DagBag from /Users/dineshsammeta/anaconda3/envs/python38/lib/python3.8/site-packages/airflow/example_dags/example_short_circuit_decorator.py
[2025-04-30T13:49:16.026+0100] {processor.py:925} INFO - DAG(s) 'example_short_circuit_decorator' retrieved from /Users/dineshsammeta/anaconda3/envs/python38/lib/python3.8/site-packages/airflow/example_dags/example_short_circuit_decorator.py
[2025-04-30T13:49:16.085+0100] {logging_mixin.py:190} INFO - [2025-04-30T13:49:16.085+0100] {dag.py:3239} INFO - Sync 1 DAGs
[2025-04-30T13:49:16.091+0100] {logging_mixin.py:190} INFO - [2025-04-30T13:49:16.091+0100] {dag.py:4180} INFO - Setting next_dagrun for example_short_circuit_decorator to None, run_after=None
[2025-04-30T13:49:16.101+0100] {processor.py:208} INFO - Processing /Users/dineshsammeta/anaconda3/envs/python38/lib/python3.8/site-packages/airflow/example_dags/example_short_circuit_decorator.py took 0.131 seconds
[2025-04-30T13:50:52.440+0100] {processor.py:186} INFO - Started process (PID=67942) to work on /Users/dineshsammeta/anaconda3/envs/python38/lib/python3.8/site-packages/airflow/example_dags/example_short_circuit_decorator.py
[2025-04-30T13:50:52.441+0100] {processor.py:914} INFO - Processing file /Users/dineshsammeta/anaconda3/envs/python38/lib/python3.8/site-packages/airflow/example_dags/example_short_circuit_decorator.py for tasks to queue
[2025-04-30T13:50:52.441+0100] {logging_mixin.py:190} INFO - [2025-04-30T13:50:52.441+0100] {dagbag.py:588} INFO - Filling up the DagBag from /Users/dineshsammeta/anaconda3/envs/python38/lib/python3.8/site-packages/airflow/example_dags/example_short_circuit_decorator.py
[2025-04-30T13:50:52.493+0100] {processor.py:925} INFO - DAG(s) 'example_short_circuit_decorator' retrieved from /Users/dineshsammeta/anaconda3/envs/python38/lib/python3.8/site-packages/airflow/example_dags/example_short_circuit_decorator.py
[2025-04-30T13:50:52.552+0100] {logging_mixin.py:190} INFO - [2025-04-30T13:50:52.552+0100] {dag.py:3239} INFO - Sync 1 DAGs
[2025-04-30T13:50:52.558+0100] {logging_mixin.py:190} INFO - [2025-04-30T13:50:52.558+0100] {dag.py:4180} INFO - Setting next_dagrun for example_short_circuit_decorator to None, run_after=None
[2025-04-30T13:50:52.568+0100] {processor.py:208} INFO - Processing /Users/dineshsammeta/anaconda3/envs/python38/lib/python3.8/site-packages/airflow/example_dags/example_short_circuit_decorator.py took 0.131 seconds
[2025-04-30T13:52:23.656+0100] {processor.py:186} INFO - Started process (PID=68098) to work on /Users/dineshsammeta/anaconda3/envs/python38/lib/python3.8/site-packages/airflow/example_dags/example_short_circuit_decorator.py
[2025-04-30T13:52:23.657+0100] {processor.py:914} INFO - Processing file /Users/dineshsammeta/anaconda3/envs/python38/lib/python3.8/site-packages/airflow/example_dags/example_short_circuit_decorator.py for tasks to queue
[2025-04-30T13:52:23.658+0100] {logging_mixin.py:190} INFO - [2025-04-30T13:52:23.658+0100] {dagbag.py:588} INFO - Filling up the DagBag from /Users/dineshsammeta/anaconda3/envs/python38/lib/python3.8/site-packages/airflow/example_dags/example_short_circuit_decorator.py
[2025-04-30T13:52:23.710+0100] {processor.py:925} INFO - DAG(s) 'example_short_circuit_decorator' retrieved from /Users/dineshsammeta/anaconda3/envs/python38/lib/python3.8/site-packages/airflow/example_dags/example_short_circuit_decorator.py
[2025-04-30T13:52:23.769+0100] {logging_mixin.py:190} INFO - [2025-04-30T13:52:23.768+0100] {dag.py:3239} INFO - Sync 1 DAGs
[2025-04-30T13:52:23.774+0100] {logging_mixin.py:190} INFO - [2025-04-30T13:52:23.774+0100] {dag.py:4180} INFO - Setting next_dagrun for example_short_circuit_decorator to None, run_after=None
[2025-04-30T13:52:23.789+0100] {processor.py:208} INFO - Processing /Users/dineshsammeta/anaconda3/envs/python38/lib/python3.8/site-packages/airflow/example_dags/example_short_circuit_decorator.py took 0.134 seconds
[2025-04-30T13:54:01.512+0100] {processor.py:186} INFO - Started process (PID=68290) to work on /Users/dineshsammeta/anaconda3/envs/python38/lib/python3.8/site-packages/airflow/example_dags/example_short_circuit_decorator.py
[2025-04-30T13:54:01.513+0100] {processor.py:914} INFO - Processing file /Users/dineshsammeta/anaconda3/envs/python38/lib/python3.8/site-packages/airflow/example_dags/example_short_circuit_decorator.py for tasks to queue
[2025-04-30T13:54:01.513+0100] {logging_mixin.py:190} INFO - [2025-04-30T13:54:01.513+0100] {dagbag.py:588} INFO - Filling up the DagBag from /Users/dineshsammeta/anaconda3/envs/python38/lib/python3.8/site-packages/airflow/example_dags/example_short_circuit_decorator.py
[2025-04-30T13:54:01.570+0100] {processor.py:925} INFO - DAG(s) 'example_short_circuit_decorator' retrieved from /Users/dineshsammeta/anaconda3/envs/python38/lib/python3.8/site-packages/airflow/example_dags/example_short_circuit_decorator.py
[2025-04-30T13:54:01.629+0100] {logging_mixin.py:190} INFO - [2025-04-30T13:54:01.628+0100] {dag.py:3239} INFO - Sync 1 DAGs
[2025-04-30T13:54:01.635+0100] {logging_mixin.py:190} INFO - [2025-04-30T13:54:01.634+0100] {dag.py:4180} INFO - Setting next_dagrun for example_short_circuit_decorator to None, run_after=None
[2025-04-30T13:54:01.645+0100] {processor.py:208} INFO - Processing /Users/dineshsammeta/anaconda3/envs/python38/lib/python3.8/site-packages/airflow/example_dags/example_short_circuit_decorator.py took 0.136 seconds
[2025-04-30T13:55:39.177+0100] {processor.py:186} INFO - Started process (PID=68478) to work on /Users/dineshsammeta/anaconda3/envs/python38/lib/python3.8/site-packages/airflow/example_dags/example_short_circuit_decorator.py
[2025-04-30T13:55:39.178+0100] {processor.py:914} INFO - Processing file /Users/dineshsammeta/anaconda3/envs/python38/lib/python3.8/site-packages/airflow/example_dags/example_short_circuit_decorator.py for tasks to queue
[2025-04-30T13:55:39.178+0100] {logging_mixin.py:190} INFO - [2025-04-30T13:55:39.178+0100] {dagbag.py:588} INFO - Filling up the DagBag from /Users/dineshsammeta/anaconda3/envs/python38/lib/python3.8/site-packages/airflow/example_dags/example_short_circuit_decorator.py
[2025-04-30T13:55:39.231+0100] {processor.py:925} INFO - DAG(s) 'example_short_circuit_decorator' retrieved from /Users/dineshsammeta/anaconda3/envs/python38/lib/python3.8/site-packages/airflow/example_dags/example_short_circuit_decorator.py
[2025-04-30T13:55:39.296+0100] {logging_mixin.py:190} INFO - [2025-04-30T13:55:39.295+0100] {dag.py:3239} INFO - Sync 1 DAGs
[2025-04-30T13:55:39.303+0100] {logging_mixin.py:190} INFO - [2025-04-30T13:55:39.303+0100] {dag.py:4180} INFO - Setting next_dagrun for example_short_circuit_decorator to None, run_after=None
[2025-04-30T13:55:39.318+0100] {processor.py:208} INFO - Processing /Users/dineshsammeta/anaconda3/envs/python38/lib/python3.8/site-packages/airflow/example_dags/example_short_circuit_decorator.py took 0.144 seconds
[2025-04-30T13:57:11.330+0100] {processor.py:186} INFO - Started process (PID=68635) to work on /Users/dineshsammeta/anaconda3/envs/python38/lib/python3.8/site-packages/airflow/example_dags/example_short_circuit_decorator.py
[2025-04-30T13:57:11.331+0100] {processor.py:914} INFO - Processing file /Users/dineshsammeta/anaconda3/envs/python38/lib/python3.8/site-packages/airflow/example_dags/example_short_circuit_decorator.py for tasks to queue
[2025-04-30T13:57:11.332+0100] {logging_mixin.py:190} INFO - [2025-04-30T13:57:11.331+0100] {dagbag.py:588} INFO - Filling up the DagBag from /Users/dineshsammeta/anaconda3/envs/python38/lib/python3.8/site-packages/airflow/example_dags/example_short_circuit_decorator.py
[2025-04-30T13:57:11.383+0100] {processor.py:925} INFO - DAG(s) 'example_short_circuit_decorator' retrieved from /Users/dineshsammeta/anaconda3/envs/python38/lib/python3.8/site-packages/airflow/example_dags/example_short_circuit_decorator.py
[2025-04-30T13:57:11.442+0100] {logging_mixin.py:190} INFO - [2025-04-30T13:57:11.442+0100] {dag.py:3239} INFO - Sync 1 DAGs
[2025-04-30T13:57:11.448+0100] {logging_mixin.py:190} INFO - [2025-04-30T13:57:11.448+0100] {dag.py:4180} INFO - Setting next_dagrun for example_short_circuit_decorator to None, run_after=None
[2025-04-30T13:57:11.458+0100] {processor.py:208} INFO - Processing /Users/dineshsammeta/anaconda3/envs/python38/lib/python3.8/site-packages/airflow/example_dags/example_short_circuit_decorator.py took 0.131 seconds
[2025-04-30T13:58:41.581+0100] {processor.py:186} INFO - Started process (PID=68789) to work on /Users/dineshsammeta/anaconda3/envs/python38/lib/python3.8/site-packages/airflow/example_dags/example_short_circuit_decorator.py
[2025-04-30T13:58:41.582+0100] {processor.py:914} INFO - Processing file /Users/dineshsammeta/anaconda3/envs/python38/lib/python3.8/site-packages/airflow/example_dags/example_short_circuit_decorator.py for tasks to queue
[2025-04-30T13:58:41.582+0100] {logging_mixin.py:190} INFO - [2025-04-30T13:58:41.582+0100] {dagbag.py:588} INFO - Filling up the DagBag from /Users/dineshsammeta/anaconda3/envs/python38/lib/python3.8/site-packages/airflow/example_dags/example_short_circuit_decorator.py
[2025-04-30T13:58:41.637+0100] {processor.py:925} INFO - DAG(s) 'example_short_circuit_decorator' retrieved from /Users/dineshsammeta/anaconda3/envs/python38/lib/python3.8/site-packages/airflow/example_dags/example_short_circuit_decorator.py
[2025-04-30T13:58:41.696+0100] {logging_mixin.py:190} INFO - [2025-04-30T13:58:41.696+0100] {dag.py:3239} INFO - Sync 1 DAGs
[2025-04-30T13:58:41.702+0100] {logging_mixin.py:190} INFO - [2025-04-30T13:58:41.702+0100] {dag.py:4180} INFO - Setting next_dagrun for example_short_circuit_decorator to None, run_after=None
[2025-04-30T13:58:41.713+0100] {processor.py:208} INFO - Processing /Users/dineshsammeta/anaconda3/envs/python38/lib/python3.8/site-packages/airflow/example_dags/example_short_circuit_decorator.py took 0.135 seconds
[2025-04-30T14:00:09.598+0100] {processor.py:186} INFO - Started process (PID=68955) to work on /Users/dineshsammeta/anaconda3/envs/python38/lib/python3.8/site-packages/airflow/example_dags/example_short_circuit_decorator.py
[2025-04-30T14:00:09.599+0100] {processor.py:914} INFO - Processing file /Users/dineshsammeta/anaconda3/envs/python38/lib/python3.8/site-packages/airflow/example_dags/example_short_circuit_decorator.py for tasks to queue
[2025-04-30T14:00:09.600+0100] {logging_mixin.py:190} INFO - [2025-04-30T14:00:09.600+0100] {dagbag.py:588} INFO - Filling up the DagBag from /Users/dineshsammeta/anaconda3/envs/python38/lib/python3.8/site-packages/airflow/example_dags/example_short_circuit_decorator.py
[2025-04-30T14:00:09.654+0100] {processor.py:925} INFO - DAG(s) 'example_short_circuit_decorator' retrieved from /Users/dineshsammeta/anaconda3/envs/python38/lib/python3.8/site-packages/airflow/example_dags/example_short_circuit_decorator.py
[2025-04-30T14:00:09.713+0100] {logging_mixin.py:190} INFO - [2025-04-30T14:00:09.712+0100] {dag.py:3239} INFO - Sync 1 DAGs
[2025-04-30T14:00:09.719+0100] {logging_mixin.py:190} INFO - [2025-04-30T14:00:09.719+0100] {dag.py:4180} INFO - Setting next_dagrun for example_short_circuit_decorator to None, run_after=None
[2025-04-30T14:00:09.730+0100] {processor.py:208} INFO - Processing /Users/dineshsammeta/anaconda3/envs/python38/lib/python3.8/site-packages/airflow/example_dags/example_short_circuit_decorator.py took 0.134 seconds
[2025-04-30T14:01:39.032+0100] {processor.py:186} INFO - Started process (PID=69121) to work on /Users/dineshsammeta/anaconda3/envs/python38/lib/python3.8/site-packages/airflow/example_dags/example_short_circuit_decorator.py
[2025-04-30T14:01:39.034+0100] {processor.py:914} INFO - Processing file /Users/dineshsammeta/anaconda3/envs/python38/lib/python3.8/site-packages/airflow/example_dags/example_short_circuit_decorator.py for tasks to queue
[2025-04-30T14:01:39.034+0100] {logging_mixin.py:190} INFO - [2025-04-30T14:01:39.034+0100] {dagbag.py:588} INFO - Filling up the DagBag from /Users/dineshsammeta/anaconda3/envs/python38/lib/python3.8/site-packages/airflow/example_dags/example_short_circuit_decorator.py
[2025-04-30T14:01:39.086+0100] {processor.py:925} INFO - DAG(s) 'example_short_circuit_decorator' retrieved from /Users/dineshsammeta/anaconda3/envs/python38/lib/python3.8/site-packages/airflow/example_dags/example_short_circuit_decorator.py
[2025-04-30T14:01:39.144+0100] {logging_mixin.py:190} INFO - [2025-04-30T14:01:39.144+0100] {dag.py:3239} INFO - Sync 1 DAGs
[2025-04-30T14:01:39.150+0100] {logging_mixin.py:190} INFO - [2025-04-30T14:01:39.150+0100] {dag.py:4180} INFO - Setting next_dagrun for example_short_circuit_decorator to None, run_after=None
[2025-04-30T14:01:39.161+0100] {processor.py:208} INFO - Processing /Users/dineshsammeta/anaconda3/envs/python38/lib/python3.8/site-packages/airflow/example_dags/example_short_circuit_decorator.py took 0.131 seconds
[2025-04-30T14:31:51.801+0100] {processor.py:186} INFO - Started process (PID=69303) to work on /Users/dineshsammeta/anaconda3/envs/python38/lib/python3.8/site-packages/airflow/example_dags/example_short_circuit_decorator.py
[2025-04-30T14:31:51.802+0100] {processor.py:914} INFO - Processing file /Users/dineshsammeta/anaconda3/envs/python38/lib/python3.8/site-packages/airflow/example_dags/example_short_circuit_decorator.py for tasks to queue
[2025-04-30T14:31:51.803+0100] {logging_mixin.py:190} INFO - [2025-04-30T14:31:51.803+0100] {dagbag.py:588} INFO - Filling up the DagBag from /Users/dineshsammeta/anaconda3/envs/python38/lib/python3.8/site-packages/airflow/example_dags/example_short_circuit_decorator.py
[2025-04-30T14:31:51.855+0100] {processor.py:925} INFO - DAG(s) 'example_short_circuit_decorator' retrieved from /Users/dineshsammeta/anaconda3/envs/python38/lib/python3.8/site-packages/airflow/example_dags/example_short_circuit_decorator.py
[2025-04-30T14:31:51.913+0100] {logging_mixin.py:190} INFO - [2025-04-30T14:31:51.913+0100] {dag.py:3239} INFO - Sync 1 DAGs
[2025-04-30T14:31:51.919+0100] {logging_mixin.py:190} INFO - [2025-04-30T14:31:51.919+0100] {dag.py:4180} INFO - Setting next_dagrun for example_short_circuit_decorator to None, run_after=None
[2025-04-30T14:31:51.930+0100] {processor.py:208} INFO - Processing /Users/dineshsammeta/anaconda3/envs/python38/lib/python3.8/site-packages/airflow/example_dags/example_short_circuit_decorator.py took 0.131 seconds
[2025-04-30T15:39:03.263+0100] {processor.py:186} INFO - Started process (PID=69524) to work on /Users/dineshsammeta/anaconda3/envs/python38/lib/python3.8/site-packages/airflow/example_dags/example_short_circuit_decorator.py
[2025-04-30T15:39:03.264+0100] {processor.py:914} INFO - Processing file /Users/dineshsammeta/anaconda3/envs/python38/lib/python3.8/site-packages/airflow/example_dags/example_short_circuit_decorator.py for tasks to queue
[2025-04-30T15:39:03.264+0100] {logging_mixin.py:190} INFO - [2025-04-30T15:39:03.264+0100] {dagbag.py:588} INFO - Filling up the DagBag from /Users/dineshsammeta/anaconda3/envs/python38/lib/python3.8/site-packages/airflow/example_dags/example_short_circuit_decorator.py
[2025-04-30T15:39:03.316+0100] {processor.py:925} INFO - DAG(s) 'example_short_circuit_decorator' retrieved from /Users/dineshsammeta/anaconda3/envs/python38/lib/python3.8/site-packages/airflow/example_dags/example_short_circuit_decorator.py
[2025-04-30T15:39:03.375+0100] {logging_mixin.py:190} INFO - [2025-04-30T15:39:03.375+0100] {dag.py:3239} INFO - Sync 1 DAGs
[2025-04-30T15:39:03.381+0100] {logging_mixin.py:190} INFO - [2025-04-30T15:39:03.381+0100] {dag.py:4180} INFO - Setting next_dagrun for example_short_circuit_decorator to None, run_after=None
[2025-04-30T15:39:03.392+0100] {processor.py:208} INFO - Processing /Users/dineshsammeta/anaconda3/envs/python38/lib/python3.8/site-packages/airflow/example_dags/example_short_circuit_decorator.py took 0.131 seconds
[2025-04-30T15:40:55.072+0100] {processor.py:186} INFO - Started process (PID=69730) to work on /Users/dineshsammeta/anaconda3/envs/python38/lib/python3.8/site-packages/airflow/example_dags/example_short_circuit_decorator.py
[2025-04-30T15:40:55.074+0100] {processor.py:914} INFO - Processing file /Users/dineshsammeta/anaconda3/envs/python38/lib/python3.8/site-packages/airflow/example_dags/example_short_circuit_decorator.py for tasks to queue
[2025-04-30T15:40:55.074+0100] {logging_mixin.py:190} INFO - [2025-04-30T15:40:55.074+0100] {dagbag.py:588} INFO - Filling up the DagBag from /Users/dineshsammeta/anaconda3/envs/python38/lib/python3.8/site-packages/airflow/example_dags/example_short_circuit_decorator.py
[2025-04-30T15:40:55.126+0100] {processor.py:925} INFO - DAG(s) 'example_short_circuit_decorator' retrieved from /Users/dineshsammeta/anaconda3/envs/python38/lib/python3.8/site-packages/airflow/example_dags/example_short_circuit_decorator.py
[2025-04-30T15:40:55.184+0100] {logging_mixin.py:190} INFO - [2025-04-30T15:40:55.183+0100] {dag.py:3239} INFO - Sync 1 DAGs
[2025-04-30T15:40:55.189+0100] {logging_mixin.py:190} INFO - [2025-04-30T15:40:55.189+0100] {dag.py:4180} INFO - Setting next_dagrun for example_short_circuit_decorator to None, run_after=None
[2025-04-30T15:40:55.200+0100] {processor.py:208} INFO - Processing /Users/dineshsammeta/anaconda3/envs/python38/lib/python3.8/site-packages/airflow/example_dags/example_short_circuit_decorator.py took 0.130 seconds
[2025-04-30T15:42:25.047+0100] {processor.py:186} INFO - Started process (PID=69892) to work on /Users/dineshsammeta/anaconda3/envs/python38/lib/python3.8/site-packages/airflow/example_dags/example_short_circuit_decorator.py
[2025-04-30T15:42:25.048+0100] {processor.py:914} INFO - Processing file /Users/dineshsammeta/anaconda3/envs/python38/lib/python3.8/site-packages/airflow/example_dags/example_short_circuit_decorator.py for tasks to queue
[2025-04-30T15:42:25.049+0100] {logging_mixin.py:190} INFO - [2025-04-30T15:42:25.049+0100] {dagbag.py:588} INFO - Filling up the DagBag from /Users/dineshsammeta/anaconda3/envs/python38/lib/python3.8/site-packages/airflow/example_dags/example_short_circuit_decorator.py
[2025-04-30T15:42:25.102+0100] {processor.py:925} INFO - DAG(s) 'example_short_circuit_decorator' retrieved from /Users/dineshsammeta/anaconda3/envs/python38/lib/python3.8/site-packages/airflow/example_dags/example_short_circuit_decorator.py
[2025-04-30T15:42:25.162+0100] {logging_mixin.py:190} INFO - [2025-04-30T15:42:25.162+0100] {dag.py:3239} INFO - Sync 1 DAGs
[2025-04-30T15:42:25.168+0100] {logging_mixin.py:190} INFO - [2025-04-30T15:42:25.168+0100] {dag.py:4180} INFO - Setting next_dagrun for example_short_circuit_decorator to None, run_after=None
[2025-04-30T15:42:25.179+0100] {processor.py:208} INFO - Processing /Users/dineshsammeta/anaconda3/envs/python38/lib/python3.8/site-packages/airflow/example_dags/example_short_circuit_decorator.py took 0.134 seconds
[2025-04-30T15:43:54.438+0100] {processor.py:186} INFO - Started process (PID=70039) to work on /Users/dineshsammeta/anaconda3/envs/python38/lib/python3.8/site-packages/airflow/example_dags/example_short_circuit_decorator.py
[2025-04-30T15:43:54.439+0100] {processor.py:914} INFO - Processing file /Users/dineshsammeta/anaconda3/envs/python38/lib/python3.8/site-packages/airflow/example_dags/example_short_circuit_decorator.py for tasks to queue
[2025-04-30T15:43:54.440+0100] {logging_mixin.py:190} INFO - [2025-04-30T15:43:54.440+0100] {dagbag.py:588} INFO - Filling up the DagBag from /Users/dineshsammeta/anaconda3/envs/python38/lib/python3.8/site-packages/airflow/example_dags/example_short_circuit_decorator.py
[2025-04-30T15:43:54.495+0100] {processor.py:925} INFO - DAG(s) 'example_short_circuit_decorator' retrieved from /Users/dineshsammeta/anaconda3/envs/python38/lib/python3.8/site-packages/airflow/example_dags/example_short_circuit_decorator.py
[2025-04-30T15:43:54.555+0100] {logging_mixin.py:190} INFO - [2025-04-30T15:43:54.555+0100] {dag.py:3239} INFO - Sync 1 DAGs
[2025-04-30T15:43:54.561+0100] {logging_mixin.py:190} INFO - [2025-04-30T15:43:54.561+0100] {dag.py:4180} INFO - Setting next_dagrun for example_short_circuit_decorator to None, run_after=None
[2025-04-30T15:43:54.572+0100] {processor.py:208} INFO - Processing /Users/dineshsammeta/anaconda3/envs/python38/lib/python3.8/site-packages/airflow/example_dags/example_short_circuit_decorator.py took 0.136 seconds
[2025-04-30T15:45:32.577+0100] {processor.py:186} INFO - Started process (PID=70202) to work on /Users/dineshsammeta/anaconda3/envs/python38/lib/python3.8/site-packages/airflow/example_dags/example_short_circuit_decorator.py
[2025-04-30T15:45:32.578+0100] {processor.py:914} INFO - Processing file /Users/dineshsammeta/anaconda3/envs/python38/lib/python3.8/site-packages/airflow/example_dags/example_short_circuit_decorator.py for tasks to queue
[2025-04-30T15:45:32.579+0100] {logging_mixin.py:190} INFO - [2025-04-30T15:45:32.578+0100] {dagbag.py:588} INFO - Filling up the DagBag from /Users/dineshsammeta/anaconda3/envs/python38/lib/python3.8/site-packages/airflow/example_dags/example_short_circuit_decorator.py
[2025-04-30T15:45:32.630+0100] {processor.py:925} INFO - DAG(s) 'example_short_circuit_decorator' retrieved from /Users/dineshsammeta/anaconda3/envs/python38/lib/python3.8/site-packages/airflow/example_dags/example_short_circuit_decorator.py
[2025-04-30T15:45:32.689+0100] {logging_mixin.py:190} INFO - [2025-04-30T15:45:32.689+0100] {dag.py:3239} INFO - Sync 1 DAGs
[2025-04-30T15:45:32.695+0100] {logging_mixin.py:190} INFO - [2025-04-30T15:45:32.695+0100] {dag.py:4180} INFO - Setting next_dagrun for example_short_circuit_decorator to None, run_after=None
[2025-04-30T15:45:32.706+0100] {processor.py:208} INFO - Processing /Users/dineshsammeta/anaconda3/envs/python38/lib/python3.8/site-packages/airflow/example_dags/example_short_circuit_decorator.py took 0.132 seconds
