[2025-04-30T13:40:32.164+0100] {processor.py:186} INFO - Started process (PID=66684) to work on /Users/dineshsammeta/anaconda3/envs/python38/lib/python3.8/site-packages/airflow/example_dags/example_display_name.py
[2025-04-30T13:40:32.165+0100] {processor.py:914} INFO - Processing file /Users/dineshsammeta/anaconda3/envs/python38/lib/python3.8/site-packages/airflow/example_dags/example_display_name.py for tasks to queue
[2025-04-30T13:40:32.165+0100] {logging_mixin.py:190} INFO - [2025-04-30T13:40:32.165+0100] {dagbag.py:588} INFO - Filling up the DagBag from /Users/dineshsammeta/anaconda3/envs/python38/lib/python3.8/site-packages/airflow/example_dags/example_display_name.py
[2025-04-30T13:40:32.222+0100] {processor.py:925} INFO - DAG(s) 'example_display_name' retrieved from /Users/dineshsammeta/anaconda3/envs/python38/lib/python3.8/site-packages/airflow/example_dags/example_display_name.py
[2025-04-30T13:40:32.279+0100] {logging_mixin.py:190} INFO - [2025-04-30T13:40:32.279+0100] {dag.py:3239} INFO - Sync 1 DAGs
[2025-04-30T13:40:32.285+0100] {logging_mixin.py:190} INFO - [2025-04-30T13:40:32.285+0100] {dag.py:4180} INFO - Setting next_dagrun for example_display_name to None, run_after=None
[2025-04-30T13:40:32.296+0100] {processor.py:208} INFO - Processing /Users/dineshsammeta/anaconda3/envs/python38/lib/python3.8/site-packages/airflow/example_dags/example_display_name.py took 0.134 seconds
[2025-04-30T13:43:30.626+0100] {processor.py:186} INFO - Started process (PID=67092) to work on /Users/dineshsammeta/anaconda3/envs/python38/lib/python3.8/site-packages/airflow/example_dags/example_display_name.py
[2025-04-30T13:43:30.628+0100] {processor.py:914} INFO - Processing file /Users/dineshsammeta/anaconda3/envs/python38/lib/python3.8/site-packages/airflow/example_dags/example_display_name.py for tasks to queue
[2025-04-30T13:43:30.629+0100] {logging_mixin.py:190} INFO - [2025-04-30T13:43:30.629+0100] {dagbag.py:588} INFO - Filling up the DagBag from /Users/dineshsammeta/anaconda3/envs/python38/lib/python3.8/site-packages/airflow/example_dags/example_display_name.py
[2025-04-30T13:43:30.679+0100] {processor.py:925} INFO - DAG(s) 'example_display_name' retrieved from /Users/dineshsammeta/anaconda3/envs/python38/lib/python3.8/site-packages/airflow/example_dags/example_display_name.py
[2025-04-30T13:43:30.737+0100] {logging_mixin.py:190} INFO - [2025-04-30T13:43:30.737+0100] {dag.py:3239} INFO - Sync 1 DAGs
[2025-04-30T13:43:30.743+0100] {logging_mixin.py:190} INFO - [2025-04-30T13:43:30.743+0100] {dag.py:4180} INFO - Setting next_dagrun for example_display_name to None, run_after=None
[2025-04-30T13:43:30.754+0100] {processor.py:208} INFO - Processing /Users/dineshsammeta/anaconda3/envs/python38/lib/python3.8/site-packages/airflow/example_dags/example_display_name.py took 0.129 seconds
[2025-04-30T13:46:27.089+0100] {processor.py:186} INFO - Started process (PID=67425) to work on /Users/dineshsammeta/anaconda3/envs/python38/lib/python3.8/site-packages/airflow/example_dags/example_display_name.py
[2025-04-30T13:46:27.091+0100] {processor.py:914} INFO - Processing file /Users/dineshsammeta/anaconda3/envs/python38/lib/python3.8/site-packages/airflow/example_dags/example_display_name.py for tasks to queue
[2025-04-30T13:46:27.091+0100] {logging_mixin.py:190} INFO - [2025-04-30T13:46:27.091+0100] {dagbag.py:588} INFO - Filling up the DagBag from /Users/dineshsammeta/anaconda3/envs/python38/lib/python3.8/site-packages/airflow/example_dags/example_display_name.py
[2025-04-30T13:46:27.142+0100] {processor.py:925} INFO - DAG(s) 'example_display_name' retrieved from /Users/dineshsammeta/anaconda3/envs/python38/lib/python3.8/site-packages/airflow/example_dags/example_display_name.py
[2025-04-30T13:46:27.199+0100] {logging_mixin.py:190} INFO - [2025-04-30T13:46:27.199+0100] {dag.py:3239} INFO - Sync 1 DAGs
[2025-04-30T13:46:27.205+0100] {logging_mixin.py:190} INFO - [2025-04-30T13:46:27.205+0100] {dag.py:4180} INFO - Setting next_dagrun for example_display_name to None, run_after=None
[2025-04-30T13:46:27.215+0100] {processor.py:208} INFO - Processing /Users/dineshsammeta/anaconda3/envs/python38/lib/python3.8/site-packages/airflow/example_dags/example_display_name.py took 0.128 seconds
[2025-04-30T13:49:29.762+0100] {processor.py:186} INFO - Started process (PID=67787) to work on /Users/dineshsammeta/anaconda3/envs/python38/lib/python3.8/site-packages/airflow/example_dags/example_display_name.py
[2025-04-30T13:49:29.763+0100] {processor.py:914} INFO - Processing file /Users/dineshsammeta/anaconda3/envs/python38/lib/python3.8/site-packages/airflow/example_dags/example_display_name.py for tasks to queue
[2025-04-30T13:49:29.764+0100] {logging_mixin.py:190} INFO - [2025-04-30T13:49:29.764+0100] {dagbag.py:588} INFO - Filling up the DagBag from /Users/dineshsammeta/anaconda3/envs/python38/lib/python3.8/site-packages/airflow/example_dags/example_display_name.py
[2025-04-30T13:49:29.815+0100] {processor.py:925} INFO - DAG(s) 'example_display_name' retrieved from /Users/dineshsammeta/anaconda3/envs/python38/lib/python3.8/site-packages/airflow/example_dags/example_display_name.py
[2025-04-30T13:49:29.873+0100] {logging_mixin.py:190} INFO - [2025-04-30T13:49:29.872+0100] {dag.py:3239} INFO - Sync 1 DAGs
[2025-04-30T13:49:29.879+0100] {logging_mixin.py:190} INFO - [2025-04-30T13:49:29.878+0100] {dag.py:4180} INFO - Setting next_dagrun for example_display_name to None, run_after=None
[2025-04-30T13:49:29.889+0100] {processor.py:208} INFO - Processing /Users/dineshsammeta/anaconda3/envs/python38/lib/python3.8/site-packages/airflow/example_dags/example_display_name.py took 0.129 seconds
[2025-04-30T13:52:36.380+0100] {processor.py:186} INFO - Started process (PID=68125) to work on /Users/dineshsammeta/anaconda3/envs/python38/lib/python3.8/site-packages/airflow/example_dags/example_display_name.py
[2025-04-30T13:52:36.381+0100] {processor.py:914} INFO - Processing file /Users/dineshsammeta/anaconda3/envs/python38/lib/python3.8/site-packages/airflow/example_dags/example_display_name.py for tasks to queue
[2025-04-30T13:52:36.382+0100] {logging_mixin.py:190} INFO - [2025-04-30T13:52:36.381+0100] {dagbag.py:588} INFO - Filling up the DagBag from /Users/dineshsammeta/anaconda3/envs/python38/lib/python3.8/site-packages/airflow/example_dags/example_display_name.py
[2025-04-30T13:52:36.435+0100] {processor.py:925} INFO - DAG(s) 'example_display_name' retrieved from /Users/dineshsammeta/anaconda3/envs/python38/lib/python3.8/site-packages/airflow/example_dags/example_display_name.py
[2025-04-30T13:52:36.492+0100] {logging_mixin.py:190} INFO - [2025-04-30T13:52:36.491+0100] {dag.py:3239} INFO - Sync 1 DAGs
[2025-04-30T13:52:36.498+0100] {logging_mixin.py:190} INFO - [2025-04-30T13:52:36.498+0100] {dag.py:4180} INFO - Setting next_dagrun for example_display_name to None, run_after=None
[2025-04-30T13:52:36.508+0100] {processor.py:208} INFO - Processing /Users/dineshsammeta/anaconda3/envs/python38/lib/python3.8/site-packages/airflow/example_dags/example_display_name.py took 0.131 seconds
[2025-04-30T13:54:44.742+0100] {processor.py:186} INFO - Started process (PID=68382) to work on /Users/dineshsammeta/anaconda3/envs/python38/lib/python3.8/site-packages/airflow/example_dags/example_display_name.py
[2025-04-30T13:54:44.743+0100] {processor.py:914} INFO - Processing file /Users/dineshsammeta/anaconda3/envs/python38/lib/python3.8/site-packages/airflow/example_dags/example_display_name.py for tasks to queue
[2025-04-30T13:54:44.743+0100] {logging_mixin.py:190} INFO - [2025-04-30T13:54:44.743+0100] {dagbag.py:588} INFO - Filling up the DagBag from /Users/dineshsammeta/anaconda3/envs/python38/lib/python3.8/site-packages/airflow/example_dags/example_display_name.py
[2025-04-30T13:54:44.799+0100] {processor.py:925} INFO - DAG(s) 'example_display_name' retrieved from /Users/dineshsammeta/anaconda3/envs/python38/lib/python3.8/site-packages/airflow/example_dags/example_display_name.py
[2025-04-30T13:54:44.855+0100] {logging_mixin.py:190} INFO - [2025-04-30T13:54:44.855+0100] {dag.py:3239} INFO - Sync 1 DAGs
[2025-04-30T13:54:44.861+0100] {logging_mixin.py:190} INFO - [2025-04-30T13:54:44.861+0100] {dag.py:4180} INFO - Setting next_dagrun for example_display_name to None, run_after=None
[2025-04-30T13:54:44.872+0100] {processor.py:208} INFO - Processing /Users/dineshsammeta/anaconda3/envs/python38/lib/python3.8/site-packages/airflow/example_dags/example_display_name.py took 0.132 seconds
[2025-04-30T13:57:47.477+0100] {processor.py:186} INFO - Started process (PID=68695) to work on /Users/dineshsammeta/anaconda3/envs/python38/lib/python3.8/site-packages/airflow/example_dags/example_display_name.py
[2025-04-30T13:57:47.478+0100] {processor.py:914} INFO - Processing file /Users/dineshsammeta/anaconda3/envs/python38/lib/python3.8/site-packages/airflow/example_dags/example_display_name.py for tasks to queue
[2025-04-30T13:57:47.479+0100] {logging_mixin.py:190} INFO - [2025-04-30T13:57:47.478+0100] {dagbag.py:588} INFO - Filling up the DagBag from /Users/dineshsammeta/anaconda3/envs/python38/lib/python3.8/site-packages/airflow/example_dags/example_display_name.py
[2025-04-30T13:57:47.533+0100] {processor.py:925} INFO - DAG(s) 'example_display_name' retrieved from /Users/dineshsammeta/anaconda3/envs/python38/lib/python3.8/site-packages/airflow/example_dags/example_display_name.py
[2025-04-30T13:57:47.592+0100] {logging_mixin.py:190} INFO - [2025-04-30T13:57:47.592+0100] {dag.py:3239} INFO - Sync 1 DAGs
[2025-04-30T13:57:47.598+0100] {logging_mixin.py:190} INFO - [2025-04-30T13:57:47.598+0100] {dag.py:4180} INFO - Setting next_dagrun for example_display_name to None, run_after=None
[2025-04-30T13:57:47.611+0100] {processor.py:208} INFO - Processing /Users/dineshsammeta/anaconda3/envs/python38/lib/python3.8/site-packages/airflow/example_dags/example_display_name.py took 0.136 seconds
[2025-04-30T14:00:44.971+0100] {processor.py:186} INFO - Started process (PID=69019) to work on /Users/dineshsammeta/anaconda3/envs/python38/lib/python3.8/site-packages/airflow/example_dags/example_display_name.py
[2025-04-30T14:00:44.972+0100] {processor.py:914} INFO - Processing file /Users/dineshsammeta/anaconda3/envs/python38/lib/python3.8/site-packages/airflow/example_dags/example_display_name.py for tasks to queue
[2025-04-30T14:00:44.972+0100] {logging_mixin.py:190} INFO - [2025-04-30T14:00:44.972+0100] {dagbag.py:588} INFO - Filling up the DagBag from /Users/dineshsammeta/anaconda3/envs/python38/lib/python3.8/site-packages/airflow/example_dags/example_display_name.py
[2025-04-30T14:00:45.022+0100] {processor.py:925} INFO - DAG(s) 'example_display_name' retrieved from /Users/dineshsammeta/anaconda3/envs/python38/lib/python3.8/site-packages/airflow/example_dags/example_display_name.py
[2025-04-30T14:00:45.079+0100] {logging_mixin.py:190} INFO - [2025-04-30T14:00:45.079+0100] {dag.py:3239} INFO - Sync 1 DAGs
[2025-04-30T14:00:45.085+0100] {logging_mixin.py:190} INFO - [2025-04-30T14:00:45.085+0100] {dag.py:4180} INFO - Setting next_dagrun for example_display_name to None, run_after=None
[2025-04-30T14:00:45.096+0100] {processor.py:208} INFO - Processing /Users/dineshsammeta/anaconda3/envs/python38/lib/python3.8/site-packages/airflow/example_dags/example_display_name.py took 0.127 seconds
[2025-04-30T15:38:08.240+0100] {processor.py:186} INFO - Started process (PID=69417) to work on /Users/dineshsammeta/anaconda3/envs/python38/lib/python3.8/site-packages/airflow/example_dags/example_display_name.py
[2025-04-30T15:38:08.241+0100] {processor.py:914} INFO - Processing file /Users/dineshsammeta/anaconda3/envs/python38/lib/python3.8/site-packages/airflow/example_dags/example_display_name.py for tasks to queue
[2025-04-30T15:38:08.241+0100] {logging_mixin.py:190} INFO - [2025-04-30T15:38:08.241+0100] {dagbag.py:588} INFO - Filling up the DagBag from /Users/dineshsammeta/anaconda3/envs/python38/lib/python3.8/site-packages/airflow/example_dags/example_display_name.py
[2025-04-30T15:38:08.292+0100] {processor.py:925} INFO - DAG(s) 'example_display_name' retrieved from /Users/dineshsammeta/anaconda3/envs/python38/lib/python3.8/site-packages/airflow/example_dags/example_display_name.py
[2025-04-30T15:38:08.349+0100] {logging_mixin.py:190} INFO - [2025-04-30T15:38:08.349+0100] {dag.py:3239} INFO - Sync 1 DAGs
[2025-04-30T15:38:08.355+0100] {logging_mixin.py:190} INFO - [2025-04-30T15:38:08.355+0100] {dag.py:4180} INFO - Setting next_dagrun for example_display_name to None, run_after=None
[2025-04-30T15:38:08.366+0100] {processor.py:208} INFO - Processing /Users/dineshsammeta/anaconda3/envs/python38/lib/python3.8/site-packages/airflow/example_dags/example_display_name.py took 0.129 seconds
[2025-04-30T15:41:30.121+0100] {processor.py:186} INFO - Started process (PID=69789) to work on /Users/dineshsammeta/anaconda3/envs/python38/lib/python3.8/site-packages/airflow/example_dags/example_display_name.py
[2025-04-30T15:41:30.123+0100] {processor.py:914} INFO - Processing file /Users/dineshsammeta/anaconda3/envs/python38/lib/python3.8/site-packages/airflow/example_dags/example_display_name.py for tasks to queue
[2025-04-30T15:41:30.123+0100] {logging_mixin.py:190} INFO - [2025-04-30T15:41:30.123+0100] {dagbag.py:588} INFO - Filling up the DagBag from /Users/dineshsammeta/anaconda3/envs/python38/lib/python3.8/site-packages/airflow/example_dags/example_display_name.py
[2025-04-30T15:41:30.174+0100] {processor.py:925} INFO - DAG(s) 'example_display_name' retrieved from /Users/dineshsammeta/anaconda3/envs/python38/lib/python3.8/site-packages/airflow/example_dags/example_display_name.py
[2025-04-30T15:41:30.230+0100] {logging_mixin.py:190} INFO - [2025-04-30T15:41:30.229+0100] {dag.py:3239} INFO - Sync 1 DAGs
[2025-04-30T15:41:30.235+0100] {logging_mixin.py:190} INFO - [2025-04-30T15:41:30.235+0100] {dag.py:4180} INFO - Setting next_dagrun for example_display_name to None, run_after=None
[2025-04-30T15:41:30.246+0100] {processor.py:208} INFO - Processing /Users/dineshsammeta/anaconda3/envs/python38/lib/python3.8/site-packages/airflow/example_dags/example_display_name.py took 0.127 seconds
[2025-04-30T15:44:39.087+0100] {processor.py:186} INFO - Started process (PID=70111) to work on /Users/dineshsammeta/anaconda3/envs/python38/lib/python3.8/site-packages/airflow/example_dags/example_display_name.py
[2025-04-30T15:44:39.089+0100] {processor.py:914} INFO - Processing file /Users/dineshsammeta/anaconda3/envs/python38/lib/python3.8/site-packages/airflow/example_dags/example_display_name.py for tasks to queue
[2025-04-30T15:44:39.089+0100] {logging_mixin.py:190} INFO - [2025-04-30T15:44:39.089+0100] {dagbag.py:588} INFO - Filling up the DagBag from /Users/dineshsammeta/anaconda3/envs/python38/lib/python3.8/site-packages/airflow/example_dags/example_display_name.py
[2025-04-30T15:44:39.140+0100] {processor.py:925} INFO - DAG(s) 'example_display_name' retrieved from /Users/dineshsammeta/anaconda3/envs/python38/lib/python3.8/site-packages/airflow/example_dags/example_display_name.py
[2025-04-30T15:44:39.196+0100] {logging_mixin.py:190} INFO - [2025-04-30T15:44:39.196+0100] {dag.py:3239} INFO - Sync 1 DAGs
[2025-04-30T15:44:39.202+0100] {logging_mixin.py:190} INFO - [2025-04-30T15:44:39.202+0100] {dag.py:4180} INFO - Setting next_dagrun for example_display_name to None, run_after=None
[2025-04-30T15:44:39.213+0100] {processor.py:208} INFO - Processing /Users/dineshsammeta/anaconda3/envs/python38/lib/python3.8/site-packages/airflow/example_dags/example_display_name.py took 0.128 seconds
