[2025-04-30T13:40:15.235+0100] {processor.py:186} INFO - Started process (PID=66650) to work on /Users/dineshsammeta/anaconda3/envs/python38/lib/python3.8/site-packages/airflow/example_dags/example_latest_only_with_trigger.py
[2025-04-30T13:40:15.236+0100] {processor.py:914} INFO - Processing file /Users/dineshsammeta/anaconda3/envs/python38/lib/python3.8/site-packages/airflow/example_dags/example_latest_only_with_trigger.py for tasks to queue
[2025-04-30T13:40:15.236+0100] {logging_mixin.py:190} INFO - [2025-04-30T13:40:15.236+0100] {dagbag.py:588} INFO - Filling up the DagBag from /Users/dineshsammeta/anaconda3/envs/python38/lib/python3.8/site-packages/airflow/example_dags/example_latest_only_with_trigger.py
[2025-04-30T13:40:15.242+0100] {processor.py:925} INFO - DAG(s) 'latest_only_with_trigger' retrieved from /Users/dineshsammeta/anaconda3/envs/python38/lib/python3.8/site-packages/airflow/example_dags/example_latest_only_with_trigger.py
[2025-04-30T13:40:15.330+0100] {logging_mixin.py:190} INFO - [2025-04-30T13:40:15.330+0100] {dag.py:3239} INFO - Sync 1 DAGs
[2025-04-30T13:40:15.341+0100] {logging_mixin.py:190} INFO - [2025-04-30T13:40:15.341+0100] {dag.py:4180} INFO - Setting next_dagrun for latest_only_with_trigger to 2025-04-30 08:00:00+00:00, run_after=2025-04-30 12:00:00+00:00
[2025-04-30T13:40:15.350+0100] {processor.py:208} INFO - Processing /Users/dineshsammeta/anaconda3/envs/python38/lib/python3.8/site-packages/airflow/example_dags/example_latest_only_with_trigger.py took 0.117 seconds
[2025-04-30T13:42:15.923+0100] {processor.py:186} INFO - Started process (PID=66946) to work on /Users/dineshsammeta/anaconda3/envs/python38/lib/python3.8/site-packages/airflow/example_dags/example_latest_only_with_trigger.py
[2025-04-30T13:42:15.923+0100] {processor.py:914} INFO - Processing file /Users/dineshsammeta/anaconda3/envs/python38/lib/python3.8/site-packages/airflow/example_dags/example_latest_only_with_trigger.py for tasks to queue
[2025-04-30T13:42:15.924+0100] {logging_mixin.py:190} INFO - [2025-04-30T13:42:15.924+0100] {dagbag.py:588} INFO - Filling up the DagBag from /Users/dineshsammeta/anaconda3/envs/python38/lib/python3.8/site-packages/airflow/example_dags/example_latest_only_with_trigger.py
[2025-04-30T13:42:15.930+0100] {processor.py:925} INFO - DAG(s) 'latest_only_with_trigger' retrieved from /Users/dineshsammeta/anaconda3/envs/python38/lib/python3.8/site-packages/airflow/example_dags/example_latest_only_with_trigger.py
[2025-04-30T13:42:16.023+0100] {logging_mixin.py:190} INFO - [2025-04-30T13:42:16.022+0100] {dag.py:3239} INFO - Sync 1 DAGs
[2025-04-30T13:42:16.033+0100] {logging_mixin.py:190} INFO - [2025-04-30T13:42:16.032+0100] {dag.py:4180} INFO - Setting next_dagrun for latest_only_with_trigger to 2025-04-30 08:00:00+00:00, run_after=2025-04-30 12:00:00+00:00
[2025-04-30T13:42:16.043+0100] {processor.py:208} INFO - Processing /Users/dineshsammeta/anaconda3/envs/python38/lib/python3.8/site-packages/airflow/example_dags/example_latest_only_with_trigger.py took 0.122 seconds
[2025-04-30T13:45:14.048+0100] {processor.py:186} INFO - Started process (PID=67282) to work on /Users/dineshsammeta/anaconda3/envs/python38/lib/python3.8/site-packages/airflow/example_dags/example_latest_only_with_trigger.py
[2025-04-30T13:45:14.049+0100] {processor.py:914} INFO - Processing file /Users/dineshsammeta/anaconda3/envs/python38/lib/python3.8/site-packages/airflow/example_dags/example_latest_only_with_trigger.py for tasks to queue
[2025-04-30T13:45:14.050+0100] {logging_mixin.py:190} INFO - [2025-04-30T13:45:14.050+0100] {dagbag.py:588} INFO - Filling up the DagBag from /Users/dineshsammeta/anaconda3/envs/python38/lib/python3.8/site-packages/airflow/example_dags/example_latest_only_with_trigger.py
[2025-04-30T13:45:14.055+0100] {processor.py:925} INFO - DAG(s) 'latest_only_with_trigger' retrieved from /Users/dineshsammeta/anaconda3/envs/python38/lib/python3.8/site-packages/airflow/example_dags/example_latest_only_with_trigger.py
[2025-04-30T13:45:14.144+0100] {logging_mixin.py:190} INFO - [2025-04-30T13:45:14.144+0100] {dag.py:3239} INFO - Sync 1 DAGs
[2025-04-30T13:45:14.154+0100] {logging_mixin.py:190} INFO - [2025-04-30T13:45:14.154+0100] {dag.py:4180} INFO - Setting next_dagrun for latest_only_with_trigger to 2025-04-30 08:00:00+00:00, run_after=2025-04-30 12:00:00+00:00
[2025-04-30T13:45:14.164+0100] {processor.py:208} INFO - Processing /Users/dineshsammeta/anaconda3/envs/python38/lib/python3.8/site-packages/airflow/example_dags/example_latest_only_with_trigger.py took 0.118 seconds
[2025-04-30T13:48:12.667+0100] {processor.py:186} INFO - Started process (PID=67648) to work on /Users/dineshsammeta/anaconda3/envs/python38/lib/python3.8/site-packages/airflow/example_dags/example_latest_only_with_trigger.py
[2025-04-30T13:48:12.668+0100] {processor.py:914} INFO - Processing file /Users/dineshsammeta/anaconda3/envs/python38/lib/python3.8/site-packages/airflow/example_dags/example_latest_only_with_trigger.py for tasks to queue
[2025-04-30T13:48:12.669+0100] {logging_mixin.py:190} INFO - [2025-04-30T13:48:12.669+0100] {dagbag.py:588} INFO - Filling up the DagBag from /Users/dineshsammeta/anaconda3/envs/python38/lib/python3.8/site-packages/airflow/example_dags/example_latest_only_with_trigger.py
[2025-04-30T13:48:12.674+0100] {processor.py:925} INFO - DAG(s) 'latest_only_with_trigger' retrieved from /Users/dineshsammeta/anaconda3/envs/python38/lib/python3.8/site-packages/airflow/example_dags/example_latest_only_with_trigger.py
[2025-04-30T13:48:12.762+0100] {logging_mixin.py:190} INFO - [2025-04-30T13:48:12.762+0100] {dag.py:3239} INFO - Sync 1 DAGs
[2025-04-30T13:48:12.773+0100] {logging_mixin.py:190} INFO - [2025-04-30T13:48:12.773+0100] {dag.py:4180} INFO - Setting next_dagrun for latest_only_with_trigger to 2025-04-30 08:00:00+00:00, run_after=2025-04-30 12:00:00+00:00
[2025-04-30T13:48:12.782+0100] {processor.py:208} INFO - Processing /Users/dineshsammeta/anaconda3/envs/python38/lib/python3.8/site-packages/airflow/example_dags/example_latest_only_with_trigger.py took 0.117 seconds
[2025-04-30T13:51:20.312+0100] {processor.py:186} INFO - Started process (PID=67989) to work on /Users/dineshsammeta/anaconda3/envs/python38/lib/python3.8/site-packages/airflow/example_dags/example_latest_only_with_trigger.py
[2025-04-30T13:51:20.313+0100] {processor.py:914} INFO - Processing file /Users/dineshsammeta/anaconda3/envs/python38/lib/python3.8/site-packages/airflow/example_dags/example_latest_only_with_trigger.py for tasks to queue
[2025-04-30T13:51:20.314+0100] {logging_mixin.py:190} INFO - [2025-04-30T13:51:20.314+0100] {dagbag.py:588} INFO - Filling up the DagBag from /Users/dineshsammeta/anaconda3/envs/python38/lib/python3.8/site-packages/airflow/example_dags/example_latest_only_with_trigger.py
[2025-04-30T13:51:20.320+0100] {processor.py:925} INFO - DAG(s) 'latest_only_with_trigger' retrieved from /Users/dineshsammeta/anaconda3/envs/python38/lib/python3.8/site-packages/airflow/example_dags/example_latest_only_with_trigger.py
[2025-04-30T13:51:20.413+0100] {logging_mixin.py:190} INFO - [2025-04-30T13:51:20.413+0100] {dag.py:3239} INFO - Sync 1 DAGs
[2025-04-30T13:51:20.423+0100] {logging_mixin.py:190} INFO - [2025-04-30T13:51:20.423+0100] {dag.py:4180} INFO - Setting next_dagrun for latest_only_with_trigger to 2025-04-30 08:00:00+00:00, run_after=2025-04-30 12:00:00+00:00
[2025-04-30T13:51:20.432+0100] {processor.py:208} INFO - Processing /Users/dineshsammeta/anaconda3/envs/python38/lib/python3.8/site-packages/airflow/example_dags/example_latest_only_with_trigger.py took 0.122 seconds
[2025-04-30T13:54:29.494+0100] {processor.py:186} INFO - Started process (PID=68348) to work on /Users/dineshsammeta/anaconda3/envs/python38/lib/python3.8/site-packages/airflow/example_dags/example_latest_only_with_trigger.py
[2025-04-30T13:54:29.495+0100] {processor.py:914} INFO - Processing file /Users/dineshsammeta/anaconda3/envs/python38/lib/python3.8/site-packages/airflow/example_dags/example_latest_only_with_trigger.py for tasks to queue
[2025-04-30T13:54:29.495+0100] {logging_mixin.py:190} INFO - [2025-04-30T13:54:29.495+0100] {dagbag.py:588} INFO - Filling up the DagBag from /Users/dineshsammeta/anaconda3/envs/python38/lib/python3.8/site-packages/airflow/example_dags/example_latest_only_with_trigger.py
[2025-04-30T13:54:29.501+0100] {processor.py:925} INFO - DAG(s) 'latest_only_with_trigger' retrieved from /Users/dineshsammeta/anaconda3/envs/python38/lib/python3.8/site-packages/airflow/example_dags/example_latest_only_with_trigger.py
[2025-04-30T13:54:29.590+0100] {logging_mixin.py:190} INFO - [2025-04-30T13:54:29.590+0100] {dag.py:3239} INFO - Sync 1 DAGs
[2025-04-30T13:54:29.600+0100] {logging_mixin.py:190} INFO - [2025-04-30T13:54:29.600+0100] {dag.py:4180} INFO - Setting next_dagrun for latest_only_with_trigger to 2025-04-30 08:00:00+00:00, run_after=2025-04-30 12:00:00+00:00
[2025-04-30T13:54:29.610+0100] {processor.py:208} INFO - Processing /Users/dineshsammeta/anaconda3/envs/python38/lib/python3.8/site-packages/airflow/example_dags/example_latest_only_with_trigger.py took 0.118 seconds
[2025-04-30T13:57:32.798+0100] {processor.py:186} INFO - Started process (PID=68670) to work on /Users/dineshsammeta/anaconda3/envs/python38/lib/python3.8/site-packages/airflow/example_dags/example_latest_only_with_trigger.py
[2025-04-30T13:57:32.799+0100] {processor.py:914} INFO - Processing file /Users/dineshsammeta/anaconda3/envs/python38/lib/python3.8/site-packages/airflow/example_dags/example_latest_only_with_trigger.py for tasks to queue
[2025-04-30T13:57:32.800+0100] {logging_mixin.py:190} INFO - [2025-04-30T13:57:32.800+0100] {dagbag.py:588} INFO - Filling up the DagBag from /Users/dineshsammeta/anaconda3/envs/python38/lib/python3.8/site-packages/airflow/example_dags/example_latest_only_with_trigger.py
[2025-04-30T13:57:32.806+0100] {processor.py:925} INFO - DAG(s) 'latest_only_with_trigger' retrieved from /Users/dineshsammeta/anaconda3/envs/python38/lib/python3.8/site-packages/airflow/example_dags/example_latest_only_with_trigger.py
[2025-04-30T13:57:32.894+0100] {logging_mixin.py:190} INFO - [2025-04-30T13:57:32.894+0100] {dag.py:3239} INFO - Sync 1 DAGs
[2025-04-30T13:57:32.904+0100] {logging_mixin.py:190} INFO - [2025-04-30T13:57:32.904+0100] {dag.py:4180} INFO - Setting next_dagrun for latest_only_with_trigger to 2025-04-30 08:00:00+00:00, run_after=2025-04-30 12:00:00+00:00
[2025-04-30T13:57:32.913+0100] {processor.py:208} INFO - Processing /Users/dineshsammeta/anaconda3/envs/python38/lib/python3.8/site-packages/airflow/example_dags/example_latest_only_with_trigger.py took 0.117 seconds
[2025-04-30T14:00:30.897+0100] {processor.py:186} INFO - Started process (PID=68991) to work on /Users/dineshsammeta/anaconda3/envs/python38/lib/python3.8/site-packages/airflow/example_dags/example_latest_only_with_trigger.py
[2025-04-30T14:00:30.899+0100] {processor.py:914} INFO - Processing file /Users/dineshsammeta/anaconda3/envs/python38/lib/python3.8/site-packages/airflow/example_dags/example_latest_only_with_trigger.py for tasks to queue
[2025-04-30T14:00:30.899+0100] {logging_mixin.py:190} INFO - [2025-04-30T14:00:30.899+0100] {dagbag.py:588} INFO - Filling up the DagBag from /Users/dineshsammeta/anaconda3/envs/python38/lib/python3.8/site-packages/airflow/example_dags/example_latest_only_with_trigger.py
[2025-04-30T14:00:30.905+0100] {processor.py:925} INFO - DAG(s) 'latest_only_with_trigger' retrieved from /Users/dineshsammeta/anaconda3/envs/python38/lib/python3.8/site-packages/airflow/example_dags/example_latest_only_with_trigger.py
[2025-04-30T14:00:30.998+0100] {logging_mixin.py:190} INFO - [2025-04-30T14:00:30.998+0100] {dag.py:3239} INFO - Sync 1 DAGs
[2025-04-30T14:00:31.008+0100] {logging_mixin.py:190} INFO - [2025-04-30T14:00:31.008+0100] {dag.py:4180} INFO - Setting next_dagrun for latest_only_with_trigger to 2025-04-30 08:00:00+00:00, run_after=2025-04-30 12:00:00+00:00
[2025-04-30T14:00:31.017+0100] {processor.py:208} INFO - Processing /Users/dineshsammeta/anaconda3/envs/python38/lib/python3.8/site-packages/airflow/example_dags/example_latest_only_with_trigger.py took 0.122 seconds
[2025-04-30T15:14:25.538+0100] {processor.py:186} INFO - Started process (PID=69360) to work on /Users/dineshsammeta/anaconda3/envs/python38/lib/python3.8/site-packages/airflow/example_dags/example_latest_only_with_trigger.py
[2025-04-30T15:14:25.539+0100] {processor.py:914} INFO - Processing file /Users/dineshsammeta/anaconda3/envs/python38/lib/python3.8/site-packages/airflow/example_dags/example_latest_only_with_trigger.py for tasks to queue
[2025-04-30T15:14:25.540+0100] {logging_mixin.py:190} INFO - [2025-04-30T15:14:25.540+0100] {dagbag.py:588} INFO - Filling up the DagBag from /Users/dineshsammeta/anaconda3/envs/python38/lib/python3.8/site-packages/airflow/example_dags/example_latest_only_with_trigger.py
[2025-04-30T15:14:25.546+0100] {processor.py:925} INFO - DAG(s) 'latest_only_with_trigger' retrieved from /Users/dineshsammeta/anaconda3/envs/python38/lib/python3.8/site-packages/airflow/example_dags/example_latest_only_with_trigger.py
[2025-04-30T15:14:25.634+0100] {logging_mixin.py:190} INFO - [2025-04-30T15:14:25.634+0100] {dag.py:3239} INFO - Sync 1 DAGs
[2025-04-30T15:14:25.644+0100] {logging_mixin.py:190} INFO - [2025-04-30T15:14:25.644+0100] {dag.py:4180} INFO - Setting next_dagrun for latest_only_with_trigger to 2025-04-30 08:00:00+00:00, run_after=2025-04-30 12:00:00+00:00
[2025-04-30T15:14:25.653+0100] {processor.py:208} INFO - Processing /Users/dineshsammeta/anaconda3/envs/python38/lib/python3.8/site-packages/airflow/example_dags/example_latest_only_with_trigger.py took 0.117 seconds
[2025-04-30T15:39:30.946+0100] {processor.py:186} INFO - Started process (PID=69575) to work on /Users/dineshsammeta/anaconda3/envs/python38/lib/python3.8/site-packages/airflow/example_dags/example_latest_only_with_trigger.py
[2025-04-30T15:39:30.947+0100] {processor.py:914} INFO - Processing file /Users/dineshsammeta/anaconda3/envs/python38/lib/python3.8/site-packages/airflow/example_dags/example_latest_only_with_trigger.py for tasks to queue
[2025-04-30T15:39:30.948+0100] {logging_mixin.py:190} INFO - [2025-04-30T15:39:30.948+0100] {dagbag.py:588} INFO - Filling up the DagBag from /Users/dineshsammeta/anaconda3/envs/python38/lib/python3.8/site-packages/airflow/example_dags/example_latest_only_with_trigger.py
[2025-04-30T15:39:30.954+0100] {processor.py:925} INFO - DAG(s) 'latest_only_with_trigger' retrieved from /Users/dineshsammeta/anaconda3/envs/python38/lib/python3.8/site-packages/airflow/example_dags/example_latest_only_with_trigger.py
[2025-04-30T15:39:31.043+0100] {logging_mixin.py:190} INFO - [2025-04-30T15:39:31.043+0100] {dag.py:3239} INFO - Sync 1 DAGs
[2025-04-30T15:39:31.054+0100] {logging_mixin.py:190} INFO - [2025-04-30T15:39:31.054+0100] {dag.py:4180} INFO - Setting next_dagrun for latest_only_with_trigger to 2025-04-30 08:00:00+00:00, run_after=2025-04-30 12:00:00+00:00
[2025-04-30T15:39:31.063+0100] {processor.py:208} INFO - Processing /Users/dineshsammeta/anaconda3/envs/python38/lib/python3.8/site-packages/airflow/example_dags/example_latest_only_with_trigger.py took 0.120 seconds
[2025-04-30T15:41:22.748+0100] {processor.py:186} INFO - Started process (PID=69776) to work on /Users/dineshsammeta/anaconda3/envs/python38/lib/python3.8/site-packages/airflow/example_dags/example_latest_only_with_trigger.py
[2025-04-30T15:41:22.749+0100] {processor.py:914} INFO - Processing file /Users/dineshsammeta/anaconda3/envs/python38/lib/python3.8/site-packages/airflow/example_dags/example_latest_only_with_trigger.py for tasks to queue
[2025-04-30T15:41:22.750+0100] {logging_mixin.py:190} INFO - [2025-04-30T15:41:22.750+0100] {dagbag.py:588} INFO - Filling up the DagBag from /Users/dineshsammeta/anaconda3/envs/python38/lib/python3.8/site-packages/airflow/example_dags/example_latest_only_with_trigger.py
[2025-04-30T15:41:22.755+0100] {processor.py:925} INFO - DAG(s) 'latest_only_with_trigger' retrieved from /Users/dineshsammeta/anaconda3/envs/python38/lib/python3.8/site-packages/airflow/example_dags/example_latest_only_with_trigger.py
[2025-04-30T15:41:22.843+0100] {logging_mixin.py:190} INFO - [2025-04-30T15:41:22.843+0100] {dag.py:3239} INFO - Sync 1 DAGs
[2025-04-30T15:41:22.854+0100] {logging_mixin.py:190} INFO - [2025-04-30T15:41:22.854+0100] {dag.py:4180} INFO - Setting next_dagrun for latest_only_with_trigger to 2025-04-30 08:00:00+00:00, run_after=2025-04-30 12:00:00+00:00
[2025-04-30T15:41:22.864+0100] {processor.py:208} INFO - Processing /Users/dineshsammeta/anaconda3/envs/python38/lib/python3.8/site-packages/airflow/example_dags/example_latest_only_with_trigger.py took 0.118 seconds
[2025-04-30T15:44:29.514+0100] {processor.py:186} INFO - Started process (PID=70090) to work on /Users/dineshsammeta/anaconda3/envs/python38/lib/python3.8/site-packages/airflow/example_dags/example_latest_only_with_trigger.py
[2025-04-30T15:44:29.515+0100] {processor.py:914} INFO - Processing file /Users/dineshsammeta/anaconda3/envs/python38/lib/python3.8/site-packages/airflow/example_dags/example_latest_only_with_trigger.py for tasks to queue
[2025-04-30T15:44:29.516+0100] {logging_mixin.py:190} INFO - [2025-04-30T15:44:29.516+0100] {dagbag.py:588} INFO - Filling up the DagBag from /Users/dineshsammeta/anaconda3/envs/python38/lib/python3.8/site-packages/airflow/example_dags/example_latest_only_with_trigger.py
[2025-04-30T15:44:29.522+0100] {processor.py:925} INFO - DAG(s) 'latest_only_with_trigger' retrieved from /Users/dineshsammeta/anaconda3/envs/python38/lib/python3.8/site-packages/airflow/example_dags/example_latest_only_with_trigger.py
[2025-04-30T15:44:29.616+0100] {logging_mixin.py:190} INFO - [2025-04-30T15:44:29.615+0100] {dag.py:3239} INFO - Sync 1 DAGs
[2025-04-30T15:44:29.626+0100] {logging_mixin.py:190} INFO - [2025-04-30T15:44:29.626+0100] {dag.py:4180} INFO - Setting next_dagrun for latest_only_with_trigger to 2025-04-30 08:00:00+00:00, run_after=2025-04-30 12:00:00+00:00
[2025-04-30T15:44:29.637+0100] {processor.py:208} INFO - Processing /Users/dineshsammeta/anaconda3/envs/python38/lib/python3.8/site-packages/airflow/example_dags/example_latest_only_with_trigger.py took 0.125 seconds
