[2025-04-30T13:40:53.625+0100] {processor.py:186} INFO - Started process (PID=66726) to work on /Users/dineshsammeta/anaconda3/envs/python38/lib/python3.8/site-packages/airflow/example_dags/example_branch_day_of_week_operator.py
[2025-04-30T13:40:53.626+0100] {processor.py:914} INFO - Processing file /Users/dineshsammeta/anaconda3/envs/python38/lib/python3.8/site-packages/airflow/example_dags/example_branch_day_of_week_operator.py for tasks to queue
[2025-04-30T13:40:53.626+0100] {logging_mixin.py:190} INFO - [2025-04-30T13:40:53.626+0100] {dagbag.py:588} INFO - Filling up the DagBag from /Users/dineshsammeta/anaconda3/envs/python38/lib/python3.8/site-packages/airflow/example_dags/example_branch_day_of_week_operator.py
[2025-04-30T13:40:53.634+0100] {processor.py:925} INFO - DAG(s) 'example_weekday_branch_operator' retrieved from /Users/dineshsammeta/anaconda3/envs/python38/lib/python3.8/site-packages/airflow/example_dags/example_branch_day_of_week_operator.py
[2025-04-30T13:40:53.723+0100] {logging_mixin.py:190} INFO - [2025-04-30T13:40:53.722+0100] {dag.py:3239} INFO - Sync 1 DAGs
[2025-04-30T13:40:53.733+0100] {logging_mixin.py:190} INFO - [2025-04-30T13:40:53.733+0100] {dag.py:4180} INFO - Setting next_dagrun for example_weekday_branch_operator to 2025-04-29 00:00:00+00:00, run_after=2025-04-30 00:00:00+00:00
[2025-04-30T13:40:53.743+0100] {processor.py:208} INFO - Processing /Users/dineshsammeta/anaconda3/envs/python38/lib/python3.8/site-packages/airflow/example_dags/example_branch_day_of_week_operator.py took 0.120 seconds
[2025-04-30T13:43:51.487+0100] {processor.py:186} INFO - Started process (PID=67134) to work on /Users/dineshsammeta/anaconda3/envs/python38/lib/python3.8/site-packages/airflow/example_dags/example_branch_day_of_week_operator.py
[2025-04-30T13:43:51.489+0100] {processor.py:914} INFO - Processing file /Users/dineshsammeta/anaconda3/envs/python38/lib/python3.8/site-packages/airflow/example_dags/example_branch_day_of_week_operator.py for tasks to queue
[2025-04-30T13:43:51.490+0100] {logging_mixin.py:190} INFO - [2025-04-30T13:43:51.489+0100] {dagbag.py:588} INFO - Filling up the DagBag from /Users/dineshsammeta/anaconda3/envs/python38/lib/python3.8/site-packages/airflow/example_dags/example_branch_day_of_week_operator.py
[2025-04-30T13:43:51.498+0100] {processor.py:925} INFO - DAG(s) 'example_weekday_branch_operator' retrieved from /Users/dineshsammeta/anaconda3/envs/python38/lib/python3.8/site-packages/airflow/example_dags/example_branch_day_of_week_operator.py
[2025-04-30T13:43:51.587+0100] {logging_mixin.py:190} INFO - [2025-04-30T13:43:51.587+0100] {dag.py:3239} INFO - Sync 1 DAGs
[2025-04-30T13:43:51.597+0100] {logging_mixin.py:190} INFO - [2025-04-30T13:43:51.597+0100] {dag.py:4180} INFO - Setting next_dagrun for example_weekday_branch_operator to 2025-04-29 00:00:00+00:00, run_after=2025-04-30 00:00:00+00:00
[2025-04-30T13:43:51.608+0100] {processor.py:208} INFO - Processing /Users/dineshsammeta/anaconda3/envs/python38/lib/python3.8/site-packages/airflow/example_dags/example_branch_day_of_week_operator.py took 0.124 seconds
[2025-04-30T13:46:48.962+0100] {processor.py:186} INFO - Started process (PID=67472) to work on /Users/dineshsammeta/anaconda3/envs/python38/lib/python3.8/site-packages/airflow/example_dags/example_branch_day_of_week_operator.py
[2025-04-30T13:46:48.963+0100] {processor.py:914} INFO - Processing file /Users/dineshsammeta/anaconda3/envs/python38/lib/python3.8/site-packages/airflow/example_dags/example_branch_day_of_week_operator.py for tasks to queue
[2025-04-30T13:46:48.964+0100] {logging_mixin.py:190} INFO - [2025-04-30T13:46:48.964+0100] {dagbag.py:588} INFO - Filling up the DagBag from /Users/dineshsammeta/anaconda3/envs/python38/lib/python3.8/site-packages/airflow/example_dags/example_branch_day_of_week_operator.py
[2025-04-30T13:46:48.971+0100] {processor.py:925} INFO - DAG(s) 'example_weekday_branch_operator' retrieved from /Users/dineshsammeta/anaconda3/envs/python38/lib/python3.8/site-packages/airflow/example_dags/example_branch_day_of_week_operator.py
[2025-04-30T13:46:49.065+0100] {logging_mixin.py:190} INFO - [2025-04-30T13:46:49.065+0100] {dag.py:3239} INFO - Sync 1 DAGs
[2025-04-30T13:46:49.075+0100] {logging_mixin.py:190} INFO - [2025-04-30T13:46:49.075+0100] {dag.py:4180} INFO - Setting next_dagrun for example_weekday_branch_operator to 2025-04-29 00:00:00+00:00, run_after=2025-04-30 00:00:00+00:00
[2025-04-30T13:46:49.085+0100] {processor.py:208} INFO - Processing /Users/dineshsammeta/anaconda3/envs/python38/lib/python3.8/site-packages/airflow/example_dags/example_branch_day_of_week_operator.py took 0.125 seconds
[2025-04-30T13:49:52.215+0100] {processor.py:186} INFO - Started process (PID=67823) to work on /Users/dineshsammeta/anaconda3/envs/python38/lib/python3.8/site-packages/airflow/example_dags/example_branch_day_of_week_operator.py
[2025-04-30T13:49:52.215+0100] {processor.py:914} INFO - Processing file /Users/dineshsammeta/anaconda3/envs/python38/lib/python3.8/site-packages/airflow/example_dags/example_branch_day_of_week_operator.py for tasks to queue
[2025-04-30T13:49:52.216+0100] {logging_mixin.py:190} INFO - [2025-04-30T13:49:52.216+0100] {dagbag.py:588} INFO - Filling up the DagBag from /Users/dineshsammeta/anaconda3/envs/python38/lib/python3.8/site-packages/airflow/example_dags/example_branch_day_of_week_operator.py
[2025-04-30T13:49:52.223+0100] {processor.py:925} INFO - DAG(s) 'example_weekday_branch_operator' retrieved from /Users/dineshsammeta/anaconda3/envs/python38/lib/python3.8/site-packages/airflow/example_dags/example_branch_day_of_week_operator.py
[2025-04-30T13:49:52.312+0100] {logging_mixin.py:190} INFO - [2025-04-30T13:49:52.312+0100] {dag.py:3239} INFO - Sync 1 DAGs
[2025-04-30T13:49:52.322+0100] {logging_mixin.py:190} INFO - [2025-04-30T13:49:52.322+0100] {dag.py:4180} INFO - Setting next_dagrun for example_weekday_branch_operator to 2025-04-29 00:00:00+00:00, run_after=2025-04-30 00:00:00+00:00
[2025-04-30T13:49:52.332+0100] {processor.py:208} INFO - Processing /Users/dineshsammeta/anaconda3/envs/python38/lib/python3.8/site-packages/airflow/example_dags/example_branch_day_of_week_operator.py took 0.119 seconds
[2025-04-30T13:52:57.194+0100] {processor.py:186} INFO - Started process (PID=68172) to work on /Users/dineshsammeta/anaconda3/envs/python38/lib/python3.8/site-packages/airflow/example_dags/example_branch_day_of_week_operator.py
[2025-04-30T13:52:57.195+0100] {processor.py:914} INFO - Processing file /Users/dineshsammeta/anaconda3/envs/python38/lib/python3.8/site-packages/airflow/example_dags/example_branch_day_of_week_operator.py for tasks to queue
[2025-04-30T13:52:57.196+0100] {logging_mixin.py:190} INFO - [2025-04-30T13:52:57.196+0100] {dagbag.py:588} INFO - Filling up the DagBag from /Users/dineshsammeta/anaconda3/envs/python38/lib/python3.8/site-packages/airflow/example_dags/example_branch_day_of_week_operator.py
[2025-04-30T13:52:57.203+0100] {processor.py:925} INFO - DAG(s) 'example_weekday_branch_operator' retrieved from /Users/dineshsammeta/anaconda3/envs/python38/lib/python3.8/site-packages/airflow/example_dags/example_branch_day_of_week_operator.py
[2025-04-30T13:52:57.291+0100] {logging_mixin.py:190} INFO - [2025-04-30T13:52:57.291+0100] {dag.py:3239} INFO - Sync 1 DAGs
[2025-04-30T13:52:57.301+0100] {logging_mixin.py:190} INFO - [2025-04-30T13:52:57.301+0100] {dag.py:4180} INFO - Setting next_dagrun for example_weekday_branch_operator to 2025-04-29 00:00:00+00:00, run_after=2025-04-30 00:00:00+00:00
[2025-04-30T13:52:57.311+0100] {processor.py:208} INFO - Processing /Users/dineshsammeta/anaconda3/envs/python38/lib/python3.8/site-packages/airflow/example_dags/example_branch_day_of_week_operator.py took 0.119 seconds
[2025-04-30T13:56:13.222+0100] {processor.py:186} INFO - Started process (PID=68533) to work on /Users/dineshsammeta/anaconda3/envs/python38/lib/python3.8/site-packages/airflow/example_dags/example_branch_day_of_week_operator.py
[2025-04-30T13:56:13.223+0100] {processor.py:914} INFO - Processing file /Users/dineshsammeta/anaconda3/envs/python38/lib/python3.8/site-packages/airflow/example_dags/example_branch_day_of_week_operator.py for tasks to queue
[2025-04-30T13:56:13.224+0100] {logging_mixin.py:190} INFO - [2025-04-30T13:56:13.224+0100] {dagbag.py:588} INFO - Filling up the DagBag from /Users/dineshsammeta/anaconda3/envs/python38/lib/python3.8/site-packages/airflow/example_dags/example_branch_day_of_week_operator.py
[2025-04-30T13:56:13.231+0100] {processor.py:925} INFO - DAG(s) 'example_weekday_branch_operator' retrieved from /Users/dineshsammeta/anaconda3/envs/python38/lib/python3.8/site-packages/airflow/example_dags/example_branch_day_of_week_operator.py
[2025-04-30T13:56:13.321+0100] {logging_mixin.py:190} INFO - [2025-04-30T13:56:13.321+0100] {dag.py:3239} INFO - Sync 1 DAGs
[2025-04-30T13:56:13.331+0100] {logging_mixin.py:190} INFO - [2025-04-30T13:56:13.331+0100] {dag.py:4180} INFO - Setting next_dagrun for example_weekday_branch_operator to 2025-04-29 00:00:00+00:00, run_after=2025-04-30 00:00:00+00:00
[2025-04-30T13:56:13.341+0100] {processor.py:208} INFO - Processing /Users/dineshsammeta/anaconda3/envs/python38/lib/python3.8/site-packages/airflow/example_dags/example_branch_day_of_week_operator.py took 0.121 seconds
[2025-04-30T13:59:13.246+0100] {processor.py:186} INFO - Started process (PID=68850) to work on /Users/dineshsammeta/anaconda3/envs/python38/lib/python3.8/site-packages/airflow/example_dags/example_branch_day_of_week_operator.py
[2025-04-30T13:59:13.247+0100] {processor.py:914} INFO - Processing file /Users/dineshsammeta/anaconda3/envs/python38/lib/python3.8/site-packages/airflow/example_dags/example_branch_day_of_week_operator.py for tasks to queue
[2025-04-30T13:59:13.248+0100] {logging_mixin.py:190} INFO - [2025-04-30T13:59:13.248+0100] {dagbag.py:588} INFO - Filling up the DagBag from /Users/dineshsammeta/anaconda3/envs/python38/lib/python3.8/site-packages/airflow/example_dags/example_branch_day_of_week_operator.py
[2025-04-30T13:59:13.255+0100] {processor.py:925} INFO - DAG(s) 'example_weekday_branch_operator' retrieved from /Users/dineshsammeta/anaconda3/envs/python38/lib/python3.8/site-packages/airflow/example_dags/example_branch_day_of_week_operator.py
[2025-04-30T13:59:13.343+0100] {logging_mixin.py:190} INFO - [2025-04-30T13:59:13.343+0100] {dag.py:3239} INFO - Sync 1 DAGs
[2025-04-30T13:59:13.354+0100] {logging_mixin.py:190} INFO - [2025-04-30T13:59:13.354+0100] {dag.py:4180} INFO - Setting next_dagrun for example_weekday_branch_operator to 2025-04-29 00:00:00+00:00, run_after=2025-04-30 00:00:00+00:00
[2025-04-30T13:59:13.364+0100] {processor.py:208} INFO - Processing /Users/dineshsammeta/anaconda3/envs/python38/lib/python3.8/site-packages/airflow/example_dags/example_branch_day_of_week_operator.py took 0.119 seconds
[2025-04-30T14:02:12.526+0100] {processor.py:186} INFO - Started process (PID=69176) to work on /Users/dineshsammeta/anaconda3/envs/python38/lib/python3.8/site-packages/airflow/example_dags/example_branch_day_of_week_operator.py
[2025-04-30T14:02:12.527+0100] {processor.py:914} INFO - Processing file /Users/dineshsammeta/anaconda3/envs/python38/lib/python3.8/site-packages/airflow/example_dags/example_branch_day_of_week_operator.py for tasks to queue
[2025-04-30T14:02:12.527+0100] {logging_mixin.py:190} INFO - [2025-04-30T14:02:12.527+0100] {dagbag.py:588} INFO - Filling up the DagBag from /Users/dineshsammeta/anaconda3/envs/python38/lib/python3.8/site-packages/airflow/example_dags/example_branch_day_of_week_operator.py
[2025-04-30T14:02:12.535+0100] {processor.py:925} INFO - DAG(s) 'example_weekday_branch_operator' retrieved from /Users/dineshsammeta/anaconda3/envs/python38/lib/python3.8/site-packages/airflow/example_dags/example_branch_day_of_week_operator.py
[2025-04-30T14:02:12.626+0100] {logging_mixin.py:190} INFO - [2025-04-30T14:02:12.626+0100] {dag.py:3239} INFO - Sync 1 DAGs
[2025-04-30T14:02:12.637+0100] {logging_mixin.py:190} INFO - [2025-04-30T14:02:12.636+0100] {dag.py:4180} INFO - Setting next_dagrun for example_weekday_branch_operator to 2025-04-29 00:00:00+00:00, run_after=2025-04-30 00:00:00+00:00
[2025-04-30T14:02:12.647+0100] {processor.py:208} INFO - Processing /Users/dineshsammeta/anaconda3/envs/python38/lib/python3.8/site-packages/airflow/example_dags/example_branch_day_of_week_operator.py took 0.123 seconds
[2025-04-30T15:39:58.324+0100] {processor.py:186} INFO - Started process (PID=69629) to work on /Users/dineshsammeta/anaconda3/envs/python38/lib/python3.8/site-packages/airflow/example_dags/example_branch_day_of_week_operator.py
[2025-04-30T15:39:58.325+0100] {processor.py:914} INFO - Processing file /Users/dineshsammeta/anaconda3/envs/python38/lib/python3.8/site-packages/airflow/example_dags/example_branch_day_of_week_operator.py for tasks to queue
[2025-04-30T15:39:58.325+0100] {logging_mixin.py:190} INFO - [2025-04-30T15:39:58.325+0100] {dagbag.py:588} INFO - Filling up the DagBag from /Users/dineshsammeta/anaconda3/envs/python38/lib/python3.8/site-packages/airflow/example_dags/example_branch_day_of_week_operator.py
[2025-04-30T15:39:58.333+0100] {processor.py:925} INFO - DAG(s) 'example_weekday_branch_operator' retrieved from /Users/dineshsammeta/anaconda3/envs/python38/lib/python3.8/site-packages/airflow/example_dags/example_branch_day_of_week_operator.py
[2025-04-30T15:39:58.422+0100] {logging_mixin.py:190} INFO - [2025-04-30T15:39:58.422+0100] {dag.py:3239} INFO - Sync 1 DAGs
[2025-04-30T15:39:58.433+0100] {logging_mixin.py:190} INFO - [2025-04-30T15:39:58.432+0100] {dag.py:4180} INFO - Setting next_dagrun for example_weekday_branch_operator to 2025-04-29 00:00:00+00:00, run_after=2025-04-30 00:00:00+00:00
[2025-04-30T15:39:58.442+0100] {processor.py:208} INFO - Processing /Users/dineshsammeta/anaconda3/envs/python38/lib/python3.8/site-packages/airflow/example_dags/example_branch_day_of_week_operator.py took 0.121 seconds
[2025-04-30T15:42:55.827+0100] {processor.py:186} INFO - Started process (PID=69945) to work on /Users/dineshsammeta/anaconda3/envs/python38/lib/python3.8/site-packages/airflow/example_dags/example_branch_day_of_week_operator.py
[2025-04-30T15:42:55.828+0100] {processor.py:914} INFO - Processing file /Users/dineshsammeta/anaconda3/envs/python38/lib/python3.8/site-packages/airflow/example_dags/example_branch_day_of_week_operator.py for tasks to queue
[2025-04-30T15:42:55.829+0100] {logging_mixin.py:190} INFO - [2025-04-30T15:42:55.829+0100] {dagbag.py:588} INFO - Filling up the DagBag from /Users/dineshsammeta/anaconda3/envs/python38/lib/python3.8/site-packages/airflow/example_dags/example_branch_day_of_week_operator.py
[2025-04-30T15:42:55.842+0100] {processor.py:925} INFO - DAG(s) 'example_weekday_branch_operator' retrieved from /Users/dineshsammeta/anaconda3/envs/python38/lib/python3.8/site-packages/airflow/example_dags/example_branch_day_of_week_operator.py
[2025-04-30T15:42:55.997+0100] {logging_mixin.py:190} INFO - [2025-04-30T15:42:55.996+0100] {dag.py:3239} INFO - Sync 1 DAGs
[2025-04-30T15:42:56.015+0100] {logging_mixin.py:190} INFO - [2025-04-30T15:42:56.014+0100] {dag.py:4180} INFO - Setting next_dagrun for example_weekday_branch_operator to 2025-04-29 00:00:00+00:00, run_after=2025-04-30 00:00:00+00:00
[2025-04-30T15:42:56.033+0100] {processor.py:208} INFO - Processing /Users/dineshsammeta/anaconda3/envs/python38/lib/python3.8/site-packages/airflow/example_dags/example_branch_day_of_week_operator.py took 0.210 seconds
[2025-04-30T15:46:14.498+0100] {processor.py:186} INFO - Started process (PID=70270) to work on /Users/dineshsammeta/anaconda3/envs/python38/lib/python3.8/site-packages/airflow/example_dags/example_branch_day_of_week_operator.py
[2025-04-30T15:46:14.498+0100] {processor.py:914} INFO - Processing file /Users/dineshsammeta/anaconda3/envs/python38/lib/python3.8/site-packages/airflow/example_dags/example_branch_day_of_week_operator.py for tasks to queue
[2025-04-30T15:46:14.499+0100] {logging_mixin.py:190} INFO - [2025-04-30T15:46:14.499+0100] {dagbag.py:588} INFO - Filling up the DagBag from /Users/dineshsammeta/anaconda3/envs/python38/lib/python3.8/site-packages/airflow/example_dags/example_branch_day_of_week_operator.py
[2025-04-30T15:46:14.506+0100] {processor.py:925} INFO - DAG(s) 'example_weekday_branch_operator' retrieved from /Users/dineshsammeta/anaconda3/envs/python38/lib/python3.8/site-packages/airflow/example_dags/example_branch_day_of_week_operator.py
[2025-04-30T15:46:14.596+0100] {logging_mixin.py:190} INFO - [2025-04-30T15:46:14.596+0100] {dag.py:3239} INFO - Sync 1 DAGs
[2025-04-30T15:46:14.606+0100] {logging_mixin.py:190} INFO - [2025-04-30T15:46:14.606+0100] {dag.py:4180} INFO - Setting next_dagrun for example_weekday_branch_operator to 2025-04-29 00:00:00+00:00, run_after=2025-04-30 00:00:00+00:00
[2025-04-30T15:46:14.616+0100] {processor.py:208} INFO - Processing /Users/dineshsammeta/anaconda3/envs/python38/lib/python3.8/site-packages/airflow/example_dags/example_branch_day_of_week_operator.py took 0.121 seconds
