[2025-04-30T13:40:57.608+0100] {processor.py:186} INFO - Started process (PID=66734) to work on /Users/dineshsammeta/anaconda3/envs/python38/lib/python3.8/site-packages/airflow/example_dags/example_bash_operator.py
[2025-04-30T13:40:57.608+0100] {processor.py:914} INFO - Processing file /Users/dineshsammeta/anaconda3/envs/python38/lib/python3.8/site-packages/airflow/example_dags/example_bash_operator.py for tasks to queue
[2025-04-30T13:40:57.609+0100] {logging_mixin.py:190} INFO - [2025-04-30T13:40:57.609+0100] {dagbag.py:588} INFO - Filling up the DagBag from /Users/dineshsammeta/anaconda3/envs/python38/lib/python3.8/site-packages/airflow/example_dags/example_bash_operator.py
[2025-04-30T13:40:57.648+0100] {processor.py:925} INFO - DAG(s) 'example_bash_operator' retrieved from /Users/dineshsammeta/anaconda3/envs/python38/lib/python3.8/site-packages/airflow/example_dags/example_bash_operator.py
[2025-04-30T13:40:57.712+0100] {logging_mixin.py:190} INFO - [2025-04-30T13:40:57.712+0100] {dag.py:3239} INFO - Sync 1 DAGs
[2025-04-30T13:40:57.723+0100] {logging_mixin.py:190} INFO - [2025-04-30T13:40:57.723+0100] {dag.py:4180} INFO - Setting next_dagrun for example_bash_operator to 2025-04-29 00:00:00+00:00, run_after=2025-04-30 00:00:00+00:00
[2025-04-30T13:40:57.733+0100] {processor.py:208} INFO - Processing /Users/dineshsammeta/anaconda3/envs/python38/lib/python3.8/site-packages/airflow/example_dags/example_bash_operator.py took 0.128 seconds
[2025-04-30T13:43:54.558+0100] {processor.py:186} INFO - Started process (PID=67140) to work on /Users/dineshsammeta/anaconda3/envs/python38/lib/python3.8/site-packages/airflow/example_dags/example_bash_operator.py
[2025-04-30T13:43:54.559+0100] {processor.py:914} INFO - Processing file /Users/dineshsammeta/anaconda3/envs/python38/lib/python3.8/site-packages/airflow/example_dags/example_bash_operator.py for tasks to queue
[2025-04-30T13:43:54.559+0100] {logging_mixin.py:190} INFO - [2025-04-30T13:43:54.559+0100] {dagbag.py:588} INFO - Filling up the DagBag from /Users/dineshsammeta/anaconda3/envs/python38/lib/python3.8/site-packages/airflow/example_dags/example_bash_operator.py
[2025-04-30T13:43:54.597+0100] {processor.py:925} INFO - DAG(s) 'example_bash_operator' retrieved from /Users/dineshsammeta/anaconda3/envs/python38/lib/python3.8/site-packages/airflow/example_dags/example_bash_operator.py
[2025-04-30T13:43:54.660+0100] {logging_mixin.py:190} INFO - [2025-04-30T13:43:54.660+0100] {dag.py:3239} INFO - Sync 1 DAGs
[2025-04-30T13:43:54.671+0100] {logging_mixin.py:190} INFO - [2025-04-30T13:43:54.671+0100] {dag.py:4180} INFO - Setting next_dagrun for example_bash_operator to 2025-04-29 00:00:00+00:00, run_after=2025-04-30 00:00:00+00:00
[2025-04-30T13:43:54.682+0100] {processor.py:208} INFO - Processing /Users/dineshsammeta/anaconda3/envs/python38/lib/python3.8/site-packages/airflow/example_dags/example_bash_operator.py took 0.126 seconds
[2025-04-30T13:46:53.629+0100] {processor.py:186} INFO - Started process (PID=67489) to work on /Users/dineshsammeta/anaconda3/envs/python38/lib/python3.8/site-packages/airflow/example_dags/example_bash_operator.py
[2025-04-30T13:46:53.630+0100] {processor.py:914} INFO - Processing file /Users/dineshsammeta/anaconda3/envs/python38/lib/python3.8/site-packages/airflow/example_dags/example_bash_operator.py for tasks to queue
[2025-04-30T13:46:53.630+0100] {logging_mixin.py:190} INFO - [2025-04-30T13:46:53.630+0100] {dagbag.py:588} INFO - Filling up the DagBag from /Users/dineshsammeta/anaconda3/envs/python38/lib/python3.8/site-packages/airflow/example_dags/example_bash_operator.py
[2025-04-30T13:46:53.669+0100] {processor.py:925} INFO - DAG(s) 'example_bash_operator' retrieved from /Users/dineshsammeta/anaconda3/envs/python38/lib/python3.8/site-packages/airflow/example_dags/example_bash_operator.py
[2025-04-30T13:46:53.732+0100] {logging_mixin.py:190} INFO - [2025-04-30T13:46:53.732+0100] {dag.py:3239} INFO - Sync 1 DAGs
[2025-04-30T13:46:53.743+0100] {logging_mixin.py:190} INFO - [2025-04-30T13:46:53.743+0100] {dag.py:4180} INFO - Setting next_dagrun for example_bash_operator to 2025-04-29 00:00:00+00:00, run_after=2025-04-30 00:00:00+00:00
[2025-04-30T13:46:53.753+0100] {processor.py:208} INFO - Processing /Users/dineshsammeta/anaconda3/envs/python38/lib/python3.8/site-packages/airflow/example_dags/example_bash_operator.py took 0.126 seconds
[2025-04-30T13:49:56.909+0100] {processor.py:186} INFO - Started process (PID=67830) to work on /Users/dineshsammeta/anaconda3/envs/python38/lib/python3.8/site-packages/airflow/example_dags/example_bash_operator.py
[2025-04-30T13:49:56.910+0100] {processor.py:914} INFO - Processing file /Users/dineshsammeta/anaconda3/envs/python38/lib/python3.8/site-packages/airflow/example_dags/example_bash_operator.py for tasks to queue
[2025-04-30T13:49:56.911+0100] {logging_mixin.py:190} INFO - [2025-04-30T13:49:56.910+0100] {dagbag.py:588} INFO - Filling up the DagBag from /Users/dineshsammeta/anaconda3/envs/python38/lib/python3.8/site-packages/airflow/example_dags/example_bash_operator.py
[2025-04-30T13:49:56.951+0100] {processor.py:925} INFO - DAG(s) 'example_bash_operator' retrieved from /Users/dineshsammeta/anaconda3/envs/python38/lib/python3.8/site-packages/airflow/example_dags/example_bash_operator.py
[2025-04-30T13:49:57.019+0100] {logging_mixin.py:190} INFO - [2025-04-30T13:49:57.019+0100] {dag.py:3239} INFO - Sync 1 DAGs
[2025-04-30T13:49:57.030+0100] {logging_mixin.py:190} INFO - [2025-04-30T13:49:57.030+0100] {dag.py:4180} INFO - Setting next_dagrun for example_bash_operator to 2025-04-29 00:00:00+00:00, run_after=2025-04-30 00:00:00+00:00
[2025-04-30T13:49:57.042+0100] {processor.py:208} INFO - Processing /Users/dineshsammeta/anaconda3/envs/python38/lib/python3.8/site-packages/airflow/example_dags/example_bash_operator.py took 0.135 seconds
[2025-04-30T13:53:01.824+0100] {processor.py:186} INFO - Started process (PID=68178) to work on /Users/dineshsammeta/anaconda3/envs/python38/lib/python3.8/site-packages/airflow/example_dags/example_bash_operator.py
[2025-04-30T13:53:01.825+0100] {processor.py:914} INFO - Processing file /Users/dineshsammeta/anaconda3/envs/python38/lib/python3.8/site-packages/airflow/example_dags/example_bash_operator.py for tasks to queue
[2025-04-30T13:53:01.826+0100] {logging_mixin.py:190} INFO - [2025-04-30T13:53:01.826+0100] {dagbag.py:588} INFO - Filling up the DagBag from /Users/dineshsammeta/anaconda3/envs/python38/lib/python3.8/site-packages/airflow/example_dags/example_bash_operator.py
[2025-04-30T13:53:01.865+0100] {processor.py:925} INFO - DAG(s) 'example_bash_operator' retrieved from /Users/dineshsammeta/anaconda3/envs/python38/lib/python3.8/site-packages/airflow/example_dags/example_bash_operator.py
[2025-04-30T13:53:01.928+0100] {logging_mixin.py:190} INFO - [2025-04-30T13:53:01.928+0100] {dag.py:3239} INFO - Sync 1 DAGs
[2025-04-30T13:53:01.939+0100] {logging_mixin.py:190} INFO - [2025-04-30T13:53:01.939+0100] {dag.py:4180} INFO - Setting next_dagrun for example_bash_operator to 2025-04-29 00:00:00+00:00, run_after=2025-04-30 00:00:00+00:00
[2025-04-30T13:53:01.949+0100] {processor.py:208} INFO - Processing /Users/dineshsammeta/anaconda3/envs/python38/lib/python3.8/site-packages/airflow/example_dags/example_bash_operator.py took 0.127 seconds
[2025-04-30T13:56:17.864+0100] {processor.py:186} INFO - Started process (PID=68540) to work on /Users/dineshsammeta/anaconda3/envs/python38/lib/python3.8/site-packages/airflow/example_dags/example_bash_operator.py
[2025-04-30T13:56:17.865+0100] {processor.py:914} INFO - Processing file /Users/dineshsammeta/anaconda3/envs/python38/lib/python3.8/site-packages/airflow/example_dags/example_bash_operator.py for tasks to queue
[2025-04-30T13:56:17.865+0100] {logging_mixin.py:190} INFO - [2025-04-30T13:56:17.865+0100] {dagbag.py:588} INFO - Filling up the DagBag from /Users/dineshsammeta/anaconda3/envs/python38/lib/python3.8/site-packages/airflow/example_dags/example_bash_operator.py
[2025-04-30T13:56:17.904+0100] {processor.py:925} INFO - DAG(s) 'example_bash_operator' retrieved from /Users/dineshsammeta/anaconda3/envs/python38/lib/python3.8/site-packages/airflow/example_dags/example_bash_operator.py
[2025-04-30T13:56:17.970+0100] {logging_mixin.py:190} INFO - [2025-04-30T13:56:17.969+0100] {dag.py:3239} INFO - Sync 1 DAGs
[2025-04-30T13:56:17.981+0100] {logging_mixin.py:190} INFO - [2025-04-30T13:56:17.981+0100] {dag.py:4180} INFO - Setting next_dagrun for example_bash_operator to 2025-04-29 00:00:00+00:00, run_after=2025-04-30 00:00:00+00:00
[2025-04-30T13:56:17.991+0100] {processor.py:208} INFO - Processing /Users/dineshsammeta/anaconda3/envs/python38/lib/python3.8/site-packages/airflow/example_dags/example_bash_operator.py took 0.129 seconds
[2025-04-30T13:59:17.253+0100] {processor.py:186} INFO - Started process (PID=68859) to work on /Users/dineshsammeta/anaconda3/envs/python38/lib/python3.8/site-packages/airflow/example_dags/example_bash_operator.py
[2025-04-30T13:59:17.254+0100] {processor.py:914} INFO - Processing file /Users/dineshsammeta/anaconda3/envs/python38/lib/python3.8/site-packages/airflow/example_dags/example_bash_operator.py for tasks to queue
[2025-04-30T13:59:17.255+0100] {logging_mixin.py:190} INFO - [2025-04-30T13:59:17.255+0100] {dagbag.py:588} INFO - Filling up the DagBag from /Users/dineshsammeta/anaconda3/envs/python38/lib/python3.8/site-packages/airflow/example_dags/example_bash_operator.py
[2025-04-30T13:59:17.296+0100] {processor.py:925} INFO - DAG(s) 'example_bash_operator' retrieved from /Users/dineshsammeta/anaconda3/envs/python38/lib/python3.8/site-packages/airflow/example_dags/example_bash_operator.py
[2025-04-30T13:59:17.360+0100] {logging_mixin.py:190} INFO - [2025-04-30T13:59:17.359+0100] {dag.py:3239} INFO - Sync 1 DAGs
[2025-04-30T13:59:17.370+0100] {logging_mixin.py:190} INFO - [2025-04-30T13:59:17.370+0100] {dag.py:4180} INFO - Setting next_dagrun for example_bash_operator to 2025-04-29 00:00:00+00:00, run_after=2025-04-30 00:00:00+00:00
[2025-04-30T13:59:17.379+0100] {processor.py:208} INFO - Processing /Users/dineshsammeta/anaconda3/envs/python38/lib/python3.8/site-packages/airflow/example_dags/example_bash_operator.py took 0.128 seconds
[2025-04-30T14:02:16.807+0100] {processor.py:186} INFO - Started process (PID=69186) to work on /Users/dineshsammeta/anaconda3/envs/python38/lib/python3.8/site-packages/airflow/example_dags/example_bash_operator.py
[2025-04-30T14:02:16.808+0100] {processor.py:914} INFO - Processing file /Users/dineshsammeta/anaconda3/envs/python38/lib/python3.8/site-packages/airflow/example_dags/example_bash_operator.py for tasks to queue
[2025-04-30T14:02:16.809+0100] {logging_mixin.py:190} INFO - [2025-04-30T14:02:16.809+0100] {dagbag.py:588} INFO - Filling up the DagBag from /Users/dineshsammeta/anaconda3/envs/python38/lib/python3.8/site-packages/airflow/example_dags/example_bash_operator.py
[2025-04-30T14:02:16.846+0100] {processor.py:925} INFO - DAG(s) 'example_bash_operator' retrieved from /Users/dineshsammeta/anaconda3/envs/python38/lib/python3.8/site-packages/airflow/example_dags/example_bash_operator.py
[2025-04-30T14:02:16.910+0100] {logging_mixin.py:190} INFO - [2025-04-30T14:02:16.909+0100] {dag.py:3239} INFO - Sync 1 DAGs
[2025-04-30T14:02:16.920+0100] {logging_mixin.py:190} INFO - [2025-04-30T14:02:16.920+0100] {dag.py:4180} INFO - Setting next_dagrun for example_bash_operator to 2025-04-29 00:00:00+00:00, run_after=2025-04-30 00:00:00+00:00
[2025-04-30T14:02:16.930+0100] {processor.py:208} INFO - Processing /Users/dineshsammeta/anaconda3/envs/python38/lib/python3.8/site-packages/airflow/example_dags/example_bash_operator.py took 0.125 seconds
[2025-04-30T15:40:02.980+0100] {processor.py:186} INFO - Started process (PID=69643) to work on /Users/dineshsammeta/anaconda3/envs/python38/lib/python3.8/site-packages/airflow/example_dags/example_bash_operator.py
[2025-04-30T15:40:02.981+0100] {processor.py:914} INFO - Processing file /Users/dineshsammeta/anaconda3/envs/python38/lib/python3.8/site-packages/airflow/example_dags/example_bash_operator.py for tasks to queue
[2025-04-30T15:40:02.982+0100] {logging_mixin.py:190} INFO - [2025-04-30T15:40:02.982+0100] {dagbag.py:588} INFO - Filling up the DagBag from /Users/dineshsammeta/anaconda3/envs/python38/lib/python3.8/site-packages/airflow/example_dags/example_bash_operator.py
[2025-04-30T15:40:03.024+0100] {processor.py:925} INFO - DAG(s) 'example_bash_operator' retrieved from /Users/dineshsammeta/anaconda3/envs/python38/lib/python3.8/site-packages/airflow/example_dags/example_bash_operator.py
[2025-04-30T15:40:03.089+0100] {logging_mixin.py:190} INFO - [2025-04-30T15:40:03.088+0100] {dag.py:3239} INFO - Sync 1 DAGs
[2025-04-30T15:40:03.100+0100] {logging_mixin.py:190} INFO - [2025-04-30T15:40:03.099+0100] {dag.py:4180} INFO - Setting next_dagrun for example_bash_operator to 2025-04-29 00:00:00+00:00, run_after=2025-04-30 00:00:00+00:00
[2025-04-30T15:40:03.109+0100] {processor.py:208} INFO - Processing /Users/dineshsammeta/anaconda3/envs/python38/lib/python3.8/site-packages/airflow/example_dags/example_bash_operator.py took 0.132 seconds
[2025-04-30T15:43:00.794+0100] {processor.py:186} INFO - Started process (PID=69952) to work on /Users/dineshsammeta/anaconda3/envs/python38/lib/python3.8/site-packages/airflow/example_dags/example_bash_operator.py
[2025-04-30T15:43:00.795+0100] {processor.py:914} INFO - Processing file /Users/dineshsammeta/anaconda3/envs/python38/lib/python3.8/site-packages/airflow/example_dags/example_bash_operator.py for tasks to queue
[2025-04-30T15:43:00.796+0100] {logging_mixin.py:190} INFO - [2025-04-30T15:43:00.796+0100] {dagbag.py:588} INFO - Filling up the DagBag from /Users/dineshsammeta/anaconda3/envs/python38/lib/python3.8/site-packages/airflow/example_dags/example_bash_operator.py
[2025-04-30T15:43:00.840+0100] {processor.py:925} INFO - DAG(s) 'example_bash_operator' retrieved from /Users/dineshsammeta/anaconda3/envs/python38/lib/python3.8/site-packages/airflow/example_dags/example_bash_operator.py
[2025-04-30T15:43:00.909+0100] {logging_mixin.py:190} INFO - [2025-04-30T15:43:00.908+0100] {dag.py:3239} INFO - Sync 1 DAGs
[2025-04-30T15:43:00.920+0100] {logging_mixin.py:190} INFO - [2025-04-30T15:43:00.920+0100] {dag.py:4180} INFO - Setting next_dagrun for example_bash_operator to 2025-04-29 00:00:00+00:00, run_after=2025-04-30 00:00:00+00:00
[2025-04-30T15:43:00.932+0100] {processor.py:208} INFO - Processing /Users/dineshsammeta/anaconda3/envs/python38/lib/python3.8/site-packages/airflow/example_dags/example_bash_operator.py took 0.140 seconds
[2025-04-30T15:46:19.230+0100] {processor.py:186} INFO - Started process (PID=70276) to work on /Users/dineshsammeta/anaconda3/envs/python38/lib/python3.8/site-packages/airflow/example_dags/example_bash_operator.py
[2025-04-30T15:46:19.231+0100] {processor.py:914} INFO - Processing file /Users/dineshsammeta/anaconda3/envs/python38/lib/python3.8/site-packages/airflow/example_dags/example_bash_operator.py for tasks to queue
[2025-04-30T15:46:19.232+0100] {logging_mixin.py:190} INFO - [2025-04-30T15:46:19.232+0100] {dagbag.py:588} INFO - Filling up the DagBag from /Users/dineshsammeta/anaconda3/envs/python38/lib/python3.8/site-packages/airflow/example_dags/example_bash_operator.py
[2025-04-30T15:46:19.273+0100] {processor.py:925} INFO - DAG(s) 'example_bash_operator' retrieved from /Users/dineshsammeta/anaconda3/envs/python38/lib/python3.8/site-packages/airflow/example_dags/example_bash_operator.py
[2025-04-30T15:46:19.339+0100] {logging_mixin.py:190} INFO - [2025-04-30T15:46:19.339+0100] {dag.py:3239} INFO - Sync 1 DAGs
[2025-04-30T15:46:19.350+0100] {logging_mixin.py:190} INFO - [2025-04-30T15:46:19.350+0100] {dag.py:4180} INFO - Setting next_dagrun for example_bash_operator to 2025-04-29 00:00:00+00:00, run_after=2025-04-30 00:00:00+00:00
[2025-04-30T15:46:19.360+0100] {processor.py:208} INFO - Processing /Users/dineshsammeta/anaconda3/envs/python38/lib/python3.8/site-packages/airflow/example_dags/example_bash_operator.py took 0.132 seconds
