[2025-04-30T13:39:58.558+0100] {processor.py:186} INFO - Started process (PID=66622) to work on /Users/dineshsammeta/anaconda3/envs/python38/lib/python3.8/site-packages/airflow/example_dags/example_python_operator.py
[2025-04-30T13:39:58.558+0100] {processor.py:914} INFO - Processing file /Users/dineshsammeta/anaconda3/envs/python38/lib/python3.8/site-packages/airflow/example_dags/example_python_operator.py for tasks to queue
[2025-04-30T13:39:58.559+0100] {logging_mixin.py:190} INFO - [2025-04-30T13:39:58.559+0100] {dagbag.py:588} INFO - Filling up the DagBag from /Users/dineshsammeta/anaconda3/envs/python38/lib/python3.8/site-packages/airflow/example_dags/example_python_operator.py
[2025-04-30T13:39:58.603+0100] {logging_mixin.py:190} INFO - [2025-04-30T13:39:58.603+0100] {example_python_operator.py:93} WARNING - The virtalenv_python example task requires virtualenv, please install it.
[2025-04-30T13:39:58.605+0100] {processor.py:925} INFO - DAG(s) 'example_python_operator' retrieved from /Users/dineshsammeta/anaconda3/envs/python38/lib/python3.8/site-packages/airflow/example_dags/example_python_operator.py
[2025-04-30T13:39:58.663+0100] {logging_mixin.py:190} INFO - [2025-04-30T13:39:58.663+0100] {dag.py:3239} INFO - Sync 1 DAGs
[2025-04-30T13:39:58.670+0100] {logging_mixin.py:190} INFO - [2025-04-30T13:39:58.670+0100] {dag.py:4180} INFO - Setting next_dagrun for example_python_operator to None, run_after=None
[2025-04-30T13:39:58.680+0100] {processor.py:208} INFO - Processing /Users/dineshsammeta/anaconda3/envs/python38/lib/python3.8/site-packages/airflow/example_dags/example_python_operator.py took 0.124 seconds
[2025-04-30T13:41:58.317+0100] {processor.py:186} INFO - Started process (PID=66909) to work on /Users/dineshsammeta/anaconda3/envs/python38/lib/python3.8/site-packages/airflow/example_dags/example_python_operator.py
[2025-04-30T13:41:58.321+0100] {processor.py:914} INFO - Processing file /Users/dineshsammeta/anaconda3/envs/python38/lib/python3.8/site-packages/airflow/example_dags/example_python_operator.py for tasks to queue
[2025-04-30T13:41:58.322+0100] {logging_mixin.py:190} INFO - [2025-04-30T13:41:58.322+0100] {dagbag.py:588} INFO - Filling up the DagBag from /Users/dineshsammeta/anaconda3/envs/python38/lib/python3.8/site-packages/airflow/example_dags/example_python_operator.py
[2025-04-30T13:41:58.368+0100] {logging_mixin.py:190} INFO - [2025-04-30T13:41:58.368+0100] {example_python_operator.py:93} WARNING - The virtalenv_python example task requires virtualenv, please install it.
[2025-04-30T13:41:58.370+0100] {processor.py:925} INFO - DAG(s) 'example_python_operator' retrieved from /Users/dineshsammeta/anaconda3/envs/python38/lib/python3.8/site-packages/airflow/example_dags/example_python_operator.py
[2025-04-30T13:41:58.429+0100] {logging_mixin.py:190} INFO - [2025-04-30T13:41:58.428+0100] {dag.py:3239} INFO - Sync 1 DAGs
[2025-04-30T13:41:58.435+0100] {logging_mixin.py:190} INFO - [2025-04-30T13:41:58.435+0100] {dag.py:4180} INFO - Setting next_dagrun for example_python_operator to None, run_after=None
[2025-04-30T13:41:58.444+0100] {processor.py:208} INFO - Processing /Users/dineshsammeta/anaconda3/envs/python38/lib/python3.8/site-packages/airflow/example_dags/example_python_operator.py took 0.130 seconds
[2025-04-30T13:43:28.304+0100] {processor.py:186} INFO - Started process (PID=67088) to work on /Users/dineshsammeta/anaconda3/envs/python38/lib/python3.8/site-packages/airflow/example_dags/example_python_operator.py
[2025-04-30T13:43:28.305+0100] {processor.py:914} INFO - Processing file /Users/dineshsammeta/anaconda3/envs/python38/lib/python3.8/site-packages/airflow/example_dags/example_python_operator.py for tasks to queue
[2025-04-30T13:43:28.305+0100] {logging_mixin.py:190} INFO - [2025-04-30T13:43:28.305+0100] {dagbag.py:588} INFO - Filling up the DagBag from /Users/dineshsammeta/anaconda3/envs/python38/lib/python3.8/site-packages/airflow/example_dags/example_python_operator.py
[2025-04-30T13:43:28.349+0100] {logging_mixin.py:190} INFO - [2025-04-30T13:43:28.348+0100] {example_python_operator.py:93} WARNING - The virtalenv_python example task requires virtualenv, please install it.
[2025-04-30T13:43:28.351+0100] {processor.py:925} INFO - DAG(s) 'example_python_operator' retrieved from /Users/dineshsammeta/anaconda3/envs/python38/lib/python3.8/site-packages/airflow/example_dags/example_python_operator.py
[2025-04-30T13:43:28.409+0100] {logging_mixin.py:190} INFO - [2025-04-30T13:43:28.409+0100] {dag.py:3239} INFO - Sync 1 DAGs
[2025-04-30T13:43:28.415+0100] {logging_mixin.py:190} INFO - [2025-04-30T13:43:28.415+0100] {dag.py:4180} INFO - Setting next_dagrun for example_python_operator to None, run_after=None
[2025-04-30T13:43:28.425+0100] {processor.py:208} INFO - Processing /Users/dineshsammeta/anaconda3/envs/python38/lib/python3.8/site-packages/airflow/example_dags/example_python_operator.py took 0.123 seconds
[2025-04-30T13:46:25.073+0100] {processor.py:186} INFO - Started process (PID=67420) to work on /Users/dineshsammeta/anaconda3/envs/python38/lib/python3.8/site-packages/airflow/example_dags/example_python_operator.py
[2025-04-30T13:46:25.074+0100] {processor.py:914} INFO - Processing file /Users/dineshsammeta/anaconda3/envs/python38/lib/python3.8/site-packages/airflow/example_dags/example_python_operator.py for tasks to queue
[2025-04-30T13:46:25.074+0100] {logging_mixin.py:190} INFO - [2025-04-30T13:46:25.074+0100] {dagbag.py:588} INFO - Filling up the DagBag from /Users/dineshsammeta/anaconda3/envs/python38/lib/python3.8/site-packages/airflow/example_dags/example_python_operator.py
[2025-04-30T13:46:25.119+0100] {logging_mixin.py:190} INFO - [2025-04-30T13:46:25.119+0100] {example_python_operator.py:93} WARNING - The virtalenv_python example task requires virtualenv, please install it.
[2025-04-30T13:46:25.121+0100] {processor.py:925} INFO - DAG(s) 'example_python_operator' retrieved from /Users/dineshsammeta/anaconda3/envs/python38/lib/python3.8/site-packages/airflow/example_dags/example_python_operator.py
[2025-04-30T13:46:25.178+0100] {logging_mixin.py:190} INFO - [2025-04-30T13:46:25.178+0100] {dag.py:3239} INFO - Sync 1 DAGs
[2025-04-30T13:46:25.184+0100] {logging_mixin.py:190} INFO - [2025-04-30T13:46:25.184+0100] {dag.py:4180} INFO - Setting next_dagrun for example_python_operator to None, run_after=None
[2025-04-30T13:46:25.194+0100] {processor.py:208} INFO - Processing /Users/dineshsammeta/anaconda3/envs/python38/lib/python3.8/site-packages/airflow/example_dags/example_python_operator.py took 0.123 seconds
[2025-04-30T13:47:56.178+0100] {processor.py:186} INFO - Started process (PID=67617) to work on /Users/dineshsammeta/anaconda3/envs/python38/lib/python3.8/site-packages/airflow/example_dags/example_python_operator.py
[2025-04-30T13:47:56.180+0100] {processor.py:914} INFO - Processing file /Users/dineshsammeta/anaconda3/envs/python38/lib/python3.8/site-packages/airflow/example_dags/example_python_operator.py for tasks to queue
[2025-04-30T13:47:56.180+0100] {logging_mixin.py:190} INFO - [2025-04-30T13:47:56.180+0100] {dagbag.py:588} INFO - Filling up the DagBag from /Users/dineshsammeta/anaconda3/envs/python38/lib/python3.8/site-packages/airflow/example_dags/example_python_operator.py
[2025-04-30T13:47:56.232+0100] {logging_mixin.py:190} INFO - [2025-04-30T13:47:56.232+0100] {example_python_operator.py:93} WARNING - The virtalenv_python example task requires virtualenv, please install it.
[2025-04-30T13:47:56.234+0100] {processor.py:925} INFO - DAG(s) 'example_python_operator' retrieved from /Users/dineshsammeta/anaconda3/envs/python38/lib/python3.8/site-packages/airflow/example_dags/example_python_operator.py
[2025-04-30T13:47:56.295+0100] {logging_mixin.py:190} INFO - [2025-04-30T13:47:56.295+0100] {dag.py:3239} INFO - Sync 1 DAGs
[2025-04-30T13:47:56.301+0100] {logging_mixin.py:190} INFO - [2025-04-30T13:47:56.301+0100] {dag.py:4180} INFO - Setting next_dagrun for example_python_operator to None, run_after=None
[2025-04-30T13:47:56.313+0100] {processor.py:208} INFO - Processing /Users/dineshsammeta/anaconda3/envs/python38/lib/python3.8/site-packages/airflow/example_dags/example_python_operator.py took 0.138 seconds
[2025-04-30T13:49:27.417+0100] {processor.py:186} INFO - Started process (PID=67784) to work on /Users/dineshsammeta/anaconda3/envs/python38/lib/python3.8/site-packages/airflow/example_dags/example_python_operator.py
[2025-04-30T13:49:27.418+0100] {processor.py:914} INFO - Processing file /Users/dineshsammeta/anaconda3/envs/python38/lib/python3.8/site-packages/airflow/example_dags/example_python_operator.py for tasks to queue
[2025-04-30T13:49:27.419+0100] {logging_mixin.py:190} INFO - [2025-04-30T13:49:27.419+0100] {dagbag.py:588} INFO - Filling up the DagBag from /Users/dineshsammeta/anaconda3/envs/python38/lib/python3.8/site-packages/airflow/example_dags/example_python_operator.py
[2025-04-30T13:49:27.465+0100] {logging_mixin.py:190} INFO - [2025-04-30T13:49:27.465+0100] {example_python_operator.py:93} WARNING - The virtalenv_python example task requires virtualenv, please install it.
[2025-04-30T13:49:27.467+0100] {processor.py:925} INFO - DAG(s) 'example_python_operator' retrieved from /Users/dineshsammeta/anaconda3/envs/python38/lib/python3.8/site-packages/airflow/example_dags/example_python_operator.py
[2025-04-30T13:49:27.525+0100] {logging_mixin.py:190} INFO - [2025-04-30T13:49:27.524+0100] {dag.py:3239} INFO - Sync 1 DAGs
[2025-04-30T13:49:27.531+0100] {logging_mixin.py:190} INFO - [2025-04-30T13:49:27.531+0100] {dag.py:4180} INFO - Setting next_dagrun for example_python_operator to None, run_after=None
[2025-04-30T13:49:27.541+0100] {processor.py:208} INFO - Processing /Users/dineshsammeta/anaconda3/envs/python38/lib/python3.8/site-packages/airflow/example_dags/example_python_operator.py took 0.127 seconds
[2025-04-30T13:51:02.976+0100] {processor.py:186} INFO - Started process (PID=67960) to work on /Users/dineshsammeta/anaconda3/envs/python38/lib/python3.8/site-packages/airflow/example_dags/example_python_operator.py
[2025-04-30T13:51:02.977+0100] {processor.py:914} INFO - Processing file /Users/dineshsammeta/anaconda3/envs/python38/lib/python3.8/site-packages/airflow/example_dags/example_python_operator.py for tasks to queue
[2025-04-30T13:51:02.978+0100] {logging_mixin.py:190} INFO - [2025-04-30T13:51:02.978+0100] {dagbag.py:588} INFO - Filling up the DagBag from /Users/dineshsammeta/anaconda3/envs/python38/lib/python3.8/site-packages/airflow/example_dags/example_python_operator.py
[2025-04-30T13:51:03.023+0100] {logging_mixin.py:190} INFO - [2025-04-30T13:51:03.023+0100] {example_python_operator.py:93} WARNING - The virtalenv_python example task requires virtualenv, please install it.
[2025-04-30T13:51:03.025+0100] {processor.py:925} INFO - DAG(s) 'example_python_operator' retrieved from /Users/dineshsammeta/anaconda3/envs/python38/lib/python3.8/site-packages/airflow/example_dags/example_python_operator.py
[2025-04-30T13:51:03.082+0100] {logging_mixin.py:190} INFO - [2025-04-30T13:51:03.082+0100] {dag.py:3239} INFO - Sync 1 DAGs
[2025-04-30T13:51:03.088+0100] {logging_mixin.py:190} INFO - [2025-04-30T13:51:03.088+0100] {dag.py:4180} INFO - Setting next_dagrun for example_python_operator to None, run_after=None
[2025-04-30T13:51:03.098+0100] {processor.py:208} INFO - Processing /Users/dineshsammeta/anaconda3/envs/python38/lib/python3.8/site-packages/airflow/example_dags/example_python_operator.py took 0.124 seconds
[2025-04-30T13:52:34.040+0100] {processor.py:186} INFO - Started process (PID=68122) to work on /Users/dineshsammeta/anaconda3/envs/python38/lib/python3.8/site-packages/airflow/example_dags/example_python_operator.py
[2025-04-30T13:52:34.041+0100] {processor.py:914} INFO - Processing file /Users/dineshsammeta/anaconda3/envs/python38/lib/python3.8/site-packages/airflow/example_dags/example_python_operator.py for tasks to queue
[2025-04-30T13:52:34.042+0100] {logging_mixin.py:190} INFO - [2025-04-30T13:52:34.042+0100] {dagbag.py:588} INFO - Filling up the DagBag from /Users/dineshsammeta/anaconda3/envs/python38/lib/python3.8/site-packages/airflow/example_dags/example_python_operator.py
[2025-04-30T13:52:34.087+0100] {logging_mixin.py:190} INFO - [2025-04-30T13:52:34.087+0100] {example_python_operator.py:93} WARNING - The virtalenv_python example task requires virtualenv, please install it.
[2025-04-30T13:52:34.089+0100] {processor.py:925} INFO - DAG(s) 'example_python_operator' retrieved from /Users/dineshsammeta/anaconda3/envs/python38/lib/python3.8/site-packages/airflow/example_dags/example_python_operator.py
[2025-04-30T13:52:34.151+0100] {logging_mixin.py:190} INFO - [2025-04-30T13:52:34.151+0100] {dag.py:3239} INFO - Sync 1 DAGs
[2025-04-30T13:52:34.157+0100] {logging_mixin.py:190} INFO - [2025-04-30T13:52:34.157+0100] {dag.py:4180} INFO - Setting next_dagrun for example_python_operator to None, run_after=None
[2025-04-30T13:52:34.167+0100] {processor.py:208} INFO - Processing /Users/dineshsammeta/anaconda3/envs/python38/lib/python3.8/site-packages/airflow/example_dags/example_python_operator.py took 0.129 seconds
[2025-04-30T13:54:11.762+0100] {processor.py:186} INFO - Started process (PID=68308) to work on /Users/dineshsammeta/anaconda3/envs/python38/lib/python3.8/site-packages/airflow/example_dags/example_python_operator.py
[2025-04-30T13:54:11.763+0100] {processor.py:914} INFO - Processing file /Users/dineshsammeta/anaconda3/envs/python38/lib/python3.8/site-packages/airflow/example_dags/example_python_operator.py for tasks to queue
[2025-04-30T13:54:11.764+0100] {logging_mixin.py:190} INFO - [2025-04-30T13:54:11.764+0100] {dagbag.py:588} INFO - Filling up the DagBag from /Users/dineshsammeta/anaconda3/envs/python38/lib/python3.8/site-packages/airflow/example_dags/example_python_operator.py
[2025-04-30T13:54:11.808+0100] {logging_mixin.py:190} INFO - [2025-04-30T13:54:11.808+0100] {example_python_operator.py:93} WARNING - The virtalenv_python example task requires virtualenv, please install it.
[2025-04-30T13:54:11.810+0100] {processor.py:925} INFO - DAG(s) 'example_python_operator' retrieved from /Users/dineshsammeta/anaconda3/envs/python38/lib/python3.8/site-packages/airflow/example_dags/example_python_operator.py
[2025-04-30T13:54:11.867+0100] {logging_mixin.py:190} INFO - [2025-04-30T13:54:11.866+0100] {dag.py:3239} INFO - Sync 1 DAGs
[2025-04-30T13:54:11.873+0100] {logging_mixin.py:190} INFO - [2025-04-30T13:54:11.872+0100] {dag.py:4180} INFO - Setting next_dagrun for example_python_operator to None, run_after=None
[2025-04-30T13:54:11.882+0100] {processor.py:208} INFO - Processing /Users/dineshsammeta/anaconda3/envs/python38/lib/python3.8/site-packages/airflow/example_dags/example_python_operator.py took 0.123 seconds
[2025-04-30T13:55:49.634+0100] {processor.py:186} INFO - Started process (PID=68495) to work on /Users/dineshsammeta/anaconda3/envs/python38/lib/python3.8/site-packages/airflow/example_dags/example_python_operator.py
[2025-04-30T13:55:49.635+0100] {processor.py:914} INFO - Processing file /Users/dineshsammeta/anaconda3/envs/python38/lib/python3.8/site-packages/airflow/example_dags/example_python_operator.py for tasks to queue
[2025-04-30T13:55:49.636+0100] {logging_mixin.py:190} INFO - [2025-04-30T13:55:49.636+0100] {dagbag.py:588} INFO - Filling up the DagBag from /Users/dineshsammeta/anaconda3/envs/python38/lib/python3.8/site-packages/airflow/example_dags/example_python_operator.py
[2025-04-30T13:55:49.682+0100] {logging_mixin.py:190} INFO - [2025-04-30T13:55:49.682+0100] {example_python_operator.py:93} WARNING - The virtalenv_python example task requires virtualenv, please install it.
[2025-04-30T13:55:49.684+0100] {processor.py:925} INFO - DAG(s) 'example_python_operator' retrieved from /Users/dineshsammeta/anaconda3/envs/python38/lib/python3.8/site-packages/airflow/example_dags/example_python_operator.py
[2025-04-30T13:55:49.742+0100] {logging_mixin.py:190} INFO - [2025-04-30T13:55:49.741+0100] {dag.py:3239} INFO - Sync 1 DAGs
[2025-04-30T13:55:49.748+0100] {logging_mixin.py:190} INFO - [2025-04-30T13:55:49.747+0100] {dag.py:4180} INFO - Setting next_dagrun for example_python_operator to None, run_after=None
[2025-04-30T13:55:49.757+0100] {processor.py:208} INFO - Processing /Users/dineshsammeta/anaconda3/envs/python38/lib/python3.8/site-packages/airflow/example_dags/example_python_operator.py took 0.125 seconds
[2025-04-30T13:57:22.628+0100] {processor.py:186} INFO - Started process (PID=68652) to work on /Users/dineshsammeta/anaconda3/envs/python38/lib/python3.8/site-packages/airflow/example_dags/example_python_operator.py
[2025-04-30T13:57:22.629+0100] {processor.py:914} INFO - Processing file /Users/dineshsammeta/anaconda3/envs/python38/lib/python3.8/site-packages/airflow/example_dags/example_python_operator.py for tasks to queue
[2025-04-30T13:57:22.630+0100] {logging_mixin.py:190} INFO - [2025-04-30T13:57:22.630+0100] {dagbag.py:588} INFO - Filling up the DagBag from /Users/dineshsammeta/anaconda3/envs/python38/lib/python3.8/site-packages/airflow/example_dags/example_python_operator.py
[2025-04-30T13:57:22.674+0100] {logging_mixin.py:190} INFO - [2025-04-30T13:57:22.674+0100] {example_python_operator.py:93} WARNING - The virtalenv_python example task requires virtualenv, please install it.
[2025-04-30T13:57:22.676+0100] {processor.py:925} INFO - DAG(s) 'example_python_operator' retrieved from /Users/dineshsammeta/anaconda3/envs/python38/lib/python3.8/site-packages/airflow/example_dags/example_python_operator.py
[2025-04-30T13:57:22.734+0100] {logging_mixin.py:190} INFO - [2025-04-30T13:57:22.733+0100] {dag.py:3239} INFO - Sync 1 DAGs
[2025-04-30T13:57:22.739+0100] {logging_mixin.py:190} INFO - [2025-04-30T13:57:22.739+0100] {dag.py:4180} INFO - Setting next_dagrun for example_python_operator to None, run_after=None
[2025-04-30T13:57:22.749+0100] {processor.py:208} INFO - Processing /Users/dineshsammeta/anaconda3/envs/python38/lib/python3.8/site-packages/airflow/example_dags/example_python_operator.py took 0.123 seconds
[2025-04-30T14:00:19.946+0100] {processor.py:186} INFO - Started process (PID=68972) to work on /Users/dineshsammeta/anaconda3/envs/python38/lib/python3.8/site-packages/airflow/example_dags/example_python_operator.py
[2025-04-30T14:00:19.947+0100] {processor.py:914} INFO - Processing file /Users/dineshsammeta/anaconda3/envs/python38/lib/python3.8/site-packages/airflow/example_dags/example_python_operator.py for tasks to queue
[2025-04-30T14:00:19.948+0100] {logging_mixin.py:190} INFO - [2025-04-30T14:00:19.948+0100] {dagbag.py:588} INFO - Filling up the DagBag from /Users/dineshsammeta/anaconda3/envs/python38/lib/python3.8/site-packages/airflow/example_dags/example_python_operator.py
[2025-04-30T14:00:19.995+0100] {logging_mixin.py:190} INFO - [2025-04-30T14:00:19.994+0100] {example_python_operator.py:93} WARNING - The virtalenv_python example task requires virtualenv, please install it.
[2025-04-30T14:00:19.997+0100] {processor.py:925} INFO - DAG(s) 'example_python_operator' retrieved from /Users/dineshsammeta/anaconda3/envs/python38/lib/python3.8/site-packages/airflow/example_dags/example_python_operator.py
[2025-04-30T14:00:20.057+0100] {logging_mixin.py:190} INFO - [2025-04-30T14:00:20.057+0100] {dag.py:3239} INFO - Sync 1 DAGs
[2025-04-30T14:00:20.063+0100] {logging_mixin.py:190} INFO - [2025-04-30T14:00:20.063+0100] {dag.py:4180} INFO - Setting next_dagrun for example_python_operator to None, run_after=None
[2025-04-30T14:00:20.073+0100] {processor.py:208} INFO - Processing /Users/dineshsammeta/anaconda3/envs/python38/lib/python3.8/site-packages/airflow/example_dags/example_python_operator.py took 0.129 seconds
[2025-04-30T14:01:49.448+0100] {processor.py:186} INFO - Started process (PID=69140) to work on /Users/dineshsammeta/anaconda3/envs/python38/lib/python3.8/site-packages/airflow/example_dags/example_python_operator.py
[2025-04-30T14:01:49.449+0100] {processor.py:914} INFO - Processing file /Users/dineshsammeta/anaconda3/envs/python38/lib/python3.8/site-packages/airflow/example_dags/example_python_operator.py for tasks to queue
[2025-04-30T14:01:49.449+0100] {logging_mixin.py:190} INFO - [2025-04-30T14:01:49.449+0100] {dagbag.py:588} INFO - Filling up the DagBag from /Users/dineshsammeta/anaconda3/envs/python38/lib/python3.8/site-packages/airflow/example_dags/example_python_operator.py
[2025-04-30T14:01:49.493+0100] {logging_mixin.py:190} INFO - [2025-04-30T14:01:49.492+0100] {example_python_operator.py:93} WARNING - The virtalenv_python example task requires virtualenv, please install it.
[2025-04-30T14:01:49.495+0100] {processor.py:925} INFO - DAG(s) 'example_python_operator' retrieved from /Users/dineshsammeta/anaconda3/envs/python38/lib/python3.8/site-packages/airflow/example_dags/example_python_operator.py
[2025-04-30T14:01:49.552+0100] {logging_mixin.py:190} INFO - [2025-04-30T14:01:49.552+0100] {dag.py:3239} INFO - Sync 1 DAGs
[2025-04-30T14:01:49.558+0100] {logging_mixin.py:190} INFO - [2025-04-30T14:01:49.558+0100] {dag.py:4180} INFO - Setting next_dagrun for example_python_operator to None, run_after=None
[2025-04-30T14:01:49.568+0100] {processor.py:208} INFO - Processing /Users/dineshsammeta/anaconda3/envs/python38/lib/python3.8/site-packages/airflow/example_dags/example_python_operator.py took 0.122 seconds
[2025-04-30T14:34:58.124+0100] {processor.py:186} INFO - Started process (PID=69331) to work on /Users/dineshsammeta/anaconda3/envs/python38/lib/python3.8/site-packages/airflow/example_dags/example_python_operator.py
[2025-04-30T14:34:58.125+0100] {processor.py:914} INFO - Processing file /Users/dineshsammeta/anaconda3/envs/python38/lib/python3.8/site-packages/airflow/example_dags/example_python_operator.py for tasks to queue
[2025-04-30T14:34:58.125+0100] {logging_mixin.py:190} INFO - [2025-04-30T14:34:58.125+0100] {dagbag.py:588} INFO - Filling up the DagBag from /Users/dineshsammeta/anaconda3/envs/python38/lib/python3.8/site-packages/airflow/example_dags/example_python_operator.py
[2025-04-30T14:34:58.169+0100] {logging_mixin.py:190} INFO - [2025-04-30T14:34:58.169+0100] {example_python_operator.py:93} WARNING - The virtalenv_python example task requires virtualenv, please install it.
[2025-04-30T14:34:58.171+0100] {processor.py:925} INFO - DAG(s) 'example_python_operator' retrieved from /Users/dineshsammeta/anaconda3/envs/python38/lib/python3.8/site-packages/airflow/example_dags/example_python_operator.py
[2025-04-30T14:34:58.230+0100] {logging_mixin.py:190} INFO - [2025-04-30T14:34:58.230+0100] {dag.py:3239} INFO - Sync 1 DAGs
[2025-04-30T14:34:58.236+0100] {logging_mixin.py:190} INFO - [2025-04-30T14:34:58.236+0100] {dag.py:4180} INFO - Setting next_dagrun for example_python_operator to None, run_after=None
[2025-04-30T14:34:58.246+0100] {processor.py:208} INFO - Processing /Users/dineshsammeta/anaconda3/envs/python38/lib/python3.8/site-packages/airflow/example_dags/example_python_operator.py took 0.124 seconds
[2025-04-30T15:39:14.285+0100] {processor.py:186} INFO - Started process (PID=69548) to work on /Users/dineshsammeta/anaconda3/envs/python38/lib/python3.8/site-packages/airflow/example_dags/example_python_operator.py
[2025-04-30T15:39:14.286+0100] {processor.py:914} INFO - Processing file /Users/dineshsammeta/anaconda3/envs/python38/lib/python3.8/site-packages/airflow/example_dags/example_python_operator.py for tasks to queue
[2025-04-30T15:39:14.287+0100] {logging_mixin.py:190} INFO - [2025-04-30T15:39:14.287+0100] {dagbag.py:588} INFO - Filling up the DagBag from /Users/dineshsammeta/anaconda3/envs/python38/lib/python3.8/site-packages/airflow/example_dags/example_python_operator.py
[2025-04-30T15:39:14.336+0100] {logging_mixin.py:190} INFO - [2025-04-30T15:39:14.336+0100] {example_python_operator.py:93} WARNING - The virtalenv_python example task requires virtualenv, please install it.
[2025-04-30T15:39:14.338+0100] {processor.py:925} INFO - DAG(s) 'example_python_operator' retrieved from /Users/dineshsammeta/anaconda3/envs/python38/lib/python3.8/site-packages/airflow/example_dags/example_python_operator.py
[2025-04-30T15:39:14.396+0100] {logging_mixin.py:190} INFO - [2025-04-30T15:39:14.396+0100] {dag.py:3239} INFO - Sync 1 DAGs
[2025-04-30T15:39:14.402+0100] {logging_mixin.py:190} INFO - [2025-04-30T15:39:14.402+0100] {dag.py:4180} INFO - Setting next_dagrun for example_python_operator to None, run_after=None
[2025-04-30T15:39:14.412+0100] {processor.py:208} INFO - Processing /Users/dineshsammeta/anaconda3/envs/python38/lib/python3.8/site-packages/airflow/example_dags/example_python_operator.py took 0.129 seconds
[2025-04-30T15:41:06.124+0100] {processor.py:186} INFO - Started process (PID=69749) to work on /Users/dineshsammeta/anaconda3/envs/python38/lib/python3.8/site-packages/airflow/example_dags/example_python_operator.py
[2025-04-30T15:41:06.126+0100] {processor.py:914} INFO - Processing file /Users/dineshsammeta/anaconda3/envs/python38/lib/python3.8/site-packages/airflow/example_dags/example_python_operator.py for tasks to queue
[2025-04-30T15:41:06.126+0100] {logging_mixin.py:190} INFO - [2025-04-30T15:41:06.126+0100] {dagbag.py:588} INFO - Filling up the DagBag from /Users/dineshsammeta/anaconda3/envs/python38/lib/python3.8/site-packages/airflow/example_dags/example_python_operator.py
[2025-04-30T15:41:06.169+0100] {logging_mixin.py:190} INFO - [2025-04-30T15:41:06.169+0100] {example_python_operator.py:93} WARNING - The virtalenv_python example task requires virtualenv, please install it.
[2025-04-30T15:41:06.171+0100] {processor.py:925} INFO - DAG(s) 'example_python_operator' retrieved from /Users/dineshsammeta/anaconda3/envs/python38/lib/python3.8/site-packages/airflow/example_dags/example_python_operator.py
[2025-04-30T15:41:06.229+0100] {logging_mixin.py:190} INFO - [2025-04-30T15:41:06.229+0100] {dag.py:3239} INFO - Sync 1 DAGs
[2025-04-30T15:41:06.235+0100] {logging_mixin.py:190} INFO - [2025-04-30T15:41:06.235+0100] {dag.py:4180} INFO - Setting next_dagrun for example_python_operator to None, run_after=None
[2025-04-30T15:41:06.245+0100] {processor.py:208} INFO - Processing /Users/dineshsammeta/anaconda3/envs/python38/lib/python3.8/site-packages/airflow/example_dags/example_python_operator.py took 0.123 seconds
[2025-04-30T15:44:05.802+0100] {processor.py:186} INFO - Started process (PID=70058) to work on /Users/dineshsammeta/anaconda3/envs/python38/lib/python3.8/site-packages/airflow/example_dags/example_python_operator.py
[2025-04-30T15:44:05.803+0100] {processor.py:914} INFO - Processing file /Users/dineshsammeta/anaconda3/envs/python38/lib/python3.8/site-packages/airflow/example_dags/example_python_operator.py for tasks to queue
[2025-04-30T15:44:05.804+0100] {logging_mixin.py:190} INFO - [2025-04-30T15:44:05.804+0100] {dagbag.py:588} INFO - Filling up the DagBag from /Users/dineshsammeta/anaconda3/envs/python38/lib/python3.8/site-packages/airflow/example_dags/example_python_operator.py
[2025-04-30T15:44:05.849+0100] {logging_mixin.py:190} INFO - [2025-04-30T15:44:05.849+0100] {example_python_operator.py:93} WARNING - The virtalenv_python example task requires virtualenv, please install it.
[2025-04-30T15:44:05.851+0100] {processor.py:925} INFO - DAG(s) 'example_python_operator' retrieved from /Users/dineshsammeta/anaconda3/envs/python38/lib/python3.8/site-packages/airflow/example_dags/example_python_operator.py
[2025-04-30T15:44:05.908+0100] {logging_mixin.py:190} INFO - [2025-04-30T15:44:05.908+0100] {dag.py:3239} INFO - Sync 1 DAGs
[2025-04-30T15:44:05.914+0100] {logging_mixin.py:190} INFO - [2025-04-30T15:44:05.914+0100] {dag.py:4180} INFO - Setting next_dagrun for example_python_operator to None, run_after=None
[2025-04-30T15:44:05.924+0100] {processor.py:208} INFO - Processing /Users/dineshsammeta/anaconda3/envs/python38/lib/python3.8/site-packages/airflow/example_dags/example_python_operator.py took 0.124 seconds
[2025-04-30T15:45:43.282+0100] {processor.py:186} INFO - Started process (PID=70221) to work on /Users/dineshsammeta/anaconda3/envs/python38/lib/python3.8/site-packages/airflow/example_dags/example_python_operator.py
[2025-04-30T15:45:43.283+0100] {processor.py:914} INFO - Processing file /Users/dineshsammeta/anaconda3/envs/python38/lib/python3.8/site-packages/airflow/example_dags/example_python_operator.py for tasks to queue
[2025-04-30T15:45:43.283+0100] {logging_mixin.py:190} INFO - [2025-04-30T15:45:43.283+0100] {dagbag.py:588} INFO - Filling up the DagBag from /Users/dineshsammeta/anaconda3/envs/python38/lib/python3.8/site-packages/airflow/example_dags/example_python_operator.py
[2025-04-30T15:45:43.328+0100] {logging_mixin.py:190} INFO - [2025-04-30T15:45:43.328+0100] {example_python_operator.py:93} WARNING - The virtalenv_python example task requires virtualenv, please install it.
[2025-04-30T15:45:43.330+0100] {processor.py:925} INFO - DAG(s) 'example_python_operator' retrieved from /Users/dineshsammeta/anaconda3/envs/python38/lib/python3.8/site-packages/airflow/example_dags/example_python_operator.py
[2025-04-30T15:45:43.387+0100] {logging_mixin.py:190} INFO - [2025-04-30T15:45:43.387+0100] {dag.py:3239} INFO - Sync 1 DAGs
[2025-04-30T15:45:43.393+0100] {logging_mixin.py:190} INFO - [2025-04-30T15:45:43.393+0100] {dag.py:4180} INFO - Setting next_dagrun for example_python_operator to None, run_after=None
[2025-04-30T15:45:43.403+0100] {processor.py:208} INFO - Processing /Users/dineshsammeta/anaconda3/envs/python38/lib/python3.8/site-packages/airflow/example_dags/example_python_operator.py took 0.123 seconds
