[2025-04-30T13:39:56.238+0100] {processor.py:186} INFO - Started process (PID=66619) to work on /Users/dineshsammeta/anaconda3/envs/python38/lib/python3.8/site-packages/airflow/example_dags/example_sensor_decorator.py
[2025-04-30T13:39:56.239+0100] {processor.py:914} INFO - Processing file /Users/dineshsammeta/anaconda3/envs/python38/lib/python3.8/site-packages/airflow/example_dags/example_sensor_decorator.py for tasks to queue
[2025-04-30T13:39:56.240+0100] {logging_mixin.py:190} INFO - [2025-04-30T13:39:56.240+0100] {dagbag.py:588} INFO - Filling up the DagBag from /Users/dineshsammeta/anaconda3/envs/python38/lib/python3.8/site-packages/airflow/example_dags/example_sensor_decorator.py
[2025-04-30T13:39:56.291+0100] {processor.py:925} INFO - DAG(s) 'example_sensor_decorator' retrieved from /Users/dineshsammeta/anaconda3/envs/python38/lib/python3.8/site-packages/airflow/example_dags/example_sensor_decorator.py
[2025-04-30T13:39:56.342+0100] {logging_mixin.py:190} INFO - [2025-04-30T13:39:56.342+0100] {workday.py:41} WARNING - Could not import pandas. Holidays will not be considered.
[2025-04-30T13:39:56.352+0100] {logging_mixin.py:190} INFO - [2025-04-30T13:39:56.352+0100] {dag.py:3239} INFO - Sync 1 DAGs
[2025-04-30T13:39:56.359+0100] {logging_mixin.py:190} INFO - [2025-04-30T13:39:56.359+0100] {dag.py:4180} INFO - Setting next_dagrun for example_sensor_decorator to None, run_after=None
[2025-04-30T13:39:56.369+0100] {processor.py:208} INFO - Processing /Users/dineshsammeta/anaconda3/envs/python38/lib/python3.8/site-packages/airflow/example_dags/example_sensor_decorator.py took 0.133 seconds
[2025-04-30T13:41:55.819+0100] {processor.py:186} INFO - Started process (PID=66903) to work on /Users/dineshsammeta/anaconda3/envs/python38/lib/python3.8/site-packages/airflow/example_dags/example_sensor_decorator.py
[2025-04-30T13:41:55.820+0100] {processor.py:914} INFO - Processing file /Users/dineshsammeta/anaconda3/envs/python38/lib/python3.8/site-packages/airflow/example_dags/example_sensor_decorator.py for tasks to queue
[2025-04-30T13:41:55.821+0100] {logging_mixin.py:190} INFO - [2025-04-30T13:41:55.820+0100] {dagbag.py:588} INFO - Filling up the DagBag from /Users/dineshsammeta/anaconda3/envs/python38/lib/python3.8/site-packages/airflow/example_dags/example_sensor_decorator.py
[2025-04-30T13:41:55.871+0100] {processor.py:925} INFO - DAG(s) 'example_sensor_decorator' retrieved from /Users/dineshsammeta/anaconda3/envs/python38/lib/python3.8/site-packages/airflow/example_dags/example_sensor_decorator.py
[2025-04-30T13:41:55.923+0100] {logging_mixin.py:190} INFO - [2025-04-30T13:41:55.923+0100] {workday.py:41} WARNING - Could not import pandas. Holidays will not be considered.
[2025-04-30T13:41:55.933+0100] {logging_mixin.py:190} INFO - [2025-04-30T13:41:55.933+0100] {dag.py:3239} INFO - Sync 1 DAGs
[2025-04-30T13:41:55.940+0100] {logging_mixin.py:190} INFO - [2025-04-30T13:41:55.940+0100] {dag.py:4180} INFO - Setting next_dagrun for example_sensor_decorator to None, run_after=None
[2025-04-30T13:41:55.951+0100] {processor.py:208} INFO - Processing /Users/dineshsammeta/anaconda3/envs/python38/lib/python3.8/site-packages/airflow/example_dags/example_sensor_decorator.py took 0.134 seconds
[2025-04-30T13:43:25.969+0100] {processor.py:186} INFO - Started process (PID=67085) to work on /Users/dineshsammeta/anaconda3/envs/python38/lib/python3.8/site-packages/airflow/example_dags/example_sensor_decorator.py
[2025-04-30T13:43:25.970+0100] {processor.py:914} INFO - Processing file /Users/dineshsammeta/anaconda3/envs/python38/lib/python3.8/site-packages/airflow/example_dags/example_sensor_decorator.py for tasks to queue
[2025-04-30T13:43:25.971+0100] {logging_mixin.py:190} INFO - [2025-04-30T13:43:25.970+0100] {dagbag.py:588} INFO - Filling up the DagBag from /Users/dineshsammeta/anaconda3/envs/python38/lib/python3.8/site-packages/airflow/example_dags/example_sensor_decorator.py
[2025-04-30T13:43:26.021+0100] {processor.py:925} INFO - DAG(s) 'example_sensor_decorator' retrieved from /Users/dineshsammeta/anaconda3/envs/python38/lib/python3.8/site-packages/airflow/example_dags/example_sensor_decorator.py
[2025-04-30T13:43:26.073+0100] {logging_mixin.py:190} INFO - [2025-04-30T13:43:26.073+0100] {workday.py:41} WARNING - Could not import pandas. Holidays will not be considered.
[2025-04-30T13:43:26.083+0100] {logging_mixin.py:190} INFO - [2025-04-30T13:43:26.083+0100] {dag.py:3239} INFO - Sync 1 DAGs
[2025-04-30T13:43:26.089+0100] {logging_mixin.py:190} INFO - [2025-04-30T13:43:26.089+0100] {dag.py:4180} INFO - Setting next_dagrun for example_sensor_decorator to None, run_after=None
[2025-04-30T13:43:26.099+0100] {processor.py:208} INFO - Processing /Users/dineshsammeta/anaconda3/envs/python38/lib/python3.8/site-packages/airflow/example_dags/example_sensor_decorator.py took 0.132 seconds
[2025-04-30T13:44:57.696+0100] {processor.py:186} INFO - Started process (PID=67252) to work on /Users/dineshsammeta/anaconda3/envs/python38/lib/python3.8/site-packages/airflow/example_dags/example_sensor_decorator.py
[2025-04-30T13:44:57.697+0100] {processor.py:914} INFO - Processing file /Users/dineshsammeta/anaconda3/envs/python38/lib/python3.8/site-packages/airflow/example_dags/example_sensor_decorator.py for tasks to queue
[2025-04-30T13:44:57.698+0100] {logging_mixin.py:190} INFO - [2025-04-30T13:44:57.698+0100] {dagbag.py:588} INFO - Filling up the DagBag from /Users/dineshsammeta/anaconda3/envs/python38/lib/python3.8/site-packages/airflow/example_dags/example_sensor_decorator.py
[2025-04-30T13:44:57.748+0100] {processor.py:925} INFO - DAG(s) 'example_sensor_decorator' retrieved from /Users/dineshsammeta/anaconda3/envs/python38/lib/python3.8/site-packages/airflow/example_dags/example_sensor_decorator.py
[2025-04-30T13:44:57.800+0100] {logging_mixin.py:190} INFO - [2025-04-30T13:44:57.800+0100] {workday.py:41} WARNING - Could not import pandas. Holidays will not be considered.
[2025-04-30T13:44:57.810+0100] {logging_mixin.py:190} INFO - [2025-04-30T13:44:57.810+0100] {dag.py:3239} INFO - Sync 1 DAGs
[2025-04-30T13:44:57.817+0100] {logging_mixin.py:190} INFO - [2025-04-30T13:44:57.817+0100] {dag.py:4180} INFO - Setting next_dagrun for example_sensor_decorator to None, run_after=None
[2025-04-30T13:44:57.827+0100] {processor.py:208} INFO - Processing /Users/dineshsammeta/anaconda3/envs/python38/lib/python3.8/site-packages/airflow/example_dags/example_sensor_decorator.py took 0.133 seconds
[2025-04-30T13:47:53.539+0100] {processor.py:186} INFO - Started process (PID=67606) to work on /Users/dineshsammeta/anaconda3/envs/python38/lib/python3.8/site-packages/airflow/example_dags/example_sensor_decorator.py
[2025-04-30T13:47:53.540+0100] {processor.py:914} INFO - Processing file /Users/dineshsammeta/anaconda3/envs/python38/lib/python3.8/site-packages/airflow/example_dags/example_sensor_decorator.py for tasks to queue
[2025-04-30T13:47:53.541+0100] {logging_mixin.py:190} INFO - [2025-04-30T13:47:53.540+0100] {dagbag.py:588} INFO - Filling up the DagBag from /Users/dineshsammeta/anaconda3/envs/python38/lib/python3.8/site-packages/airflow/example_dags/example_sensor_decorator.py
[2025-04-30T13:47:53.593+0100] {processor.py:925} INFO - DAG(s) 'example_sensor_decorator' retrieved from /Users/dineshsammeta/anaconda3/envs/python38/lib/python3.8/site-packages/airflow/example_dags/example_sensor_decorator.py
[2025-04-30T13:47:53.669+0100] {logging_mixin.py:190} INFO - [2025-04-30T13:47:53.668+0100] {workday.py:41} WARNING - Could not import pandas. Holidays will not be considered.
[2025-04-30T13:47:53.693+0100] {logging_mixin.py:190} INFO - [2025-04-30T13:47:53.692+0100] {dag.py:3239} INFO - Sync 1 DAGs
[2025-04-30T13:47:53.704+0100] {logging_mixin.py:190} INFO - [2025-04-30T13:47:53.704+0100] {dag.py:4180} INFO - Setting next_dagrun for example_sensor_decorator to None, run_after=None
[2025-04-30T13:47:53.728+0100] {processor.py:208} INFO - Processing /Users/dineshsammeta/anaconda3/envs/python38/lib/python3.8/site-packages/airflow/example_dags/example_sensor_decorator.py took 0.191 seconds
[2025-04-30T13:49:24.657+0100] {processor.py:186} INFO - Started process (PID=67777) to work on /Users/dineshsammeta/anaconda3/envs/python38/lib/python3.8/site-packages/airflow/example_dags/example_sensor_decorator.py
[2025-04-30T13:49:24.657+0100] {processor.py:914} INFO - Processing file /Users/dineshsammeta/anaconda3/envs/python38/lib/python3.8/site-packages/airflow/example_dags/example_sensor_decorator.py for tasks to queue
[2025-04-30T13:49:24.658+0100] {logging_mixin.py:190} INFO - [2025-04-30T13:49:24.658+0100] {dagbag.py:588} INFO - Filling up the DagBag from /Users/dineshsammeta/anaconda3/envs/python38/lib/python3.8/site-packages/airflow/example_dags/example_sensor_decorator.py
[2025-04-30T13:49:24.711+0100] {processor.py:925} INFO - DAG(s) 'example_sensor_decorator' retrieved from /Users/dineshsammeta/anaconda3/envs/python38/lib/python3.8/site-packages/airflow/example_dags/example_sensor_decorator.py
[2025-04-30T13:49:24.765+0100] {logging_mixin.py:190} INFO - [2025-04-30T13:49:24.765+0100] {workday.py:41} WARNING - Could not import pandas. Holidays will not be considered.
[2025-04-30T13:49:24.776+0100] {logging_mixin.py:190} INFO - [2025-04-30T13:49:24.775+0100] {dag.py:3239} INFO - Sync 1 DAGs
[2025-04-30T13:49:24.782+0100] {logging_mixin.py:190} INFO - [2025-04-30T13:49:24.782+0100] {dag.py:4180} INFO - Setting next_dagrun for example_sensor_decorator to None, run_after=None
[2025-04-30T13:49:24.792+0100] {processor.py:208} INFO - Processing /Users/dineshsammeta/anaconda3/envs/python38/lib/python3.8/site-packages/airflow/example_dags/example_sensor_decorator.py took 0.138 seconds
[2025-04-30T13:51:00.619+0100] {processor.py:186} INFO - Started process (PID=67954) to work on /Users/dineshsammeta/anaconda3/envs/python38/lib/python3.8/site-packages/airflow/example_dags/example_sensor_decorator.py
[2025-04-30T13:51:00.620+0100] {processor.py:914} INFO - Processing file /Users/dineshsammeta/anaconda3/envs/python38/lib/python3.8/site-packages/airflow/example_dags/example_sensor_decorator.py for tasks to queue
[2025-04-30T13:51:00.620+0100] {logging_mixin.py:190} INFO - [2025-04-30T13:51:00.620+0100] {dagbag.py:588} INFO - Filling up the DagBag from /Users/dineshsammeta/anaconda3/envs/python38/lib/python3.8/site-packages/airflow/example_dags/example_sensor_decorator.py
[2025-04-30T13:51:00.674+0100] {processor.py:925} INFO - DAG(s) 'example_sensor_decorator' retrieved from /Users/dineshsammeta/anaconda3/envs/python38/lib/python3.8/site-packages/airflow/example_dags/example_sensor_decorator.py
[2025-04-30T13:51:00.729+0100] {logging_mixin.py:190} INFO - [2025-04-30T13:51:00.729+0100] {workday.py:41} WARNING - Could not import pandas. Holidays will not be considered.
[2025-04-30T13:51:00.744+0100] {logging_mixin.py:190} INFO - [2025-04-30T13:51:00.744+0100] {dag.py:3239} INFO - Sync 1 DAGs
[2025-04-30T13:51:00.751+0100] {logging_mixin.py:190} INFO - [2025-04-30T13:51:00.751+0100] {dag.py:4180} INFO - Setting next_dagrun for example_sensor_decorator to None, run_after=None
[2025-04-30T13:51:00.761+0100] {processor.py:208} INFO - Processing /Users/dineshsammeta/anaconda3/envs/python38/lib/python3.8/site-packages/airflow/example_dags/example_sensor_decorator.py took 0.144 seconds
[2025-04-30T13:52:31.651+0100] {processor.py:186} INFO - Started process (PID=68119) to work on /Users/dineshsammeta/anaconda3/envs/python38/lib/python3.8/site-packages/airflow/example_dags/example_sensor_decorator.py
[2025-04-30T13:52:31.651+0100] {processor.py:914} INFO - Processing file /Users/dineshsammeta/anaconda3/envs/python38/lib/python3.8/site-packages/airflow/example_dags/example_sensor_decorator.py for tasks to queue
[2025-04-30T13:52:31.652+0100] {logging_mixin.py:190} INFO - [2025-04-30T13:52:31.652+0100] {dagbag.py:588} INFO - Filling up the DagBag from /Users/dineshsammeta/anaconda3/envs/python38/lib/python3.8/site-packages/airflow/example_dags/example_sensor_decorator.py
[2025-04-30T13:52:31.702+0100] {processor.py:925} INFO - DAG(s) 'example_sensor_decorator' retrieved from /Users/dineshsammeta/anaconda3/envs/python38/lib/python3.8/site-packages/airflow/example_dags/example_sensor_decorator.py
[2025-04-30T13:52:31.755+0100] {logging_mixin.py:190} INFO - [2025-04-30T13:52:31.755+0100] {workday.py:41} WARNING - Could not import pandas. Holidays will not be considered.
[2025-04-30T13:52:31.765+0100] {logging_mixin.py:190} INFO - [2025-04-30T13:52:31.765+0100] {dag.py:3239} INFO - Sync 1 DAGs
[2025-04-30T13:52:31.771+0100] {logging_mixin.py:190} INFO - [2025-04-30T13:52:31.771+0100] {dag.py:4180} INFO - Setting next_dagrun for example_sensor_decorator to None, run_after=None
[2025-04-30T13:52:31.782+0100] {processor.py:208} INFO - Processing /Users/dineshsammeta/anaconda3/envs/python38/lib/python3.8/site-packages/airflow/example_dags/example_sensor_decorator.py took 0.133 seconds
[2025-04-30T13:54:10.178+0100] {processor.py:186} INFO - Started process (PID=68305) to work on /Users/dineshsammeta/anaconda3/envs/python38/lib/python3.8/site-packages/airflow/example_dags/example_sensor_decorator.py
[2025-04-30T13:54:10.179+0100] {processor.py:914} INFO - Processing file /Users/dineshsammeta/anaconda3/envs/python38/lib/python3.8/site-packages/airflow/example_dags/example_sensor_decorator.py for tasks to queue
[2025-04-30T13:54:10.179+0100] {logging_mixin.py:190} INFO - [2025-04-30T13:54:10.179+0100] {dagbag.py:588} INFO - Filling up the DagBag from /Users/dineshsammeta/anaconda3/envs/python38/lib/python3.8/site-packages/airflow/example_dags/example_sensor_decorator.py
[2025-04-30T13:54:10.230+0100] {processor.py:925} INFO - DAG(s) 'example_sensor_decorator' retrieved from /Users/dineshsammeta/anaconda3/envs/python38/lib/python3.8/site-packages/airflow/example_dags/example_sensor_decorator.py
[2025-04-30T13:54:10.283+0100] {logging_mixin.py:190} INFO - [2025-04-30T13:54:10.283+0100] {workday.py:41} WARNING - Could not import pandas. Holidays will not be considered.
[2025-04-30T13:54:10.293+0100] {logging_mixin.py:190} INFO - [2025-04-30T13:54:10.293+0100] {dag.py:3239} INFO - Sync 1 DAGs
[2025-04-30T13:54:10.300+0100] {logging_mixin.py:190} INFO - [2025-04-30T13:54:10.300+0100] {dag.py:4180} INFO - Setting next_dagrun for example_sensor_decorator to None, run_after=None
[2025-04-30T13:54:10.317+0100] {processor.py:208} INFO - Processing /Users/dineshsammeta/anaconda3/envs/python38/lib/python3.8/site-packages/airflow/example_dags/example_sensor_decorator.py took 0.141 seconds
[2025-04-30T13:55:47.145+0100] {processor.py:186} INFO - Started process (PID=68491) to work on /Users/dineshsammeta/anaconda3/envs/python38/lib/python3.8/site-packages/airflow/example_dags/example_sensor_decorator.py
[2025-04-30T13:55:47.146+0100] {processor.py:914} INFO - Processing file /Users/dineshsammeta/anaconda3/envs/python38/lib/python3.8/site-packages/airflow/example_dags/example_sensor_decorator.py for tasks to queue
[2025-04-30T13:55:47.147+0100] {logging_mixin.py:190} INFO - [2025-04-30T13:55:47.147+0100] {dagbag.py:588} INFO - Filling up the DagBag from /Users/dineshsammeta/anaconda3/envs/python38/lib/python3.8/site-packages/airflow/example_dags/example_sensor_decorator.py
[2025-04-30T13:55:47.202+0100] {processor.py:925} INFO - DAG(s) 'example_sensor_decorator' retrieved from /Users/dineshsammeta/anaconda3/envs/python38/lib/python3.8/site-packages/airflow/example_dags/example_sensor_decorator.py
[2025-04-30T13:55:47.262+0100] {logging_mixin.py:190} INFO - [2025-04-30T13:55:47.262+0100] {workday.py:41} WARNING - Could not import pandas. Holidays will not be considered.
[2025-04-30T13:55:47.284+0100] {logging_mixin.py:190} INFO - [2025-04-30T13:55:47.284+0100] {dag.py:3239} INFO - Sync 1 DAGs
[2025-04-30T13:55:47.293+0100] {logging_mixin.py:190} INFO - [2025-04-30T13:55:47.293+0100] {dag.py:4180} INFO - Setting next_dagrun for example_sensor_decorator to None, run_after=None
[2025-04-30T13:55:47.306+0100] {processor.py:208} INFO - Processing /Users/dineshsammeta/anaconda3/envs/python38/lib/python3.8/site-packages/airflow/example_dags/example_sensor_decorator.py took 0.164 seconds
[2025-04-30T13:57:20.258+0100] {processor.py:186} INFO - Started process (PID=68649) to work on /Users/dineshsammeta/anaconda3/envs/python38/lib/python3.8/site-packages/airflow/example_dags/example_sensor_decorator.py
[2025-04-30T13:57:20.259+0100] {processor.py:914} INFO - Processing file /Users/dineshsammeta/anaconda3/envs/python38/lib/python3.8/site-packages/airflow/example_dags/example_sensor_decorator.py for tasks to queue
[2025-04-30T13:57:20.260+0100] {logging_mixin.py:190} INFO - [2025-04-30T13:57:20.260+0100] {dagbag.py:588} INFO - Filling up the DagBag from /Users/dineshsammeta/anaconda3/envs/python38/lib/python3.8/site-packages/airflow/example_dags/example_sensor_decorator.py
[2025-04-30T13:57:20.324+0100] {processor.py:925} INFO - DAG(s) 'example_sensor_decorator' retrieved from /Users/dineshsammeta/anaconda3/envs/python38/lib/python3.8/site-packages/airflow/example_dags/example_sensor_decorator.py
[2025-04-30T13:57:20.376+0100] {logging_mixin.py:190} INFO - [2025-04-30T13:57:20.376+0100] {workday.py:41} WARNING - Could not import pandas. Holidays will not be considered.
[2025-04-30T13:57:20.386+0100] {logging_mixin.py:190} INFO - [2025-04-30T13:57:20.386+0100] {dag.py:3239} INFO - Sync 1 DAGs
[2025-04-30T13:57:20.393+0100] {logging_mixin.py:190} INFO - [2025-04-30T13:57:20.393+0100] {dag.py:4180} INFO - Setting next_dagrun for example_sensor_decorator to None, run_after=None
[2025-04-30T13:57:20.403+0100] {processor.py:208} INFO - Processing /Users/dineshsammeta/anaconda3/envs/python38/lib/python3.8/site-packages/airflow/example_dags/example_sensor_decorator.py took 0.147 seconds
[2025-04-30T13:58:49.833+0100] {processor.py:186} INFO - Started process (PID=68805) to work on /Users/dineshsammeta/anaconda3/envs/python38/lib/python3.8/site-packages/airflow/example_dags/example_sensor_decorator.py
[2025-04-30T13:58:49.834+0100] {processor.py:914} INFO - Processing file /Users/dineshsammeta/anaconda3/envs/python38/lib/python3.8/site-packages/airflow/example_dags/example_sensor_decorator.py for tasks to queue
[2025-04-30T13:58:49.835+0100] {logging_mixin.py:190} INFO - [2025-04-30T13:58:49.835+0100] {dagbag.py:588} INFO - Filling up the DagBag from /Users/dineshsammeta/anaconda3/envs/python38/lib/python3.8/site-packages/airflow/example_dags/example_sensor_decorator.py
[2025-04-30T13:58:49.887+0100] {processor.py:925} INFO - DAG(s) 'example_sensor_decorator' retrieved from /Users/dineshsammeta/anaconda3/envs/python38/lib/python3.8/site-packages/airflow/example_dags/example_sensor_decorator.py
[2025-04-30T13:58:49.939+0100] {logging_mixin.py:190} INFO - [2025-04-30T13:58:49.939+0100] {workday.py:41} WARNING - Could not import pandas. Holidays will not be considered.
[2025-04-30T13:58:49.949+0100] {logging_mixin.py:190} INFO - [2025-04-30T13:58:49.949+0100] {dag.py:3239} INFO - Sync 1 DAGs
[2025-04-30T13:58:49.955+0100] {logging_mixin.py:190} INFO - [2025-04-30T13:58:49.955+0100] {dag.py:4180} INFO - Setting next_dagrun for example_sensor_decorator to None, run_after=None
[2025-04-30T13:58:49.965+0100] {processor.py:208} INFO - Processing /Users/dineshsammeta/anaconda3/envs/python38/lib/python3.8/site-packages/airflow/example_dags/example_sensor_decorator.py took 0.134 seconds
[2025-04-30T14:00:18.217+0100] {processor.py:186} INFO - Started process (PID=68968) to work on /Users/dineshsammeta/anaconda3/envs/python38/lib/python3.8/site-packages/airflow/example_dags/example_sensor_decorator.py
[2025-04-30T14:00:18.218+0100] {processor.py:914} INFO - Processing file /Users/dineshsammeta/anaconda3/envs/python38/lib/python3.8/site-packages/airflow/example_dags/example_sensor_decorator.py for tasks to queue
[2025-04-30T14:00:18.219+0100] {logging_mixin.py:190} INFO - [2025-04-30T14:00:18.218+0100] {dagbag.py:588} INFO - Filling up the DagBag from /Users/dineshsammeta/anaconda3/envs/python38/lib/python3.8/site-packages/airflow/example_dags/example_sensor_decorator.py
[2025-04-30T14:00:18.269+0100] {processor.py:925} INFO - DAG(s) 'example_sensor_decorator' retrieved from /Users/dineshsammeta/anaconda3/envs/python38/lib/python3.8/site-packages/airflow/example_dags/example_sensor_decorator.py
[2025-04-30T14:00:18.321+0100] {logging_mixin.py:190} INFO - [2025-04-30T14:00:18.321+0100] {workday.py:41} WARNING - Could not import pandas. Holidays will not be considered.
[2025-04-30T14:00:18.331+0100] {logging_mixin.py:190} INFO - [2025-04-30T14:00:18.331+0100] {dag.py:3239} INFO - Sync 1 DAGs
[2025-04-30T14:00:18.337+0100] {logging_mixin.py:190} INFO - [2025-04-30T14:00:18.337+0100] {dag.py:4180} INFO - Setting next_dagrun for example_sensor_decorator to None, run_after=None
[2025-04-30T14:00:18.348+0100] {processor.py:208} INFO - Processing /Users/dineshsammeta/anaconda3/envs/python38/lib/python3.8/site-packages/airflow/example_dags/example_sensor_decorator.py took 0.133 seconds
[2025-04-30T14:01:47.096+0100] {processor.py:186} INFO - Started process (PID=69137) to work on /Users/dineshsammeta/anaconda3/envs/python38/lib/python3.8/site-packages/airflow/example_dags/example_sensor_decorator.py
[2025-04-30T14:01:47.097+0100] {processor.py:914} INFO - Processing file /Users/dineshsammeta/anaconda3/envs/python38/lib/python3.8/site-packages/airflow/example_dags/example_sensor_decorator.py for tasks to queue
[2025-04-30T14:01:47.098+0100] {logging_mixin.py:190} INFO - [2025-04-30T14:01:47.098+0100] {dagbag.py:588} INFO - Filling up the DagBag from /Users/dineshsammeta/anaconda3/envs/python38/lib/python3.8/site-packages/airflow/example_dags/example_sensor_decorator.py
[2025-04-30T14:01:47.150+0100] {processor.py:925} INFO - DAG(s) 'example_sensor_decorator' retrieved from /Users/dineshsammeta/anaconda3/envs/python38/lib/python3.8/site-packages/airflow/example_dags/example_sensor_decorator.py
[2025-04-30T14:01:47.202+0100] {logging_mixin.py:190} INFO - [2025-04-30T14:01:47.202+0100] {workday.py:41} WARNING - Could not import pandas. Holidays will not be considered.
[2025-04-30T14:01:47.212+0100] {logging_mixin.py:190} INFO - [2025-04-30T14:01:47.212+0100] {dag.py:3239} INFO - Sync 1 DAGs
[2025-04-30T14:01:47.219+0100] {logging_mixin.py:190} INFO - [2025-04-30T14:01:47.219+0100] {dag.py:4180} INFO - Setting next_dagrun for example_sensor_decorator to None, run_after=None
[2025-04-30T14:01:47.228+0100] {processor.py:208} INFO - Processing /Users/dineshsammeta/anaconda3/envs/python38/lib/python3.8/site-packages/airflow/example_dags/example_sensor_decorator.py took 0.134 seconds
[2025-04-30T14:34:55.730+0100] {processor.py:186} INFO - Started process (PID=69326) to work on /Users/dineshsammeta/anaconda3/envs/python38/lib/python3.8/site-packages/airflow/example_dags/example_sensor_decorator.py
[2025-04-30T14:34:55.731+0100] {processor.py:914} INFO - Processing file /Users/dineshsammeta/anaconda3/envs/python38/lib/python3.8/site-packages/airflow/example_dags/example_sensor_decorator.py for tasks to queue
[2025-04-30T14:34:55.731+0100] {logging_mixin.py:190} INFO - [2025-04-30T14:34:55.731+0100] {dagbag.py:588} INFO - Filling up the DagBag from /Users/dineshsammeta/anaconda3/envs/python38/lib/python3.8/site-packages/airflow/example_dags/example_sensor_decorator.py
[2025-04-30T14:34:55.784+0100] {processor.py:925} INFO - DAG(s) 'example_sensor_decorator' retrieved from /Users/dineshsammeta/anaconda3/envs/python38/lib/python3.8/site-packages/airflow/example_dags/example_sensor_decorator.py
[2025-04-30T14:34:55.837+0100] {logging_mixin.py:190} INFO - [2025-04-30T14:34:55.837+0100] {workday.py:41} WARNING - Could not import pandas. Holidays will not be considered.
[2025-04-30T14:34:55.847+0100] {logging_mixin.py:190} INFO - [2025-04-30T14:34:55.847+0100] {dag.py:3239} INFO - Sync 1 DAGs
[2025-04-30T14:34:55.854+0100] {logging_mixin.py:190} INFO - [2025-04-30T14:34:55.854+0100] {dag.py:4180} INFO - Setting next_dagrun for example_sensor_decorator to None, run_after=None
[2025-04-30T14:34:55.865+0100] {processor.py:208} INFO - Processing /Users/dineshsammeta/anaconda3/envs/python38/lib/python3.8/site-packages/airflow/example_dags/example_sensor_decorator.py took 0.137 seconds
[2025-04-30T15:39:11.958+0100] {processor.py:186} INFO - Started process (PID=69543) to work on /Users/dineshsammeta/anaconda3/envs/python38/lib/python3.8/site-packages/airflow/example_dags/example_sensor_decorator.py
[2025-04-30T15:39:11.960+0100] {processor.py:914} INFO - Processing file /Users/dineshsammeta/anaconda3/envs/python38/lib/python3.8/site-packages/airflow/example_dags/example_sensor_decorator.py for tasks to queue
[2025-04-30T15:39:11.960+0100] {logging_mixin.py:190} INFO - [2025-04-30T15:39:11.960+0100] {dagbag.py:588} INFO - Filling up the DagBag from /Users/dineshsammeta/anaconda3/envs/python38/lib/python3.8/site-packages/airflow/example_dags/example_sensor_decorator.py
[2025-04-30T15:39:12.010+0100] {processor.py:925} INFO - DAG(s) 'example_sensor_decorator' retrieved from /Users/dineshsammeta/anaconda3/envs/python38/lib/python3.8/site-packages/airflow/example_dags/example_sensor_decorator.py
[2025-04-30T15:39:12.064+0100] {logging_mixin.py:190} INFO - [2025-04-30T15:39:12.064+0100] {workday.py:41} WARNING - Could not import pandas. Holidays will not be considered.
[2025-04-30T15:39:12.074+0100] {logging_mixin.py:190} INFO - [2025-04-30T15:39:12.074+0100] {dag.py:3239} INFO - Sync 1 DAGs
[2025-04-30T15:39:12.081+0100] {logging_mixin.py:190} INFO - [2025-04-30T15:39:12.081+0100] {dag.py:4180} INFO - Setting next_dagrun for example_sensor_decorator to None, run_after=None
[2025-04-30T15:39:12.091+0100] {processor.py:208} INFO - Processing /Users/dineshsammeta/anaconda3/envs/python38/lib/python3.8/site-packages/airflow/example_dags/example_sensor_decorator.py took 0.135 seconds
[2025-04-30T15:41:03.798+0100] {processor.py:186} INFO - Started process (PID=69746) to work on /Users/dineshsammeta/anaconda3/envs/python38/lib/python3.8/site-packages/airflow/example_dags/example_sensor_decorator.py
[2025-04-30T15:41:03.799+0100] {processor.py:914} INFO - Processing file /Users/dineshsammeta/anaconda3/envs/python38/lib/python3.8/site-packages/airflow/example_dags/example_sensor_decorator.py for tasks to queue
[2025-04-30T15:41:03.800+0100] {logging_mixin.py:190} INFO - [2025-04-30T15:41:03.800+0100] {dagbag.py:588} INFO - Filling up the DagBag from /Users/dineshsammeta/anaconda3/envs/python38/lib/python3.8/site-packages/airflow/example_dags/example_sensor_decorator.py
[2025-04-30T15:41:03.852+0100] {processor.py:925} INFO - DAG(s) 'example_sensor_decorator' retrieved from /Users/dineshsammeta/anaconda3/envs/python38/lib/python3.8/site-packages/airflow/example_dags/example_sensor_decorator.py
[2025-04-30T15:41:03.904+0100] {logging_mixin.py:190} INFO - [2025-04-30T15:41:03.903+0100] {workday.py:41} WARNING - Could not import pandas. Holidays will not be considered.
[2025-04-30T15:41:03.914+0100] {logging_mixin.py:190} INFO - [2025-04-30T15:41:03.914+0100] {dag.py:3239} INFO - Sync 1 DAGs
[2025-04-30T15:41:03.920+0100] {logging_mixin.py:190} INFO - [2025-04-30T15:41:03.920+0100] {dag.py:4180} INFO - Setting next_dagrun for example_sensor_decorator to None, run_after=None
[2025-04-30T15:41:03.930+0100] {processor.py:208} INFO - Processing /Users/dineshsammeta/anaconda3/envs/python38/lib/python3.8/site-packages/airflow/example_dags/example_sensor_decorator.py took 0.135 seconds
[2025-04-30T15:42:32.658+0100] {processor.py:186} INFO - Started process (PID=69905) to work on /Users/dineshsammeta/anaconda3/envs/python38/lib/python3.8/site-packages/airflow/example_dags/example_sensor_decorator.py
[2025-04-30T15:42:32.659+0100] {processor.py:914} INFO - Processing file /Users/dineshsammeta/anaconda3/envs/python38/lib/python3.8/site-packages/airflow/example_dags/example_sensor_decorator.py for tasks to queue
[2025-04-30T15:42:32.660+0100] {logging_mixin.py:190} INFO - [2025-04-30T15:42:32.660+0100] {dagbag.py:588} INFO - Filling up the DagBag from /Users/dineshsammeta/anaconda3/envs/python38/lib/python3.8/site-packages/airflow/example_dags/example_sensor_decorator.py
[2025-04-30T15:42:32.710+0100] {processor.py:925} INFO - DAG(s) 'example_sensor_decorator' retrieved from /Users/dineshsammeta/anaconda3/envs/python38/lib/python3.8/site-packages/airflow/example_dags/example_sensor_decorator.py
[2025-04-30T15:42:32.762+0100] {logging_mixin.py:190} INFO - [2025-04-30T15:42:32.762+0100] {workday.py:41} WARNING - Could not import pandas. Holidays will not be considered.
[2025-04-30T15:42:32.773+0100] {logging_mixin.py:190} INFO - [2025-04-30T15:42:32.772+0100] {dag.py:3239} INFO - Sync 1 DAGs
[2025-04-30T15:42:32.779+0100] {logging_mixin.py:190} INFO - [2025-04-30T15:42:32.779+0100] {dag.py:4180} INFO - Setting next_dagrun for example_sensor_decorator to None, run_after=None
[2025-04-30T15:42:32.789+0100] {processor.py:208} INFO - Processing /Users/dineshsammeta/anaconda3/envs/python38/lib/python3.8/site-packages/airflow/example_dags/example_sensor_decorator.py took 0.133 seconds
[2025-04-30T15:44:04.171+0100] {processor.py:186} INFO - Started process (PID=70055) to work on /Users/dineshsammeta/anaconda3/envs/python38/lib/python3.8/site-packages/airflow/example_dags/example_sensor_decorator.py
[2025-04-30T15:44:04.173+0100] {processor.py:914} INFO - Processing file /Users/dineshsammeta/anaconda3/envs/python38/lib/python3.8/site-packages/airflow/example_dags/example_sensor_decorator.py for tasks to queue
[2025-04-30T15:44:04.173+0100] {logging_mixin.py:190} INFO - [2025-04-30T15:44:04.173+0100] {dagbag.py:588} INFO - Filling up the DagBag from /Users/dineshsammeta/anaconda3/envs/python38/lib/python3.8/site-packages/airflow/example_dags/example_sensor_decorator.py
[2025-04-30T15:44:04.225+0100] {processor.py:925} INFO - DAG(s) 'example_sensor_decorator' retrieved from /Users/dineshsammeta/anaconda3/envs/python38/lib/python3.8/site-packages/airflow/example_dags/example_sensor_decorator.py
[2025-04-30T15:44:04.277+0100] {logging_mixin.py:190} INFO - [2025-04-30T15:44:04.277+0100] {workday.py:41} WARNING - Could not import pandas. Holidays will not be considered.
[2025-04-30T15:44:04.287+0100] {logging_mixin.py:190} INFO - [2025-04-30T15:44:04.287+0100] {dag.py:3239} INFO - Sync 1 DAGs
[2025-04-30T15:44:04.294+0100] {logging_mixin.py:190} INFO - [2025-04-30T15:44:04.294+0100] {dag.py:4180} INFO - Setting next_dagrun for example_sensor_decorator to None, run_after=None
[2025-04-30T15:44:04.304+0100] {processor.py:208} INFO - Processing /Users/dineshsammeta/anaconda3/envs/python38/lib/python3.8/site-packages/airflow/example_dags/example_sensor_decorator.py took 0.135 seconds
[2025-04-30T15:45:41.540+0100] {processor.py:186} INFO - Started process (PID=70218) to work on /Users/dineshsammeta/anaconda3/envs/python38/lib/python3.8/site-packages/airflow/example_dags/example_sensor_decorator.py
[2025-04-30T15:45:41.542+0100] {processor.py:914} INFO - Processing file /Users/dineshsammeta/anaconda3/envs/python38/lib/python3.8/site-packages/airflow/example_dags/example_sensor_decorator.py for tasks to queue
[2025-04-30T15:45:41.542+0100] {logging_mixin.py:190} INFO - [2025-04-30T15:45:41.542+0100] {dagbag.py:588} INFO - Filling up the DagBag from /Users/dineshsammeta/anaconda3/envs/python38/lib/python3.8/site-packages/airflow/example_dags/example_sensor_decorator.py
[2025-04-30T15:45:41.597+0100] {processor.py:925} INFO - DAG(s) 'example_sensor_decorator' retrieved from /Users/dineshsammeta/anaconda3/envs/python38/lib/python3.8/site-packages/airflow/example_dags/example_sensor_decorator.py
[2025-04-30T15:45:41.649+0100] {logging_mixin.py:190} INFO - [2025-04-30T15:45:41.649+0100] {workday.py:41} WARNING - Could not import pandas. Holidays will not be considered.
[2025-04-30T15:45:41.660+0100] {logging_mixin.py:190} INFO - [2025-04-30T15:45:41.660+0100] {dag.py:3239} INFO - Sync 1 DAGs
[2025-04-30T15:45:41.667+0100] {logging_mixin.py:190} INFO - [2025-04-30T15:45:41.667+0100] {dag.py:4180} INFO - Setting next_dagrun for example_sensor_decorator to None, run_after=None
[2025-04-30T15:45:41.678+0100] {processor.py:208} INFO - Processing /Users/dineshsammeta/anaconda3/envs/python38/lib/python3.8/site-packages/airflow/example_dags/example_sensor_decorator.py took 0.140 seconds
