[2025-04-30T13:40:30.030+0100] {processor.py:186} INFO - Started process (PID=66680) to work on /Users/dineshsammeta/anaconda3/envs/python38/lib/python3.8/site-packages/airflow/example_dags/example_dynamic_task_mapping.py
[2025-04-30T13:40:30.031+0100] {processor.py:914} INFO - Processing file /Users/dineshsammeta/anaconda3/envs/python38/lib/python3.8/site-packages/airflow/example_dags/example_dynamic_task_mapping.py for tasks to queue
[2025-04-30T13:40:30.031+0100] {logging_mixin.py:190} INFO - [2025-04-30T13:40:30.031+0100] {dagbag.py:588} INFO - Filling up the DagBag from /Users/dineshsammeta/anaconda3/envs/python38/lib/python3.8/site-packages/airflow/example_dags/example_dynamic_task_mapping.py
[2025-04-30T13:40:30.088+0100] {processor.py:925} INFO - DAG(s) 'example_dynamic_task_mapping' retrieved from /Users/dineshsammeta/anaconda3/envs/python38/lib/python3.8/site-packages/airflow/example_dags/example_dynamic_task_mapping.py
[2025-04-30T13:40:30.145+0100] {logging_mixin.py:190} INFO - [2025-04-30T13:40:30.145+0100] {dag.py:3239} INFO - Sync 1 DAGs
[2025-04-30T13:40:30.169+0100] {logging_mixin.py:190} INFO - [2025-04-30T13:40:30.168+0100] {dag.py:4180} INFO - Setting next_dagrun for example_dynamic_task_mapping to None, run_after=None
[2025-04-30T13:40:30.180+0100] {processor.py:208} INFO - Processing /Users/dineshsammeta/anaconda3/envs/python38/lib/python3.8/site-packages/airflow/example_dags/example_dynamic_task_mapping.py took 0.152 seconds
[2025-04-30T13:42:28.512+0100] {processor.py:186} INFO - Started process (PID=66966) to work on /Users/dineshsammeta/anaconda3/envs/python38/lib/python3.8/site-packages/airflow/example_dags/example_dynamic_task_mapping.py
[2025-04-30T13:42:28.513+0100] {processor.py:914} INFO - Processing file /Users/dineshsammeta/anaconda3/envs/python38/lib/python3.8/site-packages/airflow/example_dags/example_dynamic_task_mapping.py for tasks to queue
[2025-04-30T13:42:28.514+0100] {logging_mixin.py:190} INFO - [2025-04-30T13:42:28.514+0100] {dagbag.py:588} INFO - Filling up the DagBag from /Users/dineshsammeta/anaconda3/envs/python38/lib/python3.8/site-packages/airflow/example_dags/example_dynamic_task_mapping.py
[2025-04-30T13:42:28.567+0100] {processor.py:925} INFO - DAG(s) 'example_dynamic_task_mapping' retrieved from /Users/dineshsammeta/anaconda3/envs/python38/lib/python3.8/site-packages/airflow/example_dags/example_dynamic_task_mapping.py
[2025-04-30T13:42:28.624+0100] {logging_mixin.py:190} INFO - [2025-04-30T13:42:28.624+0100] {dag.py:3239} INFO - Sync 1 DAGs
[2025-04-30T13:42:28.630+0100] {logging_mixin.py:190} INFO - [2025-04-30T13:42:28.630+0100] {dag.py:4180} INFO - Setting next_dagrun for example_dynamic_task_mapping to None, run_after=None
[2025-04-30T13:42:28.641+0100] {processor.py:208} INFO - Processing /Users/dineshsammeta/anaconda3/envs/python38/lib/python3.8/site-packages/airflow/example_dags/example_dynamic_task_mapping.py took 0.131 seconds
[2025-04-30T13:45:26.447+0100] {processor.py:186} INFO - Started process (PID=67310) to work on /Users/dineshsammeta/anaconda3/envs/python38/lib/python3.8/site-packages/airflow/example_dags/example_dynamic_task_mapping.py
[2025-04-30T13:45:26.448+0100] {processor.py:914} INFO - Processing file /Users/dineshsammeta/anaconda3/envs/python38/lib/python3.8/site-packages/airflow/example_dags/example_dynamic_task_mapping.py for tasks to queue
[2025-04-30T13:45:26.448+0100] {logging_mixin.py:190} INFO - [2025-04-30T13:45:26.448+0100] {dagbag.py:588} INFO - Filling up the DagBag from /Users/dineshsammeta/anaconda3/envs/python38/lib/python3.8/site-packages/airflow/example_dags/example_dynamic_task_mapping.py
[2025-04-30T13:45:26.503+0100] {processor.py:925} INFO - DAG(s) 'example_dynamic_task_mapping' retrieved from /Users/dineshsammeta/anaconda3/envs/python38/lib/python3.8/site-packages/airflow/example_dags/example_dynamic_task_mapping.py
[2025-04-30T13:45:26.561+0100] {logging_mixin.py:190} INFO - [2025-04-30T13:45:26.561+0100] {dag.py:3239} INFO - Sync 1 DAGs
[2025-04-30T13:45:26.567+0100] {logging_mixin.py:190} INFO - [2025-04-30T13:45:26.567+0100] {dag.py:4180} INFO - Setting next_dagrun for example_dynamic_task_mapping to None, run_after=None
[2025-04-30T13:45:26.578+0100] {processor.py:208} INFO - Processing /Users/dineshsammeta/anaconda3/envs/python38/lib/python3.8/site-packages/airflow/example_dags/example_dynamic_task_mapping.py took 0.133 seconds
[2025-04-30T13:48:25.328+0100] {processor.py:186} INFO - Started process (PID=67676) to work on /Users/dineshsammeta/anaconda3/envs/python38/lib/python3.8/site-packages/airflow/example_dags/example_dynamic_task_mapping.py
[2025-04-30T13:48:25.329+0100] {processor.py:914} INFO - Processing file /Users/dineshsammeta/anaconda3/envs/python38/lib/python3.8/site-packages/airflow/example_dags/example_dynamic_task_mapping.py for tasks to queue
[2025-04-30T13:48:25.329+0100] {logging_mixin.py:190} INFO - [2025-04-30T13:48:25.329+0100] {dagbag.py:588} INFO - Filling up the DagBag from /Users/dineshsammeta/anaconda3/envs/python38/lib/python3.8/site-packages/airflow/example_dags/example_dynamic_task_mapping.py
[2025-04-30T13:48:25.380+0100] {processor.py:925} INFO - DAG(s) 'example_dynamic_task_mapping' retrieved from /Users/dineshsammeta/anaconda3/envs/python38/lib/python3.8/site-packages/airflow/example_dags/example_dynamic_task_mapping.py
[2025-04-30T13:48:25.436+0100] {logging_mixin.py:190} INFO - [2025-04-30T13:48:25.435+0100] {dag.py:3239} INFO - Sync 1 DAGs
[2025-04-30T13:48:25.441+0100] {logging_mixin.py:190} INFO - [2025-04-30T13:48:25.441+0100] {dag.py:4180} INFO - Setting next_dagrun for example_dynamic_task_mapping to None, run_after=None
[2025-04-30T13:48:25.452+0100] {processor.py:208} INFO - Processing /Users/dineshsammeta/anaconda3/envs/python38/lib/python3.8/site-packages/airflow/example_dags/example_dynamic_task_mapping.py took 0.126 seconds
[2025-04-30T13:51:32.946+0100] {processor.py:186} INFO - Started process (PID=68007) to work on /Users/dineshsammeta/anaconda3/envs/python38/lib/python3.8/site-packages/airflow/example_dags/example_dynamic_task_mapping.py
[2025-04-30T13:51:32.947+0100] {processor.py:914} INFO - Processing file /Users/dineshsammeta/anaconda3/envs/python38/lib/python3.8/site-packages/airflow/example_dags/example_dynamic_task_mapping.py for tasks to queue
[2025-04-30T13:51:32.947+0100] {logging_mixin.py:190} INFO - [2025-04-30T13:51:32.947+0100] {dagbag.py:588} INFO - Filling up the DagBag from /Users/dineshsammeta/anaconda3/envs/python38/lib/python3.8/site-packages/airflow/example_dags/example_dynamic_task_mapping.py
[2025-04-30T13:51:33.001+0100] {processor.py:925} INFO - DAG(s) 'example_dynamic_task_mapping' retrieved from /Users/dineshsammeta/anaconda3/envs/python38/lib/python3.8/site-packages/airflow/example_dags/example_dynamic_task_mapping.py
[2025-04-30T13:51:33.059+0100] {logging_mixin.py:190} INFO - [2025-04-30T13:51:33.059+0100] {dag.py:3239} INFO - Sync 1 DAGs
[2025-04-30T13:51:33.067+0100] {logging_mixin.py:190} INFO - [2025-04-30T13:51:33.066+0100] {dag.py:4180} INFO - Setting next_dagrun for example_dynamic_task_mapping to None, run_after=None
[2025-04-30T13:51:33.078+0100] {processor.py:208} INFO - Processing /Users/dineshsammeta/anaconda3/envs/python38/lib/python3.8/site-packages/airflow/example_dags/example_dynamic_task_mapping.py took 0.135 seconds
[2025-04-30T13:54:43.294+0100] {processor.py:186} INFO - Started process (PID=68377) to work on /Users/dineshsammeta/anaconda3/envs/python38/lib/python3.8/site-packages/airflow/example_dags/example_dynamic_task_mapping.py
[2025-04-30T13:54:43.295+0100] {processor.py:914} INFO - Processing file /Users/dineshsammeta/anaconda3/envs/python38/lib/python3.8/site-packages/airflow/example_dags/example_dynamic_task_mapping.py for tasks to queue
[2025-04-30T13:54:43.295+0100] {logging_mixin.py:190} INFO - [2025-04-30T13:54:43.295+0100] {dagbag.py:588} INFO - Filling up the DagBag from /Users/dineshsammeta/anaconda3/envs/python38/lib/python3.8/site-packages/airflow/example_dags/example_dynamic_task_mapping.py
[2025-04-30T13:54:43.346+0100] {processor.py:925} INFO - DAG(s) 'example_dynamic_task_mapping' retrieved from /Users/dineshsammeta/anaconda3/envs/python38/lib/python3.8/site-packages/airflow/example_dags/example_dynamic_task_mapping.py
[2025-04-30T13:54:43.402+0100] {logging_mixin.py:190} INFO - [2025-04-30T13:54:43.402+0100] {dag.py:3239} INFO - Sync 1 DAGs
[2025-04-30T13:54:43.408+0100] {logging_mixin.py:190} INFO - [2025-04-30T13:54:43.408+0100] {dag.py:4180} INFO - Setting next_dagrun for example_dynamic_task_mapping to None, run_after=None
[2025-04-30T13:54:43.418+0100] {processor.py:208} INFO - Processing /Users/dineshsammeta/anaconda3/envs/python38/lib/python3.8/site-packages/airflow/example_dags/example_dynamic_task_mapping.py took 0.127 seconds
[2025-04-30T13:57:45.123+0100] {processor.py:186} INFO - Started process (PID=68692) to work on /Users/dineshsammeta/anaconda3/envs/python38/lib/python3.8/site-packages/airflow/example_dags/example_dynamic_task_mapping.py
[2025-04-30T13:57:45.124+0100] {processor.py:914} INFO - Processing file /Users/dineshsammeta/anaconda3/envs/python38/lib/python3.8/site-packages/airflow/example_dags/example_dynamic_task_mapping.py for tasks to queue
[2025-04-30T13:57:45.125+0100] {logging_mixin.py:190} INFO - [2025-04-30T13:57:45.125+0100] {dagbag.py:588} INFO - Filling up the DagBag from /Users/dineshsammeta/anaconda3/envs/python38/lib/python3.8/site-packages/airflow/example_dags/example_dynamic_task_mapping.py
[2025-04-30T13:57:45.175+0100] {processor.py:925} INFO - DAG(s) 'example_dynamic_task_mapping' retrieved from /Users/dineshsammeta/anaconda3/envs/python38/lib/python3.8/site-packages/airflow/example_dags/example_dynamic_task_mapping.py
[2025-04-30T13:57:45.231+0100] {logging_mixin.py:190} INFO - [2025-04-30T13:57:45.231+0100] {dag.py:3239} INFO - Sync 1 DAGs
[2025-04-30T13:57:45.237+0100] {logging_mixin.py:190} INFO - [2025-04-30T13:57:45.237+0100] {dag.py:4180} INFO - Setting next_dagrun for example_dynamic_task_mapping to None, run_after=None
[2025-04-30T13:57:45.249+0100] {processor.py:208} INFO - Processing /Users/dineshsammeta/anaconda3/envs/python38/lib/python3.8/site-packages/airflow/example_dags/example_dynamic_task_mapping.py took 0.128 seconds
[2025-04-30T14:00:43.287+0100] {processor.py:186} INFO - Started process (PID=69014) to work on /Users/dineshsammeta/anaconda3/envs/python38/lib/python3.8/site-packages/airflow/example_dags/example_dynamic_task_mapping.py
[2025-04-30T14:00:43.288+0100] {processor.py:914} INFO - Processing file /Users/dineshsammeta/anaconda3/envs/python38/lib/python3.8/site-packages/airflow/example_dags/example_dynamic_task_mapping.py for tasks to queue
[2025-04-30T14:00:43.289+0100] {logging_mixin.py:190} INFO - [2025-04-30T14:00:43.289+0100] {dagbag.py:588} INFO - Filling up the DagBag from /Users/dineshsammeta/anaconda3/envs/python38/lib/python3.8/site-packages/airflow/example_dags/example_dynamic_task_mapping.py
[2025-04-30T14:00:43.340+0100] {processor.py:925} INFO - DAG(s) 'example_dynamic_task_mapping' retrieved from /Users/dineshsammeta/anaconda3/envs/python38/lib/python3.8/site-packages/airflow/example_dags/example_dynamic_task_mapping.py
[2025-04-30T14:00:43.397+0100] {logging_mixin.py:190} INFO - [2025-04-30T14:00:43.397+0100] {dag.py:3239} INFO - Sync 1 DAGs
[2025-04-30T14:00:43.403+0100] {logging_mixin.py:190} INFO - [2025-04-30T14:00:43.403+0100] {dag.py:4180} INFO - Setting next_dagrun for example_dynamic_task_mapping to None, run_after=None
[2025-04-30T14:00:43.414+0100] {processor.py:208} INFO - Processing /Users/dineshsammeta/anaconda3/envs/python38/lib/python3.8/site-packages/airflow/example_dags/example_dynamic_task_mapping.py took 0.129 seconds
[2025-04-30T15:38:05.198+0100] {processor.py:186} INFO - Started process (PID=69396) to work on /Users/dineshsammeta/anaconda3/envs/python38/lib/python3.8/site-packages/airflow/example_dags/example_dynamic_task_mapping.py
[2025-04-30T15:38:05.200+0100] {processor.py:914} INFO - Processing file /Users/dineshsammeta/anaconda3/envs/python38/lib/python3.8/site-packages/airflow/example_dags/example_dynamic_task_mapping.py for tasks to queue
[2025-04-30T15:38:05.200+0100] {logging_mixin.py:190} INFO - [2025-04-30T15:38:05.200+0100] {dagbag.py:588} INFO - Filling up the DagBag from /Users/dineshsammeta/anaconda3/envs/python38/lib/python3.8/site-packages/airflow/example_dags/example_dynamic_task_mapping.py
[2025-04-30T15:38:05.341+0100] {processor.py:925} INFO - DAG(s) 'example_dynamic_task_mapping' retrieved from /Users/dineshsammeta/anaconda3/envs/python38/lib/python3.8/site-packages/airflow/example_dags/example_dynamic_task_mapping.py
[2025-04-30T15:38:05.601+0100] {logging_mixin.py:190} INFO - [2025-04-30T15:38:05.601+0100] {dag.py:3239} INFO - Sync 1 DAGs
[2025-04-30T15:38:05.618+0100] {logging_mixin.py:190} INFO - [2025-04-30T15:38:05.617+0100] {dag.py:4180} INFO - Setting next_dagrun for example_dynamic_task_mapping to None, run_after=None
[2025-04-30T15:38:05.650+0100] {processor.py:208} INFO - Processing /Users/dineshsammeta/anaconda3/envs/python38/lib/python3.8/site-packages/airflow/example_dags/example_dynamic_task_mapping.py took 0.454 seconds
[2025-04-30T15:41:28.792+0100] {processor.py:186} INFO - Started process (PID=69786) to work on /Users/dineshsammeta/anaconda3/envs/python38/lib/python3.8/site-packages/airflow/example_dags/example_dynamic_task_mapping.py
[2025-04-30T15:41:28.793+0100] {processor.py:914} INFO - Processing file /Users/dineshsammeta/anaconda3/envs/python38/lib/python3.8/site-packages/airflow/example_dags/example_dynamic_task_mapping.py for tasks to queue
[2025-04-30T15:41:28.793+0100] {logging_mixin.py:190} INFO - [2025-04-30T15:41:28.793+0100] {dagbag.py:588} INFO - Filling up the DagBag from /Users/dineshsammeta/anaconda3/envs/python38/lib/python3.8/site-packages/airflow/example_dags/example_dynamic_task_mapping.py
[2025-04-30T15:41:28.844+0100] {processor.py:925} INFO - DAG(s) 'example_dynamic_task_mapping' retrieved from /Users/dineshsammeta/anaconda3/envs/python38/lib/python3.8/site-packages/airflow/example_dags/example_dynamic_task_mapping.py
[2025-04-30T15:41:28.900+0100] {logging_mixin.py:190} INFO - [2025-04-30T15:41:28.900+0100] {dag.py:3239} INFO - Sync 1 DAGs
[2025-04-30T15:41:28.906+0100] {logging_mixin.py:190} INFO - [2025-04-30T15:41:28.906+0100] {dag.py:4180} INFO - Setting next_dagrun for example_dynamic_task_mapping to None, run_after=None
[2025-04-30T15:41:28.917+0100] {processor.py:208} INFO - Processing /Users/dineshsammeta/anaconda3/envs/python38/lib/python3.8/site-packages/airflow/example_dags/example_dynamic_task_mapping.py took 0.128 seconds
[2025-04-30T15:44:36.749+0100] {processor.py:186} INFO - Started process (PID=70107) to work on /Users/dineshsammeta/anaconda3/envs/python38/lib/python3.8/site-packages/airflow/example_dags/example_dynamic_task_mapping.py
[2025-04-30T15:44:36.750+0100] {processor.py:914} INFO - Processing file /Users/dineshsammeta/anaconda3/envs/python38/lib/python3.8/site-packages/airflow/example_dags/example_dynamic_task_mapping.py for tasks to queue
[2025-04-30T15:44:36.751+0100] {logging_mixin.py:190} INFO - [2025-04-30T15:44:36.751+0100] {dagbag.py:588} INFO - Filling up the DagBag from /Users/dineshsammeta/anaconda3/envs/python38/lib/python3.8/site-packages/airflow/example_dags/example_dynamic_task_mapping.py
[2025-04-30T15:44:36.804+0100] {processor.py:925} INFO - DAG(s) 'example_dynamic_task_mapping' retrieved from /Users/dineshsammeta/anaconda3/envs/python38/lib/python3.8/site-packages/airflow/example_dags/example_dynamic_task_mapping.py
[2025-04-30T15:44:36.861+0100] {logging_mixin.py:190} INFO - [2025-04-30T15:44:36.860+0100] {dag.py:3239} INFO - Sync 1 DAGs
[2025-04-30T15:44:36.867+0100] {logging_mixin.py:190} INFO - [2025-04-30T15:44:36.867+0100] {dag.py:4180} INFO - Setting next_dagrun for example_dynamic_task_mapping to None, run_after=None
[2025-04-30T15:44:36.878+0100] {processor.py:208} INFO - Processing /Users/dineshsammeta/anaconda3/envs/python38/lib/python3.8/site-packages/airflow/example_dags/example_dynamic_task_mapping.py took 0.131 seconds
