[2025-04-30T13:40:11.299+0100] {processor.py:186} INFO - Started process (PID=66643) to work on /Users/dineshsammeta/anaconda3/envs/python38/lib/python3.8/site-packages/airflow/example_dags/example_nested_branch_dag.py
[2025-04-30T13:40:11.300+0100] {processor.py:914} INFO - Processing file /Users/dineshsammeta/anaconda3/envs/python38/lib/python3.8/site-packages/airflow/example_dags/example_nested_branch_dag.py for tasks to queue
[2025-04-30T13:40:11.301+0100] {logging_mixin.py:190} INFO - [2025-04-30T13:40:11.301+0100] {dagbag.py:588} INFO - Filling up the DagBag from /Users/dineshsammeta/anaconda3/envs/python38/lib/python3.8/site-packages/airflow/example_dags/example_nested_branch_dag.py
[2025-04-30T13:40:11.352+0100] {processor.py:925} INFO - DAG(s) 'example_nested_branch_dag' retrieved from /Users/dineshsammeta/anaconda3/envs/python38/lib/python3.8/site-packages/airflow/example_dags/example_nested_branch_dag.py
[2025-04-30T13:40:11.409+0100] {logging_mixin.py:190} INFO - [2025-04-30T13:40:11.409+0100] {dag.py:3239} INFO - Sync 1 DAGs
[2025-04-30T13:40:11.421+0100] {logging_mixin.py:190} INFO - [2025-04-30T13:40:11.421+0100] {dag.py:4180} INFO - Setting next_dagrun for example_nested_branch_dag to 2025-04-29 00:00:00+00:00, run_after=2025-04-30 00:00:00+00:00
[2025-04-30T13:40:11.431+0100] {processor.py:208} INFO - Processing /Users/dineshsammeta/anaconda3/envs/python38/lib/python3.8/site-packages/airflow/example_dags/example_nested_branch_dag.py took 0.133 seconds
[2025-04-30T13:42:11.919+0100] {processor.py:186} INFO - Started process (PID=66932) to work on /Users/dineshsammeta/anaconda3/envs/python38/lib/python3.8/site-packages/airflow/example_dags/example_nested_branch_dag.py
[2025-04-30T13:42:11.920+0100] {processor.py:914} INFO - Processing file /Users/dineshsammeta/anaconda3/envs/python38/lib/python3.8/site-packages/airflow/example_dags/example_nested_branch_dag.py for tasks to queue
[2025-04-30T13:42:11.921+0100] {logging_mixin.py:190} INFO - [2025-04-30T13:42:11.920+0100] {dagbag.py:588} INFO - Filling up the DagBag from /Users/dineshsammeta/anaconda3/envs/python38/lib/python3.8/site-packages/airflow/example_dags/example_nested_branch_dag.py
[2025-04-30T13:42:11.972+0100] {processor.py:925} INFO - DAG(s) 'example_nested_branch_dag' retrieved from /Users/dineshsammeta/anaconda3/envs/python38/lib/python3.8/site-packages/airflow/example_dags/example_nested_branch_dag.py
[2025-04-30T13:42:12.030+0100] {logging_mixin.py:190} INFO - [2025-04-30T13:42:12.030+0100] {dag.py:3239} INFO - Sync 1 DAGs
[2025-04-30T13:42:12.041+0100] {logging_mixin.py:190} INFO - [2025-04-30T13:42:12.041+0100] {dag.py:4180} INFO - Setting next_dagrun for example_nested_branch_dag to 2025-04-29 00:00:00+00:00, run_after=2025-04-30 00:00:00+00:00
[2025-04-30T13:42:12.051+0100] {processor.py:208} INFO - Processing /Users/dineshsammeta/anaconda3/envs/python38/lib/python3.8/site-packages/airflow/example_dags/example_nested_branch_dag.py took 0.134 seconds
[2025-04-30T13:45:10.159+0100] {processor.py:186} INFO - Started process (PID=67275) to work on /Users/dineshsammeta/anaconda3/envs/python38/lib/python3.8/site-packages/airflow/example_dags/example_nested_branch_dag.py
[2025-04-30T13:45:10.160+0100] {processor.py:914} INFO - Processing file /Users/dineshsammeta/anaconda3/envs/python38/lib/python3.8/site-packages/airflow/example_dags/example_nested_branch_dag.py for tasks to queue
[2025-04-30T13:45:10.160+0100] {logging_mixin.py:190} INFO - [2025-04-30T13:45:10.160+0100] {dagbag.py:588} INFO - Filling up the DagBag from /Users/dineshsammeta/anaconda3/envs/python38/lib/python3.8/site-packages/airflow/example_dags/example_nested_branch_dag.py
[2025-04-30T13:45:10.213+0100] {processor.py:925} INFO - DAG(s) 'example_nested_branch_dag' retrieved from /Users/dineshsammeta/anaconda3/envs/python38/lib/python3.8/site-packages/airflow/example_dags/example_nested_branch_dag.py
[2025-04-30T13:45:10.270+0100] {logging_mixin.py:190} INFO - [2025-04-30T13:45:10.270+0100] {dag.py:3239} INFO - Sync 1 DAGs
[2025-04-30T13:45:10.282+0100] {logging_mixin.py:190} INFO - [2025-04-30T13:45:10.282+0100] {dag.py:4180} INFO - Setting next_dagrun for example_nested_branch_dag to 2025-04-29 00:00:00+00:00, run_after=2025-04-30 00:00:00+00:00
[2025-04-30T13:45:10.292+0100] {processor.py:208} INFO - Processing /Users/dineshsammeta/anaconda3/envs/python38/lib/python3.8/site-packages/airflow/example_dags/example_nested_branch_dag.py took 0.135 seconds
[2025-04-30T13:48:08.668+0100] {processor.py:186} INFO - Started process (PID=67642) to work on /Users/dineshsammeta/anaconda3/envs/python38/lib/python3.8/site-packages/airflow/example_dags/example_nested_branch_dag.py
[2025-04-30T13:48:08.669+0100] {processor.py:914} INFO - Processing file /Users/dineshsammeta/anaconda3/envs/python38/lib/python3.8/site-packages/airflow/example_dags/example_nested_branch_dag.py for tasks to queue
[2025-04-30T13:48:08.670+0100] {logging_mixin.py:190} INFO - [2025-04-30T13:48:08.670+0100] {dagbag.py:588} INFO - Filling up the DagBag from /Users/dineshsammeta/anaconda3/envs/python38/lib/python3.8/site-packages/airflow/example_dags/example_nested_branch_dag.py
[2025-04-30T13:48:08.726+0100] {processor.py:925} INFO - DAG(s) 'example_nested_branch_dag' retrieved from /Users/dineshsammeta/anaconda3/envs/python38/lib/python3.8/site-packages/airflow/example_dags/example_nested_branch_dag.py
[2025-04-30T13:48:08.784+0100] {logging_mixin.py:190} INFO - [2025-04-30T13:48:08.784+0100] {dag.py:3239} INFO - Sync 1 DAGs
[2025-04-30T13:48:08.796+0100] {logging_mixin.py:190} INFO - [2025-04-30T13:48:08.796+0100] {dag.py:4180} INFO - Setting next_dagrun for example_nested_branch_dag to 2025-04-29 00:00:00+00:00, run_after=2025-04-30 00:00:00+00:00
[2025-04-30T13:48:08.806+0100] {processor.py:208} INFO - Processing /Users/dineshsammeta/anaconda3/envs/python38/lib/python3.8/site-packages/airflow/example_dags/example_nested_branch_dag.py took 0.140 seconds
[2025-04-30T13:51:15.620+0100] {processor.py:186} INFO - Started process (PID=67979) to work on /Users/dineshsammeta/anaconda3/envs/python38/lib/python3.8/site-packages/airflow/example_dags/example_nested_branch_dag.py
[2025-04-30T13:51:15.623+0100] {processor.py:914} INFO - Processing file /Users/dineshsammeta/anaconda3/envs/python38/lib/python3.8/site-packages/airflow/example_dags/example_nested_branch_dag.py for tasks to queue
[2025-04-30T13:51:15.623+0100] {logging_mixin.py:190} INFO - [2025-04-30T13:51:15.623+0100] {dagbag.py:588} INFO - Filling up the DagBag from /Users/dineshsammeta/anaconda3/envs/python38/lib/python3.8/site-packages/airflow/example_dags/example_nested_branch_dag.py
[2025-04-30T13:51:15.676+0100] {processor.py:925} INFO - DAG(s) 'example_nested_branch_dag' retrieved from /Users/dineshsammeta/anaconda3/envs/python38/lib/python3.8/site-packages/airflow/example_dags/example_nested_branch_dag.py
[2025-04-30T13:51:15.733+0100] {logging_mixin.py:190} INFO - [2025-04-30T13:51:15.733+0100] {dag.py:3239} INFO - Sync 1 DAGs
[2025-04-30T13:51:15.745+0100] {logging_mixin.py:190} INFO - [2025-04-30T13:51:15.745+0100] {dag.py:4180} INFO - Setting next_dagrun for example_nested_branch_dag to 2025-04-29 00:00:00+00:00, run_after=2025-04-30 00:00:00+00:00
[2025-04-30T13:51:15.755+0100] {processor.py:208} INFO - Processing /Users/dineshsammeta/anaconda3/envs/python38/lib/python3.8/site-packages/airflow/example_dags/example_nested_branch_dag.py took 0.136 seconds
[2025-04-30T13:54:25.297+0100] {processor.py:186} INFO - Started process (PID=68334) to work on /Users/dineshsammeta/anaconda3/envs/python38/lib/python3.8/site-packages/airflow/example_dags/example_nested_branch_dag.py
[2025-04-30T13:54:25.298+0100] {processor.py:914} INFO - Processing file /Users/dineshsammeta/anaconda3/envs/python38/lib/python3.8/site-packages/airflow/example_dags/example_nested_branch_dag.py for tasks to queue
[2025-04-30T13:54:25.299+0100] {logging_mixin.py:190} INFO - [2025-04-30T13:54:25.299+0100] {dagbag.py:588} INFO - Filling up the DagBag from /Users/dineshsammeta/anaconda3/envs/python38/lib/python3.8/site-packages/airflow/example_dags/example_nested_branch_dag.py
[2025-04-30T13:54:25.351+0100] {processor.py:925} INFO - DAG(s) 'example_nested_branch_dag' retrieved from /Users/dineshsammeta/anaconda3/envs/python38/lib/python3.8/site-packages/airflow/example_dags/example_nested_branch_dag.py
[2025-04-30T13:54:25.410+0100] {logging_mixin.py:190} INFO - [2025-04-30T13:54:25.410+0100] {dag.py:3239} INFO - Sync 1 DAGs
[2025-04-30T13:54:25.421+0100] {logging_mixin.py:190} INFO - [2025-04-30T13:54:25.421+0100] {dag.py:4180} INFO - Setting next_dagrun for example_nested_branch_dag to 2025-04-29 00:00:00+00:00, run_after=2025-04-30 00:00:00+00:00
[2025-04-30T13:54:25.433+0100] {processor.py:208} INFO - Processing /Users/dineshsammeta/anaconda3/envs/python38/lib/python3.8/site-packages/airflow/example_dags/example_nested_branch_dag.py took 0.138 seconds
[2025-04-30T13:57:28.871+0100] {processor.py:186} INFO - Started process (PID=68664) to work on /Users/dineshsammeta/anaconda3/envs/python38/lib/python3.8/site-packages/airflow/example_dags/example_nested_branch_dag.py
[2025-04-30T13:57:28.873+0100] {processor.py:914} INFO - Processing file /Users/dineshsammeta/anaconda3/envs/python38/lib/python3.8/site-packages/airflow/example_dags/example_nested_branch_dag.py for tasks to queue
[2025-04-30T13:57:28.873+0100] {logging_mixin.py:190} INFO - [2025-04-30T13:57:28.873+0100] {dagbag.py:588} INFO - Filling up the DagBag from /Users/dineshsammeta/anaconda3/envs/python38/lib/python3.8/site-packages/airflow/example_dags/example_nested_branch_dag.py
[2025-04-30T13:57:28.925+0100] {processor.py:925} INFO - DAG(s) 'example_nested_branch_dag' retrieved from /Users/dineshsammeta/anaconda3/envs/python38/lib/python3.8/site-packages/airflow/example_dags/example_nested_branch_dag.py
[2025-04-30T13:57:28.982+0100] {logging_mixin.py:190} INFO - [2025-04-30T13:57:28.981+0100] {dag.py:3239} INFO - Sync 1 DAGs
[2025-04-30T13:57:28.993+0100] {logging_mixin.py:190} INFO - [2025-04-30T13:57:28.993+0100] {dag.py:4180} INFO - Setting next_dagrun for example_nested_branch_dag to 2025-04-29 00:00:00+00:00, run_after=2025-04-30 00:00:00+00:00
[2025-04-30T13:57:29.003+0100] {processor.py:208} INFO - Processing /Users/dineshsammeta/anaconda3/envs/python38/lib/python3.8/site-packages/airflow/example_dags/example_nested_branch_dag.py took 0.134 seconds
[2025-04-30T14:00:26.271+0100] {processor.py:186} INFO - Started process (PID=68985) to work on /Users/dineshsammeta/anaconda3/envs/python38/lib/python3.8/site-packages/airflow/example_dags/example_nested_branch_dag.py
[2025-04-30T14:00:26.272+0100] {processor.py:914} INFO - Processing file /Users/dineshsammeta/anaconda3/envs/python38/lib/python3.8/site-packages/airflow/example_dags/example_nested_branch_dag.py for tasks to queue
[2025-04-30T14:00:26.273+0100] {logging_mixin.py:190} INFO - [2025-04-30T14:00:26.273+0100] {dagbag.py:588} INFO - Filling up the DagBag from /Users/dineshsammeta/anaconda3/envs/python38/lib/python3.8/site-packages/airflow/example_dags/example_nested_branch_dag.py
[2025-04-30T14:00:26.324+0100] {processor.py:925} INFO - DAG(s) 'example_nested_branch_dag' retrieved from /Users/dineshsammeta/anaconda3/envs/python38/lib/python3.8/site-packages/airflow/example_dags/example_nested_branch_dag.py
[2025-04-30T14:00:26.382+0100] {logging_mixin.py:190} INFO - [2025-04-30T14:00:26.382+0100] {dag.py:3239} INFO - Sync 1 DAGs
[2025-04-30T14:00:26.394+0100] {logging_mixin.py:190} INFO - [2025-04-30T14:00:26.394+0100] {dag.py:4180} INFO - Setting next_dagrun for example_nested_branch_dag to 2025-04-29 00:00:00+00:00, run_after=2025-04-30 00:00:00+00:00
[2025-04-30T14:00:26.403+0100] {processor.py:208} INFO - Processing /Users/dineshsammeta/anaconda3/envs/python38/lib/python3.8/site-packages/airflow/example_dags/example_nested_branch_dag.py took 0.135 seconds
[2025-04-30T14:36:31.214+0100] {processor.py:186} INFO - Started process (PID=69345) to work on /Users/dineshsammeta/anaconda3/envs/python38/lib/python3.8/site-packages/airflow/example_dags/example_nested_branch_dag.py
[2025-04-30T14:36:31.215+0100] {processor.py:914} INFO - Processing file /Users/dineshsammeta/anaconda3/envs/python38/lib/python3.8/site-packages/airflow/example_dags/example_nested_branch_dag.py for tasks to queue
[2025-04-30T14:36:31.216+0100] {logging_mixin.py:190} INFO - [2025-04-30T14:36:31.216+0100] {dagbag.py:588} INFO - Filling up the DagBag from /Users/dineshsammeta/anaconda3/envs/python38/lib/python3.8/site-packages/airflow/example_dags/example_nested_branch_dag.py
[2025-04-30T14:36:31.269+0100] {processor.py:925} INFO - DAG(s) 'example_nested_branch_dag' retrieved from /Users/dineshsammeta/anaconda3/envs/python38/lib/python3.8/site-packages/airflow/example_dags/example_nested_branch_dag.py
[2025-04-30T14:36:31.326+0100] {logging_mixin.py:190} INFO - [2025-04-30T14:36:31.326+0100] {dag.py:3239} INFO - Sync 1 DAGs
[2025-04-30T14:36:31.336+0100] {logging_mixin.py:190} INFO - [2025-04-30T14:36:31.336+0100] {dag.py:4180} INFO - Setting next_dagrun for example_nested_branch_dag to 2025-04-29 00:00:00+00:00, run_after=2025-04-30 00:00:00+00:00
[2025-04-30T14:36:31.346+0100] {processor.py:208} INFO - Processing /Users/dineshsammeta/anaconda3/envs/python38/lib/python3.8/site-packages/airflow/example_dags/example_nested_branch_dag.py took 0.134 seconds
[2025-04-30T15:39:26.611+0100] {processor.py:186} INFO - Started process (PID=69569) to work on /Users/dineshsammeta/anaconda3/envs/python38/lib/python3.8/site-packages/airflow/example_dags/example_nested_branch_dag.py
[2025-04-30T15:39:26.612+0100] {processor.py:914} INFO - Processing file /Users/dineshsammeta/anaconda3/envs/python38/lib/python3.8/site-packages/airflow/example_dags/example_nested_branch_dag.py for tasks to queue
[2025-04-30T15:39:26.613+0100] {logging_mixin.py:190} INFO - [2025-04-30T15:39:26.613+0100] {dagbag.py:588} INFO - Filling up the DagBag from /Users/dineshsammeta/anaconda3/envs/python38/lib/python3.8/site-packages/airflow/example_dags/example_nested_branch_dag.py
[2025-04-30T15:39:26.665+0100] {processor.py:925} INFO - DAG(s) 'example_nested_branch_dag' retrieved from /Users/dineshsammeta/anaconda3/envs/python38/lib/python3.8/site-packages/airflow/example_dags/example_nested_branch_dag.py
[2025-04-30T15:39:26.724+0100] {logging_mixin.py:190} INFO - [2025-04-30T15:39:26.723+0100] {dag.py:3239} INFO - Sync 1 DAGs
[2025-04-30T15:39:26.735+0100] {logging_mixin.py:190} INFO - [2025-04-30T15:39:26.735+0100] {dag.py:4180} INFO - Setting next_dagrun for example_nested_branch_dag to 2025-04-29 00:00:00+00:00, run_after=2025-04-30 00:00:00+00:00
[2025-04-30T15:39:26.745+0100] {processor.py:208} INFO - Processing /Users/dineshsammeta/anaconda3/envs/python38/lib/python3.8/site-packages/airflow/example_dags/example_nested_branch_dag.py took 0.136 seconds
[2025-04-30T15:41:18.809+0100] {processor.py:186} INFO - Started process (PID=69770) to work on /Users/dineshsammeta/anaconda3/envs/python38/lib/python3.8/site-packages/airflow/example_dags/example_nested_branch_dag.py
[2025-04-30T15:41:18.810+0100] {processor.py:914} INFO - Processing file /Users/dineshsammeta/anaconda3/envs/python38/lib/python3.8/site-packages/airflow/example_dags/example_nested_branch_dag.py for tasks to queue
[2025-04-30T15:41:18.811+0100] {logging_mixin.py:190} INFO - [2025-04-30T15:41:18.810+0100] {dagbag.py:588} INFO - Filling up the DagBag from /Users/dineshsammeta/anaconda3/envs/python38/lib/python3.8/site-packages/airflow/example_dags/example_nested_branch_dag.py
[2025-04-30T15:41:18.863+0100] {processor.py:925} INFO - DAG(s) 'example_nested_branch_dag' retrieved from /Users/dineshsammeta/anaconda3/envs/python38/lib/python3.8/site-packages/airflow/example_dags/example_nested_branch_dag.py
[2025-04-30T15:41:18.921+0100] {logging_mixin.py:190} INFO - [2025-04-30T15:41:18.921+0100] {dag.py:3239} INFO - Sync 1 DAGs
[2025-04-30T15:41:18.932+0100] {logging_mixin.py:190} INFO - [2025-04-30T15:41:18.932+0100] {dag.py:4180} INFO - Setting next_dagrun for example_nested_branch_dag to 2025-04-29 00:00:00+00:00, run_after=2025-04-30 00:00:00+00:00
[2025-04-30T15:41:18.942+0100] {processor.py:208} INFO - Processing /Users/dineshsammeta/anaconda3/envs/python38/lib/python3.8/site-packages/airflow/example_dags/example_nested_branch_dag.py took 0.135 seconds
[2025-04-30T15:44:18.787+0100] {processor.py:186} INFO - Started process (PID=70079) to work on /Users/dineshsammeta/anaconda3/envs/python38/lib/python3.8/site-packages/airflow/example_dags/example_nested_branch_dag.py
[2025-04-30T15:44:18.788+0100] {processor.py:914} INFO - Processing file /Users/dineshsammeta/anaconda3/envs/python38/lib/python3.8/site-packages/airflow/example_dags/example_nested_branch_dag.py for tasks to queue
[2025-04-30T15:44:18.789+0100] {logging_mixin.py:190} INFO - [2025-04-30T15:44:18.789+0100] {dagbag.py:588} INFO - Filling up the DagBag from /Users/dineshsammeta/anaconda3/envs/python38/lib/python3.8/site-packages/airflow/example_dags/example_nested_branch_dag.py
[2025-04-30T15:44:18.841+0100] {processor.py:925} INFO - DAG(s) 'example_nested_branch_dag' retrieved from /Users/dineshsammeta/anaconda3/envs/python38/lib/python3.8/site-packages/airflow/example_dags/example_nested_branch_dag.py
[2025-04-30T15:44:18.899+0100] {logging_mixin.py:190} INFO - [2025-04-30T15:44:18.898+0100] {dag.py:3239} INFO - Sync 1 DAGs
[2025-04-30T15:44:18.910+0100] {logging_mixin.py:190} INFO - [2025-04-30T15:44:18.910+0100] {dag.py:4180} INFO - Setting next_dagrun for example_nested_branch_dag to 2025-04-29 00:00:00+00:00, run_after=2025-04-30 00:00:00+00:00
[2025-04-30T15:44:18.920+0100] {processor.py:208} INFO - Processing /Users/dineshsammeta/anaconda3/envs/python38/lib/python3.8/site-packages/airflow/example_dags/example_nested_branch_dag.py took 0.134 seconds
