[2025-04-30T13:39:52.222+0100] {processor.py:186} INFO - Started process (PID=66613) to work on /Users/dineshsammeta/anaconda3/envs/python38/lib/python3.8/site-packages/airflow/example_dags/example_setup_teardown.py
[2025-04-30T13:39:52.223+0100] {processor.py:914} INFO - Processing file /Users/dineshsammeta/anaconda3/envs/python38/lib/python3.8/site-packages/airflow/example_dags/example_setup_teardown.py for tasks to queue
[2025-04-30T13:39:52.223+0100] {logging_mixin.py:190} INFO - [2025-04-30T13:39:52.223+0100] {dagbag.py:588} INFO - Filling up the DagBag from /Users/dineshsammeta/anaconda3/envs/python38/lib/python3.8/site-packages/airflow/example_dags/example_setup_teardown.py
[2025-04-30T13:39:52.259+0100] {processor.py:925} INFO - DAG(s) 'example_setup_teardown' retrieved from /Users/dineshsammeta/anaconda3/envs/python38/lib/python3.8/site-packages/airflow/example_dags/example_setup_teardown.py
[2025-04-30T13:39:52.319+0100] {logging_mixin.py:190} INFO - [2025-04-30T13:39:52.319+0100] {dag.py:3239} INFO - Sync 1 DAGs
[2025-04-30T13:39:52.326+0100] {logging_mixin.py:190} INFO - [2025-04-30T13:39:52.326+0100] {dag.py:4180} INFO - Setting next_dagrun for example_setup_teardown to None, run_after=None
[2025-04-30T13:39:52.336+0100] {processor.py:208} INFO - Processing /Users/dineshsammeta/anaconda3/envs/python38/lib/python3.8/site-packages/airflow/example_dags/example_setup_teardown.py took 0.116 seconds
[2025-04-30T13:41:51.197+0100] {processor.py:186} INFO - Started process (PID=66896) to work on /Users/dineshsammeta/anaconda3/envs/python38/lib/python3.8/site-packages/airflow/example_dags/example_setup_teardown.py
[2025-04-30T13:41:51.198+0100] {processor.py:914} INFO - Processing file /Users/dineshsammeta/anaconda3/envs/python38/lib/python3.8/site-packages/airflow/example_dags/example_setup_teardown.py for tasks to queue
[2025-04-30T13:41:51.199+0100] {logging_mixin.py:190} INFO - [2025-04-30T13:41:51.199+0100] {dagbag.py:588} INFO - Filling up the DagBag from /Users/dineshsammeta/anaconda3/envs/python38/lib/python3.8/site-packages/airflow/example_dags/example_setup_teardown.py
[2025-04-30T13:41:51.234+0100] {processor.py:925} INFO - DAG(s) 'example_setup_teardown' retrieved from /Users/dineshsammeta/anaconda3/envs/python38/lib/python3.8/site-packages/airflow/example_dags/example_setup_teardown.py
[2025-04-30T13:41:51.293+0100] {logging_mixin.py:190} INFO - [2025-04-30T13:41:51.293+0100] {dag.py:3239} INFO - Sync 1 DAGs
[2025-04-30T13:41:51.299+0100] {logging_mixin.py:190} INFO - [2025-04-30T13:41:51.299+0100] {dag.py:4180} INFO - Setting next_dagrun for example_setup_teardown to None, run_after=None
[2025-04-30T13:41:51.309+0100] {processor.py:208} INFO - Processing /Users/dineshsammeta/anaconda3/envs/python38/lib/python3.8/site-packages/airflow/example_dags/example_setup_teardown.py took 0.114 seconds
[2025-04-30T13:43:22.312+0100] {processor.py:186} INFO - Started process (PID=67079) to work on /Users/dineshsammeta/anaconda3/envs/python38/lib/python3.8/site-packages/airflow/example_dags/example_setup_teardown.py
[2025-04-30T13:43:22.313+0100] {processor.py:914} INFO - Processing file /Users/dineshsammeta/anaconda3/envs/python38/lib/python3.8/site-packages/airflow/example_dags/example_setup_teardown.py for tasks to queue
[2025-04-30T13:43:22.314+0100] {logging_mixin.py:190} INFO - [2025-04-30T13:43:22.314+0100] {dagbag.py:588} INFO - Filling up the DagBag from /Users/dineshsammeta/anaconda3/envs/python38/lib/python3.8/site-packages/airflow/example_dags/example_setup_teardown.py
[2025-04-30T13:43:22.350+0100] {processor.py:925} INFO - DAG(s) 'example_setup_teardown' retrieved from /Users/dineshsammeta/anaconda3/envs/python38/lib/python3.8/site-packages/airflow/example_dags/example_setup_teardown.py
[2025-04-30T13:43:22.411+0100] {logging_mixin.py:190} INFO - [2025-04-30T13:43:22.411+0100] {dag.py:3239} INFO - Sync 1 DAGs
[2025-04-30T13:43:22.417+0100] {logging_mixin.py:190} INFO - [2025-04-30T13:43:22.416+0100] {dag.py:4180} INFO - Setting next_dagrun for example_setup_teardown to None, run_after=None
[2025-04-30T13:43:22.427+0100] {processor.py:208} INFO - Processing /Users/dineshsammeta/anaconda3/envs/python38/lib/python3.8/site-packages/airflow/example_dags/example_setup_teardown.py took 0.117 seconds
[2025-04-30T13:44:53.019+0100] {processor.py:186} INFO - Started process (PID=67243) to work on /Users/dineshsammeta/anaconda3/envs/python38/lib/python3.8/site-packages/airflow/example_dags/example_setup_teardown.py
[2025-04-30T13:44:53.020+0100] {processor.py:914} INFO - Processing file /Users/dineshsammeta/anaconda3/envs/python38/lib/python3.8/site-packages/airflow/example_dags/example_setup_teardown.py for tasks to queue
[2025-04-30T13:44:53.021+0100] {logging_mixin.py:190} INFO - [2025-04-30T13:44:53.021+0100] {dagbag.py:588} INFO - Filling up the DagBag from /Users/dineshsammeta/anaconda3/envs/python38/lib/python3.8/site-packages/airflow/example_dags/example_setup_teardown.py
[2025-04-30T13:44:53.060+0100] {processor.py:925} INFO - DAG(s) 'example_setup_teardown' retrieved from /Users/dineshsammeta/anaconda3/envs/python38/lib/python3.8/site-packages/airflow/example_dags/example_setup_teardown.py
[2025-04-30T13:44:53.120+0100] {logging_mixin.py:190} INFO - [2025-04-30T13:44:53.120+0100] {dag.py:3239} INFO - Sync 1 DAGs
[2025-04-30T13:44:53.126+0100] {logging_mixin.py:190} INFO - [2025-04-30T13:44:53.126+0100] {dag.py:4180} INFO - Setting next_dagrun for example_setup_teardown to None, run_after=None
[2025-04-30T13:44:53.137+0100] {processor.py:208} INFO - Processing /Users/dineshsammeta/anaconda3/envs/python38/lib/python3.8/site-packages/airflow/example_dags/example_setup_teardown.py took 0.120 seconds
[2025-04-30T13:46:20.793+0100] {processor.py:186} INFO - Started process (PID=67414) to work on /Users/dineshsammeta/anaconda3/envs/python38/lib/python3.8/site-packages/airflow/example_dags/example_setup_teardown.py
[2025-04-30T13:46:20.794+0100] {processor.py:914} INFO - Processing file /Users/dineshsammeta/anaconda3/envs/python38/lib/python3.8/site-packages/airflow/example_dags/example_setup_teardown.py for tasks to queue
[2025-04-30T13:46:20.795+0100] {logging_mixin.py:190} INFO - [2025-04-30T13:46:20.795+0100] {dagbag.py:588} INFO - Filling up the DagBag from /Users/dineshsammeta/anaconda3/envs/python38/lib/python3.8/site-packages/airflow/example_dags/example_setup_teardown.py
[2025-04-30T13:46:20.830+0100] {processor.py:925} INFO - DAG(s) 'example_setup_teardown' retrieved from /Users/dineshsammeta/anaconda3/envs/python38/lib/python3.8/site-packages/airflow/example_dags/example_setup_teardown.py
[2025-04-30T13:46:20.890+0100] {logging_mixin.py:190} INFO - [2025-04-30T13:46:20.890+0100] {dag.py:3239} INFO - Sync 1 DAGs
[2025-04-30T13:46:20.896+0100] {logging_mixin.py:190} INFO - [2025-04-30T13:46:20.896+0100] {dag.py:4180} INFO - Setting next_dagrun for example_setup_teardown to None, run_after=None
[2025-04-30T13:46:20.906+0100] {processor.py:208} INFO - Processing /Users/dineshsammeta/anaconda3/envs/python38/lib/python3.8/site-packages/airflow/example_dags/example_setup_teardown.py took 0.115 seconds
[2025-04-30T13:47:49.532+0100] {processor.py:186} INFO - Started process (PID=67598) to work on /Users/dineshsammeta/anaconda3/envs/python38/lib/python3.8/site-packages/airflow/example_dags/example_setup_teardown.py
[2025-04-30T13:47:49.533+0100] {processor.py:914} INFO - Processing file /Users/dineshsammeta/anaconda3/envs/python38/lib/python3.8/site-packages/airflow/example_dags/example_setup_teardown.py for tasks to queue
[2025-04-30T13:47:49.534+0100] {logging_mixin.py:190} INFO - [2025-04-30T13:47:49.534+0100] {dagbag.py:588} INFO - Filling up the DagBag from /Users/dineshsammeta/anaconda3/envs/python38/lib/python3.8/site-packages/airflow/example_dags/example_setup_teardown.py
[2025-04-30T13:47:49.570+0100] {processor.py:925} INFO - DAG(s) 'example_setup_teardown' retrieved from /Users/dineshsammeta/anaconda3/envs/python38/lib/python3.8/site-packages/airflow/example_dags/example_setup_teardown.py
[2025-04-30T13:47:49.628+0100] {logging_mixin.py:190} INFO - [2025-04-30T13:47:49.627+0100] {dag.py:3239} INFO - Sync 1 DAGs
[2025-04-30T13:47:49.633+0100] {logging_mixin.py:190} INFO - [2025-04-30T13:47:49.633+0100] {dag.py:4180} INFO - Setting next_dagrun for example_setup_teardown to None, run_after=None
[2025-04-30T13:47:49.643+0100] {processor.py:208} INFO - Processing /Users/dineshsammeta/anaconda3/envs/python38/lib/python3.8/site-packages/airflow/example_dags/example_setup_teardown.py took 0.113 seconds
[2025-04-30T13:49:20.239+0100] {processor.py:186} INFO - Started process (PID=67771) to work on /Users/dineshsammeta/anaconda3/envs/python38/lib/python3.8/site-packages/airflow/example_dags/example_setup_teardown.py
[2025-04-30T13:49:20.240+0100] {processor.py:914} INFO - Processing file /Users/dineshsammeta/anaconda3/envs/python38/lib/python3.8/site-packages/airflow/example_dags/example_setup_teardown.py for tasks to queue
[2025-04-30T13:49:20.241+0100] {logging_mixin.py:190} INFO - [2025-04-30T13:49:20.241+0100] {dagbag.py:588} INFO - Filling up the DagBag from /Users/dineshsammeta/anaconda3/envs/python38/lib/python3.8/site-packages/airflow/example_dags/example_setup_teardown.py
[2025-04-30T13:49:20.277+0100] {processor.py:925} INFO - DAG(s) 'example_setup_teardown' retrieved from /Users/dineshsammeta/anaconda3/envs/python38/lib/python3.8/site-packages/airflow/example_dags/example_setup_teardown.py
[2025-04-30T13:49:20.337+0100] {logging_mixin.py:190} INFO - [2025-04-30T13:49:20.336+0100] {dag.py:3239} INFO - Sync 1 DAGs
[2025-04-30T13:49:20.343+0100] {logging_mixin.py:190} INFO - [2025-04-30T13:49:20.343+0100] {dag.py:4180} INFO - Setting next_dagrun for example_setup_teardown to None, run_after=None
[2025-04-30T13:49:20.353+0100] {processor.py:208} INFO - Processing /Users/dineshsammeta/anaconda3/envs/python38/lib/python3.8/site-packages/airflow/example_dags/example_setup_teardown.py took 0.116 seconds
[2025-04-30T13:50:56.711+0100] {processor.py:186} INFO - Started process (PID=67948) to work on /Users/dineshsammeta/anaconda3/envs/python38/lib/python3.8/site-packages/airflow/example_dags/example_setup_teardown.py
[2025-04-30T13:50:56.712+0100] {processor.py:914} INFO - Processing file /Users/dineshsammeta/anaconda3/envs/python38/lib/python3.8/site-packages/airflow/example_dags/example_setup_teardown.py for tasks to queue
[2025-04-30T13:50:56.713+0100] {logging_mixin.py:190} INFO - [2025-04-30T13:50:56.712+0100] {dagbag.py:588} INFO - Filling up the DagBag from /Users/dineshsammeta/anaconda3/envs/python38/lib/python3.8/site-packages/airflow/example_dags/example_setup_teardown.py
[2025-04-30T13:50:56.749+0100] {processor.py:925} INFO - DAG(s) 'example_setup_teardown' retrieved from /Users/dineshsammeta/anaconda3/envs/python38/lib/python3.8/site-packages/airflow/example_dags/example_setup_teardown.py
[2025-04-30T13:50:56.808+0100] {logging_mixin.py:190} INFO - [2025-04-30T13:50:56.807+0100] {dag.py:3239} INFO - Sync 1 DAGs
[2025-04-30T13:50:56.814+0100] {logging_mixin.py:190} INFO - [2025-04-30T13:50:56.814+0100] {dag.py:4180} INFO - Setting next_dagrun for example_setup_teardown to None, run_after=None
[2025-04-30T13:50:56.824+0100] {processor.py:208} INFO - Processing /Users/dineshsammeta/anaconda3/envs/python38/lib/python3.8/site-packages/airflow/example_dags/example_setup_teardown.py took 0.115 seconds
[2025-04-30T13:52:27.648+0100] {processor.py:186} INFO - Started process (PID=68111) to work on /Users/dineshsammeta/anaconda3/envs/python38/lib/python3.8/site-packages/airflow/example_dags/example_setup_teardown.py
[2025-04-30T13:52:27.649+0100] {processor.py:914} INFO - Processing file /Users/dineshsammeta/anaconda3/envs/python38/lib/python3.8/site-packages/airflow/example_dags/example_setup_teardown.py for tasks to queue
[2025-04-30T13:52:27.650+0100] {logging_mixin.py:190} INFO - [2025-04-30T13:52:27.649+0100] {dagbag.py:588} INFO - Filling up the DagBag from /Users/dineshsammeta/anaconda3/envs/python38/lib/python3.8/site-packages/airflow/example_dags/example_setup_teardown.py
[2025-04-30T13:52:27.685+0100] {processor.py:925} INFO - DAG(s) 'example_setup_teardown' retrieved from /Users/dineshsammeta/anaconda3/envs/python38/lib/python3.8/site-packages/airflow/example_dags/example_setup_teardown.py
[2025-04-30T13:52:27.744+0100] {logging_mixin.py:190} INFO - [2025-04-30T13:52:27.744+0100] {dag.py:3239} INFO - Sync 1 DAGs
[2025-04-30T13:52:27.751+0100] {logging_mixin.py:190} INFO - [2025-04-30T13:52:27.751+0100] {dag.py:4180} INFO - Setting next_dagrun for example_setup_teardown to None, run_after=None
[2025-04-30T13:52:27.761+0100] {processor.py:208} INFO - Processing /Users/dineshsammeta/anaconda3/envs/python38/lib/python3.8/site-packages/airflow/example_dags/example_setup_teardown.py took 0.115 seconds
[2025-04-30T13:54:06.207+0100] {processor.py:186} INFO - Started process (PID=68297) to work on /Users/dineshsammeta/anaconda3/envs/python38/lib/python3.8/site-packages/airflow/example_dags/example_setup_teardown.py
[2025-04-30T13:54:06.208+0100] {processor.py:914} INFO - Processing file /Users/dineshsammeta/anaconda3/envs/python38/lib/python3.8/site-packages/airflow/example_dags/example_setup_teardown.py for tasks to queue
[2025-04-30T13:54:06.209+0100] {logging_mixin.py:190} INFO - [2025-04-30T13:54:06.209+0100] {dagbag.py:588} INFO - Filling up the DagBag from /Users/dineshsammeta/anaconda3/envs/python38/lib/python3.8/site-packages/airflow/example_dags/example_setup_teardown.py
[2025-04-30T13:54:06.245+0100] {processor.py:925} INFO - DAG(s) 'example_setup_teardown' retrieved from /Users/dineshsammeta/anaconda3/envs/python38/lib/python3.8/site-packages/airflow/example_dags/example_setup_teardown.py
[2025-04-30T13:54:06.302+0100] {logging_mixin.py:190} INFO - [2025-04-30T13:54:06.302+0100] {dag.py:3239} INFO - Sync 1 DAGs
[2025-04-30T13:54:06.308+0100] {logging_mixin.py:190} INFO - [2025-04-30T13:54:06.308+0100] {dag.py:4180} INFO - Setting next_dagrun for example_setup_teardown to None, run_after=None
[2025-04-30T13:54:06.318+0100] {processor.py:208} INFO - Processing /Users/dineshsammeta/anaconda3/envs/python38/lib/python3.8/site-packages/airflow/example_dags/example_setup_teardown.py took 0.113 seconds
[2025-04-30T13:55:43.109+0100] {processor.py:186} INFO - Started process (PID=68484) to work on /Users/dineshsammeta/anaconda3/envs/python38/lib/python3.8/site-packages/airflow/example_dags/example_setup_teardown.py
[2025-04-30T13:55:43.110+0100] {processor.py:914} INFO - Processing file /Users/dineshsammeta/anaconda3/envs/python38/lib/python3.8/site-packages/airflow/example_dags/example_setup_teardown.py for tasks to queue
[2025-04-30T13:55:43.111+0100] {logging_mixin.py:190} INFO - [2025-04-30T13:55:43.111+0100] {dagbag.py:588} INFO - Filling up the DagBag from /Users/dineshsammeta/anaconda3/envs/python38/lib/python3.8/site-packages/airflow/example_dags/example_setup_teardown.py
[2025-04-30T13:55:43.146+0100] {processor.py:925} INFO - DAG(s) 'example_setup_teardown' retrieved from /Users/dineshsammeta/anaconda3/envs/python38/lib/python3.8/site-packages/airflow/example_dags/example_setup_teardown.py
[2025-04-30T13:55:43.205+0100] {logging_mixin.py:190} INFO - [2025-04-30T13:55:43.205+0100] {dag.py:3239} INFO - Sync 1 DAGs
[2025-04-30T13:55:43.211+0100] {logging_mixin.py:190} INFO - [2025-04-30T13:55:43.211+0100] {dag.py:4180} INFO - Setting next_dagrun for example_setup_teardown to None, run_after=None
[2025-04-30T13:55:43.221+0100] {processor.py:208} INFO - Processing /Users/dineshsammeta/anaconda3/envs/python38/lib/python3.8/site-packages/airflow/example_dags/example_setup_teardown.py took 0.113 seconds
[2025-04-30T13:57:16.192+0100] {processor.py:186} INFO - Started process (PID=68642) to work on /Users/dineshsammeta/anaconda3/envs/python38/lib/python3.8/site-packages/airflow/example_dags/example_setup_teardown.py
[2025-04-30T13:57:16.193+0100] {processor.py:914} INFO - Processing file /Users/dineshsammeta/anaconda3/envs/python38/lib/python3.8/site-packages/airflow/example_dags/example_setup_teardown.py for tasks to queue
[2025-04-30T13:57:16.194+0100] {logging_mixin.py:190} INFO - [2025-04-30T13:57:16.193+0100] {dagbag.py:588} INFO - Filling up the DagBag from /Users/dineshsammeta/anaconda3/envs/python38/lib/python3.8/site-packages/airflow/example_dags/example_setup_teardown.py
[2025-04-30T13:57:16.230+0100] {processor.py:925} INFO - DAG(s) 'example_setup_teardown' retrieved from /Users/dineshsammeta/anaconda3/envs/python38/lib/python3.8/site-packages/airflow/example_dags/example_setup_teardown.py
[2025-04-30T13:57:16.288+0100] {logging_mixin.py:190} INFO - [2025-04-30T13:57:16.288+0100] {dag.py:3239} INFO - Sync 1 DAGs
[2025-04-30T13:57:16.294+0100] {logging_mixin.py:190} INFO - [2025-04-30T13:57:16.294+0100] {dag.py:4180} INFO - Setting next_dagrun for example_setup_teardown to None, run_after=None
[2025-04-30T13:57:16.303+0100] {processor.py:208} INFO - Processing /Users/dineshsammeta/anaconda3/envs/python38/lib/python3.8/site-packages/airflow/example_dags/example_setup_teardown.py took 0.114 seconds
[2025-04-30T13:58:45.573+0100] {processor.py:186} INFO - Started process (PID=68797) to work on /Users/dineshsammeta/anaconda3/envs/python38/lib/python3.8/site-packages/airflow/example_dags/example_setup_teardown.py
[2025-04-30T13:58:45.574+0100] {processor.py:914} INFO - Processing file /Users/dineshsammeta/anaconda3/envs/python38/lib/python3.8/site-packages/airflow/example_dags/example_setup_teardown.py for tasks to queue
[2025-04-30T13:58:45.574+0100] {logging_mixin.py:190} INFO - [2025-04-30T13:58:45.574+0100] {dagbag.py:588} INFO - Filling up the DagBag from /Users/dineshsammeta/anaconda3/envs/python38/lib/python3.8/site-packages/airflow/example_dags/example_setup_teardown.py
[2025-04-30T13:58:45.611+0100] {processor.py:925} INFO - DAG(s) 'example_setup_teardown' retrieved from /Users/dineshsammeta/anaconda3/envs/python38/lib/python3.8/site-packages/airflow/example_dags/example_setup_teardown.py
[2025-04-30T13:58:45.670+0100] {logging_mixin.py:190} INFO - [2025-04-30T13:58:45.670+0100] {dag.py:3239} INFO - Sync 1 DAGs
[2025-04-30T13:58:45.676+0100] {logging_mixin.py:190} INFO - [2025-04-30T13:58:45.676+0100] {dag.py:4180} INFO - Setting next_dagrun for example_setup_teardown to None, run_after=None
[2025-04-30T13:58:45.686+0100] {processor.py:208} INFO - Processing /Users/dineshsammeta/anaconda3/envs/python38/lib/python3.8/site-packages/airflow/example_dags/example_setup_teardown.py took 0.115 seconds
[2025-04-30T14:00:13.575+0100] {processor.py:186} INFO - Started process (PID=68961) to work on /Users/dineshsammeta/anaconda3/envs/python38/lib/python3.8/site-packages/airflow/example_dags/example_setup_teardown.py
[2025-04-30T14:00:13.577+0100] {processor.py:914} INFO - Processing file /Users/dineshsammeta/anaconda3/envs/python38/lib/python3.8/site-packages/airflow/example_dags/example_setup_teardown.py for tasks to queue
[2025-04-30T14:00:13.577+0100] {logging_mixin.py:190} INFO - [2025-04-30T14:00:13.577+0100] {dagbag.py:588} INFO - Filling up the DagBag from /Users/dineshsammeta/anaconda3/envs/python38/lib/python3.8/site-packages/airflow/example_dags/example_setup_teardown.py
[2025-04-30T14:00:13.613+0100] {processor.py:925} INFO - DAG(s) 'example_setup_teardown' retrieved from /Users/dineshsammeta/anaconda3/envs/python38/lib/python3.8/site-packages/airflow/example_dags/example_setup_teardown.py
[2025-04-30T14:00:13.671+0100] {logging_mixin.py:190} INFO - [2025-04-30T14:00:13.671+0100] {dag.py:3239} INFO - Sync 1 DAGs
[2025-04-30T14:00:13.677+0100] {logging_mixin.py:190} INFO - [2025-04-30T14:00:13.677+0100] {dag.py:4180} INFO - Setting next_dagrun for example_setup_teardown to None, run_after=None
[2025-04-30T14:00:13.687+0100] {processor.py:208} INFO - Processing /Users/dineshsammeta/anaconda3/envs/python38/lib/python3.8/site-packages/airflow/example_dags/example_setup_teardown.py took 0.114 seconds
[2025-04-30T14:01:42.810+0100] {processor.py:186} INFO - Started process (PID=69130) to work on /Users/dineshsammeta/anaconda3/envs/python38/lib/python3.8/site-packages/airflow/example_dags/example_setup_teardown.py
[2025-04-30T14:01:42.811+0100] {processor.py:914} INFO - Processing file /Users/dineshsammeta/anaconda3/envs/python38/lib/python3.8/site-packages/airflow/example_dags/example_setup_teardown.py for tasks to queue
[2025-04-30T14:01:42.812+0100] {logging_mixin.py:190} INFO - [2025-04-30T14:01:42.812+0100] {dagbag.py:588} INFO - Filling up the DagBag from /Users/dineshsammeta/anaconda3/envs/python38/lib/python3.8/site-packages/airflow/example_dags/example_setup_teardown.py
[2025-04-30T14:01:42.848+0100] {processor.py:925} INFO - DAG(s) 'example_setup_teardown' retrieved from /Users/dineshsammeta/anaconda3/envs/python38/lib/python3.8/site-packages/airflow/example_dags/example_setup_teardown.py
[2025-04-30T14:01:42.909+0100] {logging_mixin.py:190} INFO - [2025-04-30T14:01:42.909+0100] {dag.py:3239} INFO - Sync 1 DAGs
[2025-04-30T14:01:42.915+0100] {logging_mixin.py:190} INFO - [2025-04-30T14:01:42.915+0100] {dag.py:4180} INFO - Setting next_dagrun for example_setup_teardown to None, run_after=None
[2025-04-30T14:01:42.924+0100] {processor.py:208} INFO - Processing /Users/dineshsammeta/anaconda3/envs/python38/lib/python3.8/site-packages/airflow/example_dags/example_setup_teardown.py took 0.116 seconds
[2025-04-30T14:34:52.411+0100] {processor.py:186} INFO - Started process (PID=69312) to work on /Users/dineshsammeta/anaconda3/envs/python38/lib/python3.8/site-packages/airflow/example_dags/example_setup_teardown.py
[2025-04-30T14:34:52.412+0100] {processor.py:914} INFO - Processing file /Users/dineshsammeta/anaconda3/envs/python38/lib/python3.8/site-packages/airflow/example_dags/example_setup_teardown.py for tasks to queue
[2025-04-30T14:34:52.413+0100] {logging_mixin.py:190} INFO - [2025-04-30T14:34:52.413+0100] {dagbag.py:588} INFO - Filling up the DagBag from /Users/dineshsammeta/anaconda3/envs/python38/lib/python3.8/site-packages/airflow/example_dags/example_setup_teardown.py
[2025-04-30T14:34:52.450+0100] {processor.py:925} INFO - DAG(s) 'example_setup_teardown' retrieved from /Users/dineshsammeta/anaconda3/envs/python38/lib/python3.8/site-packages/airflow/example_dags/example_setup_teardown.py
[2025-04-30T14:34:52.511+0100] {logging_mixin.py:190} INFO - [2025-04-30T14:34:52.511+0100] {dag.py:3239} INFO - Sync 1 DAGs
[2025-04-30T14:34:52.517+0100] {logging_mixin.py:190} INFO - [2025-04-30T14:34:52.517+0100] {dag.py:4180} INFO - Setting next_dagrun for example_setup_teardown to None, run_after=None
[2025-04-30T14:34:52.528+0100] {processor.py:208} INFO - Processing /Users/dineshsammeta/anaconda3/envs/python38/lib/python3.8/site-packages/airflow/example_dags/example_setup_teardown.py took 0.119 seconds
[2025-04-30T15:39:07.920+0100] {processor.py:186} INFO - Started process (PID=69531) to work on /Users/dineshsammeta/anaconda3/envs/python38/lib/python3.8/site-packages/airflow/example_dags/example_setup_teardown.py
[2025-04-30T15:39:07.921+0100] {processor.py:914} INFO - Processing file /Users/dineshsammeta/anaconda3/envs/python38/lib/python3.8/site-packages/airflow/example_dags/example_setup_teardown.py for tasks to queue
[2025-04-30T15:39:07.921+0100] {logging_mixin.py:190} INFO - [2025-04-30T15:39:07.921+0100] {dagbag.py:588} INFO - Filling up the DagBag from /Users/dineshsammeta/anaconda3/envs/python38/lib/python3.8/site-packages/airflow/example_dags/example_setup_teardown.py
[2025-04-30T15:39:07.957+0100] {processor.py:925} INFO - DAG(s) 'example_setup_teardown' retrieved from /Users/dineshsammeta/anaconda3/envs/python38/lib/python3.8/site-packages/airflow/example_dags/example_setup_teardown.py
[2025-04-30T15:39:08.016+0100] {logging_mixin.py:190} INFO - [2025-04-30T15:39:08.016+0100] {dag.py:3239} INFO - Sync 1 DAGs
[2025-04-30T15:39:08.022+0100] {logging_mixin.py:190} INFO - [2025-04-30T15:39:08.021+0100] {dag.py:4180} INFO - Setting next_dagrun for example_setup_teardown to None, run_after=None
[2025-04-30T15:39:08.032+0100] {processor.py:208} INFO - Processing /Users/dineshsammeta/anaconda3/envs/python38/lib/python3.8/site-packages/airflow/example_dags/example_setup_teardown.py took 0.114 seconds
[2025-04-30T15:40:59.744+0100] {processor.py:186} INFO - Started process (PID=69736) to work on /Users/dineshsammeta/anaconda3/envs/python38/lib/python3.8/site-packages/airflow/example_dags/example_setup_teardown.py
[2025-04-30T15:40:59.745+0100] {processor.py:914} INFO - Processing file /Users/dineshsammeta/anaconda3/envs/python38/lib/python3.8/site-packages/airflow/example_dags/example_setup_teardown.py for tasks to queue
[2025-04-30T15:40:59.745+0100] {logging_mixin.py:190} INFO - [2025-04-30T15:40:59.745+0100] {dagbag.py:588} INFO - Filling up the DagBag from /Users/dineshsammeta/anaconda3/envs/python38/lib/python3.8/site-packages/airflow/example_dags/example_setup_teardown.py
[2025-04-30T15:40:59.781+0100] {processor.py:925} INFO - DAG(s) 'example_setup_teardown' retrieved from /Users/dineshsammeta/anaconda3/envs/python38/lib/python3.8/site-packages/airflow/example_dags/example_setup_teardown.py
[2025-04-30T15:40:59.840+0100] {logging_mixin.py:190} INFO - [2025-04-30T15:40:59.840+0100] {dag.py:3239} INFO - Sync 1 DAGs
[2025-04-30T15:40:59.846+0100] {logging_mixin.py:190} INFO - [2025-04-30T15:40:59.846+0100] {dag.py:4180} INFO - Setting next_dagrun for example_setup_teardown to None, run_after=None
[2025-04-30T15:40:59.856+0100] {processor.py:208} INFO - Processing /Users/dineshsammeta/anaconda3/envs/python38/lib/python3.8/site-packages/airflow/example_dags/example_setup_teardown.py took 0.114 seconds
[2025-04-30T15:42:29.026+0100] {processor.py:186} INFO - Started process (PID=69898) to work on /Users/dineshsammeta/anaconda3/envs/python38/lib/python3.8/site-packages/airflow/example_dags/example_setup_teardown.py
[2025-04-30T15:42:29.027+0100] {processor.py:914} INFO - Processing file /Users/dineshsammeta/anaconda3/envs/python38/lib/python3.8/site-packages/airflow/example_dags/example_setup_teardown.py for tasks to queue
[2025-04-30T15:42:29.028+0100] {logging_mixin.py:190} INFO - [2025-04-30T15:42:29.028+0100] {dagbag.py:588} INFO - Filling up the DagBag from /Users/dineshsammeta/anaconda3/envs/python38/lib/python3.8/site-packages/airflow/example_dags/example_setup_teardown.py
[2025-04-30T15:42:29.063+0100] {processor.py:925} INFO - DAG(s) 'example_setup_teardown' retrieved from /Users/dineshsammeta/anaconda3/envs/python38/lib/python3.8/site-packages/airflow/example_dags/example_setup_teardown.py
[2025-04-30T15:42:29.122+0100] {logging_mixin.py:190} INFO - [2025-04-30T15:42:29.122+0100] {dag.py:3239} INFO - Sync 1 DAGs
[2025-04-30T15:42:29.128+0100] {logging_mixin.py:190} INFO - [2025-04-30T15:42:29.128+0100] {dag.py:4180} INFO - Setting next_dagrun for example_setup_teardown to None, run_after=None
[2025-04-30T15:42:29.138+0100] {processor.py:208} INFO - Processing /Users/dineshsammeta/anaconda3/envs/python38/lib/python3.8/site-packages/airflow/example_dags/example_setup_teardown.py took 0.114 seconds
[2025-04-30T15:43:59.474+0100] {processor.py:186} INFO - Started process (PID=70048) to work on /Users/dineshsammeta/anaconda3/envs/python38/lib/python3.8/site-packages/airflow/example_dags/example_setup_teardown.py
[2025-04-30T15:43:59.476+0100] {processor.py:914} INFO - Processing file /Users/dineshsammeta/anaconda3/envs/python38/lib/python3.8/site-packages/airflow/example_dags/example_setup_teardown.py for tasks to queue
[2025-04-30T15:43:59.476+0100] {logging_mixin.py:190} INFO - [2025-04-30T15:43:59.476+0100] {dagbag.py:588} INFO - Filling up the DagBag from /Users/dineshsammeta/anaconda3/envs/python38/lib/python3.8/site-packages/airflow/example_dags/example_setup_teardown.py
[2025-04-30T15:43:59.517+0100] {processor.py:925} INFO - DAG(s) 'example_setup_teardown' retrieved from /Users/dineshsammeta/anaconda3/envs/python38/lib/python3.8/site-packages/airflow/example_dags/example_setup_teardown.py
[2025-04-30T15:43:59.578+0100] {logging_mixin.py:190} INFO - [2025-04-30T15:43:59.578+0100] {dag.py:3239} INFO - Sync 1 DAGs
[2025-04-30T15:43:59.584+0100] {logging_mixin.py:190} INFO - [2025-04-30T15:43:59.584+0100] {dag.py:4180} INFO - Setting next_dagrun for example_setup_teardown to None, run_after=None
[2025-04-30T15:43:59.594+0100] {processor.py:208} INFO - Processing /Users/dineshsammeta/anaconda3/envs/python38/lib/python3.8/site-packages/airflow/example_dags/example_setup_teardown.py took 0.123 seconds
[2025-04-30T15:45:36.899+0100] {processor.py:186} INFO - Started process (PID=70211) to work on /Users/dineshsammeta/anaconda3/envs/python38/lib/python3.8/site-packages/airflow/example_dags/example_setup_teardown.py
[2025-04-30T15:45:36.901+0100] {processor.py:914} INFO - Processing file /Users/dineshsammeta/anaconda3/envs/python38/lib/python3.8/site-packages/airflow/example_dags/example_setup_teardown.py for tasks to queue
[2025-04-30T15:45:36.901+0100] {logging_mixin.py:190} INFO - [2025-04-30T15:45:36.901+0100] {dagbag.py:588} INFO - Filling up the DagBag from /Users/dineshsammeta/anaconda3/envs/python38/lib/python3.8/site-packages/airflow/example_dags/example_setup_teardown.py
[2025-04-30T15:45:36.943+0100] {processor.py:925} INFO - DAG(s) 'example_setup_teardown' retrieved from /Users/dineshsammeta/anaconda3/envs/python38/lib/python3.8/site-packages/airflow/example_dags/example_setup_teardown.py
[2025-04-30T15:45:37.010+0100] {logging_mixin.py:190} INFO - [2025-04-30T15:45:37.010+0100] {dag.py:3239} INFO - Sync 1 DAGs
[2025-04-30T15:45:37.017+0100] {logging_mixin.py:190} INFO - [2025-04-30T15:45:37.017+0100] {dag.py:4180} INFO - Setting next_dagrun for example_setup_teardown to None, run_after=None
[2025-04-30T15:45:37.028+0100] {processor.py:208} INFO - Processing /Users/dineshsammeta/anaconda3/envs/python38/lib/python3.8/site-packages/airflow/example_dags/example_setup_teardown.py took 0.131 seconds
