[2025-04-30T13:40:08.947+0100] {processor.py:186} INFO - Started process (PID=66640) to work on /Users/dineshsammeta/anaconda3/envs/python38/lib/python3.8/site-packages/airflow/example_dags/example_outlet_event_extra.py
[2025-04-30T13:40:08.947+0100] {processor.py:914} INFO - Processing file /Users/dineshsammeta/anaconda3/envs/python38/lib/python3.8/site-packages/airflow/example_dags/example_outlet_event_extra.py for tasks to queue
[2025-04-30T13:40:08.948+0100] {logging_mixin.py:190} INFO - [2025-04-30T13:40:08.948+0100] {dagbag.py:588} INFO - Filling up the DagBag from /Users/dineshsammeta/anaconda3/envs/python38/lib/python3.8/site-packages/airflow/example_dags/example_outlet_event_extra.py
[2025-04-30T13:40:09.031+0100] {processor.py:925} INFO - DAG(s) 'dataset_with_extra_by_context', 'dataset_with_extra_from_classic_operator', 'dataset_with_extra_by_yield' retrieved from /Users/dineshsammeta/anaconda3/envs/python38/lib/python3.8/site-packages/airflow/example_dags/example_outlet_event_extra.py
[2025-04-30T13:40:09.090+0100] {logging_mixin.py:190} INFO - [2025-04-30T13:40:09.090+0100] {dag.py:3239} INFO - Sync 3 DAGs
[2025-04-30T13:40:09.101+0100] {logging_mixin.py:190} INFO - [2025-04-30T13:40:09.101+0100] {dag.py:4180} INFO - Setting next_dagrun for dataset_with_extra_by_context to 2025-04-29 00:00:00+00:00, run_after=2025-04-30 00:00:00+00:00
[2025-04-30T13:40:09.104+0100] {logging_mixin.py:190} INFO - [2025-04-30T13:40:09.104+0100] {dag.py:4180} INFO - Setting next_dagrun for dataset_with_extra_by_yield to 2025-04-29 00:00:00+00:00, run_after=2025-04-30 00:00:00+00:00
[2025-04-30T13:40:09.105+0100] {logging_mixin.py:190} INFO - [2025-04-30T13:40:09.105+0100] {dag.py:4180} INFO - Setting next_dagrun for dataset_with_extra_from_classic_operator to 2025-04-29 00:00:00+00:00, run_after=2025-04-30 00:00:00+00:00
[2025-04-30T13:40:09.117+0100] {processor.py:208} INFO - Processing /Users/dineshsammeta/anaconda3/envs/python38/lib/python3.8/site-packages/airflow/example_dags/example_outlet_event_extra.py took 0.172 seconds
[2025-04-30T13:42:09.513+0100] {processor.py:186} INFO - Started process (PID=66929) to work on /Users/dineshsammeta/anaconda3/envs/python38/lib/python3.8/site-packages/airflow/example_dags/example_outlet_event_extra.py
[2025-04-30T13:42:09.514+0100] {processor.py:914} INFO - Processing file /Users/dineshsammeta/anaconda3/envs/python38/lib/python3.8/site-packages/airflow/example_dags/example_outlet_event_extra.py for tasks to queue
[2025-04-30T13:42:09.514+0100] {logging_mixin.py:190} INFO - [2025-04-30T13:42:09.514+0100] {dagbag.py:588} INFO - Filling up the DagBag from /Users/dineshsammeta/anaconda3/envs/python38/lib/python3.8/site-packages/airflow/example_dags/example_outlet_event_extra.py
[2025-04-30T13:42:09.596+0100] {processor.py:925} INFO - DAG(s) 'dataset_with_extra_by_yield', 'dataset_with_extra_from_classic_operator', 'dataset_with_extra_by_context' retrieved from /Users/dineshsammeta/anaconda3/envs/python38/lib/python3.8/site-packages/airflow/example_dags/example_outlet_event_extra.py
[2025-04-30T13:42:09.656+0100] {logging_mixin.py:190} INFO - [2025-04-30T13:42:09.656+0100] {dag.py:3239} INFO - Sync 3 DAGs
[2025-04-30T13:42:09.667+0100] {logging_mixin.py:190} INFO - [2025-04-30T13:42:09.667+0100] {dag.py:4180} INFO - Setting next_dagrun for dataset_with_extra_by_context to 2025-04-29 00:00:00+00:00, run_after=2025-04-30 00:00:00+00:00
[2025-04-30T13:42:09.673+0100] {logging_mixin.py:190} INFO - [2025-04-30T13:42:09.673+0100] {dag.py:4180} INFO - Setting next_dagrun for dataset_with_extra_by_yield to 2025-04-29 00:00:00+00:00, run_after=2025-04-30 00:00:00+00:00
[2025-04-30T13:42:09.677+0100] {logging_mixin.py:190} INFO - [2025-04-30T13:42:09.677+0100] {dag.py:4180} INFO - Setting next_dagrun for dataset_with_extra_from_classic_operator to 2025-04-29 00:00:00+00:00, run_after=2025-04-30 00:00:00+00:00
[2025-04-30T13:42:09.694+0100] {processor.py:208} INFO - Processing /Users/dineshsammeta/anaconda3/envs/python38/lib/python3.8/site-packages/airflow/example_dags/example_outlet_event_extra.py took 0.183 seconds
[2025-04-30T13:45:07.749+0100] {processor.py:186} INFO - Started process (PID=67269) to work on /Users/dineshsammeta/anaconda3/envs/python38/lib/python3.8/site-packages/airflow/example_dags/example_outlet_event_extra.py
[2025-04-30T13:45:07.750+0100] {processor.py:914} INFO - Processing file /Users/dineshsammeta/anaconda3/envs/python38/lib/python3.8/site-packages/airflow/example_dags/example_outlet_event_extra.py for tasks to queue
[2025-04-30T13:45:07.751+0100] {logging_mixin.py:190} INFO - [2025-04-30T13:45:07.750+0100] {dagbag.py:588} INFO - Filling up the DagBag from /Users/dineshsammeta/anaconda3/envs/python38/lib/python3.8/site-packages/airflow/example_dags/example_outlet_event_extra.py
[2025-04-30T13:45:07.834+0100] {processor.py:925} INFO - DAG(s) 'dataset_with_extra_from_classic_operator', 'dataset_with_extra_by_context', 'dataset_with_extra_by_yield' retrieved from /Users/dineshsammeta/anaconda3/envs/python38/lib/python3.8/site-packages/airflow/example_dags/example_outlet_event_extra.py
[2025-04-30T13:45:07.894+0100] {logging_mixin.py:190} INFO - [2025-04-30T13:45:07.894+0100] {dag.py:3239} INFO - Sync 3 DAGs
[2025-04-30T13:45:07.905+0100] {logging_mixin.py:190} INFO - [2025-04-30T13:45:07.905+0100] {dag.py:4180} INFO - Setting next_dagrun for dataset_with_extra_by_context to 2025-04-29 00:00:00+00:00, run_after=2025-04-30 00:00:00+00:00
[2025-04-30T13:45:07.909+0100] {logging_mixin.py:190} INFO - [2025-04-30T13:45:07.909+0100] {dag.py:4180} INFO - Setting next_dagrun for dataset_with_extra_by_yield to 2025-04-29 00:00:00+00:00, run_after=2025-04-30 00:00:00+00:00
[2025-04-30T13:45:07.911+0100] {logging_mixin.py:190} INFO - [2025-04-30T13:45:07.911+0100] {dag.py:4180} INFO - Setting next_dagrun for dataset_with_extra_from_classic_operator to 2025-04-29 00:00:00+00:00, run_after=2025-04-30 00:00:00+00:00
[2025-04-30T13:45:07.922+0100] {processor.py:208} INFO - Processing /Users/dineshsammeta/anaconda3/envs/python38/lib/python3.8/site-packages/airflow/example_dags/example_outlet_event_extra.py took 0.175 seconds
[2025-04-30T13:48:06.296+0100] {processor.py:186} INFO - Started process (PID=67639) to work on /Users/dineshsammeta/anaconda3/envs/python38/lib/python3.8/site-packages/airflow/example_dags/example_outlet_event_extra.py
[2025-04-30T13:48:06.297+0100] {processor.py:914} INFO - Processing file /Users/dineshsammeta/anaconda3/envs/python38/lib/python3.8/site-packages/airflow/example_dags/example_outlet_event_extra.py for tasks to queue
[2025-04-30T13:48:06.298+0100] {logging_mixin.py:190} INFO - [2025-04-30T13:48:06.298+0100] {dagbag.py:588} INFO - Filling up the DagBag from /Users/dineshsammeta/anaconda3/envs/python38/lib/python3.8/site-packages/airflow/example_dags/example_outlet_event_extra.py
[2025-04-30T13:48:06.381+0100] {processor.py:925} INFO - DAG(s) 'dataset_with_extra_from_classic_operator', 'dataset_with_extra_by_context', 'dataset_with_extra_by_yield' retrieved from /Users/dineshsammeta/anaconda3/envs/python38/lib/python3.8/site-packages/airflow/example_dags/example_outlet_event_extra.py
[2025-04-30T13:48:06.440+0100] {logging_mixin.py:190} INFO - [2025-04-30T13:48:06.440+0100] {dag.py:3239} INFO - Sync 3 DAGs
[2025-04-30T13:48:06.451+0100] {logging_mixin.py:190} INFO - [2025-04-30T13:48:06.451+0100] {dag.py:4180} INFO - Setting next_dagrun for dataset_with_extra_by_context to 2025-04-29 00:00:00+00:00, run_after=2025-04-30 00:00:00+00:00
[2025-04-30T13:48:06.454+0100] {logging_mixin.py:190} INFO - [2025-04-30T13:48:06.454+0100] {dag.py:4180} INFO - Setting next_dagrun for dataset_with_extra_by_yield to 2025-04-29 00:00:00+00:00, run_after=2025-04-30 00:00:00+00:00
[2025-04-30T13:48:06.455+0100] {logging_mixin.py:190} INFO - [2025-04-30T13:48:06.455+0100] {dag.py:4180} INFO - Setting next_dagrun for dataset_with_extra_from_classic_operator to 2025-04-29 00:00:00+00:00, run_after=2025-04-30 00:00:00+00:00
[2025-04-30T13:48:06.466+0100] {processor.py:208} INFO - Processing /Users/dineshsammeta/anaconda3/envs/python38/lib/python3.8/site-packages/airflow/example_dags/example_outlet_event_extra.py took 0.172 seconds
[2025-04-30T13:51:13.456+0100] {processor.py:186} INFO - Started process (PID=67975) to work on /Users/dineshsammeta/anaconda3/envs/python38/lib/python3.8/site-packages/airflow/example_dags/example_outlet_event_extra.py
[2025-04-30T13:51:13.457+0100] {processor.py:914} INFO - Processing file /Users/dineshsammeta/anaconda3/envs/python38/lib/python3.8/site-packages/airflow/example_dags/example_outlet_event_extra.py for tasks to queue
[2025-04-30T13:51:13.457+0100] {logging_mixin.py:190} INFO - [2025-04-30T13:51:13.457+0100] {dagbag.py:588} INFO - Filling up the DagBag from /Users/dineshsammeta/anaconda3/envs/python38/lib/python3.8/site-packages/airflow/example_dags/example_outlet_event_extra.py
[2025-04-30T13:51:13.540+0100] {processor.py:925} INFO - DAG(s) 'dataset_with_extra_by_context', 'dataset_with_extra_by_yield', 'dataset_with_extra_from_classic_operator' retrieved from /Users/dineshsammeta/anaconda3/envs/python38/lib/python3.8/site-packages/airflow/example_dags/example_outlet_event_extra.py
[2025-04-30T13:51:13.600+0100] {logging_mixin.py:190} INFO - [2025-04-30T13:51:13.600+0100] {dag.py:3239} INFO - Sync 3 DAGs
[2025-04-30T13:51:13.611+0100] {logging_mixin.py:190} INFO - [2025-04-30T13:51:13.611+0100] {dag.py:4180} INFO - Setting next_dagrun for dataset_with_extra_by_context to 2025-04-29 00:00:00+00:00, run_after=2025-04-30 00:00:00+00:00
[2025-04-30T13:51:13.614+0100] {logging_mixin.py:190} INFO - [2025-04-30T13:51:13.614+0100] {dag.py:4180} INFO - Setting next_dagrun for dataset_with_extra_by_yield to 2025-04-29 00:00:00+00:00, run_after=2025-04-30 00:00:00+00:00
[2025-04-30T13:51:13.615+0100] {logging_mixin.py:190} INFO - [2025-04-30T13:51:13.615+0100] {dag.py:4180} INFO - Setting next_dagrun for dataset_with_extra_from_classic_operator to 2025-04-29 00:00:00+00:00, run_after=2025-04-30 00:00:00+00:00
[2025-04-30T13:51:13.626+0100] {processor.py:208} INFO - Processing /Users/dineshsammeta/anaconda3/envs/python38/lib/python3.8/site-packages/airflow/example_dags/example_outlet_event_extra.py took 0.173 seconds
[2025-04-30T13:54:22.842+0100] {processor.py:186} INFO - Started process (PID=68330) to work on /Users/dineshsammeta/anaconda3/envs/python38/lib/python3.8/site-packages/airflow/example_dags/example_outlet_event_extra.py
[2025-04-30T13:54:22.843+0100] {processor.py:914} INFO - Processing file /Users/dineshsammeta/anaconda3/envs/python38/lib/python3.8/site-packages/airflow/example_dags/example_outlet_event_extra.py for tasks to queue
[2025-04-30T13:54:22.844+0100] {logging_mixin.py:190} INFO - [2025-04-30T13:54:22.844+0100] {dagbag.py:588} INFO - Filling up the DagBag from /Users/dineshsammeta/anaconda3/envs/python38/lib/python3.8/site-packages/airflow/example_dags/example_outlet_event_extra.py
[2025-04-30T13:54:22.931+0100] {processor.py:925} INFO - DAG(s) 'dataset_with_extra_from_classic_operator', 'dataset_with_extra_by_yield', 'dataset_with_extra_by_context' retrieved from /Users/dineshsammeta/anaconda3/envs/python38/lib/python3.8/site-packages/airflow/example_dags/example_outlet_event_extra.py
[2025-04-30T13:54:23.003+0100] {logging_mixin.py:190} INFO - [2025-04-30T13:54:23.003+0100] {dag.py:3239} INFO - Sync 3 DAGs
[2025-04-30T13:54:23.018+0100] {logging_mixin.py:190} INFO - [2025-04-30T13:54:23.018+0100] {dag.py:4180} INFO - Setting next_dagrun for dataset_with_extra_by_context to 2025-04-29 00:00:00+00:00, run_after=2025-04-30 00:00:00+00:00
[2025-04-30T13:54:23.022+0100] {logging_mixin.py:190} INFO - [2025-04-30T13:54:23.022+0100] {dag.py:4180} INFO - Setting next_dagrun for dataset_with_extra_by_yield to 2025-04-29 00:00:00+00:00, run_after=2025-04-30 00:00:00+00:00
[2025-04-30T13:54:23.024+0100] {logging_mixin.py:190} INFO - [2025-04-30T13:54:23.024+0100] {dag.py:4180} INFO - Setting next_dagrun for dataset_with_extra_from_classic_operator to 2025-04-29 00:00:00+00:00, run_after=2025-04-30 00:00:00+00:00
[2025-04-30T13:54:23.050+0100] {processor.py:208} INFO - Processing /Users/dineshsammeta/anaconda3/envs/python38/lib/python3.8/site-packages/airflow/example_dags/example_outlet_event_extra.py took 0.210 seconds
[2025-04-30T13:57:26.508+0100] {processor.py:186} INFO - Started process (PID=68661) to work on /Users/dineshsammeta/anaconda3/envs/python38/lib/python3.8/site-packages/airflow/example_dags/example_outlet_event_extra.py
[2025-04-30T13:57:26.509+0100] {processor.py:914} INFO - Processing file /Users/dineshsammeta/anaconda3/envs/python38/lib/python3.8/site-packages/airflow/example_dags/example_outlet_event_extra.py for tasks to queue
[2025-04-30T13:57:26.510+0100] {logging_mixin.py:190} INFO - [2025-04-30T13:57:26.509+0100] {dagbag.py:588} INFO - Filling up the DagBag from /Users/dineshsammeta/anaconda3/envs/python38/lib/python3.8/site-packages/airflow/example_dags/example_outlet_event_extra.py
[2025-04-30T13:57:26.589+0100] {processor.py:925} INFO - DAG(s) 'dataset_with_extra_by_context', 'dataset_with_extra_by_yield', 'dataset_with_extra_from_classic_operator' retrieved from /Users/dineshsammeta/anaconda3/envs/python38/lib/python3.8/site-packages/airflow/example_dags/example_outlet_event_extra.py
[2025-04-30T13:57:26.648+0100] {logging_mixin.py:190} INFO - [2025-04-30T13:57:26.647+0100] {dag.py:3239} INFO - Sync 3 DAGs
[2025-04-30T13:57:26.659+0100] {logging_mixin.py:190} INFO - [2025-04-30T13:57:26.659+0100] {dag.py:4180} INFO - Setting next_dagrun for dataset_with_extra_by_context to 2025-04-29 00:00:00+00:00, run_after=2025-04-30 00:00:00+00:00
[2025-04-30T13:57:26.661+0100] {logging_mixin.py:190} INFO - [2025-04-30T13:57:26.661+0100] {dag.py:4180} INFO - Setting next_dagrun for dataset_with_extra_by_yield to 2025-04-29 00:00:00+00:00, run_after=2025-04-30 00:00:00+00:00
[2025-04-30T13:57:26.662+0100] {logging_mixin.py:190} INFO - [2025-04-30T13:57:26.662+0100] {dag.py:4180} INFO - Setting next_dagrun for dataset_with_extra_from_classic_operator to 2025-04-29 00:00:00+00:00, run_after=2025-04-30 00:00:00+00:00
[2025-04-30T13:57:26.674+0100] {processor.py:208} INFO - Processing /Users/dineshsammeta/anaconda3/envs/python38/lib/python3.8/site-packages/airflow/example_dags/example_outlet_event_extra.py took 0.168 seconds
[2025-04-30T14:00:24.677+0100] {processor.py:186} INFO - Started process (PID=68981) to work on /Users/dineshsammeta/anaconda3/envs/python38/lib/python3.8/site-packages/airflow/example_dags/example_outlet_event_extra.py
[2025-04-30T14:00:24.678+0100] {processor.py:914} INFO - Processing file /Users/dineshsammeta/anaconda3/envs/python38/lib/python3.8/site-packages/airflow/example_dags/example_outlet_event_extra.py for tasks to queue
[2025-04-30T14:00:24.678+0100] {logging_mixin.py:190} INFO - [2025-04-30T14:00:24.678+0100] {dagbag.py:588} INFO - Filling up the DagBag from /Users/dineshsammeta/anaconda3/envs/python38/lib/python3.8/site-packages/airflow/example_dags/example_outlet_event_extra.py
[2025-04-30T14:00:24.762+0100] {processor.py:925} INFO - DAG(s) 'dataset_with_extra_from_classic_operator', 'dataset_with_extra_by_context', 'dataset_with_extra_by_yield' retrieved from /Users/dineshsammeta/anaconda3/envs/python38/lib/python3.8/site-packages/airflow/example_dags/example_outlet_event_extra.py
[2025-04-30T14:00:24.822+0100] {logging_mixin.py:190} INFO - [2025-04-30T14:00:24.822+0100] {dag.py:3239} INFO - Sync 3 DAGs
[2025-04-30T14:00:24.834+0100] {logging_mixin.py:190} INFO - [2025-04-30T14:00:24.834+0100] {dag.py:4180} INFO - Setting next_dagrun for dataset_with_extra_by_context to 2025-04-29 00:00:00+00:00, run_after=2025-04-30 00:00:00+00:00
[2025-04-30T14:00:24.836+0100] {logging_mixin.py:190} INFO - [2025-04-30T14:00:24.836+0100] {dag.py:4180} INFO - Setting next_dagrun for dataset_with_extra_by_yield to 2025-04-29 00:00:00+00:00, run_after=2025-04-30 00:00:00+00:00
[2025-04-30T14:00:24.837+0100] {logging_mixin.py:190} INFO - [2025-04-30T14:00:24.837+0100] {dag.py:4180} INFO - Setting next_dagrun for dataset_with_extra_from_classic_operator to 2025-04-29 00:00:00+00:00, run_after=2025-04-30 00:00:00+00:00
[2025-04-30T14:00:24.848+0100] {processor.py:208} INFO - Processing /Users/dineshsammeta/anaconda3/envs/python38/lib/python3.8/site-packages/airflow/example_dags/example_outlet_event_extra.py took 0.174 seconds
[2025-04-30T14:36:28.605+0100] {processor.py:186} INFO - Started process (PID=69341) to work on /Users/dineshsammeta/anaconda3/envs/python38/lib/python3.8/site-packages/airflow/example_dags/example_outlet_event_extra.py
[2025-04-30T14:36:28.606+0100] {processor.py:914} INFO - Processing file /Users/dineshsammeta/anaconda3/envs/python38/lib/python3.8/site-packages/airflow/example_dags/example_outlet_event_extra.py for tasks to queue
[2025-04-30T14:36:28.607+0100] {logging_mixin.py:190} INFO - [2025-04-30T14:36:28.607+0100] {dagbag.py:588} INFO - Filling up the DagBag from /Users/dineshsammeta/anaconda3/envs/python38/lib/python3.8/site-packages/airflow/example_dags/example_outlet_event_extra.py
[2025-04-30T14:36:28.690+0100] {processor.py:925} INFO - DAG(s) 'dataset_with_extra_by_yield', 'dataset_with_extra_from_classic_operator', 'dataset_with_extra_by_context' retrieved from /Users/dineshsammeta/anaconda3/envs/python38/lib/python3.8/site-packages/airflow/example_dags/example_outlet_event_extra.py
[2025-04-30T14:36:28.748+0100] {logging_mixin.py:190} INFO - [2025-04-30T14:36:28.748+0100] {dag.py:3239} INFO - Sync 3 DAGs
[2025-04-30T14:36:28.759+0100] {logging_mixin.py:190} INFO - [2025-04-30T14:36:28.759+0100] {dag.py:4180} INFO - Setting next_dagrun for dataset_with_extra_by_context to 2025-04-29 00:00:00+00:00, run_after=2025-04-30 00:00:00+00:00
[2025-04-30T14:36:28.762+0100] {logging_mixin.py:190} INFO - [2025-04-30T14:36:28.762+0100] {dag.py:4180} INFO - Setting next_dagrun for dataset_with_extra_by_yield to 2025-04-29 00:00:00+00:00, run_after=2025-04-30 00:00:00+00:00
[2025-04-30T14:36:28.763+0100] {logging_mixin.py:190} INFO - [2025-04-30T14:36:28.763+0100] {dag.py:4180} INFO - Setting next_dagrun for dataset_with_extra_from_classic_operator to 2025-04-29 00:00:00+00:00, run_after=2025-04-30 00:00:00+00:00
[2025-04-30T14:36:28.774+0100] {processor.py:208} INFO - Processing /Users/dineshsammeta/anaconda3/envs/python38/lib/python3.8/site-packages/airflow/example_dags/example_outlet_event_extra.py took 0.171 seconds
[2025-04-30T15:39:24.222+0100] {processor.py:186} INFO - Started process (PID=69563) to work on /Users/dineshsammeta/anaconda3/envs/python38/lib/python3.8/site-packages/airflow/example_dags/example_outlet_event_extra.py
[2025-04-30T15:39:24.224+0100] {processor.py:914} INFO - Processing file /Users/dineshsammeta/anaconda3/envs/python38/lib/python3.8/site-packages/airflow/example_dags/example_outlet_event_extra.py for tasks to queue
[2025-04-30T15:39:24.225+0100] {logging_mixin.py:190} INFO - [2025-04-30T15:39:24.224+0100] {dagbag.py:588} INFO - Filling up the DagBag from /Users/dineshsammeta/anaconda3/envs/python38/lib/python3.8/site-packages/airflow/example_dags/example_outlet_event_extra.py
[2025-04-30T15:39:24.307+0100] {processor.py:925} INFO - DAG(s) 'dataset_with_extra_by_yield', 'dataset_with_extra_by_context', 'dataset_with_extra_from_classic_operator' retrieved from /Users/dineshsammeta/anaconda3/envs/python38/lib/python3.8/site-packages/airflow/example_dags/example_outlet_event_extra.py
[2025-04-30T15:39:24.367+0100] {logging_mixin.py:190} INFO - [2025-04-30T15:39:24.367+0100] {dag.py:3239} INFO - Sync 3 DAGs
[2025-04-30T15:39:24.378+0100] {logging_mixin.py:190} INFO - [2025-04-30T15:39:24.378+0100] {dag.py:4180} INFO - Setting next_dagrun for dataset_with_extra_by_context to 2025-04-29 00:00:00+00:00, run_after=2025-04-30 00:00:00+00:00
[2025-04-30T15:39:24.380+0100] {logging_mixin.py:190} INFO - [2025-04-30T15:39:24.380+0100] {dag.py:4180} INFO - Setting next_dagrun for dataset_with_extra_by_yield to 2025-04-29 00:00:00+00:00, run_after=2025-04-30 00:00:00+00:00
[2025-04-30T15:39:24.381+0100] {logging_mixin.py:190} INFO - [2025-04-30T15:39:24.381+0100] {dag.py:4180} INFO - Setting next_dagrun for dataset_with_extra_from_classic_operator to 2025-04-29 00:00:00+00:00, run_after=2025-04-30 00:00:00+00:00
[2025-04-30T15:39:24.393+0100] {processor.py:208} INFO - Processing /Users/dineshsammeta/anaconda3/envs/python38/lib/python3.8/site-packages/airflow/example_dags/example_outlet_event_extra.py took 0.173 seconds
[2025-04-30T15:41:16.434+0100] {processor.py:186} INFO - Started process (PID=69764) to work on /Users/dineshsammeta/anaconda3/envs/python38/lib/python3.8/site-packages/airflow/example_dags/example_outlet_event_extra.py
[2025-04-30T15:41:16.436+0100] {processor.py:914} INFO - Processing file /Users/dineshsammeta/anaconda3/envs/python38/lib/python3.8/site-packages/airflow/example_dags/example_outlet_event_extra.py for tasks to queue
[2025-04-30T15:41:16.437+0100] {logging_mixin.py:190} INFO - [2025-04-30T15:41:16.436+0100] {dagbag.py:588} INFO - Filling up the DagBag from /Users/dineshsammeta/anaconda3/envs/python38/lib/python3.8/site-packages/airflow/example_dags/example_outlet_event_extra.py
[2025-04-30T15:41:16.516+0100] {processor.py:925} INFO - DAG(s) 'dataset_with_extra_by_yield', 'dataset_with_extra_by_context', 'dataset_with_extra_from_classic_operator' retrieved from /Users/dineshsammeta/anaconda3/envs/python38/lib/python3.8/site-packages/airflow/example_dags/example_outlet_event_extra.py
[2025-04-30T15:41:16.577+0100] {logging_mixin.py:190} INFO - [2025-04-30T15:41:16.576+0100] {dag.py:3239} INFO - Sync 3 DAGs
[2025-04-30T15:41:16.588+0100] {logging_mixin.py:190} INFO - [2025-04-30T15:41:16.588+0100] {dag.py:4180} INFO - Setting next_dagrun for dataset_with_extra_by_context to 2025-04-29 00:00:00+00:00, run_after=2025-04-30 00:00:00+00:00
[2025-04-30T15:41:16.590+0100] {logging_mixin.py:190} INFO - [2025-04-30T15:41:16.590+0100] {dag.py:4180} INFO - Setting next_dagrun for dataset_with_extra_by_yield to 2025-04-29 00:00:00+00:00, run_after=2025-04-30 00:00:00+00:00
[2025-04-30T15:41:16.591+0100] {logging_mixin.py:190} INFO - [2025-04-30T15:41:16.591+0100] {dag.py:4180} INFO - Setting next_dagrun for dataset_with_extra_from_classic_operator to 2025-04-29 00:00:00+00:00, run_after=2025-04-30 00:00:00+00:00
[2025-04-30T15:41:16.603+0100] {processor.py:208} INFO - Processing /Users/dineshsammeta/anaconda3/envs/python38/lib/python3.8/site-packages/airflow/example_dags/example_outlet_event_extra.py took 0.170 seconds
[2025-04-30T15:44:17.206+0100] {processor.py:186} INFO - Started process (PID=70076) to work on /Users/dineshsammeta/anaconda3/envs/python38/lib/python3.8/site-packages/airflow/example_dags/example_outlet_event_extra.py
[2025-04-30T15:44:17.207+0100] {processor.py:914} INFO - Processing file /Users/dineshsammeta/anaconda3/envs/python38/lib/python3.8/site-packages/airflow/example_dags/example_outlet_event_extra.py for tasks to queue
[2025-04-30T15:44:17.208+0100] {logging_mixin.py:190} INFO - [2025-04-30T15:44:17.208+0100] {dagbag.py:588} INFO - Filling up the DagBag from /Users/dineshsammeta/anaconda3/envs/python38/lib/python3.8/site-packages/airflow/example_dags/example_outlet_event_extra.py
[2025-04-30T15:44:17.291+0100] {processor.py:925} INFO - DAG(s) 'dataset_with_extra_by_context', 'dataset_with_extra_from_classic_operator', 'dataset_with_extra_by_yield' retrieved from /Users/dineshsammeta/anaconda3/envs/python38/lib/python3.8/site-packages/airflow/example_dags/example_outlet_event_extra.py
[2025-04-30T15:44:17.354+0100] {logging_mixin.py:190} INFO - [2025-04-30T15:44:17.353+0100] {dag.py:3239} INFO - Sync 3 DAGs
[2025-04-30T15:44:17.365+0100] {logging_mixin.py:190} INFO - [2025-04-30T15:44:17.365+0100] {dag.py:4180} INFO - Setting next_dagrun for dataset_with_extra_by_context to 2025-04-29 00:00:00+00:00, run_after=2025-04-30 00:00:00+00:00
[2025-04-30T15:44:17.367+0100] {logging_mixin.py:190} INFO - [2025-04-30T15:44:17.367+0100] {dag.py:4180} INFO - Setting next_dagrun for dataset_with_extra_by_yield to 2025-04-29 00:00:00+00:00, run_after=2025-04-30 00:00:00+00:00
[2025-04-30T15:44:17.368+0100] {logging_mixin.py:190} INFO - [2025-04-30T15:44:17.368+0100] {dag.py:4180} INFO - Setting next_dagrun for dataset_with_extra_from_classic_operator to 2025-04-29 00:00:00+00:00, run_after=2025-04-30 00:00:00+00:00
[2025-04-30T15:44:17.380+0100] {processor.py:208} INFO - Processing /Users/dineshsammeta/anaconda3/envs/python38/lib/python3.8/site-packages/airflow/example_dags/example_outlet_event_extra.py took 0.177 seconds
