[2025-04-30T13:39:20.998+0100] {processor.py:186} INFO - Started process (PID=66548) to work on /Users/dineshsammeta/anaconda3/envs/python38/lib/python3.8/site-packages/airflow/example_dags/example_xcomargs.py
[2025-04-30T13:39:20.998+0100] {processor.py:914} INFO - Processing file /Users/dineshsammeta/anaconda3/envs/python38/lib/python3.8/site-packages/airflow/example_dags/example_xcomargs.py for tasks to queue
[2025-04-30T13:39:20.999+0100] {logging_mixin.py:190} INFO - [2025-04-30T13:39:20.999+0100] {dagbag.py:588} INFO - Filling up the DagBag from /Users/dineshsammeta/anaconda3/envs/python38/lib/python3.8/site-packages/airflow/example_dags/example_xcomargs.py
[2025-04-30T13:39:21.062+0100] {processor.py:925} INFO - DAG(s) 'example_xcom_args', 'example_xcom_args_with_operators' retrieved from /Users/dineshsammeta/anaconda3/envs/python38/lib/python3.8/site-packages/airflow/example_dags/example_xcomargs.py
[2025-04-30T13:39:21.122+0100] {logging_mixin.py:190} INFO - [2025-04-30T13:39:21.122+0100] {dag.py:3239} INFO - Sync 2 DAGs
[2025-04-30T13:39:21.129+0100] {logging_mixin.py:190} INFO - [2025-04-30T13:39:21.129+0100] {dag.py:4180} INFO - Setting next_dagrun for example_xcom_args to None, run_after=None
[2025-04-30T13:39:21.130+0100] {logging_mixin.py:190} INFO - [2025-04-30T13:39:21.130+0100] {dag.py:4180} INFO - Setting next_dagrun for example_xcom_args_with_operators to None, run_after=None
[2025-04-30T13:39:21.140+0100] {processor.py:208} INFO - Processing /Users/dineshsammeta/anaconda3/envs/python38/lib/python3.8/site-packages/airflow/example_dags/example_xcomargs.py took 0.145 seconds
[2025-04-30T13:41:25.009+0100] {processor.py:186} INFO - Started process (PID=66845) to work on /Users/dineshsammeta/anaconda3/envs/python38/lib/python3.8/site-packages/airflow/example_dags/example_xcomargs.py
[2025-04-30T13:41:25.010+0100] {processor.py:914} INFO - Processing file /Users/dineshsammeta/anaconda3/envs/python38/lib/python3.8/site-packages/airflow/example_dags/example_xcomargs.py for tasks to queue
[2025-04-30T13:41:25.010+0100] {logging_mixin.py:190} INFO - [2025-04-30T13:41:25.010+0100] {dagbag.py:588} INFO - Filling up the DagBag from /Users/dineshsammeta/anaconda3/envs/python38/lib/python3.8/site-packages/airflow/example_dags/example_xcomargs.py
[2025-04-30T13:41:25.069+0100] {processor.py:925} INFO - DAG(s) 'example_xcom_args', 'example_xcom_args_with_operators' retrieved from /Users/dineshsammeta/anaconda3/envs/python38/lib/python3.8/site-packages/airflow/example_dags/example_xcomargs.py
[2025-04-30T13:41:25.130+0100] {logging_mixin.py:190} INFO - [2025-04-30T13:41:25.130+0100] {dag.py:3239} INFO - Sync 2 DAGs
[2025-04-30T13:41:25.137+0100] {logging_mixin.py:190} INFO - [2025-04-30T13:41:25.137+0100] {dag.py:4180} INFO - Setting next_dagrun for example_xcom_args to None, run_after=None
[2025-04-30T13:41:25.138+0100] {logging_mixin.py:190} INFO - [2025-04-30T13:41:25.138+0100] {dag.py:4180} INFO - Setting next_dagrun for example_xcom_args_with_operators to None, run_after=None
[2025-04-30T13:41:25.147+0100] {processor.py:208} INFO - Processing /Users/dineshsammeta/anaconda3/envs/python38/lib/python3.8/site-packages/airflow/example_dags/example_xcomargs.py took 0.141 seconds
[2025-04-30T13:42:53.328+0100] {processor.py:186} INFO - Started process (PID=67025) to work on /Users/dineshsammeta/anaconda3/envs/python38/lib/python3.8/site-packages/airflow/example_dags/example_xcomargs.py
[2025-04-30T13:42:53.329+0100] {processor.py:914} INFO - Processing file /Users/dineshsammeta/anaconda3/envs/python38/lib/python3.8/site-packages/airflow/example_dags/example_xcomargs.py for tasks to queue
[2025-04-30T13:42:53.329+0100] {logging_mixin.py:190} INFO - [2025-04-30T13:42:53.329+0100] {dagbag.py:588} INFO - Filling up the DagBag from /Users/dineshsammeta/anaconda3/envs/python38/lib/python3.8/site-packages/airflow/example_dags/example_xcomargs.py
[2025-04-30T13:42:53.381+0100] {processor.py:925} INFO - DAG(s) 'example_xcom_args', 'example_xcom_args_with_operators' retrieved from /Users/dineshsammeta/anaconda3/envs/python38/lib/python3.8/site-packages/airflow/example_dags/example_xcomargs.py
[2025-04-30T13:42:53.439+0100] {logging_mixin.py:190} INFO - [2025-04-30T13:42:53.439+0100] {dag.py:3239} INFO - Sync 2 DAGs
[2025-04-30T13:42:53.446+0100] {logging_mixin.py:190} INFO - [2025-04-30T13:42:53.446+0100] {dag.py:4180} INFO - Setting next_dagrun for example_xcom_args to None, run_after=None
[2025-04-30T13:42:53.448+0100] {logging_mixin.py:190} INFO - [2025-04-30T13:42:53.447+0100] {dag.py:4180} INFO - Setting next_dagrun for example_xcom_args_with_operators to None, run_after=None
[2025-04-30T13:42:53.457+0100] {processor.py:208} INFO - Processing /Users/dineshsammeta/anaconda3/envs/python38/lib/python3.8/site-packages/airflow/example_dags/example_xcomargs.py took 0.131 seconds
[2025-04-30T13:44:21.797+0100] {processor.py:186} INFO - Started process (PID=67190) to work on /Users/dineshsammeta/anaconda3/envs/python38/lib/python3.8/site-packages/airflow/example_dags/example_xcomargs.py
[2025-04-30T13:44:21.798+0100] {processor.py:914} INFO - Processing file /Users/dineshsammeta/anaconda3/envs/python38/lib/python3.8/site-packages/airflow/example_dags/example_xcomargs.py for tasks to queue
[2025-04-30T13:44:21.799+0100] {logging_mixin.py:190} INFO - [2025-04-30T13:44:21.799+0100] {dagbag.py:588} INFO - Filling up the DagBag from /Users/dineshsammeta/anaconda3/envs/python38/lib/python3.8/site-packages/airflow/example_dags/example_xcomargs.py
[2025-04-30T13:44:21.853+0100] {processor.py:925} INFO - DAG(s) 'example_xcom_args_with_operators', 'example_xcom_args' retrieved from /Users/dineshsammeta/anaconda3/envs/python38/lib/python3.8/site-packages/airflow/example_dags/example_xcomargs.py
[2025-04-30T13:44:21.916+0100] {logging_mixin.py:190} INFO - [2025-04-30T13:44:21.916+0100] {dag.py:3239} INFO - Sync 2 DAGs
[2025-04-30T13:44:21.923+0100] {logging_mixin.py:190} INFO - [2025-04-30T13:44:21.922+0100] {dag.py:4180} INFO - Setting next_dagrun for example_xcom_args to None, run_after=None
[2025-04-30T13:44:21.925+0100] {logging_mixin.py:190} INFO - [2025-04-30T13:44:21.924+0100] {dag.py:4180} INFO - Setting next_dagrun for example_xcom_args_with_operators to None, run_after=None
[2025-04-30T13:44:21.934+0100] {processor.py:208} INFO - Processing /Users/dineshsammeta/anaconda3/envs/python38/lib/python3.8/site-packages/airflow/example_dags/example_xcomargs.py took 0.139 seconds
[2025-04-30T13:45:51.229+0100] {processor.py:186} INFO - Started process (PID=67356) to work on /Users/dineshsammeta/anaconda3/envs/python38/lib/python3.8/site-packages/airflow/example_dags/example_xcomargs.py
[2025-04-30T13:45:51.230+0100] {processor.py:914} INFO - Processing file /Users/dineshsammeta/anaconda3/envs/python38/lib/python3.8/site-packages/airflow/example_dags/example_xcomargs.py for tasks to queue
[2025-04-30T13:45:51.231+0100] {logging_mixin.py:190} INFO - [2025-04-30T13:45:51.231+0100] {dagbag.py:588} INFO - Filling up the DagBag from /Users/dineshsammeta/anaconda3/envs/python38/lib/python3.8/site-packages/airflow/example_dags/example_xcomargs.py
[2025-04-30T13:45:51.282+0100] {processor.py:925} INFO - DAG(s) 'example_xcom_args', 'example_xcom_args_with_operators' retrieved from /Users/dineshsammeta/anaconda3/envs/python38/lib/python3.8/site-packages/airflow/example_dags/example_xcomargs.py
[2025-04-30T13:45:51.340+0100] {logging_mixin.py:190} INFO - [2025-04-30T13:45:51.340+0100] {dag.py:3239} INFO - Sync 2 DAGs
[2025-04-30T13:45:51.348+0100] {logging_mixin.py:190} INFO - [2025-04-30T13:45:51.348+0100] {dag.py:4180} INFO - Setting next_dagrun for example_xcom_args to None, run_after=None
[2025-04-30T13:45:51.350+0100] {logging_mixin.py:190} INFO - [2025-04-30T13:45:51.350+0100] {dag.py:4180} INFO - Setting next_dagrun for example_xcom_args_with_operators to None, run_after=None
[2025-04-30T13:45:51.359+0100] {processor.py:208} INFO - Processing /Users/dineshsammeta/anaconda3/envs/python38/lib/python3.8/site-packages/airflow/example_dags/example_xcomargs.py took 0.132 seconds
[2025-04-30T13:47:20.941+0100] {processor.py:186} INFO - Started process (PID=67550) to work on /Users/dineshsammeta/anaconda3/envs/python38/lib/python3.8/site-packages/airflow/example_dags/example_xcomargs.py
[2025-04-30T13:47:20.943+0100] {processor.py:914} INFO - Processing file /Users/dineshsammeta/anaconda3/envs/python38/lib/python3.8/site-packages/airflow/example_dags/example_xcomargs.py for tasks to queue
[2025-04-30T13:47:20.943+0100] {logging_mixin.py:190} INFO - [2025-04-30T13:47:20.943+0100] {dagbag.py:588} INFO - Filling up the DagBag from /Users/dineshsammeta/anaconda3/envs/python38/lib/python3.8/site-packages/airflow/example_dags/example_xcomargs.py
[2025-04-30T13:47:20.994+0100] {processor.py:925} INFO - DAG(s) 'example_xcom_args', 'example_xcom_args_with_operators' retrieved from /Users/dineshsammeta/anaconda3/envs/python38/lib/python3.8/site-packages/airflow/example_dags/example_xcomargs.py
[2025-04-30T13:47:21.053+0100] {logging_mixin.py:190} INFO - [2025-04-30T13:47:21.052+0100] {dag.py:3239} INFO - Sync 2 DAGs
[2025-04-30T13:47:21.059+0100] {logging_mixin.py:190} INFO - [2025-04-30T13:47:21.059+0100] {dag.py:4180} INFO - Setting next_dagrun for example_xcom_args to None, run_after=None
[2025-04-30T13:47:21.061+0100] {logging_mixin.py:190} INFO - [2025-04-30T13:47:21.061+0100] {dag.py:4180} INFO - Setting next_dagrun for example_xcom_args_with_operators to None, run_after=None
[2025-04-30T13:47:21.070+0100] {processor.py:208} INFO - Processing /Users/dineshsammeta/anaconda3/envs/python38/lib/python3.8/site-packages/airflow/example_dags/example_xcomargs.py took 0.131 seconds
[2025-04-30T13:48:50.578+0100] {processor.py:186} INFO - Started process (PID=67721) to work on /Users/dineshsammeta/anaconda3/envs/python38/lib/python3.8/site-packages/airflow/example_dags/example_xcomargs.py
[2025-04-30T13:48:50.579+0100] {processor.py:914} INFO - Processing file /Users/dineshsammeta/anaconda3/envs/python38/lib/python3.8/site-packages/airflow/example_dags/example_xcomargs.py for tasks to queue
[2025-04-30T13:48:50.580+0100] {logging_mixin.py:190} INFO - [2025-04-30T13:48:50.580+0100] {dagbag.py:588} INFO - Filling up the DagBag from /Users/dineshsammeta/anaconda3/envs/python38/lib/python3.8/site-packages/airflow/example_dags/example_xcomargs.py
[2025-04-30T13:48:50.632+0100] {processor.py:925} INFO - DAG(s) 'example_xcom_args', 'example_xcom_args_with_operators' retrieved from /Users/dineshsammeta/anaconda3/envs/python38/lib/python3.8/site-packages/airflow/example_dags/example_xcomargs.py
[2025-04-30T13:48:50.692+0100] {logging_mixin.py:190} INFO - [2025-04-30T13:48:50.692+0100] {dag.py:3239} INFO - Sync 2 DAGs
[2025-04-30T13:48:50.700+0100] {logging_mixin.py:190} INFO - [2025-04-30T13:48:50.700+0100] {dag.py:4180} INFO - Setting next_dagrun for example_xcom_args to None, run_after=None
[2025-04-30T13:48:50.702+0100] {logging_mixin.py:190} INFO - [2025-04-30T13:48:50.701+0100] {dag.py:4180} INFO - Setting next_dagrun for example_xcom_args_with_operators to None, run_after=None
[2025-04-30T13:48:50.711+0100] {processor.py:208} INFO - Processing /Users/dineshsammeta/anaconda3/envs/python38/lib/python3.8/site-packages/airflow/example_dags/example_xcomargs.py took 0.135 seconds
[2025-04-30T13:50:27.107+0100] {processor.py:186} INFO - Started process (PID=67886) to work on /Users/dineshsammeta/anaconda3/envs/python38/lib/python3.8/site-packages/airflow/example_dags/example_xcomargs.py
[2025-04-30T13:50:27.108+0100] {processor.py:914} INFO - Processing file /Users/dineshsammeta/anaconda3/envs/python38/lib/python3.8/site-packages/airflow/example_dags/example_xcomargs.py for tasks to queue
[2025-04-30T13:50:27.109+0100] {logging_mixin.py:190} INFO - [2025-04-30T13:50:27.108+0100] {dagbag.py:588} INFO - Filling up the DagBag from /Users/dineshsammeta/anaconda3/envs/python38/lib/python3.8/site-packages/airflow/example_dags/example_xcomargs.py
[2025-04-30T13:50:27.161+0100] {processor.py:925} INFO - DAG(s) 'example_xcom_args', 'example_xcom_args_with_operators' retrieved from /Users/dineshsammeta/anaconda3/envs/python38/lib/python3.8/site-packages/airflow/example_dags/example_xcomargs.py
[2025-04-30T13:50:27.220+0100] {logging_mixin.py:190} INFO - [2025-04-30T13:50:27.220+0100] {dag.py:3239} INFO - Sync 2 DAGs
[2025-04-30T13:50:27.227+0100] {logging_mixin.py:190} INFO - [2025-04-30T13:50:27.226+0100] {dag.py:4180} INFO - Setting next_dagrun for example_xcom_args to None, run_after=None
[2025-04-30T13:50:27.228+0100] {logging_mixin.py:190} INFO - [2025-04-30T13:50:27.228+0100] {dag.py:4180} INFO - Setting next_dagrun for example_xcom_args_with_operators to None, run_after=None
[2025-04-30T13:50:27.237+0100] {processor.py:208} INFO - Processing /Users/dineshsammeta/anaconda3/envs/python38/lib/python3.8/site-packages/airflow/example_dags/example_xcomargs.py took 0.132 seconds
[2025-04-30T13:51:58.121+0100] {processor.py:186} INFO - Started process (PID=68050) to work on /Users/dineshsammeta/anaconda3/envs/python38/lib/python3.8/site-packages/airflow/example_dags/example_xcomargs.py
[2025-04-30T13:51:58.123+0100] {processor.py:914} INFO - Processing file /Users/dineshsammeta/anaconda3/envs/python38/lib/python3.8/site-packages/airflow/example_dags/example_xcomargs.py for tasks to queue
[2025-04-30T13:51:58.123+0100] {logging_mixin.py:190} INFO - [2025-04-30T13:51:58.123+0100] {dagbag.py:588} INFO - Filling up the DagBag from /Users/dineshsammeta/anaconda3/envs/python38/lib/python3.8/site-packages/airflow/example_dags/example_xcomargs.py
[2025-04-30T13:51:58.175+0100] {processor.py:925} INFO - DAG(s) 'example_xcom_args_with_operators', 'example_xcom_args' retrieved from /Users/dineshsammeta/anaconda3/envs/python38/lib/python3.8/site-packages/airflow/example_dags/example_xcomargs.py
[2025-04-30T13:51:58.234+0100] {logging_mixin.py:190} INFO - [2025-04-30T13:51:58.233+0100] {dag.py:3239} INFO - Sync 2 DAGs
[2025-04-30T13:51:58.240+0100] {logging_mixin.py:190} INFO - [2025-04-30T13:51:58.240+0100] {dag.py:4180} INFO - Setting next_dagrun for example_xcom_args to None, run_after=None
[2025-04-30T13:51:58.242+0100] {logging_mixin.py:190} INFO - [2025-04-30T13:51:58.242+0100] {dag.py:4180} INFO - Setting next_dagrun for example_xcom_args_with_operators to None, run_after=None
[2025-04-30T13:51:58.251+0100] {processor.py:208} INFO - Processing /Users/dineshsammeta/anaconda3/envs/python38/lib/python3.8/site-packages/airflow/example_dags/example_xcomargs.py took 0.132 seconds
[2025-04-30T13:53:35.982+0100] {processor.py:186} INFO - Started process (PID=68238) to work on /Users/dineshsammeta/anaconda3/envs/python38/lib/python3.8/site-packages/airflow/example_dags/example_xcomargs.py
[2025-04-30T13:53:35.984+0100] {processor.py:914} INFO - Processing file /Users/dineshsammeta/anaconda3/envs/python38/lib/python3.8/site-packages/airflow/example_dags/example_xcomargs.py for tasks to queue
[2025-04-30T13:53:35.985+0100] {logging_mixin.py:190} INFO - [2025-04-30T13:53:35.985+0100] {dagbag.py:588} INFO - Filling up the DagBag from /Users/dineshsammeta/anaconda3/envs/python38/lib/python3.8/site-packages/airflow/example_dags/example_xcomargs.py
[2025-04-30T13:53:36.041+0100] {processor.py:925} INFO - DAG(s) 'example_xcom_args_with_operators', 'example_xcom_args' retrieved from /Users/dineshsammeta/anaconda3/envs/python38/lib/python3.8/site-packages/airflow/example_dags/example_xcomargs.py
[2025-04-30T13:53:36.099+0100] {logging_mixin.py:190} INFO - [2025-04-30T13:53:36.099+0100] {dag.py:3239} INFO - Sync 2 DAGs
[2025-04-30T13:53:36.106+0100] {logging_mixin.py:190} INFO - [2025-04-30T13:53:36.106+0100] {dag.py:4180} INFO - Setting next_dagrun for example_xcom_args to None, run_after=None
[2025-04-30T13:53:36.108+0100] {logging_mixin.py:190} INFO - [2025-04-30T13:53:36.108+0100] {dag.py:4180} INFO - Setting next_dagrun for example_xcom_args_with_operators to None, run_after=None
[2025-04-30T13:53:36.117+0100] {processor.py:208} INFO - Processing /Users/dineshsammeta/anaconda3/envs/python38/lib/python3.8/site-packages/airflow/example_dags/example_xcomargs.py took 0.140 seconds
[2025-04-30T13:55:13.083+0100] {processor.py:186} INFO - Started process (PID=68430) to work on /Users/dineshsammeta/anaconda3/envs/python38/lib/python3.8/site-packages/airflow/example_dags/example_xcomargs.py
[2025-04-30T13:55:13.085+0100] {processor.py:914} INFO - Processing file /Users/dineshsammeta/anaconda3/envs/python38/lib/python3.8/site-packages/airflow/example_dags/example_xcomargs.py for tasks to queue
[2025-04-30T13:55:13.086+0100] {logging_mixin.py:190} INFO - [2025-04-30T13:55:13.086+0100] {dagbag.py:588} INFO - Filling up the DagBag from /Users/dineshsammeta/anaconda3/envs/python38/lib/python3.8/site-packages/airflow/example_dags/example_xcomargs.py
[2025-04-30T13:55:13.137+0100] {processor.py:925} INFO - DAG(s) 'example_xcom_args_with_operators', 'example_xcom_args' retrieved from /Users/dineshsammeta/anaconda3/envs/python38/lib/python3.8/site-packages/airflow/example_dags/example_xcomargs.py
[2025-04-30T13:55:13.196+0100] {logging_mixin.py:190} INFO - [2025-04-30T13:55:13.196+0100] {dag.py:3239} INFO - Sync 2 DAGs
[2025-04-30T13:55:13.203+0100] {logging_mixin.py:190} INFO - [2025-04-30T13:55:13.202+0100] {dag.py:4180} INFO - Setting next_dagrun for example_xcom_args to None, run_after=None
[2025-04-30T13:55:13.204+0100] {logging_mixin.py:190} INFO - [2025-04-30T13:55:13.204+0100] {dag.py:4180} INFO - Setting next_dagrun for example_xcom_args_with_operators to None, run_after=None
[2025-04-30T13:55:13.213+0100] {processor.py:208} INFO - Processing /Users/dineshsammeta/anaconda3/envs/python38/lib/python3.8/site-packages/airflow/example_dags/example_xcomargs.py took 0.132 seconds
[2025-04-30T13:56:44.927+0100] {processor.py:186} INFO - Started process (PID=68589) to work on /Users/dineshsammeta/anaconda3/envs/python38/lib/python3.8/site-packages/airflow/example_dags/example_xcomargs.py
[2025-04-30T13:56:44.928+0100] {processor.py:914} INFO - Processing file /Users/dineshsammeta/anaconda3/envs/python38/lib/python3.8/site-packages/airflow/example_dags/example_xcomargs.py for tasks to queue
[2025-04-30T13:56:44.929+0100] {logging_mixin.py:190} INFO - [2025-04-30T13:56:44.929+0100] {dagbag.py:588} INFO - Filling up the DagBag from /Users/dineshsammeta/anaconda3/envs/python38/lib/python3.8/site-packages/airflow/example_dags/example_xcomargs.py
[2025-04-30T13:56:44.981+0100] {processor.py:925} INFO - DAG(s) 'example_xcom_args_with_operators', 'example_xcom_args' retrieved from /Users/dineshsammeta/anaconda3/envs/python38/lib/python3.8/site-packages/airflow/example_dags/example_xcomargs.py
[2025-04-30T13:56:45.038+0100] {logging_mixin.py:190} INFO - [2025-04-30T13:56:45.038+0100] {dag.py:3239} INFO - Sync 2 DAGs
[2025-04-30T13:56:45.045+0100] {logging_mixin.py:190} INFO - [2025-04-30T13:56:45.045+0100] {dag.py:4180} INFO - Setting next_dagrun for example_xcom_args to None, run_after=None
[2025-04-30T13:56:45.047+0100] {logging_mixin.py:190} INFO - [2025-04-30T13:56:45.047+0100] {dag.py:4180} INFO - Setting next_dagrun for example_xcom_args_with_operators to None, run_after=None
[2025-04-30T13:56:45.056+0100] {processor.py:208} INFO - Processing /Users/dineshsammeta/anaconda3/envs/python38/lib/python3.8/site-packages/airflow/example_dags/example_xcomargs.py took 0.131 seconds
[2025-04-30T13:58:15.287+0100] {processor.py:186} INFO - Started process (PID=68749) to work on /Users/dineshsammeta/anaconda3/envs/python38/lib/python3.8/site-packages/airflow/example_dags/example_xcomargs.py
[2025-04-30T13:58:15.288+0100] {processor.py:914} INFO - Processing file /Users/dineshsammeta/anaconda3/envs/python38/lib/python3.8/site-packages/airflow/example_dags/example_xcomargs.py for tasks to queue
[2025-04-30T13:58:15.289+0100] {logging_mixin.py:190} INFO - [2025-04-30T13:58:15.288+0100] {dagbag.py:588} INFO - Filling up the DagBag from /Users/dineshsammeta/anaconda3/envs/python38/lib/python3.8/site-packages/airflow/example_dags/example_xcomargs.py
[2025-04-30T13:58:15.346+0100] {processor.py:925} INFO - DAG(s) 'example_xcom_args', 'example_xcom_args_with_operators' retrieved from /Users/dineshsammeta/anaconda3/envs/python38/lib/python3.8/site-packages/airflow/example_dags/example_xcomargs.py
[2025-04-30T13:58:15.405+0100] {logging_mixin.py:190} INFO - [2025-04-30T13:58:15.405+0100] {dag.py:3239} INFO - Sync 2 DAGs
[2025-04-30T13:58:15.412+0100] {logging_mixin.py:190} INFO - [2025-04-30T13:58:15.412+0100] {dag.py:4180} INFO - Setting next_dagrun for example_xcom_args to None, run_after=None
[2025-04-30T13:58:15.414+0100] {logging_mixin.py:190} INFO - [2025-04-30T13:58:15.414+0100] {dag.py:4180} INFO - Setting next_dagrun for example_xcom_args_with_operators to None, run_after=None
[2025-04-30T13:58:15.423+0100] {processor.py:208} INFO - Processing /Users/dineshsammeta/anaconda3/envs/python38/lib/python3.8/site-packages/airflow/example_dags/example_xcomargs.py took 0.139 seconds
[2025-04-30T13:59:44.489+0100] {processor.py:186} INFO - Started process (PID=68911) to work on /Users/dineshsammeta/anaconda3/envs/python38/lib/python3.8/site-packages/airflow/example_dags/example_xcomargs.py
[2025-04-30T13:59:44.490+0100] {processor.py:914} INFO - Processing file /Users/dineshsammeta/anaconda3/envs/python38/lib/python3.8/site-packages/airflow/example_dags/example_xcomargs.py for tasks to queue
[2025-04-30T13:59:44.491+0100] {logging_mixin.py:190} INFO - [2025-04-30T13:59:44.491+0100] {dagbag.py:588} INFO - Filling up the DagBag from /Users/dineshsammeta/anaconda3/envs/python38/lib/python3.8/site-packages/airflow/example_dags/example_xcomargs.py
[2025-04-30T13:59:44.571+0100] {processor.py:925} INFO - DAG(s) 'example_xcom_args_with_operators', 'example_xcom_args' retrieved from /Users/dineshsammeta/anaconda3/envs/python38/lib/python3.8/site-packages/airflow/example_dags/example_xcomargs.py
[2025-04-30T13:59:44.654+0100] {logging_mixin.py:190} INFO - [2025-04-30T13:59:44.654+0100] {dag.py:3239} INFO - Sync 2 DAGs
[2025-04-30T13:59:44.666+0100] {logging_mixin.py:190} INFO - [2025-04-30T13:59:44.665+0100] {dag.py:4180} INFO - Setting next_dagrun for example_xcom_args to None, run_after=None
[2025-04-30T13:59:44.669+0100] {logging_mixin.py:190} INFO - [2025-04-30T13:59:44.669+0100] {dag.py:4180} INFO - Setting next_dagrun for example_xcom_args_with_operators to None, run_after=None
[2025-04-30T13:59:44.684+0100] {processor.py:208} INFO - Processing /Users/dineshsammeta/anaconda3/envs/python38/lib/python3.8/site-packages/airflow/example_dags/example_xcomargs.py took 0.201 seconds
[2025-04-30T14:01:13.528+0100] {processor.py:186} INFO - Started process (PID=69070) to work on /Users/dineshsammeta/anaconda3/envs/python38/lib/python3.8/site-packages/airflow/example_dags/example_xcomargs.py
[2025-04-30T14:01:13.530+0100] {processor.py:914} INFO - Processing file /Users/dineshsammeta/anaconda3/envs/python38/lib/python3.8/site-packages/airflow/example_dags/example_xcomargs.py for tasks to queue
[2025-04-30T14:01:13.531+0100] {logging_mixin.py:190} INFO - [2025-04-30T14:01:13.531+0100] {dagbag.py:588} INFO - Filling up the DagBag from /Users/dineshsammeta/anaconda3/envs/python38/lib/python3.8/site-packages/airflow/example_dags/example_xcomargs.py
[2025-04-30T14:01:13.582+0100] {processor.py:925} INFO - DAG(s) 'example_xcom_args_with_operators', 'example_xcom_args' retrieved from /Users/dineshsammeta/anaconda3/envs/python38/lib/python3.8/site-packages/airflow/example_dags/example_xcomargs.py
[2025-04-30T14:01:13.640+0100] {logging_mixin.py:190} INFO - [2025-04-30T14:01:13.640+0100] {dag.py:3239} INFO - Sync 2 DAGs
[2025-04-30T14:01:13.647+0100] {logging_mixin.py:190} INFO - [2025-04-30T14:01:13.647+0100] {dag.py:4180} INFO - Setting next_dagrun for example_xcom_args to None, run_after=None
[2025-04-30T14:01:13.648+0100] {logging_mixin.py:190} INFO - [2025-04-30T14:01:13.648+0100] {dag.py:4180} INFO - Setting next_dagrun for example_xcom_args_with_operators to None, run_after=None
[2025-04-30T14:01:13.658+0100] {processor.py:208} INFO - Processing /Users/dineshsammeta/anaconda3/envs/python38/lib/python3.8/site-packages/airflow/example_dags/example_xcomargs.py took 0.131 seconds
[2025-04-30T14:04:16.682+0100] {processor.py:186} INFO - Started process (PID=69239) to work on /Users/dineshsammeta/anaconda3/envs/python38/lib/python3.8/site-packages/airflow/example_dags/example_xcomargs.py
[2025-04-30T14:04:16.683+0100] {processor.py:914} INFO - Processing file /Users/dineshsammeta/anaconda3/envs/python38/lib/python3.8/site-packages/airflow/example_dags/example_xcomargs.py for tasks to queue
[2025-04-30T14:04:16.684+0100] {logging_mixin.py:190} INFO - [2025-04-30T14:04:16.683+0100] {dagbag.py:588} INFO - Filling up the DagBag from /Users/dineshsammeta/anaconda3/envs/python38/lib/python3.8/site-packages/airflow/example_dags/example_xcomargs.py
[2025-04-30T14:04:16.735+0100] {processor.py:925} INFO - DAG(s) 'example_xcom_args', 'example_xcom_args_with_operators' retrieved from /Users/dineshsammeta/anaconda3/envs/python38/lib/python3.8/site-packages/airflow/example_dags/example_xcomargs.py
[2025-04-30T14:04:16.794+0100] {logging_mixin.py:190} INFO - [2025-04-30T14:04:16.794+0100] {dag.py:3239} INFO - Sync 2 DAGs
[2025-04-30T14:04:16.801+0100] {logging_mixin.py:190} INFO - [2025-04-30T14:04:16.800+0100] {dag.py:4180} INFO - Setting next_dagrun for example_xcom_args to None, run_after=None
[2025-04-30T14:04:16.802+0100] {logging_mixin.py:190} INFO - [2025-04-30T14:04:16.802+0100] {dag.py:4180} INFO - Setting next_dagrun for example_xcom_args_with_operators to None, run_after=None
[2025-04-30T14:04:16.811+0100] {processor.py:208} INFO - Processing /Users/dineshsammeta/anaconda3/envs/python38/lib/python3.8/site-packages/airflow/example_dags/example_xcomargs.py took 0.132 seconds
[2025-04-30T15:38:37.546+0100] {processor.py:186} INFO - Started process (PID=69469) to work on /Users/dineshsammeta/anaconda3/envs/python38/lib/python3.8/site-packages/airflow/example_dags/example_xcomargs.py
[2025-04-30T15:38:37.547+0100] {processor.py:914} INFO - Processing file /Users/dineshsammeta/anaconda3/envs/python38/lib/python3.8/site-packages/airflow/example_dags/example_xcomargs.py for tasks to queue
[2025-04-30T15:38:37.547+0100] {logging_mixin.py:190} INFO - [2025-04-30T15:38:37.547+0100] {dagbag.py:588} INFO - Filling up the DagBag from /Users/dineshsammeta/anaconda3/envs/python38/lib/python3.8/site-packages/airflow/example_dags/example_xcomargs.py
[2025-04-30T15:38:37.604+0100] {processor.py:925} INFO - DAG(s) 'example_xcom_args_with_operators', 'example_xcom_args' retrieved from /Users/dineshsammeta/anaconda3/envs/python38/lib/python3.8/site-packages/airflow/example_dags/example_xcomargs.py
[2025-04-30T15:38:37.667+0100] {logging_mixin.py:190} INFO - [2025-04-30T15:38:37.667+0100] {dag.py:3239} INFO - Sync 2 DAGs
[2025-04-30T15:38:37.674+0100] {logging_mixin.py:190} INFO - [2025-04-30T15:38:37.674+0100] {dag.py:4180} INFO - Setting next_dagrun for example_xcom_args to None, run_after=None
[2025-04-30T15:38:37.676+0100] {logging_mixin.py:190} INFO - [2025-04-30T15:38:37.676+0100] {dag.py:4180} INFO - Setting next_dagrun for example_xcom_args_with_operators to None, run_after=None
[2025-04-30T15:38:37.686+0100] {processor.py:208} INFO - Processing /Users/dineshsammeta/anaconda3/envs/python38/lib/python3.8/site-packages/airflow/example_dags/example_xcomargs.py took 0.143 seconds
[2025-04-30T15:40:29.667+0100] {processor.py:186} INFO - Started process (PID=69686) to work on /Users/dineshsammeta/anaconda3/envs/python38/lib/python3.8/site-packages/airflow/example_dags/example_xcomargs.py
[2025-04-30T15:40:29.668+0100] {processor.py:914} INFO - Processing file /Users/dineshsammeta/anaconda3/envs/python38/lib/python3.8/site-packages/airflow/example_dags/example_xcomargs.py for tasks to queue
[2025-04-30T15:40:29.669+0100] {logging_mixin.py:190} INFO - [2025-04-30T15:40:29.669+0100] {dagbag.py:588} INFO - Filling up the DagBag from /Users/dineshsammeta/anaconda3/envs/python38/lib/python3.8/site-packages/airflow/example_dags/example_xcomargs.py
[2025-04-30T15:40:29.720+0100] {processor.py:925} INFO - DAG(s) 'example_xcom_args_with_operators', 'example_xcom_args' retrieved from /Users/dineshsammeta/anaconda3/envs/python38/lib/python3.8/site-packages/airflow/example_dags/example_xcomargs.py
[2025-04-30T15:40:29.781+0100] {logging_mixin.py:190} INFO - [2025-04-30T15:40:29.781+0100] {dag.py:3239} INFO - Sync 2 DAGs
[2025-04-30T15:40:29.788+0100] {logging_mixin.py:190} INFO - [2025-04-30T15:40:29.788+0100] {dag.py:4180} INFO - Setting next_dagrun for example_xcom_args to None, run_after=None
[2025-04-30T15:40:29.790+0100] {logging_mixin.py:190} INFO - [2025-04-30T15:40:29.790+0100] {dag.py:4180} INFO - Setting next_dagrun for example_xcom_args_with_operators to None, run_after=None
[2025-04-30T15:40:29.799+0100] {processor.py:208} INFO - Processing /Users/dineshsammeta/anaconda3/envs/python38/lib/python3.8/site-packages/airflow/example_dags/example_xcomargs.py took 0.133 seconds
[2025-04-30T15:42:00.046+0100] {processor.py:186} INFO - Started process (PID=69849) to work on /Users/dineshsammeta/anaconda3/envs/python38/lib/python3.8/site-packages/airflow/example_dags/example_xcomargs.py
[2025-04-30T15:42:00.047+0100] {processor.py:914} INFO - Processing file /Users/dineshsammeta/anaconda3/envs/python38/lib/python3.8/site-packages/airflow/example_dags/example_xcomargs.py for tasks to queue
[2025-04-30T15:42:00.048+0100] {logging_mixin.py:190} INFO - [2025-04-30T15:42:00.048+0100] {dagbag.py:588} INFO - Filling up the DagBag from /Users/dineshsammeta/anaconda3/envs/python38/lib/python3.8/site-packages/airflow/example_dags/example_xcomargs.py
[2025-04-30T15:42:00.101+0100] {processor.py:925} INFO - DAG(s) 'example_xcom_args', 'example_xcom_args_with_operators' retrieved from /Users/dineshsammeta/anaconda3/envs/python38/lib/python3.8/site-packages/airflow/example_dags/example_xcomargs.py
[2025-04-30T15:42:00.168+0100] {logging_mixin.py:190} INFO - [2025-04-30T15:42:00.168+0100] {dag.py:3239} INFO - Sync 2 DAGs
[2025-04-30T15:42:00.175+0100] {logging_mixin.py:190} INFO - [2025-04-30T15:42:00.175+0100] {dag.py:4180} INFO - Setting next_dagrun for example_xcom_args to None, run_after=None
[2025-04-30T15:42:00.177+0100] {logging_mixin.py:190} INFO - [2025-04-30T15:42:00.177+0100] {dag.py:4180} INFO - Setting next_dagrun for example_xcom_args_with_operators to None, run_after=None
[2025-04-30T15:42:00.187+0100] {processor.py:208} INFO - Processing /Users/dineshsammeta/anaconda3/envs/python38/lib/python3.8/site-packages/airflow/example_dags/example_xcomargs.py took 0.143 seconds
[2025-04-30T15:43:29.001+0100] {processor.py:186} INFO - Started process (PID=69998) to work on /Users/dineshsammeta/anaconda3/envs/python38/lib/python3.8/site-packages/airflow/example_dags/example_xcomargs.py
[2025-04-30T15:43:29.002+0100] {processor.py:914} INFO - Processing file /Users/dineshsammeta/anaconda3/envs/python38/lib/python3.8/site-packages/airflow/example_dags/example_xcomargs.py for tasks to queue
[2025-04-30T15:43:29.003+0100] {logging_mixin.py:190} INFO - [2025-04-30T15:43:29.003+0100] {dagbag.py:588} INFO - Filling up the DagBag from /Users/dineshsammeta/anaconda3/envs/python38/lib/python3.8/site-packages/airflow/example_dags/example_xcomargs.py
[2025-04-30T15:43:29.058+0100] {processor.py:925} INFO - DAG(s) 'example_xcom_args', 'example_xcom_args_with_operators' retrieved from /Users/dineshsammeta/anaconda3/envs/python38/lib/python3.8/site-packages/airflow/example_dags/example_xcomargs.py
[2025-04-30T15:43:29.118+0100] {logging_mixin.py:190} INFO - [2025-04-30T15:43:29.117+0100] {dag.py:3239} INFO - Sync 2 DAGs
[2025-04-30T15:43:29.125+0100] {logging_mixin.py:190} INFO - [2025-04-30T15:43:29.125+0100] {dag.py:4180} INFO - Setting next_dagrun for example_xcom_args to None, run_after=None
[2025-04-30T15:43:29.128+0100] {logging_mixin.py:190} INFO - [2025-04-30T15:43:29.128+0100] {dag.py:4180} INFO - Setting next_dagrun for example_xcom_args_with_operators to None, run_after=None
[2025-04-30T15:43:29.137+0100] {processor.py:208} INFO - Processing /Users/dineshsammeta/anaconda3/envs/python38/lib/python3.8/site-packages/airflow/example_dags/example_xcomargs.py took 0.138 seconds
[2025-04-30T15:45:07.600+0100] {processor.py:186} INFO - Started process (PID=70162) to work on /Users/dineshsammeta/anaconda3/envs/python38/lib/python3.8/site-packages/airflow/example_dags/example_xcomargs.py
[2025-04-30T15:45:07.602+0100] {processor.py:914} INFO - Processing file /Users/dineshsammeta/anaconda3/envs/python38/lib/python3.8/site-packages/airflow/example_dags/example_xcomargs.py for tasks to queue
[2025-04-30T15:45:07.602+0100] {logging_mixin.py:190} INFO - [2025-04-30T15:45:07.602+0100] {dagbag.py:588} INFO - Filling up the DagBag from /Users/dineshsammeta/anaconda3/envs/python38/lib/python3.8/site-packages/airflow/example_dags/example_xcomargs.py
[2025-04-30T15:45:07.654+0100] {processor.py:925} INFO - DAG(s) 'example_xcom_args_with_operators', 'example_xcom_args' retrieved from /Users/dineshsammeta/anaconda3/envs/python38/lib/python3.8/site-packages/airflow/example_dags/example_xcomargs.py
[2025-04-30T15:45:07.713+0100] {logging_mixin.py:190} INFO - [2025-04-30T15:45:07.713+0100] {dag.py:3239} INFO - Sync 2 DAGs
[2025-04-30T15:45:07.720+0100] {logging_mixin.py:190} INFO - [2025-04-30T15:45:07.720+0100] {dag.py:4180} INFO - Setting next_dagrun for example_xcom_args to None, run_after=None
[2025-04-30T15:45:07.721+0100] {logging_mixin.py:190} INFO - [2025-04-30T15:45:07.721+0100] {dag.py:4180} INFO - Setting next_dagrun for example_xcom_args_with_operators to None, run_after=None
[2025-04-30T15:45:07.730+0100] {processor.py:208} INFO - Processing /Users/dineshsammeta/anaconda3/envs/python38/lib/python3.8/site-packages/airflow/example_dags/example_xcomargs.py took 0.132 seconds
[2025-04-30T15:46:45.877+0100] {processor.py:186} INFO - Started process (PID=70334) to work on /Users/dineshsammeta/anaconda3/envs/python38/lib/python3.8/site-packages/airflow/example_dags/example_xcomargs.py
[2025-04-30T15:46:45.879+0100] {processor.py:914} INFO - Processing file /Users/dineshsammeta/anaconda3/envs/python38/lib/python3.8/site-packages/airflow/example_dags/example_xcomargs.py for tasks to queue
[2025-04-30T15:46:45.879+0100] {logging_mixin.py:190} INFO - [2025-04-30T15:46:45.879+0100] {dagbag.py:588} INFO - Filling up the DagBag from /Users/dineshsammeta/anaconda3/envs/python38/lib/python3.8/site-packages/airflow/example_dags/example_xcomargs.py
[2025-04-30T15:46:45.931+0100] {processor.py:925} INFO - DAG(s) 'example_xcom_args_with_operators', 'example_xcom_args' retrieved from /Users/dineshsammeta/anaconda3/envs/python38/lib/python3.8/site-packages/airflow/example_dags/example_xcomargs.py
[2025-04-30T15:46:45.990+0100] {logging_mixin.py:190} INFO - [2025-04-30T15:46:45.990+0100] {dag.py:3239} INFO - Sync 2 DAGs
[2025-04-30T15:46:45.997+0100] {logging_mixin.py:190} INFO - [2025-04-30T15:46:45.997+0100] {dag.py:4180} INFO - Setting next_dagrun for example_xcom_args to None, run_after=None
[2025-04-30T15:46:45.999+0100] {logging_mixin.py:190} INFO - [2025-04-30T15:46:45.999+0100] {dag.py:4180} INFO - Setting next_dagrun for example_xcom_args_with_operators to None, run_after=None
[2025-04-30T15:46:46.007+0100] {processor.py:208} INFO - Processing /Users/dineshsammeta/anaconda3/envs/python38/lib/python3.8/site-packages/airflow/example_dags/example_xcomargs.py took 0.132 seconds
