[2025-04-30T13:40:34.521+0100] {processor.py:186} INFO - Started process (PID=66687) to work on /Users/dineshsammeta/anaconda3/envs/python38/lib/python3.8/site-packages/airflow/example_dags/example_datasets.py
[2025-04-30T13:40:34.521+0100] {processor.py:914} INFO - Processing file /Users/dineshsammeta/anaconda3/envs/python38/lib/python3.8/site-packages/airflow/example_dags/example_datasets.py for tasks to queue
[2025-04-30T13:40:34.522+0100] {logging_mixin.py:190} INFO - [2025-04-30T13:40:34.522+0100] {dagbag.py:588} INFO - Filling up the DagBag from /Users/dineshsammeta/anaconda3/envs/python38/lib/python3.8/site-packages/airflow/example_dags/example_datasets.py
[2025-04-30T13:40:34.589+0100] {processor.py:925} INFO - DAG(s) 'consume_1_and_2_with_dataset_expressions', 'conditional_dataset_and_time_based_timetable', 'dataset_consumes_1', 'dataset_consumes_unknown_never_scheduled', 'dataset_produces_2', 'dataset_consumes_1_never_scheduled', 'consume_1_or_2_with_dataset_expressions', 'consume_1_or_both_2_and_3_with_dataset_expressions', 'dataset_consumes_1_and_2', 'dataset_produces_1' retrieved from /Users/dineshsammeta/anaconda3/envs/python38/lib/python3.8/site-packages/airflow/example_dags/example_datasets.py
[2025-04-30T13:40:34.659+0100] {logging_mixin.py:190} INFO - [2025-04-30T13:40:34.659+0100] {dag.py:3239} INFO - Sync 10 DAGs
[2025-04-30T13:40:34.671+0100] {logging_mixin.py:190} INFO - [2025-04-30T13:40:34.671+0100] {dag.py:4180} INFO - Setting next_dagrun for conditional_dataset_and_time_based_timetable to 2025-04-30 01:00:00+00:00, run_after=2025-04-30 01:00:00+00:00
[2025-04-30T13:40:34.673+0100] {logging_mixin.py:190} INFO - [2025-04-30T13:40:34.673+0100] {dag.py:4180} INFO - Setting next_dagrun for consume_1_and_2_with_dataset_expressions to None, run_after=None
[2025-04-30T13:40:34.674+0100] {logging_mixin.py:190} INFO - [2025-04-30T13:40:34.673+0100] {dag.py:4180} INFO - Setting next_dagrun for consume_1_or_2_with_dataset_expressions to None, run_after=None
[2025-04-30T13:40:34.674+0100] {logging_mixin.py:190} INFO - [2025-04-30T13:40:34.674+0100] {dag.py:4180} INFO - Setting next_dagrun for consume_1_or_both_2_and_3_with_dataset_expressions to None, run_after=None
[2025-04-30T13:40:34.674+0100] {logging_mixin.py:190} INFO - [2025-04-30T13:40:34.674+0100] {dag.py:4180} INFO - Setting next_dagrun for dataset_consumes_1 to None, run_after=None
[2025-04-30T13:40:34.675+0100] {logging_mixin.py:190} INFO - [2025-04-30T13:40:34.675+0100] {dag.py:4180} INFO - Setting next_dagrun for dataset_consumes_1_and_2 to None, run_after=None
[2025-04-30T13:40:34.675+0100] {logging_mixin.py:190} INFO - [2025-04-30T13:40:34.675+0100] {dag.py:4180} INFO - Setting next_dagrun for dataset_consumes_1_never_scheduled to None, run_after=None
[2025-04-30T13:40:34.676+0100] {logging_mixin.py:190} INFO - [2025-04-30T13:40:34.676+0100] {dag.py:4180} INFO - Setting next_dagrun for dataset_consumes_unknown_never_scheduled to None, run_after=None
[2025-04-30T13:40:34.677+0100] {logging_mixin.py:190} INFO - [2025-04-30T13:40:34.677+0100] {dag.py:4180} INFO - Setting next_dagrun for dataset_produces_1 to 2025-04-29 00:00:00+00:00, run_after=2025-04-30 00:00:00+00:00
[2025-04-30T13:40:34.677+0100] {logging_mixin.py:190} INFO - [2025-04-30T13:40:34.677+0100] {dag.py:4180} INFO - Setting next_dagrun for dataset_produces_2 to None, run_after=None
[2025-04-30T13:40:34.694+0100] {processor.py:208} INFO - Processing /Users/dineshsammeta/anaconda3/envs/python38/lib/python3.8/site-packages/airflow/example_dags/example_datasets.py took 0.176 seconds
[2025-04-30T13:43:33.086+0100] {processor.py:186} INFO - Started process (PID=67095) to work on /Users/dineshsammeta/anaconda3/envs/python38/lib/python3.8/site-packages/airflow/example_dags/example_datasets.py
[2025-04-30T13:43:33.087+0100] {processor.py:914} INFO - Processing file /Users/dineshsammeta/anaconda3/envs/python38/lib/python3.8/site-packages/airflow/example_dags/example_datasets.py for tasks to queue
[2025-04-30T13:43:33.088+0100] {logging_mixin.py:190} INFO - [2025-04-30T13:43:33.088+0100] {dagbag.py:588} INFO - Filling up the DagBag from /Users/dineshsammeta/anaconda3/envs/python38/lib/python3.8/site-packages/airflow/example_dags/example_datasets.py
[2025-04-30T13:43:33.168+0100] {processor.py:925} INFO - DAG(s) 'consume_1_or_both_2_and_3_with_dataset_expressions', 'dataset_consumes_1_never_scheduled', 'dataset_consumes_unknown_never_scheduled', 'consume_1_or_2_with_dataset_expressions', 'dataset_consumes_1', 'consume_1_and_2_with_dataset_expressions', 'dataset_produces_1', 'dataset_produces_2', 'conditional_dataset_and_time_based_timetable', 'dataset_consumes_1_and_2' retrieved from /Users/dineshsammeta/anaconda3/envs/python38/lib/python3.8/site-packages/airflow/example_dags/example_datasets.py
[2025-04-30T13:43:33.251+0100] {logging_mixin.py:190} INFO - [2025-04-30T13:43:33.251+0100] {dag.py:3239} INFO - Sync 10 DAGs
[2025-04-30T13:43:33.265+0100] {logging_mixin.py:190} INFO - [2025-04-30T13:43:33.265+0100] {dag.py:4180} INFO - Setting next_dagrun for conditional_dataset_and_time_based_timetable to 2025-04-30 01:00:00+00:00, run_after=2025-04-30 01:00:00+00:00
[2025-04-30T13:43:33.267+0100] {logging_mixin.py:190} INFO - [2025-04-30T13:43:33.267+0100] {dag.py:4180} INFO - Setting next_dagrun for consume_1_and_2_with_dataset_expressions to None, run_after=None
[2025-04-30T13:43:33.268+0100] {logging_mixin.py:190} INFO - [2025-04-30T13:43:33.268+0100] {dag.py:4180} INFO - Setting next_dagrun for consume_1_or_2_with_dataset_expressions to None, run_after=None
[2025-04-30T13:43:33.268+0100] {logging_mixin.py:190} INFO - [2025-04-30T13:43:33.268+0100] {dag.py:4180} INFO - Setting next_dagrun for consume_1_or_both_2_and_3_with_dataset_expressions to None, run_after=None
[2025-04-30T13:43:33.269+0100] {logging_mixin.py:190} INFO - [2025-04-30T13:43:33.269+0100] {dag.py:4180} INFO - Setting next_dagrun for dataset_consumes_1 to None, run_after=None
[2025-04-30T13:43:33.269+0100] {logging_mixin.py:190} INFO - [2025-04-30T13:43:33.269+0100] {dag.py:4180} INFO - Setting next_dagrun for dataset_consumes_1_and_2 to None, run_after=None
[2025-04-30T13:43:33.270+0100] {logging_mixin.py:190} INFO - [2025-04-30T13:43:33.270+0100] {dag.py:4180} INFO - Setting next_dagrun for dataset_consumes_1_never_scheduled to None, run_after=None
[2025-04-30T13:43:33.270+0100] {logging_mixin.py:190} INFO - [2025-04-30T13:43:33.270+0100] {dag.py:4180} INFO - Setting next_dagrun for dataset_consumes_unknown_never_scheduled to None, run_after=None
[2025-04-30T13:43:33.272+0100] {logging_mixin.py:190} INFO - [2025-04-30T13:43:33.272+0100] {dag.py:4180} INFO - Setting next_dagrun for dataset_produces_1 to 2025-04-29 00:00:00+00:00, run_after=2025-04-30 00:00:00+00:00
[2025-04-30T13:43:33.272+0100] {logging_mixin.py:190} INFO - [2025-04-30T13:43:33.272+0100] {dag.py:4180} INFO - Setting next_dagrun for dataset_produces_2 to None, run_after=None
[2025-04-30T13:43:33.290+0100] {processor.py:208} INFO - Processing /Users/dineshsammeta/anaconda3/envs/python38/lib/python3.8/site-packages/airflow/example_dags/example_datasets.py took 0.206 seconds
[2025-04-30T13:46:29.408+0100] {processor.py:186} INFO - Started process (PID=67429) to work on /Users/dineshsammeta/anaconda3/envs/python38/lib/python3.8/site-packages/airflow/example_dags/example_datasets.py
[2025-04-30T13:46:29.410+0100] {processor.py:914} INFO - Processing file /Users/dineshsammeta/anaconda3/envs/python38/lib/python3.8/site-packages/airflow/example_dags/example_datasets.py for tasks to queue
[2025-04-30T13:46:29.411+0100] {logging_mixin.py:190} INFO - [2025-04-30T13:46:29.411+0100] {dagbag.py:588} INFO - Filling up the DagBag from /Users/dineshsammeta/anaconda3/envs/python38/lib/python3.8/site-packages/airflow/example_dags/example_datasets.py
[2025-04-30T13:46:29.480+0100] {processor.py:925} INFO - DAG(s) 'consume_1_or_both_2_and_3_with_dataset_expressions', 'dataset_consumes_1_never_scheduled', 'dataset_produces_2', 'dataset_consumes_unknown_never_scheduled', 'dataset_consumes_1_and_2', 'conditional_dataset_and_time_based_timetable', 'dataset_produces_1', 'consume_1_and_2_with_dataset_expressions', 'consume_1_or_2_with_dataset_expressions', 'dataset_consumes_1' retrieved from /Users/dineshsammeta/anaconda3/envs/python38/lib/python3.8/site-packages/airflow/example_dags/example_datasets.py
[2025-04-30T13:46:29.550+0100] {logging_mixin.py:190} INFO - [2025-04-30T13:46:29.550+0100] {dag.py:3239} INFO - Sync 10 DAGs
[2025-04-30T13:46:29.561+0100] {logging_mixin.py:190} INFO - [2025-04-30T13:46:29.561+0100] {dag.py:4180} INFO - Setting next_dagrun for conditional_dataset_and_time_based_timetable to 2025-04-30 01:00:00+00:00, run_after=2025-04-30 01:00:00+00:00
[2025-04-30T13:46:29.563+0100] {logging_mixin.py:190} INFO - [2025-04-30T13:46:29.563+0100] {dag.py:4180} INFO - Setting next_dagrun for consume_1_and_2_with_dataset_expressions to None, run_after=None
[2025-04-30T13:46:29.563+0100] {logging_mixin.py:190} INFO - [2025-04-30T13:46:29.563+0100] {dag.py:4180} INFO - Setting next_dagrun for consume_1_or_2_with_dataset_expressions to None, run_after=None
[2025-04-30T13:46:29.564+0100] {logging_mixin.py:190} INFO - [2025-04-30T13:46:29.564+0100] {dag.py:4180} INFO - Setting next_dagrun for consume_1_or_both_2_and_3_with_dataset_expressions to None, run_after=None
[2025-04-30T13:46:29.564+0100] {logging_mixin.py:190} INFO - [2025-04-30T13:46:29.564+0100] {dag.py:4180} INFO - Setting next_dagrun for dataset_consumes_1 to None, run_after=None
[2025-04-30T13:46:29.565+0100] {logging_mixin.py:190} INFO - [2025-04-30T13:46:29.565+0100] {dag.py:4180} INFO - Setting next_dagrun for dataset_consumes_1_and_2 to None, run_after=None
[2025-04-30T13:46:29.565+0100] {logging_mixin.py:190} INFO - [2025-04-30T13:46:29.565+0100] {dag.py:4180} INFO - Setting next_dagrun for dataset_consumes_1_never_scheduled to None, run_after=None
[2025-04-30T13:46:29.566+0100] {logging_mixin.py:190} INFO - [2025-04-30T13:46:29.566+0100] {dag.py:4180} INFO - Setting next_dagrun for dataset_consumes_unknown_never_scheduled to None, run_after=None
[2025-04-30T13:46:29.567+0100] {logging_mixin.py:190} INFO - [2025-04-30T13:46:29.567+0100] {dag.py:4180} INFO - Setting next_dagrun for dataset_produces_1 to 2025-04-29 00:00:00+00:00, run_after=2025-04-30 00:00:00+00:00
[2025-04-30T13:46:29.567+0100] {logging_mixin.py:190} INFO - [2025-04-30T13:46:29.567+0100] {dag.py:4180} INFO - Setting next_dagrun for dataset_produces_2 to None, run_after=None
[2025-04-30T13:46:29.583+0100] {processor.py:208} INFO - Processing /Users/dineshsammeta/anaconda3/envs/python38/lib/python3.8/site-packages/airflow/example_dags/example_datasets.py took 0.177 seconds
[2025-04-30T13:49:32.124+0100] {processor.py:186} INFO - Started process (PID=67792) to work on /Users/dineshsammeta/anaconda3/envs/python38/lib/python3.8/site-packages/airflow/example_dags/example_datasets.py
[2025-04-30T13:49:32.126+0100] {processor.py:914} INFO - Processing file /Users/dineshsammeta/anaconda3/envs/python38/lib/python3.8/site-packages/airflow/example_dags/example_datasets.py for tasks to queue
[2025-04-30T13:49:32.126+0100] {logging_mixin.py:190} INFO - [2025-04-30T13:49:32.126+0100] {dagbag.py:588} INFO - Filling up the DagBag from /Users/dineshsammeta/anaconda3/envs/python38/lib/python3.8/site-packages/airflow/example_dags/example_datasets.py
[2025-04-30T13:49:32.196+0100] {processor.py:925} INFO - DAG(s) 'consume_1_or_2_with_dataset_expressions', 'dataset_consumes_1', 'consume_1_and_2_with_dataset_expressions', 'dataset_produces_2', 'dataset_consumes_unknown_never_scheduled', 'dataset_consumes_1_never_scheduled', 'dataset_produces_1', 'conditional_dataset_and_time_based_timetable', 'dataset_consumes_1_and_2', 'consume_1_or_both_2_and_3_with_dataset_expressions' retrieved from /Users/dineshsammeta/anaconda3/envs/python38/lib/python3.8/site-packages/airflow/example_dags/example_datasets.py
[2025-04-30T13:49:32.264+0100] {logging_mixin.py:190} INFO - [2025-04-30T13:49:32.264+0100] {dag.py:3239} INFO - Sync 10 DAGs
[2025-04-30T13:49:32.276+0100] {logging_mixin.py:190} INFO - [2025-04-30T13:49:32.276+0100] {dag.py:4180} INFO - Setting next_dagrun for conditional_dataset_and_time_based_timetable to 2025-04-30 01:00:00+00:00, run_after=2025-04-30 01:00:00+00:00
[2025-04-30T13:49:32.278+0100] {logging_mixin.py:190} INFO - [2025-04-30T13:49:32.277+0100] {dag.py:4180} INFO - Setting next_dagrun for consume_1_and_2_with_dataset_expressions to None, run_after=None
[2025-04-30T13:49:32.278+0100] {logging_mixin.py:190} INFO - [2025-04-30T13:49:32.278+0100] {dag.py:4180} INFO - Setting next_dagrun for consume_1_or_2_with_dataset_expressions to None, run_after=None
[2025-04-30T13:49:32.279+0100] {logging_mixin.py:190} INFO - [2025-04-30T13:49:32.279+0100] {dag.py:4180} INFO - Setting next_dagrun for consume_1_or_both_2_and_3_with_dataset_expressions to None, run_after=None
[2025-04-30T13:49:32.279+0100] {logging_mixin.py:190} INFO - [2025-04-30T13:49:32.279+0100] {dag.py:4180} INFO - Setting next_dagrun for dataset_consumes_1 to None, run_after=None
[2025-04-30T13:49:32.280+0100] {logging_mixin.py:190} INFO - [2025-04-30T13:49:32.279+0100] {dag.py:4180} INFO - Setting next_dagrun for dataset_consumes_1_and_2 to None, run_after=None
[2025-04-30T13:49:32.280+0100] {logging_mixin.py:190} INFO - [2025-04-30T13:49:32.280+0100] {dag.py:4180} INFO - Setting next_dagrun for dataset_consumes_1_never_scheduled to None, run_after=None
[2025-04-30T13:49:32.280+0100] {logging_mixin.py:190} INFO - [2025-04-30T13:49:32.280+0100] {dag.py:4180} INFO - Setting next_dagrun for dataset_consumes_unknown_never_scheduled to None, run_after=None
[2025-04-30T13:49:32.282+0100] {logging_mixin.py:190} INFO - [2025-04-30T13:49:32.282+0100] {dag.py:4180} INFO - Setting next_dagrun for dataset_produces_1 to 2025-04-29 00:00:00+00:00, run_after=2025-04-30 00:00:00+00:00
[2025-04-30T13:49:32.282+0100] {logging_mixin.py:190} INFO - [2025-04-30T13:49:32.282+0100] {dag.py:4180} INFO - Setting next_dagrun for dataset_produces_2 to None, run_after=None
[2025-04-30T13:49:32.298+0100] {processor.py:208} INFO - Processing /Users/dineshsammeta/anaconda3/envs/python38/lib/python3.8/site-packages/airflow/example_dags/example_datasets.py took 0.176 seconds
[2025-04-30T13:52:38.023+0100] {processor.py:186} INFO - Started process (PID=68131) to work on /Users/dineshsammeta/anaconda3/envs/python38/lib/python3.8/site-packages/airflow/example_dags/example_datasets.py
[2025-04-30T13:52:38.023+0100] {processor.py:914} INFO - Processing file /Users/dineshsammeta/anaconda3/envs/python38/lib/python3.8/site-packages/airflow/example_dags/example_datasets.py for tasks to queue
[2025-04-30T13:52:38.024+0100] {logging_mixin.py:190} INFO - [2025-04-30T13:52:38.024+0100] {dagbag.py:588} INFO - Filling up the DagBag from /Users/dineshsammeta/anaconda3/envs/python38/lib/python3.8/site-packages/airflow/example_dags/example_datasets.py
[2025-04-30T13:52:38.094+0100] {processor.py:925} INFO - DAG(s) 'dataset_produces_2', 'dataset_consumes_1', 'consume_1_or_2_with_dataset_expressions', 'conditional_dataset_and_time_based_timetable', 'dataset_consumes_1_never_scheduled', 'consume_1_or_both_2_and_3_with_dataset_expressions', 'dataset_consumes_1_and_2', 'dataset_produces_1', 'consume_1_and_2_with_dataset_expressions', 'dataset_consumes_unknown_never_scheduled' retrieved from /Users/dineshsammeta/anaconda3/envs/python38/lib/python3.8/site-packages/airflow/example_dags/example_datasets.py
[2025-04-30T13:52:38.166+0100] {logging_mixin.py:190} INFO - [2025-04-30T13:52:38.166+0100] {dag.py:3239} INFO - Sync 10 DAGs
[2025-04-30T13:52:38.178+0100] {logging_mixin.py:190} INFO - [2025-04-30T13:52:38.178+0100] {dag.py:4180} INFO - Setting next_dagrun for conditional_dataset_and_time_based_timetable to 2025-04-30 01:00:00+00:00, run_after=2025-04-30 01:00:00+00:00
[2025-04-30T13:52:38.180+0100] {logging_mixin.py:190} INFO - [2025-04-30T13:52:38.179+0100] {dag.py:4180} INFO - Setting next_dagrun for consume_1_and_2_with_dataset_expressions to None, run_after=None
[2025-04-30T13:52:38.180+0100] {logging_mixin.py:190} INFO - [2025-04-30T13:52:38.180+0100] {dag.py:4180} INFO - Setting next_dagrun for consume_1_or_2_with_dataset_expressions to None, run_after=None
[2025-04-30T13:52:38.181+0100] {logging_mixin.py:190} INFO - [2025-04-30T13:52:38.181+0100] {dag.py:4180} INFO - Setting next_dagrun for consume_1_or_both_2_and_3_with_dataset_expressions to None, run_after=None
[2025-04-30T13:52:38.181+0100] {logging_mixin.py:190} INFO - [2025-04-30T13:52:38.181+0100] {dag.py:4180} INFO - Setting next_dagrun for dataset_consumes_1 to None, run_after=None
[2025-04-30T13:52:38.182+0100] {logging_mixin.py:190} INFO - [2025-04-30T13:52:38.182+0100] {dag.py:4180} INFO - Setting next_dagrun for dataset_consumes_1_and_2 to None, run_after=None
[2025-04-30T13:52:38.182+0100] {logging_mixin.py:190} INFO - [2025-04-30T13:52:38.182+0100] {dag.py:4180} INFO - Setting next_dagrun for dataset_consumes_1_never_scheduled to None, run_after=None
[2025-04-30T13:52:38.183+0100] {logging_mixin.py:190} INFO - [2025-04-30T13:52:38.183+0100] {dag.py:4180} INFO - Setting next_dagrun for dataset_consumes_unknown_never_scheduled to None, run_after=None
[2025-04-30T13:52:38.184+0100] {logging_mixin.py:190} INFO - [2025-04-30T13:52:38.184+0100] {dag.py:4180} INFO - Setting next_dagrun for dataset_produces_1 to 2025-04-29 00:00:00+00:00, run_after=2025-04-30 00:00:00+00:00
[2025-04-30T13:52:38.184+0100] {logging_mixin.py:190} INFO - [2025-04-30T13:52:38.184+0100] {dag.py:4180} INFO - Setting next_dagrun for dataset_produces_2 to None, run_after=None
[2025-04-30T13:52:38.200+0100] {processor.py:208} INFO - Processing /Users/dineshsammeta/anaconda3/envs/python38/lib/python3.8/site-packages/airflow/example_dags/example_datasets.py took 0.180 seconds
[2025-04-30T13:54:47.102+0100] {processor.py:186} INFO - Started process (PID=68388) to work on /Users/dineshsammeta/anaconda3/envs/python38/lib/python3.8/site-packages/airflow/example_dags/example_datasets.py
[2025-04-30T13:54:47.103+0100] {processor.py:914} INFO - Processing file /Users/dineshsammeta/anaconda3/envs/python38/lib/python3.8/site-packages/airflow/example_dags/example_datasets.py for tasks to queue
[2025-04-30T13:54:47.104+0100] {logging_mixin.py:190} INFO - [2025-04-30T13:54:47.103+0100] {dagbag.py:588} INFO - Filling up the DagBag from /Users/dineshsammeta/anaconda3/envs/python38/lib/python3.8/site-packages/airflow/example_dags/example_datasets.py
[2025-04-30T13:54:47.168+0100] {processor.py:925} INFO - DAG(s) 'dataset_consumes_1', 'dataset_consumes_unknown_never_scheduled', 'dataset_produces_1', 'dataset_produces_2', 'conditional_dataset_and_time_based_timetable', 'consume_1_or_both_2_and_3_with_dataset_expressions', 'consume_1_and_2_with_dataset_expressions', 'dataset_consumes_1_and_2', 'consume_1_or_2_with_dataset_expressions', 'dataset_consumes_1_never_scheduled' retrieved from /Users/dineshsammeta/anaconda3/envs/python38/lib/python3.8/site-packages/airflow/example_dags/example_datasets.py
[2025-04-30T13:54:47.235+0100] {logging_mixin.py:190} INFO - [2025-04-30T13:54:47.235+0100] {dag.py:3239} INFO - Sync 10 DAGs
[2025-04-30T13:54:47.247+0100] {logging_mixin.py:190} INFO - [2025-04-30T13:54:47.247+0100] {dag.py:4180} INFO - Setting next_dagrun for conditional_dataset_and_time_based_timetable to 2025-05-07 01:00:00+00:00, run_after=2025-05-07 01:00:00+00:00
[2025-04-30T13:54:47.249+0100] {logging_mixin.py:190} INFO - [2025-04-30T13:54:47.249+0100] {dag.py:4180} INFO - Setting next_dagrun for consume_1_and_2_with_dataset_expressions to None, run_after=None
[2025-04-30T13:54:47.249+0100] {logging_mixin.py:190} INFO - [2025-04-30T13:54:47.249+0100] {dag.py:4180} INFO - Setting next_dagrun for consume_1_or_2_with_dataset_expressions to None, run_after=None
[2025-04-30T13:54:47.250+0100] {logging_mixin.py:190} INFO - [2025-04-30T13:54:47.250+0100] {dag.py:4180} INFO - Setting next_dagrun for consume_1_or_both_2_and_3_with_dataset_expressions to None, run_after=None
[2025-04-30T13:54:47.250+0100] {logging_mixin.py:190} INFO - [2025-04-30T13:54:47.250+0100] {dag.py:4180} INFO - Setting next_dagrun for dataset_consumes_1 to None, run_after=None
[2025-04-30T13:54:47.251+0100] {logging_mixin.py:190} INFO - [2025-04-30T13:54:47.251+0100] {dag.py:4180} INFO - Setting next_dagrun for dataset_consumes_1_and_2 to None, run_after=None
[2025-04-30T13:54:47.251+0100] {logging_mixin.py:190} INFO - [2025-04-30T13:54:47.251+0100] {dag.py:4180} INFO - Setting next_dagrun for dataset_consumes_1_never_scheduled to None, run_after=None
[2025-04-30T13:54:47.252+0100] {logging_mixin.py:190} INFO - [2025-04-30T13:54:47.252+0100] {dag.py:4180} INFO - Setting next_dagrun for dataset_consumes_unknown_never_scheduled to None, run_after=None
[2025-04-30T13:54:47.253+0100] {logging_mixin.py:190} INFO - [2025-04-30T13:54:47.253+0100] {dag.py:4180} INFO - Setting next_dagrun for dataset_produces_1 to 2025-04-29 00:00:00+00:00, run_after=2025-04-30 00:00:00+00:00
[2025-04-30T13:54:47.253+0100] {logging_mixin.py:190} INFO - [2025-04-30T13:54:47.253+0100] {dag.py:4180} INFO - Setting next_dagrun for dataset_produces_2 to None, run_after=None
[2025-04-30T13:54:47.270+0100] {processor.py:208} INFO - Processing /Users/dineshsammeta/anaconda3/envs/python38/lib/python3.8/site-packages/airflow/example_dags/example_datasets.py took 0.170 seconds
[2025-04-30T13:57:49.128+0100] {processor.py:186} INFO - Started process (PID=68698) to work on /Users/dineshsammeta/anaconda3/envs/python38/lib/python3.8/site-packages/airflow/example_dags/example_datasets.py
[2025-04-30T13:57:49.129+0100] {processor.py:914} INFO - Processing file /Users/dineshsammeta/anaconda3/envs/python38/lib/python3.8/site-packages/airflow/example_dags/example_datasets.py for tasks to queue
[2025-04-30T13:57:49.130+0100] {logging_mixin.py:190} INFO - [2025-04-30T13:57:49.130+0100] {dagbag.py:588} INFO - Filling up the DagBag from /Users/dineshsammeta/anaconda3/envs/python38/lib/python3.8/site-packages/airflow/example_dags/example_datasets.py
[2025-04-30T13:57:49.195+0100] {processor.py:925} INFO - DAG(s) 'dataset_consumes_1_never_scheduled', 'consume_1_or_both_2_and_3_with_dataset_expressions', 'dataset_produces_1', 'consume_1_and_2_with_dataset_expressions', 'dataset_consumes_unknown_never_scheduled', 'dataset_consumes_1_and_2', 'dataset_consumes_1', 'dataset_produces_2', 'conditional_dataset_and_time_based_timetable', 'consume_1_or_2_with_dataset_expressions' retrieved from /Users/dineshsammeta/anaconda3/envs/python38/lib/python3.8/site-packages/airflow/example_dags/example_datasets.py
[2025-04-30T13:57:49.263+0100] {logging_mixin.py:190} INFO - [2025-04-30T13:57:49.263+0100] {dag.py:3239} INFO - Sync 10 DAGs
[2025-04-30T13:57:49.275+0100] {logging_mixin.py:190} INFO - [2025-04-30T13:57:49.275+0100] {dag.py:4180} INFO - Setting next_dagrun for conditional_dataset_and_time_based_timetable to 2025-05-07 01:00:00+00:00, run_after=2025-05-07 01:00:00+00:00
[2025-04-30T13:57:49.277+0100] {logging_mixin.py:190} INFO - [2025-04-30T13:57:49.277+0100] {dag.py:4180} INFO - Setting next_dagrun for consume_1_and_2_with_dataset_expressions to None, run_after=None
[2025-04-30T13:57:49.278+0100] {logging_mixin.py:190} INFO - [2025-04-30T13:57:49.278+0100] {dag.py:4180} INFO - Setting next_dagrun for consume_1_or_2_with_dataset_expressions to None, run_after=None
[2025-04-30T13:57:49.278+0100] {logging_mixin.py:190} INFO - [2025-04-30T13:57:49.278+0100] {dag.py:4180} INFO - Setting next_dagrun for consume_1_or_both_2_and_3_with_dataset_expressions to None, run_after=None
[2025-04-30T13:57:49.279+0100] {logging_mixin.py:190} INFO - [2025-04-30T13:57:49.279+0100] {dag.py:4180} INFO - Setting next_dagrun for dataset_consumes_1 to None, run_after=None
[2025-04-30T13:57:49.279+0100] {logging_mixin.py:190} INFO - [2025-04-30T13:57:49.279+0100] {dag.py:4180} INFO - Setting next_dagrun for dataset_consumes_1_and_2 to None, run_after=None
[2025-04-30T13:57:49.280+0100] {logging_mixin.py:190} INFO - [2025-04-30T13:57:49.279+0100] {dag.py:4180} INFO - Setting next_dagrun for dataset_consumes_1_never_scheduled to None, run_after=None
[2025-04-30T13:57:49.280+0100] {logging_mixin.py:190} INFO - [2025-04-30T13:57:49.280+0100] {dag.py:4180} INFO - Setting next_dagrun for dataset_consumes_unknown_never_scheduled to None, run_after=None
[2025-04-30T13:57:49.281+0100] {logging_mixin.py:190} INFO - [2025-04-30T13:57:49.281+0100] {dag.py:4180} INFO - Setting next_dagrun for dataset_produces_1 to 2025-04-29 00:00:00+00:00, run_after=2025-04-30 00:00:00+00:00
[2025-04-30T13:57:49.282+0100] {logging_mixin.py:190} INFO - [2025-04-30T13:57:49.282+0100] {dag.py:4180} INFO - Setting next_dagrun for dataset_produces_2 to None, run_after=None
[2025-04-30T13:57:49.298+0100] {processor.py:208} INFO - Processing /Users/dineshsammeta/anaconda3/envs/python38/lib/python3.8/site-packages/airflow/example_dags/example_datasets.py took 0.172 seconds
[2025-04-30T14:00:47.316+0100] {processor.py:186} INFO - Started process (PID=69024) to work on /Users/dineshsammeta/anaconda3/envs/python38/lib/python3.8/site-packages/airflow/example_dags/example_datasets.py
[2025-04-30T14:00:47.317+0100] {processor.py:914} INFO - Processing file /Users/dineshsammeta/anaconda3/envs/python38/lib/python3.8/site-packages/airflow/example_dags/example_datasets.py for tasks to queue
[2025-04-30T14:00:47.317+0100] {logging_mixin.py:190} INFO - [2025-04-30T14:00:47.317+0100] {dagbag.py:588} INFO - Filling up the DagBag from /Users/dineshsammeta/anaconda3/envs/python38/lib/python3.8/site-packages/airflow/example_dags/example_datasets.py
[2025-04-30T14:00:47.380+0100] {processor.py:925} INFO - DAG(s) 'dataset_produces_1', 'dataset_consumes_unknown_never_scheduled', 'dataset_consumes_1_never_scheduled', 'conditional_dataset_and_time_based_timetable', 'dataset_consumes_1', 'dataset_consumes_1_and_2', 'consume_1_and_2_with_dataset_expressions', 'consume_1_or_2_with_dataset_expressions', 'consume_1_or_both_2_and_3_with_dataset_expressions', 'dataset_produces_2' retrieved from /Users/dineshsammeta/anaconda3/envs/python38/lib/python3.8/site-packages/airflow/example_dags/example_datasets.py
[2025-04-30T14:00:47.449+0100] {logging_mixin.py:190} INFO - [2025-04-30T14:00:47.449+0100] {dag.py:3239} INFO - Sync 10 DAGs
[2025-04-30T14:00:47.462+0100] {logging_mixin.py:190} INFO - [2025-04-30T14:00:47.462+0100] {dag.py:4180} INFO - Setting next_dagrun for conditional_dataset_and_time_based_timetable to 2025-05-07 01:00:00+00:00, run_after=2025-05-07 01:00:00+00:00
[2025-04-30T14:00:47.463+0100] {logging_mixin.py:190} INFO - [2025-04-30T14:00:47.463+0100] {dag.py:4180} INFO - Setting next_dagrun for consume_1_and_2_with_dataset_expressions to None, run_after=None
[2025-04-30T14:00:47.464+0100] {logging_mixin.py:190} INFO - [2025-04-30T14:00:47.464+0100] {dag.py:4180} INFO - Setting next_dagrun for consume_1_or_2_with_dataset_expressions to None, run_after=None
[2025-04-30T14:00:47.464+0100] {logging_mixin.py:190} INFO - [2025-04-30T14:00:47.464+0100] {dag.py:4180} INFO - Setting next_dagrun for consume_1_or_both_2_and_3_with_dataset_expressions to None, run_after=None
[2025-04-30T14:00:47.465+0100] {logging_mixin.py:190} INFO - [2025-04-30T14:00:47.465+0100] {dag.py:4180} INFO - Setting next_dagrun for dataset_consumes_1 to None, run_after=None
[2025-04-30T14:00:47.465+0100] {logging_mixin.py:190} INFO - [2025-04-30T14:00:47.465+0100] {dag.py:4180} INFO - Setting next_dagrun for dataset_consumes_1_and_2 to None, run_after=None
[2025-04-30T14:00:47.466+0100] {logging_mixin.py:190} INFO - [2025-04-30T14:00:47.466+0100] {dag.py:4180} INFO - Setting next_dagrun for dataset_consumes_1_never_scheduled to None, run_after=None
[2025-04-30T14:00:47.466+0100] {logging_mixin.py:190} INFO - [2025-04-30T14:00:47.466+0100] {dag.py:4180} INFO - Setting next_dagrun for dataset_consumes_unknown_never_scheduled to None, run_after=None
[2025-04-30T14:00:47.467+0100] {logging_mixin.py:190} INFO - [2025-04-30T14:00:47.467+0100] {dag.py:4180} INFO - Setting next_dagrun for dataset_produces_1 to 2025-04-29 00:00:00+00:00, run_after=2025-04-30 00:00:00+00:00
[2025-04-30T14:00:47.468+0100] {logging_mixin.py:190} INFO - [2025-04-30T14:00:47.468+0100] {dag.py:4180} INFO - Setting next_dagrun for dataset_produces_2 to None, run_after=None
[2025-04-30T14:00:47.483+0100] {processor.py:208} INFO - Processing /Users/dineshsammeta/anaconda3/envs/python38/lib/python3.8/site-packages/airflow/example_dags/example_datasets.py took 0.170 seconds
[2025-04-30T15:38:10.582+0100] {processor.py:186} INFO - Started process (PID=69422) to work on /Users/dineshsammeta/anaconda3/envs/python38/lib/python3.8/site-packages/airflow/example_dags/example_datasets.py
[2025-04-30T15:38:10.583+0100] {processor.py:914} INFO - Processing file /Users/dineshsammeta/anaconda3/envs/python38/lib/python3.8/site-packages/airflow/example_dags/example_datasets.py for tasks to queue
[2025-04-30T15:38:10.583+0100] {logging_mixin.py:190} INFO - [2025-04-30T15:38:10.583+0100] {dagbag.py:588} INFO - Filling up the DagBag from /Users/dineshsammeta/anaconda3/envs/python38/lib/python3.8/site-packages/airflow/example_dags/example_datasets.py
[2025-04-30T15:38:10.653+0100] {processor.py:925} INFO - DAG(s) 'dataset_consumes_1_never_scheduled', 'conditional_dataset_and_time_based_timetable', 'dataset_consumes_1_and_2', 'dataset_produces_2', 'dataset_produces_1', 'dataset_consumes_1', 'consume_1_or_both_2_and_3_with_dataset_expressions', 'dataset_consumes_unknown_never_scheduled', 'consume_1_or_2_with_dataset_expressions', 'consume_1_and_2_with_dataset_expressions' retrieved from /Users/dineshsammeta/anaconda3/envs/python38/lib/python3.8/site-packages/airflow/example_dags/example_datasets.py
[2025-04-30T15:38:10.722+0100] {logging_mixin.py:190} INFO - [2025-04-30T15:38:10.722+0100] {dag.py:3239} INFO - Sync 10 DAGs
[2025-04-30T15:38:10.735+0100] {logging_mixin.py:190} INFO - [2025-04-30T15:38:10.735+0100] {dag.py:4180} INFO - Setting next_dagrun for conditional_dataset_and_time_based_timetable to 2025-05-07 01:00:00+00:00, run_after=2025-05-07 01:00:00+00:00
[2025-04-30T15:38:10.736+0100] {logging_mixin.py:190} INFO - [2025-04-30T15:38:10.736+0100] {dag.py:4180} INFO - Setting next_dagrun for consume_1_and_2_with_dataset_expressions to None, run_after=None
[2025-04-30T15:38:10.737+0100] {logging_mixin.py:190} INFO - [2025-04-30T15:38:10.737+0100] {dag.py:4180} INFO - Setting next_dagrun for consume_1_or_2_with_dataset_expressions to None, run_after=None
[2025-04-30T15:38:10.738+0100] {logging_mixin.py:190} INFO - [2025-04-30T15:38:10.738+0100] {dag.py:4180} INFO - Setting next_dagrun for consume_1_or_both_2_and_3_with_dataset_expressions to None, run_after=None
[2025-04-30T15:38:10.738+0100] {logging_mixin.py:190} INFO - [2025-04-30T15:38:10.738+0100] {dag.py:4180} INFO - Setting next_dagrun for dataset_consumes_1 to None, run_after=None
[2025-04-30T15:38:10.739+0100] {logging_mixin.py:190} INFO - [2025-04-30T15:38:10.738+0100] {dag.py:4180} INFO - Setting next_dagrun for dataset_consumes_1_and_2 to None, run_after=None
[2025-04-30T15:38:10.739+0100] {logging_mixin.py:190} INFO - [2025-04-30T15:38:10.739+0100] {dag.py:4180} INFO - Setting next_dagrun for dataset_consumes_1_never_scheduled to None, run_after=None
[2025-04-30T15:38:10.739+0100] {logging_mixin.py:190} INFO - [2025-04-30T15:38:10.739+0100] {dag.py:4180} INFO - Setting next_dagrun for dataset_consumes_unknown_never_scheduled to None, run_after=None
[2025-04-30T15:38:10.741+0100] {logging_mixin.py:190} INFO - [2025-04-30T15:38:10.740+0100] {dag.py:4180} INFO - Setting next_dagrun for dataset_produces_1 to 2025-04-29 00:00:00+00:00, run_after=2025-04-30 00:00:00+00:00
[2025-04-30T15:38:10.741+0100] {logging_mixin.py:190} INFO - [2025-04-30T15:38:10.741+0100] {dag.py:4180} INFO - Setting next_dagrun for dataset_produces_2 to None, run_after=None
[2025-04-30T15:38:10.757+0100] {processor.py:208} INFO - Processing /Users/dineshsammeta/anaconda3/envs/python38/lib/python3.8/site-packages/airflow/example_dags/example_datasets.py took 0.177 seconds
[2025-04-30T15:41:32.438+0100] {processor.py:186} INFO - Started process (PID=69793) to work on /Users/dineshsammeta/anaconda3/envs/python38/lib/python3.8/site-packages/airflow/example_dags/example_datasets.py
[2025-04-30T15:41:32.439+0100] {processor.py:914} INFO - Processing file /Users/dineshsammeta/anaconda3/envs/python38/lib/python3.8/site-packages/airflow/example_dags/example_datasets.py for tasks to queue
[2025-04-30T15:41:32.440+0100] {logging_mixin.py:190} INFO - [2025-04-30T15:41:32.440+0100] {dagbag.py:588} INFO - Filling up the DagBag from /Users/dineshsammeta/anaconda3/envs/python38/lib/python3.8/site-packages/airflow/example_dags/example_datasets.py
[2025-04-30T15:41:32.506+0100] {processor.py:925} INFO - DAG(s) 'consume_1_or_2_with_dataset_expressions', 'dataset_produces_1', 'dataset_produces_2', 'conditional_dataset_and_time_based_timetable', 'dataset_consumes_1', 'consume_1_or_both_2_and_3_with_dataset_expressions', 'dataset_consumes_unknown_never_scheduled', 'dataset_consumes_1_never_scheduled', 'consume_1_and_2_with_dataset_expressions', 'dataset_consumes_1_and_2' retrieved from /Users/dineshsammeta/anaconda3/envs/python38/lib/python3.8/site-packages/airflow/example_dags/example_datasets.py
[2025-04-30T15:41:32.576+0100] {logging_mixin.py:190} INFO - [2025-04-30T15:41:32.576+0100] {dag.py:3239} INFO - Sync 10 DAGs
[2025-04-30T15:41:32.588+0100] {logging_mixin.py:190} INFO - [2025-04-30T15:41:32.588+0100] {dag.py:4180} INFO - Setting next_dagrun for conditional_dataset_and_time_based_timetable to 2025-05-07 01:00:00+00:00, run_after=2025-05-07 01:00:00+00:00
[2025-04-30T15:41:32.589+0100] {logging_mixin.py:190} INFO - [2025-04-30T15:41:32.589+0100] {dag.py:4180} INFO - Setting next_dagrun for consume_1_and_2_with_dataset_expressions to None, run_after=None
[2025-04-30T15:41:32.590+0100] {logging_mixin.py:190} INFO - [2025-04-30T15:41:32.590+0100] {dag.py:4180} INFO - Setting next_dagrun for consume_1_or_2_with_dataset_expressions to None, run_after=None
[2025-04-30T15:41:32.591+0100] {logging_mixin.py:190} INFO - [2025-04-30T15:41:32.590+0100] {dag.py:4180} INFO - Setting next_dagrun for consume_1_or_both_2_and_3_with_dataset_expressions to None, run_after=None
[2025-04-30T15:41:32.591+0100] {logging_mixin.py:190} INFO - [2025-04-30T15:41:32.591+0100] {dag.py:4180} INFO - Setting next_dagrun for dataset_consumes_1 to None, run_after=None
[2025-04-30T15:41:32.592+0100] {logging_mixin.py:190} INFO - [2025-04-30T15:41:32.591+0100] {dag.py:4180} INFO - Setting next_dagrun for dataset_consumes_1_and_2 to None, run_after=None
[2025-04-30T15:41:32.592+0100] {logging_mixin.py:190} INFO - [2025-04-30T15:41:32.592+0100] {dag.py:4180} INFO - Setting next_dagrun for dataset_consumes_1_never_scheduled to None, run_after=None
[2025-04-30T15:41:32.592+0100] {logging_mixin.py:190} INFO - [2025-04-30T15:41:32.592+0100] {dag.py:4180} INFO - Setting next_dagrun for dataset_consumes_unknown_never_scheduled to None, run_after=None
[2025-04-30T15:41:32.594+0100] {logging_mixin.py:190} INFO - [2025-04-30T15:41:32.593+0100] {dag.py:4180} INFO - Setting next_dagrun for dataset_produces_1 to 2025-04-29 00:00:00+00:00, run_after=2025-04-30 00:00:00+00:00
[2025-04-30T15:41:32.594+0100] {logging_mixin.py:190} INFO - [2025-04-30T15:41:32.594+0100] {dag.py:4180} INFO - Setting next_dagrun for dataset_produces_2 to None, run_after=None
[2025-04-30T15:41:32.610+0100] {processor.py:208} INFO - Processing /Users/dineshsammeta/anaconda3/envs/python38/lib/python3.8/site-packages/airflow/example_dags/example_datasets.py took 0.174 seconds
[2025-04-30T15:44:40.487+0100] {processor.py:186} INFO - Started process (PID=70114) to work on /Users/dineshsammeta/anaconda3/envs/python38/lib/python3.8/site-packages/airflow/example_dags/example_datasets.py
[2025-04-30T15:44:40.488+0100] {processor.py:914} INFO - Processing file /Users/dineshsammeta/anaconda3/envs/python38/lib/python3.8/site-packages/airflow/example_dags/example_datasets.py for tasks to queue
[2025-04-30T15:44:40.488+0100] {logging_mixin.py:190} INFO - [2025-04-30T15:44:40.488+0100] {dagbag.py:588} INFO - Filling up the DagBag from /Users/dineshsammeta/anaconda3/envs/python38/lib/python3.8/site-packages/airflow/example_dags/example_datasets.py
[2025-04-30T15:44:40.555+0100] {processor.py:925} INFO - DAG(s) 'dataset_consumes_1_never_scheduled', 'dataset_consumes_unknown_never_scheduled', 'dataset_consumes_1', 'consume_1_and_2_with_dataset_expressions', 'consume_1_or_both_2_and_3_with_dataset_expressions', 'conditional_dataset_and_time_based_timetable', 'consume_1_or_2_with_dataset_expressions', 'dataset_consumes_1_and_2', 'dataset_produces_1', 'dataset_produces_2' retrieved from /Users/dineshsammeta/anaconda3/envs/python38/lib/python3.8/site-packages/airflow/example_dags/example_datasets.py
[2025-04-30T15:44:40.625+0100] {logging_mixin.py:190} INFO - [2025-04-30T15:44:40.624+0100] {dag.py:3239} INFO - Sync 10 DAGs
[2025-04-30T15:44:40.637+0100] {logging_mixin.py:190} INFO - [2025-04-30T15:44:40.636+0100] {dag.py:4180} INFO - Setting next_dagrun for conditional_dataset_and_time_based_timetable to 2025-05-07 01:00:00+00:00, run_after=2025-05-07 01:00:00+00:00
[2025-04-30T15:44:40.638+0100] {logging_mixin.py:190} INFO - [2025-04-30T15:44:40.638+0100] {dag.py:4180} INFO - Setting next_dagrun for consume_1_and_2_with_dataset_expressions to None, run_after=None
[2025-04-30T15:44:40.639+0100] {logging_mixin.py:190} INFO - [2025-04-30T15:44:40.639+0100] {dag.py:4180} INFO - Setting next_dagrun for consume_1_or_2_with_dataset_expressions to None, run_after=None
[2025-04-30T15:44:40.639+0100] {logging_mixin.py:190} INFO - [2025-04-30T15:44:40.639+0100] {dag.py:4180} INFO - Setting next_dagrun for consume_1_or_both_2_and_3_with_dataset_expressions to None, run_after=None
[2025-04-30T15:44:40.640+0100] {logging_mixin.py:190} INFO - [2025-04-30T15:44:40.640+0100] {dag.py:4180} INFO - Setting next_dagrun for dataset_consumes_1 to None, run_after=None
[2025-04-30T15:44:40.640+0100] {logging_mixin.py:190} INFO - [2025-04-30T15:44:40.640+0100] {dag.py:4180} INFO - Setting next_dagrun for dataset_consumes_1_and_2 to None, run_after=None
[2025-04-30T15:44:40.641+0100] {logging_mixin.py:190} INFO - [2025-04-30T15:44:40.641+0100] {dag.py:4180} INFO - Setting next_dagrun for dataset_consumes_1_never_scheduled to None, run_after=None
[2025-04-30T15:44:40.641+0100] {logging_mixin.py:190} INFO - [2025-04-30T15:44:40.641+0100] {dag.py:4180} INFO - Setting next_dagrun for dataset_consumes_unknown_never_scheduled to None, run_after=None
[2025-04-30T15:44:40.642+0100] {logging_mixin.py:190} INFO - [2025-04-30T15:44:40.642+0100] {dag.py:4180} INFO - Setting next_dagrun for dataset_produces_1 to 2025-04-29 00:00:00+00:00, run_after=2025-04-30 00:00:00+00:00
[2025-04-30T15:44:40.643+0100] {logging_mixin.py:190} INFO - [2025-04-30T15:44:40.643+0100] {dag.py:4180} INFO - Setting next_dagrun for dataset_produces_2 to None, run_after=None
[2025-04-30T15:44:40.659+0100] {processor.py:208} INFO - Processing /Users/dineshsammeta/anaconda3/envs/python38/lib/python3.8/site-packages/airflow/example_dags/example_datasets.py took 0.174 seconds
