[2025-04-30T13:40:40.875+0100] {processor.py:186} INFO - Started process (PID=66704) to work on /Users/dineshsammeta/anaconda3/envs/python38/lib/python3.8/site-packages/airflow/example_dags/example_dag_decorator.py
[2025-04-30T13:40:40.876+0100] {processor.py:914} INFO - Processing file /Users/dineshsammeta/anaconda3/envs/python38/lib/python3.8/site-packages/airflow/example_dags/example_dag_decorator.py for tasks to queue
[2025-04-30T13:40:40.876+0100] {logging_mixin.py:190} INFO - [2025-04-30T13:40:40.876+0100] {dagbag.py:588} INFO - Filling up the DagBag from /Users/dineshsammeta/anaconda3/envs/python38/lib/python3.8/site-packages/airflow/example_dags/example_dag_decorator.py
[2025-04-30T13:40:40.984+0100] {processor.py:925} INFO - DAG(s) 'example_dag_decorator' retrieved from /Users/dineshsammeta/anaconda3/envs/python38/lib/python3.8/site-packages/airflow/example_dags/example_dag_decorator.py
[2025-04-30T13:40:41.107+0100] {logging_mixin.py:190} INFO - [2025-04-30T13:40:41.107+0100] {dag.py:3239} INFO - Sync 1 DAGs
[2025-04-30T13:40:41.113+0100] {logging_mixin.py:190} INFO - [2025-04-30T13:40:41.113+0100] {dag.py:4180} INFO - Setting next_dagrun for example_dag_decorator to None, run_after=None
[2025-04-30T13:40:41.124+0100] {processor.py:208} INFO - Processing /Users/dineshsammeta/anaconda3/envs/python38/lib/python3.8/site-packages/airflow/example_dags/example_dag_decorator.py took 0.251 seconds
[2025-04-30T13:43:39.469+0100] {processor.py:186} INFO - Started process (PID=67111) to work on /Users/dineshsammeta/anaconda3/envs/python38/lib/python3.8/site-packages/airflow/example_dags/example_dag_decorator.py
[2025-04-30T13:43:39.470+0100] {processor.py:914} INFO - Processing file /Users/dineshsammeta/anaconda3/envs/python38/lib/python3.8/site-packages/airflow/example_dags/example_dag_decorator.py for tasks to queue
[2025-04-30T13:43:39.471+0100] {logging_mixin.py:190} INFO - [2025-04-30T13:43:39.471+0100] {dagbag.py:588} INFO - Filling up the DagBag from /Users/dineshsammeta/anaconda3/envs/python38/lib/python3.8/site-packages/airflow/example_dags/example_dag_decorator.py
[2025-04-30T13:43:39.588+0100] {processor.py:925} INFO - DAG(s) 'example_dag_decorator' retrieved from /Users/dineshsammeta/anaconda3/envs/python38/lib/python3.8/site-packages/airflow/example_dags/example_dag_decorator.py
[2025-04-30T13:43:39.712+0100] {logging_mixin.py:190} INFO - [2025-04-30T13:43:39.712+0100] {dag.py:3239} INFO - Sync 1 DAGs
[2025-04-30T13:43:39.719+0100] {logging_mixin.py:190} INFO - [2025-04-30T13:43:39.719+0100] {dag.py:4180} INFO - Setting next_dagrun for example_dag_decorator to None, run_after=None
[2025-04-30T13:43:39.729+0100] {processor.py:208} INFO - Processing /Users/dineshsammeta/anaconda3/envs/python38/lib/python3.8/site-packages/airflow/example_dags/example_dag_decorator.py took 0.262 seconds
[2025-04-30T13:46:35.756+0100] {processor.py:186} INFO - Started process (PID=67446) to work on /Users/dineshsammeta/anaconda3/envs/python38/lib/python3.8/site-packages/airflow/example_dags/example_dag_decorator.py
[2025-04-30T13:46:35.756+0100] {processor.py:914} INFO - Processing file /Users/dineshsammeta/anaconda3/envs/python38/lib/python3.8/site-packages/airflow/example_dags/example_dag_decorator.py for tasks to queue
[2025-04-30T13:46:35.757+0100] {logging_mixin.py:190} INFO - [2025-04-30T13:46:35.757+0100] {dagbag.py:588} INFO - Filling up the DagBag from /Users/dineshsammeta/anaconda3/envs/python38/lib/python3.8/site-packages/airflow/example_dags/example_dag_decorator.py
[2025-04-30T13:46:35.858+0100] {processor.py:925} INFO - DAG(s) 'example_dag_decorator' retrieved from /Users/dineshsammeta/anaconda3/envs/python38/lib/python3.8/site-packages/airflow/example_dags/example_dag_decorator.py
[2025-04-30T13:46:35.969+0100] {logging_mixin.py:190} INFO - [2025-04-30T13:46:35.969+0100] {dag.py:3239} INFO - Sync 1 DAGs
[2025-04-30T13:46:35.976+0100] {logging_mixin.py:190} INFO - [2025-04-30T13:46:35.976+0100] {dag.py:4180} INFO - Setting next_dagrun for example_dag_decorator to None, run_after=None
[2025-04-30T13:46:35.994+0100] {processor.py:208} INFO - Processing /Users/dineshsammeta/anaconda3/envs/python38/lib/python3.8/site-packages/airflow/example_dags/example_dag_decorator.py took 0.241 seconds
[2025-04-30T13:49:38.672+0100] {processor.py:186} INFO - Started process (PID=67801) to work on /Users/dineshsammeta/anaconda3/envs/python38/lib/python3.8/site-packages/airflow/example_dags/example_dag_decorator.py
[2025-04-30T13:49:38.673+0100] {processor.py:914} INFO - Processing file /Users/dineshsammeta/anaconda3/envs/python38/lib/python3.8/site-packages/airflow/example_dags/example_dag_decorator.py for tasks to queue
[2025-04-30T13:49:38.673+0100] {logging_mixin.py:190} INFO - [2025-04-30T13:49:38.673+0100] {dagbag.py:588} INFO - Filling up the DagBag from /Users/dineshsammeta/anaconda3/envs/python38/lib/python3.8/site-packages/airflow/example_dags/example_dag_decorator.py
[2025-04-30T13:49:38.787+0100] {processor.py:925} INFO - DAG(s) 'example_dag_decorator' retrieved from /Users/dineshsammeta/anaconda3/envs/python38/lib/python3.8/site-packages/airflow/example_dags/example_dag_decorator.py
[2025-04-30T13:49:38.916+0100] {logging_mixin.py:190} INFO - [2025-04-30T13:49:38.916+0100] {dag.py:3239} INFO - Sync 1 DAGs
[2025-04-30T13:49:38.923+0100] {logging_mixin.py:190} INFO - [2025-04-30T13:49:38.923+0100] {dag.py:4180} INFO - Setting next_dagrun for example_dag_decorator to None, run_after=None
[2025-04-30T13:49:38.934+0100] {processor.py:208} INFO - Processing /Users/dineshsammeta/anaconda3/envs/python38/lib/python3.8/site-packages/airflow/example_dags/example_dag_decorator.py took 0.264 seconds
[2025-04-30T13:52:44.432+0100] {processor.py:186} INFO - Started process (PID=68142) to work on /Users/dineshsammeta/anaconda3/envs/python38/lib/python3.8/site-packages/airflow/example_dags/example_dag_decorator.py
[2025-04-30T13:52:44.432+0100] {processor.py:914} INFO - Processing file /Users/dineshsammeta/anaconda3/envs/python38/lib/python3.8/site-packages/airflow/example_dags/example_dag_decorator.py for tasks to queue
[2025-04-30T13:52:44.433+0100] {logging_mixin.py:190} INFO - [2025-04-30T13:52:44.433+0100] {dagbag.py:588} INFO - Filling up the DagBag from /Users/dineshsammeta/anaconda3/envs/python38/lib/python3.8/site-packages/airflow/example_dags/example_dag_decorator.py
[2025-04-30T13:52:44.540+0100] {processor.py:925} INFO - DAG(s) 'example_dag_decorator' retrieved from /Users/dineshsammeta/anaconda3/envs/python38/lib/python3.8/site-packages/airflow/example_dags/example_dag_decorator.py
[2025-04-30T13:52:44.665+0100] {logging_mixin.py:190} INFO - [2025-04-30T13:52:44.665+0100] {dag.py:3239} INFO - Sync 1 DAGs
[2025-04-30T13:52:44.671+0100] {logging_mixin.py:190} INFO - [2025-04-30T13:52:44.671+0100] {dag.py:4180} INFO - Setting next_dagrun for example_dag_decorator to None, run_after=None
[2025-04-30T13:52:44.682+0100] {processor.py:208} INFO - Processing /Users/dineshsammeta/anaconda3/envs/python38/lib/python3.8/site-packages/airflow/example_dags/example_dag_decorator.py took 0.252 seconds
[2025-04-30T13:56:00.260+0100] {processor.py:186} INFO - Started process (PID=68512) to work on /Users/dineshsammeta/anaconda3/envs/python38/lib/python3.8/site-packages/airflow/example_dags/example_dag_decorator.py
[2025-04-30T13:56:00.261+0100] {processor.py:914} INFO - Processing file /Users/dineshsammeta/anaconda3/envs/python38/lib/python3.8/site-packages/airflow/example_dags/example_dag_decorator.py for tasks to queue
[2025-04-30T13:56:00.261+0100] {logging_mixin.py:190} INFO - [2025-04-30T13:56:00.261+0100] {dagbag.py:588} INFO - Filling up the DagBag from /Users/dineshsammeta/anaconda3/envs/python38/lib/python3.8/site-packages/airflow/example_dags/example_dag_decorator.py
[2025-04-30T13:56:00.368+0100] {processor.py:925} INFO - DAG(s) 'example_dag_decorator' retrieved from /Users/dineshsammeta/anaconda3/envs/python38/lib/python3.8/site-packages/airflow/example_dags/example_dag_decorator.py
[2025-04-30T13:56:00.491+0100] {logging_mixin.py:190} INFO - [2025-04-30T13:56:00.491+0100] {dag.py:3239} INFO - Sync 1 DAGs
[2025-04-30T13:56:00.498+0100] {logging_mixin.py:190} INFO - [2025-04-30T13:56:00.498+0100] {dag.py:4180} INFO - Setting next_dagrun for example_dag_decorator to None, run_after=None
[2025-04-30T13:56:00.512+0100] {processor.py:208} INFO - Processing /Users/dineshsammeta/anaconda3/envs/python38/lib/python3.8/site-packages/airflow/example_dags/example_dag_decorator.py took 0.255 seconds
[2025-04-30T13:59:00.659+0100] {processor.py:186} INFO - Started process (PID=68826) to work on /Users/dineshsammeta/anaconda3/envs/python38/lib/python3.8/site-packages/airflow/example_dags/example_dag_decorator.py
[2025-04-30T13:59:00.660+0100] {processor.py:914} INFO - Processing file /Users/dineshsammeta/anaconda3/envs/python38/lib/python3.8/site-packages/airflow/example_dags/example_dag_decorator.py for tasks to queue
[2025-04-30T13:59:00.661+0100] {logging_mixin.py:190} INFO - [2025-04-30T13:59:00.661+0100] {dagbag.py:588} INFO - Filling up the DagBag from /Users/dineshsammeta/anaconda3/envs/python38/lib/python3.8/site-packages/airflow/example_dags/example_dag_decorator.py
[2025-04-30T13:59:00.786+0100] {processor.py:925} INFO - DAG(s) 'example_dag_decorator' retrieved from /Users/dineshsammeta/anaconda3/envs/python38/lib/python3.8/site-packages/airflow/example_dags/example_dag_decorator.py
[2025-04-30T13:59:00.913+0100] {logging_mixin.py:190} INFO - [2025-04-30T13:59:00.913+0100] {dag.py:3239} INFO - Sync 1 DAGs
[2025-04-30T13:59:00.920+0100] {logging_mixin.py:190} INFO - [2025-04-30T13:59:00.920+0100] {dag.py:4180} INFO - Setting next_dagrun for example_dag_decorator to None, run_after=None
[2025-04-30T13:59:00.931+0100] {processor.py:208} INFO - Processing /Users/dineshsammeta/anaconda3/envs/python38/lib/python3.8/site-packages/airflow/example_dags/example_dag_decorator.py took 0.275 seconds
[2025-04-30T14:01:59.758+0100] {processor.py:186} INFO - Started process (PID=69158) to work on /Users/dineshsammeta/anaconda3/envs/python38/lib/python3.8/site-packages/airflow/example_dags/example_dag_decorator.py
[2025-04-30T14:01:59.759+0100] {processor.py:914} INFO - Processing file /Users/dineshsammeta/anaconda3/envs/python38/lib/python3.8/site-packages/airflow/example_dags/example_dag_decorator.py for tasks to queue
[2025-04-30T14:01:59.760+0100] {logging_mixin.py:190} INFO - [2025-04-30T14:01:59.759+0100] {dagbag.py:588} INFO - Filling up the DagBag from /Users/dineshsammeta/anaconda3/envs/python38/lib/python3.8/site-packages/airflow/example_dags/example_dag_decorator.py
[2025-04-30T14:01:59.866+0100] {processor.py:925} INFO - DAG(s) 'example_dag_decorator' retrieved from /Users/dineshsammeta/anaconda3/envs/python38/lib/python3.8/site-packages/airflow/example_dags/example_dag_decorator.py
[2025-04-30T14:01:59.994+0100] {logging_mixin.py:190} INFO - [2025-04-30T14:01:59.993+0100] {dag.py:3239} INFO - Sync 1 DAGs
[2025-04-30T14:02:00.001+0100] {logging_mixin.py:190} INFO - [2025-04-30T14:02:00.001+0100] {dag.py:4180} INFO - Setting next_dagrun for example_dag_decorator to None, run_after=None
[2025-04-30T14:02:00.011+0100] {processor.py:208} INFO - Processing /Users/dineshsammeta/anaconda3/envs/python38/lib/python3.8/site-packages/airflow/example_dags/example_dag_decorator.py took 0.256 seconds
[2025-04-30T15:39:44.623+0100] {processor.py:186} INFO - Started process (PID=69603) to work on /Users/dineshsammeta/anaconda3/envs/python38/lib/python3.8/site-packages/airflow/example_dags/example_dag_decorator.py
[2025-04-30T15:39:44.625+0100] {processor.py:914} INFO - Processing file /Users/dineshsammeta/anaconda3/envs/python38/lib/python3.8/site-packages/airflow/example_dags/example_dag_decorator.py for tasks to queue
[2025-04-30T15:39:44.626+0100] {logging_mixin.py:190} INFO - [2025-04-30T15:39:44.625+0100] {dagbag.py:588} INFO - Filling up the DagBag from /Users/dineshsammeta/anaconda3/envs/python38/lib/python3.8/site-packages/airflow/example_dags/example_dag_decorator.py
[2025-04-30T15:39:44.733+0100] {processor.py:925} INFO - DAG(s) 'example_dag_decorator' retrieved from /Users/dineshsammeta/anaconda3/envs/python38/lib/python3.8/site-packages/airflow/example_dags/example_dag_decorator.py
[2025-04-30T15:39:44.856+0100] {logging_mixin.py:190} INFO - [2025-04-30T15:39:44.856+0100] {dag.py:3239} INFO - Sync 1 DAGs
[2025-04-30T15:39:44.863+0100] {logging_mixin.py:190} INFO - [2025-04-30T15:39:44.863+0100] {dag.py:4180} INFO - Setting next_dagrun for example_dag_decorator to None, run_after=None
[2025-04-30T15:39:44.874+0100] {processor.py:208} INFO - Processing /Users/dineshsammeta/anaconda3/envs/python38/lib/python3.8/site-packages/airflow/example_dags/example_dag_decorator.py took 0.252 seconds
[2025-04-30T15:42:42.371+0100] {processor.py:186} INFO - Started process (PID=69924) to work on /Users/dineshsammeta/anaconda3/envs/python38/lib/python3.8/site-packages/airflow/example_dags/example_dag_decorator.py
[2025-04-30T15:42:42.373+0100] {processor.py:914} INFO - Processing file /Users/dineshsammeta/anaconda3/envs/python38/lib/python3.8/site-packages/airflow/example_dags/example_dag_decorator.py for tasks to queue
[2025-04-30T15:42:42.374+0100] {logging_mixin.py:190} INFO - [2025-04-30T15:42:42.373+0100] {dagbag.py:588} INFO - Filling up the DagBag from /Users/dineshsammeta/anaconda3/envs/python38/lib/python3.8/site-packages/airflow/example_dags/example_dag_decorator.py
[2025-04-30T15:42:42.480+0100] {processor.py:925} INFO - DAG(s) 'example_dag_decorator' retrieved from /Users/dineshsammeta/anaconda3/envs/python38/lib/python3.8/site-packages/airflow/example_dags/example_dag_decorator.py
[2025-04-30T15:42:42.604+0100] {logging_mixin.py:190} INFO - [2025-04-30T15:42:42.604+0100] {dag.py:3239} INFO - Sync 1 DAGs
[2025-04-30T15:42:42.611+0100] {logging_mixin.py:190} INFO - [2025-04-30T15:42:42.611+0100] {dag.py:4180} INFO - Setting next_dagrun for example_dag_decorator to None, run_after=None
[2025-04-30T15:42:42.621+0100] {processor.py:208} INFO - Processing /Users/dineshsammeta/anaconda3/envs/python38/lib/python3.8/site-packages/airflow/example_dags/example_dag_decorator.py took 0.252 seconds
[2025-04-30T15:46:01.719+0100] {processor.py:186} INFO - Started process (PID=70249) to work on /Users/dineshsammeta/anaconda3/envs/python38/lib/python3.8/site-packages/airflow/example_dags/example_dag_decorator.py
[2025-04-30T15:46:01.720+0100] {processor.py:914} INFO - Processing file /Users/dineshsammeta/anaconda3/envs/python38/lib/python3.8/site-packages/airflow/example_dags/example_dag_decorator.py for tasks to queue
[2025-04-30T15:46:01.721+0100] {logging_mixin.py:190} INFO - [2025-04-30T15:46:01.721+0100] {dagbag.py:588} INFO - Filling up the DagBag from /Users/dineshsammeta/anaconda3/envs/python38/lib/python3.8/site-packages/airflow/example_dags/example_dag_decorator.py
[2025-04-30T15:46:01.830+0100] {processor.py:925} INFO - DAG(s) 'example_dag_decorator' retrieved from /Users/dineshsammeta/anaconda3/envs/python38/lib/python3.8/site-packages/airflow/example_dags/example_dag_decorator.py
[2025-04-30T15:46:01.955+0100] {logging_mixin.py:190} INFO - [2025-04-30T15:46:01.955+0100] {dag.py:3239} INFO - Sync 1 DAGs
[2025-04-30T15:46:01.962+0100] {logging_mixin.py:190} INFO - [2025-04-30T15:46:01.962+0100] {dag.py:4180} INFO - Setting next_dagrun for example_dag_decorator to None, run_after=None
[2025-04-30T15:46:01.972+0100] {processor.py:208} INFO - Processing /Users/dineshsammeta/anaconda3/envs/python38/lib/python3.8/site-packages/airflow/example_dags/example_dag_decorator.py took 0.256 seconds
