[2025-04-30T13:40:38.510+0100] {processor.py:186} INFO - Started process (PID=66701) to work on /Users/dineshsammeta/anaconda3/envs/python38/lib/python3.8/site-packages/airflow/example_dags/example_dataset_alias.py
[2025-04-30T13:40:38.511+0100] {processor.py:914} INFO - Processing file /Users/dineshsammeta/anaconda3/envs/python38/lib/python3.8/site-packages/airflow/example_dags/example_dataset_alias.py for tasks to queue
[2025-04-30T13:40:38.512+0100] {logging_mixin.py:190} INFO - [2025-04-30T13:40:38.512+0100] {dagbag.py:588} INFO - Filling up the DagBag from /Users/dineshsammeta/anaconda3/envs/python38/lib/python3.8/site-packages/airflow/example_dags/example_dataset_alias.py
[2025-04-30T13:40:38.632+0100] {processor.py:925} INFO - DAG(s) 'dataset_s3_bucket_consumer', 'dataset_s3_bucket_producer', 'dataset_alias_example_alias_consumer', 'dataset_alias_example_alias_producer' retrieved from /Users/dineshsammeta/anaconda3/envs/python38/lib/python3.8/site-packages/airflow/example_dags/example_dataset_alias.py
[2025-04-30T13:40:38.646+0100] {logging_mixin.py:190} INFO - [2025-04-30T13:40:38.646+0100] {dag.py:3239} INFO - Sync 4 DAGs
[2025-04-30T13:40:38.656+0100] {logging_mixin.py:190} INFO - [2025-04-30T13:40:38.656+0100] {dag.py:4180} INFO - Setting next_dagrun for dataset_alias_example_alias_consumer to None, run_after=None
[2025-04-30T13:40:38.658+0100] {logging_mixin.py:190} INFO - [2025-04-30T13:40:38.657+0100] {dag.py:4180} INFO - Setting next_dagrun for dataset_alias_example_alias_producer to None, run_after=None
[2025-04-30T13:40:38.658+0100] {logging_mixin.py:190} INFO - [2025-04-30T13:40:38.658+0100] {dag.py:4180} INFO - Setting next_dagrun for dataset_s3_bucket_consumer to None, run_after=None
[2025-04-30T13:40:38.659+0100] {logging_mixin.py:190} INFO - [2025-04-30T13:40:38.659+0100] {dag.py:4180} INFO - Setting next_dagrun for dataset_s3_bucket_producer to None, run_after=None
[2025-04-30T13:40:38.670+0100] {processor.py:208} INFO - Processing /Users/dineshsammeta/anaconda3/envs/python38/lib/python3.8/site-packages/airflow/example_dags/example_dataset_alias.py took 0.162 seconds
[2025-04-30T13:43:37.010+0100] {processor.py:186} INFO - Started process (PID=67108) to work on /Users/dineshsammeta/anaconda3/envs/python38/lib/python3.8/site-packages/airflow/example_dags/example_dataset_alias.py
[2025-04-30T13:43:37.011+0100] {processor.py:914} INFO - Processing file /Users/dineshsammeta/anaconda3/envs/python38/lib/python3.8/site-packages/airflow/example_dags/example_dataset_alias.py for tasks to queue
[2025-04-30T13:43:37.012+0100] {logging_mixin.py:190} INFO - [2025-04-30T13:43:37.012+0100] {dagbag.py:588} INFO - Filling up the DagBag from /Users/dineshsammeta/anaconda3/envs/python38/lib/python3.8/site-packages/airflow/example_dags/example_dataset_alias.py
[2025-04-30T13:43:37.132+0100] {processor.py:925} INFO - DAG(s) 'dataset_alias_example_alias_consumer', 'dataset_s3_bucket_consumer', 'dataset_s3_bucket_producer', 'dataset_alias_example_alias_producer' retrieved from /Users/dineshsammeta/anaconda3/envs/python38/lib/python3.8/site-packages/airflow/example_dags/example_dataset_alias.py
[2025-04-30T13:43:37.145+0100] {logging_mixin.py:190} INFO - [2025-04-30T13:43:37.145+0100] {dag.py:3239} INFO - Sync 4 DAGs
[2025-04-30T13:43:37.155+0100] {logging_mixin.py:190} INFO - [2025-04-30T13:43:37.155+0100] {dag.py:4180} INFO - Setting next_dagrun for dataset_alias_example_alias_consumer to None, run_after=None
[2025-04-30T13:43:37.157+0100] {logging_mixin.py:190} INFO - [2025-04-30T13:43:37.157+0100] {dag.py:4180} INFO - Setting next_dagrun for dataset_alias_example_alias_producer to None, run_after=None
[2025-04-30T13:43:37.157+0100] {logging_mixin.py:190} INFO - [2025-04-30T13:43:37.157+0100] {dag.py:4180} INFO - Setting next_dagrun for dataset_s3_bucket_consumer to None, run_after=None
[2025-04-30T13:43:37.158+0100] {logging_mixin.py:190} INFO - [2025-04-30T13:43:37.158+0100] {dag.py:4180} INFO - Setting next_dagrun for dataset_s3_bucket_producer to None, run_after=None
[2025-04-30T13:43:37.169+0100] {processor.py:208} INFO - Processing /Users/dineshsammeta/anaconda3/envs/python38/lib/python3.8/site-packages/airflow/example_dags/example_dataset_alias.py took 0.161 seconds
[2025-04-30T13:46:33.395+0100] {processor.py:186} INFO - Started process (PID=67440) to work on /Users/dineshsammeta/anaconda3/envs/python38/lib/python3.8/site-packages/airflow/example_dags/example_dataset_alias.py
[2025-04-30T13:46:33.396+0100] {processor.py:914} INFO - Processing file /Users/dineshsammeta/anaconda3/envs/python38/lib/python3.8/site-packages/airflow/example_dags/example_dataset_alias.py for tasks to queue
[2025-04-30T13:46:33.396+0100] {logging_mixin.py:190} INFO - [2025-04-30T13:46:33.396+0100] {dagbag.py:588} INFO - Filling up the DagBag from /Users/dineshsammeta/anaconda3/envs/python38/lib/python3.8/site-packages/airflow/example_dags/example_dataset_alias.py
[2025-04-30T13:46:33.518+0100] {processor.py:925} INFO - DAG(s) 'dataset_s3_bucket_producer', 'dataset_s3_bucket_consumer', 'dataset_alias_example_alias_consumer', 'dataset_alias_example_alias_producer' retrieved from /Users/dineshsammeta/anaconda3/envs/python38/lib/python3.8/site-packages/airflow/example_dags/example_dataset_alias.py
[2025-04-30T13:46:33.532+0100] {logging_mixin.py:190} INFO - [2025-04-30T13:46:33.531+0100] {dag.py:3239} INFO - Sync 4 DAGs
[2025-04-30T13:46:33.542+0100] {logging_mixin.py:190} INFO - [2025-04-30T13:46:33.542+0100] {dag.py:4180} INFO - Setting next_dagrun for dataset_alias_example_alias_consumer to None, run_after=None
[2025-04-30T13:46:33.544+0100] {logging_mixin.py:190} INFO - [2025-04-30T13:46:33.544+0100] {dag.py:4180} INFO - Setting next_dagrun for dataset_alias_example_alias_producer to None, run_after=None
[2025-04-30T13:46:33.545+0100] {logging_mixin.py:190} INFO - [2025-04-30T13:46:33.545+0100] {dag.py:4180} INFO - Setting next_dagrun for dataset_s3_bucket_consumer to None, run_after=None
[2025-04-30T13:46:33.545+0100] {logging_mixin.py:190} INFO - [2025-04-30T13:46:33.545+0100] {dag.py:4180} INFO - Setting next_dagrun for dataset_s3_bucket_producer to None, run_after=None
[2025-04-30T13:46:33.557+0100] {processor.py:208} INFO - Processing /Users/dineshsammeta/anaconda3/envs/python38/lib/python3.8/site-packages/airflow/example_dags/example_dataset_alias.py took 0.164 seconds
[2025-04-30T13:49:36.264+0100] {processor.py:186} INFO - Started process (PID=67798) to work on /Users/dineshsammeta/anaconda3/envs/python38/lib/python3.8/site-packages/airflow/example_dags/example_dataset_alias.py
[2025-04-30T13:49:36.264+0100] {processor.py:914} INFO - Processing file /Users/dineshsammeta/anaconda3/envs/python38/lib/python3.8/site-packages/airflow/example_dags/example_dataset_alias.py for tasks to queue
[2025-04-30T13:49:36.265+0100] {logging_mixin.py:190} INFO - [2025-04-30T13:49:36.265+0100] {dagbag.py:588} INFO - Filling up the DagBag from /Users/dineshsammeta/anaconda3/envs/python38/lib/python3.8/site-packages/airflow/example_dags/example_dataset_alias.py
[2025-04-30T13:49:36.386+0100] {processor.py:925} INFO - DAG(s) 'dataset_s3_bucket_producer', 'dataset_alias_example_alias_producer', 'dataset_s3_bucket_consumer', 'dataset_alias_example_alias_consumer' retrieved from /Users/dineshsammeta/anaconda3/envs/python38/lib/python3.8/site-packages/airflow/example_dags/example_dataset_alias.py
[2025-04-30T13:49:36.399+0100] {logging_mixin.py:190} INFO - [2025-04-30T13:49:36.399+0100] {dag.py:3239} INFO - Sync 4 DAGs
[2025-04-30T13:49:36.410+0100] {logging_mixin.py:190} INFO - [2025-04-30T13:49:36.410+0100] {dag.py:4180} INFO - Setting next_dagrun for dataset_alias_example_alias_consumer to None, run_after=None
[2025-04-30T13:49:36.411+0100] {logging_mixin.py:190} INFO - [2025-04-30T13:49:36.411+0100] {dag.py:4180} INFO - Setting next_dagrun for dataset_alias_example_alias_producer to None, run_after=None
[2025-04-30T13:49:36.411+0100] {logging_mixin.py:190} INFO - [2025-04-30T13:49:36.411+0100] {dag.py:4180} INFO - Setting next_dagrun for dataset_s3_bucket_consumer to None, run_after=None
[2025-04-30T13:49:36.412+0100] {logging_mixin.py:190} INFO - [2025-04-30T13:49:36.412+0100] {dag.py:4180} INFO - Setting next_dagrun for dataset_s3_bucket_producer to None, run_after=None
[2025-04-30T13:49:36.423+0100] {processor.py:208} INFO - Processing /Users/dineshsammeta/anaconda3/envs/python38/lib/python3.8/site-packages/airflow/example_dags/example_dataset_alias.py took 0.162 seconds
[2025-04-30T13:52:42.797+0100] {processor.py:186} INFO - Started process (PID=68137) to work on /Users/dineshsammeta/anaconda3/envs/python38/lib/python3.8/site-packages/airflow/example_dags/example_dataset_alias.py
[2025-04-30T13:52:42.798+0100] {processor.py:914} INFO - Processing file /Users/dineshsammeta/anaconda3/envs/python38/lib/python3.8/site-packages/airflow/example_dags/example_dataset_alias.py for tasks to queue
[2025-04-30T13:52:42.799+0100] {logging_mixin.py:190} INFO - [2025-04-30T13:52:42.799+0100] {dagbag.py:588} INFO - Filling up the DagBag from /Users/dineshsammeta/anaconda3/envs/python38/lib/python3.8/site-packages/airflow/example_dags/example_dataset_alias.py
[2025-04-30T13:52:42.922+0100] {processor.py:925} INFO - DAG(s) 'dataset_alias_example_alias_producer', 'dataset_alias_example_alias_consumer', 'dataset_s3_bucket_consumer', 'dataset_s3_bucket_producer' retrieved from /Users/dineshsammeta/anaconda3/envs/python38/lib/python3.8/site-packages/airflow/example_dags/example_dataset_alias.py
[2025-04-30T13:52:42.935+0100] {logging_mixin.py:190} INFO - [2025-04-30T13:52:42.935+0100] {dag.py:3239} INFO - Sync 4 DAGs
[2025-04-30T13:52:42.946+0100] {logging_mixin.py:190} INFO - [2025-04-30T13:52:42.946+0100] {dag.py:4180} INFO - Setting next_dagrun for dataset_alias_example_alias_consumer to None, run_after=None
[2025-04-30T13:52:42.947+0100] {logging_mixin.py:190} INFO - [2025-04-30T13:52:42.947+0100] {dag.py:4180} INFO - Setting next_dagrun for dataset_alias_example_alias_producer to None, run_after=None
[2025-04-30T13:52:42.947+0100] {logging_mixin.py:190} INFO - [2025-04-30T13:52:42.947+0100] {dag.py:4180} INFO - Setting next_dagrun for dataset_s3_bucket_consumer to None, run_after=None
[2025-04-30T13:52:42.948+0100] {logging_mixin.py:190} INFO - [2025-04-30T13:52:42.948+0100] {dag.py:4180} INFO - Setting next_dagrun for dataset_s3_bucket_producer to None, run_after=None
[2025-04-30T13:52:42.960+0100] {processor.py:208} INFO - Processing /Users/dineshsammeta/anaconda3/envs/python38/lib/python3.8/site-packages/airflow/example_dags/example_dataset_alias.py took 0.166 seconds
[2025-04-30T13:55:58.528+0100] {processor.py:186} INFO - Started process (PID=68509) to work on /Users/dineshsammeta/anaconda3/envs/python38/lib/python3.8/site-packages/airflow/example_dags/example_dataset_alias.py
[2025-04-30T13:55:58.530+0100] {processor.py:914} INFO - Processing file /Users/dineshsammeta/anaconda3/envs/python38/lib/python3.8/site-packages/airflow/example_dags/example_dataset_alias.py for tasks to queue
[2025-04-30T13:55:58.531+0100] {logging_mixin.py:190} INFO - [2025-04-30T13:55:58.531+0100] {dagbag.py:588} INFO - Filling up the DagBag from /Users/dineshsammeta/anaconda3/envs/python38/lib/python3.8/site-packages/airflow/example_dags/example_dataset_alias.py
[2025-04-30T13:55:58.729+0100] {processor.py:925} INFO - DAG(s) 'dataset_alias_example_alias_producer', 'dataset_s3_bucket_producer', 'dataset_alias_example_alias_consumer', 'dataset_s3_bucket_consumer' retrieved from /Users/dineshsammeta/anaconda3/envs/python38/lib/python3.8/site-packages/airflow/example_dags/example_dataset_alias.py
[2025-04-30T13:55:58.745+0100] {logging_mixin.py:190} INFO - [2025-04-30T13:55:58.744+0100] {dag.py:3239} INFO - Sync 4 DAGs
[2025-04-30T13:55:58.757+0100] {logging_mixin.py:190} INFO - [2025-04-30T13:55:58.757+0100] {dag.py:4180} INFO - Setting next_dagrun for dataset_alias_example_alias_consumer to None, run_after=None
[2025-04-30T13:55:58.758+0100] {logging_mixin.py:190} INFO - [2025-04-30T13:55:58.758+0100] {dag.py:4180} INFO - Setting next_dagrun for dataset_alias_example_alias_producer to None, run_after=None
[2025-04-30T13:55:58.759+0100] {logging_mixin.py:190} INFO - [2025-04-30T13:55:58.759+0100] {dag.py:4180} INFO - Setting next_dagrun for dataset_s3_bucket_consumer to None, run_after=None
[2025-04-30T13:55:58.760+0100] {logging_mixin.py:190} INFO - [2025-04-30T13:55:58.760+0100] {dag.py:4180} INFO - Setting next_dagrun for dataset_s3_bucket_producer to None, run_after=None
[2025-04-30T13:55:58.773+0100] {processor.py:208} INFO - Processing /Users/dineshsammeta/anaconda3/envs/python38/lib/python3.8/site-packages/airflow/example_dags/example_dataset_alias.py took 0.246 seconds
[2025-04-30T13:58:58.238+0100] {processor.py:186} INFO - Started process (PID=68823) to work on /Users/dineshsammeta/anaconda3/envs/python38/lib/python3.8/site-packages/airflow/example_dags/example_dataset_alias.py
[2025-04-30T13:58:58.239+0100] {processor.py:914} INFO - Processing file /Users/dineshsammeta/anaconda3/envs/python38/lib/python3.8/site-packages/airflow/example_dags/example_dataset_alias.py for tasks to queue
[2025-04-30T13:58:58.239+0100] {logging_mixin.py:190} INFO - [2025-04-30T13:58:58.239+0100] {dagbag.py:588} INFO - Filling up the DagBag from /Users/dineshsammeta/anaconda3/envs/python38/lib/python3.8/site-packages/airflow/example_dags/example_dataset_alias.py
[2025-04-30T13:58:58.373+0100] {processor.py:925} INFO - DAG(s) 'dataset_s3_bucket_producer', 'dataset_alias_example_alias_consumer', 'dataset_s3_bucket_consumer', 'dataset_alias_example_alias_producer' retrieved from /Users/dineshsammeta/anaconda3/envs/python38/lib/python3.8/site-packages/airflow/example_dags/example_dataset_alias.py
[2025-04-30T13:58:58.387+0100] {logging_mixin.py:190} INFO - [2025-04-30T13:58:58.387+0100] {dag.py:3239} INFO - Sync 4 DAGs
[2025-04-30T13:58:58.397+0100] {logging_mixin.py:190} INFO - [2025-04-30T13:58:58.397+0100] {dag.py:4180} INFO - Setting next_dagrun for dataset_alias_example_alias_consumer to None, run_after=None
[2025-04-30T13:58:58.399+0100] {logging_mixin.py:190} INFO - [2025-04-30T13:58:58.398+0100] {dag.py:4180} INFO - Setting next_dagrun for dataset_alias_example_alias_producer to None, run_after=None
[2025-04-30T13:58:58.399+0100] {logging_mixin.py:190} INFO - [2025-04-30T13:58:58.399+0100] {dag.py:4180} INFO - Setting next_dagrun for dataset_s3_bucket_consumer to None, run_after=None
[2025-04-30T13:58:58.400+0100] {logging_mixin.py:190} INFO - [2025-04-30T13:58:58.399+0100] {dag.py:4180} INFO - Setting next_dagrun for dataset_s3_bucket_producer to None, run_after=None
[2025-04-30T13:58:58.410+0100] {processor.py:208} INFO - Processing /Users/dineshsammeta/anaconda3/envs/python38/lib/python3.8/site-packages/airflow/example_dags/example_dataset_alias.py took 0.175 seconds
[2025-04-30T14:01:58.095+0100] {processor.py:186} INFO - Started process (PID=69155) to work on /Users/dineshsammeta/anaconda3/envs/python38/lib/python3.8/site-packages/airflow/example_dags/example_dataset_alias.py
[2025-04-30T14:01:58.096+0100] {processor.py:914} INFO - Processing file /Users/dineshsammeta/anaconda3/envs/python38/lib/python3.8/site-packages/airflow/example_dags/example_dataset_alias.py for tasks to queue
[2025-04-30T14:01:58.097+0100] {logging_mixin.py:190} INFO - [2025-04-30T14:01:58.097+0100] {dagbag.py:588} INFO - Filling up the DagBag from /Users/dineshsammeta/anaconda3/envs/python38/lib/python3.8/site-packages/airflow/example_dags/example_dataset_alias.py
[2025-04-30T14:01:58.230+0100] {processor.py:925} INFO - DAG(s) 'dataset_s3_bucket_consumer', 'dataset_alias_example_alias_consumer', 'dataset_s3_bucket_producer', 'dataset_alias_example_alias_producer' retrieved from /Users/dineshsammeta/anaconda3/envs/python38/lib/python3.8/site-packages/airflow/example_dags/example_dataset_alias.py
[2025-04-30T14:01:58.244+0100] {logging_mixin.py:190} INFO - [2025-04-30T14:01:58.243+0100] {dag.py:3239} INFO - Sync 4 DAGs
[2025-04-30T14:01:58.254+0100] {logging_mixin.py:190} INFO - [2025-04-30T14:01:58.254+0100] {dag.py:4180} INFO - Setting next_dagrun for dataset_alias_example_alias_consumer to None, run_after=None
[2025-04-30T14:01:58.255+0100] {logging_mixin.py:190} INFO - [2025-04-30T14:01:58.255+0100] {dag.py:4180} INFO - Setting next_dagrun for dataset_alias_example_alias_producer to None, run_after=None
[2025-04-30T14:01:58.256+0100] {logging_mixin.py:190} INFO - [2025-04-30T14:01:58.256+0100] {dag.py:4180} INFO - Setting next_dagrun for dataset_s3_bucket_consumer to None, run_after=None
[2025-04-30T14:01:58.256+0100] {logging_mixin.py:190} INFO - [2025-04-30T14:01:58.256+0100] {dag.py:4180} INFO - Setting next_dagrun for dataset_s3_bucket_producer to None, run_after=None
[2025-04-30T14:01:58.268+0100] {processor.py:208} INFO - Processing /Users/dineshsammeta/anaconda3/envs/python38/lib/python3.8/site-packages/airflow/example_dags/example_dataset_alias.py took 0.175 seconds
[2025-04-30T15:39:42.271+0100] {processor.py:186} INFO - Started process (PID=69600) to work on /Users/dineshsammeta/anaconda3/envs/python38/lib/python3.8/site-packages/airflow/example_dags/example_dataset_alias.py
[2025-04-30T15:39:42.271+0100] {processor.py:914} INFO - Processing file /Users/dineshsammeta/anaconda3/envs/python38/lib/python3.8/site-packages/airflow/example_dags/example_dataset_alias.py for tasks to queue
[2025-04-30T15:39:42.272+0100] {logging_mixin.py:190} INFO - [2025-04-30T15:39:42.272+0100] {dagbag.py:588} INFO - Filling up the DagBag from /Users/dineshsammeta/anaconda3/envs/python38/lib/python3.8/site-packages/airflow/example_dags/example_dataset_alias.py
[2025-04-30T15:39:42.394+0100] {processor.py:925} INFO - DAG(s) 'dataset_alias_example_alias_consumer', 'dataset_s3_bucket_consumer', 'dataset_alias_example_alias_producer', 'dataset_s3_bucket_producer' retrieved from /Users/dineshsammeta/anaconda3/envs/python38/lib/python3.8/site-packages/airflow/example_dags/example_dataset_alias.py
[2025-04-30T15:39:42.408+0100] {logging_mixin.py:190} INFO - [2025-04-30T15:39:42.408+0100] {dag.py:3239} INFO - Sync 4 DAGs
[2025-04-30T15:39:42.418+0100] {logging_mixin.py:190} INFO - [2025-04-30T15:39:42.418+0100] {dag.py:4180} INFO - Setting next_dagrun for dataset_alias_example_alias_consumer to None, run_after=None
[2025-04-30T15:39:42.420+0100] {logging_mixin.py:190} INFO - [2025-04-30T15:39:42.420+0100] {dag.py:4180} INFO - Setting next_dagrun for dataset_alias_example_alias_producer to None, run_after=None
[2025-04-30T15:39:42.420+0100] {logging_mixin.py:190} INFO - [2025-04-30T15:39:42.420+0100] {dag.py:4180} INFO - Setting next_dagrun for dataset_s3_bucket_consumer to None, run_after=None
[2025-04-30T15:39:42.421+0100] {logging_mixin.py:190} INFO - [2025-04-30T15:39:42.421+0100] {dag.py:4180} INFO - Setting next_dagrun for dataset_s3_bucket_producer to None, run_after=None
[2025-04-30T15:39:42.432+0100] {processor.py:208} INFO - Processing /Users/dineshsammeta/anaconda3/envs/python38/lib/python3.8/site-packages/airflow/example_dags/example_dataset_alias.py took 0.164 seconds
[2025-04-30T15:42:40.346+0100] {processor.py:186} INFO - Started process (PID=69921) to work on /Users/dineshsammeta/anaconda3/envs/python38/lib/python3.8/site-packages/airflow/example_dags/example_dataset_alias.py
[2025-04-30T15:42:40.347+0100] {processor.py:914} INFO - Processing file /Users/dineshsammeta/anaconda3/envs/python38/lib/python3.8/site-packages/airflow/example_dags/example_dataset_alias.py for tasks to queue
[2025-04-30T15:42:40.348+0100] {logging_mixin.py:190} INFO - [2025-04-30T15:42:40.348+0100] {dagbag.py:588} INFO - Filling up the DagBag from /Users/dineshsammeta/anaconda3/envs/python38/lib/python3.8/site-packages/airflow/example_dags/example_dataset_alias.py
[2025-04-30T15:42:40.469+0100] {processor.py:925} INFO - DAG(s) 'dataset_s3_bucket_producer', 'dataset_s3_bucket_consumer', 'dataset_alias_example_alias_consumer', 'dataset_alias_example_alias_producer' retrieved from /Users/dineshsammeta/anaconda3/envs/python38/lib/python3.8/site-packages/airflow/example_dags/example_dataset_alias.py
[2025-04-30T15:42:40.482+0100] {logging_mixin.py:190} INFO - [2025-04-30T15:42:40.482+0100] {dag.py:3239} INFO - Sync 4 DAGs
[2025-04-30T15:42:40.493+0100] {logging_mixin.py:190} INFO - [2025-04-30T15:42:40.493+0100] {dag.py:4180} INFO - Setting next_dagrun for dataset_alias_example_alias_consumer to None, run_after=None
[2025-04-30T15:42:40.494+0100] {logging_mixin.py:190} INFO - [2025-04-30T15:42:40.494+0100] {dag.py:4180} INFO - Setting next_dagrun for dataset_alias_example_alias_producer to None, run_after=None
[2025-04-30T15:42:40.495+0100] {logging_mixin.py:190} INFO - [2025-04-30T15:42:40.495+0100] {dag.py:4180} INFO - Setting next_dagrun for dataset_s3_bucket_consumer to None, run_after=None
[2025-04-30T15:42:40.495+0100] {logging_mixin.py:190} INFO - [2025-04-30T15:42:40.495+0100] {dag.py:4180} INFO - Setting next_dagrun for dataset_s3_bucket_producer to None, run_after=None
[2025-04-30T15:42:40.506+0100] {processor.py:208} INFO - Processing /Users/dineshsammeta/anaconda3/envs/python38/lib/python3.8/site-packages/airflow/example_dags/example_dataset_alias.py took 0.162 seconds
[2025-04-30T15:46:00.028+0100] {processor.py:186} INFO - Started process (PID=70245) to work on /Users/dineshsammeta/anaconda3/envs/python38/lib/python3.8/site-packages/airflow/example_dags/example_dataset_alias.py
[2025-04-30T15:46:00.029+0100] {processor.py:914} INFO - Processing file /Users/dineshsammeta/anaconda3/envs/python38/lib/python3.8/site-packages/airflow/example_dags/example_dataset_alias.py for tasks to queue
[2025-04-30T15:46:00.030+0100] {logging_mixin.py:190} INFO - [2025-04-30T15:46:00.030+0100] {dagbag.py:588} INFO - Filling up the DagBag from /Users/dineshsammeta/anaconda3/envs/python38/lib/python3.8/site-packages/airflow/example_dags/example_dataset_alias.py
[2025-04-30T15:46:00.150+0100] {processor.py:925} INFO - DAG(s) 'dataset_alias_example_alias_consumer', 'dataset_s3_bucket_consumer', 'dataset_s3_bucket_producer', 'dataset_alias_example_alias_producer' retrieved from /Users/dineshsammeta/anaconda3/envs/python38/lib/python3.8/site-packages/airflow/example_dags/example_dataset_alias.py
[2025-04-30T15:46:00.163+0100] {logging_mixin.py:190} INFO - [2025-04-30T15:46:00.163+0100] {dag.py:3239} INFO - Sync 4 DAGs
[2025-04-30T15:46:00.174+0100] {logging_mixin.py:190} INFO - [2025-04-30T15:46:00.174+0100] {dag.py:4180} INFO - Setting next_dagrun for dataset_alias_example_alias_consumer to None, run_after=None
[2025-04-30T15:46:00.175+0100] {logging_mixin.py:190} INFO - [2025-04-30T15:46:00.175+0100] {dag.py:4180} INFO - Setting next_dagrun for dataset_alias_example_alias_producer to None, run_after=None
[2025-04-30T15:46:00.176+0100] {logging_mixin.py:190} INFO - [2025-04-30T15:46:00.176+0100] {dag.py:4180} INFO - Setting next_dagrun for dataset_s3_bucket_consumer to None, run_after=None
[2025-04-30T15:46:00.176+0100] {logging_mixin.py:190} INFO - [2025-04-30T15:46:00.176+0100] {dag.py:4180} INFO - Setting next_dagrun for dataset_s3_bucket_producer to None, run_after=None
[2025-04-30T15:46:00.188+0100] {processor.py:208} INFO - Processing /Users/dineshsammeta/anaconda3/envs/python38/lib/python3.8/site-packages/airflow/example_dags/example_dataset_alias.py took 0.161 seconds
