[2025-04-30T13:39:34.906+0100] {processor.py:186} INFO - Started process (PID=66582) to work on /Users/dineshsammeta/anaconda3/envs/python38/lib/python3.8/site-packages/airflow/example_dags/example_task_group_decorator.py
[2025-04-30T13:39:34.907+0100] {processor.py:914} INFO - Processing file /Users/dineshsammeta/anaconda3/envs/python38/lib/python3.8/site-packages/airflow/example_dags/example_task_group_decorator.py for tasks to queue
[2025-04-30T13:39:34.907+0100] {logging_mixin.py:190} INFO - [2025-04-30T13:39:34.907+0100] {dagbag.py:588} INFO - Filling up the DagBag from /Users/dineshsammeta/anaconda3/envs/python38/lib/python3.8/site-packages/airflow/example_dags/example_task_group_decorator.py
[2025-04-30T13:39:34.966+0100] {processor.py:925} INFO - DAG(s) 'example_task_group_decorator' retrieved from /Users/dineshsammeta/anaconda3/envs/python38/lib/python3.8/site-packages/airflow/example_dags/example_task_group_decorator.py
[2025-04-30T13:39:35.029+0100] {logging_mixin.py:190} INFO - [2025-04-30T13:39:35.029+0100] {dag.py:3239} INFO - Sync 1 DAGs
[2025-04-30T13:39:35.036+0100] {logging_mixin.py:190} INFO - [2025-04-30T13:39:35.036+0100] {dag.py:4180} INFO - Setting next_dagrun for example_task_group_decorator to None, run_after=None
[2025-04-30T13:39:35.046+0100] {processor.py:208} INFO - Processing /Users/dineshsammeta/anaconda3/envs/python38/lib/python3.8/site-packages/airflow/example_dags/example_task_group_decorator.py took 0.143 seconds
[2025-04-30T13:41:35.222+0100] {processor.py:186} INFO - Started process (PID=66866) to work on /Users/dineshsammeta/anaconda3/envs/python38/lib/python3.8/site-packages/airflow/example_dags/example_task_group_decorator.py
[2025-04-30T13:41:35.223+0100] {processor.py:914} INFO - Processing file /Users/dineshsammeta/anaconda3/envs/python38/lib/python3.8/site-packages/airflow/example_dags/example_task_group_decorator.py for tasks to queue
[2025-04-30T13:41:35.224+0100] {logging_mixin.py:190} INFO - [2025-04-30T13:41:35.224+0100] {dagbag.py:588} INFO - Filling up the DagBag from /Users/dineshsammeta/anaconda3/envs/python38/lib/python3.8/site-packages/airflow/example_dags/example_task_group_decorator.py
[2025-04-30T13:41:35.278+0100] {processor.py:925} INFO - DAG(s) 'example_task_group_decorator' retrieved from /Users/dineshsammeta/anaconda3/envs/python38/lib/python3.8/site-packages/airflow/example_dags/example_task_group_decorator.py
[2025-04-30T13:41:35.339+0100] {logging_mixin.py:190} INFO - [2025-04-30T13:41:35.338+0100] {dag.py:3239} INFO - Sync 1 DAGs
[2025-04-30T13:41:35.345+0100] {logging_mixin.py:190} INFO - [2025-04-30T13:41:35.345+0100] {dag.py:4180} INFO - Setting next_dagrun for example_task_group_decorator to None, run_after=None
[2025-04-30T13:41:35.356+0100] {processor.py:208} INFO - Processing /Users/dineshsammeta/anaconda3/envs/python38/lib/python3.8/site-packages/airflow/example_dags/example_task_group_decorator.py took 0.136 seconds
[2025-04-30T13:43:05.706+0100] {processor.py:186} INFO - Started process (PID=67048) to work on /Users/dineshsammeta/anaconda3/envs/python38/lib/python3.8/site-packages/airflow/example_dags/example_task_group_decorator.py
[2025-04-30T13:43:05.707+0100] {processor.py:914} INFO - Processing file /Users/dineshsammeta/anaconda3/envs/python38/lib/python3.8/site-packages/airflow/example_dags/example_task_group_decorator.py for tasks to queue
[2025-04-30T13:43:05.708+0100] {logging_mixin.py:190} INFO - [2025-04-30T13:43:05.708+0100] {dagbag.py:588} INFO - Filling up the DagBag from /Users/dineshsammeta/anaconda3/envs/python38/lib/python3.8/site-packages/airflow/example_dags/example_task_group_decorator.py
[2025-04-30T13:43:05.762+0100] {processor.py:925} INFO - DAG(s) 'example_task_group_decorator' retrieved from /Users/dineshsammeta/anaconda3/envs/python38/lib/python3.8/site-packages/airflow/example_dags/example_task_group_decorator.py
[2025-04-30T13:43:05.822+0100] {logging_mixin.py:190} INFO - [2025-04-30T13:43:05.822+0100] {dag.py:3239} INFO - Sync 1 DAGs
[2025-04-30T13:43:05.829+0100] {logging_mixin.py:190} INFO - [2025-04-30T13:43:05.829+0100] {dag.py:4180} INFO - Setting next_dagrun for example_task_group_decorator to None, run_after=None
[2025-04-30T13:43:05.839+0100] {processor.py:208} INFO - Processing /Users/dineshsammeta/anaconda3/envs/python38/lib/python3.8/site-packages/airflow/example_dags/example_task_group_decorator.py took 0.135 seconds
[2025-04-30T13:44:35.637+0100] {processor.py:186} INFO - Started process (PID=67212) to work on /Users/dineshsammeta/anaconda3/envs/python38/lib/python3.8/site-packages/airflow/example_dags/example_task_group_decorator.py
[2025-04-30T13:44:35.638+0100] {processor.py:914} INFO - Processing file /Users/dineshsammeta/anaconda3/envs/python38/lib/python3.8/site-packages/airflow/example_dags/example_task_group_decorator.py for tasks to queue
[2025-04-30T13:44:35.639+0100] {logging_mixin.py:190} INFO - [2025-04-30T13:44:35.638+0100] {dagbag.py:588} INFO - Filling up the DagBag from /Users/dineshsammeta/anaconda3/envs/python38/lib/python3.8/site-packages/airflow/example_dags/example_task_group_decorator.py
[2025-04-30T13:44:35.697+0100] {processor.py:925} INFO - DAG(s) 'example_task_group_decorator' retrieved from /Users/dineshsammeta/anaconda3/envs/python38/lib/python3.8/site-packages/airflow/example_dags/example_task_group_decorator.py
[2025-04-30T13:44:35.758+0100] {logging_mixin.py:190} INFO - [2025-04-30T13:44:35.758+0100] {dag.py:3239} INFO - Sync 1 DAGs
[2025-04-30T13:44:35.765+0100] {logging_mixin.py:190} INFO - [2025-04-30T13:44:35.765+0100] {dag.py:4180} INFO - Setting next_dagrun for example_task_group_decorator to None, run_after=None
[2025-04-30T13:44:35.775+0100] {processor.py:208} INFO - Processing /Users/dineshsammeta/anaconda3/envs/python38/lib/python3.8/site-packages/airflow/example_dags/example_task_group_decorator.py took 0.141 seconds
[2025-04-30T13:46:04.179+0100] {processor.py:186} INFO - Started process (PID=67385) to work on /Users/dineshsammeta/anaconda3/envs/python38/lib/python3.8/site-packages/airflow/example_dags/example_task_group_decorator.py
[2025-04-30T13:46:04.181+0100] {processor.py:914} INFO - Processing file /Users/dineshsammeta/anaconda3/envs/python38/lib/python3.8/site-packages/airflow/example_dags/example_task_group_decorator.py for tasks to queue
[2025-04-30T13:46:04.181+0100] {logging_mixin.py:190} INFO - [2025-04-30T13:46:04.181+0100] {dagbag.py:588} INFO - Filling up the DagBag from /Users/dineshsammeta/anaconda3/envs/python38/lib/python3.8/site-packages/airflow/example_dags/example_task_group_decorator.py
[2025-04-30T13:46:04.235+0100] {processor.py:925} INFO - DAG(s) 'example_task_group_decorator' retrieved from /Users/dineshsammeta/anaconda3/envs/python38/lib/python3.8/site-packages/airflow/example_dags/example_task_group_decorator.py
[2025-04-30T13:46:04.295+0100] {logging_mixin.py:190} INFO - [2025-04-30T13:46:04.295+0100] {dag.py:3239} INFO - Sync 1 DAGs
[2025-04-30T13:46:04.302+0100] {logging_mixin.py:190} INFO - [2025-04-30T13:46:04.302+0100] {dag.py:4180} INFO - Setting next_dagrun for example_task_group_decorator to None, run_after=None
[2025-04-30T13:46:04.312+0100] {processor.py:208} INFO - Processing /Users/dineshsammeta/anaconda3/envs/python38/lib/python3.8/site-packages/airflow/example_dags/example_task_group_decorator.py took 0.136 seconds
[2025-04-30T13:47:32.212+0100] {processor.py:186} INFO - Started process (PID=67568) to work on /Users/dineshsammeta/anaconda3/envs/python38/lib/python3.8/site-packages/airflow/example_dags/example_task_group_decorator.py
[2025-04-30T13:47:32.214+0100] {processor.py:914} INFO - Processing file /Users/dineshsammeta/anaconda3/envs/python38/lib/python3.8/site-packages/airflow/example_dags/example_task_group_decorator.py for tasks to queue
[2025-04-30T13:47:32.214+0100] {logging_mixin.py:190} INFO - [2025-04-30T13:47:32.214+0100] {dagbag.py:588} INFO - Filling up the DagBag from /Users/dineshsammeta/anaconda3/envs/python38/lib/python3.8/site-packages/airflow/example_dags/example_task_group_decorator.py
[2025-04-30T13:47:32.268+0100] {processor.py:925} INFO - DAG(s) 'example_task_group_decorator' retrieved from /Users/dineshsammeta/anaconda3/envs/python38/lib/python3.8/site-packages/airflow/example_dags/example_task_group_decorator.py
[2025-04-30T13:47:32.327+0100] {logging_mixin.py:190} INFO - [2025-04-30T13:47:32.327+0100] {dag.py:3239} INFO - Sync 1 DAGs
[2025-04-30T13:47:32.334+0100] {logging_mixin.py:190} INFO - [2025-04-30T13:47:32.334+0100] {dag.py:4180} INFO - Setting next_dagrun for example_task_group_decorator to None, run_after=None
[2025-04-30T13:47:32.345+0100] {processor.py:208} INFO - Processing /Users/dineshsammeta/anaconda3/envs/python38/lib/python3.8/site-packages/airflow/example_dags/example_task_group_decorator.py took 0.134 seconds
[2025-04-30T13:49:03.280+0100] {processor.py:186} INFO - Started process (PID=67742) to work on /Users/dineshsammeta/anaconda3/envs/python38/lib/python3.8/site-packages/airflow/example_dags/example_task_group_decorator.py
[2025-04-30T13:49:03.282+0100] {processor.py:914} INFO - Processing file /Users/dineshsammeta/anaconda3/envs/python38/lib/python3.8/site-packages/airflow/example_dags/example_task_group_decorator.py for tasks to queue
[2025-04-30T13:49:03.283+0100] {logging_mixin.py:190} INFO - [2025-04-30T13:49:03.283+0100] {dagbag.py:588} INFO - Filling up the DagBag from /Users/dineshsammeta/anaconda3/envs/python38/lib/python3.8/site-packages/airflow/example_dags/example_task_group_decorator.py
[2025-04-30T13:49:03.338+0100] {processor.py:925} INFO - DAG(s) 'example_task_group_decorator' retrieved from /Users/dineshsammeta/anaconda3/envs/python38/lib/python3.8/site-packages/airflow/example_dags/example_task_group_decorator.py
[2025-04-30T13:49:03.399+0100] {logging_mixin.py:190} INFO - [2025-04-30T13:49:03.399+0100] {dag.py:3239} INFO - Sync 1 DAGs
[2025-04-30T13:49:03.405+0100] {logging_mixin.py:190} INFO - [2025-04-30T13:49:03.405+0100] {dag.py:4180} INFO - Setting next_dagrun for example_task_group_decorator to None, run_after=None
[2025-04-30T13:49:03.415+0100] {processor.py:208} INFO - Processing /Users/dineshsammeta/anaconda3/envs/python38/lib/python3.8/site-packages/airflow/example_dags/example_task_group_decorator.py took 0.137 seconds
[2025-04-30T13:50:39.143+0100] {processor.py:186} INFO - Started process (PID=67917) to work on /Users/dineshsammeta/anaconda3/envs/python38/lib/python3.8/site-packages/airflow/example_dags/example_task_group_decorator.py
[2025-04-30T13:50:39.144+0100] {processor.py:914} INFO - Processing file /Users/dineshsammeta/anaconda3/envs/python38/lib/python3.8/site-packages/airflow/example_dags/example_task_group_decorator.py for tasks to queue
[2025-04-30T13:50:39.145+0100] {logging_mixin.py:190} INFO - [2025-04-30T13:50:39.145+0100] {dagbag.py:588} INFO - Filling up the DagBag from /Users/dineshsammeta/anaconda3/envs/python38/lib/python3.8/site-packages/airflow/example_dags/example_task_group_decorator.py
[2025-04-30T13:50:39.200+0100] {processor.py:925} INFO - DAG(s) 'example_task_group_decorator' retrieved from /Users/dineshsammeta/anaconda3/envs/python38/lib/python3.8/site-packages/airflow/example_dags/example_task_group_decorator.py
[2025-04-30T13:50:39.260+0100] {logging_mixin.py:190} INFO - [2025-04-30T13:50:39.260+0100] {dag.py:3239} INFO - Sync 1 DAGs
[2025-04-30T13:50:39.267+0100] {logging_mixin.py:190} INFO - [2025-04-30T13:50:39.266+0100] {dag.py:4180} INFO - Setting next_dagrun for example_task_group_decorator to None, run_after=None
[2025-04-30T13:50:39.287+0100] {processor.py:208} INFO - Processing /Users/dineshsammeta/anaconda3/envs/python38/lib/python3.8/site-packages/airflow/example_dags/example_task_group_decorator.py took 0.146 seconds
[2025-04-30T13:52:10.846+0100] {processor.py:186} INFO - Started process (PID=68072) to work on /Users/dineshsammeta/anaconda3/envs/python38/lib/python3.8/site-packages/airflow/example_dags/example_task_group_decorator.py
[2025-04-30T13:52:10.848+0100] {processor.py:914} INFO - Processing file /Users/dineshsammeta/anaconda3/envs/python38/lib/python3.8/site-packages/airflow/example_dags/example_task_group_decorator.py for tasks to queue
[2025-04-30T13:52:10.848+0100] {logging_mixin.py:190} INFO - [2025-04-30T13:52:10.848+0100] {dagbag.py:588} INFO - Filling up the DagBag from /Users/dineshsammeta/anaconda3/envs/python38/lib/python3.8/site-packages/airflow/example_dags/example_task_group_decorator.py
[2025-04-30T13:52:10.904+0100] {processor.py:925} INFO - DAG(s) 'example_task_group_decorator' retrieved from /Users/dineshsammeta/anaconda3/envs/python38/lib/python3.8/site-packages/airflow/example_dags/example_task_group_decorator.py
[2025-04-30T13:52:10.963+0100] {logging_mixin.py:190} INFO - [2025-04-30T13:52:10.963+0100] {dag.py:3239} INFO - Sync 1 DAGs
[2025-04-30T13:52:10.970+0100] {logging_mixin.py:190} INFO - [2025-04-30T13:52:10.969+0100] {dag.py:4180} INFO - Setting next_dagrun for example_task_group_decorator to None, run_after=None
[2025-04-30T13:52:10.980+0100] {processor.py:208} INFO - Processing /Users/dineshsammeta/anaconda3/envs/python38/lib/python3.8/site-packages/airflow/example_dags/example_task_group_decorator.py took 0.136 seconds
[2025-04-30T13:53:48.791+0100] {processor.py:186} INFO - Started process (PID=68266) to work on /Users/dineshsammeta/anaconda3/envs/python38/lib/python3.8/site-packages/airflow/example_dags/example_task_group_decorator.py
[2025-04-30T13:53:48.792+0100] {processor.py:914} INFO - Processing file /Users/dineshsammeta/anaconda3/envs/python38/lib/python3.8/site-packages/airflow/example_dags/example_task_group_decorator.py for tasks to queue
[2025-04-30T13:53:48.792+0100] {logging_mixin.py:190} INFO - [2025-04-30T13:53:48.792+0100] {dagbag.py:588} INFO - Filling up the DagBag from /Users/dineshsammeta/anaconda3/envs/python38/lib/python3.8/site-packages/airflow/example_dags/example_task_group_decorator.py
[2025-04-30T13:53:48.849+0100] {processor.py:925} INFO - DAG(s) 'example_task_group_decorator' retrieved from /Users/dineshsammeta/anaconda3/envs/python38/lib/python3.8/site-packages/airflow/example_dags/example_task_group_decorator.py
[2025-04-30T13:53:48.909+0100] {logging_mixin.py:190} INFO - [2025-04-30T13:53:48.908+0100] {dag.py:3239} INFO - Sync 1 DAGs
[2025-04-30T13:53:48.915+0100] {logging_mixin.py:190} INFO - [2025-04-30T13:53:48.915+0100] {dag.py:4180} INFO - Setting next_dagrun for example_task_group_decorator to None, run_after=None
[2025-04-30T13:53:48.926+0100] {processor.py:208} INFO - Processing /Users/dineshsammeta/anaconda3/envs/python38/lib/python3.8/site-packages/airflow/example_dags/example_task_group_decorator.py took 0.137 seconds
[2025-04-30T13:55:26.528+0100] {processor.py:186} INFO - Started process (PID=68454) to work on /Users/dineshsammeta/anaconda3/envs/python38/lib/python3.8/site-packages/airflow/example_dags/example_task_group_decorator.py
[2025-04-30T13:55:26.529+0100] {processor.py:914} INFO - Processing file /Users/dineshsammeta/anaconda3/envs/python38/lib/python3.8/site-packages/airflow/example_dags/example_task_group_decorator.py for tasks to queue
[2025-04-30T13:55:26.530+0100] {logging_mixin.py:190} INFO - [2025-04-30T13:55:26.530+0100] {dagbag.py:588} INFO - Filling up the DagBag from /Users/dineshsammeta/anaconda3/envs/python38/lib/python3.8/site-packages/airflow/example_dags/example_task_group_decorator.py
[2025-04-30T13:55:26.585+0100] {processor.py:925} INFO - DAG(s) 'example_task_group_decorator' retrieved from /Users/dineshsammeta/anaconda3/envs/python38/lib/python3.8/site-packages/airflow/example_dags/example_task_group_decorator.py
[2025-04-30T13:55:26.667+0100] {logging_mixin.py:190} INFO - [2025-04-30T13:55:26.666+0100] {dag.py:3239} INFO - Sync 1 DAGs
[2025-04-30T13:55:26.674+0100] {logging_mixin.py:190} INFO - [2025-04-30T13:55:26.673+0100] {dag.py:4180} INFO - Setting next_dagrun for example_task_group_decorator to None, run_after=None
[2025-04-30T13:55:26.684+0100] {processor.py:208} INFO - Processing /Users/dineshsammeta/anaconda3/envs/python38/lib/python3.8/site-packages/airflow/example_dags/example_task_group_decorator.py took 0.158 seconds
[2025-04-30T13:56:57.550+0100] {processor.py:186} INFO - Started process (PID=68610) to work on /Users/dineshsammeta/anaconda3/envs/python38/lib/python3.8/site-packages/airflow/example_dags/example_task_group_decorator.py
[2025-04-30T13:56:57.552+0100] {processor.py:914} INFO - Processing file /Users/dineshsammeta/anaconda3/envs/python38/lib/python3.8/site-packages/airflow/example_dags/example_task_group_decorator.py for tasks to queue
[2025-04-30T13:56:57.552+0100] {logging_mixin.py:190} INFO - [2025-04-30T13:56:57.552+0100] {dagbag.py:588} INFO - Filling up the DagBag from /Users/dineshsammeta/anaconda3/envs/python38/lib/python3.8/site-packages/airflow/example_dags/example_task_group_decorator.py
[2025-04-30T13:56:57.607+0100] {processor.py:925} INFO - DAG(s) 'example_task_group_decorator' retrieved from /Users/dineshsammeta/anaconda3/envs/python38/lib/python3.8/site-packages/airflow/example_dags/example_task_group_decorator.py
[2025-04-30T13:56:57.667+0100] {logging_mixin.py:190} INFO - [2025-04-30T13:56:57.667+0100] {dag.py:3239} INFO - Sync 1 DAGs
[2025-04-30T13:56:57.674+0100] {logging_mixin.py:190} INFO - [2025-04-30T13:56:57.674+0100] {dag.py:4180} INFO - Setting next_dagrun for example_task_group_decorator to None, run_after=None
[2025-04-30T13:56:57.683+0100] {processor.py:208} INFO - Processing /Users/dineshsammeta/anaconda3/envs/python38/lib/python3.8/site-packages/airflow/example_dags/example_task_group_decorator.py took 0.136 seconds
[2025-04-30T13:58:28.632+0100] {processor.py:186} INFO - Started process (PID=68768) to work on /Users/dineshsammeta/anaconda3/envs/python38/lib/python3.8/site-packages/airflow/example_dags/example_task_group_decorator.py
[2025-04-30T13:58:28.633+0100] {processor.py:914} INFO - Processing file /Users/dineshsammeta/anaconda3/envs/python38/lib/python3.8/site-packages/airflow/example_dags/example_task_group_decorator.py for tasks to queue
[2025-04-30T13:58:28.633+0100] {logging_mixin.py:190} INFO - [2025-04-30T13:58:28.633+0100] {dagbag.py:588} INFO - Filling up the DagBag from /Users/dineshsammeta/anaconda3/envs/python38/lib/python3.8/site-packages/airflow/example_dags/example_task_group_decorator.py
[2025-04-30T13:58:28.689+0100] {processor.py:925} INFO - DAG(s) 'example_task_group_decorator' retrieved from /Users/dineshsammeta/anaconda3/envs/python38/lib/python3.8/site-packages/airflow/example_dags/example_task_group_decorator.py
[2025-04-30T13:58:28.752+0100] {logging_mixin.py:190} INFO - [2025-04-30T13:58:28.752+0100] {dag.py:3239} INFO - Sync 1 DAGs
[2025-04-30T13:58:28.759+0100] {logging_mixin.py:190} INFO - [2025-04-30T13:58:28.759+0100] {dag.py:4180} INFO - Setting next_dagrun for example_task_group_decorator to None, run_after=None
[2025-04-30T13:58:28.769+0100] {processor.py:208} INFO - Processing /Users/dineshsammeta/anaconda3/envs/python38/lib/python3.8/site-packages/airflow/example_dags/example_task_group_decorator.py took 0.140 seconds
[2025-04-30T13:59:56.878+0100] {processor.py:186} INFO - Started process (PID=68933) to work on /Users/dineshsammeta/anaconda3/envs/python38/lib/python3.8/site-packages/airflow/example_dags/example_task_group_decorator.py
[2025-04-30T13:59:56.879+0100] {processor.py:914} INFO - Processing file /Users/dineshsammeta/anaconda3/envs/python38/lib/python3.8/site-packages/airflow/example_dags/example_task_group_decorator.py for tasks to queue
[2025-04-30T13:59:56.880+0100] {logging_mixin.py:190} INFO - [2025-04-30T13:59:56.880+0100] {dagbag.py:588} INFO - Filling up the DagBag from /Users/dineshsammeta/anaconda3/envs/python38/lib/python3.8/site-packages/airflow/example_dags/example_task_group_decorator.py
[2025-04-30T13:59:56.935+0100] {processor.py:925} INFO - DAG(s) 'example_task_group_decorator' retrieved from /Users/dineshsammeta/anaconda3/envs/python38/lib/python3.8/site-packages/airflow/example_dags/example_task_group_decorator.py
[2025-04-30T13:59:56.996+0100] {logging_mixin.py:190} INFO - [2025-04-30T13:59:56.996+0100] {dag.py:3239} INFO - Sync 1 DAGs
[2025-04-30T13:59:57.002+0100] {logging_mixin.py:190} INFO - [2025-04-30T13:59:57.002+0100] {dag.py:4180} INFO - Setting next_dagrun for example_task_group_decorator to None, run_after=None
[2025-04-30T13:59:57.013+0100] {processor.py:208} INFO - Processing /Users/dineshsammeta/anaconda3/envs/python38/lib/python3.8/site-packages/airflow/example_dags/example_task_group_decorator.py took 0.137 seconds
[2025-04-30T14:01:26.452+0100] {processor.py:186} INFO - Started process (PID=69102) to work on /Users/dineshsammeta/anaconda3/envs/python38/lib/python3.8/site-packages/airflow/example_dags/example_task_group_decorator.py
[2025-04-30T14:01:26.454+0100] {processor.py:914} INFO - Processing file /Users/dineshsammeta/anaconda3/envs/python38/lib/python3.8/site-packages/airflow/example_dags/example_task_group_decorator.py for tasks to queue
[2025-04-30T14:01:26.454+0100] {logging_mixin.py:190} INFO - [2025-04-30T14:01:26.454+0100] {dagbag.py:588} INFO - Filling up the DagBag from /Users/dineshsammeta/anaconda3/envs/python38/lib/python3.8/site-packages/airflow/example_dags/example_task_group_decorator.py
[2025-04-30T14:01:26.509+0100] {processor.py:925} INFO - DAG(s) 'example_task_group_decorator' retrieved from /Users/dineshsammeta/anaconda3/envs/python38/lib/python3.8/site-packages/airflow/example_dags/example_task_group_decorator.py
[2025-04-30T14:01:26.571+0100] {logging_mixin.py:190} INFO - [2025-04-30T14:01:26.571+0100] {dag.py:3239} INFO - Sync 1 DAGs
[2025-04-30T14:01:26.578+0100] {logging_mixin.py:190} INFO - [2025-04-30T14:01:26.577+0100] {dag.py:4180} INFO - Setting next_dagrun for example_task_group_decorator to None, run_after=None
[2025-04-30T14:01:26.588+0100] {processor.py:208} INFO - Processing /Users/dineshsammeta/anaconda3/envs/python38/lib/python3.8/site-packages/airflow/example_dags/example_task_group_decorator.py took 0.138 seconds
[2025-04-30T14:25:03.058+0100] {processor.py:186} INFO - Started process (PID=69273) to work on /Users/dineshsammeta/anaconda3/envs/python38/lib/python3.8/site-packages/airflow/example_dags/example_task_group_decorator.py
[2025-04-30T14:25:03.059+0100] {processor.py:914} INFO - Processing file /Users/dineshsammeta/anaconda3/envs/python38/lib/python3.8/site-packages/airflow/example_dags/example_task_group_decorator.py for tasks to queue
[2025-04-30T14:25:03.059+0100] {logging_mixin.py:190} INFO - [2025-04-30T14:25:03.059+0100] {dagbag.py:588} INFO - Filling up the DagBag from /Users/dineshsammeta/anaconda3/envs/python38/lib/python3.8/site-packages/airflow/example_dags/example_task_group_decorator.py
[2025-04-30T14:25:03.116+0100] {processor.py:925} INFO - DAG(s) 'example_task_group_decorator' retrieved from /Users/dineshsammeta/anaconda3/envs/python38/lib/python3.8/site-packages/airflow/example_dags/example_task_group_decorator.py
[2025-04-30T14:25:03.175+0100] {logging_mixin.py:190} INFO - [2025-04-30T14:25:03.175+0100] {dag.py:3239} INFO - Sync 1 DAGs
[2025-04-30T14:25:03.182+0100] {logging_mixin.py:190} INFO - [2025-04-30T14:25:03.181+0100] {dag.py:4180} INFO - Setting next_dagrun for example_task_group_decorator to None, run_after=None
[2025-04-30T14:25:03.192+0100] {processor.py:208} INFO - Processing /Users/dineshsammeta/anaconda3/envs/python38/lib/python3.8/site-packages/airflow/example_dags/example_task_group_decorator.py took 0.136 seconds
[2025-04-30T15:38:50.578+0100] {processor.py:186} INFO - Started process (PID=69492) to work on /Users/dineshsammeta/anaconda3/envs/python38/lib/python3.8/site-packages/airflow/example_dags/example_task_group_decorator.py
[2025-04-30T15:38:50.579+0100] {processor.py:914} INFO - Processing file /Users/dineshsammeta/anaconda3/envs/python38/lib/python3.8/site-packages/airflow/example_dags/example_task_group_decorator.py for tasks to queue
[2025-04-30T15:38:50.580+0100] {logging_mixin.py:190} INFO - [2025-04-30T15:38:50.580+0100] {dagbag.py:588} INFO - Filling up the DagBag from /Users/dineshsammeta/anaconda3/envs/python38/lib/python3.8/site-packages/airflow/example_dags/example_task_group_decorator.py
[2025-04-30T15:38:50.636+0100] {processor.py:925} INFO - DAG(s) 'example_task_group_decorator' retrieved from /Users/dineshsammeta/anaconda3/envs/python38/lib/python3.8/site-packages/airflow/example_dags/example_task_group_decorator.py
[2025-04-30T15:38:50.697+0100] {logging_mixin.py:190} INFO - [2025-04-30T15:38:50.696+0100] {dag.py:3239} INFO - Sync 1 DAGs
[2025-04-30T15:38:50.703+0100] {logging_mixin.py:190} INFO - [2025-04-30T15:38:50.703+0100] {dag.py:4180} INFO - Setting next_dagrun for example_task_group_decorator to None, run_after=None
[2025-04-30T15:38:50.713+0100] {processor.py:208} INFO - Processing /Users/dineshsammeta/anaconda3/envs/python38/lib/python3.8/site-packages/airflow/example_dags/example_task_group_decorator.py took 0.137 seconds
[2025-04-30T15:40:42.398+0100] {processor.py:186} INFO - Started process (PID=69709) to work on /Users/dineshsammeta/anaconda3/envs/python38/lib/python3.8/site-packages/airflow/example_dags/example_task_group_decorator.py
[2025-04-30T15:40:42.399+0100] {processor.py:914} INFO - Processing file /Users/dineshsammeta/anaconda3/envs/python38/lib/python3.8/site-packages/airflow/example_dags/example_task_group_decorator.py for tasks to queue
[2025-04-30T15:40:42.400+0100] {logging_mixin.py:190} INFO - [2025-04-30T15:40:42.400+0100] {dagbag.py:588} INFO - Filling up the DagBag from /Users/dineshsammeta/anaconda3/envs/python38/lib/python3.8/site-packages/airflow/example_dags/example_task_group_decorator.py
[2025-04-30T15:40:42.455+0100] {processor.py:925} INFO - DAG(s) 'example_task_group_decorator' retrieved from /Users/dineshsammeta/anaconda3/envs/python38/lib/python3.8/site-packages/airflow/example_dags/example_task_group_decorator.py
[2025-04-30T15:40:42.517+0100] {logging_mixin.py:190} INFO - [2025-04-30T15:40:42.517+0100] {dag.py:3239} INFO - Sync 1 DAGs
[2025-04-30T15:40:42.523+0100] {logging_mixin.py:190} INFO - [2025-04-30T15:40:42.523+0100] {dag.py:4180} INFO - Setting next_dagrun for example_task_group_decorator to None, run_after=None
[2025-04-30T15:40:42.534+0100] {processor.py:208} INFO - Processing /Users/dineshsammeta/anaconda3/envs/python38/lib/python3.8/site-packages/airflow/example_dags/example_task_group_decorator.py took 0.139 seconds
[2025-04-30T15:42:12.663+0100] {processor.py:186} INFO - Started process (PID=69871) to work on /Users/dineshsammeta/anaconda3/envs/python38/lib/python3.8/site-packages/airflow/example_dags/example_task_group_decorator.py
[2025-04-30T15:42:12.665+0100] {processor.py:914} INFO - Processing file /Users/dineshsammeta/anaconda3/envs/python38/lib/python3.8/site-packages/airflow/example_dags/example_task_group_decorator.py for tasks to queue
[2025-04-30T15:42:12.666+0100] {logging_mixin.py:190} INFO - [2025-04-30T15:42:12.665+0100] {dagbag.py:588} INFO - Filling up the DagBag from /Users/dineshsammeta/anaconda3/envs/python38/lib/python3.8/site-packages/airflow/example_dags/example_task_group_decorator.py
[2025-04-30T15:42:12.721+0100] {processor.py:925} INFO - DAG(s) 'example_task_group_decorator' retrieved from /Users/dineshsammeta/anaconda3/envs/python38/lib/python3.8/site-packages/airflow/example_dags/example_task_group_decorator.py
[2025-04-30T15:42:12.781+0100] {logging_mixin.py:190} INFO - [2025-04-30T15:42:12.781+0100] {dag.py:3239} INFO - Sync 1 DAGs
[2025-04-30T15:42:12.788+0100] {logging_mixin.py:190} INFO - [2025-04-30T15:42:12.788+0100] {dag.py:4180} INFO - Setting next_dagrun for example_task_group_decorator to None, run_after=None
[2025-04-30T15:42:12.798+0100] {processor.py:208} INFO - Processing /Users/dineshsammeta/anaconda3/envs/python38/lib/python3.8/site-packages/airflow/example_dags/example_task_group_decorator.py took 0.136 seconds
[2025-04-30T15:43:41.708+0100] {processor.py:186} INFO - Started process (PID=70017) to work on /Users/dineshsammeta/anaconda3/envs/python38/lib/python3.8/site-packages/airflow/example_dags/example_task_group_decorator.py
[2025-04-30T15:43:41.709+0100] {processor.py:914} INFO - Processing file /Users/dineshsammeta/anaconda3/envs/python38/lib/python3.8/site-packages/airflow/example_dags/example_task_group_decorator.py for tasks to queue
[2025-04-30T15:43:41.709+0100] {logging_mixin.py:190} INFO - [2025-04-30T15:43:41.709+0100] {dagbag.py:588} INFO - Filling up the DagBag from /Users/dineshsammeta/anaconda3/envs/python38/lib/python3.8/site-packages/airflow/example_dags/example_task_group_decorator.py
[2025-04-30T15:43:41.765+0100] {processor.py:925} INFO - DAG(s) 'example_task_group_decorator' retrieved from /Users/dineshsammeta/anaconda3/envs/python38/lib/python3.8/site-packages/airflow/example_dags/example_task_group_decorator.py
[2025-04-30T15:43:41.825+0100] {logging_mixin.py:190} INFO - [2025-04-30T15:43:41.825+0100] {dag.py:3239} INFO - Sync 1 DAGs
[2025-04-30T15:43:41.832+0100] {logging_mixin.py:190} INFO - [2025-04-30T15:43:41.831+0100] {dag.py:4180} INFO - Setting next_dagrun for example_task_group_decorator to None, run_after=None
[2025-04-30T15:43:41.842+0100] {processor.py:208} INFO - Processing /Users/dineshsammeta/anaconda3/envs/python38/lib/python3.8/site-packages/airflow/example_dags/example_task_group_decorator.py took 0.136 seconds
[2025-04-30T15:45:20.247+0100] {processor.py:186} INFO - Started process (PID=70183) to work on /Users/dineshsammeta/anaconda3/envs/python38/lib/python3.8/site-packages/airflow/example_dags/example_task_group_decorator.py
[2025-04-30T15:45:20.248+0100] {processor.py:914} INFO - Processing file /Users/dineshsammeta/anaconda3/envs/python38/lib/python3.8/site-packages/airflow/example_dags/example_task_group_decorator.py for tasks to queue
[2025-04-30T15:45:20.248+0100] {logging_mixin.py:190} INFO - [2025-04-30T15:45:20.248+0100] {dagbag.py:588} INFO - Filling up the DagBag from /Users/dineshsammeta/anaconda3/envs/python38/lib/python3.8/site-packages/airflow/example_dags/example_task_group_decorator.py
[2025-04-30T15:45:20.303+0100] {processor.py:925} INFO - DAG(s) 'example_task_group_decorator' retrieved from /Users/dineshsammeta/anaconda3/envs/python38/lib/python3.8/site-packages/airflow/example_dags/example_task_group_decorator.py
[2025-04-30T15:45:20.363+0100] {logging_mixin.py:190} INFO - [2025-04-30T15:45:20.363+0100] {dag.py:3239} INFO - Sync 1 DAGs
[2025-04-30T15:45:20.370+0100] {logging_mixin.py:190} INFO - [2025-04-30T15:45:20.370+0100] {dag.py:4180} INFO - Setting next_dagrun for example_task_group_decorator to None, run_after=None
[2025-04-30T15:45:20.380+0100] {processor.py:208} INFO - Processing /Users/dineshsammeta/anaconda3/envs/python38/lib/python3.8/site-packages/airflow/example_dags/example_task_group_decorator.py took 0.136 seconds
[2025-04-30T15:46:59.996+0100] {processor.py:186} INFO - Started process (PID=70363) to work on /Users/dineshsammeta/anaconda3/envs/python38/lib/python3.8/site-packages/airflow/example_dags/example_task_group_decorator.py
[2025-04-30T15:46:59.997+0100] {processor.py:914} INFO - Processing file /Users/dineshsammeta/anaconda3/envs/python38/lib/python3.8/site-packages/airflow/example_dags/example_task_group_decorator.py for tasks to queue
[2025-04-30T15:46:59.998+0100] {logging_mixin.py:190} INFO - [2025-04-30T15:46:59.998+0100] {dagbag.py:588} INFO - Filling up the DagBag from /Users/dineshsammeta/anaconda3/envs/python38/lib/python3.8/site-packages/airflow/example_dags/example_task_group_decorator.py
[2025-04-30T15:47:00.060+0100] {processor.py:925} INFO - DAG(s) 'example_task_group_decorator' retrieved from /Users/dineshsammeta/anaconda3/envs/python38/lib/python3.8/site-packages/airflow/example_dags/example_task_group_decorator.py
[2025-04-30T15:47:00.120+0100] {logging_mixin.py:190} INFO - [2025-04-30T15:47:00.120+0100] {dag.py:3239} INFO - Sync 1 DAGs
[2025-04-30T15:47:00.126+0100] {logging_mixin.py:190} INFO - [2025-04-30T15:47:00.126+0100] {dag.py:4180} INFO - Setting next_dagrun for example_task_group_decorator to None, run_after=None
[2025-04-30T15:47:00.136+0100] {processor.py:208} INFO - Processing /Users/dineshsammeta/anaconda3/envs/python38/lib/python3.8/site-packages/airflow/example_dags/example_task_group_decorator.py took 0.142 seconds
