[2025-04-30T13:39:49.909+0100] {processor.py:186} INFO - Started process (PID=66610) to work on /Users/dineshsammeta/anaconda3/envs/python38/lib/python3.8/site-packages/airflow/example_dags/example_setup_teardown_taskflow.py
[2025-04-30T13:39:49.909+0100] {processor.py:914} INFO - Processing file /Users/dineshsammeta/anaconda3/envs/python38/lib/python3.8/site-packages/airflow/example_dags/example_setup_teardown_taskflow.py for tasks to queue
[2025-04-30T13:39:49.910+0100] {logging_mixin.py:190} INFO - [2025-04-30T13:39:49.910+0100] {dagbag.py:588} INFO - Filling up the DagBag from /Users/dineshsammeta/anaconda3/envs/python38/lib/python3.8/site-packages/airflow/example_dags/example_setup_teardown_taskflow.py
[2025-04-30T13:39:49.961+0100] {processor.py:925} INFO - DAG(s) 'example_setup_teardown_taskflow' retrieved from /Users/dineshsammeta/anaconda3/envs/python38/lib/python3.8/site-packages/airflow/example_dags/example_setup_teardown_taskflow.py
[2025-04-30T13:39:50.020+0100] {logging_mixin.py:190} INFO - [2025-04-30T13:39:50.020+0100] {dag.py:3239} INFO - Sync 1 DAGs
[2025-04-30T13:39:50.026+0100] {logging_mixin.py:190} INFO - [2025-04-30T13:39:50.026+0100] {dag.py:4180} INFO - Setting next_dagrun for example_setup_teardown_taskflow to None, run_after=None
[2025-04-30T13:39:50.038+0100] {processor.py:208} INFO - Processing /Users/dineshsammeta/anaconda3/envs/python38/lib/python3.8/site-packages/airflow/example_dags/example_setup_teardown_taskflow.py took 0.131 seconds
[2025-04-30T13:41:48.870+0100] {processor.py:186} INFO - Started process (PID=66891) to work on /Users/dineshsammeta/anaconda3/envs/python38/lib/python3.8/site-packages/airflow/example_dags/example_setup_teardown_taskflow.py
[2025-04-30T13:41:48.871+0100] {processor.py:914} INFO - Processing file /Users/dineshsammeta/anaconda3/envs/python38/lib/python3.8/site-packages/airflow/example_dags/example_setup_teardown_taskflow.py for tasks to queue
[2025-04-30T13:41:48.872+0100] {logging_mixin.py:190} INFO - [2025-04-30T13:41:48.872+0100] {dagbag.py:588} INFO - Filling up the DagBag from /Users/dineshsammeta/anaconda3/envs/python38/lib/python3.8/site-packages/airflow/example_dags/example_setup_teardown_taskflow.py
[2025-04-30T13:41:48.924+0100] {processor.py:925} INFO - DAG(s) 'example_setup_teardown_taskflow' retrieved from /Users/dineshsammeta/anaconda3/envs/python38/lib/python3.8/site-packages/airflow/example_dags/example_setup_teardown_taskflow.py
[2025-04-30T13:41:48.983+0100] {logging_mixin.py:190} INFO - [2025-04-30T13:41:48.982+0100] {dag.py:3239} INFO - Sync 1 DAGs
[2025-04-30T13:41:48.989+0100] {logging_mixin.py:190} INFO - [2025-04-30T13:41:48.989+0100] {dag.py:4180} INFO - Setting next_dagrun for example_setup_teardown_taskflow to None, run_after=None
[2025-04-30T13:41:48.999+0100] {processor.py:208} INFO - Processing /Users/dineshsammeta/anaconda3/envs/python38/lib/python3.8/site-packages/airflow/example_dags/example_setup_teardown_taskflow.py took 0.132 seconds
[2025-04-30T13:43:20.689+0100] {processor.py:186} INFO - Started process (PID=67076) to work on /Users/dineshsammeta/anaconda3/envs/python38/lib/python3.8/site-packages/airflow/example_dags/example_setup_teardown_taskflow.py
[2025-04-30T13:43:20.690+0100] {processor.py:914} INFO - Processing file /Users/dineshsammeta/anaconda3/envs/python38/lib/python3.8/site-packages/airflow/example_dags/example_setup_teardown_taskflow.py for tasks to queue
[2025-04-30T13:43:20.690+0100] {logging_mixin.py:190} INFO - [2025-04-30T13:43:20.690+0100] {dagbag.py:588} INFO - Filling up the DagBag from /Users/dineshsammeta/anaconda3/envs/python38/lib/python3.8/site-packages/airflow/example_dags/example_setup_teardown_taskflow.py
[2025-04-30T13:43:20.742+0100] {processor.py:925} INFO - DAG(s) 'example_setup_teardown_taskflow' retrieved from /Users/dineshsammeta/anaconda3/envs/python38/lib/python3.8/site-packages/airflow/example_dags/example_setup_teardown_taskflow.py
[2025-04-30T13:43:20.801+0100] {logging_mixin.py:190} INFO - [2025-04-30T13:43:20.800+0100] {dag.py:3239} INFO - Sync 1 DAGs
[2025-04-30T13:43:20.807+0100] {logging_mixin.py:190} INFO - [2025-04-30T13:43:20.806+0100] {dag.py:4180} INFO - Setting next_dagrun for example_setup_teardown_taskflow to None, run_after=None
[2025-04-30T13:43:20.817+0100] {processor.py:208} INFO - Processing /Users/dineshsammeta/anaconda3/envs/python38/lib/python3.8/site-packages/airflow/example_dags/example_setup_teardown_taskflow.py took 0.131 seconds
[2025-04-30T13:44:51.338+0100] {processor.py:186} INFO - Started process (PID=67240) to work on /Users/dineshsammeta/anaconda3/envs/python38/lib/python3.8/site-packages/airflow/example_dags/example_setup_teardown_taskflow.py
[2025-04-30T13:44:51.339+0100] {processor.py:914} INFO - Processing file /Users/dineshsammeta/anaconda3/envs/python38/lib/python3.8/site-packages/airflow/example_dags/example_setup_teardown_taskflow.py for tasks to queue
[2025-04-30T13:44:51.340+0100] {logging_mixin.py:190} INFO - [2025-04-30T13:44:51.340+0100] {dagbag.py:588} INFO - Filling up the DagBag from /Users/dineshsammeta/anaconda3/envs/python38/lib/python3.8/site-packages/airflow/example_dags/example_setup_teardown_taskflow.py
[2025-04-30T13:44:51.391+0100] {processor.py:925} INFO - DAG(s) 'example_setup_teardown_taskflow' retrieved from /Users/dineshsammeta/anaconda3/envs/python38/lib/python3.8/site-packages/airflow/example_dags/example_setup_teardown_taskflow.py
[2025-04-30T13:44:51.449+0100] {logging_mixin.py:190} INFO - [2025-04-30T13:44:51.449+0100] {dag.py:3239} INFO - Sync 1 DAGs
[2025-04-30T13:44:51.455+0100] {logging_mixin.py:190} INFO - [2025-04-30T13:44:51.455+0100] {dag.py:4180} INFO - Setting next_dagrun for example_setup_teardown_taskflow to None, run_after=None
[2025-04-30T13:44:51.466+0100] {processor.py:208} INFO - Processing /Users/dineshsammeta/anaconda3/envs/python38/lib/python3.8/site-packages/airflow/example_dags/example_setup_teardown_taskflow.py took 0.130 seconds
[2025-04-30T13:46:19.099+0100] {processor.py:186} INFO - Started process (PID=67411) to work on /Users/dineshsammeta/anaconda3/envs/python38/lib/python3.8/site-packages/airflow/example_dags/example_setup_teardown_taskflow.py
[2025-04-30T13:46:19.100+0100] {processor.py:914} INFO - Processing file /Users/dineshsammeta/anaconda3/envs/python38/lib/python3.8/site-packages/airflow/example_dags/example_setup_teardown_taskflow.py for tasks to queue
[2025-04-30T13:46:19.101+0100] {logging_mixin.py:190} INFO - [2025-04-30T13:46:19.101+0100] {dagbag.py:588} INFO - Filling up the DagBag from /Users/dineshsammeta/anaconda3/envs/python38/lib/python3.8/site-packages/airflow/example_dags/example_setup_teardown_taskflow.py
[2025-04-30T13:46:19.152+0100] {processor.py:925} INFO - DAG(s) 'example_setup_teardown_taskflow' retrieved from /Users/dineshsammeta/anaconda3/envs/python38/lib/python3.8/site-packages/airflow/example_dags/example_setup_teardown_taskflow.py
[2025-04-30T13:46:19.211+0100] {logging_mixin.py:190} INFO - [2025-04-30T13:46:19.210+0100] {dag.py:3239} INFO - Sync 1 DAGs
[2025-04-30T13:46:19.217+0100] {logging_mixin.py:190} INFO - [2025-04-30T13:46:19.216+0100] {dag.py:4180} INFO - Setting next_dagrun for example_setup_teardown_taskflow to None, run_after=None
[2025-04-30T13:46:19.227+0100] {processor.py:208} INFO - Processing /Users/dineshsammeta/anaconda3/envs/python38/lib/python3.8/site-packages/airflow/example_dags/example_setup_teardown_taskflow.py took 0.131 seconds
[2025-04-30T13:47:47.186+0100] {processor.py:186} INFO - Started process (PID=67594) to work on /Users/dineshsammeta/anaconda3/envs/python38/lib/python3.8/site-packages/airflow/example_dags/example_setup_teardown_taskflow.py
[2025-04-30T13:47:47.187+0100] {processor.py:914} INFO - Processing file /Users/dineshsammeta/anaconda3/envs/python38/lib/python3.8/site-packages/airflow/example_dags/example_setup_teardown_taskflow.py for tasks to queue
[2025-04-30T13:47:47.187+0100] {logging_mixin.py:190} INFO - [2025-04-30T13:47:47.187+0100] {dagbag.py:588} INFO - Filling up the DagBag from /Users/dineshsammeta/anaconda3/envs/python38/lib/python3.8/site-packages/airflow/example_dags/example_setup_teardown_taskflow.py
[2025-04-30T13:47:47.249+0100] {processor.py:925} INFO - DAG(s) 'example_setup_teardown_taskflow' retrieved from /Users/dineshsammeta/anaconda3/envs/python38/lib/python3.8/site-packages/airflow/example_dags/example_setup_teardown_taskflow.py
[2025-04-30T13:47:47.307+0100] {logging_mixin.py:190} INFO - [2025-04-30T13:47:47.307+0100] {dag.py:3239} INFO - Sync 1 DAGs
[2025-04-30T13:47:47.313+0100] {logging_mixin.py:190} INFO - [2025-04-30T13:47:47.313+0100] {dag.py:4180} INFO - Setting next_dagrun for example_setup_teardown_taskflow to None, run_after=None
[2025-04-30T13:47:47.324+0100] {processor.py:208} INFO - Processing /Users/dineshsammeta/anaconda3/envs/python38/lib/python3.8/site-packages/airflow/example_dags/example_setup_teardown_taskflow.py took 0.140 seconds
[2025-04-30T13:49:17.922+0100] {processor.py:186} INFO - Started process (PID=67767) to work on /Users/dineshsammeta/anaconda3/envs/python38/lib/python3.8/site-packages/airflow/example_dags/example_setup_teardown_taskflow.py
[2025-04-30T13:49:17.923+0100] {processor.py:914} INFO - Processing file /Users/dineshsammeta/anaconda3/envs/python38/lib/python3.8/site-packages/airflow/example_dags/example_setup_teardown_taskflow.py for tasks to queue
[2025-04-30T13:49:17.923+0100] {logging_mixin.py:190} INFO - [2025-04-30T13:49:17.923+0100] {dagbag.py:588} INFO - Filling up the DagBag from /Users/dineshsammeta/anaconda3/envs/python38/lib/python3.8/site-packages/airflow/example_dags/example_setup_teardown_taskflow.py
[2025-04-30T13:49:17.976+0100] {processor.py:925} INFO - DAG(s) 'example_setup_teardown_taskflow' retrieved from /Users/dineshsammeta/anaconda3/envs/python38/lib/python3.8/site-packages/airflow/example_dags/example_setup_teardown_taskflow.py
[2025-04-30T13:49:18.034+0100] {logging_mixin.py:190} INFO - [2025-04-30T13:49:18.033+0100] {dag.py:3239} INFO - Sync 1 DAGs
[2025-04-30T13:49:18.039+0100] {logging_mixin.py:190} INFO - [2025-04-30T13:49:18.039+0100] {dag.py:4180} INFO - Setting next_dagrun for example_setup_teardown_taskflow to None, run_after=None
[2025-04-30T13:49:18.050+0100] {processor.py:208} INFO - Processing /Users/dineshsammeta/anaconda3/envs/python38/lib/python3.8/site-packages/airflow/example_dags/example_setup_teardown_taskflow.py took 0.131 seconds
[2025-04-30T13:50:54.757+0100] {processor.py:186} INFO - Started process (PID=67945) to work on /Users/dineshsammeta/anaconda3/envs/python38/lib/python3.8/site-packages/airflow/example_dags/example_setup_teardown_taskflow.py
[2025-04-30T13:50:54.758+0100] {processor.py:914} INFO - Processing file /Users/dineshsammeta/anaconda3/envs/python38/lib/python3.8/site-packages/airflow/example_dags/example_setup_teardown_taskflow.py for tasks to queue
[2025-04-30T13:50:54.759+0100] {logging_mixin.py:190} INFO - [2025-04-30T13:50:54.759+0100] {dagbag.py:588} INFO - Filling up the DagBag from /Users/dineshsammeta/anaconda3/envs/python38/lib/python3.8/site-packages/airflow/example_dags/example_setup_teardown_taskflow.py
[2025-04-30T13:50:54.812+0100] {processor.py:925} INFO - DAG(s) 'example_setup_teardown_taskflow' retrieved from /Users/dineshsammeta/anaconda3/envs/python38/lib/python3.8/site-packages/airflow/example_dags/example_setup_teardown_taskflow.py
[2025-04-30T13:50:54.871+0100] {logging_mixin.py:190} INFO - [2025-04-30T13:50:54.871+0100] {dag.py:3239} INFO - Sync 1 DAGs
[2025-04-30T13:50:54.877+0100] {logging_mixin.py:190} INFO - [2025-04-30T13:50:54.877+0100] {dag.py:4180} INFO - Setting next_dagrun for example_setup_teardown_taskflow to None, run_after=None
[2025-04-30T13:50:54.888+0100] {processor.py:208} INFO - Processing /Users/dineshsammeta/anaconda3/envs/python38/lib/python3.8/site-packages/airflow/example_dags/example_setup_teardown_taskflow.py took 0.133 seconds
[2025-04-30T13:52:25.309+0100] {processor.py:186} INFO - Started process (PID=68107) to work on /Users/dineshsammeta/anaconda3/envs/python38/lib/python3.8/site-packages/airflow/example_dags/example_setup_teardown_taskflow.py
[2025-04-30T13:52:25.309+0100] {processor.py:914} INFO - Processing file /Users/dineshsammeta/anaconda3/envs/python38/lib/python3.8/site-packages/airflow/example_dags/example_setup_teardown_taskflow.py for tasks to queue
[2025-04-30T13:52:25.310+0100] {logging_mixin.py:190} INFO - [2025-04-30T13:52:25.310+0100] {dagbag.py:588} INFO - Filling up the DagBag from /Users/dineshsammeta/anaconda3/envs/python38/lib/python3.8/site-packages/airflow/example_dags/example_setup_teardown_taskflow.py
[2025-04-30T13:52:25.362+0100] {processor.py:925} INFO - DAG(s) 'example_setup_teardown_taskflow' retrieved from /Users/dineshsammeta/anaconda3/envs/python38/lib/python3.8/site-packages/airflow/example_dags/example_setup_teardown_taskflow.py
[2025-04-30T13:52:25.421+0100] {logging_mixin.py:190} INFO - [2025-04-30T13:52:25.420+0100] {dag.py:3239} INFO - Sync 1 DAGs
[2025-04-30T13:52:25.427+0100] {logging_mixin.py:190} INFO - [2025-04-30T13:52:25.426+0100] {dag.py:4180} INFO - Setting next_dagrun for example_setup_teardown_taskflow to None, run_after=None
[2025-04-30T13:52:25.437+0100] {processor.py:208} INFO - Processing /Users/dineshsammeta/anaconda3/envs/python38/lib/python3.8/site-packages/airflow/example_dags/example_setup_teardown_taskflow.py took 0.131 seconds
[2025-04-30T13:54:03.883+0100] {processor.py:186} INFO - Started process (PID=68293) to work on /Users/dineshsammeta/anaconda3/envs/python38/lib/python3.8/site-packages/airflow/example_dags/example_setup_teardown_taskflow.py
[2025-04-30T13:54:03.884+0100] {processor.py:914} INFO - Processing file /Users/dineshsammeta/anaconda3/envs/python38/lib/python3.8/site-packages/airflow/example_dags/example_setup_teardown_taskflow.py for tasks to queue
[2025-04-30T13:54:03.885+0100] {logging_mixin.py:190} INFO - [2025-04-30T13:54:03.885+0100] {dagbag.py:588} INFO - Filling up the DagBag from /Users/dineshsammeta/anaconda3/envs/python38/lib/python3.8/site-packages/airflow/example_dags/example_setup_teardown_taskflow.py
[2025-04-30T13:54:03.937+0100] {processor.py:925} INFO - DAG(s) 'example_setup_teardown_taskflow' retrieved from /Users/dineshsammeta/anaconda3/envs/python38/lib/python3.8/site-packages/airflow/example_dags/example_setup_teardown_taskflow.py
[2025-04-30T13:54:03.996+0100] {logging_mixin.py:190} INFO - [2025-04-30T13:54:03.995+0100] {dag.py:3239} INFO - Sync 1 DAGs
[2025-04-30T13:54:04.002+0100] {logging_mixin.py:190} INFO - [2025-04-30T13:54:04.001+0100] {dag.py:4180} INFO - Setting next_dagrun for example_setup_teardown_taskflow to None, run_after=None
[2025-04-30T13:54:04.013+0100] {processor.py:208} INFO - Processing /Users/dineshsammeta/anaconda3/envs/python38/lib/python3.8/site-packages/airflow/example_dags/example_setup_teardown_taskflow.py took 0.132 seconds
[2025-04-30T13:55:40.779+0100] {processor.py:186} INFO - Started process (PID=68481) to work on /Users/dineshsammeta/anaconda3/envs/python38/lib/python3.8/site-packages/airflow/example_dags/example_setup_teardown_taskflow.py
[2025-04-30T13:55:40.780+0100] {processor.py:914} INFO - Processing file /Users/dineshsammeta/anaconda3/envs/python38/lib/python3.8/site-packages/airflow/example_dags/example_setup_teardown_taskflow.py for tasks to queue
[2025-04-30T13:55:40.781+0100] {logging_mixin.py:190} INFO - [2025-04-30T13:55:40.781+0100] {dagbag.py:588} INFO - Filling up the DagBag from /Users/dineshsammeta/anaconda3/envs/python38/lib/python3.8/site-packages/airflow/example_dags/example_setup_teardown_taskflow.py
[2025-04-30T13:55:40.833+0100] {processor.py:925} INFO - DAG(s) 'example_setup_teardown_taskflow' retrieved from /Users/dineshsammeta/anaconda3/envs/python38/lib/python3.8/site-packages/airflow/example_dags/example_setup_teardown_taskflow.py
[2025-04-30T13:55:40.893+0100] {logging_mixin.py:190} INFO - [2025-04-30T13:55:40.892+0100] {dag.py:3239} INFO - Sync 1 DAGs
[2025-04-30T13:55:40.899+0100] {logging_mixin.py:190} INFO - [2025-04-30T13:55:40.898+0100] {dag.py:4180} INFO - Setting next_dagrun for example_setup_teardown_taskflow to None, run_after=None
[2025-04-30T13:55:40.910+0100] {processor.py:208} INFO - Processing /Users/dineshsammeta/anaconda3/envs/python38/lib/python3.8/site-packages/airflow/example_dags/example_setup_teardown_taskflow.py took 0.133 seconds
[2025-04-30T13:57:13.841+0100] {processor.py:186} INFO - Started process (PID=68638) to work on /Users/dineshsammeta/anaconda3/envs/python38/lib/python3.8/site-packages/airflow/example_dags/example_setup_teardown_taskflow.py
[2025-04-30T13:57:13.842+0100] {processor.py:914} INFO - Processing file /Users/dineshsammeta/anaconda3/envs/python38/lib/python3.8/site-packages/airflow/example_dags/example_setup_teardown_taskflow.py for tasks to queue
[2025-04-30T13:57:13.843+0100] {logging_mixin.py:190} INFO - [2025-04-30T13:57:13.843+0100] {dagbag.py:588} INFO - Filling up the DagBag from /Users/dineshsammeta/anaconda3/envs/python38/lib/python3.8/site-packages/airflow/example_dags/example_setup_teardown_taskflow.py
[2025-04-30T13:57:13.896+0100] {processor.py:925} INFO - DAG(s) 'example_setup_teardown_taskflow' retrieved from /Users/dineshsammeta/anaconda3/envs/python38/lib/python3.8/site-packages/airflow/example_dags/example_setup_teardown_taskflow.py
[2025-04-30T13:57:13.953+0100] {logging_mixin.py:190} INFO - [2025-04-30T13:57:13.953+0100] {dag.py:3239} INFO - Sync 1 DAGs
[2025-04-30T13:57:13.959+0100] {logging_mixin.py:190} INFO - [2025-04-30T13:57:13.959+0100] {dag.py:4180} INFO - Setting next_dagrun for example_setup_teardown_taskflow to None, run_after=None
[2025-04-30T13:57:13.970+0100] {processor.py:208} INFO - Processing /Users/dineshsammeta/anaconda3/envs/python38/lib/python3.8/site-packages/airflow/example_dags/example_setup_teardown_taskflow.py took 0.131 seconds
[2025-04-30T13:58:43.914+0100] {processor.py:186} INFO - Started process (PID=68792) to work on /Users/dineshsammeta/anaconda3/envs/python38/lib/python3.8/site-packages/airflow/example_dags/example_setup_teardown_taskflow.py
[2025-04-30T13:58:43.915+0100] {processor.py:914} INFO - Processing file /Users/dineshsammeta/anaconda3/envs/python38/lib/python3.8/site-packages/airflow/example_dags/example_setup_teardown_taskflow.py for tasks to queue
[2025-04-30T13:58:43.916+0100] {logging_mixin.py:190} INFO - [2025-04-30T13:58:43.916+0100] {dagbag.py:588} INFO - Filling up the DagBag from /Users/dineshsammeta/anaconda3/envs/python38/lib/python3.8/site-packages/airflow/example_dags/example_setup_teardown_taskflow.py
[2025-04-30T13:58:43.968+0100] {processor.py:925} INFO - DAG(s) 'example_setup_teardown_taskflow' retrieved from /Users/dineshsammeta/anaconda3/envs/python38/lib/python3.8/site-packages/airflow/example_dags/example_setup_teardown_taskflow.py
[2025-04-30T13:58:44.026+0100] {logging_mixin.py:190} INFO - [2025-04-30T13:58:44.026+0100] {dag.py:3239} INFO - Sync 1 DAGs
[2025-04-30T13:58:44.032+0100] {logging_mixin.py:190} INFO - [2025-04-30T13:58:44.031+0100] {dag.py:4180} INFO - Setting next_dagrun for example_setup_teardown_taskflow to None, run_after=None
[2025-04-30T13:58:44.043+0100] {processor.py:208} INFO - Processing /Users/dineshsammeta/anaconda3/envs/python38/lib/python3.8/site-packages/airflow/example_dags/example_setup_teardown_taskflow.py took 0.131 seconds
[2025-04-30T14:00:11.929+0100] {processor.py:186} INFO - Started process (PID=68958) to work on /Users/dineshsammeta/anaconda3/envs/python38/lib/python3.8/site-packages/airflow/example_dags/example_setup_teardown_taskflow.py
[2025-04-30T14:00:11.930+0100] {processor.py:914} INFO - Processing file /Users/dineshsammeta/anaconda3/envs/python38/lib/python3.8/site-packages/airflow/example_dags/example_setup_teardown_taskflow.py for tasks to queue
[2025-04-30T14:00:11.930+0100] {logging_mixin.py:190} INFO - [2025-04-30T14:00:11.930+0100] {dagbag.py:588} INFO - Filling up the DagBag from /Users/dineshsammeta/anaconda3/envs/python38/lib/python3.8/site-packages/airflow/example_dags/example_setup_teardown_taskflow.py
[2025-04-30T14:00:11.983+0100] {processor.py:925} INFO - DAG(s) 'example_setup_teardown_taskflow' retrieved from /Users/dineshsammeta/anaconda3/envs/python38/lib/python3.8/site-packages/airflow/example_dags/example_setup_teardown_taskflow.py
[2025-04-30T14:00:12.040+0100] {logging_mixin.py:190} INFO - [2025-04-30T14:00:12.040+0100] {dag.py:3239} INFO - Sync 1 DAGs
[2025-04-30T14:00:12.046+0100] {logging_mixin.py:190} INFO - [2025-04-30T14:00:12.046+0100] {dag.py:4180} INFO - Setting next_dagrun for example_setup_teardown_taskflow to None, run_after=None
[2025-04-30T14:00:12.057+0100] {processor.py:208} INFO - Processing /Users/dineshsammeta/anaconda3/envs/python38/lib/python3.8/site-packages/airflow/example_dags/example_setup_teardown_taskflow.py took 0.130 seconds
[2025-04-30T14:01:40.760+0100] {processor.py:186} INFO - Started process (PID=69124) to work on /Users/dineshsammeta/anaconda3/envs/python38/lib/python3.8/site-packages/airflow/example_dags/example_setup_teardown_taskflow.py
[2025-04-30T14:01:40.761+0100] {processor.py:914} INFO - Processing file /Users/dineshsammeta/anaconda3/envs/python38/lib/python3.8/site-packages/airflow/example_dags/example_setup_teardown_taskflow.py for tasks to queue
[2025-04-30T14:01:40.761+0100] {logging_mixin.py:190} INFO - [2025-04-30T14:01:40.761+0100] {dagbag.py:588} INFO - Filling up the DagBag from /Users/dineshsammeta/anaconda3/envs/python38/lib/python3.8/site-packages/airflow/example_dags/example_setup_teardown_taskflow.py
[2025-04-30T14:01:40.820+0100] {processor.py:925} INFO - DAG(s) 'example_setup_teardown_taskflow' retrieved from /Users/dineshsammeta/anaconda3/envs/python38/lib/python3.8/site-packages/airflow/example_dags/example_setup_teardown_taskflow.py
[2025-04-30T14:01:40.878+0100] {logging_mixin.py:190} INFO - [2025-04-30T14:01:40.878+0100] {dag.py:3239} INFO - Sync 1 DAGs
[2025-04-30T14:01:40.884+0100] {logging_mixin.py:190} INFO - [2025-04-30T14:01:40.884+0100] {dag.py:4180} INFO - Setting next_dagrun for example_setup_teardown_taskflow to None, run_after=None
[2025-04-30T14:01:40.895+0100] {processor.py:208} INFO - Processing /Users/dineshsammeta/anaconda3/envs/python38/lib/python3.8/site-packages/airflow/example_dags/example_setup_teardown_taskflow.py took 0.138 seconds
[2025-04-30T14:31:53.933+0100] {processor.py:186} INFO - Started process (PID=69306) to work on /Users/dineshsammeta/anaconda3/envs/python38/lib/python3.8/site-packages/airflow/example_dags/example_setup_teardown_taskflow.py
[2025-04-30T14:31:53.934+0100] {processor.py:914} INFO - Processing file /Users/dineshsammeta/anaconda3/envs/python38/lib/python3.8/site-packages/airflow/example_dags/example_setup_teardown_taskflow.py for tasks to queue
[2025-04-30T14:31:53.935+0100] {logging_mixin.py:190} INFO - [2025-04-30T14:31:53.934+0100] {dagbag.py:588} INFO - Filling up the DagBag from /Users/dineshsammeta/anaconda3/envs/python38/lib/python3.8/site-packages/airflow/example_dags/example_setup_teardown_taskflow.py
[2025-04-30T14:31:53.987+0100] {processor.py:925} INFO - DAG(s) 'example_setup_teardown_taskflow' retrieved from /Users/dineshsammeta/anaconda3/envs/python38/lib/python3.8/site-packages/airflow/example_dags/example_setup_teardown_taskflow.py
[2025-04-30T14:31:54.045+0100] {logging_mixin.py:190} INFO - [2025-04-30T14:31:54.045+0100] {dag.py:3239} INFO - Sync 1 DAGs
[2025-04-30T14:31:54.051+0100] {logging_mixin.py:190} INFO - [2025-04-30T14:31:54.051+0100] {dag.py:4180} INFO - Setting next_dagrun for example_setup_teardown_taskflow to None, run_after=None
[2025-04-30T14:31:54.062+0100] {processor.py:208} INFO - Processing /Users/dineshsammeta/anaconda3/envs/python38/lib/python3.8/site-packages/airflow/example_dags/example_setup_teardown_taskflow.py took 0.131 seconds
[2025-04-30T15:39:05.587+0100] {processor.py:186} INFO - Started process (PID=69527) to work on /Users/dineshsammeta/anaconda3/envs/python38/lib/python3.8/site-packages/airflow/example_dags/example_setup_teardown_taskflow.py
[2025-04-30T15:39:05.588+0100] {processor.py:914} INFO - Processing file /Users/dineshsammeta/anaconda3/envs/python38/lib/python3.8/site-packages/airflow/example_dags/example_setup_teardown_taskflow.py for tasks to queue
[2025-04-30T15:39:05.589+0100] {logging_mixin.py:190} INFO - [2025-04-30T15:39:05.589+0100] {dagbag.py:588} INFO - Filling up the DagBag from /Users/dineshsammeta/anaconda3/envs/python38/lib/python3.8/site-packages/airflow/example_dags/example_setup_teardown_taskflow.py
[2025-04-30T15:39:05.641+0100] {processor.py:925} INFO - DAG(s) 'example_setup_teardown_taskflow' retrieved from /Users/dineshsammeta/anaconda3/envs/python38/lib/python3.8/site-packages/airflow/example_dags/example_setup_teardown_taskflow.py
[2025-04-30T15:39:05.700+0100] {logging_mixin.py:190} INFO - [2025-04-30T15:39:05.699+0100] {dag.py:3239} INFO - Sync 1 DAGs
[2025-04-30T15:39:05.706+0100] {logging_mixin.py:190} INFO - [2025-04-30T15:39:05.705+0100] {dag.py:4180} INFO - Setting next_dagrun for example_setup_teardown_taskflow to None, run_after=None
[2025-04-30T15:39:05.717+0100] {processor.py:208} INFO - Processing /Users/dineshsammeta/anaconda3/envs/python38/lib/python3.8/site-packages/airflow/example_dags/example_setup_teardown_taskflow.py took 0.131 seconds
[2025-04-30T15:40:57.413+0100] {processor.py:186} INFO - Started process (PID=69733) to work on /Users/dineshsammeta/anaconda3/envs/python38/lib/python3.8/site-packages/airflow/example_dags/example_setup_teardown_taskflow.py
[2025-04-30T15:40:57.415+0100] {processor.py:914} INFO - Processing file /Users/dineshsammeta/anaconda3/envs/python38/lib/python3.8/site-packages/airflow/example_dags/example_setup_teardown_taskflow.py for tasks to queue
[2025-04-30T15:40:57.416+0100] {logging_mixin.py:190} INFO - [2025-04-30T15:40:57.415+0100] {dagbag.py:588} INFO - Filling up the DagBag from /Users/dineshsammeta/anaconda3/envs/python38/lib/python3.8/site-packages/airflow/example_dags/example_setup_teardown_taskflow.py
[2025-04-30T15:40:57.467+0100] {processor.py:925} INFO - DAG(s) 'example_setup_teardown_taskflow' retrieved from /Users/dineshsammeta/anaconda3/envs/python38/lib/python3.8/site-packages/airflow/example_dags/example_setup_teardown_taskflow.py
[2025-04-30T15:40:57.526+0100] {logging_mixin.py:190} INFO - [2025-04-30T15:40:57.526+0100] {dag.py:3239} INFO - Sync 1 DAGs
[2025-04-30T15:40:57.532+0100] {logging_mixin.py:190} INFO - [2025-04-30T15:40:57.532+0100] {dag.py:4180} INFO - Setting next_dagrun for example_setup_teardown_taskflow to None, run_after=None
[2025-04-30T15:40:57.543+0100] {processor.py:208} INFO - Processing /Users/dineshsammeta/anaconda3/envs/python38/lib/python3.8/site-packages/airflow/example_dags/example_setup_teardown_taskflow.py took 0.131 seconds
[2025-04-30T15:42:27.382+0100] {processor.py:186} INFO - Started process (PID=69895) to work on /Users/dineshsammeta/anaconda3/envs/python38/lib/python3.8/site-packages/airflow/example_dags/example_setup_teardown_taskflow.py
[2025-04-30T15:42:27.383+0100] {processor.py:914} INFO - Processing file /Users/dineshsammeta/anaconda3/envs/python38/lib/python3.8/site-packages/airflow/example_dags/example_setup_teardown_taskflow.py for tasks to queue
[2025-04-30T15:42:27.384+0100] {logging_mixin.py:190} INFO - [2025-04-30T15:42:27.384+0100] {dagbag.py:588} INFO - Filling up the DagBag from /Users/dineshsammeta/anaconda3/envs/python38/lib/python3.8/site-packages/airflow/example_dags/example_setup_teardown_taskflow.py
[2025-04-30T15:42:27.435+0100] {processor.py:925} INFO - DAG(s) 'example_setup_teardown_taskflow' retrieved from /Users/dineshsammeta/anaconda3/envs/python38/lib/python3.8/site-packages/airflow/example_dags/example_setup_teardown_taskflow.py
[2025-04-30T15:42:27.494+0100] {logging_mixin.py:190} INFO - [2025-04-30T15:42:27.494+0100] {dag.py:3239} INFO - Sync 1 DAGs
[2025-04-30T15:42:27.500+0100] {logging_mixin.py:190} INFO - [2025-04-30T15:42:27.500+0100] {dag.py:4180} INFO - Setting next_dagrun for example_setup_teardown_taskflow to None, run_after=None
[2025-04-30T15:42:27.511+0100] {processor.py:208} INFO - Processing /Users/dineshsammeta/anaconda3/envs/python38/lib/python3.8/site-packages/airflow/example_dags/example_setup_teardown_taskflow.py took 0.131 seconds
[2025-04-30T15:43:56.906+0100] {processor.py:186} INFO - Started process (PID=70042) to work on /Users/dineshsammeta/anaconda3/envs/python38/lib/python3.8/site-packages/airflow/example_dags/example_setup_teardown_taskflow.py
[2025-04-30T15:43:56.906+0100] {processor.py:914} INFO - Processing file /Users/dineshsammeta/anaconda3/envs/python38/lib/python3.8/site-packages/airflow/example_dags/example_setup_teardown_taskflow.py for tasks to queue
[2025-04-30T15:43:56.907+0100] {logging_mixin.py:190} INFO - [2025-04-30T15:43:56.907+0100] {dagbag.py:588} INFO - Filling up the DagBag from /Users/dineshsammeta/anaconda3/envs/python38/lib/python3.8/site-packages/airflow/example_dags/example_setup_teardown_taskflow.py
[2025-04-30T15:43:56.961+0100] {processor.py:925} INFO - DAG(s) 'example_setup_teardown_taskflow' retrieved from /Users/dineshsammeta/anaconda3/envs/python38/lib/python3.8/site-packages/airflow/example_dags/example_setup_teardown_taskflow.py
[2025-04-30T15:43:57.022+0100] {logging_mixin.py:190} INFO - [2025-04-30T15:43:57.022+0100] {dag.py:3239} INFO - Sync 1 DAGs
[2025-04-30T15:43:57.028+0100] {logging_mixin.py:190} INFO - [2025-04-30T15:43:57.028+0100] {dag.py:4180} INFO - Setting next_dagrun for example_setup_teardown_taskflow to None, run_after=None
[2025-04-30T15:43:57.039+0100] {processor.py:208} INFO - Processing /Users/dineshsammeta/anaconda3/envs/python38/lib/python3.8/site-packages/airflow/example_dags/example_setup_teardown_taskflow.py took 0.136 seconds
[2025-04-30T15:45:34.953+0100] {processor.py:186} INFO - Started process (PID=70208) to work on /Users/dineshsammeta/anaconda3/envs/python38/lib/python3.8/site-packages/airflow/example_dags/example_setup_teardown_taskflow.py
[2025-04-30T15:45:34.954+0100] {processor.py:914} INFO - Processing file /Users/dineshsammeta/anaconda3/envs/python38/lib/python3.8/site-packages/airflow/example_dags/example_setup_teardown_taskflow.py for tasks to queue
[2025-04-30T15:45:34.954+0100] {logging_mixin.py:190} INFO - [2025-04-30T15:45:34.954+0100] {dagbag.py:588} INFO - Filling up the DagBag from /Users/dineshsammeta/anaconda3/envs/python38/lib/python3.8/site-packages/airflow/example_dags/example_setup_teardown_taskflow.py
[2025-04-30T15:45:35.006+0100] {processor.py:925} INFO - DAG(s) 'example_setup_teardown_taskflow' retrieved from /Users/dineshsammeta/anaconda3/envs/python38/lib/python3.8/site-packages/airflow/example_dags/example_setup_teardown_taskflow.py
[2025-04-30T15:45:35.064+0100] {logging_mixin.py:190} INFO - [2025-04-30T15:45:35.064+0100] {dag.py:3239} INFO - Sync 1 DAGs
[2025-04-30T15:45:35.070+0100] {logging_mixin.py:190} INFO - [2025-04-30T15:45:35.070+0100] {dag.py:4180} INFO - Setting next_dagrun for example_setup_teardown_taskflow to None, run_after=None
[2025-04-30T15:45:35.082+0100] {processor.py:208} INFO - Processing /Users/dineshsammeta/anaconda3/envs/python38/lib/python3.8/site-packages/airflow/example_dags/example_setup_teardown_taskflow.py took 0.131 seconds
