[2025-04-30T13:40:06.625+0100] {processor.py:186} INFO - Started process (PID=66637) to work on /Users/dineshsammeta/anaconda3/envs/python38/lib/python3.8/site-packages/airflow/example_dags/example_params_trigger_ui.py
[2025-04-30T13:40:06.626+0100] {processor.py:914} INFO - Processing file /Users/dineshsammeta/anaconda3/envs/python38/lib/python3.8/site-packages/airflow/example_dags/example_params_trigger_ui.py for tasks to queue
[2025-04-30T13:40:06.626+0100] {logging_mixin.py:190} INFO - [2025-04-30T13:40:06.626+0100] {dagbag.py:588} INFO - Filling up the DagBag from /Users/dineshsammeta/anaconda3/envs/python38/lib/python3.8/site-packages/airflow/example_dags/example_params_trigger_ui.py
[2025-04-30T13:40:06.678+0100] {processor.py:925} INFO - DAG(s) 'example_params_trigger_ui' retrieved from /Users/dineshsammeta/anaconda3/envs/python38/lib/python3.8/site-packages/airflow/example_dags/example_params_trigger_ui.py
[2025-04-30T13:40:06.753+0100] {logging_mixin.py:190} INFO - [2025-04-30T13:40:06.752+0100] {dag.py:3239} INFO - Sync 1 DAGs
[2025-04-30T13:40:06.759+0100] {logging_mixin.py:190} INFO - [2025-04-30T13:40:06.759+0100] {dag.py:4180} INFO - Setting next_dagrun for example_params_trigger_ui to None, run_after=None
[2025-04-30T13:40:06.769+0100] {processor.py:208} INFO - Processing /Users/dineshsammeta/anaconda3/envs/python38/lib/python3.8/site-packages/airflow/example_dags/example_params_trigger_ui.py took 0.147 seconds
[2025-04-30T13:42:07.146+0100] {processor.py:186} INFO - Started process (PID=66924) to work on /Users/dineshsammeta/anaconda3/envs/python38/lib/python3.8/site-packages/airflow/example_dags/example_params_trigger_ui.py
[2025-04-30T13:42:07.148+0100] {processor.py:914} INFO - Processing file /Users/dineshsammeta/anaconda3/envs/python38/lib/python3.8/site-packages/airflow/example_dags/example_params_trigger_ui.py for tasks to queue
[2025-04-30T13:42:07.148+0100] {logging_mixin.py:190} INFO - [2025-04-30T13:42:07.148+0100] {dagbag.py:588} INFO - Filling up the DagBag from /Users/dineshsammeta/anaconda3/envs/python38/lib/python3.8/site-packages/airflow/example_dags/example_params_trigger_ui.py
[2025-04-30T13:42:07.202+0100] {processor.py:925} INFO - DAG(s) 'example_params_trigger_ui' retrieved from /Users/dineshsammeta/anaconda3/envs/python38/lib/python3.8/site-packages/airflow/example_dags/example_params_trigger_ui.py
[2025-04-30T13:42:07.275+0100] {logging_mixin.py:190} INFO - [2025-04-30T13:42:07.275+0100] {dag.py:3239} INFO - Sync 1 DAGs
[2025-04-30T13:42:07.282+0100] {logging_mixin.py:190} INFO - [2025-04-30T13:42:07.281+0100] {dag.py:4180} INFO - Setting next_dagrun for example_params_trigger_ui to None, run_after=None
[2025-04-30T13:42:07.293+0100] {processor.py:208} INFO - Processing /Users/dineshsammeta/anaconda3/envs/python38/lib/python3.8/site-packages/airflow/example_dags/example_params_trigger_ui.py took 0.148 seconds
[2025-04-30T13:45:05.404+0100] {processor.py:186} INFO - Started process (PID=67265) to work on /Users/dineshsammeta/anaconda3/envs/python38/lib/python3.8/site-packages/airflow/example_dags/example_params_trigger_ui.py
[2025-04-30T13:45:05.405+0100] {processor.py:914} INFO - Processing file /Users/dineshsammeta/anaconda3/envs/python38/lib/python3.8/site-packages/airflow/example_dags/example_params_trigger_ui.py for tasks to queue
[2025-04-30T13:45:05.406+0100] {logging_mixin.py:190} INFO - [2025-04-30T13:45:05.406+0100] {dagbag.py:588} INFO - Filling up the DagBag from /Users/dineshsammeta/anaconda3/envs/python38/lib/python3.8/site-packages/airflow/example_dags/example_params_trigger_ui.py
[2025-04-30T13:45:05.458+0100] {processor.py:925} INFO - DAG(s) 'example_params_trigger_ui' retrieved from /Users/dineshsammeta/anaconda3/envs/python38/lib/python3.8/site-packages/airflow/example_dags/example_params_trigger_ui.py
[2025-04-30T13:45:05.531+0100] {logging_mixin.py:190} INFO - [2025-04-30T13:45:05.531+0100] {dag.py:3239} INFO - Sync 1 DAGs
[2025-04-30T13:45:05.538+0100] {logging_mixin.py:190} INFO - [2025-04-30T13:45:05.538+0100] {dag.py:4180} INFO - Setting next_dagrun for example_params_trigger_ui to None, run_after=None
[2025-04-30T13:45:05.548+0100] {processor.py:208} INFO - Processing /Users/dineshsammeta/anaconda3/envs/python38/lib/python3.8/site-packages/airflow/example_dags/example_params_trigger_ui.py took 0.146 seconds
[2025-04-30T13:48:04.689+0100] {processor.py:186} INFO - Started process (PID=67630) to work on /Users/dineshsammeta/anaconda3/envs/python38/lib/python3.8/site-packages/airflow/example_dags/example_params_trigger_ui.py
[2025-04-30T13:48:04.689+0100] {processor.py:914} INFO - Processing file /Users/dineshsammeta/anaconda3/envs/python38/lib/python3.8/site-packages/airflow/example_dags/example_params_trigger_ui.py for tasks to queue
[2025-04-30T13:48:04.690+0100] {logging_mixin.py:190} INFO - [2025-04-30T13:48:04.690+0100] {dagbag.py:588} INFO - Filling up the DagBag from /Users/dineshsammeta/anaconda3/envs/python38/lib/python3.8/site-packages/airflow/example_dags/example_params_trigger_ui.py
[2025-04-30T13:48:04.744+0100] {processor.py:925} INFO - DAG(s) 'example_params_trigger_ui' retrieved from /Users/dineshsammeta/anaconda3/envs/python38/lib/python3.8/site-packages/airflow/example_dags/example_params_trigger_ui.py
[2025-04-30T13:48:04.817+0100] {logging_mixin.py:190} INFO - [2025-04-30T13:48:04.816+0100] {dag.py:3239} INFO - Sync 1 DAGs
[2025-04-30T13:48:04.824+0100] {logging_mixin.py:190} INFO - [2025-04-30T13:48:04.823+0100] {dag.py:4180} INFO - Setting next_dagrun for example_params_trigger_ui to None, run_after=None
[2025-04-30T13:48:04.835+0100] {processor.py:208} INFO - Processing /Users/dineshsammeta/anaconda3/envs/python38/lib/python3.8/site-packages/airflow/example_dags/example_params_trigger_ui.py took 0.148 seconds
[2025-04-30T13:51:11.079+0100] {processor.py:186} INFO - Started process (PID=67972) to work on /Users/dineshsammeta/anaconda3/envs/python38/lib/python3.8/site-packages/airflow/example_dags/example_params_trigger_ui.py
[2025-04-30T13:51:11.081+0100] {processor.py:914} INFO - Processing file /Users/dineshsammeta/anaconda3/envs/python38/lib/python3.8/site-packages/airflow/example_dags/example_params_trigger_ui.py for tasks to queue
[2025-04-30T13:51:11.081+0100] {logging_mixin.py:190} INFO - [2025-04-30T13:51:11.081+0100] {dagbag.py:588} INFO - Filling up the DagBag from /Users/dineshsammeta/anaconda3/envs/python38/lib/python3.8/site-packages/airflow/example_dags/example_params_trigger_ui.py
[2025-04-30T13:51:11.134+0100] {processor.py:925} INFO - DAG(s) 'example_params_trigger_ui' retrieved from /Users/dineshsammeta/anaconda3/envs/python38/lib/python3.8/site-packages/airflow/example_dags/example_params_trigger_ui.py
[2025-04-30T13:51:11.206+0100] {logging_mixin.py:190} INFO - [2025-04-30T13:51:11.206+0100] {dag.py:3239} INFO - Sync 1 DAGs
[2025-04-30T13:51:11.213+0100] {logging_mixin.py:190} INFO - [2025-04-30T13:51:11.212+0100] {dag.py:4180} INFO - Setting next_dagrun for example_params_trigger_ui to None, run_after=None
[2025-04-30T13:51:11.223+0100] {processor.py:208} INFO - Processing /Users/dineshsammeta/anaconda3/envs/python38/lib/python3.8/site-packages/airflow/example_dags/example_params_trigger_ui.py took 0.146 seconds
[2025-04-30T13:54:20.444+0100] {processor.py:186} INFO - Started process (PID=68327) to work on /Users/dineshsammeta/anaconda3/envs/python38/lib/python3.8/site-packages/airflow/example_dags/example_params_trigger_ui.py
[2025-04-30T13:54:20.445+0100] {processor.py:914} INFO - Processing file /Users/dineshsammeta/anaconda3/envs/python38/lib/python3.8/site-packages/airflow/example_dags/example_params_trigger_ui.py for tasks to queue
[2025-04-30T13:54:20.446+0100] {logging_mixin.py:190} INFO - [2025-04-30T13:54:20.446+0100] {dagbag.py:588} INFO - Filling up the DagBag from /Users/dineshsammeta/anaconda3/envs/python38/lib/python3.8/site-packages/airflow/example_dags/example_params_trigger_ui.py
[2025-04-30T13:54:20.498+0100] {processor.py:925} INFO - DAG(s) 'example_params_trigger_ui' retrieved from /Users/dineshsammeta/anaconda3/envs/python38/lib/python3.8/site-packages/airflow/example_dags/example_params_trigger_ui.py
[2025-04-30T13:54:20.571+0100] {logging_mixin.py:190} INFO - [2025-04-30T13:54:20.571+0100] {dag.py:3239} INFO - Sync 1 DAGs
[2025-04-30T13:54:20.579+0100] {logging_mixin.py:190} INFO - [2025-04-30T13:54:20.579+0100] {dag.py:4180} INFO - Setting next_dagrun for example_params_trigger_ui to None, run_after=None
[2025-04-30T13:54:20.590+0100] {processor.py:208} INFO - Processing /Users/dineshsammeta/anaconda3/envs/python38/lib/python3.8/site-packages/airflow/example_dags/example_params_trigger_ui.py took 0.148 seconds
[2025-04-30T13:57:24.137+0100] {processor.py:186} INFO - Started process (PID=68655) to work on /Users/dineshsammeta/anaconda3/envs/python38/lib/python3.8/site-packages/airflow/example_dags/example_params_trigger_ui.py
[2025-04-30T13:57:24.139+0100] {processor.py:914} INFO - Processing file /Users/dineshsammeta/anaconda3/envs/python38/lib/python3.8/site-packages/airflow/example_dags/example_params_trigger_ui.py for tasks to queue
[2025-04-30T13:57:24.139+0100] {logging_mixin.py:190} INFO - [2025-04-30T13:57:24.139+0100] {dagbag.py:588} INFO - Filling up the DagBag from /Users/dineshsammeta/anaconda3/envs/python38/lib/python3.8/site-packages/airflow/example_dags/example_params_trigger_ui.py
[2025-04-30T13:57:24.191+0100] {processor.py:925} INFO - DAG(s) 'example_params_trigger_ui' retrieved from /Users/dineshsammeta/anaconda3/envs/python38/lib/python3.8/site-packages/airflow/example_dags/example_params_trigger_ui.py
[2025-04-30T13:57:24.264+0100] {logging_mixin.py:190} INFO - [2025-04-30T13:57:24.264+0100] {dag.py:3239} INFO - Sync 1 DAGs
[2025-04-30T13:57:24.271+0100] {logging_mixin.py:190} INFO - [2025-04-30T13:57:24.270+0100] {dag.py:4180} INFO - Setting next_dagrun for example_params_trigger_ui to None, run_after=None
[2025-04-30T13:57:24.280+0100] {processor.py:208} INFO - Processing /Users/dineshsammeta/anaconda3/envs/python38/lib/python3.8/site-packages/airflow/example_dags/example_params_trigger_ui.py took 0.145 seconds
[2025-04-30T14:00:22.311+0100] {processor.py:186} INFO - Started process (PID=68978) to work on /Users/dineshsammeta/anaconda3/envs/python38/lib/python3.8/site-packages/airflow/example_dags/example_params_trigger_ui.py
[2025-04-30T14:00:22.312+0100] {processor.py:914} INFO - Processing file /Users/dineshsammeta/anaconda3/envs/python38/lib/python3.8/site-packages/airflow/example_dags/example_params_trigger_ui.py for tasks to queue
[2025-04-30T14:00:22.313+0100] {logging_mixin.py:190} INFO - [2025-04-30T14:00:22.313+0100] {dagbag.py:588} INFO - Filling up the DagBag from /Users/dineshsammeta/anaconda3/envs/python38/lib/python3.8/site-packages/airflow/example_dags/example_params_trigger_ui.py
[2025-04-30T14:00:22.365+0100] {processor.py:925} INFO - DAG(s) 'example_params_trigger_ui' retrieved from /Users/dineshsammeta/anaconda3/envs/python38/lib/python3.8/site-packages/airflow/example_dags/example_params_trigger_ui.py
[2025-04-30T14:00:22.437+0100] {logging_mixin.py:190} INFO - [2025-04-30T14:00:22.437+0100] {dag.py:3239} INFO - Sync 1 DAGs
[2025-04-30T14:00:22.444+0100] {logging_mixin.py:190} INFO - [2025-04-30T14:00:22.444+0100] {dag.py:4180} INFO - Setting next_dagrun for example_params_trigger_ui to None, run_after=None
[2025-04-30T14:00:22.454+0100] {processor.py:208} INFO - Processing /Users/dineshsammeta/anaconda3/envs/python38/lib/python3.8/site-packages/airflow/example_dags/example_params_trigger_ui.py took 0.145 seconds
[2025-04-30T14:36:26.213+0100] {processor.py:186} INFO - Started process (PID=69336) to work on /Users/dineshsammeta/anaconda3/envs/python38/lib/python3.8/site-packages/airflow/example_dags/example_params_trigger_ui.py
[2025-04-30T14:36:26.214+0100] {processor.py:914} INFO - Processing file /Users/dineshsammeta/anaconda3/envs/python38/lib/python3.8/site-packages/airflow/example_dags/example_params_trigger_ui.py for tasks to queue
[2025-04-30T14:36:26.215+0100] {logging_mixin.py:190} INFO - [2025-04-30T14:36:26.215+0100] {dagbag.py:588} INFO - Filling up the DagBag from /Users/dineshsammeta/anaconda3/envs/python38/lib/python3.8/site-packages/airflow/example_dags/example_params_trigger_ui.py
[2025-04-30T14:36:26.268+0100] {processor.py:925} INFO - DAG(s) 'example_params_trigger_ui' retrieved from /Users/dineshsammeta/anaconda3/envs/python38/lib/python3.8/site-packages/airflow/example_dags/example_params_trigger_ui.py
[2025-04-30T14:36:26.343+0100] {logging_mixin.py:190} INFO - [2025-04-30T14:36:26.343+0100] {dag.py:3239} INFO - Sync 1 DAGs
[2025-04-30T14:36:26.350+0100] {logging_mixin.py:190} INFO - [2025-04-30T14:36:26.349+0100] {dag.py:4180} INFO - Setting next_dagrun for example_params_trigger_ui to None, run_after=None
[2025-04-30T14:36:26.359+0100] {processor.py:208} INFO - Processing /Users/dineshsammeta/anaconda3/envs/python38/lib/python3.8/site-packages/airflow/example_dags/example_params_trigger_ui.py took 0.148 seconds
[2025-04-30T15:39:22.279+0100] {processor.py:186} INFO - Started process (PID=69560) to work on /Users/dineshsammeta/anaconda3/envs/python38/lib/python3.8/site-packages/airflow/example_dags/example_params_trigger_ui.py
[2025-04-30T15:39:22.280+0100] {processor.py:914} INFO - Processing file /Users/dineshsammeta/anaconda3/envs/python38/lib/python3.8/site-packages/airflow/example_dags/example_params_trigger_ui.py for tasks to queue
[2025-04-30T15:39:22.281+0100] {logging_mixin.py:190} INFO - [2025-04-30T15:39:22.281+0100] {dagbag.py:588} INFO - Filling up the DagBag from /Users/dineshsammeta/anaconda3/envs/python38/lib/python3.8/site-packages/airflow/example_dags/example_params_trigger_ui.py
[2025-04-30T15:39:22.333+0100] {processor.py:925} INFO - DAG(s) 'example_params_trigger_ui' retrieved from /Users/dineshsammeta/anaconda3/envs/python38/lib/python3.8/site-packages/airflow/example_dags/example_params_trigger_ui.py
[2025-04-30T15:39:22.406+0100] {logging_mixin.py:190} INFO - [2025-04-30T15:39:22.406+0100] {dag.py:3239} INFO - Sync 1 DAGs
[2025-04-30T15:39:22.413+0100] {logging_mixin.py:190} INFO - [2025-04-30T15:39:22.412+0100] {dag.py:4180} INFO - Setting next_dagrun for example_params_trigger_ui to None, run_after=None
[2025-04-30T15:39:22.423+0100] {processor.py:208} INFO - Processing /Users/dineshsammeta/anaconda3/envs/python38/lib/python3.8/site-packages/airflow/example_dags/example_params_trigger_ui.py took 0.147 seconds
[2025-04-30T15:41:14.097+0100] {processor.py:186} INFO - Started process (PID=69761) to work on /Users/dineshsammeta/anaconda3/envs/python38/lib/python3.8/site-packages/airflow/example_dags/example_params_trigger_ui.py
[2025-04-30T15:41:14.098+0100] {processor.py:914} INFO - Processing file /Users/dineshsammeta/anaconda3/envs/python38/lib/python3.8/site-packages/airflow/example_dags/example_params_trigger_ui.py for tasks to queue
[2025-04-30T15:41:14.099+0100] {logging_mixin.py:190} INFO - [2025-04-30T15:41:14.098+0100] {dagbag.py:588} INFO - Filling up the DagBag from /Users/dineshsammeta/anaconda3/envs/python38/lib/python3.8/site-packages/airflow/example_dags/example_params_trigger_ui.py
[2025-04-30T15:41:14.150+0100] {processor.py:925} INFO - DAG(s) 'example_params_trigger_ui' retrieved from /Users/dineshsammeta/anaconda3/envs/python38/lib/python3.8/site-packages/airflow/example_dags/example_params_trigger_ui.py
[2025-04-30T15:41:14.222+0100] {logging_mixin.py:190} INFO - [2025-04-30T15:41:14.222+0100] {dag.py:3239} INFO - Sync 1 DAGs
[2025-04-30T15:41:14.229+0100] {logging_mixin.py:190} INFO - [2025-04-30T15:41:14.229+0100] {dag.py:4180} INFO - Setting next_dagrun for example_params_trigger_ui to None, run_after=None
[2025-04-30T15:41:14.239+0100] {processor.py:208} INFO - Processing /Users/dineshsammeta/anaconda3/envs/python38/lib/python3.8/site-packages/airflow/example_dags/example_params_trigger_ui.py took 0.144 seconds
[2025-04-30T15:44:14.838+0100] {processor.py:186} INFO - Started process (PID=70073) to work on /Users/dineshsammeta/anaconda3/envs/python38/lib/python3.8/site-packages/airflow/example_dags/example_params_trigger_ui.py
[2025-04-30T15:44:14.839+0100] {processor.py:914} INFO - Processing file /Users/dineshsammeta/anaconda3/envs/python38/lib/python3.8/site-packages/airflow/example_dags/example_params_trigger_ui.py for tasks to queue
[2025-04-30T15:44:14.840+0100] {logging_mixin.py:190} INFO - [2025-04-30T15:44:14.840+0100] {dagbag.py:588} INFO - Filling up the DagBag from /Users/dineshsammeta/anaconda3/envs/python38/lib/python3.8/site-packages/airflow/example_dags/example_params_trigger_ui.py
[2025-04-30T15:44:14.894+0100] {processor.py:925} INFO - DAG(s) 'example_params_trigger_ui' retrieved from /Users/dineshsammeta/anaconda3/envs/python38/lib/python3.8/site-packages/airflow/example_dags/example_params_trigger_ui.py
[2025-04-30T15:44:14.967+0100] {logging_mixin.py:190} INFO - [2025-04-30T15:44:14.967+0100] {dag.py:3239} INFO - Sync 1 DAGs
[2025-04-30T15:44:14.974+0100] {logging_mixin.py:190} INFO - [2025-04-30T15:44:14.974+0100] {dag.py:4180} INFO - Setting next_dagrun for example_params_trigger_ui to None, run_after=None
[2025-04-30T15:44:14.984+0100] {processor.py:208} INFO - Processing /Users/dineshsammeta/anaconda3/envs/python38/lib/python3.8/site-packages/airflow/example_dags/example_params_trigger_ui.py took 0.148 seconds
