[2025-04-30T13:40:00.280+0100] {processor.py:186} INFO - Started process (PID=66625) to work on /Users/dineshsammeta/anaconda3/envs/python38/lib/python3.8/site-packages/airflow/example_dags/example_python_decorator.py
[2025-04-30T13:40:00.281+0100] {processor.py:914} INFO - Processing file /Users/dineshsammeta/anaconda3/envs/python38/lib/python3.8/site-packages/airflow/example_dags/example_python_decorator.py for tasks to queue
[2025-04-30T13:40:00.282+0100] {logging_mixin.py:190} INFO - [2025-04-30T13:40:00.282+0100] {dagbag.py:588} INFO - Filling up the DagBag from /Users/dineshsammeta/anaconda3/envs/python38/lib/python3.8/site-packages/airflow/example_dags/example_python_decorator.py
[2025-04-30T13:40:00.333+0100] {logging_mixin.py:190} INFO - [2025-04-30T13:40:00.333+0100] {example_python_decorator.py:80} WARNING - The virtalenv_python example task requires virtualenv, please install it.
[2025-04-30T13:40:00.334+0100] {processor.py:925} INFO - DAG(s) 'example_python_decorator' retrieved from /Users/dineshsammeta/anaconda3/envs/python38/lib/python3.8/site-packages/airflow/example_dags/example_python_decorator.py
[2025-04-30T13:40:00.392+0100] {logging_mixin.py:190} INFO - [2025-04-30T13:40:00.392+0100] {dag.py:3239} INFO - Sync 1 DAGs
[2025-04-30T13:40:00.398+0100] {logging_mixin.py:190} INFO - [2025-04-30T13:40:00.398+0100] {dag.py:4180} INFO - Setting next_dagrun for example_python_decorator to None, run_after=None
[2025-04-30T13:40:00.409+0100] {processor.py:208} INFO - Processing /Users/dineshsammeta/anaconda3/envs/python38/lib/python3.8/site-packages/airflow/example_dags/example_python_decorator.py took 0.131 seconds
[2025-04-30T13:42:00.385+0100] {processor.py:186} INFO - Started process (PID=66912) to work on /Users/dineshsammeta/anaconda3/envs/python38/lib/python3.8/site-packages/airflow/example_dags/example_python_decorator.py
[2025-04-30T13:42:00.387+0100] {processor.py:914} INFO - Processing file /Users/dineshsammeta/anaconda3/envs/python38/lib/python3.8/site-packages/airflow/example_dags/example_python_decorator.py for tasks to queue
[2025-04-30T13:42:00.388+0100] {logging_mixin.py:190} INFO - [2025-04-30T13:42:00.388+0100] {dagbag.py:588} INFO - Filling up the DagBag from /Users/dineshsammeta/anaconda3/envs/python38/lib/python3.8/site-packages/airflow/example_dags/example_python_decorator.py
[2025-04-30T13:42:00.444+0100] {logging_mixin.py:190} INFO - [2025-04-30T13:42:00.444+0100] {example_python_decorator.py:80} WARNING - The virtalenv_python example task requires virtualenv, please install it.
[2025-04-30T13:42:00.445+0100] {processor.py:925} INFO - DAG(s) 'example_python_decorator' retrieved from /Users/dineshsammeta/anaconda3/envs/python38/lib/python3.8/site-packages/airflow/example_dags/example_python_decorator.py
[2025-04-30T13:42:00.504+0100] {logging_mixin.py:190} INFO - [2025-04-30T13:42:00.504+0100] {dag.py:3239} INFO - Sync 1 DAGs
[2025-04-30T13:42:00.510+0100] {logging_mixin.py:190} INFO - [2025-04-30T13:42:00.510+0100] {dag.py:4180} INFO - Setting next_dagrun for example_python_decorator to None, run_after=None
[2025-04-30T13:42:00.522+0100] {processor.py:208} INFO - Processing /Users/dineshsammeta/anaconda3/envs/python38/lib/python3.8/site-packages/airflow/example_dags/example_python_decorator.py took 0.139 seconds
[2025-04-30T13:44:59.326+0100] {processor.py:186} INFO - Started process (PID=67255) to work on /Users/dineshsammeta/anaconda3/envs/python38/lib/python3.8/site-packages/airflow/example_dags/example_python_decorator.py
[2025-04-30T13:44:59.327+0100] {processor.py:914} INFO - Processing file /Users/dineshsammeta/anaconda3/envs/python38/lib/python3.8/site-packages/airflow/example_dags/example_python_decorator.py for tasks to queue
[2025-04-30T13:44:59.328+0100] {logging_mixin.py:190} INFO - [2025-04-30T13:44:59.328+0100] {dagbag.py:588} INFO - Filling up the DagBag from /Users/dineshsammeta/anaconda3/envs/python38/lib/python3.8/site-packages/airflow/example_dags/example_python_decorator.py
[2025-04-30T13:44:59.379+0100] {logging_mixin.py:190} INFO - [2025-04-30T13:44:59.379+0100] {example_python_decorator.py:80} WARNING - The virtalenv_python example task requires virtualenv, please install it.
[2025-04-30T13:44:59.380+0100] {processor.py:925} INFO - DAG(s) 'example_python_decorator' retrieved from /Users/dineshsammeta/anaconda3/envs/python38/lib/python3.8/site-packages/airflow/example_dags/example_python_decorator.py
[2025-04-30T13:44:59.438+0100] {logging_mixin.py:190} INFO - [2025-04-30T13:44:59.438+0100] {dag.py:3239} INFO - Sync 1 DAGs
[2025-04-30T13:44:59.444+0100] {logging_mixin.py:190} INFO - [2025-04-30T13:44:59.444+0100] {dag.py:4180} INFO - Setting next_dagrun for example_python_decorator to None, run_after=None
[2025-04-30T13:44:59.455+0100] {processor.py:208} INFO - Processing /Users/dineshsammeta/anaconda3/envs/python38/lib/python3.8/site-packages/airflow/example_dags/example_python_decorator.py took 0.132 seconds
[2025-04-30T13:47:58.526+0100] {processor.py:186} INFO - Started process (PID=67621) to work on /Users/dineshsammeta/anaconda3/envs/python38/lib/python3.8/site-packages/airflow/example_dags/example_python_decorator.py
[2025-04-30T13:47:58.526+0100] {processor.py:914} INFO - Processing file /Users/dineshsammeta/anaconda3/envs/python38/lib/python3.8/site-packages/airflow/example_dags/example_python_decorator.py for tasks to queue
[2025-04-30T13:47:58.527+0100] {logging_mixin.py:190} INFO - [2025-04-30T13:47:58.527+0100] {dagbag.py:588} INFO - Filling up the DagBag from /Users/dineshsammeta/anaconda3/envs/python38/lib/python3.8/site-packages/airflow/example_dags/example_python_decorator.py
[2025-04-30T13:47:58.580+0100] {logging_mixin.py:190} INFO - [2025-04-30T13:47:58.580+0100] {example_python_decorator.py:80} WARNING - The virtalenv_python example task requires virtualenv, please install it.
[2025-04-30T13:47:58.581+0100] {processor.py:925} INFO - DAG(s) 'example_python_decorator' retrieved from /Users/dineshsammeta/anaconda3/envs/python38/lib/python3.8/site-packages/airflow/example_dags/example_python_decorator.py
[2025-04-30T13:47:58.638+0100] {logging_mixin.py:190} INFO - [2025-04-30T13:47:58.638+0100] {dag.py:3239} INFO - Sync 1 DAGs
[2025-04-30T13:47:58.644+0100] {logging_mixin.py:190} INFO - [2025-04-30T13:47:58.644+0100] {dag.py:4180} INFO - Setting next_dagrun for example_python_decorator to None, run_after=None
[2025-04-30T13:47:58.656+0100] {processor.py:208} INFO - Processing /Users/dineshsammeta/anaconda3/envs/python38/lib/python3.8/site-packages/airflow/example_dags/example_python_decorator.py took 0.132 seconds
[2025-04-30T13:51:05.570+0100] {processor.py:186} INFO - Started process (PID=67963) to work on /Users/dineshsammeta/anaconda3/envs/python38/lib/python3.8/site-packages/airflow/example_dags/example_python_decorator.py
[2025-04-30T13:51:05.571+0100] {processor.py:914} INFO - Processing file /Users/dineshsammeta/anaconda3/envs/python38/lib/python3.8/site-packages/airflow/example_dags/example_python_decorator.py for tasks to queue
[2025-04-30T13:51:05.572+0100] {logging_mixin.py:190} INFO - [2025-04-30T13:51:05.572+0100] {dagbag.py:588} INFO - Filling up the DagBag from /Users/dineshsammeta/anaconda3/envs/python38/lib/python3.8/site-packages/airflow/example_dags/example_python_decorator.py
[2025-04-30T13:51:05.635+0100] {logging_mixin.py:190} INFO - [2025-04-30T13:51:05.635+0100] {example_python_decorator.py:80} WARNING - The virtalenv_python example task requires virtualenv, please install it.
[2025-04-30T13:51:05.637+0100] {processor.py:925} INFO - DAG(s) 'example_python_decorator' retrieved from /Users/dineshsammeta/anaconda3/envs/python38/lib/python3.8/site-packages/airflow/example_dags/example_python_decorator.py
[2025-04-30T13:51:05.704+0100] {logging_mixin.py:190} INFO - [2025-04-30T13:51:05.704+0100] {dag.py:3239} INFO - Sync 1 DAGs
[2025-04-30T13:51:05.711+0100] {logging_mixin.py:190} INFO - [2025-04-30T13:51:05.711+0100] {dag.py:4180} INFO - Setting next_dagrun for example_python_decorator to None, run_after=None
[2025-04-30T13:51:05.723+0100] {processor.py:208} INFO - Processing /Users/dineshsammeta/anaconda3/envs/python38/lib/python3.8/site-packages/airflow/example_dags/example_python_decorator.py took 0.156 seconds
[2025-04-30T13:54:14.094+0100] {processor.py:186} INFO - Started process (PID=68315) to work on /Users/dineshsammeta/anaconda3/envs/python38/lib/python3.8/site-packages/airflow/example_dags/example_python_decorator.py
[2025-04-30T13:54:14.095+0100] {processor.py:914} INFO - Processing file /Users/dineshsammeta/anaconda3/envs/python38/lib/python3.8/site-packages/airflow/example_dags/example_python_decorator.py for tasks to queue
[2025-04-30T13:54:14.095+0100] {logging_mixin.py:190} INFO - [2025-04-30T13:54:14.095+0100] {dagbag.py:588} INFO - Filling up the DagBag from /Users/dineshsammeta/anaconda3/envs/python38/lib/python3.8/site-packages/airflow/example_dags/example_python_decorator.py
[2025-04-30T13:54:14.146+0100] {logging_mixin.py:190} INFO - [2025-04-30T13:54:14.146+0100] {example_python_decorator.py:80} WARNING - The virtalenv_python example task requires virtualenv, please install it.
[2025-04-30T13:54:14.148+0100] {processor.py:925} INFO - DAG(s) 'example_python_decorator' retrieved from /Users/dineshsammeta/anaconda3/envs/python38/lib/python3.8/site-packages/airflow/example_dags/example_python_decorator.py
[2025-04-30T13:54:14.204+0100] {logging_mixin.py:190} INFO - [2025-04-30T13:54:14.204+0100] {dag.py:3239} INFO - Sync 1 DAGs
[2025-04-30T13:54:14.210+0100] {logging_mixin.py:190} INFO - [2025-04-30T13:54:14.210+0100] {dag.py:4180} INFO - Setting next_dagrun for example_python_decorator to None, run_after=None
[2025-04-30T13:54:14.221+0100] {processor.py:208} INFO - Processing /Users/dineshsammeta/anaconda3/envs/python38/lib/python3.8/site-packages/airflow/example_dags/example_python_decorator.py took 0.130 seconds
[2025-04-30T13:55:51.976+0100] {processor.py:186} INFO - Started process (PID=68500) to work on /Users/dineshsammeta/anaconda3/envs/python38/lib/python3.8/site-packages/airflow/example_dags/example_python_decorator.py
[2025-04-30T13:55:51.977+0100] {processor.py:914} INFO - Processing file /Users/dineshsammeta/anaconda3/envs/python38/lib/python3.8/site-packages/airflow/example_dags/example_python_decorator.py for tasks to queue
[2025-04-30T13:55:51.978+0100] {logging_mixin.py:190} INFO - [2025-04-30T13:55:51.978+0100] {dagbag.py:588} INFO - Filling up the DagBag from /Users/dineshsammeta/anaconda3/envs/python38/lib/python3.8/site-packages/airflow/example_dags/example_python_decorator.py
[2025-04-30T13:55:52.029+0100] {logging_mixin.py:190} INFO - [2025-04-30T13:55:52.029+0100] {example_python_decorator.py:80} WARNING - The virtalenv_python example task requires virtualenv, please install it.
[2025-04-30T13:55:52.030+0100] {processor.py:925} INFO - DAG(s) 'example_python_decorator' retrieved from /Users/dineshsammeta/anaconda3/envs/python38/lib/python3.8/site-packages/airflow/example_dags/example_python_decorator.py
[2025-04-30T13:55:52.088+0100] {logging_mixin.py:190} INFO - [2025-04-30T13:55:52.088+0100] {dag.py:3239} INFO - Sync 1 DAGs
[2025-04-30T13:55:52.094+0100] {logging_mixin.py:190} INFO - [2025-04-30T13:55:52.094+0100] {dag.py:4180} INFO - Setting next_dagrun for example_python_decorator to None, run_after=None
[2025-04-30T13:55:52.105+0100] {processor.py:208} INFO - Processing /Users/dineshsammeta/anaconda3/envs/python38/lib/python3.8/site-packages/airflow/example_dags/example_python_decorator.py took 0.131 seconds
[2025-04-30T13:58:51.885+0100] {processor.py:186} INFO - Started process (PID=68808) to work on /Users/dineshsammeta/anaconda3/envs/python38/lib/python3.8/site-packages/airflow/example_dags/example_python_decorator.py
[2025-04-30T13:58:51.886+0100] {processor.py:914} INFO - Processing file /Users/dineshsammeta/anaconda3/envs/python38/lib/python3.8/site-packages/airflow/example_dags/example_python_decorator.py for tasks to queue
[2025-04-30T13:58:51.887+0100] {logging_mixin.py:190} INFO - [2025-04-30T13:58:51.887+0100] {dagbag.py:588} INFO - Filling up the DagBag from /Users/dineshsammeta/anaconda3/envs/python38/lib/python3.8/site-packages/airflow/example_dags/example_python_decorator.py
[2025-04-30T13:58:51.937+0100] {logging_mixin.py:190} INFO - [2025-04-30T13:58:51.937+0100] {example_python_decorator.py:80} WARNING - The virtalenv_python example task requires virtualenv, please install it.
[2025-04-30T13:58:51.939+0100] {processor.py:925} INFO - DAG(s) 'example_python_decorator' retrieved from /Users/dineshsammeta/anaconda3/envs/python38/lib/python3.8/site-packages/airflow/example_dags/example_python_decorator.py
[2025-04-30T13:58:51.998+0100] {logging_mixin.py:190} INFO - [2025-04-30T13:58:51.997+0100] {dag.py:3239} INFO - Sync 1 DAGs
[2025-04-30T13:58:52.003+0100] {logging_mixin.py:190} INFO - [2025-04-30T13:58:52.003+0100] {dag.py:4180} INFO - Setting next_dagrun for example_python_decorator to None, run_after=None
[2025-04-30T13:58:52.015+0100] {processor.py:208} INFO - Processing /Users/dineshsammeta/anaconda3/envs/python38/lib/python3.8/site-packages/airflow/example_dags/example_python_decorator.py took 0.132 seconds
[2025-04-30T14:01:51.755+0100] {processor.py:186} INFO - Started process (PID=69143) to work on /Users/dineshsammeta/anaconda3/envs/python38/lib/python3.8/site-packages/airflow/example_dags/example_python_decorator.py
[2025-04-30T14:01:51.757+0100] {processor.py:914} INFO - Processing file /Users/dineshsammeta/anaconda3/envs/python38/lib/python3.8/site-packages/airflow/example_dags/example_python_decorator.py for tasks to queue
[2025-04-30T14:01:51.758+0100] {logging_mixin.py:190} INFO - [2025-04-30T14:01:51.757+0100] {dagbag.py:588} INFO - Filling up the DagBag from /Users/dineshsammeta/anaconda3/envs/python38/lib/python3.8/site-packages/airflow/example_dags/example_python_decorator.py
[2025-04-30T14:01:51.808+0100] {logging_mixin.py:190} INFO - [2025-04-30T14:01:51.807+0100] {example_python_decorator.py:80} WARNING - The virtalenv_python example task requires virtualenv, please install it.
[2025-04-30T14:01:51.809+0100] {processor.py:925} INFO - DAG(s) 'example_python_decorator' retrieved from /Users/dineshsammeta/anaconda3/envs/python38/lib/python3.8/site-packages/airflow/example_dags/example_python_decorator.py
[2025-04-30T14:01:51.866+0100] {logging_mixin.py:190} INFO - [2025-04-30T14:01:51.866+0100] {dag.py:3239} INFO - Sync 1 DAGs
[2025-04-30T14:01:51.872+0100] {logging_mixin.py:190} INFO - [2025-04-30T14:01:51.872+0100] {dag.py:4180} INFO - Setting next_dagrun for example_python_decorator to None, run_after=None
[2025-04-30T14:01:51.883+0100] {processor.py:208} INFO - Processing /Users/dineshsammeta/anaconda3/envs/python38/lib/python3.8/site-packages/airflow/example_dags/example_python_decorator.py took 0.130 seconds
[2025-04-30T15:39:15.941+0100] {processor.py:186} INFO - Started process (PID=69551) to work on /Users/dineshsammeta/anaconda3/envs/python38/lib/python3.8/site-packages/airflow/example_dags/example_python_decorator.py
[2025-04-30T15:39:15.942+0100] {processor.py:914} INFO - Processing file /Users/dineshsammeta/anaconda3/envs/python38/lib/python3.8/site-packages/airflow/example_dags/example_python_decorator.py for tasks to queue
[2025-04-30T15:39:15.943+0100] {logging_mixin.py:190} INFO - [2025-04-30T15:39:15.943+0100] {dagbag.py:588} INFO - Filling up the DagBag from /Users/dineshsammeta/anaconda3/envs/python38/lib/python3.8/site-packages/airflow/example_dags/example_python_decorator.py
[2025-04-30T15:39:15.993+0100] {logging_mixin.py:190} INFO - [2025-04-30T15:39:15.993+0100] {example_python_decorator.py:80} WARNING - The virtalenv_python example task requires virtualenv, please install it.
[2025-04-30T15:39:15.995+0100] {processor.py:925} INFO - DAG(s) 'example_python_decorator' retrieved from /Users/dineshsammeta/anaconda3/envs/python38/lib/python3.8/site-packages/airflow/example_dags/example_python_decorator.py
[2025-04-30T15:39:16.053+0100] {logging_mixin.py:190} INFO - [2025-04-30T15:39:16.053+0100] {dag.py:3239} INFO - Sync 1 DAGs
[2025-04-30T15:39:16.059+0100] {logging_mixin.py:190} INFO - [2025-04-30T15:39:16.059+0100] {dag.py:4180} INFO - Setting next_dagrun for example_python_decorator to None, run_after=None
[2025-04-30T15:39:16.070+0100] {processor.py:208} INFO - Processing /Users/dineshsammeta/anaconda3/envs/python38/lib/python3.8/site-packages/airflow/example_dags/example_python_decorator.py took 0.132 seconds
[2025-04-30T15:41:07.775+0100] {processor.py:186} INFO - Started process (PID=69752) to work on /Users/dineshsammeta/anaconda3/envs/python38/lib/python3.8/site-packages/airflow/example_dags/example_python_decorator.py
[2025-04-30T15:41:07.777+0100] {processor.py:914} INFO - Processing file /Users/dineshsammeta/anaconda3/envs/python38/lib/python3.8/site-packages/airflow/example_dags/example_python_decorator.py for tasks to queue
[2025-04-30T15:41:07.777+0100] {logging_mixin.py:190} INFO - [2025-04-30T15:41:07.777+0100] {dagbag.py:588} INFO - Filling up the DagBag from /Users/dineshsammeta/anaconda3/envs/python38/lib/python3.8/site-packages/airflow/example_dags/example_python_decorator.py
[2025-04-30T15:41:07.828+0100] {logging_mixin.py:190} INFO - [2025-04-30T15:41:07.828+0100] {example_python_decorator.py:80} WARNING - The virtalenv_python example task requires virtualenv, please install it.
[2025-04-30T15:41:07.830+0100] {processor.py:925} INFO - DAG(s) 'example_python_decorator' retrieved from /Users/dineshsammeta/anaconda3/envs/python38/lib/python3.8/site-packages/airflow/example_dags/example_python_decorator.py
[2025-04-30T15:41:07.887+0100] {logging_mixin.py:190} INFO - [2025-04-30T15:41:07.887+0100] {dag.py:3239} INFO - Sync 1 DAGs
[2025-04-30T15:41:07.893+0100] {logging_mixin.py:190} INFO - [2025-04-30T15:41:07.893+0100] {dag.py:4180} INFO - Setting next_dagrun for example_python_decorator to None, run_after=None
[2025-04-30T15:41:07.903+0100] {processor.py:208} INFO - Processing /Users/dineshsammeta/anaconda3/envs/python38/lib/python3.8/site-packages/airflow/example_dags/example_python_decorator.py took 0.130 seconds
[2025-04-30T15:44:08.143+0100] {processor.py:186} INFO - Started process (PID=70061) to work on /Users/dineshsammeta/anaconda3/envs/python38/lib/python3.8/site-packages/airflow/example_dags/example_python_decorator.py
[2025-04-30T15:44:08.144+0100] {processor.py:914} INFO - Processing file /Users/dineshsammeta/anaconda3/envs/python38/lib/python3.8/site-packages/airflow/example_dags/example_python_decorator.py for tasks to queue
[2025-04-30T15:44:08.145+0100] {logging_mixin.py:190} INFO - [2025-04-30T15:44:08.144+0100] {dagbag.py:588} INFO - Filling up the DagBag from /Users/dineshsammeta/anaconda3/envs/python38/lib/python3.8/site-packages/airflow/example_dags/example_python_decorator.py
[2025-04-30T15:44:08.196+0100] {logging_mixin.py:190} INFO - [2025-04-30T15:44:08.196+0100] {example_python_decorator.py:80} WARNING - The virtalenv_python example task requires virtualenv, please install it.
[2025-04-30T15:44:08.197+0100] {processor.py:925} INFO - DAG(s) 'example_python_decorator' retrieved from /Users/dineshsammeta/anaconda3/envs/python38/lib/python3.8/site-packages/airflow/example_dags/example_python_decorator.py
[2025-04-30T15:44:08.256+0100] {logging_mixin.py:190} INFO - [2025-04-30T15:44:08.255+0100] {dag.py:3239} INFO - Sync 1 DAGs
[2025-04-30T15:44:08.262+0100] {logging_mixin.py:190} INFO - [2025-04-30T15:44:08.261+0100] {dag.py:4180} INFO - Setting next_dagrun for example_python_decorator to None, run_after=None
[2025-04-30T15:44:08.273+0100] {processor.py:208} INFO - Processing /Users/dineshsammeta/anaconda3/envs/python38/lib/python3.8/site-packages/airflow/example_dags/example_python_decorator.py took 0.132 seconds
[2025-04-30T15:45:45.621+0100] {processor.py:186} INFO - Started process (PID=70224) to work on /Users/dineshsammeta/anaconda3/envs/python38/lib/python3.8/site-packages/airflow/example_dags/example_python_decorator.py
[2025-04-30T15:45:45.622+0100] {processor.py:914} INFO - Processing file /Users/dineshsammeta/anaconda3/envs/python38/lib/python3.8/site-packages/airflow/example_dags/example_python_decorator.py for tasks to queue
[2025-04-30T15:45:45.623+0100] {logging_mixin.py:190} INFO - [2025-04-30T15:45:45.622+0100] {dagbag.py:588} INFO - Filling up the DagBag from /Users/dineshsammeta/anaconda3/envs/python38/lib/python3.8/site-packages/airflow/example_dags/example_python_decorator.py
[2025-04-30T15:45:45.673+0100] {logging_mixin.py:190} INFO - [2025-04-30T15:45:45.673+0100] {example_python_decorator.py:80} WARNING - The virtalenv_python example task requires virtualenv, please install it.
[2025-04-30T15:45:45.675+0100] {processor.py:925} INFO - DAG(s) 'example_python_decorator' retrieved from /Users/dineshsammeta/anaconda3/envs/python38/lib/python3.8/site-packages/airflow/example_dags/example_python_decorator.py
[2025-04-30T15:45:45.734+0100] {logging_mixin.py:190} INFO - [2025-04-30T15:45:45.733+0100] {dag.py:3239} INFO - Sync 1 DAGs
[2025-04-30T15:45:45.739+0100] {logging_mixin.py:190} INFO - [2025-04-30T15:45:45.739+0100] {dag.py:4180} INFO - Setting next_dagrun for example_python_decorator to None, run_after=None
[2025-04-30T15:45:45.750+0100] {processor.py:208} INFO - Processing /Users/dineshsammeta/anaconda3/envs/python38/lib/python3.8/site-packages/airflow/example_dags/example_python_decorator.py took 0.131 seconds
