[2025-04-30T13:40:19.273+0100] {processor.py:186} INFO - Started process (PID=66657) to work on /Users/dineshsammeta/anaconda3/envs/python38/lib/python3.8/site-packages/airflow/example_dags/example_kubernetes_executor.py
[2025-04-30T13:40:19.274+0100] {processor.py:914} INFO - Processing file /Users/dineshsammeta/anaconda3/envs/python38/lib/python3.8/site-packages/airflow/example_dags/example_kubernetes_executor.py for tasks to queue
[2025-04-30T13:40:19.274+0100] {logging_mixin.py:190} INFO - [2025-04-30T13:40:19.274+0100] {dagbag.py:588} INFO - Filling up the DagBag from /Users/dineshsammeta/anaconda3/envs/python38/lib/python3.8/site-packages/airflow/example_dags/example_kubernetes_executor.py
[2025-04-30T13:40:19.329+0100] {logging_mixin.py:190} INFO - [2025-04-30T13:40:19.329+0100] {example_kubernetes_executor.py:39} WARNING - The example_kubernetes_executor example DAG requires the kubernetes provider. Please install it with: pip install apache-airflow[cncf.kubernetes]
[2025-04-30T13:40:19.329+0100] {processor.py:927} WARNING - No viable dags retrieved from /Users/dineshsammeta/anaconda3/envs/python38/lib/python3.8/site-packages/airflow/example_dags/example_kubernetes_executor.py
[2025-04-30T13:40:19.385+0100] {processor.py:208} INFO - Processing /Users/dineshsammeta/anaconda3/envs/python38/lib/python3.8/site-packages/airflow/example_dags/example_kubernetes_executor.py took 0.114 seconds
[2025-04-30T13:42:19.894+0100] {processor.py:186} INFO - Started process (PID=66953) to work on /Users/dineshsammeta/anaconda3/envs/python38/lib/python3.8/site-packages/airflow/example_dags/example_kubernetes_executor.py
[2025-04-30T13:42:19.895+0100] {processor.py:914} INFO - Processing file /Users/dineshsammeta/anaconda3/envs/python38/lib/python3.8/site-packages/airflow/example_dags/example_kubernetes_executor.py for tasks to queue
[2025-04-30T13:42:19.896+0100] {logging_mixin.py:190} INFO - [2025-04-30T13:42:19.896+0100] {dagbag.py:588} INFO - Filling up the DagBag from /Users/dineshsammeta/anaconda3/envs/python38/lib/python3.8/site-packages/airflow/example_dags/example_kubernetes_executor.py
[2025-04-30T13:42:19.946+0100] {logging_mixin.py:190} INFO - [2025-04-30T13:42:19.946+0100] {example_kubernetes_executor.py:39} WARNING - The example_kubernetes_executor example DAG requires the kubernetes provider. Please install it with: pip install apache-airflow[cncf.kubernetes]
[2025-04-30T13:42:19.946+0100] {processor.py:927} WARNING - No viable dags retrieved from /Users/dineshsammeta/anaconda3/envs/python38/lib/python3.8/site-packages/airflow/example_dags/example_kubernetes_executor.py
[2025-04-30T13:42:19.998+0100] {processor.py:208} INFO - Processing /Users/dineshsammeta/anaconda3/envs/python38/lib/python3.8/site-packages/airflow/example_dags/example_kubernetes_executor.py took 0.106 seconds
[2025-04-30T13:45:18.059+0100] {processor.py:186} INFO - Started process (PID=67289) to work on /Users/dineshsammeta/anaconda3/envs/python38/lib/python3.8/site-packages/airflow/example_dags/example_kubernetes_executor.py
[2025-04-30T13:45:18.060+0100] {processor.py:914} INFO - Processing file /Users/dineshsammeta/anaconda3/envs/python38/lib/python3.8/site-packages/airflow/example_dags/example_kubernetes_executor.py for tasks to queue
[2025-04-30T13:45:18.061+0100] {logging_mixin.py:190} INFO - [2025-04-30T13:45:18.061+0100] {dagbag.py:588} INFO - Filling up the DagBag from /Users/dineshsammeta/anaconda3/envs/python38/lib/python3.8/site-packages/airflow/example_dags/example_kubernetes_executor.py
[2025-04-30T13:45:18.110+0100] {logging_mixin.py:190} INFO - [2025-04-30T13:45:18.110+0100] {example_kubernetes_executor.py:39} WARNING - The example_kubernetes_executor example DAG requires the kubernetes provider. Please install it with: pip install apache-airflow[cncf.kubernetes]
[2025-04-30T13:45:18.110+0100] {processor.py:927} WARNING - No viable dags retrieved from /Users/dineshsammeta/anaconda3/envs/python38/lib/python3.8/site-packages/airflow/example_dags/example_kubernetes_executor.py
[2025-04-30T13:45:18.162+0100] {processor.py:208} INFO - Processing /Users/dineshsammeta/anaconda3/envs/python38/lib/python3.8/site-packages/airflow/example_dags/example_kubernetes_executor.py took 0.105 seconds
[2025-04-30T13:48:17.182+0100] {processor.py:186} INFO - Started process (PID=67658) to work on /Users/dineshsammeta/anaconda3/envs/python38/lib/python3.8/site-packages/airflow/example_dags/example_kubernetes_executor.py
[2025-04-30T13:48:17.183+0100] {processor.py:914} INFO - Processing file /Users/dineshsammeta/anaconda3/envs/python38/lib/python3.8/site-packages/airflow/example_dags/example_kubernetes_executor.py for tasks to queue
[2025-04-30T13:48:17.183+0100] {logging_mixin.py:190} INFO - [2025-04-30T13:48:17.183+0100] {dagbag.py:588} INFO - Filling up the DagBag from /Users/dineshsammeta/anaconda3/envs/python38/lib/python3.8/site-packages/airflow/example_dags/example_kubernetes_executor.py
[2025-04-30T13:48:17.234+0100] {logging_mixin.py:190} INFO - [2025-04-30T13:48:17.233+0100] {example_kubernetes_executor.py:39} WARNING - The example_kubernetes_executor example DAG requires the kubernetes provider. Please install it with: pip install apache-airflow[cncf.kubernetes]
[2025-04-30T13:48:17.234+0100] {processor.py:927} WARNING - No viable dags retrieved from /Users/dineshsammeta/anaconda3/envs/python38/lib/python3.8/site-packages/airflow/example_dags/example_kubernetes_executor.py
[2025-04-30T13:48:17.284+0100] {processor.py:208} INFO - Processing /Users/dineshsammeta/anaconda3/envs/python38/lib/python3.8/site-packages/airflow/example_dags/example_kubernetes_executor.py took 0.104 seconds
[2025-04-30T13:51:24.267+0100] {processor.py:186} INFO - Started process (PID=67995) to work on /Users/dineshsammeta/anaconda3/envs/python38/lib/python3.8/site-packages/airflow/example_dags/example_kubernetes_executor.py
[2025-04-30T13:51:24.268+0100] {processor.py:914} INFO - Processing file /Users/dineshsammeta/anaconda3/envs/python38/lib/python3.8/site-packages/airflow/example_dags/example_kubernetes_executor.py for tasks to queue
[2025-04-30T13:51:24.269+0100] {logging_mixin.py:190} INFO - [2025-04-30T13:51:24.269+0100] {dagbag.py:588} INFO - Filling up the DagBag from /Users/dineshsammeta/anaconda3/envs/python38/lib/python3.8/site-packages/airflow/example_dags/example_kubernetes_executor.py
[2025-04-30T13:51:24.318+0100] {logging_mixin.py:190} INFO - [2025-04-30T13:51:24.317+0100] {example_kubernetes_executor.py:39} WARNING - The example_kubernetes_executor example DAG requires the kubernetes provider. Please install it with: pip install apache-airflow[cncf.kubernetes]
[2025-04-30T13:51:24.318+0100] {processor.py:927} WARNING - No viable dags retrieved from /Users/dineshsammeta/anaconda3/envs/python38/lib/python3.8/site-packages/airflow/example_dags/example_kubernetes_executor.py
[2025-04-30T13:51:24.369+0100] {processor.py:208} INFO - Processing /Users/dineshsammeta/anaconda3/envs/python38/lib/python3.8/site-packages/airflow/example_dags/example_kubernetes_executor.py took 0.104 seconds
[2025-04-30T13:54:34.501+0100] {processor.py:186} INFO - Started process (PID=68358) to work on /Users/dineshsammeta/anaconda3/envs/python38/lib/python3.8/site-packages/airflow/example_dags/example_kubernetes_executor.py
[2025-04-30T13:54:34.503+0100] {processor.py:914} INFO - Processing file /Users/dineshsammeta/anaconda3/envs/python38/lib/python3.8/site-packages/airflow/example_dags/example_kubernetes_executor.py for tasks to queue
[2025-04-30T13:54:34.504+0100] {logging_mixin.py:190} INFO - [2025-04-30T13:54:34.503+0100] {dagbag.py:588} INFO - Filling up the DagBag from /Users/dineshsammeta/anaconda3/envs/python38/lib/python3.8/site-packages/airflow/example_dags/example_kubernetes_executor.py
[2025-04-30T13:54:34.558+0100] {logging_mixin.py:190} INFO - [2025-04-30T13:54:34.558+0100] {example_kubernetes_executor.py:39} WARNING - The example_kubernetes_executor example DAG requires the kubernetes provider. Please install it with: pip install apache-airflow[cncf.kubernetes]
[2025-04-30T13:54:34.558+0100] {processor.py:927} WARNING - No viable dags retrieved from /Users/dineshsammeta/anaconda3/envs/python38/lib/python3.8/site-packages/airflow/example_dags/example_kubernetes_executor.py
[2025-04-30T13:54:34.610+0100] {processor.py:208} INFO - Processing /Users/dineshsammeta/anaconda3/envs/python38/lib/python3.8/site-packages/airflow/example_dags/example_kubernetes_executor.py took 0.111 seconds
[2025-04-30T13:57:36.788+0100] {processor.py:186} INFO - Started process (PID=68676) to work on /Users/dineshsammeta/anaconda3/envs/python38/lib/python3.8/site-packages/airflow/example_dags/example_kubernetes_executor.py
[2025-04-30T13:57:36.789+0100] {processor.py:914} INFO - Processing file /Users/dineshsammeta/anaconda3/envs/python38/lib/python3.8/site-packages/airflow/example_dags/example_kubernetes_executor.py for tasks to queue
[2025-04-30T13:57:36.790+0100] {logging_mixin.py:190} INFO - [2025-04-30T13:57:36.790+0100] {dagbag.py:588} INFO - Filling up the DagBag from /Users/dineshsammeta/anaconda3/envs/python38/lib/python3.8/site-packages/airflow/example_dags/example_kubernetes_executor.py
[2025-04-30T13:57:36.839+0100] {logging_mixin.py:190} INFO - [2025-04-30T13:57:36.839+0100] {example_kubernetes_executor.py:39} WARNING - The example_kubernetes_executor example DAG requires the kubernetes provider. Please install it with: pip install apache-airflow[cncf.kubernetes]
[2025-04-30T13:57:36.839+0100] {processor.py:927} WARNING - No viable dags retrieved from /Users/dineshsammeta/anaconda3/envs/python38/lib/python3.8/site-packages/airflow/example_dags/example_kubernetes_executor.py
[2025-04-30T13:57:36.890+0100] {processor.py:208} INFO - Processing /Users/dineshsammeta/anaconda3/envs/python38/lib/python3.8/site-packages/airflow/example_dags/example_kubernetes_executor.py took 0.104 seconds
[2025-04-30T14:00:34.933+0100] {processor.py:186} INFO - Started process (PID=68997) to work on /Users/dineshsammeta/anaconda3/envs/python38/lib/python3.8/site-packages/airflow/example_dags/example_kubernetes_executor.py
[2025-04-30T14:00:34.935+0100] {processor.py:914} INFO - Processing file /Users/dineshsammeta/anaconda3/envs/python38/lib/python3.8/site-packages/airflow/example_dags/example_kubernetes_executor.py for tasks to queue
[2025-04-30T14:00:34.935+0100] {logging_mixin.py:190} INFO - [2025-04-30T14:00:34.935+0100] {dagbag.py:588} INFO - Filling up the DagBag from /Users/dineshsammeta/anaconda3/envs/python38/lib/python3.8/site-packages/airflow/example_dags/example_kubernetes_executor.py
[2025-04-30T14:00:34.984+0100] {logging_mixin.py:190} INFO - [2025-04-30T14:00:34.984+0100] {example_kubernetes_executor.py:39} WARNING - The example_kubernetes_executor example DAG requires the kubernetes provider. Please install it with: pip install apache-airflow[cncf.kubernetes]
[2025-04-30T14:00:34.984+0100] {processor.py:927} WARNING - No viable dags retrieved from /Users/dineshsammeta/anaconda3/envs/python38/lib/python3.8/site-packages/airflow/example_dags/example_kubernetes_executor.py
[2025-04-30T14:00:35.036+0100] {processor.py:208} INFO - Processing /Users/dineshsammeta/anaconda3/envs/python38/lib/python3.8/site-packages/airflow/example_dags/example_kubernetes_executor.py took 0.105 seconds
[2025-04-30T15:14:29.464+0100] {processor.py:186} INFO - Started process (PID=69372) to work on /Users/dineshsammeta/anaconda3/envs/python38/lib/python3.8/site-packages/airflow/example_dags/example_kubernetes_executor.py
[2025-04-30T15:14:29.465+0100] {processor.py:914} INFO - Processing file /Users/dineshsammeta/anaconda3/envs/python38/lib/python3.8/site-packages/airflow/example_dags/example_kubernetes_executor.py for tasks to queue
[2025-04-30T15:14:29.466+0100] {logging_mixin.py:190} INFO - [2025-04-30T15:14:29.465+0100] {dagbag.py:588} INFO - Filling up the DagBag from /Users/dineshsammeta/anaconda3/envs/python38/lib/python3.8/site-packages/airflow/example_dags/example_kubernetes_executor.py
[2025-04-30T15:14:29.516+0100] {logging_mixin.py:190} INFO - [2025-04-30T15:14:29.516+0100] {example_kubernetes_executor.py:39} WARNING - The example_kubernetes_executor example DAG requires the kubernetes provider. Please install it with: pip install apache-airflow[cncf.kubernetes]
[2025-04-30T15:14:29.516+0100] {processor.py:927} WARNING - No viable dags retrieved from /Users/dineshsammeta/anaconda3/envs/python38/lib/python3.8/site-packages/airflow/example_dags/example_kubernetes_executor.py
[2025-04-30T15:14:29.566+0100] {processor.py:208} INFO - Processing /Users/dineshsammeta/anaconda3/envs/python38/lib/python3.8/site-packages/airflow/example_dags/example_kubernetes_executor.py took 0.104 seconds
[2025-04-30T15:39:34.929+0100] {processor.py:186} INFO - Started process (PID=69583) to work on /Users/dineshsammeta/anaconda3/envs/python38/lib/python3.8/site-packages/airflow/example_dags/example_kubernetes_executor.py
[2025-04-30T15:39:34.931+0100] {processor.py:914} INFO - Processing file /Users/dineshsammeta/anaconda3/envs/python38/lib/python3.8/site-packages/airflow/example_dags/example_kubernetes_executor.py for tasks to queue
[2025-04-30T15:39:34.932+0100] {logging_mixin.py:190} INFO - [2025-04-30T15:39:34.931+0100] {dagbag.py:588} INFO - Filling up the DagBag from /Users/dineshsammeta/anaconda3/envs/python38/lib/python3.8/site-packages/airflow/example_dags/example_kubernetes_executor.py
[2025-04-30T15:39:34.981+0100] {logging_mixin.py:190} INFO - [2025-04-30T15:39:34.981+0100] {example_kubernetes_executor.py:39} WARNING - The example_kubernetes_executor example DAG requires the kubernetes provider. Please install it with: pip install apache-airflow[cncf.kubernetes]
[2025-04-30T15:39:34.981+0100] {processor.py:927} WARNING - No viable dags retrieved from /Users/dineshsammeta/anaconda3/envs/python38/lib/python3.8/site-packages/airflow/example_dags/example_kubernetes_executor.py
[2025-04-30T15:39:35.033+0100] {processor.py:208} INFO - Processing /Users/dineshsammeta/anaconda3/envs/python38/lib/python3.8/site-packages/airflow/example_dags/example_kubernetes_executor.py took 0.105 seconds
[2025-04-30T15:41:26.731+0100] {processor.py:186} INFO - Started process (PID=69782) to work on /Users/dineshsammeta/anaconda3/envs/python38/lib/python3.8/site-packages/airflow/example_dags/example_kubernetes_executor.py
[2025-04-30T15:41:26.732+0100] {processor.py:914} INFO - Processing file /Users/dineshsammeta/anaconda3/envs/python38/lib/python3.8/site-packages/airflow/example_dags/example_kubernetes_executor.py for tasks to queue
[2025-04-30T15:41:26.733+0100] {logging_mixin.py:190} INFO - [2025-04-30T15:41:26.733+0100] {dagbag.py:588} INFO - Filling up the DagBag from /Users/dineshsammeta/anaconda3/envs/python38/lib/python3.8/site-packages/airflow/example_dags/example_kubernetes_executor.py
[2025-04-30T15:41:26.781+0100] {logging_mixin.py:190} INFO - [2025-04-30T15:41:26.781+0100] {example_kubernetes_executor.py:39} WARNING - The example_kubernetes_executor example DAG requires the kubernetes provider. Please install it with: pip install apache-airflow[cncf.kubernetes]
[2025-04-30T15:41:26.781+0100] {processor.py:927} WARNING - No viable dags retrieved from /Users/dineshsammeta/anaconda3/envs/python38/lib/python3.8/site-packages/airflow/example_dags/example_kubernetes_executor.py
[2025-04-30T15:41:26.833+0100] {processor.py:208} INFO - Processing /Users/dineshsammeta/anaconda3/envs/python38/lib/python3.8/site-packages/airflow/example_dags/example_kubernetes_executor.py took 0.104 seconds
[2025-04-30T15:44:34.177+0100] {processor.py:186} INFO - Started process (PID=70101) to work on /Users/dineshsammeta/anaconda3/envs/python38/lib/python3.8/site-packages/airflow/example_dags/example_kubernetes_executor.py
[2025-04-30T15:44:34.178+0100] {processor.py:914} INFO - Processing file /Users/dineshsammeta/anaconda3/envs/python38/lib/python3.8/site-packages/airflow/example_dags/example_kubernetes_executor.py for tasks to queue
[2025-04-30T15:44:34.179+0100] {logging_mixin.py:190} INFO - [2025-04-30T15:44:34.179+0100] {dagbag.py:588} INFO - Filling up the DagBag from /Users/dineshsammeta/anaconda3/envs/python38/lib/python3.8/site-packages/airflow/example_dags/example_kubernetes_executor.py
[2025-04-30T15:44:34.235+0100] {logging_mixin.py:190} INFO - [2025-04-30T15:44:34.234+0100] {example_kubernetes_executor.py:39} WARNING - The example_kubernetes_executor example DAG requires the kubernetes provider. Please install it with: pip install apache-airflow[cncf.kubernetes]
[2025-04-30T15:44:34.235+0100] {processor.py:927} WARNING - No viable dags retrieved from /Users/dineshsammeta/anaconda3/envs/python38/lib/python3.8/site-packages/airflow/example_dags/example_kubernetes_executor.py
[2025-04-30T15:44:34.285+0100] {processor.py:208} INFO - Processing /Users/dineshsammeta/anaconda3/envs/python38/lib/python3.8/site-packages/airflow/example_dags/example_kubernetes_executor.py took 0.110 seconds
