[2025-04-30T13:40:25.766+0100] {processor.py:186} INFO - Started process (PID=66669) to work on /Users/dineshsammeta/anaconda3/envs/python38/lib/python3.8/site-packages/airflow/example_dags/example_external_task_marker_dag.py
[2025-04-30T13:40:25.766+0100] {processor.py:914} INFO - Processing file /Users/dineshsammeta/anaconda3/envs/python38/lib/python3.8/site-packages/airflow/example_dags/example_external_task_marker_dag.py for tasks to queue
[2025-04-30T13:40:25.767+0100] {logging_mixin.py:190} INFO - [2025-04-30T13:40:25.767+0100] {dagbag.py:588} INFO - Filling up the DagBag from /Users/dineshsammeta/anaconda3/envs/python38/lib/python3.8/site-packages/airflow/example_dags/example_external_task_marker_dag.py
[2025-04-30T13:40:25.811+0100] {processor.py:925} INFO - DAG(s) 'example_external_task_marker_child', 'example_external_task_marker_parent' retrieved from /Users/dineshsammeta/anaconda3/envs/python38/lib/python3.8/site-packages/airflow/example_dags/example_external_task_marker_dag.py
[2025-04-30T13:40:25.872+0100] {logging_mixin.py:190} INFO - [2025-04-30T13:40:25.872+0100] {workday.py:41} WARNING - Could not import pandas. Holidays will not be considered.
[2025-04-30T13:40:25.888+0100] {logging_mixin.py:190} INFO - [2025-04-30T13:40:25.888+0100] {dag.py:3239} INFO - Sync 2 DAGs
[2025-04-30T13:40:25.895+0100] {logging_mixin.py:190} INFO - [2025-04-30T13:40:25.895+0100] {dag.py:4180} INFO - Setting next_dagrun for example_external_task_marker_child to None, run_after=None
[2025-04-30T13:40:25.897+0100] {logging_mixin.py:190} INFO - [2025-04-30T13:40:25.897+0100] {dag.py:4180} INFO - Setting next_dagrun for example_external_task_marker_parent to None, run_after=None
[2025-04-30T13:40:25.912+0100] {processor.py:208} INFO - Processing /Users/dineshsammeta/anaconda3/envs/python38/lib/python3.8/site-packages/airflow/example_dags/example_external_task_marker_dag.py took 0.148 seconds
[2025-04-30T13:42:23.910+0100] {processor.py:186} INFO - Started process (PID=66960) to work on /Users/dineshsammeta/anaconda3/envs/python38/lib/python3.8/site-packages/airflow/example_dags/example_external_task_marker_dag.py
[2025-04-30T13:42:23.911+0100] {processor.py:914} INFO - Processing file /Users/dineshsammeta/anaconda3/envs/python38/lib/python3.8/site-packages/airflow/example_dags/example_external_task_marker_dag.py for tasks to queue
[2025-04-30T13:42:23.911+0100] {logging_mixin.py:190} INFO - [2025-04-30T13:42:23.911+0100] {dagbag.py:588} INFO - Filling up the DagBag from /Users/dineshsammeta/anaconda3/envs/python38/lib/python3.8/site-packages/airflow/example_dags/example_external_task_marker_dag.py
[2025-04-30T13:42:23.949+0100] {processor.py:925} INFO - DAG(s) 'example_external_task_marker_child', 'example_external_task_marker_parent' retrieved from /Users/dineshsammeta/anaconda3/envs/python38/lib/python3.8/site-packages/airflow/example_dags/example_external_task_marker_dag.py
[2025-04-30T13:42:24.003+0100] {logging_mixin.py:190} INFO - [2025-04-30T13:42:24.003+0100] {workday.py:41} WARNING - Could not import pandas. Holidays will not be considered.
[2025-04-30T13:42:24.013+0100] {logging_mixin.py:190} INFO - [2025-04-30T13:42:24.013+0100] {dag.py:3239} INFO - Sync 2 DAGs
[2025-04-30T13:42:24.019+0100] {logging_mixin.py:190} INFO - [2025-04-30T13:42:24.019+0100] {dag.py:4180} INFO - Setting next_dagrun for example_external_task_marker_child to None, run_after=None
[2025-04-30T13:42:24.021+0100] {logging_mixin.py:190} INFO - [2025-04-30T13:42:24.021+0100] {dag.py:4180} INFO - Setting next_dagrun for example_external_task_marker_parent to None, run_after=None
[2025-04-30T13:42:24.031+0100] {processor.py:208} INFO - Processing /Users/dineshsammeta/anaconda3/envs/python38/lib/python3.8/site-packages/airflow/example_dags/example_external_task_marker_dag.py took 0.123 seconds
[2025-04-30T13:45:21.548+0100] {processor.py:186} INFO - Started process (PID=67296) to work on /Users/dineshsammeta/anaconda3/envs/python38/lib/python3.8/site-packages/airflow/example_dags/example_external_task_marker_dag.py
[2025-04-30T13:45:21.549+0100] {processor.py:914} INFO - Processing file /Users/dineshsammeta/anaconda3/envs/python38/lib/python3.8/site-packages/airflow/example_dags/example_external_task_marker_dag.py for tasks to queue
[2025-04-30T13:45:21.550+0100] {logging_mixin.py:190} INFO - [2025-04-30T13:45:21.550+0100] {dagbag.py:588} INFO - Filling up the DagBag from /Users/dineshsammeta/anaconda3/envs/python38/lib/python3.8/site-packages/airflow/example_dags/example_external_task_marker_dag.py
[2025-04-30T13:45:21.598+0100] {processor.py:925} INFO - DAG(s) 'example_external_task_marker_child', 'example_external_task_marker_parent' retrieved from /Users/dineshsammeta/anaconda3/envs/python38/lib/python3.8/site-packages/airflow/example_dags/example_external_task_marker_dag.py
[2025-04-30T13:45:21.662+0100] {logging_mixin.py:190} INFO - [2025-04-30T13:45:21.662+0100] {workday.py:41} WARNING - Could not import pandas. Holidays will not be considered.
[2025-04-30T13:45:21.675+0100] {logging_mixin.py:190} INFO - [2025-04-30T13:45:21.674+0100] {dag.py:3239} INFO - Sync 2 DAGs
[2025-04-30T13:45:21.686+0100] {logging_mixin.py:190} INFO - [2025-04-30T13:45:21.686+0100] {dag.py:4180} INFO - Setting next_dagrun for example_external_task_marker_child to None, run_after=None
[2025-04-30T13:45:21.689+0100] {logging_mixin.py:190} INFO - [2025-04-30T13:45:21.689+0100] {dag.py:4180} INFO - Setting next_dagrun for example_external_task_marker_parent to None, run_after=None
[2025-04-30T13:45:21.702+0100] {processor.py:208} INFO - Processing /Users/dineshsammeta/anaconda3/envs/python38/lib/python3.8/site-packages/airflow/example_dags/example_external_task_marker_dag.py took 0.157 seconds
[2025-04-30T13:48:21.348+0100] {processor.py:186} INFO - Started process (PID=67668) to work on /Users/dineshsammeta/anaconda3/envs/python38/lib/python3.8/site-packages/airflow/example_dags/example_external_task_marker_dag.py
[2025-04-30T13:48:21.349+0100] {processor.py:914} INFO - Processing file /Users/dineshsammeta/anaconda3/envs/python38/lib/python3.8/site-packages/airflow/example_dags/example_external_task_marker_dag.py for tasks to queue
[2025-04-30T13:48:21.349+0100] {logging_mixin.py:190} INFO - [2025-04-30T13:48:21.349+0100] {dagbag.py:588} INFO - Filling up the DagBag from /Users/dineshsammeta/anaconda3/envs/python38/lib/python3.8/site-packages/airflow/example_dags/example_external_task_marker_dag.py
[2025-04-30T13:48:21.388+0100] {processor.py:925} INFO - DAG(s) 'example_external_task_marker_child', 'example_external_task_marker_parent' retrieved from /Users/dineshsammeta/anaconda3/envs/python38/lib/python3.8/site-packages/airflow/example_dags/example_external_task_marker_dag.py
[2025-04-30T13:48:21.441+0100] {logging_mixin.py:190} INFO - [2025-04-30T13:48:21.441+0100] {workday.py:41} WARNING - Could not import pandas. Holidays will not be considered.
[2025-04-30T13:48:21.451+0100] {logging_mixin.py:190} INFO - [2025-04-30T13:48:21.451+0100] {dag.py:3239} INFO - Sync 2 DAGs
[2025-04-30T13:48:21.457+0100] {logging_mixin.py:190} INFO - [2025-04-30T13:48:21.457+0100] {dag.py:4180} INFO - Setting next_dagrun for example_external_task_marker_child to None, run_after=None
[2025-04-30T13:48:21.459+0100] {logging_mixin.py:190} INFO - [2025-04-30T13:48:21.459+0100] {dag.py:4180} INFO - Setting next_dagrun for example_external_task_marker_parent to None, run_after=None
[2025-04-30T13:48:21.468+0100] {processor.py:208} INFO - Processing /Users/dineshsammeta/anaconda3/envs/python38/lib/python3.8/site-packages/airflow/example_dags/example_external_task_marker_dag.py took 0.122 seconds
[2025-04-30T13:51:28.285+0100] {processor.py:186} INFO - Started process (PID=68001) to work on /Users/dineshsammeta/anaconda3/envs/python38/lib/python3.8/site-packages/airflow/example_dags/example_external_task_marker_dag.py
[2025-04-30T13:51:28.287+0100] {processor.py:914} INFO - Processing file /Users/dineshsammeta/anaconda3/envs/python38/lib/python3.8/site-packages/airflow/example_dags/example_external_task_marker_dag.py for tasks to queue
[2025-04-30T13:51:28.287+0100] {logging_mixin.py:190} INFO - [2025-04-30T13:51:28.287+0100] {dagbag.py:588} INFO - Filling up the DagBag from /Users/dineshsammeta/anaconda3/envs/python38/lib/python3.8/site-packages/airflow/example_dags/example_external_task_marker_dag.py
[2025-04-30T13:51:28.328+0100] {processor.py:925} INFO - DAG(s) 'example_external_task_marker_child', 'example_external_task_marker_parent' retrieved from /Users/dineshsammeta/anaconda3/envs/python38/lib/python3.8/site-packages/airflow/example_dags/example_external_task_marker_dag.py
[2025-04-30T13:51:28.381+0100] {logging_mixin.py:190} INFO - [2025-04-30T13:51:28.381+0100] {workday.py:41} WARNING - Could not import pandas. Holidays will not be considered.
[2025-04-30T13:51:28.391+0100] {logging_mixin.py:190} INFO - [2025-04-30T13:51:28.391+0100] {dag.py:3239} INFO - Sync 2 DAGs
[2025-04-30T13:51:28.397+0100] {logging_mixin.py:190} INFO - [2025-04-30T13:51:28.397+0100] {dag.py:4180} INFO - Setting next_dagrun for example_external_task_marker_child to None, run_after=None
[2025-04-30T13:51:28.399+0100] {logging_mixin.py:190} INFO - [2025-04-30T13:51:28.399+0100] {dag.py:4180} INFO - Setting next_dagrun for example_external_task_marker_parent to None, run_after=None
[2025-04-30T13:51:28.407+0100] {processor.py:208} INFO - Processing /Users/dineshsammeta/anaconda3/envs/python38/lib/python3.8/site-packages/airflow/example_dags/example_external_task_marker_dag.py took 0.125 seconds
[2025-04-30T13:54:38.419+0100] {processor.py:186} INFO - Started process (PID=68370) to work on /Users/dineshsammeta/anaconda3/envs/python38/lib/python3.8/site-packages/airflow/example_dags/example_external_task_marker_dag.py
[2025-04-30T13:54:38.421+0100] {processor.py:914} INFO - Processing file /Users/dineshsammeta/anaconda3/envs/python38/lib/python3.8/site-packages/airflow/example_dags/example_external_task_marker_dag.py for tasks to queue
[2025-04-30T13:54:38.422+0100] {logging_mixin.py:190} INFO - [2025-04-30T13:54:38.422+0100] {dagbag.py:588} INFO - Filling up the DagBag from /Users/dineshsammeta/anaconda3/envs/python38/lib/python3.8/site-packages/airflow/example_dags/example_external_task_marker_dag.py
[2025-04-30T13:54:38.461+0100] {processor.py:925} INFO - DAG(s) 'example_external_task_marker_parent', 'example_external_task_marker_child' retrieved from /Users/dineshsammeta/anaconda3/envs/python38/lib/python3.8/site-packages/airflow/example_dags/example_external_task_marker_dag.py
[2025-04-30T13:54:38.520+0100] {logging_mixin.py:190} INFO - [2025-04-30T13:54:38.519+0100] {workday.py:41} WARNING - Could not import pandas. Holidays will not be considered.
[2025-04-30T13:54:38.526+0100] {logging_mixin.py:190} INFO - [2025-04-30T13:54:38.526+0100] {dag.py:3239} INFO - Sync 2 DAGs
[2025-04-30T13:54:38.533+0100] {logging_mixin.py:190} INFO - [2025-04-30T13:54:38.532+0100] {dag.py:4180} INFO - Setting next_dagrun for example_external_task_marker_child to None, run_after=None
[2025-04-30T13:54:38.534+0100] {logging_mixin.py:190} INFO - [2025-04-30T13:54:38.534+0100] {dag.py:4180} INFO - Setting next_dagrun for example_external_task_marker_parent to None, run_after=None
[2025-04-30T13:54:38.543+0100] {processor.py:208} INFO - Processing /Users/dineshsammeta/anaconda3/envs/python38/lib/python3.8/site-packages/airflow/example_dags/example_external_task_marker_dag.py took 0.126 seconds
[2025-04-30T13:57:41.521+0100] {processor.py:186} INFO - Started process (PID=68683) to work on /Users/dineshsammeta/anaconda3/envs/python38/lib/python3.8/site-packages/airflow/example_dags/example_external_task_marker_dag.py
[2025-04-30T13:57:41.522+0100] {processor.py:914} INFO - Processing file /Users/dineshsammeta/anaconda3/envs/python38/lib/python3.8/site-packages/airflow/example_dags/example_external_task_marker_dag.py for tasks to queue
[2025-04-30T13:57:41.523+0100] {logging_mixin.py:190} INFO - [2025-04-30T13:57:41.523+0100] {dagbag.py:588} INFO - Filling up the DagBag from /Users/dineshsammeta/anaconda3/envs/python38/lib/python3.8/site-packages/airflow/example_dags/example_external_task_marker_dag.py
[2025-04-30T13:57:41.561+0100] {processor.py:925} INFO - DAG(s) 'example_external_task_marker_parent', 'example_external_task_marker_child' retrieved from /Users/dineshsammeta/anaconda3/envs/python38/lib/python3.8/site-packages/airflow/example_dags/example_external_task_marker_dag.py
[2025-04-30T13:57:41.619+0100] {logging_mixin.py:190} INFO - [2025-04-30T13:57:41.619+0100] {workday.py:41} WARNING - Could not import pandas. Holidays will not be considered.
[2025-04-30T13:57:41.626+0100] {logging_mixin.py:190} INFO - [2025-04-30T13:57:41.626+0100] {dag.py:3239} INFO - Sync 2 DAGs
[2025-04-30T13:57:41.632+0100] {logging_mixin.py:190} INFO - [2025-04-30T13:57:41.632+0100] {dag.py:4180} INFO - Setting next_dagrun for example_external_task_marker_child to None, run_after=None
[2025-04-30T13:57:41.634+0100] {logging_mixin.py:190} INFO - [2025-04-30T13:57:41.634+0100] {dag.py:4180} INFO - Setting next_dagrun for example_external_task_marker_parent to None, run_after=None
[2025-04-30T13:57:41.642+0100] {processor.py:208} INFO - Processing /Users/dineshsammeta/anaconda3/envs/python38/lib/python3.8/site-packages/airflow/example_dags/example_external_task_marker_dag.py took 0.123 seconds
[2025-04-30T14:00:38.651+0100] {processor.py:186} INFO - Started process (PID=69008) to work on /Users/dineshsammeta/anaconda3/envs/python38/lib/python3.8/site-packages/airflow/example_dags/example_external_task_marker_dag.py
[2025-04-30T14:00:38.653+0100] {processor.py:914} INFO - Processing file /Users/dineshsammeta/anaconda3/envs/python38/lib/python3.8/site-packages/airflow/example_dags/example_external_task_marker_dag.py for tasks to queue
[2025-04-30T14:00:38.653+0100] {logging_mixin.py:190} INFO - [2025-04-30T14:00:38.653+0100] {dagbag.py:588} INFO - Filling up the DagBag from /Users/dineshsammeta/anaconda3/envs/python38/lib/python3.8/site-packages/airflow/example_dags/example_external_task_marker_dag.py
[2025-04-30T14:00:38.691+0100] {processor.py:925} INFO - DAG(s) 'example_external_task_marker_parent', 'example_external_task_marker_child' retrieved from /Users/dineshsammeta/anaconda3/envs/python38/lib/python3.8/site-packages/airflow/example_dags/example_external_task_marker_dag.py
[2025-04-30T14:00:38.749+0100] {logging_mixin.py:190} INFO - [2025-04-30T14:00:38.749+0100] {workday.py:41} WARNING - Could not import pandas. Holidays will not be considered.
[2025-04-30T14:00:38.756+0100] {logging_mixin.py:190} INFO - [2025-04-30T14:00:38.755+0100] {dag.py:3239} INFO - Sync 2 DAGs
[2025-04-30T14:00:38.762+0100] {logging_mixin.py:190} INFO - [2025-04-30T14:00:38.762+0100] {dag.py:4180} INFO - Setting next_dagrun for example_external_task_marker_child to None, run_after=None
[2025-04-30T14:00:38.763+0100] {logging_mixin.py:190} INFO - [2025-04-30T14:00:38.763+0100] {dag.py:4180} INFO - Setting next_dagrun for example_external_task_marker_parent to None, run_after=None
[2025-04-30T14:00:38.772+0100] {processor.py:208} INFO - Processing /Users/dineshsammeta/anaconda3/envs/python38/lib/python3.8/site-packages/airflow/example_dags/example_external_task_marker_dag.py took 0.123 seconds
[2025-04-30T15:24:11.653+0100] {processor.py:186} INFO - Started process (PID=69386) to work on /Users/dineshsammeta/anaconda3/envs/python38/lib/python3.8/site-packages/airflow/example_dags/example_external_task_marker_dag.py
[2025-04-30T15:24:11.654+0100] {processor.py:914} INFO - Processing file /Users/dineshsammeta/anaconda3/envs/python38/lib/python3.8/site-packages/airflow/example_dags/example_external_task_marker_dag.py for tasks to queue
[2025-04-30T15:24:11.655+0100] {logging_mixin.py:190} INFO - [2025-04-30T15:24:11.655+0100] {dagbag.py:588} INFO - Filling up the DagBag from /Users/dineshsammeta/anaconda3/envs/python38/lib/python3.8/site-packages/airflow/example_dags/example_external_task_marker_dag.py
[2025-04-30T15:24:11.696+0100] {processor.py:925} INFO - DAG(s) 'example_external_task_marker_parent', 'example_external_task_marker_child' retrieved from /Users/dineshsammeta/anaconda3/envs/python38/lib/python3.8/site-packages/airflow/example_dags/example_external_task_marker_dag.py
[2025-04-30T15:24:11.750+0100] {logging_mixin.py:190} INFO - [2025-04-30T15:24:11.750+0100] {workday.py:41} WARNING - Could not import pandas. Holidays will not be considered.
[2025-04-30T15:24:11.757+0100] {logging_mixin.py:190} INFO - [2025-04-30T15:24:11.756+0100] {dag.py:3239} INFO - Sync 2 DAGs
[2025-04-30T15:24:11.763+0100] {logging_mixin.py:190} INFO - [2025-04-30T15:24:11.763+0100] {dag.py:4180} INFO - Setting next_dagrun for example_external_task_marker_child to None, run_after=None
[2025-04-30T15:24:11.765+0100] {logging_mixin.py:190} INFO - [2025-04-30T15:24:11.765+0100] {dag.py:4180} INFO - Setting next_dagrun for example_external_task_marker_parent to None, run_after=None
[2025-04-30T15:24:11.774+0100] {processor.py:208} INFO - Processing /Users/dineshsammeta/anaconda3/envs/python38/lib/python3.8/site-packages/airflow/example_dags/example_external_task_marker_dag.py took 0.123 seconds
[2025-04-30T15:39:38.886+0100] {processor.py:186} INFO - Started process (PID=69590) to work on /Users/dineshsammeta/anaconda3/envs/python38/lib/python3.8/site-packages/airflow/example_dags/example_external_task_marker_dag.py
[2025-04-30T15:39:38.887+0100] {processor.py:914} INFO - Processing file /Users/dineshsammeta/anaconda3/envs/python38/lib/python3.8/site-packages/airflow/example_dags/example_external_task_marker_dag.py for tasks to queue
[2025-04-30T15:39:38.888+0100] {logging_mixin.py:190} INFO - [2025-04-30T15:39:38.888+0100] {dagbag.py:588} INFO - Filling up the DagBag from /Users/dineshsammeta/anaconda3/envs/python38/lib/python3.8/site-packages/airflow/example_dags/example_external_task_marker_dag.py
[2025-04-30T15:39:38.926+0100] {processor.py:925} INFO - DAG(s) 'example_external_task_marker_parent', 'example_external_task_marker_child' retrieved from /Users/dineshsammeta/anaconda3/envs/python38/lib/python3.8/site-packages/airflow/example_dags/example_external_task_marker_dag.py
[2025-04-30T15:39:38.984+0100] {logging_mixin.py:190} INFO - [2025-04-30T15:39:38.984+0100] {workday.py:41} WARNING - Could not import pandas. Holidays will not be considered.
[2025-04-30T15:39:38.990+0100] {logging_mixin.py:190} INFO - [2025-04-30T15:39:38.990+0100] {dag.py:3239} INFO - Sync 2 DAGs
[2025-04-30T15:39:38.996+0100] {logging_mixin.py:190} INFO - [2025-04-30T15:39:38.996+0100] {dag.py:4180} INFO - Setting next_dagrun for example_external_task_marker_child to None, run_after=None
[2025-04-30T15:39:38.998+0100] {logging_mixin.py:190} INFO - [2025-04-30T15:39:38.998+0100] {dag.py:4180} INFO - Setting next_dagrun for example_external_task_marker_parent to None, run_after=None
[2025-04-30T15:39:39.007+0100] {processor.py:208} INFO - Processing /Users/dineshsammeta/anaconda3/envs/python38/lib/python3.8/site-packages/airflow/example_dags/example_external_task_marker_dag.py took 0.122 seconds
[2025-04-30T15:42:36.354+0100] {processor.py:186} INFO - Started process (PID=69911) to work on /Users/dineshsammeta/anaconda3/envs/python38/lib/python3.8/site-packages/airflow/example_dags/example_external_task_marker_dag.py
[2025-04-30T15:42:36.356+0100] {processor.py:914} INFO - Processing file /Users/dineshsammeta/anaconda3/envs/python38/lib/python3.8/site-packages/airflow/example_dags/example_external_task_marker_dag.py for tasks to queue
[2025-04-30T15:42:36.357+0100] {logging_mixin.py:190} INFO - [2025-04-30T15:42:36.356+0100] {dagbag.py:588} INFO - Filling up the DagBag from /Users/dineshsammeta/anaconda3/envs/python38/lib/python3.8/site-packages/airflow/example_dags/example_external_task_marker_dag.py
[2025-04-30T15:42:36.394+0100] {processor.py:925} INFO - DAG(s) 'example_external_task_marker_child', 'example_external_task_marker_parent' retrieved from /Users/dineshsammeta/anaconda3/envs/python38/lib/python3.8/site-packages/airflow/example_dags/example_external_task_marker_dag.py
[2025-04-30T15:42:36.447+0100] {logging_mixin.py:190} INFO - [2025-04-30T15:42:36.447+0100] {workday.py:41} WARNING - Could not import pandas. Holidays will not be considered.
[2025-04-30T15:42:36.457+0100] {logging_mixin.py:190} INFO - [2025-04-30T15:42:36.457+0100] {dag.py:3239} INFO - Sync 2 DAGs
[2025-04-30T15:42:36.463+0100] {logging_mixin.py:190} INFO - [2025-04-30T15:42:36.463+0100] {dag.py:4180} INFO - Setting next_dagrun for example_external_task_marker_child to None, run_after=None
[2025-04-30T15:42:36.465+0100] {logging_mixin.py:190} INFO - [2025-04-30T15:42:36.465+0100] {dag.py:4180} INFO - Setting next_dagrun for example_external_task_marker_parent to None, run_after=None
[2025-04-30T15:42:36.474+0100] {processor.py:208} INFO - Processing /Users/dineshsammeta/anaconda3/envs/python38/lib/python3.8/site-packages/airflow/example_dags/example_external_task_marker_dag.py took 0.122 seconds
[2025-04-30T15:45:55.403+0100] {processor.py:186} INFO - Started process (PID=70239) to work on /Users/dineshsammeta/anaconda3/envs/python38/lib/python3.8/site-packages/airflow/example_dags/example_external_task_marker_dag.py
[2025-04-30T15:45:55.404+0100] {processor.py:914} INFO - Processing file /Users/dineshsammeta/anaconda3/envs/python38/lib/python3.8/site-packages/airflow/example_dags/example_external_task_marker_dag.py for tasks to queue
[2025-04-30T15:45:55.405+0100] {logging_mixin.py:190} INFO - [2025-04-30T15:45:55.405+0100] {dagbag.py:588} INFO - Filling up the DagBag from /Users/dineshsammeta/anaconda3/envs/python38/lib/python3.8/site-packages/airflow/example_dags/example_external_task_marker_dag.py
[2025-04-30T15:45:55.443+0100] {processor.py:925} INFO - DAG(s) 'example_external_task_marker_parent', 'example_external_task_marker_child' retrieved from /Users/dineshsammeta/anaconda3/envs/python38/lib/python3.8/site-packages/airflow/example_dags/example_external_task_marker_dag.py
[2025-04-30T15:45:55.501+0100] {logging_mixin.py:190} INFO - [2025-04-30T15:45:55.501+0100] {workday.py:41} WARNING - Could not import pandas. Holidays will not be considered.
[2025-04-30T15:45:55.508+0100] {logging_mixin.py:190} INFO - [2025-04-30T15:45:55.508+0100] {dag.py:3239} INFO - Sync 2 DAGs
[2025-04-30T15:45:55.514+0100] {logging_mixin.py:190} INFO - [2025-04-30T15:45:55.514+0100] {dag.py:4180} INFO - Setting next_dagrun for example_external_task_marker_child to None, run_after=None
[2025-04-30T15:45:55.515+0100] {logging_mixin.py:190} INFO - [2025-04-30T15:45:55.515+0100] {dag.py:4180} INFO - Setting next_dagrun for example_external_task_marker_parent to None, run_after=None
[2025-04-30T15:45:55.524+0100] {processor.py:208} INFO - Processing /Users/dineshsammeta/anaconda3/envs/python38/lib/python3.8/site-packages/airflow/example_dags/example_external_task_marker_dag.py took 0.124 seconds
