[2025-04-30T13:39:33.214+0100] {processor.py:186} INFO - Started process (PID=66576) to work on /Users/dineshsammeta/anaconda3/envs/python38/lib/python3.8/site-packages/airflow/example_dags/example_time_delta_sensor_async.py
[2025-04-30T13:39:33.215+0100] {processor.py:914} INFO - Processing file /Users/dineshsammeta/anaconda3/envs/python38/lib/python3.8/site-packages/airflow/example_dags/example_time_delta_sensor_async.py for tasks to queue
[2025-04-30T13:39:33.215+0100] {logging_mixin.py:190} INFO - [2025-04-30T13:39:33.215+0100] {dagbag.py:588} INFO - Filling up the DagBag from /Users/dineshsammeta/anaconda3/envs/python38/lib/python3.8/site-packages/airflow/example_dags/example_time_delta_sensor_async.py
[2025-04-30T13:39:33.221+0100] {processor.py:925} INFO - DAG(s) 'example_time_delta_sensor_async' retrieved from /Users/dineshsammeta/anaconda3/envs/python38/lib/python3.8/site-packages/airflow/example_dags/example_time_delta_sensor_async.py
[2025-04-30T13:39:33.304+0100] {logging_mixin.py:190} INFO - [2025-04-30T13:39:33.304+0100] {workday.py:41} WARNING - Could not import pandas. Holidays will not be considered.
[2025-04-30T13:39:33.315+0100] {logging_mixin.py:190} INFO - [2025-04-30T13:39:33.315+0100] {dag.py:3239} INFO - Sync 1 DAGs
[2025-04-30T13:39:33.322+0100] {logging_mixin.py:190} INFO - [2025-04-30T13:39:33.322+0100] {dag.py:4180} INFO - Setting next_dagrun for example_time_delta_sensor_async to None, run_after=None
[2025-04-30T13:39:33.341+0100] {processor.py:208} INFO - Processing /Users/dineshsammeta/anaconda3/envs/python38/lib/python3.8/site-packages/airflow/example_dags/example_time_delta_sensor_async.py took 0.129 seconds
[2025-04-30T13:41:33.905+0100] {processor.py:186} INFO - Started process (PID=66863) to work on /Users/dineshsammeta/anaconda3/envs/python38/lib/python3.8/site-packages/airflow/example_dags/example_time_delta_sensor_async.py
[2025-04-30T13:41:33.906+0100] {processor.py:914} INFO - Processing file /Users/dineshsammeta/anaconda3/envs/python38/lib/python3.8/site-packages/airflow/example_dags/example_time_delta_sensor_async.py for tasks to queue
[2025-04-30T13:41:33.906+0100] {logging_mixin.py:190} INFO - [2025-04-30T13:41:33.906+0100] {dagbag.py:588} INFO - Filling up the DagBag from /Users/dineshsammeta/anaconda3/envs/python38/lib/python3.8/site-packages/airflow/example_dags/example_time_delta_sensor_async.py
[2025-04-30T13:41:33.912+0100] {processor.py:925} INFO - DAG(s) 'example_time_delta_sensor_async' retrieved from /Users/dineshsammeta/anaconda3/envs/python38/lib/python3.8/site-packages/airflow/example_dags/example_time_delta_sensor_async.py
[2025-04-30T13:41:33.996+0100] {logging_mixin.py:190} INFO - [2025-04-30T13:41:33.996+0100] {workday.py:41} WARNING - Could not import pandas. Holidays will not be considered.
[2025-04-30T13:41:34.007+0100] {logging_mixin.py:190} INFO - [2025-04-30T13:41:34.007+0100] {dag.py:3239} INFO - Sync 1 DAGs
[2025-04-30T13:41:34.013+0100] {logging_mixin.py:190} INFO - [2025-04-30T13:41:34.013+0100] {dag.py:4180} INFO - Setting next_dagrun for example_time_delta_sensor_async to None, run_after=None
[2025-04-30T13:41:34.023+0100] {processor.py:208} INFO - Processing /Users/dineshsammeta/anaconda3/envs/python38/lib/python3.8/site-packages/airflow/example_dags/example_time_delta_sensor_async.py took 0.120 seconds
[2025-04-30T13:43:03.395+0100] {processor.py:186} INFO - Started process (PID=67044) to work on /Users/dineshsammeta/anaconda3/envs/python38/lib/python3.8/site-packages/airflow/example_dags/example_time_delta_sensor_async.py
[2025-04-30T13:43:03.396+0100] {processor.py:914} INFO - Processing file /Users/dineshsammeta/anaconda3/envs/python38/lib/python3.8/site-packages/airflow/example_dags/example_time_delta_sensor_async.py for tasks to queue
[2025-04-30T13:43:03.396+0100] {logging_mixin.py:190} INFO - [2025-04-30T13:43:03.396+0100] {dagbag.py:588} INFO - Filling up the DagBag from /Users/dineshsammeta/anaconda3/envs/python38/lib/python3.8/site-packages/airflow/example_dags/example_time_delta_sensor_async.py
[2025-04-30T13:43:03.402+0100] {processor.py:925} INFO - DAG(s) 'example_time_delta_sensor_async' retrieved from /Users/dineshsammeta/anaconda3/envs/python38/lib/python3.8/site-packages/airflow/example_dags/example_time_delta_sensor_async.py
[2025-04-30T13:43:03.486+0100] {logging_mixin.py:190} INFO - [2025-04-30T13:43:03.485+0100] {workday.py:41} WARNING - Could not import pandas. Holidays will not be considered.
[2025-04-30T13:43:03.496+0100] {logging_mixin.py:190} INFO - [2025-04-30T13:43:03.496+0100] {dag.py:3239} INFO - Sync 1 DAGs
[2025-04-30T13:43:03.502+0100] {logging_mixin.py:190} INFO - [2025-04-30T13:43:03.502+0100] {dag.py:4180} INFO - Setting next_dagrun for example_time_delta_sensor_async to None, run_after=None
[2025-04-30T13:43:03.513+0100] {processor.py:208} INFO - Processing /Users/dineshsammeta/anaconda3/envs/python38/lib/python3.8/site-packages/airflow/example_dags/example_time_delta_sensor_async.py took 0.120 seconds
[2025-04-30T13:44:33.292+0100] {processor.py:186} INFO - Started process (PID=67209) to work on /Users/dineshsammeta/anaconda3/envs/python38/lib/python3.8/site-packages/airflow/example_dags/example_time_delta_sensor_async.py
[2025-04-30T13:44:33.293+0100] {processor.py:914} INFO - Processing file /Users/dineshsammeta/anaconda3/envs/python38/lib/python3.8/site-packages/airflow/example_dags/example_time_delta_sensor_async.py for tasks to queue
[2025-04-30T13:44:33.293+0100] {logging_mixin.py:190} INFO - [2025-04-30T13:44:33.293+0100] {dagbag.py:588} INFO - Filling up the DagBag from /Users/dineshsammeta/anaconda3/envs/python38/lib/python3.8/site-packages/airflow/example_dags/example_time_delta_sensor_async.py
[2025-04-30T13:44:33.299+0100] {processor.py:925} INFO - DAG(s) 'example_time_delta_sensor_async' retrieved from /Users/dineshsammeta/anaconda3/envs/python38/lib/python3.8/site-packages/airflow/example_dags/example_time_delta_sensor_async.py
[2025-04-30T13:44:33.384+0100] {logging_mixin.py:190} INFO - [2025-04-30T13:44:33.384+0100] {workday.py:41} WARNING - Could not import pandas. Holidays will not be considered.
[2025-04-30T13:44:33.395+0100] {logging_mixin.py:190} INFO - [2025-04-30T13:44:33.395+0100] {dag.py:3239} INFO - Sync 1 DAGs
[2025-04-30T13:44:33.401+0100] {logging_mixin.py:190} INFO - [2025-04-30T13:44:33.401+0100] {dag.py:4180} INFO - Setting next_dagrun for example_time_delta_sensor_async to None, run_after=None
[2025-04-30T13:44:33.410+0100] {processor.py:208} INFO - Processing /Users/dineshsammeta/anaconda3/envs/python38/lib/python3.8/site-packages/airflow/example_dags/example_time_delta_sensor_async.py took 0.121 seconds
[2025-04-30T13:46:01.884+0100] {processor.py:186} INFO - Started process (PID=67382) to work on /Users/dineshsammeta/anaconda3/envs/python38/lib/python3.8/site-packages/airflow/example_dags/example_time_delta_sensor_async.py
[2025-04-30T13:46:01.885+0100] {processor.py:914} INFO - Processing file /Users/dineshsammeta/anaconda3/envs/python38/lib/python3.8/site-packages/airflow/example_dags/example_time_delta_sensor_async.py for tasks to queue
[2025-04-30T13:46:01.886+0100] {logging_mixin.py:190} INFO - [2025-04-30T13:46:01.886+0100] {dagbag.py:588} INFO - Filling up the DagBag from /Users/dineshsammeta/anaconda3/envs/python38/lib/python3.8/site-packages/airflow/example_dags/example_time_delta_sensor_async.py
[2025-04-30T13:46:01.893+0100] {processor.py:925} INFO - DAG(s) 'example_time_delta_sensor_async' retrieved from /Users/dineshsammeta/anaconda3/envs/python38/lib/python3.8/site-packages/airflow/example_dags/example_time_delta_sensor_async.py
[2025-04-30T13:46:01.979+0100] {logging_mixin.py:190} INFO - [2025-04-30T13:46:01.979+0100] {workday.py:41} WARNING - Could not import pandas. Holidays will not be considered.
[2025-04-30T13:46:01.990+0100] {logging_mixin.py:190} INFO - [2025-04-30T13:46:01.990+0100] {dag.py:3239} INFO - Sync 1 DAGs
[2025-04-30T13:46:01.996+0100] {logging_mixin.py:190} INFO - [2025-04-30T13:46:01.996+0100] {dag.py:4180} INFO - Setting next_dagrun for example_time_delta_sensor_async to None, run_after=None
[2025-04-30T13:46:02.005+0100] {processor.py:208} INFO - Processing /Users/dineshsammeta/anaconda3/envs/python38/lib/python3.8/site-packages/airflow/example_dags/example_time_delta_sensor_async.py took 0.123 seconds
[2025-04-30T13:47:29.914+0100] {processor.py:186} INFO - Started process (PID=67565) to work on /Users/dineshsammeta/anaconda3/envs/python38/lib/python3.8/site-packages/airflow/example_dags/example_time_delta_sensor_async.py
[2025-04-30T13:47:29.915+0100] {processor.py:914} INFO - Processing file /Users/dineshsammeta/anaconda3/envs/python38/lib/python3.8/site-packages/airflow/example_dags/example_time_delta_sensor_async.py for tasks to queue
[2025-04-30T13:47:29.916+0100] {logging_mixin.py:190} INFO - [2025-04-30T13:47:29.916+0100] {dagbag.py:588} INFO - Filling up the DagBag from /Users/dineshsammeta/anaconda3/envs/python38/lib/python3.8/site-packages/airflow/example_dags/example_time_delta_sensor_async.py
[2025-04-30T13:47:29.922+0100] {processor.py:925} INFO - DAG(s) 'example_time_delta_sensor_async' retrieved from /Users/dineshsammeta/anaconda3/envs/python38/lib/python3.8/site-packages/airflow/example_dags/example_time_delta_sensor_async.py
[2025-04-30T13:47:30.005+0100] {logging_mixin.py:190} INFO - [2025-04-30T13:47:30.005+0100] {workday.py:41} WARNING - Could not import pandas. Holidays will not be considered.
[2025-04-30T13:47:30.016+0100] {logging_mixin.py:190} INFO - [2025-04-30T13:47:30.015+0100] {dag.py:3239} INFO - Sync 1 DAGs
[2025-04-30T13:47:30.021+0100] {logging_mixin.py:190} INFO - [2025-04-30T13:47:30.021+0100] {dag.py:4180} INFO - Setting next_dagrun for example_time_delta_sensor_async to None, run_after=None
[2025-04-30T13:47:30.031+0100] {processor.py:208} INFO - Processing /Users/dineshsammeta/anaconda3/envs/python38/lib/python3.8/site-packages/airflow/example_dags/example_time_delta_sensor_async.py took 0.119 seconds
[2025-04-30T13:49:01.615+0100] {processor.py:186} INFO - Started process (PID=67739) to work on /Users/dineshsammeta/anaconda3/envs/python38/lib/python3.8/site-packages/airflow/example_dags/example_time_delta_sensor_async.py
[2025-04-30T13:49:01.616+0100] {processor.py:914} INFO - Processing file /Users/dineshsammeta/anaconda3/envs/python38/lib/python3.8/site-packages/airflow/example_dags/example_time_delta_sensor_async.py for tasks to queue
[2025-04-30T13:49:01.616+0100] {logging_mixin.py:190} INFO - [2025-04-30T13:49:01.616+0100] {dagbag.py:588} INFO - Filling up the DagBag from /Users/dineshsammeta/anaconda3/envs/python38/lib/python3.8/site-packages/airflow/example_dags/example_time_delta_sensor_async.py
[2025-04-30T13:49:01.622+0100] {processor.py:925} INFO - DAG(s) 'example_time_delta_sensor_async' retrieved from /Users/dineshsammeta/anaconda3/envs/python38/lib/python3.8/site-packages/airflow/example_dags/example_time_delta_sensor_async.py
[2025-04-30T13:49:01.705+0100] {logging_mixin.py:190} INFO - [2025-04-30T13:49:01.705+0100] {workday.py:41} WARNING - Could not import pandas. Holidays will not be considered.
[2025-04-30T13:49:01.719+0100] {logging_mixin.py:190} INFO - [2025-04-30T13:49:01.718+0100] {dag.py:3239} INFO - Sync 1 DAGs
[2025-04-30T13:49:01.725+0100] {logging_mixin.py:190} INFO - [2025-04-30T13:49:01.724+0100] {dag.py:4180} INFO - Setting next_dagrun for example_time_delta_sensor_async to None, run_after=None
[2025-04-30T13:49:01.734+0100] {processor.py:208} INFO - Processing /Users/dineshsammeta/anaconda3/envs/python38/lib/python3.8/site-packages/airflow/example_dags/example_time_delta_sensor_async.py took 0.122 seconds
[2025-04-30T13:50:37.446+0100] {processor.py:186} INFO - Started process (PID=67914) to work on /Users/dineshsammeta/anaconda3/envs/python38/lib/python3.8/site-packages/airflow/example_dags/example_time_delta_sensor_async.py
[2025-04-30T13:50:37.448+0100] {processor.py:914} INFO - Processing file /Users/dineshsammeta/anaconda3/envs/python38/lib/python3.8/site-packages/airflow/example_dags/example_time_delta_sensor_async.py for tasks to queue
[2025-04-30T13:50:37.448+0100] {logging_mixin.py:190} INFO - [2025-04-30T13:50:37.448+0100] {dagbag.py:588} INFO - Filling up the DagBag from /Users/dineshsammeta/anaconda3/envs/python38/lib/python3.8/site-packages/airflow/example_dags/example_time_delta_sensor_async.py
[2025-04-30T13:50:37.454+0100] {processor.py:925} INFO - DAG(s) 'example_time_delta_sensor_async' retrieved from /Users/dineshsammeta/anaconda3/envs/python38/lib/python3.8/site-packages/airflow/example_dags/example_time_delta_sensor_async.py
[2025-04-30T13:50:37.538+0100] {logging_mixin.py:190} INFO - [2025-04-30T13:50:37.538+0100] {workday.py:41} WARNING - Could not import pandas. Holidays will not be considered.
[2025-04-30T13:50:37.549+0100] {logging_mixin.py:190} INFO - [2025-04-30T13:50:37.549+0100] {dag.py:3239} INFO - Sync 1 DAGs
[2025-04-30T13:50:37.555+0100] {logging_mixin.py:190} INFO - [2025-04-30T13:50:37.555+0100] {dag.py:4180} INFO - Setting next_dagrun for example_time_delta_sensor_async to None, run_after=None
[2025-04-30T13:50:37.566+0100] {processor.py:208} INFO - Processing /Users/dineshsammeta/anaconda3/envs/python38/lib/python3.8/site-packages/airflow/example_dags/example_time_delta_sensor_async.py took 0.121 seconds
[2025-04-30T13:52:08.530+0100] {processor.py:186} INFO - Started process (PID=68069) to work on /Users/dineshsammeta/anaconda3/envs/python38/lib/python3.8/site-packages/airflow/example_dags/example_time_delta_sensor_async.py
[2025-04-30T13:52:08.530+0100] {processor.py:914} INFO - Processing file /Users/dineshsammeta/anaconda3/envs/python38/lib/python3.8/site-packages/airflow/example_dags/example_time_delta_sensor_async.py for tasks to queue
[2025-04-30T13:52:08.531+0100] {logging_mixin.py:190} INFO - [2025-04-30T13:52:08.531+0100] {dagbag.py:588} INFO - Filling up the DagBag from /Users/dineshsammeta/anaconda3/envs/python38/lib/python3.8/site-packages/airflow/example_dags/example_time_delta_sensor_async.py
[2025-04-30T13:52:08.537+0100] {processor.py:925} INFO - DAG(s) 'example_time_delta_sensor_async' retrieved from /Users/dineshsammeta/anaconda3/envs/python38/lib/python3.8/site-packages/airflow/example_dags/example_time_delta_sensor_async.py
[2025-04-30T13:52:08.620+0100] {logging_mixin.py:190} INFO - [2025-04-30T13:52:08.620+0100] {workday.py:41} WARNING - Could not import pandas. Holidays will not be considered.
[2025-04-30T13:52:08.631+0100] {logging_mixin.py:190} INFO - [2025-04-30T13:52:08.630+0100] {dag.py:3239} INFO - Sync 1 DAGs
[2025-04-30T13:52:08.637+0100] {logging_mixin.py:190} INFO - [2025-04-30T13:52:08.637+0100] {dag.py:4180} INFO - Setting next_dagrun for example_time_delta_sensor_async to None, run_after=None
[2025-04-30T13:52:08.647+0100] {processor.py:208} INFO - Processing /Users/dineshsammeta/anaconda3/envs/python38/lib/python3.8/site-packages/airflow/example_dags/example_time_delta_sensor_async.py took 0.119 seconds
[2025-04-30T13:53:47.195+0100] {processor.py:186} INFO - Started process (PID=68263) to work on /Users/dineshsammeta/anaconda3/envs/python38/lib/python3.8/site-packages/airflow/example_dags/example_time_delta_sensor_async.py
[2025-04-30T13:53:47.196+0100] {processor.py:914} INFO - Processing file /Users/dineshsammeta/anaconda3/envs/python38/lib/python3.8/site-packages/airflow/example_dags/example_time_delta_sensor_async.py for tasks to queue
[2025-04-30T13:53:47.197+0100] {logging_mixin.py:190} INFO - [2025-04-30T13:53:47.197+0100] {dagbag.py:588} INFO - Filling up the DagBag from /Users/dineshsammeta/anaconda3/envs/python38/lib/python3.8/site-packages/airflow/example_dags/example_time_delta_sensor_async.py
[2025-04-30T13:53:47.204+0100] {processor.py:925} INFO - DAG(s) 'example_time_delta_sensor_async' retrieved from /Users/dineshsammeta/anaconda3/envs/python38/lib/python3.8/site-packages/airflow/example_dags/example_time_delta_sensor_async.py
[2025-04-30T13:53:47.289+0100] {logging_mixin.py:190} INFO - [2025-04-30T13:53:47.289+0100] {workday.py:41} WARNING - Could not import pandas. Holidays will not be considered.
[2025-04-30T13:53:47.300+0100] {logging_mixin.py:190} INFO - [2025-04-30T13:53:47.300+0100] {dag.py:3239} INFO - Sync 1 DAGs
[2025-04-30T13:53:47.306+0100] {logging_mixin.py:190} INFO - [2025-04-30T13:53:47.306+0100] {dag.py:4180} INFO - Setting next_dagrun for example_time_delta_sensor_async to None, run_after=None
[2025-04-30T13:53:47.317+0100] {processor.py:208} INFO - Processing /Users/dineshsammeta/anaconda3/envs/python38/lib/python3.8/site-packages/airflow/example_dags/example_time_delta_sensor_async.py took 0.125 seconds
[2025-04-30T13:55:24.189+0100] {processor.py:186} INFO - Started process (PID=68451) to work on /Users/dineshsammeta/anaconda3/envs/python38/lib/python3.8/site-packages/airflow/example_dags/example_time_delta_sensor_async.py
[2025-04-30T13:55:24.190+0100] {processor.py:914} INFO - Processing file /Users/dineshsammeta/anaconda3/envs/python38/lib/python3.8/site-packages/airflow/example_dags/example_time_delta_sensor_async.py for tasks to queue
[2025-04-30T13:55:24.191+0100] {logging_mixin.py:190} INFO - [2025-04-30T13:55:24.191+0100] {dagbag.py:588} INFO - Filling up the DagBag from /Users/dineshsammeta/anaconda3/envs/python38/lib/python3.8/site-packages/airflow/example_dags/example_time_delta_sensor_async.py
[2025-04-30T13:55:24.197+0100] {processor.py:925} INFO - DAG(s) 'example_time_delta_sensor_async' retrieved from /Users/dineshsammeta/anaconda3/envs/python38/lib/python3.8/site-packages/airflow/example_dags/example_time_delta_sensor_async.py
[2025-04-30T13:55:24.280+0100] {logging_mixin.py:190} INFO - [2025-04-30T13:55:24.280+0100] {workday.py:41} WARNING - Could not import pandas. Holidays will not be considered.
[2025-04-30T13:55:24.291+0100] {logging_mixin.py:190} INFO - [2025-04-30T13:55:24.291+0100] {dag.py:3239} INFO - Sync 1 DAGs
[2025-04-30T13:55:24.297+0100] {logging_mixin.py:190} INFO - [2025-04-30T13:55:24.297+0100] {dag.py:4180} INFO - Setting next_dagrun for example_time_delta_sensor_async to None, run_after=None
[2025-04-30T13:55:24.307+0100] {processor.py:208} INFO - Processing /Users/dineshsammeta/anaconda3/envs/python38/lib/python3.8/site-packages/airflow/example_dags/example_time_delta_sensor_async.py took 0.120 seconds
[2025-04-30T13:56:55.888+0100] {processor.py:186} INFO - Started process (PID=68607) to work on /Users/dineshsammeta/anaconda3/envs/python38/lib/python3.8/site-packages/airflow/example_dags/example_time_delta_sensor_async.py
[2025-04-30T13:56:55.889+0100] {processor.py:914} INFO - Processing file /Users/dineshsammeta/anaconda3/envs/python38/lib/python3.8/site-packages/airflow/example_dags/example_time_delta_sensor_async.py for tasks to queue
[2025-04-30T13:56:55.890+0100] {logging_mixin.py:190} INFO - [2025-04-30T13:56:55.890+0100] {dagbag.py:588} INFO - Filling up the DagBag from /Users/dineshsammeta/anaconda3/envs/python38/lib/python3.8/site-packages/airflow/example_dags/example_time_delta_sensor_async.py
[2025-04-30T13:56:55.896+0100] {processor.py:925} INFO - DAG(s) 'example_time_delta_sensor_async' retrieved from /Users/dineshsammeta/anaconda3/envs/python38/lib/python3.8/site-packages/airflow/example_dags/example_time_delta_sensor_async.py
[2025-04-30T13:56:55.979+0100] {logging_mixin.py:190} INFO - [2025-04-30T13:56:55.978+0100] {workday.py:41} WARNING - Could not import pandas. Holidays will not be considered.
[2025-04-30T13:56:55.989+0100] {logging_mixin.py:190} INFO - [2025-04-30T13:56:55.989+0100] {dag.py:3239} INFO - Sync 1 DAGs
[2025-04-30T13:56:55.995+0100] {logging_mixin.py:190} INFO - [2025-04-30T13:56:55.995+0100] {dag.py:4180} INFO - Setting next_dagrun for example_time_delta_sensor_async to None, run_after=None
[2025-04-30T13:56:56.005+0100] {processor.py:208} INFO - Processing /Users/dineshsammeta/anaconda3/envs/python38/lib/python3.8/site-packages/airflow/example_dags/example_time_delta_sensor_async.py took 0.119 seconds
[2025-04-30T13:58:26.322+0100] {processor.py:186} INFO - Started process (PID=68765) to work on /Users/dineshsammeta/anaconda3/envs/python38/lib/python3.8/site-packages/airflow/example_dags/example_time_delta_sensor_async.py
[2025-04-30T13:58:26.323+0100] {processor.py:914} INFO - Processing file /Users/dineshsammeta/anaconda3/envs/python38/lib/python3.8/site-packages/airflow/example_dags/example_time_delta_sensor_async.py for tasks to queue
[2025-04-30T13:58:26.324+0100] {logging_mixin.py:190} INFO - [2025-04-30T13:58:26.324+0100] {dagbag.py:588} INFO - Filling up the DagBag from /Users/dineshsammeta/anaconda3/envs/python38/lib/python3.8/site-packages/airflow/example_dags/example_time_delta_sensor_async.py
[2025-04-30T13:58:26.330+0100] {processor.py:925} INFO - DAG(s) 'example_time_delta_sensor_async' retrieved from /Users/dineshsammeta/anaconda3/envs/python38/lib/python3.8/site-packages/airflow/example_dags/example_time_delta_sensor_async.py
[2025-04-30T13:58:26.414+0100] {logging_mixin.py:190} INFO - [2025-04-30T13:58:26.414+0100] {workday.py:41} WARNING - Could not import pandas. Holidays will not be considered.
[2025-04-30T13:58:26.425+0100] {logging_mixin.py:190} INFO - [2025-04-30T13:58:26.424+0100] {dag.py:3239} INFO - Sync 1 DAGs
[2025-04-30T13:58:26.430+0100] {logging_mixin.py:190} INFO - [2025-04-30T13:58:26.430+0100] {dag.py:4180} INFO - Setting next_dagrun for example_time_delta_sensor_async to None, run_after=None
[2025-04-30T13:58:26.440+0100] {processor.py:208} INFO - Processing /Users/dineshsammeta/anaconda3/envs/python38/lib/python3.8/site-packages/airflow/example_dags/example_time_delta_sensor_async.py took 0.120 seconds
[2025-04-30T13:59:54.540+0100] {processor.py:186} INFO - Started process (PID=68929) to work on /Users/dineshsammeta/anaconda3/envs/python38/lib/python3.8/site-packages/airflow/example_dags/example_time_delta_sensor_async.py
[2025-04-30T13:59:54.541+0100] {processor.py:914} INFO - Processing file /Users/dineshsammeta/anaconda3/envs/python38/lib/python3.8/site-packages/airflow/example_dags/example_time_delta_sensor_async.py for tasks to queue
[2025-04-30T13:59:54.541+0100] {logging_mixin.py:190} INFO - [2025-04-30T13:59:54.541+0100] {dagbag.py:588} INFO - Filling up the DagBag from /Users/dineshsammeta/anaconda3/envs/python38/lib/python3.8/site-packages/airflow/example_dags/example_time_delta_sensor_async.py
[2025-04-30T13:59:54.547+0100] {processor.py:925} INFO - DAG(s) 'example_time_delta_sensor_async' retrieved from /Users/dineshsammeta/anaconda3/envs/python38/lib/python3.8/site-packages/airflow/example_dags/example_time_delta_sensor_async.py
[2025-04-30T13:59:54.633+0100] {logging_mixin.py:190} INFO - [2025-04-30T13:59:54.633+0100] {workday.py:41} WARNING - Could not import pandas. Holidays will not be considered.
[2025-04-30T13:59:54.648+0100] {logging_mixin.py:190} INFO - [2025-04-30T13:59:54.648+0100] {dag.py:3239} INFO - Sync 1 DAGs
[2025-04-30T13:59:54.654+0100] {logging_mixin.py:190} INFO - [2025-04-30T13:59:54.654+0100] {dag.py:4180} INFO - Setting next_dagrun for example_time_delta_sensor_async to None, run_after=None
[2025-04-30T13:59:54.663+0100] {processor.py:208} INFO - Processing /Users/dineshsammeta/anaconda3/envs/python38/lib/python3.8/site-packages/airflow/example_dags/example_time_delta_sensor_async.py took 0.125 seconds
[2025-04-30T14:01:24.117+0100] {processor.py:186} INFO - Started process (PID=69090) to work on /Users/dineshsammeta/anaconda3/envs/python38/lib/python3.8/site-packages/airflow/example_dags/example_time_delta_sensor_async.py
[2025-04-30T14:01:24.118+0100] {processor.py:914} INFO - Processing file /Users/dineshsammeta/anaconda3/envs/python38/lib/python3.8/site-packages/airflow/example_dags/example_time_delta_sensor_async.py for tasks to queue
[2025-04-30T14:01:24.119+0100] {logging_mixin.py:190} INFO - [2025-04-30T14:01:24.119+0100] {dagbag.py:588} INFO - Filling up the DagBag from /Users/dineshsammeta/anaconda3/envs/python38/lib/python3.8/site-packages/airflow/example_dags/example_time_delta_sensor_async.py
[2025-04-30T14:01:24.125+0100] {processor.py:925} INFO - DAG(s) 'example_time_delta_sensor_async' retrieved from /Users/dineshsammeta/anaconda3/envs/python38/lib/python3.8/site-packages/airflow/example_dags/example_time_delta_sensor_async.py
[2025-04-30T14:01:24.213+0100] {logging_mixin.py:190} INFO - [2025-04-30T14:01:24.213+0100] {workday.py:41} WARNING - Could not import pandas. Holidays will not be considered.
[2025-04-30T14:01:24.224+0100] {logging_mixin.py:190} INFO - [2025-04-30T14:01:24.223+0100] {dag.py:3239} INFO - Sync 1 DAGs
[2025-04-30T14:01:24.230+0100] {logging_mixin.py:190} INFO - [2025-04-30T14:01:24.230+0100] {dag.py:4180} INFO - Setting next_dagrun for example_time_delta_sensor_async to None, run_after=None
[2025-04-30T14:01:24.239+0100] {processor.py:208} INFO - Processing /Users/dineshsammeta/anaconda3/envs/python38/lib/python3.8/site-packages/airflow/example_dags/example_time_delta_sensor_async.py took 0.124 seconds
[2025-04-30T14:25:00.720+0100] {processor.py:186} INFO - Started process (PID=69270) to work on /Users/dineshsammeta/anaconda3/envs/python38/lib/python3.8/site-packages/airflow/example_dags/example_time_delta_sensor_async.py
[2025-04-30T14:25:00.721+0100] {processor.py:914} INFO - Processing file /Users/dineshsammeta/anaconda3/envs/python38/lib/python3.8/site-packages/airflow/example_dags/example_time_delta_sensor_async.py for tasks to queue
[2025-04-30T14:25:00.722+0100] {logging_mixin.py:190} INFO - [2025-04-30T14:25:00.721+0100] {dagbag.py:588} INFO - Filling up the DagBag from /Users/dineshsammeta/anaconda3/envs/python38/lib/python3.8/site-packages/airflow/example_dags/example_time_delta_sensor_async.py
[2025-04-30T14:25:00.729+0100] {processor.py:925} INFO - DAG(s) 'example_time_delta_sensor_async' retrieved from /Users/dineshsammeta/anaconda3/envs/python38/lib/python3.8/site-packages/airflow/example_dags/example_time_delta_sensor_async.py
[2025-04-30T14:25:00.817+0100] {logging_mixin.py:190} INFO - [2025-04-30T14:25:00.817+0100] {workday.py:41} WARNING - Could not import pandas. Holidays will not be considered.
[2025-04-30T14:25:00.828+0100] {logging_mixin.py:190} INFO - [2025-04-30T14:25:00.828+0100] {dag.py:3239} INFO - Sync 1 DAGs
[2025-04-30T14:25:00.834+0100] {logging_mixin.py:190} INFO - [2025-04-30T14:25:00.834+0100] {dag.py:4180} INFO - Setting next_dagrun for example_time_delta_sensor_async to None, run_after=None
[2025-04-30T14:25:00.844+0100] {processor.py:208} INFO - Processing /Users/dineshsammeta/anaconda3/envs/python38/lib/python3.8/site-packages/airflow/example_dags/example_time_delta_sensor_async.py took 0.126 seconds
[2025-04-30T15:38:48.898+0100] {processor.py:186} INFO - Started process (PID=69487) to work on /Users/dineshsammeta/anaconda3/envs/python38/lib/python3.8/site-packages/airflow/example_dags/example_time_delta_sensor_async.py
[2025-04-30T15:38:48.899+0100] {processor.py:914} INFO - Processing file /Users/dineshsammeta/anaconda3/envs/python38/lib/python3.8/site-packages/airflow/example_dags/example_time_delta_sensor_async.py for tasks to queue
[2025-04-30T15:38:48.900+0100] {logging_mixin.py:190} INFO - [2025-04-30T15:38:48.899+0100] {dagbag.py:588} INFO - Filling up the DagBag from /Users/dineshsammeta/anaconda3/envs/python38/lib/python3.8/site-packages/airflow/example_dags/example_time_delta_sensor_async.py
[2025-04-30T15:38:48.905+0100] {processor.py:925} INFO - DAG(s) 'example_time_delta_sensor_async' retrieved from /Users/dineshsammeta/anaconda3/envs/python38/lib/python3.8/site-packages/airflow/example_dags/example_time_delta_sensor_async.py
[2025-04-30T15:38:48.989+0100] {logging_mixin.py:190} INFO - [2025-04-30T15:38:48.989+0100] {workday.py:41} WARNING - Could not import pandas. Holidays will not be considered.
[2025-04-30T15:38:49.000+0100] {logging_mixin.py:190} INFO - [2025-04-30T15:38:49.000+0100] {dag.py:3239} INFO - Sync 1 DAGs
[2025-04-30T15:38:49.006+0100] {logging_mixin.py:190} INFO - [2025-04-30T15:38:49.006+0100] {dag.py:4180} INFO - Setting next_dagrun for example_time_delta_sensor_async to None, run_after=None
[2025-04-30T15:38:49.016+0100] {processor.py:208} INFO - Processing /Users/dineshsammeta/anaconda3/envs/python38/lib/python3.8/site-packages/airflow/example_dags/example_time_delta_sensor_async.py took 0.120 seconds
[2025-04-30T15:40:40.204+0100] {processor.py:186} INFO - Started process (PID=69706) to work on /Users/dineshsammeta/anaconda3/envs/python38/lib/python3.8/site-packages/airflow/example_dags/example_time_delta_sensor_async.py
[2025-04-30T15:40:40.206+0100] {processor.py:914} INFO - Processing file /Users/dineshsammeta/anaconda3/envs/python38/lib/python3.8/site-packages/airflow/example_dags/example_time_delta_sensor_async.py for tasks to queue
[2025-04-30T15:40:40.206+0100] {logging_mixin.py:190} INFO - [2025-04-30T15:40:40.206+0100] {dagbag.py:588} INFO - Filling up the DagBag from /Users/dineshsammeta/anaconda3/envs/python38/lib/python3.8/site-packages/airflow/example_dags/example_time_delta_sensor_async.py
[2025-04-30T15:40:40.212+0100] {processor.py:925} INFO - DAG(s) 'example_time_delta_sensor_async' retrieved from /Users/dineshsammeta/anaconda3/envs/python38/lib/python3.8/site-packages/airflow/example_dags/example_time_delta_sensor_async.py
[2025-04-30T15:40:40.295+0100] {logging_mixin.py:190} INFO - [2025-04-30T15:40:40.294+0100] {workday.py:41} WARNING - Could not import pandas. Holidays will not be considered.
[2025-04-30T15:40:40.305+0100] {logging_mixin.py:190} INFO - [2025-04-30T15:40:40.305+0100] {dag.py:3239} INFO - Sync 1 DAGs
[2025-04-30T15:40:40.311+0100] {logging_mixin.py:190} INFO - [2025-04-30T15:40:40.311+0100] {dag.py:4180} INFO - Setting next_dagrun for example_time_delta_sensor_async to None, run_after=None
[2025-04-30T15:40:40.321+0100] {processor.py:208} INFO - Processing /Users/dineshsammeta/anaconda3/envs/python38/lib/python3.8/site-packages/airflow/example_dags/example_time_delta_sensor_async.py took 0.119 seconds
[2025-04-30T15:42:10.356+0100] {processor.py:186} INFO - Started process (PID=69868) to work on /Users/dineshsammeta/anaconda3/envs/python38/lib/python3.8/site-packages/airflow/example_dags/example_time_delta_sensor_async.py
[2025-04-30T15:42:10.357+0100] {processor.py:914} INFO - Processing file /Users/dineshsammeta/anaconda3/envs/python38/lib/python3.8/site-packages/airflow/example_dags/example_time_delta_sensor_async.py for tasks to queue
[2025-04-30T15:42:10.357+0100] {logging_mixin.py:190} INFO - [2025-04-30T15:42:10.357+0100] {dagbag.py:588} INFO - Filling up the DagBag from /Users/dineshsammeta/anaconda3/envs/python38/lib/python3.8/site-packages/airflow/example_dags/example_time_delta_sensor_async.py
[2025-04-30T15:42:10.364+0100] {processor.py:925} INFO - DAG(s) 'example_time_delta_sensor_async' retrieved from /Users/dineshsammeta/anaconda3/envs/python38/lib/python3.8/site-packages/airflow/example_dags/example_time_delta_sensor_async.py
[2025-04-30T15:42:10.448+0100] {logging_mixin.py:190} INFO - [2025-04-30T15:42:10.448+0100] {workday.py:41} WARNING - Could not import pandas. Holidays will not be considered.
[2025-04-30T15:42:10.460+0100] {logging_mixin.py:190} INFO - [2025-04-30T15:42:10.459+0100] {dag.py:3239} INFO - Sync 1 DAGs
[2025-04-30T15:42:10.465+0100] {logging_mixin.py:190} INFO - [2025-04-30T15:42:10.465+0100] {dag.py:4180} INFO - Setting next_dagrun for example_time_delta_sensor_async to None, run_after=None
[2025-04-30T15:42:10.475+0100] {processor.py:208} INFO - Processing /Users/dineshsammeta/anaconda3/envs/python38/lib/python3.8/site-packages/airflow/example_dags/example_time_delta_sensor_async.py took 0.122 seconds
[2025-04-30T15:43:39.343+0100] {processor.py:186} INFO - Started process (PID=70014) to work on /Users/dineshsammeta/anaconda3/envs/python38/lib/python3.8/site-packages/airflow/example_dags/example_time_delta_sensor_async.py
[2025-04-30T15:43:39.344+0100] {processor.py:914} INFO - Processing file /Users/dineshsammeta/anaconda3/envs/python38/lib/python3.8/site-packages/airflow/example_dags/example_time_delta_sensor_async.py for tasks to queue
[2025-04-30T15:43:39.345+0100] {logging_mixin.py:190} INFO - [2025-04-30T15:43:39.345+0100] {dagbag.py:588} INFO - Filling up the DagBag from /Users/dineshsammeta/anaconda3/envs/python38/lib/python3.8/site-packages/airflow/example_dags/example_time_delta_sensor_async.py
[2025-04-30T15:43:39.351+0100] {processor.py:925} INFO - DAG(s) 'example_time_delta_sensor_async' retrieved from /Users/dineshsammeta/anaconda3/envs/python38/lib/python3.8/site-packages/airflow/example_dags/example_time_delta_sensor_async.py
[2025-04-30T15:43:39.436+0100] {logging_mixin.py:190} INFO - [2025-04-30T15:43:39.436+0100] {workday.py:41} WARNING - Could not import pandas. Holidays will not be considered.
[2025-04-30T15:43:39.447+0100] {logging_mixin.py:190} INFO - [2025-04-30T15:43:39.447+0100] {dag.py:3239} INFO - Sync 1 DAGs
[2025-04-30T15:43:39.453+0100] {logging_mixin.py:190} INFO - [2025-04-30T15:43:39.453+0100] {dag.py:4180} INFO - Setting next_dagrun for example_time_delta_sensor_async to None, run_after=None
[2025-04-30T15:43:39.463+0100] {processor.py:208} INFO - Processing /Users/dineshsammeta/anaconda3/envs/python38/lib/python3.8/site-packages/airflow/example_dags/example_time_delta_sensor_async.py took 0.122 seconds
[2025-04-30T15:45:17.933+0100] {processor.py:186} INFO - Started process (PID=70178) to work on /Users/dineshsammeta/anaconda3/envs/python38/lib/python3.8/site-packages/airflow/example_dags/example_time_delta_sensor_async.py
[2025-04-30T15:45:17.934+0100] {processor.py:914} INFO - Processing file /Users/dineshsammeta/anaconda3/envs/python38/lib/python3.8/site-packages/airflow/example_dags/example_time_delta_sensor_async.py for tasks to queue
[2025-04-30T15:45:17.935+0100] {logging_mixin.py:190} INFO - [2025-04-30T15:45:17.935+0100] {dagbag.py:588} INFO - Filling up the DagBag from /Users/dineshsammeta/anaconda3/envs/python38/lib/python3.8/site-packages/airflow/example_dags/example_time_delta_sensor_async.py
[2025-04-30T15:45:17.941+0100] {processor.py:925} INFO - DAG(s) 'example_time_delta_sensor_async' retrieved from /Users/dineshsammeta/anaconda3/envs/python38/lib/python3.8/site-packages/airflow/example_dags/example_time_delta_sensor_async.py
[2025-04-30T15:45:18.026+0100] {logging_mixin.py:190} INFO - [2025-04-30T15:45:18.026+0100] {workday.py:41} WARNING - Could not import pandas. Holidays will not be considered.
[2025-04-30T15:45:18.037+0100] {logging_mixin.py:190} INFO - [2025-04-30T15:45:18.037+0100] {dag.py:3239} INFO - Sync 1 DAGs
[2025-04-30T15:45:18.043+0100] {logging_mixin.py:190} INFO - [2025-04-30T15:45:18.043+0100] {dag.py:4180} INFO - Setting next_dagrun for example_time_delta_sensor_async to None, run_after=None
[2025-04-30T15:45:18.052+0100] {processor.py:208} INFO - Processing /Users/dineshsammeta/anaconda3/envs/python38/lib/python3.8/site-packages/airflow/example_dags/example_time_delta_sensor_async.py took 0.121 seconds
[2025-04-30T15:46:57.690+0100] {processor.py:186} INFO - Started process (PID=70355) to work on /Users/dineshsammeta/anaconda3/envs/python38/lib/python3.8/site-packages/airflow/example_dags/example_time_delta_sensor_async.py
[2025-04-30T15:46:57.691+0100] {processor.py:914} INFO - Processing file /Users/dineshsammeta/anaconda3/envs/python38/lib/python3.8/site-packages/airflow/example_dags/example_time_delta_sensor_async.py for tasks to queue
[2025-04-30T15:46:57.691+0100] {logging_mixin.py:190} INFO - [2025-04-30T15:46:57.691+0100] {dagbag.py:588} INFO - Filling up the DagBag from /Users/dineshsammeta/anaconda3/envs/python38/lib/python3.8/site-packages/airflow/example_dags/example_time_delta_sensor_async.py
[2025-04-30T15:46:57.697+0100] {processor.py:925} INFO - DAG(s) 'example_time_delta_sensor_async' retrieved from /Users/dineshsammeta/anaconda3/envs/python38/lib/python3.8/site-packages/airflow/example_dags/example_time_delta_sensor_async.py
[2025-04-30T15:46:57.781+0100] {logging_mixin.py:190} INFO - [2025-04-30T15:46:57.780+0100] {workday.py:41} WARNING - Could not import pandas. Holidays will not be considered.
[2025-04-30T15:46:57.791+0100] {logging_mixin.py:190} INFO - [2025-04-30T15:46:57.791+0100] {dag.py:3239} INFO - Sync 1 DAGs
[2025-04-30T15:46:57.797+0100] {logging_mixin.py:190} INFO - [2025-04-30T15:46:57.797+0100] {dag.py:4180} INFO - Setting next_dagrun for example_time_delta_sensor_async to None, run_after=None
[2025-04-30T15:46:57.807+0100] {processor.py:208} INFO - Processing /Users/dineshsammeta/anaconda3/envs/python38/lib/python3.8/site-packages/airflow/example_dags/example_time_delta_sensor_async.py took 0.119 seconds
