[2025-04-30T13:39:30.879+0100] {processor.py:186} INFO - Started process (PID=66573) to work on /Users/dineshsammeta/anaconda3/envs/python38/lib/python3.8/site-packages/airflow/example_dags/example_trigger_controller_dag.py
[2025-04-30T13:39:30.880+0100] {processor.py:914} INFO - Processing file /Users/dineshsammeta/anaconda3/envs/python38/lib/python3.8/site-packages/airflow/example_dags/example_trigger_controller_dag.py for tasks to queue
[2025-04-30T13:39:30.880+0100] {logging_mixin.py:190} INFO - [2025-04-30T13:39:30.880+0100] {dagbag.py:588} INFO - Filling up the DagBag from /Users/dineshsammeta/anaconda3/envs/python38/lib/python3.8/site-packages/airflow/example_dags/example_trigger_controller_dag.py
[2025-04-30T13:39:30.918+0100] {processor.py:925} INFO - DAG(s) 'example_trigger_controller_dag' retrieved from /Users/dineshsammeta/anaconda3/envs/python38/lib/python3.8/site-packages/airflow/example_dags/example_trigger_controller_dag.py
[2025-04-30T13:39:30.972+0100] {logging_mixin.py:190} INFO - [2025-04-30T13:39:30.972+0100] {dag.py:3239} INFO - Sync 1 DAGs
[2025-04-30T13:39:30.982+0100] {logging_mixin.py:190} INFO - [2025-04-30T13:39:30.982+0100] {dag.py:4180} INFO - Setting next_dagrun for example_trigger_controller_dag to 2021-01-01 00:00:00+00:00, run_after=2021-01-01 00:00:00+00:00
[2025-04-30T13:39:30.992+0100] {processor.py:208} INFO - Processing /Users/dineshsammeta/anaconda3/envs/python38/lib/python3.8/site-packages/airflow/example_dags/example_trigger_controller_dag.py took 0.115 seconds
[2025-04-30T13:41:32.607+0100] {processor.py:186} INFO - Started process (PID=66860) to work on /Users/dineshsammeta/anaconda3/envs/python38/lib/python3.8/site-packages/airflow/example_dags/example_trigger_controller_dag.py
[2025-04-30T13:41:32.608+0100] {processor.py:914} INFO - Processing file /Users/dineshsammeta/anaconda3/envs/python38/lib/python3.8/site-packages/airflow/example_dags/example_trigger_controller_dag.py for tasks to queue
[2025-04-30T13:41:32.608+0100] {logging_mixin.py:190} INFO - [2025-04-30T13:41:32.608+0100] {dagbag.py:588} INFO - Filling up the DagBag from /Users/dineshsammeta/anaconda3/envs/python38/lib/python3.8/site-packages/airflow/example_dags/example_trigger_controller_dag.py
[2025-04-30T13:41:32.644+0100] {processor.py:925} INFO - DAG(s) 'example_trigger_controller_dag' retrieved from /Users/dineshsammeta/anaconda3/envs/python38/lib/python3.8/site-packages/airflow/example_dags/example_trigger_controller_dag.py
[2025-04-30T13:41:32.699+0100] {logging_mixin.py:190} INFO - [2025-04-30T13:41:32.699+0100] {dag.py:3239} INFO - Sync 1 DAGs
[2025-04-30T13:41:32.710+0100] {logging_mixin.py:190} INFO - [2025-04-30T13:41:32.710+0100] {dag.py:4180} INFO - Setting next_dagrun for example_trigger_controller_dag to 2021-01-01 00:00:00+00:00, run_after=2021-01-01 00:00:00+00:00
[2025-04-30T13:41:32.719+0100] {processor.py:208} INFO - Processing /Users/dineshsammeta/anaconda3/envs/python38/lib/python3.8/site-packages/airflow/example_dags/example_trigger_controller_dag.py took 0.115 seconds
[2025-04-30T13:43:01.077+0100] {processor.py:186} INFO - Started process (PID=67038) to work on /Users/dineshsammeta/anaconda3/envs/python38/lib/python3.8/site-packages/airflow/example_dags/example_trigger_controller_dag.py
[2025-04-30T13:43:01.078+0100] {processor.py:914} INFO - Processing file /Users/dineshsammeta/anaconda3/envs/python38/lib/python3.8/site-packages/airflow/example_dags/example_trigger_controller_dag.py for tasks to queue
[2025-04-30T13:43:01.078+0100] {logging_mixin.py:190} INFO - [2025-04-30T13:43:01.078+0100] {dagbag.py:588} INFO - Filling up the DagBag from /Users/dineshsammeta/anaconda3/envs/python38/lib/python3.8/site-packages/airflow/example_dags/example_trigger_controller_dag.py
[2025-04-30T13:43:01.117+0100] {processor.py:925} INFO - DAG(s) 'example_trigger_controller_dag' retrieved from /Users/dineshsammeta/anaconda3/envs/python38/lib/python3.8/site-packages/airflow/example_dags/example_trigger_controller_dag.py
[2025-04-30T13:43:01.172+0100] {logging_mixin.py:190} INFO - [2025-04-30T13:43:01.172+0100] {dag.py:3239} INFO - Sync 1 DAGs
[2025-04-30T13:43:01.182+0100] {logging_mixin.py:190} INFO - [2025-04-30T13:43:01.182+0100] {dag.py:4180} INFO - Setting next_dagrun for example_trigger_controller_dag to 2021-01-01 00:00:00+00:00, run_after=2021-01-01 00:00:00+00:00
[2025-04-30T13:43:01.192+0100] {processor.py:208} INFO - Processing /Users/dineshsammeta/anaconda3/envs/python38/lib/python3.8/site-packages/airflow/example_dags/example_trigger_controller_dag.py took 0.118 seconds
[2025-04-30T13:44:31.092+0100] {processor.py:186} INFO - Started process (PID=67205) to work on /Users/dineshsammeta/anaconda3/envs/python38/lib/python3.8/site-packages/airflow/example_dags/example_trigger_controller_dag.py
[2025-04-30T13:44:31.093+0100] {processor.py:914} INFO - Processing file /Users/dineshsammeta/anaconda3/envs/python38/lib/python3.8/site-packages/airflow/example_dags/example_trigger_controller_dag.py for tasks to queue
[2025-04-30T13:44:31.094+0100] {logging_mixin.py:190} INFO - [2025-04-30T13:44:31.094+0100] {dagbag.py:588} INFO - Filling up the DagBag from /Users/dineshsammeta/anaconda3/envs/python38/lib/python3.8/site-packages/airflow/example_dags/example_trigger_controller_dag.py
[2025-04-30T13:44:31.131+0100] {processor.py:925} INFO - DAG(s) 'example_trigger_controller_dag' retrieved from /Users/dineshsammeta/anaconda3/envs/python38/lib/python3.8/site-packages/airflow/example_dags/example_trigger_controller_dag.py
[2025-04-30T13:44:31.186+0100] {logging_mixin.py:190} INFO - [2025-04-30T13:44:31.186+0100] {dag.py:3239} INFO - Sync 1 DAGs
[2025-04-30T13:44:31.197+0100] {logging_mixin.py:190} INFO - [2025-04-30T13:44:31.196+0100] {dag.py:4180} INFO - Setting next_dagrun for example_trigger_controller_dag to 2021-01-01 00:00:00+00:00, run_after=2021-01-01 00:00:00+00:00
[2025-04-30T13:44:31.207+0100] {processor.py:208} INFO - Processing /Users/dineshsammeta/anaconda3/envs/python38/lib/python3.8/site-packages/airflow/example_dags/example_trigger_controller_dag.py took 0.117 seconds
[2025-04-30T13:46:00.189+0100] {processor.py:186} INFO - Started process (PID=67379) to work on /Users/dineshsammeta/anaconda3/envs/python38/lib/python3.8/site-packages/airflow/example_dags/example_trigger_controller_dag.py
[2025-04-30T13:46:00.190+0100] {processor.py:914} INFO - Processing file /Users/dineshsammeta/anaconda3/envs/python38/lib/python3.8/site-packages/airflow/example_dags/example_trigger_controller_dag.py for tasks to queue
[2025-04-30T13:46:00.191+0100] {logging_mixin.py:190} INFO - [2025-04-30T13:46:00.191+0100] {dagbag.py:588} INFO - Filling up the DagBag from /Users/dineshsammeta/anaconda3/envs/python38/lib/python3.8/site-packages/airflow/example_dags/example_trigger_controller_dag.py
[2025-04-30T13:46:00.228+0100] {processor.py:925} INFO - DAG(s) 'example_trigger_controller_dag' retrieved from /Users/dineshsammeta/anaconda3/envs/python38/lib/python3.8/site-packages/airflow/example_dags/example_trigger_controller_dag.py
[2025-04-30T13:46:00.283+0100] {logging_mixin.py:190} INFO - [2025-04-30T13:46:00.282+0100] {dag.py:3239} INFO - Sync 1 DAGs
[2025-04-30T13:46:00.293+0100] {logging_mixin.py:190} INFO - [2025-04-30T13:46:00.293+0100] {dag.py:4180} INFO - Setting next_dagrun for example_trigger_controller_dag to 2021-01-01 00:00:00+00:00, run_after=2021-01-01 00:00:00+00:00
[2025-04-30T13:46:00.303+0100] {processor.py:208} INFO - Processing /Users/dineshsammeta/anaconda3/envs/python38/lib/python3.8/site-packages/airflow/example_dags/example_trigger_controller_dag.py took 0.116 seconds
[2025-04-30T13:47:28.588+0100] {processor.py:186} INFO - Started process (PID=67562) to work on /Users/dineshsammeta/anaconda3/envs/python38/lib/python3.8/site-packages/airflow/example_dags/example_trigger_controller_dag.py
[2025-04-30T13:47:28.590+0100] {processor.py:914} INFO - Processing file /Users/dineshsammeta/anaconda3/envs/python38/lib/python3.8/site-packages/airflow/example_dags/example_trigger_controller_dag.py for tasks to queue
[2025-04-30T13:47:28.590+0100] {logging_mixin.py:190} INFO - [2025-04-30T13:47:28.590+0100] {dagbag.py:588} INFO - Filling up the DagBag from /Users/dineshsammeta/anaconda3/envs/python38/lib/python3.8/site-packages/airflow/example_dags/example_trigger_controller_dag.py
[2025-04-30T13:47:28.627+0100] {processor.py:925} INFO - DAG(s) 'example_trigger_controller_dag' retrieved from /Users/dineshsammeta/anaconda3/envs/python38/lib/python3.8/site-packages/airflow/example_dags/example_trigger_controller_dag.py
[2025-04-30T13:47:28.682+0100] {logging_mixin.py:190} INFO - [2025-04-30T13:47:28.682+0100] {dag.py:3239} INFO - Sync 1 DAGs
[2025-04-30T13:47:28.692+0100] {logging_mixin.py:190} INFO - [2025-04-30T13:47:28.692+0100] {dag.py:4180} INFO - Setting next_dagrun for example_trigger_controller_dag to 2021-01-01 00:00:00+00:00, run_after=2021-01-01 00:00:00+00:00
[2025-04-30T13:47:28.702+0100] {processor.py:208} INFO - Processing /Users/dineshsammeta/anaconda3/envs/python38/lib/python3.8/site-packages/airflow/example_dags/example_trigger_controller_dag.py took 0.116 seconds
[2025-04-30T13:48:59.280+0100] {processor.py:186} INFO - Started process (PID=67736) to work on /Users/dineshsammeta/anaconda3/envs/python38/lib/python3.8/site-packages/airflow/example_dags/example_trigger_controller_dag.py
[2025-04-30T13:48:59.282+0100] {processor.py:914} INFO - Processing file /Users/dineshsammeta/anaconda3/envs/python38/lib/python3.8/site-packages/airflow/example_dags/example_trigger_controller_dag.py for tasks to queue
[2025-04-30T13:48:59.283+0100] {logging_mixin.py:190} INFO - [2025-04-30T13:48:59.282+0100] {dagbag.py:588} INFO - Filling up the DagBag from /Users/dineshsammeta/anaconda3/envs/python38/lib/python3.8/site-packages/airflow/example_dags/example_trigger_controller_dag.py
[2025-04-30T13:48:59.320+0100] {processor.py:925} INFO - DAG(s) 'example_trigger_controller_dag' retrieved from /Users/dineshsammeta/anaconda3/envs/python38/lib/python3.8/site-packages/airflow/example_dags/example_trigger_controller_dag.py
[2025-04-30T13:48:59.374+0100] {logging_mixin.py:190} INFO - [2025-04-30T13:48:59.374+0100] {dag.py:3239} INFO - Sync 1 DAGs
[2025-04-30T13:48:59.385+0100] {logging_mixin.py:190} INFO - [2025-04-30T13:48:59.385+0100] {dag.py:4180} INFO - Setting next_dagrun for example_trigger_controller_dag to 2021-01-01 00:00:00+00:00, run_after=2021-01-01 00:00:00+00:00
[2025-04-30T13:48:59.395+0100] {processor.py:208} INFO - Processing /Users/dineshsammeta/anaconda3/envs/python38/lib/python3.8/site-packages/airflow/example_dags/example_trigger_controller_dag.py took 0.116 seconds
[2025-04-30T13:50:36.099+0100] {processor.py:186} INFO - Started process (PID=67908) to work on /Users/dineshsammeta/anaconda3/envs/python38/lib/python3.8/site-packages/airflow/example_dags/example_trigger_controller_dag.py
[2025-04-30T13:50:36.100+0100] {processor.py:914} INFO - Processing file /Users/dineshsammeta/anaconda3/envs/python38/lib/python3.8/site-packages/airflow/example_dags/example_trigger_controller_dag.py for tasks to queue
[2025-04-30T13:50:36.101+0100] {logging_mixin.py:190} INFO - [2025-04-30T13:50:36.101+0100] {dagbag.py:588} INFO - Filling up the DagBag from /Users/dineshsammeta/anaconda3/envs/python38/lib/python3.8/site-packages/airflow/example_dags/example_trigger_controller_dag.py
[2025-04-30T13:50:36.140+0100] {processor.py:925} INFO - DAG(s) 'example_trigger_controller_dag' retrieved from /Users/dineshsammeta/anaconda3/envs/python38/lib/python3.8/site-packages/airflow/example_dags/example_trigger_controller_dag.py
[2025-04-30T13:50:36.197+0100] {logging_mixin.py:190} INFO - [2025-04-30T13:50:36.197+0100] {dag.py:3239} INFO - Sync 1 DAGs
[2025-04-30T13:50:36.208+0100] {logging_mixin.py:190} INFO - [2025-04-30T13:50:36.208+0100] {dag.py:4180} INFO - Setting next_dagrun for example_trigger_controller_dag to 2021-01-01 00:00:00+00:00, run_after=2021-01-01 00:00:00+00:00
[2025-04-30T13:50:36.220+0100] {processor.py:208} INFO - Processing /Users/dineshsammeta/anaconda3/envs/python38/lib/python3.8/site-packages/airflow/example_dags/example_trigger_controller_dag.py took 0.124 seconds
[2025-04-30T13:52:06.163+0100] {processor.py:186} INFO - Started process (PID=68066) to work on /Users/dineshsammeta/anaconda3/envs/python38/lib/python3.8/site-packages/airflow/example_dags/example_trigger_controller_dag.py
[2025-04-30T13:52:06.164+0100] {processor.py:914} INFO - Processing file /Users/dineshsammeta/anaconda3/envs/python38/lib/python3.8/site-packages/airflow/example_dags/example_trigger_controller_dag.py for tasks to queue
[2025-04-30T13:52:06.165+0100] {logging_mixin.py:190} INFO - [2025-04-30T13:52:06.165+0100] {dagbag.py:588} INFO - Filling up the DagBag from /Users/dineshsammeta/anaconda3/envs/python38/lib/python3.8/site-packages/airflow/example_dags/example_trigger_controller_dag.py
[2025-04-30T13:52:06.202+0100] {processor.py:925} INFO - DAG(s) 'example_trigger_controller_dag' retrieved from /Users/dineshsammeta/anaconda3/envs/python38/lib/python3.8/site-packages/airflow/example_dags/example_trigger_controller_dag.py
[2025-04-30T13:52:06.256+0100] {logging_mixin.py:190} INFO - [2025-04-30T13:52:06.256+0100] {dag.py:3239} INFO - Sync 1 DAGs
[2025-04-30T13:52:06.266+0100] {logging_mixin.py:190} INFO - [2025-04-30T13:52:06.266+0100] {dag.py:4180} INFO - Setting next_dagrun for example_trigger_controller_dag to 2021-01-01 00:00:00+00:00, run_after=2021-01-01 00:00:00+00:00
[2025-04-30T13:52:06.276+0100] {processor.py:208} INFO - Processing /Users/dineshsammeta/anaconda3/envs/python38/lib/python3.8/site-packages/airflow/example_dags/example_trigger_controller_dag.py took 0.115 seconds
[2025-04-30T13:53:44.807+0100] {processor.py:186} INFO - Started process (PID=68258) to work on /Users/dineshsammeta/anaconda3/envs/python38/lib/python3.8/site-packages/airflow/example_dags/example_trigger_controller_dag.py
[2025-04-30T13:53:44.808+0100] {processor.py:914} INFO - Processing file /Users/dineshsammeta/anaconda3/envs/python38/lib/python3.8/site-packages/airflow/example_dags/example_trigger_controller_dag.py for tasks to queue
[2025-04-30T13:53:44.809+0100] {logging_mixin.py:190} INFO - [2025-04-30T13:53:44.809+0100] {dagbag.py:588} INFO - Filling up the DagBag from /Users/dineshsammeta/anaconda3/envs/python38/lib/python3.8/site-packages/airflow/example_dags/example_trigger_controller_dag.py
[2025-04-30T13:53:44.846+0100] {processor.py:925} INFO - DAG(s) 'example_trigger_controller_dag' retrieved from /Users/dineshsammeta/anaconda3/envs/python38/lib/python3.8/site-packages/airflow/example_dags/example_trigger_controller_dag.py
[2025-04-30T13:53:44.899+0100] {logging_mixin.py:190} INFO - [2025-04-30T13:53:44.899+0100] {dag.py:3239} INFO - Sync 1 DAGs
[2025-04-30T13:53:44.909+0100] {logging_mixin.py:190} INFO - [2025-04-30T13:53:44.909+0100] {dag.py:4180} INFO - Setting next_dagrun for example_trigger_controller_dag to 2021-01-01 00:00:00+00:00, run_after=2021-01-01 00:00:00+00:00
[2025-04-30T13:53:44.919+0100] {processor.py:208} INFO - Processing /Users/dineshsammeta/anaconda3/envs/python38/lib/python3.8/site-packages/airflow/example_dags/example_trigger_controller_dag.py took 0.114 seconds
[2025-04-30T13:55:21.812+0100] {processor.py:186} INFO - Started process (PID=68447) to work on /Users/dineshsammeta/anaconda3/envs/python38/lib/python3.8/site-packages/airflow/example_dags/example_trigger_controller_dag.py
[2025-04-30T13:55:21.813+0100] {processor.py:914} INFO - Processing file /Users/dineshsammeta/anaconda3/envs/python38/lib/python3.8/site-packages/airflow/example_dags/example_trigger_controller_dag.py for tasks to queue
[2025-04-30T13:55:21.813+0100] {logging_mixin.py:190} INFO - [2025-04-30T13:55:21.813+0100] {dagbag.py:588} INFO - Filling up the DagBag from /Users/dineshsammeta/anaconda3/envs/python38/lib/python3.8/site-packages/airflow/example_dags/example_trigger_controller_dag.py
[2025-04-30T13:55:21.850+0100] {processor.py:925} INFO - DAG(s) 'example_trigger_controller_dag' retrieved from /Users/dineshsammeta/anaconda3/envs/python38/lib/python3.8/site-packages/airflow/example_dags/example_trigger_controller_dag.py
[2025-04-30T13:55:21.904+0100] {logging_mixin.py:190} INFO - [2025-04-30T13:55:21.904+0100] {dag.py:3239} INFO - Sync 1 DAGs
[2025-04-30T13:55:21.914+0100] {logging_mixin.py:190} INFO - [2025-04-30T13:55:21.914+0100] {dag.py:4180} INFO - Setting next_dagrun for example_trigger_controller_dag to 2021-01-01 00:00:00+00:00, run_after=2021-01-01 00:00:00+00:00
[2025-04-30T13:55:21.924+0100] {processor.py:208} INFO - Processing /Users/dineshsammeta/anaconda3/envs/python38/lib/python3.8/site-packages/airflow/example_dags/example_trigger_controller_dag.py took 0.114 seconds
[2025-04-30T13:56:53.586+0100] {processor.py:186} INFO - Started process (PID=68602) to work on /Users/dineshsammeta/anaconda3/envs/python38/lib/python3.8/site-packages/airflow/example_dags/example_trigger_controller_dag.py
[2025-04-30T13:56:53.587+0100] {processor.py:914} INFO - Processing file /Users/dineshsammeta/anaconda3/envs/python38/lib/python3.8/site-packages/airflow/example_dags/example_trigger_controller_dag.py for tasks to queue
[2025-04-30T13:56:53.588+0100] {logging_mixin.py:190} INFO - [2025-04-30T13:56:53.588+0100] {dagbag.py:588} INFO - Filling up the DagBag from /Users/dineshsammeta/anaconda3/envs/python38/lib/python3.8/site-packages/airflow/example_dags/example_trigger_controller_dag.py
[2025-04-30T13:56:53.625+0100] {processor.py:925} INFO - DAG(s) 'example_trigger_controller_dag' retrieved from /Users/dineshsammeta/anaconda3/envs/python38/lib/python3.8/site-packages/airflow/example_dags/example_trigger_controller_dag.py
[2025-04-30T13:56:53.681+0100] {logging_mixin.py:190} INFO - [2025-04-30T13:56:53.681+0100] {dag.py:3239} INFO - Sync 1 DAGs
[2025-04-30T13:56:53.691+0100] {logging_mixin.py:190} INFO - [2025-04-30T13:56:53.691+0100] {dag.py:4180} INFO - Setting next_dagrun for example_trigger_controller_dag to 2021-01-01 00:00:00+00:00, run_after=2021-01-01 00:00:00+00:00
[2025-04-30T13:56:53.701+0100] {processor.py:208} INFO - Processing /Users/dineshsammeta/anaconda3/envs/python38/lib/python3.8/site-packages/airflow/example_dags/example_trigger_controller_dag.py took 0.116 seconds
[2025-04-30T13:58:24.651+0100] {processor.py:186} INFO - Started process (PID=68762) to work on /Users/dineshsammeta/anaconda3/envs/python38/lib/python3.8/site-packages/airflow/example_dags/example_trigger_controller_dag.py
[2025-04-30T13:58:24.653+0100] {processor.py:914} INFO - Processing file /Users/dineshsammeta/anaconda3/envs/python38/lib/python3.8/site-packages/airflow/example_dags/example_trigger_controller_dag.py for tasks to queue
[2025-04-30T13:58:24.653+0100] {logging_mixin.py:190} INFO - [2025-04-30T13:58:24.653+0100] {dagbag.py:588} INFO - Filling up the DagBag from /Users/dineshsammeta/anaconda3/envs/python38/lib/python3.8/site-packages/airflow/example_dags/example_trigger_controller_dag.py
[2025-04-30T13:58:24.691+0100] {processor.py:925} INFO - DAG(s) 'example_trigger_controller_dag' retrieved from /Users/dineshsammeta/anaconda3/envs/python38/lib/python3.8/site-packages/airflow/example_dags/example_trigger_controller_dag.py
[2025-04-30T13:58:24.745+0100] {logging_mixin.py:190} INFO - [2025-04-30T13:58:24.745+0100] {dag.py:3239} INFO - Sync 1 DAGs
[2025-04-30T13:58:24.755+0100] {logging_mixin.py:190} INFO - [2025-04-30T13:58:24.755+0100] {dag.py:4180} INFO - Setting next_dagrun for example_trigger_controller_dag to 2021-01-01 00:00:00+00:00, run_after=2021-01-01 00:00:00+00:00
[2025-04-30T13:58:24.765+0100] {processor.py:208} INFO - Processing /Users/dineshsammeta/anaconda3/envs/python38/lib/python3.8/site-packages/airflow/example_dags/example_trigger_controller_dag.py took 0.116 seconds
[2025-04-30T13:59:52.237+0100] {processor.py:186} INFO - Started process (PID=68926) to work on /Users/dineshsammeta/anaconda3/envs/python38/lib/python3.8/site-packages/airflow/example_dags/example_trigger_controller_dag.py
[2025-04-30T13:59:52.238+0100] {processor.py:914} INFO - Processing file /Users/dineshsammeta/anaconda3/envs/python38/lib/python3.8/site-packages/airflow/example_dags/example_trigger_controller_dag.py for tasks to queue
[2025-04-30T13:59:52.239+0100] {logging_mixin.py:190} INFO - [2025-04-30T13:59:52.239+0100] {dagbag.py:588} INFO - Filling up the DagBag from /Users/dineshsammeta/anaconda3/envs/python38/lib/python3.8/site-packages/airflow/example_dags/example_trigger_controller_dag.py
[2025-04-30T13:59:52.278+0100] {processor.py:925} INFO - DAG(s) 'example_trigger_controller_dag' retrieved from /Users/dineshsammeta/anaconda3/envs/python38/lib/python3.8/site-packages/airflow/example_dags/example_trigger_controller_dag.py
[2025-04-30T13:59:52.332+0100] {logging_mixin.py:190} INFO - [2025-04-30T13:59:52.332+0100] {dag.py:3239} INFO - Sync 1 DAGs
[2025-04-30T13:59:52.342+0100] {logging_mixin.py:190} INFO - [2025-04-30T13:59:52.342+0100] {dag.py:4180} INFO - Setting next_dagrun for example_trigger_controller_dag to 2021-01-01 00:00:00+00:00, run_after=2021-01-01 00:00:00+00:00
[2025-04-30T13:59:52.352+0100] {processor.py:208} INFO - Processing /Users/dineshsammeta/anaconda3/envs/python38/lib/python3.8/site-packages/airflow/example_dags/example_trigger_controller_dag.py took 0.117 seconds
[2025-04-30T14:01:21.801+0100] {processor.py:186} INFO - Started process (PID=69084) to work on /Users/dineshsammeta/anaconda3/envs/python38/lib/python3.8/site-packages/airflow/example_dags/example_trigger_controller_dag.py
[2025-04-30T14:01:21.802+0100] {processor.py:914} INFO - Processing file /Users/dineshsammeta/anaconda3/envs/python38/lib/python3.8/site-packages/airflow/example_dags/example_trigger_controller_dag.py for tasks to queue
[2025-04-30T14:01:21.802+0100] {logging_mixin.py:190} INFO - [2025-04-30T14:01:21.802+0100] {dagbag.py:588} INFO - Filling up the DagBag from /Users/dineshsammeta/anaconda3/envs/python38/lib/python3.8/site-packages/airflow/example_dags/example_trigger_controller_dag.py
[2025-04-30T14:01:21.839+0100] {processor.py:925} INFO - DAG(s) 'example_trigger_controller_dag' retrieved from /Users/dineshsammeta/anaconda3/envs/python38/lib/python3.8/site-packages/airflow/example_dags/example_trigger_controller_dag.py
[2025-04-30T14:01:21.895+0100] {logging_mixin.py:190} INFO - [2025-04-30T14:01:21.895+0100] {dag.py:3239} INFO - Sync 1 DAGs
[2025-04-30T14:01:21.906+0100] {logging_mixin.py:190} INFO - [2025-04-30T14:01:21.906+0100] {dag.py:4180} INFO - Setting next_dagrun for example_trigger_controller_dag to 2021-01-01 00:00:00+00:00, run_after=2021-01-01 00:00:00+00:00
[2025-04-30T14:01:21.915+0100] {processor.py:208} INFO - Processing /Users/dineshsammeta/anaconda3/envs/python38/lib/python3.8/site-packages/airflow/example_dags/example_trigger_controller_dag.py took 0.117 seconds
[2025-04-30T14:24:58.295+0100] {processor.py:186} INFO - Started process (PID=69267) to work on /Users/dineshsammeta/anaconda3/envs/python38/lib/python3.8/site-packages/airflow/example_dags/example_trigger_controller_dag.py
[2025-04-30T14:24:58.296+0100] {processor.py:914} INFO - Processing file /Users/dineshsammeta/anaconda3/envs/python38/lib/python3.8/site-packages/airflow/example_dags/example_trigger_controller_dag.py for tasks to queue
[2025-04-30T14:24:58.296+0100] {logging_mixin.py:190} INFO - [2025-04-30T14:24:58.296+0100] {dagbag.py:588} INFO - Filling up the DagBag from /Users/dineshsammeta/anaconda3/envs/python38/lib/python3.8/site-packages/airflow/example_dags/example_trigger_controller_dag.py
[2025-04-30T14:24:58.335+0100] {processor.py:925} INFO - DAG(s) 'example_trigger_controller_dag' retrieved from /Users/dineshsammeta/anaconda3/envs/python38/lib/python3.8/site-packages/airflow/example_dags/example_trigger_controller_dag.py
[2025-04-30T14:24:58.389+0100] {logging_mixin.py:190} INFO - [2025-04-30T14:24:58.389+0100] {dag.py:3239} INFO - Sync 1 DAGs
[2025-04-30T14:24:58.399+0100] {logging_mixin.py:190} INFO - [2025-04-30T14:24:58.399+0100] {dag.py:4180} INFO - Setting next_dagrun for example_trigger_controller_dag to 2021-01-01 00:00:00+00:00, run_after=2021-01-01 00:00:00+00:00
[2025-04-30T14:24:58.410+0100] {processor.py:208} INFO - Processing /Users/dineshsammeta/anaconda3/envs/python38/lib/python3.8/site-packages/airflow/example_dags/example_trigger_controller_dag.py took 0.117 seconds
[2025-04-30T15:38:46.642+0100] {processor.py:186} INFO - Started process (PID=69484) to work on /Users/dineshsammeta/anaconda3/envs/python38/lib/python3.8/site-packages/airflow/example_dags/example_trigger_controller_dag.py
[2025-04-30T15:38:46.643+0100] {processor.py:914} INFO - Processing file /Users/dineshsammeta/anaconda3/envs/python38/lib/python3.8/site-packages/airflow/example_dags/example_trigger_controller_dag.py for tasks to queue
[2025-04-30T15:38:46.643+0100] {logging_mixin.py:190} INFO - [2025-04-30T15:38:46.643+0100] {dagbag.py:588} INFO - Filling up the DagBag from /Users/dineshsammeta/anaconda3/envs/python38/lib/python3.8/site-packages/airflow/example_dags/example_trigger_controller_dag.py
[2025-04-30T15:38:46.682+0100] {processor.py:925} INFO - DAG(s) 'example_trigger_controller_dag' retrieved from /Users/dineshsammeta/anaconda3/envs/python38/lib/python3.8/site-packages/airflow/example_dags/example_trigger_controller_dag.py
[2025-04-30T15:38:46.737+0100] {logging_mixin.py:190} INFO - [2025-04-30T15:38:46.736+0100] {dag.py:3239} INFO - Sync 1 DAGs
[2025-04-30T15:38:46.747+0100] {logging_mixin.py:190} INFO - [2025-04-30T15:38:46.747+0100] {dag.py:4180} INFO - Setting next_dagrun for example_trigger_controller_dag to 2021-01-01 00:00:00+00:00, run_after=2021-01-01 00:00:00+00:00
[2025-04-30T15:38:46.758+0100] {processor.py:208} INFO - Processing /Users/dineshsammeta/anaconda3/envs/python38/lib/python3.8/site-packages/airflow/example_dags/example_trigger_controller_dag.py took 0.118 seconds
[2025-04-30T15:40:38.397+0100] {processor.py:186} INFO - Started process (PID=69703) to work on /Users/dineshsammeta/anaconda3/envs/python38/lib/python3.8/site-packages/airflow/example_dags/example_trigger_controller_dag.py
[2025-04-30T15:40:38.398+0100] {processor.py:914} INFO - Processing file /Users/dineshsammeta/anaconda3/envs/python38/lib/python3.8/site-packages/airflow/example_dags/example_trigger_controller_dag.py for tasks to queue
[2025-04-30T15:40:38.398+0100] {logging_mixin.py:190} INFO - [2025-04-30T15:40:38.398+0100] {dagbag.py:588} INFO - Filling up the DagBag from /Users/dineshsammeta/anaconda3/envs/python38/lib/python3.8/site-packages/airflow/example_dags/example_trigger_controller_dag.py
[2025-04-30T15:40:38.435+0100] {processor.py:925} INFO - DAG(s) 'example_trigger_controller_dag' retrieved from /Users/dineshsammeta/anaconda3/envs/python38/lib/python3.8/site-packages/airflow/example_dags/example_trigger_controller_dag.py
[2025-04-30T15:40:38.490+0100] {logging_mixin.py:190} INFO - [2025-04-30T15:40:38.489+0100] {dag.py:3239} INFO - Sync 1 DAGs
[2025-04-30T15:40:38.500+0100] {logging_mixin.py:190} INFO - [2025-04-30T15:40:38.500+0100] {dag.py:4180} INFO - Setting next_dagrun for example_trigger_controller_dag to 2021-01-01 00:00:00+00:00, run_after=2021-01-01 00:00:00+00:00
[2025-04-30T15:40:38.509+0100] {processor.py:208} INFO - Processing /Users/dineshsammeta/anaconda3/envs/python38/lib/python3.8/site-packages/airflow/example_dags/example_trigger_controller_dag.py took 0.115 seconds
[2025-04-30T15:42:08.738+0100] {processor.py:186} INFO - Started process (PID=69865) to work on /Users/dineshsammeta/anaconda3/envs/python38/lib/python3.8/site-packages/airflow/example_dags/example_trigger_controller_dag.py
[2025-04-30T15:42:08.739+0100] {processor.py:914} INFO - Processing file /Users/dineshsammeta/anaconda3/envs/python38/lib/python3.8/site-packages/airflow/example_dags/example_trigger_controller_dag.py for tasks to queue
[2025-04-30T15:42:08.740+0100] {logging_mixin.py:190} INFO - [2025-04-30T15:42:08.740+0100] {dagbag.py:588} INFO - Filling up the DagBag from /Users/dineshsammeta/anaconda3/envs/python38/lib/python3.8/site-packages/airflow/example_dags/example_trigger_controller_dag.py
[2025-04-30T15:42:08.776+0100] {processor.py:925} INFO - DAG(s) 'example_trigger_controller_dag' retrieved from /Users/dineshsammeta/anaconda3/envs/python38/lib/python3.8/site-packages/airflow/example_dags/example_trigger_controller_dag.py
[2025-04-30T15:42:08.830+0100] {logging_mixin.py:190} INFO - [2025-04-30T15:42:08.830+0100] {dag.py:3239} INFO - Sync 1 DAGs
[2025-04-30T15:42:08.841+0100] {logging_mixin.py:190} INFO - [2025-04-30T15:42:08.840+0100] {dag.py:4180} INFO - Setting next_dagrun for example_trigger_controller_dag to 2021-01-01 00:00:00+00:00, run_after=2021-01-01 00:00:00+00:00
[2025-04-30T15:42:08.850+0100] {processor.py:208} INFO - Processing /Users/dineshsammeta/anaconda3/envs/python38/lib/python3.8/site-packages/airflow/example_dags/example_trigger_controller_dag.py took 0.114 seconds
[2025-04-30T15:43:37.023+0100] {processor.py:186} INFO - Started process (PID=70010) to work on /Users/dineshsammeta/anaconda3/envs/python38/lib/python3.8/site-packages/airflow/example_dags/example_trigger_controller_dag.py
[2025-04-30T15:43:37.025+0100] {processor.py:914} INFO - Processing file /Users/dineshsammeta/anaconda3/envs/python38/lib/python3.8/site-packages/airflow/example_dags/example_trigger_controller_dag.py for tasks to queue
[2025-04-30T15:43:37.025+0100] {logging_mixin.py:190} INFO - [2025-04-30T15:43:37.025+0100] {dagbag.py:588} INFO - Filling up the DagBag from /Users/dineshsammeta/anaconda3/envs/python38/lib/python3.8/site-packages/airflow/example_dags/example_trigger_controller_dag.py
[2025-04-30T15:43:37.063+0100] {processor.py:925} INFO - DAG(s) 'example_trigger_controller_dag' retrieved from /Users/dineshsammeta/anaconda3/envs/python38/lib/python3.8/site-packages/airflow/example_dags/example_trigger_controller_dag.py
[2025-04-30T15:43:37.116+0100] {logging_mixin.py:190} INFO - [2025-04-30T15:43:37.116+0100] {dag.py:3239} INFO - Sync 1 DAGs
[2025-04-30T15:43:37.127+0100] {logging_mixin.py:190} INFO - [2025-04-30T15:43:37.127+0100] {dag.py:4180} INFO - Setting next_dagrun for example_trigger_controller_dag to 2021-01-01 00:00:00+00:00, run_after=2021-01-01 00:00:00+00:00
[2025-04-30T15:43:37.137+0100] {processor.py:208} INFO - Processing /Users/dineshsammeta/anaconda3/envs/python38/lib/python3.8/site-packages/airflow/example_dags/example_trigger_controller_dag.py took 0.115 seconds
[2025-04-30T15:45:16.273+0100] {processor.py:186} INFO - Started process (PID=70174) to work on /Users/dineshsammeta/anaconda3/envs/python38/lib/python3.8/site-packages/airflow/example_dags/example_trigger_controller_dag.py
[2025-04-30T15:45:16.274+0100] {processor.py:914} INFO - Processing file /Users/dineshsammeta/anaconda3/envs/python38/lib/python3.8/site-packages/airflow/example_dags/example_trigger_controller_dag.py for tasks to queue
[2025-04-30T15:45:16.275+0100] {logging_mixin.py:190} INFO - [2025-04-30T15:45:16.275+0100] {dagbag.py:588} INFO - Filling up the DagBag from /Users/dineshsammeta/anaconda3/envs/python38/lib/python3.8/site-packages/airflow/example_dags/example_trigger_controller_dag.py
[2025-04-30T15:45:16.315+0100] {processor.py:925} INFO - DAG(s) 'example_trigger_controller_dag' retrieved from /Users/dineshsammeta/anaconda3/envs/python38/lib/python3.8/site-packages/airflow/example_dags/example_trigger_controller_dag.py
[2025-04-30T15:45:16.370+0100] {logging_mixin.py:190} INFO - [2025-04-30T15:45:16.370+0100] {dag.py:3239} INFO - Sync 1 DAGs
[2025-04-30T15:45:16.381+0100] {logging_mixin.py:190} INFO - [2025-04-30T15:45:16.381+0100] {dag.py:4180} INFO - Setting next_dagrun for example_trigger_controller_dag to 2021-01-01 00:00:00+00:00, run_after=2021-01-01 00:00:00+00:00
[2025-04-30T15:45:16.391+0100] {processor.py:208} INFO - Processing /Users/dineshsammeta/anaconda3/envs/python38/lib/python3.8/site-packages/airflow/example_dags/example_trigger_controller_dag.py took 0.121 seconds
[2025-04-30T15:46:56.342+0100] {processor.py:186} INFO - Started process (PID=70350) to work on /Users/dineshsammeta/anaconda3/envs/python38/lib/python3.8/site-packages/airflow/example_dags/example_trigger_controller_dag.py
[2025-04-30T15:46:56.343+0100] {processor.py:914} INFO - Processing file /Users/dineshsammeta/anaconda3/envs/python38/lib/python3.8/site-packages/airflow/example_dags/example_trigger_controller_dag.py for tasks to queue
[2025-04-30T15:46:56.344+0100] {logging_mixin.py:190} INFO - [2025-04-30T15:46:56.344+0100] {dagbag.py:588} INFO - Filling up the DagBag from /Users/dineshsammeta/anaconda3/envs/python38/lib/python3.8/site-packages/airflow/example_dags/example_trigger_controller_dag.py
[2025-04-30T15:46:56.385+0100] {processor.py:925} INFO - DAG(s) 'example_trigger_controller_dag' retrieved from /Users/dineshsammeta/anaconda3/envs/python38/lib/python3.8/site-packages/airflow/example_dags/example_trigger_controller_dag.py
[2025-04-30T15:46:56.439+0100] {logging_mixin.py:190} INFO - [2025-04-30T15:46:56.439+0100] {dag.py:3239} INFO - Sync 1 DAGs
[2025-04-30T15:46:56.449+0100] {logging_mixin.py:190} INFO - [2025-04-30T15:46:56.449+0100] {dag.py:4180} INFO - Setting next_dagrun for example_trigger_controller_dag to 2021-01-01 00:00:00+00:00, run_after=2021-01-01 00:00:00+00:00
[2025-04-30T15:46:56.459+0100] {processor.py:208} INFO - Processing /Users/dineshsammeta/anaconda3/envs/python38/lib/python3.8/site-packages/airflow/example_dags/example_trigger_controller_dag.py took 0.120 seconds
