[2025-04-30T13:40:55.281+0100] {processor.py:186} INFO - Started process (PID=66731) to work on /Users/dineshsammeta/anaconda3/envs/python38/lib/python3.8/site-packages/airflow/example_dags/example_branch_datetime_operator.py
[2025-04-30T13:40:55.281+0100] {processor.py:914} INFO - Processing file /Users/dineshsammeta/anaconda3/envs/python38/lib/python3.8/site-packages/airflow/example_dags/example_branch_datetime_operator.py for tasks to queue
[2025-04-30T13:40:55.282+0100] {logging_mixin.py:190} INFO - [2025-04-30T13:40:55.282+0100] {dagbag.py:588} INFO - Filling up the DagBag from /Users/dineshsammeta/anaconda3/envs/python38/lib/python3.8/site-packages/airflow/example_dags/example_branch_datetime_operator.py
[2025-04-30T13:40:55.290+0100] {processor.py:925} INFO - DAG(s) 'example_branch_datetime_operator_3', 'example_branch_datetime_operator', 'example_branch_datetime_operator_2' retrieved from /Users/dineshsammeta/anaconda3/envs/python38/lib/python3.8/site-packages/airflow/example_dags/example_branch_datetime_operator.py
[2025-04-30T13:40:55.383+0100] {logging_mixin.py:190} INFO - [2025-04-30T13:40:55.383+0100] {dag.py:3239} INFO - Sync 3 DAGs
[2025-04-30T13:40:55.394+0100] {logging_mixin.py:190} INFO - [2025-04-30T13:40:55.394+0100] {dag.py:4180} INFO - Setting next_dagrun for example_branch_datetime_operator to 2025-04-29 00:00:00+00:00, run_after=2025-04-30 00:00:00+00:00
[2025-04-30T13:40:55.397+0100] {logging_mixin.py:190} INFO - [2025-04-30T13:40:55.396+0100] {dag.py:4180} INFO - Setting next_dagrun for example_branch_datetime_operator_2 to 2025-04-29 00:00:00+00:00, run_after=2025-04-30 00:00:00+00:00
[2025-04-30T13:40:55.398+0100] {logging_mixin.py:190} INFO - [2025-04-30T13:40:55.398+0100] {dag.py:4180} INFO - Setting next_dagrun for example_branch_datetime_operator_3 to 2025-04-29 00:00:00+00:00, run_after=2025-04-30 00:00:00+00:00
[2025-04-30T13:40:55.407+0100] {processor.py:208} INFO - Processing /Users/dineshsammeta/anaconda3/envs/python38/lib/python3.8/site-packages/airflow/example_dags/example_branch_datetime_operator.py took 0.128 seconds
[2025-04-30T13:43:53.093+0100] {processor.py:186} INFO - Started process (PID=67137) to work on /Users/dineshsammeta/anaconda3/envs/python38/lib/python3.8/site-packages/airflow/example_dags/example_branch_datetime_operator.py
[2025-04-30T13:43:53.094+0100] {processor.py:914} INFO - Processing file /Users/dineshsammeta/anaconda3/envs/python38/lib/python3.8/site-packages/airflow/example_dags/example_branch_datetime_operator.py for tasks to queue
[2025-04-30T13:43:53.095+0100] {logging_mixin.py:190} INFO - [2025-04-30T13:43:53.094+0100] {dagbag.py:588} INFO - Filling up the DagBag from /Users/dineshsammeta/anaconda3/envs/python38/lib/python3.8/site-packages/airflow/example_dags/example_branch_datetime_operator.py
[2025-04-30T13:43:53.103+0100] {processor.py:925} INFO - DAG(s) 'example_branch_datetime_operator_2', 'example_branch_datetime_operator', 'example_branch_datetime_operator_3' retrieved from /Users/dineshsammeta/anaconda3/envs/python38/lib/python3.8/site-packages/airflow/example_dags/example_branch_datetime_operator.py
[2025-04-30T13:43:53.195+0100] {logging_mixin.py:190} INFO - [2025-04-30T13:43:53.194+0100] {dag.py:3239} INFO - Sync 3 DAGs
[2025-04-30T13:43:53.205+0100] {logging_mixin.py:190} INFO - [2025-04-30T13:43:53.205+0100] {dag.py:4180} INFO - Setting next_dagrun for example_branch_datetime_operator to 2025-04-29 00:00:00+00:00, run_after=2025-04-30 00:00:00+00:00
[2025-04-30T13:43:53.207+0100] {logging_mixin.py:190} INFO - [2025-04-30T13:43:53.207+0100] {dag.py:4180} INFO - Setting next_dagrun for example_branch_datetime_operator_2 to 2025-04-29 00:00:00+00:00, run_after=2025-04-30 00:00:00+00:00
[2025-04-30T13:43:53.209+0100] {logging_mixin.py:190} INFO - [2025-04-30T13:43:53.208+0100] {dag.py:4180} INFO - Setting next_dagrun for example_branch_datetime_operator_3 to 2025-04-29 00:00:00+00:00, run_after=2025-04-30 00:00:00+00:00
[2025-04-30T13:43:53.218+0100] {processor.py:208} INFO - Processing /Users/dineshsammeta/anaconda3/envs/python38/lib/python3.8/site-packages/airflow/example_dags/example_branch_datetime_operator.py took 0.127 seconds
[2025-04-30T13:46:51.286+0100] {processor.py:186} INFO - Started process (PID=67483) to work on /Users/dineshsammeta/anaconda3/envs/python38/lib/python3.8/site-packages/airflow/example_dags/example_branch_datetime_operator.py
[2025-04-30T13:46:51.288+0100] {processor.py:914} INFO - Processing file /Users/dineshsammeta/anaconda3/envs/python38/lib/python3.8/site-packages/airflow/example_dags/example_branch_datetime_operator.py for tasks to queue
[2025-04-30T13:46:51.288+0100] {logging_mixin.py:190} INFO - [2025-04-30T13:46:51.288+0100] {dagbag.py:588} INFO - Filling up the DagBag from /Users/dineshsammeta/anaconda3/envs/python38/lib/python3.8/site-packages/airflow/example_dags/example_branch_datetime_operator.py
[2025-04-30T13:46:51.297+0100] {processor.py:925} INFO - DAG(s) 'example_branch_datetime_operator_2', 'example_branch_datetime_operator_3', 'example_branch_datetime_operator' retrieved from /Users/dineshsammeta/anaconda3/envs/python38/lib/python3.8/site-packages/airflow/example_dags/example_branch_datetime_operator.py
[2025-04-30T13:46:51.389+0100] {logging_mixin.py:190} INFO - [2025-04-30T13:46:51.389+0100] {dag.py:3239} INFO - Sync 3 DAGs
[2025-04-30T13:46:51.400+0100] {logging_mixin.py:190} INFO - [2025-04-30T13:46:51.400+0100] {dag.py:4180} INFO - Setting next_dagrun for example_branch_datetime_operator to 2025-04-29 00:00:00+00:00, run_after=2025-04-30 00:00:00+00:00
[2025-04-30T13:46:51.404+0100] {logging_mixin.py:190} INFO - [2025-04-30T13:46:51.404+0100] {dag.py:4180} INFO - Setting next_dagrun for example_branch_datetime_operator_2 to 2025-04-29 00:00:00+00:00, run_after=2025-04-30 00:00:00+00:00
[2025-04-30T13:46:51.405+0100] {logging_mixin.py:190} INFO - [2025-04-30T13:46:51.405+0100] {dag.py:4180} INFO - Setting next_dagrun for example_branch_datetime_operator_3 to 2025-04-29 00:00:00+00:00, run_after=2025-04-30 00:00:00+00:00
[2025-04-30T13:46:51.414+0100] {processor.py:208} INFO - Processing /Users/dineshsammeta/anaconda3/envs/python38/lib/python3.8/site-packages/airflow/example_dags/example_branch_datetime_operator.py took 0.130 seconds
[2025-04-30T13:49:54.540+0100] {processor.py:186} INFO - Started process (PID=67827) to work on /Users/dineshsammeta/anaconda3/envs/python38/lib/python3.8/site-packages/airflow/example_dags/example_branch_datetime_operator.py
[2025-04-30T13:49:54.541+0100] {processor.py:914} INFO - Processing file /Users/dineshsammeta/anaconda3/envs/python38/lib/python3.8/site-packages/airflow/example_dags/example_branch_datetime_operator.py for tasks to queue
[2025-04-30T13:49:54.542+0100] {logging_mixin.py:190} INFO - [2025-04-30T13:49:54.542+0100] {dagbag.py:588} INFO - Filling up the DagBag from /Users/dineshsammeta/anaconda3/envs/python38/lib/python3.8/site-packages/airflow/example_dags/example_branch_datetime_operator.py
[2025-04-30T13:49:54.550+0100] {processor.py:925} INFO - DAG(s) 'example_branch_datetime_operator_2', 'example_branch_datetime_operator', 'example_branch_datetime_operator_3' retrieved from /Users/dineshsammeta/anaconda3/envs/python38/lib/python3.8/site-packages/airflow/example_dags/example_branch_datetime_operator.py
[2025-04-30T13:49:54.643+0100] {logging_mixin.py:190} INFO - [2025-04-30T13:49:54.643+0100] {dag.py:3239} INFO - Sync 3 DAGs
[2025-04-30T13:49:54.654+0100] {logging_mixin.py:190} INFO - [2025-04-30T13:49:54.654+0100] {dag.py:4180} INFO - Setting next_dagrun for example_branch_datetime_operator to 2025-04-29 00:00:00+00:00, run_after=2025-04-30 00:00:00+00:00
[2025-04-30T13:49:54.656+0100] {logging_mixin.py:190} INFO - [2025-04-30T13:49:54.656+0100] {dag.py:4180} INFO - Setting next_dagrun for example_branch_datetime_operator_2 to 2025-04-29 00:00:00+00:00, run_after=2025-04-30 00:00:00+00:00
[2025-04-30T13:49:54.657+0100] {logging_mixin.py:190} INFO - [2025-04-30T13:49:54.657+0100] {dag.py:4180} INFO - Setting next_dagrun for example_branch_datetime_operator_3 to 2025-04-29 00:00:00+00:00, run_after=2025-04-30 00:00:00+00:00
[2025-04-30T13:49:54.666+0100] {processor.py:208} INFO - Processing /Users/dineshsammeta/anaconda3/envs/python38/lib/python3.8/site-packages/airflow/example_dags/example_branch_datetime_operator.py took 0.128 seconds
[2025-04-30T13:52:59.504+0100] {processor.py:186} INFO - Started process (PID=68175) to work on /Users/dineshsammeta/anaconda3/envs/python38/lib/python3.8/site-packages/airflow/example_dags/example_branch_datetime_operator.py
[2025-04-30T13:52:59.505+0100] {processor.py:914} INFO - Processing file /Users/dineshsammeta/anaconda3/envs/python38/lib/python3.8/site-packages/airflow/example_dags/example_branch_datetime_operator.py for tasks to queue
[2025-04-30T13:52:59.505+0100] {logging_mixin.py:190} INFO - [2025-04-30T13:52:59.505+0100] {dagbag.py:588} INFO - Filling up the DagBag from /Users/dineshsammeta/anaconda3/envs/python38/lib/python3.8/site-packages/airflow/example_dags/example_branch_datetime_operator.py
[2025-04-30T13:52:59.514+0100] {processor.py:925} INFO - DAG(s) 'example_branch_datetime_operator', 'example_branch_datetime_operator_2', 'example_branch_datetime_operator_3' retrieved from /Users/dineshsammeta/anaconda3/envs/python38/lib/python3.8/site-packages/airflow/example_dags/example_branch_datetime_operator.py
[2025-04-30T13:52:59.605+0100] {logging_mixin.py:190} INFO - [2025-04-30T13:52:59.605+0100] {dag.py:3239} INFO - Sync 3 DAGs
[2025-04-30T13:52:59.616+0100] {logging_mixin.py:190} INFO - [2025-04-30T13:52:59.616+0100] {dag.py:4180} INFO - Setting next_dagrun for example_branch_datetime_operator to 2025-04-29 00:00:00+00:00, run_after=2025-04-30 00:00:00+00:00
[2025-04-30T13:52:59.618+0100] {logging_mixin.py:190} INFO - [2025-04-30T13:52:59.618+0100] {dag.py:4180} INFO - Setting next_dagrun for example_branch_datetime_operator_2 to 2025-04-29 00:00:00+00:00, run_after=2025-04-30 00:00:00+00:00
[2025-04-30T13:52:59.620+0100] {logging_mixin.py:190} INFO - [2025-04-30T13:52:59.619+0100] {dag.py:4180} INFO - Setting next_dagrun for example_branch_datetime_operator_3 to 2025-04-29 00:00:00+00:00, run_after=2025-04-30 00:00:00+00:00
[2025-04-30T13:52:59.629+0100] {processor.py:208} INFO - Processing /Users/dineshsammeta/anaconda3/envs/python38/lib/python3.8/site-packages/airflow/example_dags/example_branch_datetime_operator.py took 0.127 seconds
[2025-04-30T13:56:15.544+0100] {processor.py:186} INFO - Started process (PID=68537) to work on /Users/dineshsammeta/anaconda3/envs/python38/lib/python3.8/site-packages/airflow/example_dags/example_branch_datetime_operator.py
[2025-04-30T13:56:15.544+0100] {processor.py:914} INFO - Processing file /Users/dineshsammeta/anaconda3/envs/python38/lib/python3.8/site-packages/airflow/example_dags/example_branch_datetime_operator.py for tasks to queue
[2025-04-30T13:56:15.545+0100] {logging_mixin.py:190} INFO - [2025-04-30T13:56:15.545+0100] {dagbag.py:588} INFO - Filling up the DagBag from /Users/dineshsammeta/anaconda3/envs/python38/lib/python3.8/site-packages/airflow/example_dags/example_branch_datetime_operator.py
[2025-04-30T13:56:15.554+0100] {processor.py:925} INFO - DAG(s) 'example_branch_datetime_operator_2', 'example_branch_datetime_operator', 'example_branch_datetime_operator_3' retrieved from /Users/dineshsammeta/anaconda3/envs/python38/lib/python3.8/site-packages/airflow/example_dags/example_branch_datetime_operator.py
[2025-04-30T13:56:15.650+0100] {logging_mixin.py:190} INFO - [2025-04-30T13:56:15.649+0100] {dag.py:3239} INFO - Sync 3 DAGs
[2025-04-30T13:56:15.661+0100] {logging_mixin.py:190} INFO - [2025-04-30T13:56:15.661+0100] {dag.py:4180} INFO - Setting next_dagrun for example_branch_datetime_operator to 2025-04-30 00:00:00+00:00, run_after=2025-05-01 00:00:00+00:00
[2025-04-30T13:56:15.663+0100] {logging_mixin.py:190} INFO - [2025-04-30T13:56:15.663+0100] {dag.py:4180} INFO - Setting next_dagrun for example_branch_datetime_operator_2 to 2025-04-29 00:00:00+00:00, run_after=2025-04-30 00:00:00+00:00
[2025-04-30T13:56:15.664+0100] {logging_mixin.py:190} INFO - [2025-04-30T13:56:15.664+0100] {dag.py:4180} INFO - Setting next_dagrun for example_branch_datetime_operator_3 to 2025-04-29 00:00:00+00:00, run_after=2025-04-30 00:00:00+00:00
[2025-04-30T13:56:15.673+0100] {processor.py:208} INFO - Processing /Users/dineshsammeta/anaconda3/envs/python38/lib/python3.8/site-packages/airflow/example_dags/example_branch_datetime_operator.py took 0.132 seconds
[2025-04-30T13:59:15.667+0100] {processor.py:186} INFO - Started process (PID=68855) to work on /Users/dineshsammeta/anaconda3/envs/python38/lib/python3.8/site-packages/airflow/example_dags/example_branch_datetime_operator.py
[2025-04-30T13:59:15.668+0100] {processor.py:914} INFO - Processing file /Users/dineshsammeta/anaconda3/envs/python38/lib/python3.8/site-packages/airflow/example_dags/example_branch_datetime_operator.py for tasks to queue
[2025-04-30T13:59:15.669+0100] {logging_mixin.py:190} INFO - [2025-04-30T13:59:15.669+0100] {dagbag.py:588} INFO - Filling up the DagBag from /Users/dineshsammeta/anaconda3/envs/python38/lib/python3.8/site-packages/airflow/example_dags/example_branch_datetime_operator.py
[2025-04-30T13:59:15.683+0100] {processor.py:925} INFO - DAG(s) 'example_branch_datetime_operator', 'example_branch_datetime_operator_2', 'example_branch_datetime_operator_3' retrieved from /Users/dineshsammeta/anaconda3/envs/python38/lib/python3.8/site-packages/airflow/example_dags/example_branch_datetime_operator.py
[2025-04-30T13:59:15.779+0100] {logging_mixin.py:190} INFO - [2025-04-30T13:59:15.779+0100] {dag.py:3239} INFO - Sync 3 DAGs
[2025-04-30T13:59:15.790+0100] {logging_mixin.py:190} INFO - [2025-04-30T13:59:15.790+0100] {dag.py:4180} INFO - Setting next_dagrun for example_branch_datetime_operator to 2025-04-30 00:00:00+00:00, run_after=2025-05-01 00:00:00+00:00
[2025-04-30T13:59:15.793+0100] {logging_mixin.py:190} INFO - [2025-04-30T13:59:15.793+0100] {dag.py:4180} INFO - Setting next_dagrun for example_branch_datetime_operator_2 to 2025-04-29 00:00:00+00:00, run_after=2025-04-30 00:00:00+00:00
[2025-04-30T13:59:15.794+0100] {logging_mixin.py:190} INFO - [2025-04-30T13:59:15.794+0100] {dag.py:4180} INFO - Setting next_dagrun for example_branch_datetime_operator_3 to 2025-04-29 00:00:00+00:00, run_after=2025-04-30 00:00:00+00:00
[2025-04-30T13:59:15.804+0100] {processor.py:208} INFO - Processing /Users/dineshsammeta/anaconda3/envs/python38/lib/python3.8/site-packages/airflow/example_dags/example_branch_datetime_operator.py took 0.140 seconds
[2025-04-30T14:02:14.492+0100] {processor.py:186} INFO - Started process (PID=69182) to work on /Users/dineshsammeta/anaconda3/envs/python38/lib/python3.8/site-packages/airflow/example_dags/example_branch_datetime_operator.py
[2025-04-30T14:02:14.493+0100] {processor.py:914} INFO - Processing file /Users/dineshsammeta/anaconda3/envs/python38/lib/python3.8/site-packages/airflow/example_dags/example_branch_datetime_operator.py for tasks to queue
[2025-04-30T14:02:14.494+0100] {logging_mixin.py:190} INFO - [2025-04-30T14:02:14.494+0100] {dagbag.py:588} INFO - Filling up the DagBag from /Users/dineshsammeta/anaconda3/envs/python38/lib/python3.8/site-packages/airflow/example_dags/example_branch_datetime_operator.py
[2025-04-30T14:02:14.502+0100] {processor.py:925} INFO - DAG(s) 'example_branch_datetime_operator', 'example_branch_datetime_operator_2', 'example_branch_datetime_operator_3' retrieved from /Users/dineshsammeta/anaconda3/envs/python38/lib/python3.8/site-packages/airflow/example_dags/example_branch_datetime_operator.py
[2025-04-30T14:02:14.595+0100] {logging_mixin.py:190} INFO - [2025-04-30T14:02:14.594+0100] {dag.py:3239} INFO - Sync 3 DAGs
[2025-04-30T14:02:14.606+0100] {logging_mixin.py:190} INFO - [2025-04-30T14:02:14.606+0100] {dag.py:4180} INFO - Setting next_dagrun for example_branch_datetime_operator to 2025-04-30 00:00:00+00:00, run_after=2025-05-01 00:00:00+00:00
[2025-04-30T14:02:14.608+0100] {logging_mixin.py:190} INFO - [2025-04-30T14:02:14.608+0100] {dag.py:4180} INFO - Setting next_dagrun for example_branch_datetime_operator_2 to 2025-04-29 00:00:00+00:00, run_after=2025-04-30 00:00:00+00:00
[2025-04-30T14:02:14.609+0100] {logging_mixin.py:190} INFO - [2025-04-30T14:02:14.609+0100] {dag.py:4180} INFO - Setting next_dagrun for example_branch_datetime_operator_3 to 2025-04-29 00:00:00+00:00, run_after=2025-04-30 00:00:00+00:00
[2025-04-30T14:02:14.618+0100] {processor.py:208} INFO - Processing /Users/dineshsammeta/anaconda3/envs/python38/lib/python3.8/site-packages/airflow/example_dags/example_branch_datetime_operator.py took 0.128 seconds
[2025-04-30T15:40:00.651+0100] {processor.py:186} INFO - Started process (PID=69635) to work on /Users/dineshsammeta/anaconda3/envs/python38/lib/python3.8/site-packages/airflow/example_dags/example_branch_datetime_operator.py
[2025-04-30T15:40:00.652+0100] {processor.py:914} INFO - Processing file /Users/dineshsammeta/anaconda3/envs/python38/lib/python3.8/site-packages/airflow/example_dags/example_branch_datetime_operator.py for tasks to queue
[2025-04-30T15:40:00.653+0100] {logging_mixin.py:190} INFO - [2025-04-30T15:40:00.653+0100] {dagbag.py:588} INFO - Filling up the DagBag from /Users/dineshsammeta/anaconda3/envs/python38/lib/python3.8/site-packages/airflow/example_dags/example_branch_datetime_operator.py
[2025-04-30T15:40:00.661+0100] {processor.py:925} INFO - DAG(s) 'example_branch_datetime_operator_2', 'example_branch_datetime_operator_3', 'example_branch_datetime_operator' retrieved from /Users/dineshsammeta/anaconda3/envs/python38/lib/python3.8/site-packages/airflow/example_dags/example_branch_datetime_operator.py
[2025-04-30T15:40:00.754+0100] {logging_mixin.py:190} INFO - [2025-04-30T15:40:00.753+0100] {dag.py:3239} INFO - Sync 3 DAGs
[2025-04-30T15:40:00.765+0100] {logging_mixin.py:190} INFO - [2025-04-30T15:40:00.764+0100] {dag.py:4180} INFO - Setting next_dagrun for example_branch_datetime_operator to 2025-04-30 00:00:00+00:00, run_after=2025-05-01 00:00:00+00:00
[2025-04-30T15:40:00.767+0100] {logging_mixin.py:190} INFO - [2025-04-30T15:40:00.767+0100] {dag.py:4180} INFO - Setting next_dagrun for example_branch_datetime_operator_2 to 2025-04-29 00:00:00+00:00, run_after=2025-04-30 00:00:00+00:00
[2025-04-30T15:40:00.768+0100] {logging_mixin.py:190} INFO - [2025-04-30T15:40:00.768+0100] {dag.py:4180} INFO - Setting next_dagrun for example_branch_datetime_operator_3 to 2025-04-29 00:00:00+00:00, run_after=2025-04-30 00:00:00+00:00
[2025-04-30T15:40:00.777+0100] {processor.py:208} INFO - Processing /Users/dineshsammeta/anaconda3/envs/python38/lib/python3.8/site-packages/airflow/example_dags/example_branch_datetime_operator.py took 0.128 seconds
[2025-04-30T15:42:58.352+0100] {processor.py:186} INFO - Started process (PID=69948) to work on /Users/dineshsammeta/anaconda3/envs/python38/lib/python3.8/site-packages/airflow/example_dags/example_branch_datetime_operator.py
[2025-04-30T15:42:58.353+0100] {processor.py:914} INFO - Processing file /Users/dineshsammeta/anaconda3/envs/python38/lib/python3.8/site-packages/airflow/example_dags/example_branch_datetime_operator.py for tasks to queue
[2025-04-30T15:42:58.354+0100] {logging_mixin.py:190} INFO - [2025-04-30T15:42:58.354+0100] {dagbag.py:588} INFO - Filling up the DagBag from /Users/dineshsammeta/anaconda3/envs/python38/lib/python3.8/site-packages/airflow/example_dags/example_branch_datetime_operator.py
[2025-04-30T15:42:58.362+0100] {processor.py:925} INFO - DAG(s) 'example_branch_datetime_operator', 'example_branch_datetime_operator_3', 'example_branch_datetime_operator_2' retrieved from /Users/dineshsammeta/anaconda3/envs/python38/lib/python3.8/site-packages/airflow/example_dags/example_branch_datetime_operator.py
[2025-04-30T15:42:58.453+0100] {logging_mixin.py:190} INFO - [2025-04-30T15:42:58.453+0100] {dag.py:3239} INFO - Sync 3 DAGs
[2025-04-30T15:42:58.464+0100] {logging_mixin.py:190} INFO - [2025-04-30T15:42:58.464+0100] {dag.py:4180} INFO - Setting next_dagrun for example_branch_datetime_operator to 2025-04-30 00:00:00+00:00, run_after=2025-05-01 00:00:00+00:00
[2025-04-30T15:42:58.467+0100] {logging_mixin.py:190} INFO - [2025-04-30T15:42:58.466+0100] {dag.py:4180} INFO - Setting next_dagrun for example_branch_datetime_operator_2 to 2025-04-29 00:00:00+00:00, run_after=2025-04-30 00:00:00+00:00
[2025-04-30T15:42:58.468+0100] {logging_mixin.py:190} INFO - [2025-04-30T15:42:58.468+0100] {dag.py:4180} INFO - Setting next_dagrun for example_branch_datetime_operator_3 to 2025-04-29 00:00:00+00:00, run_after=2025-04-30 00:00:00+00:00
[2025-04-30T15:42:58.477+0100] {processor.py:208} INFO - Processing /Users/dineshsammeta/anaconda3/envs/python38/lib/python3.8/site-packages/airflow/example_dags/example_branch_datetime_operator.py took 0.127 seconds
[2025-04-30T15:46:16.869+0100] {processor.py:186} INFO - Started process (PID=70273) to work on /Users/dineshsammeta/anaconda3/envs/python38/lib/python3.8/site-packages/airflow/example_dags/example_branch_datetime_operator.py
[2025-04-30T15:46:16.870+0100] {processor.py:914} INFO - Processing file /Users/dineshsammeta/anaconda3/envs/python38/lib/python3.8/site-packages/airflow/example_dags/example_branch_datetime_operator.py for tasks to queue
[2025-04-30T15:46:16.870+0100] {logging_mixin.py:190} INFO - [2025-04-30T15:46:16.870+0100] {dagbag.py:588} INFO - Filling up the DagBag from /Users/dineshsammeta/anaconda3/envs/python38/lib/python3.8/site-packages/airflow/example_dags/example_branch_datetime_operator.py
[2025-04-30T15:46:16.879+0100] {processor.py:925} INFO - DAG(s) 'example_branch_datetime_operator_3', 'example_branch_datetime_operator', 'example_branch_datetime_operator_2' retrieved from /Users/dineshsammeta/anaconda3/envs/python38/lib/python3.8/site-packages/airflow/example_dags/example_branch_datetime_operator.py
[2025-04-30T15:46:16.974+0100] {logging_mixin.py:190} INFO - [2025-04-30T15:46:16.974+0100] {dag.py:3239} INFO - Sync 3 DAGs
[2025-04-30T15:46:16.985+0100] {logging_mixin.py:190} INFO - [2025-04-30T15:46:16.985+0100] {dag.py:4180} INFO - Setting next_dagrun for example_branch_datetime_operator to 2025-04-30 00:00:00+00:00, run_after=2025-05-01 00:00:00+00:00
[2025-04-30T15:46:16.987+0100] {logging_mixin.py:190} INFO - [2025-04-30T15:46:16.987+0100] {dag.py:4180} INFO - Setting next_dagrun for example_branch_datetime_operator_2 to 2025-04-29 00:00:00+00:00, run_after=2025-04-30 00:00:00+00:00
[2025-04-30T15:46:16.989+0100] {logging_mixin.py:190} INFO - [2025-04-30T15:46:16.989+0100] {dag.py:4180} INFO - Setting next_dagrun for example_branch_datetime_operator_3 to 2025-04-29 00:00:00+00:00, run_after=2025-04-30 00:00:00+00:00
[2025-04-30T15:46:16.998+0100] {processor.py:208} INFO - Processing /Users/dineshsammeta/anaconda3/envs/python38/lib/python3.8/site-packages/airflow/example_dags/example_branch_datetime_operator.py took 0.131 seconds
