[2025-04-30T13:40:59.905+0100] {processor.py:186} INFO - Started process (PID=66737) to work on /Users/dineshsammeta/anaconda3/envs/python38/lib/python3.8/site-packages/airflow/example_dags/example_bash_decorator.py
[2025-04-30T13:40:59.905+0100] {processor.py:914} INFO - Processing file /Users/dineshsammeta/anaconda3/envs/python38/lib/python3.8/site-packages/airflow/example_dags/example_bash_decorator.py for tasks to queue
[2025-04-30T13:40:59.906+0100] {logging_mixin.py:190} INFO - [2025-04-30T13:40:59.906+0100] {dagbag.py:588} INFO - Filling up the DagBag from /Users/dineshsammeta/anaconda3/envs/python38/lib/python3.8/site-packages/airflow/example_dags/example_bash_decorator.py
[2025-04-30T13:40:59.966+0100] {processor.py:925} INFO - DAG(s) 'example_bash_decorator' retrieved from /Users/dineshsammeta/anaconda3/envs/python38/lib/python3.8/site-packages/airflow/example_dags/example_bash_decorator.py
[2025-04-30T13:41:00.096+0100] {logging_mixin.py:190} INFO - [2025-04-30T13:41:00.096+0100] {dag.py:3239} INFO - Sync 1 DAGs
[2025-04-30T13:41:00.102+0100] {logging_mixin.py:190} INFO - [2025-04-30T13:41:00.102+0100] {dag.py:4180} INFO - Setting next_dagrun for example_bash_decorator to None, run_after=None
[2025-04-30T13:41:00.112+0100] {processor.py:208} INFO - Processing /Users/dineshsammeta/anaconda3/envs/python38/lib/python3.8/site-packages/airflow/example_dags/example_bash_decorator.py took 0.209 seconds
[2025-04-30T13:43:56.943+0100] {processor.py:186} INFO - Started process (PID=67143) to work on /Users/dineshsammeta/anaconda3/envs/python38/lib/python3.8/site-packages/airflow/example_dags/example_bash_decorator.py
[2025-04-30T13:43:56.943+0100] {processor.py:914} INFO - Processing file /Users/dineshsammeta/anaconda3/envs/python38/lib/python3.8/site-packages/airflow/example_dags/example_bash_decorator.py for tasks to queue
[2025-04-30T13:43:56.944+0100] {logging_mixin.py:190} INFO - [2025-04-30T13:43:56.944+0100] {dagbag.py:588} INFO - Filling up the DagBag from /Users/dineshsammeta/anaconda3/envs/python38/lib/python3.8/site-packages/airflow/example_dags/example_bash_decorator.py
[2025-04-30T13:43:57.007+0100] {processor.py:925} INFO - DAG(s) 'example_bash_decorator' retrieved from /Users/dineshsammeta/anaconda3/envs/python38/lib/python3.8/site-packages/airflow/example_dags/example_bash_decorator.py
[2025-04-30T13:43:57.134+0100] {logging_mixin.py:190} INFO - [2025-04-30T13:43:57.134+0100] {dag.py:3239} INFO - Sync 1 DAGs
[2025-04-30T13:43:57.140+0100] {logging_mixin.py:190} INFO - [2025-04-30T13:43:57.140+0100] {dag.py:4180} INFO - Setting next_dagrun for example_bash_decorator to None, run_after=None
[2025-04-30T13:43:57.150+0100] {processor.py:208} INFO - Processing /Users/dineshsammeta/anaconda3/envs/python38/lib/python3.8/site-packages/airflow/example_dags/example_bash_decorator.py took 0.210 seconds
[2025-04-30T13:46:55.961+0100] {processor.py:186} INFO - Started process (PID=67495) to work on /Users/dineshsammeta/anaconda3/envs/python38/lib/python3.8/site-packages/airflow/example_dags/example_bash_decorator.py
[2025-04-30T13:46:55.962+0100] {processor.py:914} INFO - Processing file /Users/dineshsammeta/anaconda3/envs/python38/lib/python3.8/site-packages/airflow/example_dags/example_bash_decorator.py for tasks to queue
[2025-04-30T13:46:55.963+0100] {logging_mixin.py:190} INFO - [2025-04-30T13:46:55.963+0100] {dagbag.py:588} INFO - Filling up the DagBag from /Users/dineshsammeta/anaconda3/envs/python38/lib/python3.8/site-packages/airflow/example_dags/example_bash_decorator.py
[2025-04-30T13:46:56.024+0100] {processor.py:925} INFO - DAG(s) 'example_bash_decorator' retrieved from /Users/dineshsammeta/anaconda3/envs/python38/lib/python3.8/site-packages/airflow/example_dags/example_bash_decorator.py
[2025-04-30T13:46:56.152+0100] {logging_mixin.py:190} INFO - [2025-04-30T13:46:56.152+0100] {dag.py:3239} INFO - Sync 1 DAGs
[2025-04-30T13:46:56.159+0100] {logging_mixin.py:190} INFO - [2025-04-30T13:46:56.159+0100] {dag.py:4180} INFO - Setting next_dagrun for example_bash_decorator to None, run_after=None
[2025-04-30T13:46:56.169+0100] {processor.py:208} INFO - Processing /Users/dineshsammeta/anaconda3/envs/python38/lib/python3.8/site-packages/airflow/example_dags/example_bash_decorator.py took 0.210 seconds
[2025-04-30T13:49:58.535+0100] {processor.py:186} INFO - Started process (PID=67836) to work on /Users/dineshsammeta/anaconda3/envs/python38/lib/python3.8/site-packages/airflow/example_dags/example_bash_decorator.py
[2025-04-30T13:49:58.536+0100] {processor.py:914} INFO - Processing file /Users/dineshsammeta/anaconda3/envs/python38/lib/python3.8/site-packages/airflow/example_dags/example_bash_decorator.py for tasks to queue
[2025-04-30T13:49:58.537+0100] {logging_mixin.py:190} INFO - [2025-04-30T13:49:58.537+0100] {dagbag.py:588} INFO - Filling up the DagBag from /Users/dineshsammeta/anaconda3/envs/python38/lib/python3.8/site-packages/airflow/example_dags/example_bash_decorator.py
[2025-04-30T13:49:58.596+0100] {processor.py:925} INFO - DAG(s) 'example_bash_decorator' retrieved from /Users/dineshsammeta/anaconda3/envs/python38/lib/python3.8/site-packages/airflow/example_dags/example_bash_decorator.py
[2025-04-30T13:49:58.725+0100] {logging_mixin.py:190} INFO - [2025-04-30T13:49:58.724+0100] {dag.py:3239} INFO - Sync 1 DAGs
[2025-04-30T13:49:58.731+0100] {logging_mixin.py:190} INFO - [2025-04-30T13:49:58.730+0100] {dag.py:4180} INFO - Setting next_dagrun for example_bash_decorator to None, run_after=None
[2025-04-30T13:49:58.740+0100] {processor.py:208} INFO - Processing /Users/dineshsammeta/anaconda3/envs/python38/lib/python3.8/site-packages/airflow/example_dags/example_bash_decorator.py took 0.207 seconds
[2025-04-30T13:53:03.516+0100] {processor.py:186} INFO - Started process (PID=68181) to work on /Users/dineshsammeta/anaconda3/envs/python38/lib/python3.8/site-packages/airflow/example_dags/example_bash_decorator.py
[2025-04-30T13:53:03.518+0100] {processor.py:914} INFO - Processing file /Users/dineshsammeta/anaconda3/envs/python38/lib/python3.8/site-packages/airflow/example_dags/example_bash_decorator.py for tasks to queue
[2025-04-30T13:53:03.518+0100] {logging_mixin.py:190} INFO - [2025-04-30T13:53:03.518+0100] {dagbag.py:588} INFO - Filling up the DagBag from /Users/dineshsammeta/anaconda3/envs/python38/lib/python3.8/site-packages/airflow/example_dags/example_bash_decorator.py
[2025-04-30T13:53:03.576+0100] {processor.py:925} INFO - DAG(s) 'example_bash_decorator' retrieved from /Users/dineshsammeta/anaconda3/envs/python38/lib/python3.8/site-packages/airflow/example_dags/example_bash_decorator.py
[2025-04-30T13:53:03.706+0100] {logging_mixin.py:190} INFO - [2025-04-30T13:53:03.706+0100] {dag.py:3239} INFO - Sync 1 DAGs
[2025-04-30T13:53:03.712+0100] {logging_mixin.py:190} INFO - [2025-04-30T13:53:03.712+0100] {dag.py:4180} INFO - Setting next_dagrun for example_bash_decorator to None, run_after=None
[2025-04-30T13:53:03.721+0100] {processor.py:208} INFO - Processing /Users/dineshsammeta/anaconda3/envs/python38/lib/python3.8/site-packages/airflow/example_dags/example_bash_decorator.py took 0.207 seconds
[2025-04-30T13:56:19.535+0100] {processor.py:186} INFO - Started process (PID=68543) to work on /Users/dineshsammeta/anaconda3/envs/python38/lib/python3.8/site-packages/airflow/example_dags/example_bash_decorator.py
[2025-04-30T13:56:19.535+0100] {processor.py:914} INFO - Processing file /Users/dineshsammeta/anaconda3/envs/python38/lib/python3.8/site-packages/airflow/example_dags/example_bash_decorator.py for tasks to queue
[2025-04-30T13:56:19.536+0100] {logging_mixin.py:190} INFO - [2025-04-30T13:56:19.536+0100] {dagbag.py:588} INFO - Filling up the DagBag from /Users/dineshsammeta/anaconda3/envs/python38/lib/python3.8/site-packages/airflow/example_dags/example_bash_decorator.py
[2025-04-30T13:56:19.594+0100] {processor.py:925} INFO - DAG(s) 'example_bash_decorator' retrieved from /Users/dineshsammeta/anaconda3/envs/python38/lib/python3.8/site-packages/airflow/example_dags/example_bash_decorator.py
[2025-04-30T13:56:19.720+0100] {logging_mixin.py:190} INFO - [2025-04-30T13:56:19.720+0100] {dag.py:3239} INFO - Sync 1 DAGs
[2025-04-30T13:56:19.726+0100] {logging_mixin.py:190} INFO - [2025-04-30T13:56:19.726+0100] {dag.py:4180} INFO - Setting next_dagrun for example_bash_decorator to None, run_after=None
[2025-04-30T13:56:19.736+0100] {processor.py:208} INFO - Processing /Users/dineshsammeta/anaconda3/envs/python38/lib/python3.8/site-packages/airflow/example_dags/example_bash_decorator.py took 0.203 seconds
[2025-04-30T13:59:19.540+0100] {processor.py:186} INFO - Started process (PID=68866) to work on /Users/dineshsammeta/anaconda3/envs/python38/lib/python3.8/site-packages/airflow/example_dags/example_bash_decorator.py
[2025-04-30T13:59:19.541+0100] {processor.py:914} INFO - Processing file /Users/dineshsammeta/anaconda3/envs/python38/lib/python3.8/site-packages/airflow/example_dags/example_bash_decorator.py for tasks to queue
[2025-04-30T13:59:19.541+0100] {logging_mixin.py:190} INFO - [2025-04-30T13:59:19.541+0100] {dagbag.py:588} INFO - Filling up the DagBag from /Users/dineshsammeta/anaconda3/envs/python38/lib/python3.8/site-packages/airflow/example_dags/example_bash_decorator.py
[2025-04-30T13:59:19.603+0100] {processor.py:925} INFO - DAG(s) 'example_bash_decorator' retrieved from /Users/dineshsammeta/anaconda3/envs/python38/lib/python3.8/site-packages/airflow/example_dags/example_bash_decorator.py
[2025-04-30T13:59:19.729+0100] {logging_mixin.py:190} INFO - [2025-04-30T13:59:19.729+0100] {dag.py:3239} INFO - Sync 1 DAGs
[2025-04-30T13:59:19.735+0100] {logging_mixin.py:190} INFO - [2025-04-30T13:59:19.735+0100] {dag.py:4180} INFO - Setting next_dagrun for example_bash_decorator to None, run_after=None
[2025-04-30T13:59:19.745+0100] {processor.py:208} INFO - Processing /Users/dineshsammeta/anaconda3/envs/python38/lib/python3.8/site-packages/airflow/example_dags/example_bash_decorator.py took 0.208 seconds
[2025-04-30T14:02:18.483+0100] {processor.py:186} INFO - Started process (PID=69189) to work on /Users/dineshsammeta/anaconda3/envs/python38/lib/python3.8/site-packages/airflow/example_dags/example_bash_decorator.py
[2025-04-30T14:02:18.484+0100] {processor.py:914} INFO - Processing file /Users/dineshsammeta/anaconda3/envs/python38/lib/python3.8/site-packages/airflow/example_dags/example_bash_decorator.py for tasks to queue
[2025-04-30T14:02:18.485+0100] {logging_mixin.py:190} INFO - [2025-04-30T14:02:18.485+0100] {dagbag.py:588} INFO - Filling up the DagBag from /Users/dineshsammeta/anaconda3/envs/python38/lib/python3.8/site-packages/airflow/example_dags/example_bash_decorator.py
[2025-04-30T14:02:18.539+0100] {processor.py:925} INFO - DAG(s) 'example_bash_decorator' retrieved from /Users/dineshsammeta/anaconda3/envs/python38/lib/python3.8/site-packages/airflow/example_dags/example_bash_decorator.py
[2025-04-30T14:02:18.666+0100] {logging_mixin.py:190} INFO - [2025-04-30T14:02:18.665+0100] {dag.py:3239} INFO - Sync 1 DAGs
[2025-04-30T14:02:18.671+0100] {logging_mixin.py:190} INFO - [2025-04-30T14:02:18.671+0100] {dag.py:4180} INFO - Setting next_dagrun for example_bash_decorator to None, run_after=None
[2025-04-30T14:02:18.681+0100] {processor.py:208} INFO - Processing /Users/dineshsammeta/anaconda3/envs/python38/lib/python3.8/site-packages/airflow/example_dags/example_bash_decorator.py took 0.200 seconds
[2025-04-30T15:40:04.642+0100] {processor.py:186} INFO - Started process (PID=69647) to work on /Users/dineshsammeta/anaconda3/envs/python38/lib/python3.8/site-packages/airflow/example_dags/example_bash_decorator.py
[2025-04-30T15:40:04.643+0100] {processor.py:914} INFO - Processing file /Users/dineshsammeta/anaconda3/envs/python38/lib/python3.8/site-packages/airflow/example_dags/example_bash_decorator.py for tasks to queue
[2025-04-30T15:40:04.643+0100] {logging_mixin.py:190} INFO - [2025-04-30T15:40:04.643+0100] {dagbag.py:588} INFO - Filling up the DagBag from /Users/dineshsammeta/anaconda3/envs/python38/lib/python3.8/site-packages/airflow/example_dags/example_bash_decorator.py
[2025-04-30T15:40:04.703+0100] {processor.py:925} INFO - DAG(s) 'example_bash_decorator' retrieved from /Users/dineshsammeta/anaconda3/envs/python38/lib/python3.8/site-packages/airflow/example_dags/example_bash_decorator.py
[2025-04-30T15:40:04.829+0100] {logging_mixin.py:190} INFO - [2025-04-30T15:40:04.829+0100] {dag.py:3239} INFO - Sync 1 DAGs
[2025-04-30T15:40:04.835+0100] {logging_mixin.py:190} INFO - [2025-04-30T15:40:04.835+0100] {dag.py:4180} INFO - Setting next_dagrun for example_bash_decorator to None, run_after=None
[2025-04-30T15:40:04.844+0100] {processor.py:208} INFO - Processing /Users/dineshsammeta/anaconda3/envs/python38/lib/python3.8/site-packages/airflow/example_dags/example_bash_decorator.py took 0.205 seconds
[2025-04-30T15:43:03.164+0100] {processor.py:186} INFO - Started process (PID=69956) to work on /Users/dineshsammeta/anaconda3/envs/python38/lib/python3.8/site-packages/airflow/example_dags/example_bash_decorator.py
[2025-04-30T15:43:03.166+0100] {processor.py:914} INFO - Processing file /Users/dineshsammeta/anaconda3/envs/python38/lib/python3.8/site-packages/airflow/example_dags/example_bash_decorator.py for tasks to queue
[2025-04-30T15:43:03.166+0100] {logging_mixin.py:190} INFO - [2025-04-30T15:43:03.166+0100] {dagbag.py:588} INFO - Filling up the DagBag from /Users/dineshsammeta/anaconda3/envs/python38/lib/python3.8/site-packages/airflow/example_dags/example_bash_decorator.py
[2025-04-30T15:43:03.227+0100] {processor.py:925} INFO - DAG(s) 'example_bash_decorator' retrieved from /Users/dineshsammeta/anaconda3/envs/python38/lib/python3.8/site-packages/airflow/example_dags/example_bash_decorator.py
[2025-04-30T15:43:03.353+0100] {logging_mixin.py:190} INFO - [2025-04-30T15:43:03.353+0100] {dag.py:3239} INFO - Sync 1 DAGs
[2025-04-30T15:43:03.359+0100] {logging_mixin.py:190} INFO - [2025-04-30T15:43:03.359+0100] {dag.py:4180} INFO - Setting next_dagrun for example_bash_decorator to None, run_after=None
[2025-04-30T15:43:03.369+0100] {processor.py:208} INFO - Processing /Users/dineshsammeta/anaconda3/envs/python38/lib/python3.8/site-packages/airflow/example_dags/example_bash_decorator.py took 0.207 seconds
[2025-04-30T15:46:20.823+0100] {processor.py:186} INFO - Started process (PID=70279) to work on /Users/dineshsammeta/anaconda3/envs/python38/lib/python3.8/site-packages/airflow/example_dags/example_bash_decorator.py
[2025-04-30T15:46:20.824+0100] {processor.py:914} INFO - Processing file /Users/dineshsammeta/anaconda3/envs/python38/lib/python3.8/site-packages/airflow/example_dags/example_bash_decorator.py for tasks to queue
[2025-04-30T15:46:20.825+0100] {logging_mixin.py:190} INFO - [2025-04-30T15:46:20.825+0100] {dagbag.py:588} INFO - Filling up the DagBag from /Users/dineshsammeta/anaconda3/envs/python38/lib/python3.8/site-packages/airflow/example_dags/example_bash_decorator.py
[2025-04-30T15:46:20.899+0100] {processor.py:925} INFO - DAG(s) 'example_bash_decorator' retrieved from /Users/dineshsammeta/anaconda3/envs/python38/lib/python3.8/site-packages/airflow/example_dags/example_bash_decorator.py
[2025-04-30T15:46:21.044+0100] {logging_mixin.py:190} INFO - [2025-04-30T15:46:21.043+0100] {dag.py:3239} INFO - Sync 1 DAGs
[2025-04-30T15:46:21.050+0100] {logging_mixin.py:190} INFO - [2025-04-30T15:46:21.050+0100] {dag.py:4180} INFO - Setting next_dagrun for example_bash_decorator to None, run_after=None
[2025-04-30T15:46:21.060+0100] {processor.py:208} INFO - Processing /Users/dineshsammeta/anaconda3/envs/python38/lib/python3.8/site-packages/airflow/example_dags/example_bash_decorator.py took 0.239 seconds
