[2025-04-30T13:39:45.886+0100] {processor.py:186} INFO - Started process (PID=66601) to work on /Users/dineshsammeta/anaconda3/envs/python38/lib/python3.8/site-packages/airflow/example_dags/example_short_circuit_operator.py
[2025-04-30T13:39:45.887+0100] {processor.py:914} INFO - Processing file /Users/dineshsammeta/anaconda3/envs/python38/lib/python3.8/site-packages/airflow/example_dags/example_short_circuit_operator.py for tasks to queue
[2025-04-30T13:39:45.887+0100] {logging_mixin.py:190} INFO - [2025-04-30T13:39:45.887+0100] {dagbag.py:588} INFO - Filling up the DagBag from /Users/dineshsammeta/anaconda3/envs/python38/lib/python3.8/site-packages/airflow/example_dags/example_short_circuit_operator.py
[2025-04-30T13:39:45.933+0100] {processor.py:925} INFO - DAG(s) 'example_short_circuit_operator' retrieved from /Users/dineshsammeta/anaconda3/envs/python38/lib/python3.8/site-packages/airflow/example_dags/example_short_circuit_operator.py
[2025-04-30T13:39:45.992+0100] {logging_mixin.py:190} INFO - [2025-04-30T13:39:45.991+0100] {dag.py:3239} INFO - Sync 1 DAGs
[2025-04-30T13:39:45.999+0100] {logging_mixin.py:190} INFO - [2025-04-30T13:39:45.999+0100] {dag.py:4180} INFO - Setting next_dagrun for example_short_circuit_operator to None, run_after=None
[2025-04-30T13:39:46.009+0100] {processor.py:208} INFO - Processing /Users/dineshsammeta/anaconda3/envs/python38/lib/python3.8/site-packages/airflow/example_dags/example_short_circuit_operator.py took 0.125 seconds
[2025-04-30T13:41:45.180+0100] {processor.py:186} INFO - Started process (PID=66885) to work on /Users/dineshsammeta/anaconda3/envs/python38/lib/python3.8/site-packages/airflow/example_dags/example_short_circuit_operator.py
[2025-04-30T13:41:45.182+0100] {processor.py:914} INFO - Processing file /Users/dineshsammeta/anaconda3/envs/python38/lib/python3.8/site-packages/airflow/example_dags/example_short_circuit_operator.py for tasks to queue
[2025-04-30T13:41:45.183+0100] {logging_mixin.py:190} INFO - [2025-04-30T13:41:45.183+0100] {dagbag.py:588} INFO - Filling up the DagBag from /Users/dineshsammeta/anaconda3/envs/python38/lib/python3.8/site-packages/airflow/example_dags/example_short_circuit_operator.py
[2025-04-30T13:41:45.229+0100] {processor.py:925} INFO - DAG(s) 'example_short_circuit_operator' retrieved from /Users/dineshsammeta/anaconda3/envs/python38/lib/python3.8/site-packages/airflow/example_dags/example_short_circuit_operator.py
[2025-04-30T13:41:45.289+0100] {logging_mixin.py:190} INFO - [2025-04-30T13:41:45.289+0100] {dag.py:3239} INFO - Sync 1 DAGs
[2025-04-30T13:41:45.295+0100] {logging_mixin.py:190} INFO - [2025-04-30T13:41:45.295+0100] {dag.py:4180} INFO - Setting next_dagrun for example_short_circuit_operator to None, run_after=None
[2025-04-30T13:41:45.305+0100] {processor.py:208} INFO - Processing /Users/dineshsammeta/anaconda3/envs/python38/lib/python3.8/site-packages/airflow/example_dags/example_short_circuit_operator.py took 0.127 seconds
[2025-04-30T13:43:16.002+0100] {processor.py:186} INFO - Started process (PID=67065) to work on /Users/dineshsammeta/anaconda3/envs/python38/lib/python3.8/site-packages/airflow/example_dags/example_short_circuit_operator.py
[2025-04-30T13:43:16.003+0100] {processor.py:914} INFO - Processing file /Users/dineshsammeta/anaconda3/envs/python38/lib/python3.8/site-packages/airflow/example_dags/example_short_circuit_operator.py for tasks to queue
[2025-04-30T13:43:16.004+0100] {logging_mixin.py:190} INFO - [2025-04-30T13:43:16.004+0100] {dagbag.py:588} INFO - Filling up the DagBag from /Users/dineshsammeta/anaconda3/envs/python38/lib/python3.8/site-packages/airflow/example_dags/example_short_circuit_operator.py
[2025-04-30T13:43:16.049+0100] {processor.py:925} INFO - DAG(s) 'example_short_circuit_operator' retrieved from /Users/dineshsammeta/anaconda3/envs/python38/lib/python3.8/site-packages/airflow/example_dags/example_short_circuit_operator.py
[2025-04-30T13:43:16.108+0100] {logging_mixin.py:190} INFO - [2025-04-30T13:43:16.108+0100] {dag.py:3239} INFO - Sync 1 DAGs
[2025-04-30T13:43:16.114+0100] {logging_mixin.py:190} INFO - [2025-04-30T13:43:16.114+0100] {dag.py:4180} INFO - Setting next_dagrun for example_short_circuit_operator to None, run_after=None
[2025-04-30T13:43:16.124+0100] {processor.py:208} INFO - Processing /Users/dineshsammeta/anaconda3/envs/python38/lib/python3.8/site-packages/airflow/example_dags/example_short_circuit_operator.py took 0.124 seconds
[2025-04-30T13:44:46.690+0100] {processor.py:186} INFO - Started process (PID=67234) to work on /Users/dineshsammeta/anaconda3/envs/python38/lib/python3.8/site-packages/airflow/example_dags/example_short_circuit_operator.py
[2025-04-30T13:44:46.691+0100] {processor.py:914} INFO - Processing file /Users/dineshsammeta/anaconda3/envs/python38/lib/python3.8/site-packages/airflow/example_dags/example_short_circuit_operator.py for tasks to queue
[2025-04-30T13:44:46.692+0100] {logging_mixin.py:190} INFO - [2025-04-30T13:44:46.692+0100] {dagbag.py:588} INFO - Filling up the DagBag from /Users/dineshsammeta/anaconda3/envs/python38/lib/python3.8/site-packages/airflow/example_dags/example_short_circuit_operator.py
[2025-04-30T13:44:46.737+0100] {processor.py:925} INFO - DAG(s) 'example_short_circuit_operator' retrieved from /Users/dineshsammeta/anaconda3/envs/python38/lib/python3.8/site-packages/airflow/example_dags/example_short_circuit_operator.py
[2025-04-30T13:44:46.796+0100] {logging_mixin.py:190} INFO - [2025-04-30T13:44:46.795+0100] {dag.py:3239} INFO - Sync 1 DAGs
[2025-04-30T13:44:46.801+0100] {logging_mixin.py:190} INFO - [2025-04-30T13:44:46.801+0100] {dag.py:4180} INFO - Setting next_dagrun for example_short_circuit_operator to None, run_after=None
[2025-04-30T13:44:46.813+0100] {processor.py:208} INFO - Processing /Users/dineshsammeta/anaconda3/envs/python38/lib/python3.8/site-packages/airflow/example_dags/example_short_circuit_operator.py took 0.124 seconds
[2025-04-30T13:46:14.504+0100] {processor.py:186} INFO - Started process (PID=67404) to work on /Users/dineshsammeta/anaconda3/envs/python38/lib/python3.8/site-packages/airflow/example_dags/example_short_circuit_operator.py
[2025-04-30T13:46:14.505+0100] {processor.py:914} INFO - Processing file /Users/dineshsammeta/anaconda3/envs/python38/lib/python3.8/site-packages/airflow/example_dags/example_short_circuit_operator.py for tasks to queue
[2025-04-30T13:46:14.506+0100] {logging_mixin.py:190} INFO - [2025-04-30T13:46:14.506+0100] {dagbag.py:588} INFO - Filling up the DagBag from /Users/dineshsammeta/anaconda3/envs/python38/lib/python3.8/site-packages/airflow/example_dags/example_short_circuit_operator.py
[2025-04-30T13:46:14.551+0100] {processor.py:925} INFO - DAG(s) 'example_short_circuit_operator' retrieved from /Users/dineshsammeta/anaconda3/envs/python38/lib/python3.8/site-packages/airflow/example_dags/example_short_circuit_operator.py
[2025-04-30T13:46:14.610+0100] {logging_mixin.py:190} INFO - [2025-04-30T13:46:14.610+0100] {dag.py:3239} INFO - Sync 1 DAGs
[2025-04-30T13:46:14.616+0100] {logging_mixin.py:190} INFO - [2025-04-30T13:46:14.616+0100] {dag.py:4180} INFO - Setting next_dagrun for example_short_circuit_operator to None, run_after=None
[2025-04-30T13:46:14.625+0100] {processor.py:208} INFO - Processing /Users/dineshsammeta/anaconda3/envs/python38/lib/python3.8/site-packages/airflow/example_dags/example_short_circuit_operator.py took 0.124 seconds
[2025-04-30T13:47:42.587+0100] {processor.py:186} INFO - Started process (PID=67586) to work on /Users/dineshsammeta/anaconda3/envs/python38/lib/python3.8/site-packages/airflow/example_dags/example_short_circuit_operator.py
[2025-04-30T13:47:42.588+0100] {processor.py:914} INFO - Processing file /Users/dineshsammeta/anaconda3/envs/python38/lib/python3.8/site-packages/airflow/example_dags/example_short_circuit_operator.py for tasks to queue
[2025-04-30T13:47:42.589+0100] {logging_mixin.py:190} INFO - [2025-04-30T13:47:42.589+0100] {dagbag.py:588} INFO - Filling up the DagBag from /Users/dineshsammeta/anaconda3/envs/python38/lib/python3.8/site-packages/airflow/example_dags/example_short_circuit_operator.py
[2025-04-30T13:47:42.636+0100] {processor.py:925} INFO - DAG(s) 'example_short_circuit_operator' retrieved from /Users/dineshsammeta/anaconda3/envs/python38/lib/python3.8/site-packages/airflow/example_dags/example_short_circuit_operator.py
[2025-04-30T13:47:42.695+0100] {logging_mixin.py:190} INFO - [2025-04-30T13:47:42.695+0100] {dag.py:3239} INFO - Sync 1 DAGs
[2025-04-30T13:47:42.701+0100] {logging_mixin.py:190} INFO - [2025-04-30T13:47:42.701+0100] {dag.py:4180} INFO - Setting next_dagrun for example_short_circuit_operator to None, run_after=None
[2025-04-30T13:47:42.711+0100] {processor.py:208} INFO - Processing /Users/dineshsammeta/anaconda3/envs/python38/lib/python3.8/site-packages/airflow/example_dags/example_short_circuit_operator.py took 0.126 seconds
[2025-04-30T13:49:14.287+0100] {processor.py:186} INFO - Started process (PID=67761) to work on /Users/dineshsammeta/anaconda3/envs/python38/lib/python3.8/site-packages/airflow/example_dags/example_short_circuit_operator.py
[2025-04-30T13:49:14.288+0100] {processor.py:914} INFO - Processing file /Users/dineshsammeta/anaconda3/envs/python38/lib/python3.8/site-packages/airflow/example_dags/example_short_circuit_operator.py for tasks to queue
[2025-04-30T13:49:14.289+0100] {logging_mixin.py:190} INFO - [2025-04-30T13:49:14.288+0100] {dagbag.py:588} INFO - Filling up the DagBag from /Users/dineshsammeta/anaconda3/envs/python38/lib/python3.8/site-packages/airflow/example_dags/example_short_circuit_operator.py
[2025-04-30T13:49:14.336+0100] {processor.py:925} INFO - DAG(s) 'example_short_circuit_operator' retrieved from /Users/dineshsammeta/anaconda3/envs/python38/lib/python3.8/site-packages/airflow/example_dags/example_short_circuit_operator.py
[2025-04-30T13:49:14.394+0100] {logging_mixin.py:190} INFO - [2025-04-30T13:49:14.394+0100] {dag.py:3239} INFO - Sync 1 DAGs
[2025-04-30T13:49:14.400+0100] {logging_mixin.py:190} INFO - [2025-04-30T13:49:14.400+0100] {dag.py:4180} INFO - Setting next_dagrun for example_short_circuit_operator to None, run_after=None
[2025-04-30T13:49:14.410+0100] {processor.py:208} INFO - Processing /Users/dineshsammeta/anaconda3/envs/python38/lib/python3.8/site-packages/airflow/example_dags/example_short_circuit_operator.py took 0.126 seconds
[2025-04-30T13:50:50.107+0100] {processor.py:186} INFO - Started process (PID=67939) to work on /Users/dineshsammeta/anaconda3/envs/python38/lib/python3.8/site-packages/airflow/example_dags/example_short_circuit_operator.py
[2025-04-30T13:50:50.108+0100] {processor.py:914} INFO - Processing file /Users/dineshsammeta/anaconda3/envs/python38/lib/python3.8/site-packages/airflow/example_dags/example_short_circuit_operator.py for tasks to queue
[2025-04-30T13:50:50.109+0100] {logging_mixin.py:190} INFO - [2025-04-30T13:50:50.109+0100] {dagbag.py:588} INFO - Filling up the DagBag from /Users/dineshsammeta/anaconda3/envs/python38/lib/python3.8/site-packages/airflow/example_dags/example_short_circuit_operator.py
[2025-04-30T13:50:50.157+0100] {processor.py:925} INFO - DAG(s) 'example_short_circuit_operator' retrieved from /Users/dineshsammeta/anaconda3/envs/python38/lib/python3.8/site-packages/airflow/example_dags/example_short_circuit_operator.py
[2025-04-30T13:50:50.215+0100] {logging_mixin.py:190} INFO - [2025-04-30T13:50:50.215+0100] {dag.py:3239} INFO - Sync 1 DAGs
[2025-04-30T13:50:50.222+0100] {logging_mixin.py:190} INFO - [2025-04-30T13:50:50.222+0100] {dag.py:4180} INFO - Setting next_dagrun for example_short_circuit_operator to None, run_after=None
[2025-04-30T13:50:50.232+0100] {processor.py:208} INFO - Processing /Users/dineshsammeta/anaconda3/envs/python38/lib/python3.8/site-packages/airflow/example_dags/example_short_circuit_operator.py took 0.127 seconds
[2025-04-30T13:52:21.306+0100] {processor.py:186} INFO - Started process (PID=68091) to work on /Users/dineshsammeta/anaconda3/envs/python38/lib/python3.8/site-packages/airflow/example_dags/example_short_circuit_operator.py
[2025-04-30T13:52:21.307+0100] {processor.py:914} INFO - Processing file /Users/dineshsammeta/anaconda3/envs/python38/lib/python3.8/site-packages/airflow/example_dags/example_short_circuit_operator.py for tasks to queue
[2025-04-30T13:52:21.307+0100] {logging_mixin.py:190} INFO - [2025-04-30T13:52:21.307+0100] {dagbag.py:588} INFO - Filling up the DagBag from /Users/dineshsammeta/anaconda3/envs/python38/lib/python3.8/site-packages/airflow/example_dags/example_short_circuit_operator.py
[2025-04-30T13:52:21.352+0100] {processor.py:925} INFO - DAG(s) 'example_short_circuit_operator' retrieved from /Users/dineshsammeta/anaconda3/envs/python38/lib/python3.8/site-packages/airflow/example_dags/example_short_circuit_operator.py
[2025-04-30T13:52:21.412+0100] {logging_mixin.py:190} INFO - [2025-04-30T13:52:21.412+0100] {dag.py:3239} INFO - Sync 1 DAGs
[2025-04-30T13:52:21.419+0100] {logging_mixin.py:190} INFO - [2025-04-30T13:52:21.419+0100] {dag.py:4180} INFO - Setting next_dagrun for example_short_circuit_operator to None, run_after=None
[2025-04-30T13:52:21.429+0100] {processor.py:208} INFO - Processing /Users/dineshsammeta/anaconda3/envs/python38/lib/python3.8/site-packages/airflow/example_dags/example_short_circuit_operator.py took 0.125 seconds
[2025-04-30T13:53:59.212+0100] {processor.py:186} INFO - Started process (PID=68286) to work on /Users/dineshsammeta/anaconda3/envs/python38/lib/python3.8/site-packages/airflow/example_dags/example_short_circuit_operator.py
[2025-04-30T13:53:59.213+0100] {processor.py:914} INFO - Processing file /Users/dineshsammeta/anaconda3/envs/python38/lib/python3.8/site-packages/airflow/example_dags/example_short_circuit_operator.py for tasks to queue
[2025-04-30T13:53:59.213+0100] {logging_mixin.py:190} INFO - [2025-04-30T13:53:59.213+0100] {dagbag.py:588} INFO - Filling up the DagBag from /Users/dineshsammeta/anaconda3/envs/python38/lib/python3.8/site-packages/airflow/example_dags/example_short_circuit_operator.py
[2025-04-30T13:53:59.264+0100] {processor.py:925} INFO - DAG(s) 'example_short_circuit_operator' retrieved from /Users/dineshsammeta/anaconda3/envs/python38/lib/python3.8/site-packages/airflow/example_dags/example_short_circuit_operator.py
[2025-04-30T13:53:59.326+0100] {logging_mixin.py:190} INFO - [2025-04-30T13:53:59.326+0100] {dag.py:3239} INFO - Sync 1 DAGs
[2025-04-30T13:53:59.332+0100] {logging_mixin.py:190} INFO - [2025-04-30T13:53:59.332+0100] {dag.py:4180} INFO - Setting next_dagrun for example_short_circuit_operator to None, run_after=None
[2025-04-30T13:53:59.343+0100] {processor.py:208} INFO - Processing /Users/dineshsammeta/anaconda3/envs/python38/lib/python3.8/site-packages/airflow/example_dags/example_short_circuit_operator.py took 0.133 seconds
[2025-04-30T13:55:36.835+0100] {processor.py:186} INFO - Started process (PID=68475) to work on /Users/dineshsammeta/anaconda3/envs/python38/lib/python3.8/site-packages/airflow/example_dags/example_short_circuit_operator.py
[2025-04-30T13:55:36.836+0100] {processor.py:914} INFO - Processing file /Users/dineshsammeta/anaconda3/envs/python38/lib/python3.8/site-packages/airflow/example_dags/example_short_circuit_operator.py for tasks to queue
[2025-04-30T13:55:36.837+0100] {logging_mixin.py:190} INFO - [2025-04-30T13:55:36.836+0100] {dagbag.py:588} INFO - Filling up the DagBag from /Users/dineshsammeta/anaconda3/envs/python38/lib/python3.8/site-packages/airflow/example_dags/example_short_circuit_operator.py
[2025-04-30T13:55:36.882+0100] {processor.py:925} INFO - DAG(s) 'example_short_circuit_operator' retrieved from /Users/dineshsammeta/anaconda3/envs/python38/lib/python3.8/site-packages/airflow/example_dags/example_short_circuit_operator.py
[2025-04-30T13:55:36.940+0100] {logging_mixin.py:190} INFO - [2025-04-30T13:55:36.940+0100] {dag.py:3239} INFO - Sync 1 DAGs
[2025-04-30T13:55:36.946+0100] {logging_mixin.py:190} INFO - [2025-04-30T13:55:36.946+0100] {dag.py:4180} INFO - Setting next_dagrun for example_short_circuit_operator to None, run_after=None
[2025-04-30T13:55:36.956+0100] {processor.py:208} INFO - Processing /Users/dineshsammeta/anaconda3/envs/python38/lib/python3.8/site-packages/airflow/example_dags/example_short_circuit_operator.py took 0.123 seconds
[2025-04-30T13:57:08.968+0100] {processor.py:186} INFO - Started process (PID=68629) to work on /Users/dineshsammeta/anaconda3/envs/python38/lib/python3.8/site-packages/airflow/example_dags/example_short_circuit_operator.py
[2025-04-30T13:57:08.969+0100] {processor.py:914} INFO - Processing file /Users/dineshsammeta/anaconda3/envs/python38/lib/python3.8/site-packages/airflow/example_dags/example_short_circuit_operator.py for tasks to queue
[2025-04-30T13:57:08.970+0100] {logging_mixin.py:190} INFO - [2025-04-30T13:57:08.970+0100] {dagbag.py:588} INFO - Filling up the DagBag from /Users/dineshsammeta/anaconda3/envs/python38/lib/python3.8/site-packages/airflow/example_dags/example_short_circuit_operator.py
[2025-04-30T13:57:09.032+0100] {processor.py:925} INFO - DAG(s) 'example_short_circuit_operator' retrieved from /Users/dineshsammeta/anaconda3/envs/python38/lib/python3.8/site-packages/airflow/example_dags/example_short_circuit_operator.py
[2025-04-30T13:57:09.095+0100] {logging_mixin.py:190} INFO - [2025-04-30T13:57:09.095+0100] {dag.py:3239} INFO - Sync 1 DAGs
[2025-04-30T13:57:09.102+0100] {logging_mixin.py:190} INFO - [2025-04-30T13:57:09.102+0100] {dag.py:4180} INFO - Setting next_dagrun for example_short_circuit_operator to None, run_after=None
[2025-04-30T13:57:09.114+0100] {processor.py:208} INFO - Processing /Users/dineshsammeta/anaconda3/envs/python38/lib/python3.8/site-packages/airflow/example_dags/example_short_circuit_operator.py took 0.149 seconds
[2025-04-30T13:58:39.144+0100] {processor.py:186} INFO - Started process (PID=68786) to work on /Users/dineshsammeta/anaconda3/envs/python38/lib/python3.8/site-packages/airflow/example_dags/example_short_circuit_operator.py
[2025-04-30T13:58:39.145+0100] {processor.py:914} INFO - Processing file /Users/dineshsammeta/anaconda3/envs/python38/lib/python3.8/site-packages/airflow/example_dags/example_short_circuit_operator.py for tasks to queue
[2025-04-30T13:58:39.145+0100] {logging_mixin.py:190} INFO - [2025-04-30T13:58:39.145+0100] {dagbag.py:588} INFO - Filling up the DagBag from /Users/dineshsammeta/anaconda3/envs/python38/lib/python3.8/site-packages/airflow/example_dags/example_short_circuit_operator.py
[2025-04-30T13:58:39.191+0100] {processor.py:925} INFO - DAG(s) 'example_short_circuit_operator' retrieved from /Users/dineshsammeta/anaconda3/envs/python38/lib/python3.8/site-packages/airflow/example_dags/example_short_circuit_operator.py
[2025-04-30T13:58:39.250+0100] {logging_mixin.py:190} INFO - [2025-04-30T13:58:39.250+0100] {dag.py:3239} INFO - Sync 1 DAGs
[2025-04-30T13:58:39.256+0100] {logging_mixin.py:190} INFO - [2025-04-30T13:58:39.256+0100] {dag.py:4180} INFO - Setting next_dagrun for example_short_circuit_operator to None, run_after=None
[2025-04-30T13:58:39.271+0100] {processor.py:208} INFO - Processing /Users/dineshsammeta/anaconda3/envs/python38/lib/python3.8/site-packages/airflow/example_dags/example_short_circuit_operator.py took 0.129 seconds
[2025-04-30T14:00:07.236+0100] {processor.py:186} INFO - Started process (PID=68952) to work on /Users/dineshsammeta/anaconda3/envs/python38/lib/python3.8/site-packages/airflow/example_dags/example_short_circuit_operator.py
[2025-04-30T14:00:07.238+0100] {processor.py:914} INFO - Processing file /Users/dineshsammeta/anaconda3/envs/python38/lib/python3.8/site-packages/airflow/example_dags/example_short_circuit_operator.py for tasks to queue
[2025-04-30T14:00:07.238+0100] {logging_mixin.py:190} INFO - [2025-04-30T14:00:07.238+0100] {dagbag.py:588} INFO - Filling up the DagBag from /Users/dineshsammeta/anaconda3/envs/python38/lib/python3.8/site-packages/airflow/example_dags/example_short_circuit_operator.py
[2025-04-30T14:00:07.289+0100] {processor.py:925} INFO - DAG(s) 'example_short_circuit_operator' retrieved from /Users/dineshsammeta/anaconda3/envs/python38/lib/python3.8/site-packages/airflow/example_dags/example_short_circuit_operator.py
[2025-04-30T14:00:07.350+0100] {logging_mixin.py:190} INFO - [2025-04-30T14:00:07.350+0100] {dag.py:3239} INFO - Sync 1 DAGs
[2025-04-30T14:00:07.356+0100] {logging_mixin.py:190} INFO - [2025-04-30T14:00:07.356+0100] {dag.py:4180} INFO - Setting next_dagrun for example_short_circuit_operator to None, run_after=None
[2025-04-30T14:00:07.365+0100] {processor.py:208} INFO - Processing /Users/dineshsammeta/anaconda3/envs/python38/lib/python3.8/site-packages/airflow/example_dags/example_short_circuit_operator.py took 0.131 seconds
[2025-04-30T14:01:36.724+0100] {processor.py:186} INFO - Started process (PID=69118) to work on /Users/dineshsammeta/anaconda3/envs/python38/lib/python3.8/site-packages/airflow/example_dags/example_short_circuit_operator.py
[2025-04-30T14:01:36.725+0100] {processor.py:914} INFO - Processing file /Users/dineshsammeta/anaconda3/envs/python38/lib/python3.8/site-packages/airflow/example_dags/example_short_circuit_operator.py for tasks to queue
[2025-04-30T14:01:36.726+0100] {logging_mixin.py:190} INFO - [2025-04-30T14:01:36.726+0100] {dagbag.py:588} INFO - Filling up the DagBag from /Users/dineshsammeta/anaconda3/envs/python38/lib/python3.8/site-packages/airflow/example_dags/example_short_circuit_operator.py
[2025-04-30T14:01:36.771+0100] {processor.py:925} INFO - DAG(s) 'example_short_circuit_operator' retrieved from /Users/dineshsammeta/anaconda3/envs/python38/lib/python3.8/site-packages/airflow/example_dags/example_short_circuit_operator.py
[2025-04-30T14:01:36.830+0100] {logging_mixin.py:190} INFO - [2025-04-30T14:01:36.830+0100] {dag.py:3239} INFO - Sync 1 DAGs
[2025-04-30T14:01:36.836+0100] {logging_mixin.py:190} INFO - [2025-04-30T14:01:36.836+0100] {dag.py:4180} INFO - Setting next_dagrun for example_short_circuit_operator to None, run_after=None
[2025-04-30T14:01:36.846+0100] {processor.py:208} INFO - Processing /Users/dineshsammeta/anaconda3/envs/python38/lib/python3.8/site-packages/airflow/example_dags/example_short_circuit_operator.py took 0.124 seconds
[2025-04-30T14:31:49.378+0100] {processor.py:186} INFO - Started process (PID=69299) to work on /Users/dineshsammeta/anaconda3/envs/python38/lib/python3.8/site-packages/airflow/example_dags/example_short_circuit_operator.py
[2025-04-30T14:31:49.379+0100] {processor.py:914} INFO - Processing file /Users/dineshsammeta/anaconda3/envs/python38/lib/python3.8/site-packages/airflow/example_dags/example_short_circuit_operator.py for tasks to queue
[2025-04-30T14:31:49.379+0100] {logging_mixin.py:190} INFO - [2025-04-30T14:31:49.379+0100] {dagbag.py:588} INFO - Filling up the DagBag from /Users/dineshsammeta/anaconda3/envs/python38/lib/python3.8/site-packages/airflow/example_dags/example_short_circuit_operator.py
[2025-04-30T14:31:49.426+0100] {processor.py:925} INFO - DAG(s) 'example_short_circuit_operator' retrieved from /Users/dineshsammeta/anaconda3/envs/python38/lib/python3.8/site-packages/airflow/example_dags/example_short_circuit_operator.py
[2025-04-30T14:31:49.489+0100] {logging_mixin.py:190} INFO - [2025-04-30T14:31:49.489+0100] {dag.py:3239} INFO - Sync 1 DAGs
[2025-04-30T14:31:49.496+0100] {logging_mixin.py:190} INFO - [2025-04-30T14:31:49.496+0100] {dag.py:4180} INFO - Setting next_dagrun for example_short_circuit_operator to None, run_after=None
[2025-04-30T14:31:49.509+0100] {processor.py:208} INFO - Processing /Users/dineshsammeta/anaconda3/envs/python38/lib/python3.8/site-packages/airflow/example_dags/example_short_circuit_operator.py took 0.133 seconds
[2025-04-30T15:39:01.596+0100] {processor.py:186} INFO - Started process (PID=69521) to work on /Users/dineshsammeta/anaconda3/envs/python38/lib/python3.8/site-packages/airflow/example_dags/example_short_circuit_operator.py
[2025-04-30T15:39:01.597+0100] {processor.py:914} INFO - Processing file /Users/dineshsammeta/anaconda3/envs/python38/lib/python3.8/site-packages/airflow/example_dags/example_short_circuit_operator.py for tasks to queue
[2025-04-30T15:39:01.598+0100] {logging_mixin.py:190} INFO - [2025-04-30T15:39:01.598+0100] {dagbag.py:588} INFO - Filling up the DagBag from /Users/dineshsammeta/anaconda3/envs/python38/lib/python3.8/site-packages/airflow/example_dags/example_short_circuit_operator.py
[2025-04-30T15:39:01.643+0100] {processor.py:925} INFO - DAG(s) 'example_short_circuit_operator' retrieved from /Users/dineshsammeta/anaconda3/envs/python38/lib/python3.8/site-packages/airflow/example_dags/example_short_circuit_operator.py
[2025-04-30T15:39:01.702+0100] {logging_mixin.py:190} INFO - [2025-04-30T15:39:01.702+0100] {dag.py:3239} INFO - Sync 1 DAGs
[2025-04-30T15:39:01.708+0100] {logging_mixin.py:190} INFO - [2025-04-30T15:39:01.708+0100] {dag.py:4180} INFO - Setting next_dagrun for example_short_circuit_operator to None, run_after=None
[2025-04-30T15:39:01.719+0100] {processor.py:208} INFO - Processing /Users/dineshsammeta/anaconda3/envs/python38/lib/python3.8/site-packages/airflow/example_dags/example_short_circuit_operator.py took 0.124 seconds
[2025-04-30T15:40:53.371+0100] {processor.py:186} INFO - Started process (PID=69727) to work on /Users/dineshsammeta/anaconda3/envs/python38/lib/python3.8/site-packages/airflow/example_dags/example_short_circuit_operator.py
[2025-04-30T15:40:53.372+0100] {processor.py:914} INFO - Processing file /Users/dineshsammeta/anaconda3/envs/python38/lib/python3.8/site-packages/airflow/example_dags/example_short_circuit_operator.py for tasks to queue
[2025-04-30T15:40:53.373+0100] {logging_mixin.py:190} INFO - [2025-04-30T15:40:53.373+0100] {dagbag.py:588} INFO - Filling up the DagBag from /Users/dineshsammeta/anaconda3/envs/python38/lib/python3.8/site-packages/airflow/example_dags/example_short_circuit_operator.py
[2025-04-30T15:40:53.419+0100] {processor.py:925} INFO - DAG(s) 'example_short_circuit_operator' retrieved from /Users/dineshsammeta/anaconda3/envs/python38/lib/python3.8/site-packages/airflow/example_dags/example_short_circuit_operator.py
[2025-04-30T15:40:53.479+0100] {logging_mixin.py:190} INFO - [2025-04-30T15:40:53.479+0100] {dag.py:3239} INFO - Sync 1 DAGs
[2025-04-30T15:40:53.485+0100] {logging_mixin.py:190} INFO - [2025-04-30T15:40:53.485+0100] {dag.py:4180} INFO - Setting next_dagrun for example_short_circuit_operator to None, run_after=None
[2025-04-30T15:40:53.496+0100] {processor.py:208} INFO - Processing /Users/dineshsammeta/anaconda3/envs/python38/lib/python3.8/site-packages/airflow/example_dags/example_short_circuit_operator.py took 0.127 seconds
[2025-04-30T15:42:22.708+0100] {processor.py:186} INFO - Started process (PID=69889) to work on /Users/dineshsammeta/anaconda3/envs/python38/lib/python3.8/site-packages/airflow/example_dags/example_short_circuit_operator.py
[2025-04-30T15:42:22.710+0100] {processor.py:914} INFO - Processing file /Users/dineshsammeta/anaconda3/envs/python38/lib/python3.8/site-packages/airflow/example_dags/example_short_circuit_operator.py for tasks to queue
[2025-04-30T15:42:22.710+0100] {logging_mixin.py:190} INFO - [2025-04-30T15:42:22.710+0100] {dagbag.py:588} INFO - Filling up the DagBag from /Users/dineshsammeta/anaconda3/envs/python38/lib/python3.8/site-packages/airflow/example_dags/example_short_circuit_operator.py
[2025-04-30T15:42:22.755+0100] {processor.py:925} INFO - DAG(s) 'example_short_circuit_operator' retrieved from /Users/dineshsammeta/anaconda3/envs/python38/lib/python3.8/site-packages/airflow/example_dags/example_short_circuit_operator.py
[2025-04-30T15:42:22.815+0100] {logging_mixin.py:190} INFO - [2025-04-30T15:42:22.815+0100] {dag.py:3239} INFO - Sync 1 DAGs
[2025-04-30T15:42:22.821+0100] {logging_mixin.py:190} INFO - [2025-04-30T15:42:22.821+0100] {dag.py:4180} INFO - Setting next_dagrun for example_short_circuit_operator to None, run_after=None
[2025-04-30T15:42:22.831+0100] {processor.py:208} INFO - Processing /Users/dineshsammeta/anaconda3/envs/python38/lib/python3.8/site-packages/airflow/example_dags/example_short_circuit_operator.py took 0.124 seconds
[2025-04-30T15:43:52.822+0100] {processor.py:186} INFO - Started process (PID=70036) to work on /Users/dineshsammeta/anaconda3/envs/python38/lib/python3.8/site-packages/airflow/example_dags/example_short_circuit_operator.py
[2025-04-30T15:43:52.823+0100] {processor.py:914} INFO - Processing file /Users/dineshsammeta/anaconda3/envs/python38/lib/python3.8/site-packages/airflow/example_dags/example_short_circuit_operator.py for tasks to queue
[2025-04-30T15:43:52.824+0100] {logging_mixin.py:190} INFO - [2025-04-30T15:43:52.824+0100] {dagbag.py:588} INFO - Filling up the DagBag from /Users/dineshsammeta/anaconda3/envs/python38/lib/python3.8/site-packages/airflow/example_dags/example_short_circuit_operator.py
[2025-04-30T15:43:52.870+0100] {processor.py:925} INFO - DAG(s) 'example_short_circuit_operator' retrieved from /Users/dineshsammeta/anaconda3/envs/python38/lib/python3.8/site-packages/airflow/example_dags/example_short_circuit_operator.py
[2025-04-30T15:43:52.929+0100] {logging_mixin.py:190} INFO - [2025-04-30T15:43:52.929+0100] {dag.py:3239} INFO - Sync 1 DAGs
[2025-04-30T15:43:52.935+0100] {logging_mixin.py:190} INFO - [2025-04-30T15:43:52.935+0100] {dag.py:4180} INFO - Setting next_dagrun for example_short_circuit_operator to None, run_after=None
[2025-04-30T15:43:52.945+0100] {processor.py:208} INFO - Processing /Users/dineshsammeta/anaconda3/envs/python38/lib/python3.8/site-packages/airflow/example_dags/example_short_circuit_operator.py took 0.125 seconds
[2025-04-30T15:45:30.577+0100] {processor.py:186} INFO - Started process (PID=70198) to work on /Users/dineshsammeta/anaconda3/envs/python38/lib/python3.8/site-packages/airflow/example_dags/example_short_circuit_operator.py
[2025-04-30T15:45:30.577+0100] {processor.py:914} INFO - Processing file /Users/dineshsammeta/anaconda3/envs/python38/lib/python3.8/site-packages/airflow/example_dags/example_short_circuit_operator.py for tasks to queue
[2025-04-30T15:45:30.578+0100] {logging_mixin.py:190} INFO - [2025-04-30T15:45:30.578+0100] {dagbag.py:588} INFO - Filling up the DagBag from /Users/dineshsammeta/anaconda3/envs/python38/lib/python3.8/site-packages/airflow/example_dags/example_short_circuit_operator.py
[2025-04-30T15:45:30.626+0100] {processor.py:925} INFO - DAG(s) 'example_short_circuit_operator' retrieved from /Users/dineshsammeta/anaconda3/envs/python38/lib/python3.8/site-packages/airflow/example_dags/example_short_circuit_operator.py
[2025-04-30T15:45:30.685+0100] {logging_mixin.py:190} INFO - [2025-04-30T15:45:30.685+0100] {dag.py:3239} INFO - Sync 1 DAGs
[2025-04-30T15:45:30.691+0100] {logging_mixin.py:190} INFO - [2025-04-30T15:45:30.691+0100] {dag.py:4180} INFO - Setting next_dagrun for example_short_circuit_operator to None, run_after=None
[2025-04-30T15:45:30.702+0100] {processor.py:208} INFO - Processing /Users/dineshsammeta/anaconda3/envs/python38/lib/python3.8/site-packages/airflow/example_dags/example_short_circuit_operator.py took 0.128 seconds
