[2025-04-30T13:40:17.674+0100] {processor.py:186} INFO - Started process (PID=66653) to work on /Users/dineshsammeta/anaconda3/envs/python38/lib/python3.8/site-packages/airflow/example_dags/example_latest_only.py
[2025-04-30T13:40:17.675+0100] {processor.py:914} INFO - Processing file /Users/dineshsammeta/anaconda3/envs/python38/lib/python3.8/site-packages/airflow/example_dags/example_latest_only.py for tasks to queue
[2025-04-30T13:40:17.676+0100] {logging_mixin.py:190} INFO - [2025-04-30T13:40:17.675+0100] {dagbag.py:588} INFO - Filling up the DagBag from /Users/dineshsammeta/anaconda3/envs/python38/lib/python3.8/site-packages/airflow/example_dags/example_latest_only.py
[2025-04-30T13:40:17.681+0100] {processor.py:925} INFO - DAG(s) 'latest_only' retrieved from /Users/dineshsammeta/anaconda3/envs/python38/lib/python3.8/site-packages/airflow/example_dags/example_latest_only.py
[2025-04-30T13:40:17.769+0100] {logging_mixin.py:190} INFO - [2025-04-30T13:40:17.769+0100] {dag.py:3239} INFO - Sync 1 DAGs
[2025-04-30T13:40:17.778+0100] {logging_mixin.py:190} INFO - [2025-04-30T13:40:17.778+0100] {dag.py:4180} INFO - Setting next_dagrun for latest_only to 2025-04-30 08:00:00+00:00, run_after=2025-04-30 12:00:00+00:00
[2025-04-30T13:40:17.788+0100] {processor.py:208} INFO - Processing /Users/dineshsammeta/anaconda3/envs/python38/lib/python3.8/site-packages/airflow/example_dags/example_latest_only.py took 0.116 seconds
[2025-04-30T13:42:18.255+0100] {processor.py:186} INFO - Started process (PID=66949) to work on /Users/dineshsammeta/anaconda3/envs/python38/lib/python3.8/site-packages/airflow/example_dags/example_latest_only.py
[2025-04-30T13:42:18.256+0100] {processor.py:914} INFO - Processing file /Users/dineshsammeta/anaconda3/envs/python38/lib/python3.8/site-packages/airflow/example_dags/example_latest_only.py for tasks to queue
[2025-04-30T13:42:18.257+0100] {logging_mixin.py:190} INFO - [2025-04-30T13:42:18.257+0100] {dagbag.py:588} INFO - Filling up the DagBag from /Users/dineshsammeta/anaconda3/envs/python38/lib/python3.8/site-packages/airflow/example_dags/example_latest_only.py
[2025-04-30T13:42:18.262+0100] {processor.py:925} INFO - DAG(s) 'latest_only' retrieved from /Users/dineshsammeta/anaconda3/envs/python38/lib/python3.8/site-packages/airflow/example_dags/example_latest_only.py
[2025-04-30T13:42:18.379+0100] {logging_mixin.py:190} INFO - [2025-04-30T13:42:18.378+0100] {dag.py:3239} INFO - Sync 1 DAGs
[2025-04-30T13:42:18.392+0100] {logging_mixin.py:190} INFO - [2025-04-30T13:42:18.391+0100] {dag.py:4180} INFO - Setting next_dagrun for latest_only to 2025-04-30 08:00:00+00:00, run_after=2025-04-30 12:00:00+00:00
[2025-04-30T13:42:18.402+0100] {processor.py:208} INFO - Processing /Users/dineshsammeta/anaconda3/envs/python38/lib/python3.8/site-packages/airflow/example_dags/example_latest_only.py took 0.149 seconds
[2025-04-30T13:45:16.356+0100] {processor.py:186} INFO - Started process (PID=67286) to work on /Users/dineshsammeta/anaconda3/envs/python38/lib/python3.8/site-packages/airflow/example_dags/example_latest_only.py
[2025-04-30T13:45:16.358+0100] {processor.py:914} INFO - Processing file /Users/dineshsammeta/anaconda3/envs/python38/lib/python3.8/site-packages/airflow/example_dags/example_latest_only.py for tasks to queue
[2025-04-30T13:45:16.358+0100] {logging_mixin.py:190} INFO - [2025-04-30T13:45:16.358+0100] {dagbag.py:588} INFO - Filling up the DagBag from /Users/dineshsammeta/anaconda3/envs/python38/lib/python3.8/site-packages/airflow/example_dags/example_latest_only.py
[2025-04-30T13:45:16.364+0100] {processor.py:925} INFO - DAG(s) 'latest_only' retrieved from /Users/dineshsammeta/anaconda3/envs/python38/lib/python3.8/site-packages/airflow/example_dags/example_latest_only.py
[2025-04-30T13:45:16.452+0100] {logging_mixin.py:190} INFO - [2025-04-30T13:45:16.451+0100] {dag.py:3239} INFO - Sync 1 DAGs
[2025-04-30T13:45:16.462+0100] {logging_mixin.py:190} INFO - [2025-04-30T13:45:16.462+0100] {dag.py:4180} INFO - Setting next_dagrun for latest_only to 2025-04-30 08:00:00+00:00, run_after=2025-04-30 12:00:00+00:00
[2025-04-30T13:45:16.472+0100] {processor.py:208} INFO - Processing /Users/dineshsammeta/anaconda3/envs/python38/lib/python3.8/site-packages/airflow/example_dags/example_latest_only.py took 0.118 seconds
[2025-04-30T13:48:14.850+0100] {processor.py:186} INFO - Started process (PID=67652) to work on /Users/dineshsammeta/anaconda3/envs/python38/lib/python3.8/site-packages/airflow/example_dags/example_latest_only.py
[2025-04-30T13:48:14.851+0100] {processor.py:914} INFO - Processing file /Users/dineshsammeta/anaconda3/envs/python38/lib/python3.8/site-packages/airflow/example_dags/example_latest_only.py for tasks to queue
[2025-04-30T13:48:14.851+0100] {logging_mixin.py:190} INFO - [2025-04-30T13:48:14.851+0100] {dagbag.py:588} INFO - Filling up the DagBag from /Users/dineshsammeta/anaconda3/envs/python38/lib/python3.8/site-packages/airflow/example_dags/example_latest_only.py
[2025-04-30T13:48:14.856+0100] {processor.py:925} INFO - DAG(s) 'latest_only' retrieved from /Users/dineshsammeta/anaconda3/envs/python38/lib/python3.8/site-packages/airflow/example_dags/example_latest_only.py
[2025-04-30T13:48:14.946+0100] {logging_mixin.py:190} INFO - [2025-04-30T13:48:14.945+0100] {dag.py:3239} INFO - Sync 1 DAGs
[2025-04-30T13:48:14.956+0100] {logging_mixin.py:190} INFO - [2025-04-30T13:48:14.956+0100] {dag.py:4180} INFO - Setting next_dagrun for latest_only to 2025-04-30 08:00:00+00:00, run_after=2025-04-30 12:00:00+00:00
[2025-04-30T13:48:14.966+0100] {processor.py:208} INFO - Processing /Users/dineshsammeta/anaconda3/envs/python38/lib/python3.8/site-packages/airflow/example_dags/example_latest_only.py took 0.118 seconds
[2025-04-30T13:51:21.971+0100] {processor.py:186} INFO - Started process (PID=67992) to work on /Users/dineshsammeta/anaconda3/envs/python38/lib/python3.8/site-packages/airflow/example_dags/example_latest_only.py
[2025-04-30T13:51:21.971+0100] {processor.py:914} INFO - Processing file /Users/dineshsammeta/anaconda3/envs/python38/lib/python3.8/site-packages/airflow/example_dags/example_latest_only.py for tasks to queue
[2025-04-30T13:51:21.972+0100] {logging_mixin.py:190} INFO - [2025-04-30T13:51:21.972+0100] {dagbag.py:588} INFO - Filling up the DagBag from /Users/dineshsammeta/anaconda3/envs/python38/lib/python3.8/site-packages/airflow/example_dags/example_latest_only.py
[2025-04-30T13:51:21.977+0100] {processor.py:925} INFO - DAG(s) 'latest_only' retrieved from /Users/dineshsammeta/anaconda3/envs/python38/lib/python3.8/site-packages/airflow/example_dags/example_latest_only.py
[2025-04-30T13:51:22.066+0100] {logging_mixin.py:190} INFO - [2025-04-30T13:51:22.066+0100] {dag.py:3239} INFO - Sync 1 DAGs
[2025-04-30T13:51:22.077+0100] {logging_mixin.py:190} INFO - [2025-04-30T13:51:22.077+0100] {dag.py:4180} INFO - Setting next_dagrun for latest_only to 2025-04-30 08:00:00+00:00, run_after=2025-04-30 12:00:00+00:00
[2025-04-30T13:51:22.086+0100] {processor.py:208} INFO - Processing /Users/dineshsammeta/anaconda3/envs/python38/lib/python3.8/site-packages/airflow/example_dags/example_latest_only.py took 0.118 seconds
[2025-04-30T13:54:32.101+0100] {processor.py:186} INFO - Started process (PID=68354) to work on /Users/dineshsammeta/anaconda3/envs/python38/lib/python3.8/site-packages/airflow/example_dags/example_latest_only.py
[2025-04-30T13:54:32.102+0100] {processor.py:914} INFO - Processing file /Users/dineshsammeta/anaconda3/envs/python38/lib/python3.8/site-packages/airflow/example_dags/example_latest_only.py for tasks to queue
[2025-04-30T13:54:32.102+0100] {logging_mixin.py:190} INFO - [2025-04-30T13:54:32.102+0100] {dagbag.py:588} INFO - Filling up the DagBag from /Users/dineshsammeta/anaconda3/envs/python38/lib/python3.8/site-packages/airflow/example_dags/example_latest_only.py
[2025-04-30T13:54:32.108+0100] {processor.py:925} INFO - DAG(s) 'latest_only' retrieved from /Users/dineshsammeta/anaconda3/envs/python38/lib/python3.8/site-packages/airflow/example_dags/example_latest_only.py
[2025-04-30T13:54:32.197+0100] {logging_mixin.py:190} INFO - [2025-04-30T13:54:32.197+0100] {dag.py:3239} INFO - Sync 1 DAGs
[2025-04-30T13:54:32.207+0100] {logging_mixin.py:190} INFO - [2025-04-30T13:54:32.207+0100] {dag.py:4180} INFO - Setting next_dagrun for latest_only to 2025-04-30 08:00:00+00:00, run_after=2025-04-30 12:00:00+00:00
[2025-04-30T13:54:32.217+0100] {processor.py:208} INFO - Processing /Users/dineshsammeta/anaconda3/envs/python38/lib/python3.8/site-packages/airflow/example_dags/example_latest_only.py took 0.118 seconds
[2025-04-30T13:57:35.108+0100] {processor.py:186} INFO - Started process (PID=68673) to work on /Users/dineshsammeta/anaconda3/envs/python38/lib/python3.8/site-packages/airflow/example_dags/example_latest_only.py
[2025-04-30T13:57:35.108+0100] {processor.py:914} INFO - Processing file /Users/dineshsammeta/anaconda3/envs/python38/lib/python3.8/site-packages/airflow/example_dags/example_latest_only.py for tasks to queue
[2025-04-30T13:57:35.109+0100] {logging_mixin.py:190} INFO - [2025-04-30T13:57:35.109+0100] {dagbag.py:588} INFO - Filling up the DagBag from /Users/dineshsammeta/anaconda3/envs/python38/lib/python3.8/site-packages/airflow/example_dags/example_latest_only.py
[2025-04-30T13:57:35.115+0100] {processor.py:925} INFO - DAG(s) 'latest_only' retrieved from /Users/dineshsammeta/anaconda3/envs/python38/lib/python3.8/site-packages/airflow/example_dags/example_latest_only.py
[2025-04-30T13:57:35.202+0100] {logging_mixin.py:190} INFO - [2025-04-30T13:57:35.202+0100] {dag.py:3239} INFO - Sync 1 DAGs
[2025-04-30T13:57:35.212+0100] {logging_mixin.py:190} INFO - [2025-04-30T13:57:35.212+0100] {dag.py:4180} INFO - Setting next_dagrun for latest_only to 2025-04-30 08:00:00+00:00, run_after=2025-04-30 12:00:00+00:00
[2025-04-30T13:57:35.221+0100] {processor.py:208} INFO - Processing /Users/dineshsammeta/anaconda3/envs/python38/lib/python3.8/site-packages/airflow/example_dags/example_latest_only.py took 0.116 seconds
[2025-04-30T14:00:32.623+0100] {processor.py:186} INFO - Started process (PID=68994) to work on /Users/dineshsammeta/anaconda3/envs/python38/lib/python3.8/site-packages/airflow/example_dags/example_latest_only.py
[2025-04-30T14:00:32.624+0100] {processor.py:914} INFO - Processing file /Users/dineshsammeta/anaconda3/envs/python38/lib/python3.8/site-packages/airflow/example_dags/example_latest_only.py for tasks to queue
[2025-04-30T14:00:32.625+0100] {logging_mixin.py:190} INFO - [2025-04-30T14:00:32.625+0100] {dagbag.py:588} INFO - Filling up the DagBag from /Users/dineshsammeta/anaconda3/envs/python38/lib/python3.8/site-packages/airflow/example_dags/example_latest_only.py
[2025-04-30T14:00:32.630+0100] {processor.py:925} INFO - DAG(s) 'latest_only' retrieved from /Users/dineshsammeta/anaconda3/envs/python38/lib/python3.8/site-packages/airflow/example_dags/example_latest_only.py
[2025-04-30T14:00:32.718+0100] {logging_mixin.py:190} INFO - [2025-04-30T14:00:32.718+0100] {dag.py:3239} INFO - Sync 1 DAGs
[2025-04-30T14:00:32.727+0100] {logging_mixin.py:190} INFO - [2025-04-30T14:00:32.727+0100] {dag.py:4180} INFO - Setting next_dagrun for latest_only to 2025-04-30 08:00:00+00:00, run_after=2025-04-30 12:00:00+00:00
[2025-04-30T14:00:32.737+0100] {processor.py:208} INFO - Processing /Users/dineshsammeta/anaconda3/envs/python38/lib/python3.8/site-packages/airflow/example_dags/example_latest_only.py took 0.116 seconds
[2025-04-30T15:14:27.813+0100] {processor.py:186} INFO - Started process (PID=69369) to work on /Users/dineshsammeta/anaconda3/envs/python38/lib/python3.8/site-packages/airflow/example_dags/example_latest_only.py
[2025-04-30T15:14:27.813+0100] {processor.py:914} INFO - Processing file /Users/dineshsammeta/anaconda3/envs/python38/lib/python3.8/site-packages/airflow/example_dags/example_latest_only.py for tasks to queue
[2025-04-30T15:14:27.814+0100] {logging_mixin.py:190} INFO - [2025-04-30T15:14:27.814+0100] {dagbag.py:588} INFO - Filling up the DagBag from /Users/dineshsammeta/anaconda3/envs/python38/lib/python3.8/site-packages/airflow/example_dags/example_latest_only.py
[2025-04-30T15:14:27.819+0100] {processor.py:925} INFO - DAG(s) 'latest_only' retrieved from /Users/dineshsammeta/anaconda3/envs/python38/lib/python3.8/site-packages/airflow/example_dags/example_latest_only.py
[2025-04-30T15:14:27.906+0100] {logging_mixin.py:190} INFO - [2025-04-30T15:14:27.906+0100] {dag.py:3239} INFO - Sync 1 DAGs
[2025-04-30T15:14:27.916+0100] {logging_mixin.py:190} INFO - [2025-04-30T15:14:27.916+0100] {dag.py:4180} INFO - Setting next_dagrun for latest_only to 2025-04-30 08:00:00+00:00, run_after=2025-04-30 12:00:00+00:00
[2025-04-30T15:14:27.926+0100] {processor.py:208} INFO - Processing /Users/dineshsammeta/anaconda3/envs/python38/lib/python3.8/site-packages/airflow/example_dags/example_latest_only.py took 0.115 seconds
[2025-04-30T15:39:33.256+0100] {processor.py:186} INFO - Started process (PID=69580) to work on /Users/dineshsammeta/anaconda3/envs/python38/lib/python3.8/site-packages/airflow/example_dags/example_latest_only.py
[2025-04-30T15:39:33.257+0100] {processor.py:914} INFO - Processing file /Users/dineshsammeta/anaconda3/envs/python38/lib/python3.8/site-packages/airflow/example_dags/example_latest_only.py for tasks to queue
[2025-04-30T15:39:33.258+0100] {logging_mixin.py:190} INFO - [2025-04-30T15:39:33.258+0100] {dagbag.py:588} INFO - Filling up the DagBag from /Users/dineshsammeta/anaconda3/envs/python38/lib/python3.8/site-packages/airflow/example_dags/example_latest_only.py
[2025-04-30T15:39:33.263+0100] {processor.py:925} INFO - DAG(s) 'latest_only' retrieved from /Users/dineshsammeta/anaconda3/envs/python38/lib/python3.8/site-packages/airflow/example_dags/example_latest_only.py
[2025-04-30T15:39:33.350+0100] {logging_mixin.py:190} INFO - [2025-04-30T15:39:33.350+0100] {dag.py:3239} INFO - Sync 1 DAGs
[2025-04-30T15:39:33.361+0100] {logging_mixin.py:190} INFO - [2025-04-30T15:39:33.361+0100] {dag.py:4180} INFO - Setting next_dagrun for latest_only to 2025-04-30 08:00:00+00:00, run_after=2025-04-30 12:00:00+00:00
[2025-04-30T15:39:33.371+0100] {processor.py:208} INFO - Processing /Users/dineshsammeta/anaconda3/envs/python38/lib/python3.8/site-packages/airflow/example_dags/example_latest_only.py took 0.116 seconds
[2025-04-30T15:41:25.051+0100] {processor.py:186} INFO - Started process (PID=69779) to work on /Users/dineshsammeta/anaconda3/envs/python38/lib/python3.8/site-packages/airflow/example_dags/example_latest_only.py
[2025-04-30T15:41:25.052+0100] {processor.py:914} INFO - Processing file /Users/dineshsammeta/anaconda3/envs/python38/lib/python3.8/site-packages/airflow/example_dags/example_latest_only.py for tasks to queue
[2025-04-30T15:41:25.053+0100] {logging_mixin.py:190} INFO - [2025-04-30T15:41:25.053+0100] {dagbag.py:588} INFO - Filling up the DagBag from /Users/dineshsammeta/anaconda3/envs/python38/lib/python3.8/site-packages/airflow/example_dags/example_latest_only.py
[2025-04-30T15:41:25.058+0100] {processor.py:925} INFO - DAG(s) 'latest_only' retrieved from /Users/dineshsammeta/anaconda3/envs/python38/lib/python3.8/site-packages/airflow/example_dags/example_latest_only.py
[2025-04-30T15:41:25.145+0100] {logging_mixin.py:190} INFO - [2025-04-30T15:41:25.145+0100] {dag.py:3239} INFO - Sync 1 DAGs
[2025-04-30T15:41:25.155+0100] {logging_mixin.py:190} INFO - [2025-04-30T15:41:25.155+0100] {dag.py:4180} INFO - Setting next_dagrun for latest_only to 2025-04-30 08:00:00+00:00, run_after=2025-04-30 12:00:00+00:00
[2025-04-30T15:41:25.165+0100] {processor.py:208} INFO - Processing /Users/dineshsammeta/anaconda3/envs/python38/lib/python3.8/site-packages/airflow/example_dags/example_latest_only.py took 0.116 seconds
[2025-04-30T15:44:31.851+0100] {processor.py:186} INFO - Started process (PID=70098) to work on /Users/dineshsammeta/anaconda3/envs/python38/lib/python3.8/site-packages/airflow/example_dags/example_latest_only.py
[2025-04-30T15:44:31.853+0100] {processor.py:914} INFO - Processing file /Users/dineshsammeta/anaconda3/envs/python38/lib/python3.8/site-packages/airflow/example_dags/example_latest_only.py for tasks to queue
[2025-04-30T15:44:31.853+0100] {logging_mixin.py:190} INFO - [2025-04-30T15:44:31.853+0100] {dagbag.py:588} INFO - Filling up the DagBag from /Users/dineshsammeta/anaconda3/envs/python38/lib/python3.8/site-packages/airflow/example_dags/example_latest_only.py
[2025-04-30T15:44:31.859+0100] {processor.py:925} INFO - DAG(s) 'latest_only' retrieved from /Users/dineshsammeta/anaconda3/envs/python38/lib/python3.8/site-packages/airflow/example_dags/example_latest_only.py
[2025-04-30T15:44:31.946+0100] {logging_mixin.py:190} INFO - [2025-04-30T15:44:31.946+0100] {dag.py:3239} INFO - Sync 1 DAGs
[2025-04-30T15:44:31.957+0100] {logging_mixin.py:190} INFO - [2025-04-30T15:44:31.956+0100] {dag.py:4180} INFO - Setting next_dagrun for latest_only to 2025-04-30 08:00:00+00:00, run_after=2025-04-30 12:00:00+00:00
[2025-04-30T15:44:31.966+0100] {processor.py:208} INFO - Processing /Users/dineshsammeta/anaconda3/envs/python38/lib/python3.8/site-packages/airflow/example_dags/example_latest_only.py took 0.117 seconds
