[2025-04-30T13:39:41.263+0100] {processor.py:186} INFO - Started process (PID=66594) to work on /Users/dineshsammeta/anaconda3/envs/python38/lib/python3.8/site-packages/airflow/example_dags/example_sla_dag.py
[2025-04-30T13:39:41.264+0100] {processor.py:914} INFO - Processing file /Users/dineshsammeta/anaconda3/envs/python38/lib/python3.8/site-packages/airflow/example_dags/example_sla_dag.py for tasks to queue
[2025-04-30T13:39:41.265+0100] {logging_mixin.py:190} INFO - [2025-04-30T13:39:41.264+0100] {dagbag.py:588} INFO - Filling up the DagBag from /Users/dineshsammeta/anaconda3/envs/python38/lib/python3.8/site-packages/airflow/example_dags/example_sla_dag.py
[2025-04-30T13:39:41.324+0100] {processor.py:925} INFO - DAG(s) 'example_sla_dag' retrieved from /Users/dineshsammeta/anaconda3/envs/python38/lib/python3.8/site-packages/airflow/example_dags/example_sla_dag.py
[2025-04-30T13:39:41.380+0100] {logging_mixin.py:190} INFO - [2025-04-30T13:39:41.380+0100] {dag.py:3239} INFO - Sync 1 DAGs
[2025-04-30T13:39:41.393+0100] {logging_mixin.py:190} INFO - [2025-04-30T13:39:41.393+0100] {dag.py:4180} INFO - Setting next_dagrun for example_sla_dag to 2025-04-30 12:36:00+00:00, run_after=2025-04-30 12:38:00+00:00
[2025-04-30T13:39:41.403+0100] {processor.py:208} INFO - Processing /Users/dineshsammeta/anaconda3/envs/python38/lib/python3.8/site-packages/airflow/example_dags/example_sla_dag.py took 0.142 seconds
[2025-04-30T13:41:41.558+0100] {processor.py:186} INFO - Started process (PID=66876) to work on /Users/dineshsammeta/anaconda3/envs/python38/lib/python3.8/site-packages/airflow/example_dags/example_sla_dag.py
[2025-04-30T13:41:41.559+0100] {processor.py:914} INFO - Processing file /Users/dineshsammeta/anaconda3/envs/python38/lib/python3.8/site-packages/airflow/example_dags/example_sla_dag.py for tasks to queue
[2025-04-30T13:41:41.560+0100] {logging_mixin.py:190} INFO - [2025-04-30T13:41:41.560+0100] {dagbag.py:588} INFO - Filling up the DagBag from /Users/dineshsammeta/anaconda3/envs/python38/lib/python3.8/site-packages/airflow/example_dags/example_sla_dag.py
[2025-04-30T13:41:41.615+0100] {processor.py:925} INFO - DAG(s) 'example_sla_dag' retrieved from /Users/dineshsammeta/anaconda3/envs/python38/lib/python3.8/site-packages/airflow/example_dags/example_sla_dag.py
[2025-04-30T13:41:41.671+0100] {logging_mixin.py:190} INFO - [2025-04-30T13:41:41.671+0100] {dag.py:3239} INFO - Sync 1 DAGs
[2025-04-30T13:41:41.684+0100] {logging_mixin.py:190} INFO - [2025-04-30T13:41:41.684+0100] {dag.py:4180} INFO - Setting next_dagrun for example_sla_dag to 2025-04-30 12:38:00+00:00, run_after=2025-04-30 12:40:00+00:00
[2025-04-30T13:41:41.695+0100] {processor.py:208} INFO - Processing /Users/dineshsammeta/anaconda3/envs/python38/lib/python3.8/site-packages/airflow/example_dags/example_sla_dag.py took 0.139 seconds
[2025-04-30T13:43:12.001+0100] {processor.py:186} INFO - Started process (PID=67058) to work on /Users/dineshsammeta/anaconda3/envs/python38/lib/python3.8/site-packages/airflow/example_dags/example_sla_dag.py
[2025-04-30T13:43:12.002+0100] {processor.py:914} INFO - Processing file /Users/dineshsammeta/anaconda3/envs/python38/lib/python3.8/site-packages/airflow/example_dags/example_sla_dag.py for tasks to queue
[2025-04-30T13:43:12.003+0100] {logging_mixin.py:190} INFO - [2025-04-30T13:43:12.003+0100] {dagbag.py:588} INFO - Filling up the DagBag from /Users/dineshsammeta/anaconda3/envs/python38/lib/python3.8/site-packages/airflow/example_dags/example_sla_dag.py
[2025-04-30T13:43:12.054+0100] {processor.py:925} INFO - DAG(s) 'example_sla_dag' retrieved from /Users/dineshsammeta/anaconda3/envs/python38/lib/python3.8/site-packages/airflow/example_dags/example_sla_dag.py
[2025-04-30T13:43:12.112+0100] {logging_mixin.py:190} INFO - [2025-04-30T13:43:12.111+0100] {dag.py:3239} INFO - Sync 1 DAGs
[2025-04-30T13:43:12.125+0100] {logging_mixin.py:190} INFO - [2025-04-30T13:43:12.125+0100] {dag.py:4180} INFO - Setting next_dagrun for example_sla_dag to 2025-04-30 12:40:00+00:00, run_after=2025-04-30 12:42:00+00:00
[2025-04-30T13:43:12.134+0100] {processor.py:208} INFO - Processing /Users/dineshsammeta/anaconda3/envs/python38/lib/python3.8/site-packages/airflow/example_dags/example_sla_dag.py took 0.135 seconds
[2025-04-30T13:44:42.758+0100] {processor.py:186} INFO - Started process (PID=67227) to work on /Users/dineshsammeta/anaconda3/envs/python38/lib/python3.8/site-packages/airflow/example_dags/example_sla_dag.py
[2025-04-30T13:44:42.759+0100] {processor.py:914} INFO - Processing file /Users/dineshsammeta/anaconda3/envs/python38/lib/python3.8/site-packages/airflow/example_dags/example_sla_dag.py for tasks to queue
[2025-04-30T13:44:42.759+0100] {logging_mixin.py:190} INFO - [2025-04-30T13:44:42.759+0100] {dagbag.py:588} INFO - Filling up the DagBag from /Users/dineshsammeta/anaconda3/envs/python38/lib/python3.8/site-packages/airflow/example_dags/example_sla_dag.py
[2025-04-30T13:44:42.811+0100] {processor.py:925} INFO - DAG(s) 'example_sla_dag' retrieved from /Users/dineshsammeta/anaconda3/envs/python38/lib/python3.8/site-packages/airflow/example_dags/example_sla_dag.py
[2025-04-30T13:44:42.867+0100] {logging_mixin.py:190} INFO - [2025-04-30T13:44:42.867+0100] {dag.py:3239} INFO - Sync 1 DAGs
[2025-04-30T13:44:42.880+0100] {logging_mixin.py:190} INFO - [2025-04-30T13:44:42.880+0100] {dag.py:4180} INFO - Setting next_dagrun for example_sla_dag to 2025-04-30 12:42:00+00:00, run_after=2025-04-30 12:44:00+00:00
[2025-04-30T13:44:42.889+0100] {processor.py:208} INFO - Processing /Users/dineshsammeta/anaconda3/envs/python38/lib/python3.8/site-packages/airflow/example_dags/example_sla_dag.py took 0.133 seconds
[2025-04-30T13:46:10.498+0100] {processor.py:186} INFO - Started process (PID=67394) to work on /Users/dineshsammeta/anaconda3/envs/python38/lib/python3.8/site-packages/airflow/example_dags/example_sla_dag.py
[2025-04-30T13:46:10.499+0100] {processor.py:914} INFO - Processing file /Users/dineshsammeta/anaconda3/envs/python38/lib/python3.8/site-packages/airflow/example_dags/example_sla_dag.py for tasks to queue
[2025-04-30T13:46:10.499+0100] {logging_mixin.py:190} INFO - [2025-04-30T13:46:10.499+0100] {dagbag.py:588} INFO - Filling up the DagBag from /Users/dineshsammeta/anaconda3/envs/python38/lib/python3.8/site-packages/airflow/example_dags/example_sla_dag.py
[2025-04-30T13:46:10.551+0100] {processor.py:925} INFO - DAG(s) 'example_sla_dag' retrieved from /Users/dineshsammeta/anaconda3/envs/python38/lib/python3.8/site-packages/airflow/example_dags/example_sla_dag.py
[2025-04-30T13:46:10.607+0100] {logging_mixin.py:190} INFO - [2025-04-30T13:46:10.607+0100] {dag.py:3239} INFO - Sync 1 DAGs
[2025-04-30T13:46:10.620+0100] {logging_mixin.py:190} INFO - [2025-04-30T13:46:10.620+0100] {dag.py:4180} INFO - Setting next_dagrun for example_sla_dag to 2025-04-30 12:44:00+00:00, run_after=2025-04-30 12:46:00+00:00
[2025-04-30T13:46:10.630+0100] {processor.py:208} INFO - Processing /Users/dineshsammeta/anaconda3/envs/python38/lib/python3.8/site-packages/airflow/example_dags/example_sla_dag.py took 0.134 seconds
[2025-04-30T13:47:39.185+0100] {processor.py:186} INFO - Started process (PID=67580) to work on /Users/dineshsammeta/anaconda3/envs/python38/lib/python3.8/site-packages/airflow/example_dags/example_sla_dag.py
[2025-04-30T13:47:39.186+0100] {processor.py:914} INFO - Processing file /Users/dineshsammeta/anaconda3/envs/python38/lib/python3.8/site-packages/airflow/example_dags/example_sla_dag.py for tasks to queue
[2025-04-30T13:47:39.187+0100] {logging_mixin.py:190} INFO - [2025-04-30T13:47:39.187+0100] {dagbag.py:588} INFO - Filling up the DagBag from /Users/dineshsammeta/anaconda3/envs/python38/lib/python3.8/site-packages/airflow/example_dags/example_sla_dag.py
[2025-04-30T13:47:39.239+0100] {processor.py:925} INFO - DAG(s) 'example_sla_dag' retrieved from /Users/dineshsammeta/anaconda3/envs/python38/lib/python3.8/site-packages/airflow/example_dags/example_sla_dag.py
[2025-04-30T13:47:39.302+0100] {logging_mixin.py:190} INFO - [2025-04-30T13:47:39.301+0100] {dag.py:3239} INFO - Sync 1 DAGs
[2025-04-30T13:47:39.317+0100] {logging_mixin.py:190} INFO - [2025-04-30T13:47:39.317+0100] {dag.py:4180} INFO - Setting next_dagrun for example_sla_dag to 2025-04-30 12:44:00+00:00, run_after=2025-04-30 12:46:00+00:00
[2025-04-30T13:47:39.328+0100] {processor.py:208} INFO - Processing /Users/dineshsammeta/anaconda3/envs/python38/lib/python3.8/site-packages/airflow/example_dags/example_sla_dag.py took 0.146 seconds
[2025-04-30T13:49:09.627+0100] {processor.py:186} INFO - Started process (PID=67752) to work on /Users/dineshsammeta/anaconda3/envs/python38/lib/python3.8/site-packages/airflow/example_dags/example_sla_dag.py
[2025-04-30T13:49:09.628+0100] {processor.py:914} INFO - Processing file /Users/dineshsammeta/anaconda3/envs/python38/lib/python3.8/site-packages/airflow/example_dags/example_sla_dag.py for tasks to queue
[2025-04-30T13:49:09.629+0100] {logging_mixin.py:190} INFO - [2025-04-30T13:49:09.628+0100] {dagbag.py:588} INFO - Filling up the DagBag from /Users/dineshsammeta/anaconda3/envs/python38/lib/python3.8/site-packages/airflow/example_dags/example_sla_dag.py
[2025-04-30T13:49:09.682+0100] {processor.py:925} INFO - DAG(s) 'example_sla_dag' retrieved from /Users/dineshsammeta/anaconda3/envs/python38/lib/python3.8/site-packages/airflow/example_dags/example_sla_dag.py
[2025-04-30T13:49:09.739+0100] {logging_mixin.py:190} INFO - [2025-04-30T13:49:09.739+0100] {dag.py:3239} INFO - Sync 1 DAGs
[2025-04-30T13:49:09.752+0100] {logging_mixin.py:190} INFO - [2025-04-30T13:49:09.752+0100] {dag.py:4180} INFO - Setting next_dagrun for example_sla_dag to 2025-04-30 12:46:00+00:00, run_after=2025-04-30 12:48:00+00:00
[2025-04-30T13:49:09.761+0100] {processor.py:208} INFO - Processing /Users/dineshsammeta/anaconda3/envs/python38/lib/python3.8/site-packages/airflow/example_dags/example_sla_dag.py took 0.136 seconds
[2025-04-30T13:50:46.143+0100] {processor.py:186} INFO - Started process (PID=67933) to work on /Users/dineshsammeta/anaconda3/envs/python38/lib/python3.8/site-packages/airflow/example_dags/example_sla_dag.py
[2025-04-30T13:50:46.144+0100] {processor.py:914} INFO - Processing file /Users/dineshsammeta/anaconda3/envs/python38/lib/python3.8/site-packages/airflow/example_dags/example_sla_dag.py for tasks to queue
[2025-04-30T13:50:46.145+0100] {logging_mixin.py:190} INFO - [2025-04-30T13:50:46.145+0100] {dagbag.py:588} INFO - Filling up the DagBag from /Users/dineshsammeta/anaconda3/envs/python38/lib/python3.8/site-packages/airflow/example_dags/example_sla_dag.py
[2025-04-30T13:50:46.197+0100] {processor.py:925} INFO - DAG(s) 'example_sla_dag' retrieved from /Users/dineshsammeta/anaconda3/envs/python38/lib/python3.8/site-packages/airflow/example_dags/example_sla_dag.py
[2025-04-30T13:50:46.254+0100] {logging_mixin.py:190} INFO - [2025-04-30T13:50:46.254+0100] {dag.py:3239} INFO - Sync 1 DAGs
[2025-04-30T13:50:46.267+0100] {logging_mixin.py:190} INFO - [2025-04-30T13:50:46.267+0100] {dag.py:4180} INFO - Setting next_dagrun for example_sla_dag to 2025-04-30 12:48:00+00:00, run_after=2025-04-30 12:50:00+00:00
[2025-04-30T13:50:46.277+0100] {processor.py:208} INFO - Processing /Users/dineshsammeta/anaconda3/envs/python38/lib/python3.8/site-packages/airflow/example_dags/example_sla_dag.py took 0.135 seconds
[2025-04-30T13:52:16.837+0100] {processor.py:186} INFO - Started process (PID=68082) to work on /Users/dineshsammeta/anaconda3/envs/python38/lib/python3.8/site-packages/airflow/example_dags/example_sla_dag.py
[2025-04-30T13:52:16.838+0100] {processor.py:914} INFO - Processing file /Users/dineshsammeta/anaconda3/envs/python38/lib/python3.8/site-packages/airflow/example_dags/example_sla_dag.py for tasks to queue
[2025-04-30T13:52:16.839+0100] {logging_mixin.py:190} INFO - [2025-04-30T13:52:16.839+0100] {dagbag.py:588} INFO - Filling up the DagBag from /Users/dineshsammeta/anaconda3/envs/python38/lib/python3.8/site-packages/airflow/example_dags/example_sla_dag.py
[2025-04-30T13:52:16.890+0100] {processor.py:925} INFO - DAG(s) 'example_sla_dag' retrieved from /Users/dineshsammeta/anaconda3/envs/python38/lib/python3.8/site-packages/airflow/example_dags/example_sla_dag.py
[2025-04-30T13:52:16.946+0100] {logging_mixin.py:190} INFO - [2025-04-30T13:52:16.946+0100] {dag.py:3239} INFO - Sync 1 DAGs
[2025-04-30T13:52:16.959+0100] {logging_mixin.py:190} INFO - [2025-04-30T13:52:16.959+0100] {dag.py:4180} INFO - Setting next_dagrun for example_sla_dag to 2025-04-30 12:50:00+00:00, run_after=2025-04-30 12:52:00+00:00
[2025-04-30T13:52:16.969+0100] {processor.py:208} INFO - Processing /Users/dineshsammeta/anaconda3/envs/python38/lib/python3.8/site-packages/airflow/example_dags/example_sla_dag.py took 0.133 seconds
[2025-04-30T13:53:55.145+0100] {processor.py:186} INFO - Started process (PID=68275) to work on /Users/dineshsammeta/anaconda3/envs/python38/lib/python3.8/site-packages/airflow/example_dags/example_sla_dag.py
[2025-04-30T13:53:55.146+0100] {processor.py:914} INFO - Processing file /Users/dineshsammeta/anaconda3/envs/python38/lib/python3.8/site-packages/airflow/example_dags/example_sla_dag.py for tasks to queue
[2025-04-30T13:53:55.147+0100] {logging_mixin.py:190} INFO - [2025-04-30T13:53:55.147+0100] {dagbag.py:588} INFO - Filling up the DagBag from /Users/dineshsammeta/anaconda3/envs/python38/lib/python3.8/site-packages/airflow/example_dags/example_sla_dag.py
[2025-04-30T13:53:55.198+0100] {processor.py:925} INFO - DAG(s) 'example_sla_dag' retrieved from /Users/dineshsammeta/anaconda3/envs/python38/lib/python3.8/site-packages/airflow/example_dags/example_sla_dag.py
[2025-04-30T13:53:55.254+0100] {logging_mixin.py:190} INFO - [2025-04-30T13:53:55.254+0100] {dag.py:3239} INFO - Sync 1 DAGs
[2025-04-30T13:53:55.267+0100] {logging_mixin.py:190} INFO - [2025-04-30T13:53:55.267+0100] {dag.py:4180} INFO - Setting next_dagrun for example_sla_dag to 2025-04-30 12:50:00+00:00, run_after=2025-04-30 12:52:00+00:00
[2025-04-30T13:53:55.277+0100] {processor.py:208} INFO - Processing /Users/dineshsammeta/anaconda3/envs/python38/lib/python3.8/site-packages/airflow/example_dags/example_sla_dag.py took 0.133 seconds
[2025-04-30T13:55:32.943+0100] {processor.py:186} INFO - Started process (PID=68466) to work on /Users/dineshsammeta/anaconda3/envs/python38/lib/python3.8/site-packages/airflow/example_dags/example_sla_dag.py
[2025-04-30T13:55:32.943+0100] {processor.py:914} INFO - Processing file /Users/dineshsammeta/anaconda3/envs/python38/lib/python3.8/site-packages/airflow/example_dags/example_sla_dag.py for tasks to queue
[2025-04-30T13:55:32.944+0100] {logging_mixin.py:190} INFO - [2025-04-30T13:55:32.944+0100] {dagbag.py:588} INFO - Filling up the DagBag from /Users/dineshsammeta/anaconda3/envs/python38/lib/python3.8/site-packages/airflow/example_dags/example_sla_dag.py
[2025-04-30T13:55:33.000+0100] {processor.py:925} INFO - DAG(s) 'example_sla_dag' retrieved from /Users/dineshsammeta/anaconda3/envs/python38/lib/python3.8/site-packages/airflow/example_dags/example_sla_dag.py
[2025-04-30T13:55:33.059+0100] {logging_mixin.py:190} INFO - [2025-04-30T13:55:33.059+0100] {dag.py:3239} INFO - Sync 1 DAGs
[2025-04-30T13:55:33.073+0100] {logging_mixin.py:190} INFO - [2025-04-30T13:55:33.073+0100] {dag.py:4180} INFO - Setting next_dagrun for example_sla_dag to 2025-04-30 12:52:00+00:00, run_after=2025-04-30 12:54:00+00:00
[2025-04-30T13:55:33.084+0100] {processor.py:208} INFO - Processing /Users/dineshsammeta/anaconda3/envs/python38/lib/python3.8/site-packages/airflow/example_dags/example_sla_dag.py took 0.143 seconds
[2025-04-30T13:57:03.974+0100] {processor.py:186} INFO - Started process (PID=68619) to work on /Users/dineshsammeta/anaconda3/envs/python38/lib/python3.8/site-packages/airflow/example_dags/example_sla_dag.py
[2025-04-30T13:57:03.975+0100] {processor.py:914} INFO - Processing file /Users/dineshsammeta/anaconda3/envs/python38/lib/python3.8/site-packages/airflow/example_dags/example_sla_dag.py for tasks to queue
[2025-04-30T13:57:03.976+0100] {logging_mixin.py:190} INFO - [2025-04-30T13:57:03.976+0100] {dagbag.py:588} INFO - Filling up the DagBag from /Users/dineshsammeta/anaconda3/envs/python38/lib/python3.8/site-packages/airflow/example_dags/example_sla_dag.py
[2025-04-30T13:57:04.029+0100] {processor.py:925} INFO - DAG(s) 'example_sla_dag' retrieved from /Users/dineshsammeta/anaconda3/envs/python38/lib/python3.8/site-packages/airflow/example_dags/example_sla_dag.py
[2025-04-30T13:57:04.086+0100] {logging_mixin.py:190} INFO - [2025-04-30T13:57:04.086+0100] {dag.py:3239} INFO - Sync 1 DAGs
[2025-04-30T13:57:04.098+0100] {logging_mixin.py:190} INFO - [2025-04-30T13:57:04.098+0100] {dag.py:4180} INFO - Setting next_dagrun for example_sla_dag to 2025-04-30 12:54:00+00:00, run_after=2025-04-30 12:56:00+00:00
[2025-04-30T13:57:04.108+0100] {processor.py:208} INFO - Processing /Users/dineshsammeta/anaconda3/envs/python38/lib/python3.8/site-packages/airflow/example_dags/example_sla_dag.py took 0.135 seconds
[2025-04-30T13:58:35.124+0100] {processor.py:186} INFO - Started process (PID=68780) to work on /Users/dineshsammeta/anaconda3/envs/python38/lib/python3.8/site-packages/airflow/example_dags/example_sla_dag.py
[2025-04-30T13:58:35.125+0100] {processor.py:914} INFO - Processing file /Users/dineshsammeta/anaconda3/envs/python38/lib/python3.8/site-packages/airflow/example_dags/example_sla_dag.py for tasks to queue
[2025-04-30T13:58:35.126+0100] {logging_mixin.py:190} INFO - [2025-04-30T13:58:35.126+0100] {dagbag.py:588} INFO - Filling up the DagBag from /Users/dineshsammeta/anaconda3/envs/python38/lib/python3.8/site-packages/airflow/example_dags/example_sla_dag.py
[2025-04-30T13:58:35.179+0100] {processor.py:925} INFO - DAG(s) 'example_sla_dag' retrieved from /Users/dineshsammeta/anaconda3/envs/python38/lib/python3.8/site-packages/airflow/example_dags/example_sla_dag.py
[2025-04-30T13:58:35.234+0100] {logging_mixin.py:190} INFO - [2025-04-30T13:58:35.234+0100] {dag.py:3239} INFO - Sync 1 DAGs
[2025-04-30T13:58:35.248+0100] {logging_mixin.py:190} INFO - [2025-04-30T13:58:35.248+0100] {dag.py:4180} INFO - Setting next_dagrun for example_sla_dag to 2025-04-30 12:56:00+00:00, run_after=2025-04-30 12:58:00+00:00
[2025-04-30T13:58:35.257+0100] {processor.py:208} INFO - Processing /Users/dineshsammeta/anaconda3/envs/python38/lib/python3.8/site-packages/airflow/example_dags/example_sla_dag.py took 0.135 seconds
[2025-04-30T14:00:03.227+0100] {processor.py:186} INFO - Started process (PID=68942) to work on /Users/dineshsammeta/anaconda3/envs/python38/lib/python3.8/site-packages/airflow/example_dags/example_sla_dag.py
[2025-04-30T14:00:03.227+0100] {processor.py:914} INFO - Processing file /Users/dineshsammeta/anaconda3/envs/python38/lib/python3.8/site-packages/airflow/example_dags/example_sla_dag.py for tasks to queue
[2025-04-30T14:00:03.228+0100] {logging_mixin.py:190} INFO - [2025-04-30T14:00:03.228+0100] {dagbag.py:588} INFO - Filling up the DagBag from /Users/dineshsammeta/anaconda3/envs/python38/lib/python3.8/site-packages/airflow/example_dags/example_sla_dag.py
[2025-04-30T14:00:03.279+0100] {processor.py:925} INFO - DAG(s) 'example_sla_dag' retrieved from /Users/dineshsammeta/anaconda3/envs/python38/lib/python3.8/site-packages/airflow/example_dags/example_sla_dag.py
[2025-04-30T14:00:03.335+0100] {logging_mixin.py:190} INFO - [2025-04-30T14:00:03.335+0100] {dag.py:3239} INFO - Sync 1 DAGs
[2025-04-30T14:00:03.348+0100] {logging_mixin.py:190} INFO - [2025-04-30T14:00:03.348+0100] {dag.py:4180} INFO - Setting next_dagrun for example_sla_dag to 2025-04-30 12:58:00+00:00, run_after=2025-04-30 13:00:00+00:00
[2025-04-30T14:00:03.358+0100] {processor.py:208} INFO - Processing /Users/dineshsammeta/anaconda3/envs/python38/lib/python3.8/site-packages/airflow/example_dags/example_sla_dag.py took 0.133 seconds
[2025-04-30T14:01:32.723+0100] {processor.py:186} INFO - Started process (PID=69112) to work on /Users/dineshsammeta/anaconda3/envs/python38/lib/python3.8/site-packages/airflow/example_dags/example_sla_dag.py
[2025-04-30T14:01:32.725+0100] {processor.py:914} INFO - Processing file /Users/dineshsammeta/anaconda3/envs/python38/lib/python3.8/site-packages/airflow/example_dags/example_sla_dag.py for tasks to queue
[2025-04-30T14:01:32.725+0100] {logging_mixin.py:190} INFO - [2025-04-30T14:01:32.725+0100] {dagbag.py:588} INFO - Filling up the DagBag from /Users/dineshsammeta/anaconda3/envs/python38/lib/python3.8/site-packages/airflow/example_dags/example_sla_dag.py
[2025-04-30T14:01:32.776+0100] {processor.py:925} INFO - DAG(s) 'example_sla_dag' retrieved from /Users/dineshsammeta/anaconda3/envs/python38/lib/python3.8/site-packages/airflow/example_dags/example_sla_dag.py
[2025-04-30T14:01:32.833+0100] {logging_mixin.py:190} INFO - [2025-04-30T14:01:32.833+0100] {dag.py:3239} INFO - Sync 1 DAGs
[2025-04-30T14:01:32.846+0100] {logging_mixin.py:190} INFO - [2025-04-30T14:01:32.846+0100] {dag.py:4180} INFO - Setting next_dagrun for example_sla_dag to 2025-04-30 12:58:00+00:00, run_after=2025-04-30 13:00:00+00:00
[2025-04-30T14:01:32.855+0100] {processor.py:208} INFO - Processing /Users/dineshsammeta/anaconda3/envs/python38/lib/python3.8/site-packages/airflow/example_dags/example_sla_dag.py took 0.134 seconds
[2025-04-30T14:27:31.575+0100] {processor.py:186} INFO - Started process (PID=69289) to work on /Users/dineshsammeta/anaconda3/envs/python38/lib/python3.8/site-packages/airflow/example_dags/example_sla_dag.py
[2025-04-30T14:27:31.576+0100] {processor.py:914} INFO - Processing file /Users/dineshsammeta/anaconda3/envs/python38/lib/python3.8/site-packages/airflow/example_dags/example_sla_dag.py for tasks to queue
[2025-04-30T14:27:31.576+0100] {logging_mixin.py:190} INFO - [2025-04-30T14:27:31.576+0100] {dagbag.py:588} INFO - Filling up the DagBag from /Users/dineshsammeta/anaconda3/envs/python38/lib/python3.8/site-packages/airflow/example_dags/example_sla_dag.py
[2025-04-30T14:27:31.642+0100] {processor.py:925} INFO - DAG(s) 'example_sla_dag' retrieved from /Users/dineshsammeta/anaconda3/envs/python38/lib/python3.8/site-packages/airflow/example_dags/example_sla_dag.py
[2025-04-30T14:27:31.700+0100] {logging_mixin.py:190} INFO - [2025-04-30T14:27:31.700+0100] {dag.py:3239} INFO - Sync 1 DAGs
[2025-04-30T14:27:31.715+0100] {logging_mixin.py:190} INFO - [2025-04-30T14:27:31.715+0100] {dag.py:4180} INFO - Setting next_dagrun for example_sla_dag to 2025-04-30 13:24:00+00:00, run_after=2025-04-30 13:26:00+00:00
[2025-04-30T14:27:31.733+0100] {processor.py:208} INFO - Processing /Users/dineshsammeta/anaconda3/envs/python38/lib/python3.8/site-packages/airflow/example_dags/example_sla_dag.py took 0.160 seconds
[2025-04-30T15:38:56.923+0100] {processor.py:186} INFO - Started process (PID=69512) to work on /Users/dineshsammeta/anaconda3/envs/python38/lib/python3.8/site-packages/airflow/example_dags/example_sla_dag.py
[2025-04-30T15:38:56.924+0100] {processor.py:914} INFO - Processing file /Users/dineshsammeta/anaconda3/envs/python38/lib/python3.8/site-packages/airflow/example_dags/example_sla_dag.py for tasks to queue
[2025-04-30T15:38:56.925+0100] {logging_mixin.py:190} INFO - [2025-04-30T15:38:56.925+0100] {dagbag.py:588} INFO - Filling up the DagBag from /Users/dineshsammeta/anaconda3/envs/python38/lib/python3.8/site-packages/airflow/example_dags/example_sla_dag.py
[2025-04-30T15:38:56.979+0100] {processor.py:925} INFO - DAG(s) 'example_sla_dag' retrieved from /Users/dineshsammeta/anaconda3/envs/python38/lib/python3.8/site-packages/airflow/example_dags/example_sla_dag.py
[2025-04-30T15:38:57.036+0100] {logging_mixin.py:190} INFO - [2025-04-30T15:38:57.036+0100] {dag.py:3239} INFO - Sync 1 DAGs
[2025-04-30T15:38:57.049+0100] {logging_mixin.py:190} INFO - [2025-04-30T15:38:57.049+0100] {dag.py:4180} INFO - Setting next_dagrun for example_sla_dag to 2025-04-30 14:36:00+00:00, run_after=2025-04-30 14:38:00+00:00
[2025-04-30T15:38:57.059+0100] {processor.py:208} INFO - Processing /Users/dineshsammeta/anaconda3/envs/python38/lib/python3.8/site-packages/airflow/example_dags/example_sla_dag.py took 0.138 seconds
[2025-04-30T15:40:48.733+0100] {processor.py:186} INFO - Started process (PID=69721) to work on /Users/dineshsammeta/anaconda3/envs/python38/lib/python3.8/site-packages/airflow/example_dags/example_sla_dag.py
[2025-04-30T15:40:48.734+0100] {processor.py:914} INFO - Processing file /Users/dineshsammeta/anaconda3/envs/python38/lib/python3.8/site-packages/airflow/example_dags/example_sla_dag.py for tasks to queue
[2025-04-30T15:40:48.735+0100] {logging_mixin.py:190} INFO - [2025-04-30T15:40:48.735+0100] {dagbag.py:588} INFO - Filling up the DagBag from /Users/dineshsammeta/anaconda3/envs/python38/lib/python3.8/site-packages/airflow/example_dags/example_sla_dag.py
[2025-04-30T15:40:48.786+0100] {processor.py:925} INFO - DAG(s) 'example_sla_dag' retrieved from /Users/dineshsammeta/anaconda3/envs/python38/lib/python3.8/site-packages/airflow/example_dags/example_sla_dag.py
[2025-04-30T15:40:48.842+0100] {logging_mixin.py:190} INFO - [2025-04-30T15:40:48.842+0100] {dag.py:3239} INFO - Sync 1 DAGs
[2025-04-30T15:40:48.856+0100] {logging_mixin.py:190} INFO - [2025-04-30T15:40:48.855+0100] {dag.py:4180} INFO - Setting next_dagrun for example_sla_dag to 2025-04-30 14:38:00+00:00, run_after=2025-04-30 14:40:00+00:00
[2025-04-30T15:40:48.865+0100] {processor.py:208} INFO - Processing /Users/dineshsammeta/anaconda3/envs/python38/lib/python3.8/site-packages/airflow/example_dags/example_sla_dag.py took 0.135 seconds
[2025-04-30T15:42:18.694+0100] {processor.py:186} INFO - Started process (PID=69880) to work on /Users/dineshsammeta/anaconda3/envs/python38/lib/python3.8/site-packages/airflow/example_dags/example_sla_dag.py
[2025-04-30T15:42:18.695+0100] {processor.py:914} INFO - Processing file /Users/dineshsammeta/anaconda3/envs/python38/lib/python3.8/site-packages/airflow/example_dags/example_sla_dag.py for tasks to queue
[2025-04-30T15:42:18.696+0100] {logging_mixin.py:190} INFO - [2025-04-30T15:42:18.696+0100] {dagbag.py:588} INFO - Filling up the DagBag from /Users/dineshsammeta/anaconda3/envs/python38/lib/python3.8/site-packages/airflow/example_dags/example_sla_dag.py
[2025-04-30T15:42:18.747+0100] {processor.py:925} INFO - DAG(s) 'example_sla_dag' retrieved from /Users/dineshsammeta/anaconda3/envs/python38/lib/python3.8/site-packages/airflow/example_dags/example_sla_dag.py
[2025-04-30T15:42:18.804+0100] {logging_mixin.py:190} INFO - [2025-04-30T15:42:18.803+0100] {dag.py:3239} INFO - Sync 1 DAGs
[2025-04-30T15:42:18.816+0100] {logging_mixin.py:190} INFO - [2025-04-30T15:42:18.816+0100] {dag.py:4180} INFO - Setting next_dagrun for example_sla_dag to 2025-04-30 14:40:00+00:00, run_after=2025-04-30 14:42:00+00:00
[2025-04-30T15:42:18.826+0100] {processor.py:208} INFO - Processing /Users/dineshsammeta/anaconda3/envs/python38/lib/python3.8/site-packages/airflow/example_dags/example_sla_dag.py took 0.134 seconds
[2025-04-30T15:43:48.084+0100] {processor.py:186} INFO - Started process (PID=70030) to work on /Users/dineshsammeta/anaconda3/envs/python38/lib/python3.8/site-packages/airflow/example_dags/example_sla_dag.py
[2025-04-30T15:43:48.084+0100] {processor.py:914} INFO - Processing file /Users/dineshsammeta/anaconda3/envs/python38/lib/python3.8/site-packages/airflow/example_dags/example_sla_dag.py for tasks to queue
[2025-04-30T15:43:48.085+0100] {logging_mixin.py:190} INFO - [2025-04-30T15:43:48.085+0100] {dagbag.py:588} INFO - Filling up the DagBag from /Users/dineshsammeta/anaconda3/envs/python38/lib/python3.8/site-packages/airflow/example_dags/example_sla_dag.py
[2025-04-30T15:43:48.138+0100] {processor.py:925} INFO - DAG(s) 'example_sla_dag' retrieved from /Users/dineshsammeta/anaconda3/envs/python38/lib/python3.8/site-packages/airflow/example_dags/example_sla_dag.py
[2025-04-30T15:43:48.193+0100] {logging_mixin.py:190} INFO - [2025-04-30T15:43:48.193+0100] {dag.py:3239} INFO - Sync 1 DAGs
[2025-04-30T15:43:48.207+0100] {logging_mixin.py:190} INFO - [2025-04-30T15:43:48.207+0100] {dag.py:4180} INFO - Setting next_dagrun for example_sla_dag to 2025-04-30 14:40:00+00:00, run_after=2025-04-30 14:42:00+00:00
[2025-04-30T15:43:48.216+0100] {processor.py:208} INFO - Processing /Users/dineshsammeta/anaconda3/envs/python38/lib/python3.8/site-packages/airflow/example_dags/example_sla_dag.py took 0.135 seconds
[2025-04-30T15:45:26.586+0100] {processor.py:186} INFO - Started process (PID=70192) to work on /Users/dineshsammeta/anaconda3/envs/python38/lib/python3.8/site-packages/airflow/example_dags/example_sla_dag.py
[2025-04-30T15:45:26.587+0100] {processor.py:914} INFO - Processing file /Users/dineshsammeta/anaconda3/envs/python38/lib/python3.8/site-packages/airflow/example_dags/example_sla_dag.py for tasks to queue
[2025-04-30T15:45:26.587+0100] {logging_mixin.py:190} INFO - [2025-04-30T15:45:26.587+0100] {dagbag.py:588} INFO - Filling up the DagBag from /Users/dineshsammeta/anaconda3/envs/python38/lib/python3.8/site-packages/airflow/example_dags/example_sla_dag.py
[2025-04-30T15:45:26.639+0100] {processor.py:925} INFO - DAG(s) 'example_sla_dag' retrieved from /Users/dineshsammeta/anaconda3/envs/python38/lib/python3.8/site-packages/airflow/example_dags/example_sla_dag.py
[2025-04-30T15:45:26.695+0100] {logging_mixin.py:190} INFO - [2025-04-30T15:45:26.695+0100] {dag.py:3239} INFO - Sync 1 DAGs
[2025-04-30T15:45:26.708+0100] {logging_mixin.py:190} INFO - [2025-04-30T15:45:26.708+0100] {dag.py:4180} INFO - Setting next_dagrun for example_sla_dag to 2025-04-30 14:42:00+00:00, run_after=2025-04-30 14:44:00+00:00
[2025-04-30T15:45:26.718+0100] {processor.py:208} INFO - Processing /Users/dineshsammeta/anaconda3/envs/python38/lib/python3.8/site-packages/airflow/example_dags/example_sla_dag.py took 0.134 seconds
[2025-04-30T15:47:06.314+0100] {processor.py:186} INFO - Started process (PID=70380) to work on /Users/dineshsammeta/anaconda3/envs/python38/lib/python3.8/site-packages/airflow/example_dags/example_sla_dag.py
[2025-04-30T15:47:06.316+0100] {processor.py:914} INFO - Processing file /Users/dineshsammeta/anaconda3/envs/python38/lib/python3.8/site-packages/airflow/example_dags/example_sla_dag.py for tasks to queue
[2025-04-30T15:47:06.316+0100] {logging_mixin.py:190} INFO - [2025-04-30T15:47:06.316+0100] {dagbag.py:588} INFO - Filling up the DagBag from /Users/dineshsammeta/anaconda3/envs/python38/lib/python3.8/site-packages/airflow/example_dags/example_sla_dag.py
[2025-04-30T15:47:06.368+0100] {processor.py:925} INFO - DAG(s) 'example_sla_dag' retrieved from /Users/dineshsammeta/anaconda3/envs/python38/lib/python3.8/site-packages/airflow/example_dags/example_sla_dag.py
[2025-04-30T15:47:06.424+0100] {logging_mixin.py:190} INFO - [2025-04-30T15:47:06.424+0100] {dag.py:3239} INFO - Sync 1 DAGs
[2025-04-30T15:47:06.437+0100] {logging_mixin.py:190} INFO - [2025-04-30T15:47:06.437+0100] {dag.py:4180} INFO - Setting next_dagrun for example_sla_dag to 2025-04-30 14:44:00+00:00, run_after=2025-04-30 14:46:00+00:00
[2025-04-30T15:47:06.447+0100] {processor.py:208} INFO - Processing /Users/dineshsammeta/anaconda3/envs/python38/lib/python3.8/site-packages/airflow/example_dags/example_sla_dag.py took 0.135 seconds
