[2025-04-30T13:39:25.886+0100] {processor.py:186} INFO - Started process (PID=66557) to work on /Users/dineshsammeta/anaconda3/envs/python38/lib/python3.8/site-packages/airflow/example_dags/example_workday_timetable.py
[2025-04-30T13:39:25.888+0100] {processor.py:914} INFO - Processing file /Users/dineshsammeta/anaconda3/envs/python38/lib/python3.8/site-packages/airflow/example_dags/example_workday_timetable.py for tasks to queue
[2025-04-30T13:39:25.889+0100] {logging_mixin.py:190} INFO - [2025-04-30T13:39:25.889+0100] {dagbag.py:588} INFO - Filling up the DagBag from /Users/dineshsammeta/anaconda3/envs/python38/lib/python3.8/site-packages/airflow/example_dags/example_workday_timetable.py
[2025-04-30T13:39:25.895+0100] {logging_mixin.py:190} INFO - [2025-04-30T13:39:25.895+0100] {workday.py:41} WARNING - Could not import pandas. Holidays will not be considered.
[2025-04-30T13:39:25.905+0100] {processor.py:925} INFO - DAG(s) 'example_workday_timetable' retrieved from /Users/dineshsammeta/anaconda3/envs/python38/lib/python3.8/site-packages/airflow/example_dags/example_workday_timetable.py
[2025-04-30T13:39:26.030+0100] {logging_mixin.py:190} INFO - [2025-04-30T13:39:26.029+0100] {workday.py:41} WARNING - Could not import pandas. Holidays will not be considered.
[2025-04-30T13:39:26.045+0100] {logging_mixin.py:190} INFO - [2025-04-30T13:39:26.044+0100] {dag.py:3239} INFO - Sync 1 DAGs
[2025-04-30T13:39:26.060+0100] {logging_mixin.py:190} INFO - [2025-04-30T13:39:26.060+0100] {dag.py:4180} INFO - Setting next_dagrun for example_workday_timetable to 2021-01-01 00:00:00+00:00, run_after=2021-01-02 00:00:00+00:00
[2025-04-30T13:39:26.078+0100] {processor.py:208} INFO - Processing /Users/dineshsammeta/anaconda3/envs/python38/lib/python3.8/site-packages/airflow/example_dags/example_workday_timetable.py took 0.195 seconds
[2025-04-30T13:41:28.924+0100] {processor.py:186} INFO - Started process (PID=66854) to work on /Users/dineshsammeta/anaconda3/envs/python38/lib/python3.8/site-packages/airflow/example_dags/example_workday_timetable.py
[2025-04-30T13:41:28.926+0100] {processor.py:914} INFO - Processing file /Users/dineshsammeta/anaconda3/envs/python38/lib/python3.8/site-packages/airflow/example_dags/example_workday_timetable.py for tasks to queue
[2025-04-30T13:41:28.927+0100] {logging_mixin.py:190} INFO - [2025-04-30T13:41:28.927+0100] {dagbag.py:588} INFO - Filling up the DagBag from /Users/dineshsammeta/anaconda3/envs/python38/lib/python3.8/site-packages/airflow/example_dags/example_workday_timetable.py
[2025-04-30T13:41:28.929+0100] {logging_mixin.py:190} INFO - [2025-04-30T13:41:28.929+0100] {workday.py:41} WARNING - Could not import pandas. Holidays will not be considered.
[2025-04-30T13:41:28.933+0100] {processor.py:925} INFO - DAG(s) 'example_workday_timetable' retrieved from /Users/dineshsammeta/anaconda3/envs/python38/lib/python3.8/site-packages/airflow/example_dags/example_workday_timetable.py
[2025-04-30T13:41:29.015+0100] {logging_mixin.py:190} INFO - [2025-04-30T13:41:29.015+0100] {workday.py:41} WARNING - Could not import pandas. Holidays will not be considered.
[2025-04-30T13:41:29.026+0100] {logging_mixin.py:190} INFO - [2025-04-30T13:41:29.025+0100] {dag.py:3239} INFO - Sync 1 DAGs
[2025-04-30T13:41:29.035+0100] {logging_mixin.py:190} INFO - [2025-04-30T13:41:29.035+0100] {dag.py:4180} INFO - Setting next_dagrun for example_workday_timetable to 2021-01-01 00:00:00+00:00, run_after=2021-01-02 00:00:00+00:00
[2025-04-30T13:41:29.045+0100] {processor.py:208} INFO - Processing /Users/dineshsammeta/anaconda3/envs/python38/lib/python3.8/site-packages/airflow/example_dags/example_workday_timetable.py took 0.123 seconds
[2025-04-30T13:42:57.173+0100] {processor.py:186} INFO - Started process (PID=67032) to work on /Users/dineshsammeta/anaconda3/envs/python38/lib/python3.8/site-packages/airflow/example_dags/example_workday_timetable.py
[2025-04-30T13:42:57.174+0100] {processor.py:914} INFO - Processing file /Users/dineshsammeta/anaconda3/envs/python38/lib/python3.8/site-packages/airflow/example_dags/example_workday_timetable.py for tasks to queue
[2025-04-30T13:42:57.175+0100] {logging_mixin.py:190} INFO - [2025-04-30T13:42:57.175+0100] {dagbag.py:588} INFO - Filling up the DagBag from /Users/dineshsammeta/anaconda3/envs/python38/lib/python3.8/site-packages/airflow/example_dags/example_workday_timetable.py
[2025-04-30T13:42:57.178+0100] {logging_mixin.py:190} INFO - [2025-04-30T13:42:57.178+0100] {workday.py:41} WARNING - Could not import pandas. Holidays will not be considered.
[2025-04-30T13:42:57.182+0100] {processor.py:925} INFO - DAG(s) 'example_workday_timetable' retrieved from /Users/dineshsammeta/anaconda3/envs/python38/lib/python3.8/site-packages/airflow/example_dags/example_workday_timetable.py
[2025-04-30T13:42:57.265+0100] {logging_mixin.py:190} INFO - [2025-04-30T13:42:57.265+0100] {workday.py:41} WARNING - Could not import pandas. Holidays will not be considered.
[2025-04-30T13:42:57.276+0100] {logging_mixin.py:190} INFO - [2025-04-30T13:42:57.276+0100] {dag.py:3239} INFO - Sync 1 DAGs
[2025-04-30T13:42:57.286+0100] {logging_mixin.py:190} INFO - [2025-04-30T13:42:57.286+0100] {dag.py:4180} INFO - Setting next_dagrun for example_workday_timetable to 2021-01-01 00:00:00+00:00, run_after=2021-01-02 00:00:00+00:00
[2025-04-30T13:42:57.296+0100] {processor.py:208} INFO - Processing /Users/dineshsammeta/anaconda3/envs/python38/lib/python3.8/site-packages/airflow/example_dags/example_workday_timetable.py took 0.124 seconds
[2025-04-30T13:44:26.927+0100] {processor.py:186} INFO - Started process (PID=67199) to work on /Users/dineshsammeta/anaconda3/envs/python38/lib/python3.8/site-packages/airflow/example_dags/example_workday_timetable.py
[2025-04-30T13:44:26.929+0100] {processor.py:914} INFO - Processing file /Users/dineshsammeta/anaconda3/envs/python38/lib/python3.8/site-packages/airflow/example_dags/example_workday_timetable.py for tasks to queue
[2025-04-30T13:44:26.930+0100] {logging_mixin.py:190} INFO - [2025-04-30T13:44:26.930+0100] {dagbag.py:588} INFO - Filling up the DagBag from /Users/dineshsammeta/anaconda3/envs/python38/lib/python3.8/site-packages/airflow/example_dags/example_workday_timetable.py
[2025-04-30T13:44:26.932+0100] {logging_mixin.py:190} INFO - [2025-04-30T13:44:26.932+0100] {workday.py:41} WARNING - Could not import pandas. Holidays will not be considered.
[2025-04-30T13:44:26.936+0100] {processor.py:925} INFO - DAG(s) 'example_workday_timetable' retrieved from /Users/dineshsammeta/anaconda3/envs/python38/lib/python3.8/site-packages/airflow/example_dags/example_workday_timetable.py
[2025-04-30T13:44:27.020+0100] {logging_mixin.py:190} INFO - [2025-04-30T13:44:27.020+0100] {workday.py:41} WARNING - Could not import pandas. Holidays will not be considered.
[2025-04-30T13:44:27.031+0100] {logging_mixin.py:190} INFO - [2025-04-30T13:44:27.031+0100] {dag.py:3239} INFO - Sync 1 DAGs
[2025-04-30T13:44:27.041+0100] {logging_mixin.py:190} INFO - [2025-04-30T13:44:27.041+0100] {dag.py:4180} INFO - Setting next_dagrun for example_workday_timetable to 2021-01-01 00:00:00+00:00, run_after=2021-01-02 00:00:00+00:00
[2025-04-30T13:44:27.051+0100] {processor.py:208} INFO - Processing /Users/dineshsammeta/anaconda3/envs/python38/lib/python3.8/site-packages/airflow/example_dags/example_workday_timetable.py took 0.126 seconds
[2025-04-30T13:45:55.572+0100] {processor.py:186} INFO - Started process (PID=67370) to work on /Users/dineshsammeta/anaconda3/envs/python38/lib/python3.8/site-packages/airflow/example_dags/example_workday_timetable.py
[2025-04-30T13:45:55.574+0100] {processor.py:914} INFO - Processing file /Users/dineshsammeta/anaconda3/envs/python38/lib/python3.8/site-packages/airflow/example_dags/example_workday_timetable.py for tasks to queue
[2025-04-30T13:45:55.575+0100] {logging_mixin.py:190} INFO - [2025-04-30T13:45:55.575+0100] {dagbag.py:588} INFO - Filling up the DagBag from /Users/dineshsammeta/anaconda3/envs/python38/lib/python3.8/site-packages/airflow/example_dags/example_workday_timetable.py
[2025-04-30T13:45:55.577+0100] {logging_mixin.py:190} INFO - [2025-04-30T13:45:55.577+0100] {workday.py:41} WARNING - Could not import pandas. Holidays will not be considered.
[2025-04-30T13:45:55.581+0100] {processor.py:925} INFO - DAG(s) 'example_workday_timetable' retrieved from /Users/dineshsammeta/anaconda3/envs/python38/lib/python3.8/site-packages/airflow/example_dags/example_workday_timetable.py
[2025-04-30T13:45:55.665+0100] {logging_mixin.py:190} INFO - [2025-04-30T13:45:55.664+0100] {workday.py:41} WARNING - Could not import pandas. Holidays will not be considered.
[2025-04-30T13:45:55.676+0100] {logging_mixin.py:190} INFO - [2025-04-30T13:45:55.676+0100] {dag.py:3239} INFO - Sync 1 DAGs
[2025-04-30T13:45:55.686+0100] {logging_mixin.py:190} INFO - [2025-04-30T13:45:55.686+0100] {dag.py:4180} INFO - Setting next_dagrun for example_workday_timetable to 2021-01-01 00:00:00+00:00, run_after=2021-01-02 00:00:00+00:00
[2025-04-30T13:45:55.696+0100] {processor.py:208} INFO - Processing /Users/dineshsammeta/anaconda3/envs/python38/lib/python3.8/site-packages/airflow/example_dags/example_workday_timetable.py took 0.125 seconds
[2025-04-30T13:47:24.944+0100] {processor.py:186} INFO - Started process (PID=67556) to work on /Users/dineshsammeta/anaconda3/envs/python38/lib/python3.8/site-packages/airflow/example_dags/example_workday_timetable.py
[2025-04-30T13:47:24.945+0100] {processor.py:914} INFO - Processing file /Users/dineshsammeta/anaconda3/envs/python38/lib/python3.8/site-packages/airflow/example_dags/example_workday_timetable.py for tasks to queue
[2025-04-30T13:47:24.945+0100] {logging_mixin.py:190} INFO - [2025-04-30T13:47:24.945+0100] {dagbag.py:588} INFO - Filling up the DagBag from /Users/dineshsammeta/anaconda3/envs/python38/lib/python3.8/site-packages/airflow/example_dags/example_workday_timetable.py
[2025-04-30T13:47:24.947+0100] {logging_mixin.py:190} INFO - [2025-04-30T13:47:24.947+0100] {workday.py:41} WARNING - Could not import pandas. Holidays will not be considered.
[2025-04-30T13:47:24.951+0100] {processor.py:925} INFO - DAG(s) 'example_workday_timetable' retrieved from /Users/dineshsammeta/anaconda3/envs/python38/lib/python3.8/site-packages/airflow/example_dags/example_workday_timetable.py
[2025-04-30T13:47:25.035+0100] {logging_mixin.py:190} INFO - [2025-04-30T13:47:25.035+0100] {workday.py:41} WARNING - Could not import pandas. Holidays will not be considered.
[2025-04-30T13:47:25.046+0100] {logging_mixin.py:190} INFO - [2025-04-30T13:47:25.046+0100] {dag.py:3239} INFO - Sync 1 DAGs
[2025-04-30T13:47:25.057+0100] {logging_mixin.py:190} INFO - [2025-04-30T13:47:25.057+0100] {dag.py:4180} INFO - Setting next_dagrun for example_workday_timetable to 2021-01-01 00:00:00+00:00, run_after=2021-01-02 00:00:00+00:00
[2025-04-30T13:47:25.068+0100] {processor.py:208} INFO - Processing /Users/dineshsammeta/anaconda3/envs/python38/lib/python3.8/site-packages/airflow/example_dags/example_workday_timetable.py took 0.126 seconds
[2025-04-30T13:48:55.300+0100] {processor.py:186} INFO - Started process (PID=67730) to work on /Users/dineshsammeta/anaconda3/envs/python38/lib/python3.8/site-packages/airflow/example_dags/example_workday_timetable.py
[2025-04-30T13:48:55.301+0100] {processor.py:914} INFO - Processing file /Users/dineshsammeta/anaconda3/envs/python38/lib/python3.8/site-packages/airflow/example_dags/example_workday_timetable.py for tasks to queue
[2025-04-30T13:48:55.302+0100] {logging_mixin.py:190} INFO - [2025-04-30T13:48:55.302+0100] {dagbag.py:588} INFO - Filling up the DagBag from /Users/dineshsammeta/anaconda3/envs/python38/lib/python3.8/site-packages/airflow/example_dags/example_workday_timetable.py
[2025-04-30T13:48:55.304+0100] {logging_mixin.py:190} INFO - [2025-04-30T13:48:55.304+0100] {workday.py:41} WARNING - Could not import pandas. Holidays will not be considered.
[2025-04-30T13:48:55.308+0100] {processor.py:925} INFO - DAG(s) 'example_workday_timetable' retrieved from /Users/dineshsammeta/anaconda3/envs/python38/lib/python3.8/site-packages/airflow/example_dags/example_workday_timetable.py
[2025-04-30T13:48:55.391+0100] {logging_mixin.py:190} INFO - [2025-04-30T13:48:55.391+0100] {workday.py:41} WARNING - Could not import pandas. Holidays will not be considered.
[2025-04-30T13:48:55.402+0100] {logging_mixin.py:190} INFO - [2025-04-30T13:48:55.402+0100] {dag.py:3239} INFO - Sync 1 DAGs
[2025-04-30T13:48:55.412+0100] {logging_mixin.py:190} INFO - [2025-04-30T13:48:55.412+0100] {dag.py:4180} INFO - Setting next_dagrun for example_workday_timetable to 2021-01-01 00:00:00+00:00, run_after=2021-01-02 00:00:00+00:00
[2025-04-30T13:48:55.421+0100] {processor.py:208} INFO - Processing /Users/dineshsammeta/anaconda3/envs/python38/lib/python3.8/site-packages/airflow/example_dags/example_workday_timetable.py took 0.124 seconds
[2025-04-30T13:50:31.122+0100] {processor.py:186} INFO - Started process (PID=67895) to work on /Users/dineshsammeta/anaconda3/envs/python38/lib/python3.8/site-packages/airflow/example_dags/example_workday_timetable.py
[2025-04-30T13:50:31.123+0100] {processor.py:914} INFO - Processing file /Users/dineshsammeta/anaconda3/envs/python38/lib/python3.8/site-packages/airflow/example_dags/example_workday_timetable.py for tasks to queue
[2025-04-30T13:50:31.124+0100] {logging_mixin.py:190} INFO - [2025-04-30T13:50:31.124+0100] {dagbag.py:588} INFO - Filling up the DagBag from /Users/dineshsammeta/anaconda3/envs/python38/lib/python3.8/site-packages/airflow/example_dags/example_workday_timetable.py
[2025-04-30T13:50:31.126+0100] {logging_mixin.py:190} INFO - [2025-04-30T13:50:31.126+0100] {workday.py:41} WARNING - Could not import pandas. Holidays will not be considered.
[2025-04-30T13:50:31.130+0100] {processor.py:925} INFO - DAG(s) 'example_workday_timetable' retrieved from /Users/dineshsammeta/anaconda3/envs/python38/lib/python3.8/site-packages/airflow/example_dags/example_workday_timetable.py
[2025-04-30T13:50:31.217+0100] {logging_mixin.py:190} INFO - [2025-04-30T13:50:31.217+0100] {workday.py:41} WARNING - Could not import pandas. Holidays will not be considered.
[2025-04-30T13:50:31.228+0100] {logging_mixin.py:190} INFO - [2025-04-30T13:50:31.228+0100] {dag.py:3239} INFO - Sync 1 DAGs
[2025-04-30T13:50:31.238+0100] {logging_mixin.py:190} INFO - [2025-04-30T13:50:31.238+0100] {dag.py:4180} INFO - Setting next_dagrun for example_workday_timetable to 2021-01-01 00:00:00+00:00, run_after=2021-01-02 00:00:00+00:00
[2025-04-30T13:50:31.248+0100] {processor.py:208} INFO - Processing /Users/dineshsammeta/anaconda3/envs/python38/lib/python3.8/site-packages/airflow/example_dags/example_workday_timetable.py took 0.128 seconds
[2025-04-30T13:52:02.180+0100] {processor.py:186} INFO - Started process (PID=68056) to work on /Users/dineshsammeta/anaconda3/envs/python38/lib/python3.8/site-packages/airflow/example_dags/example_workday_timetable.py
[2025-04-30T13:52:02.181+0100] {processor.py:914} INFO - Processing file /Users/dineshsammeta/anaconda3/envs/python38/lib/python3.8/site-packages/airflow/example_dags/example_workday_timetable.py for tasks to queue
[2025-04-30T13:52:02.182+0100] {logging_mixin.py:190} INFO - [2025-04-30T13:52:02.182+0100] {dagbag.py:588} INFO - Filling up the DagBag from /Users/dineshsammeta/anaconda3/envs/python38/lib/python3.8/site-packages/airflow/example_dags/example_workday_timetable.py
[2025-04-30T13:52:02.184+0100] {logging_mixin.py:190} INFO - [2025-04-30T13:52:02.184+0100] {workday.py:41} WARNING - Could not import pandas. Holidays will not be considered.
[2025-04-30T13:52:02.189+0100] {processor.py:925} INFO - DAG(s) 'example_workday_timetable' retrieved from /Users/dineshsammeta/anaconda3/envs/python38/lib/python3.8/site-packages/airflow/example_dags/example_workday_timetable.py
[2025-04-30T13:52:02.274+0100] {logging_mixin.py:190} INFO - [2025-04-30T13:52:02.274+0100] {workday.py:41} WARNING - Could not import pandas. Holidays will not be considered.
[2025-04-30T13:52:02.285+0100] {logging_mixin.py:190} INFO - [2025-04-30T13:52:02.285+0100] {dag.py:3239} INFO - Sync 1 DAGs
[2025-04-30T13:52:02.295+0100] {logging_mixin.py:190} INFO - [2025-04-30T13:52:02.295+0100] {dag.py:4180} INFO - Setting next_dagrun for example_workday_timetable to 2021-01-01 00:00:00+00:00, run_after=2021-01-02 00:00:00+00:00
[2025-04-30T13:52:02.305+0100] {processor.py:208} INFO - Processing /Users/dineshsammeta/anaconda3/envs/python38/lib/python3.8/site-packages/airflow/example_dags/example_workday_timetable.py took 0.127 seconds
[2025-04-30T13:53:40.714+0100] {processor.py:186} INFO - Started process (PID=68246) to work on /Users/dineshsammeta/anaconda3/envs/python38/lib/python3.8/site-packages/airflow/example_dags/example_workday_timetable.py
[2025-04-30T13:53:40.715+0100] {processor.py:914} INFO - Processing file /Users/dineshsammeta/anaconda3/envs/python38/lib/python3.8/site-packages/airflow/example_dags/example_workday_timetable.py for tasks to queue
[2025-04-30T13:53:40.715+0100] {logging_mixin.py:190} INFO - [2025-04-30T13:53:40.715+0100] {dagbag.py:588} INFO - Filling up the DagBag from /Users/dineshsammeta/anaconda3/envs/python38/lib/python3.8/site-packages/airflow/example_dags/example_workday_timetable.py
[2025-04-30T13:53:40.718+0100] {logging_mixin.py:190} INFO - [2025-04-30T13:53:40.717+0100] {workday.py:41} WARNING - Could not import pandas. Holidays will not be considered.
[2025-04-30T13:53:40.722+0100] {processor.py:925} INFO - DAG(s) 'example_workday_timetable' retrieved from /Users/dineshsammeta/anaconda3/envs/python38/lib/python3.8/site-packages/airflow/example_dags/example_workday_timetable.py
[2025-04-30T13:53:40.808+0100] {logging_mixin.py:190} INFO - [2025-04-30T13:53:40.807+0100] {workday.py:41} WARNING - Could not import pandas. Holidays will not be considered.
[2025-04-30T13:53:40.819+0100] {logging_mixin.py:190} INFO - [2025-04-30T13:53:40.819+0100] {dag.py:3239} INFO - Sync 1 DAGs
[2025-04-30T13:53:40.830+0100] {logging_mixin.py:190} INFO - [2025-04-30T13:53:40.830+0100] {dag.py:4180} INFO - Setting next_dagrun for example_workday_timetable to 2021-01-01 00:00:00+00:00, run_after=2021-01-02 00:00:00+00:00
[2025-04-30T13:53:40.842+0100] {processor.py:208} INFO - Processing /Users/dineshsammeta/anaconda3/envs/python38/lib/python3.8/site-packages/airflow/example_dags/example_workday_timetable.py took 0.130 seconds
[2025-04-30T13:55:17.768+0100] {processor.py:186} INFO - Started process (PID=68438) to work on /Users/dineshsammeta/anaconda3/envs/python38/lib/python3.8/site-packages/airflow/example_dags/example_workday_timetable.py
[2025-04-30T13:55:17.770+0100] {processor.py:914} INFO - Processing file /Users/dineshsammeta/anaconda3/envs/python38/lib/python3.8/site-packages/airflow/example_dags/example_workday_timetable.py for tasks to queue
[2025-04-30T13:55:17.771+0100] {logging_mixin.py:190} INFO - [2025-04-30T13:55:17.771+0100] {dagbag.py:588} INFO - Filling up the DagBag from /Users/dineshsammeta/anaconda3/envs/python38/lib/python3.8/site-packages/airflow/example_dags/example_workday_timetable.py
[2025-04-30T13:55:17.773+0100] {logging_mixin.py:190} INFO - [2025-04-30T13:55:17.773+0100] {workday.py:41} WARNING - Could not import pandas. Holidays will not be considered.
[2025-04-30T13:55:17.777+0100] {processor.py:925} INFO - DAG(s) 'example_workday_timetable' retrieved from /Users/dineshsammeta/anaconda3/envs/python38/lib/python3.8/site-packages/airflow/example_dags/example_workday_timetable.py
[2025-04-30T13:55:17.859+0100] {logging_mixin.py:190} INFO - [2025-04-30T13:55:17.858+0100] {workday.py:41} WARNING - Could not import pandas. Holidays will not be considered.
[2025-04-30T13:55:17.869+0100] {logging_mixin.py:190} INFO - [2025-04-30T13:55:17.869+0100] {dag.py:3239} INFO - Sync 1 DAGs
[2025-04-30T13:55:17.879+0100] {logging_mixin.py:190} INFO - [2025-04-30T13:55:17.879+0100] {dag.py:4180} INFO - Setting next_dagrun for example_workday_timetable to 2021-01-01 00:00:00+00:00, run_after=2021-01-02 00:00:00+00:00
[2025-04-30T13:55:17.890+0100] {processor.py:208} INFO - Processing /Users/dineshsammeta/anaconda3/envs/python38/lib/python3.8/site-packages/airflow/example_dags/example_workday_timetable.py took 0.123 seconds
[2025-04-30T13:56:49.577+0100] {processor.py:186} INFO - Started process (PID=68595) to work on /Users/dineshsammeta/anaconda3/envs/python38/lib/python3.8/site-packages/airflow/example_dags/example_workday_timetable.py
[2025-04-30T13:56:49.578+0100] {processor.py:914} INFO - Processing file /Users/dineshsammeta/anaconda3/envs/python38/lib/python3.8/site-packages/airflow/example_dags/example_workday_timetable.py for tasks to queue
[2025-04-30T13:56:49.579+0100] {logging_mixin.py:190} INFO - [2025-04-30T13:56:49.579+0100] {dagbag.py:588} INFO - Filling up the DagBag from /Users/dineshsammeta/anaconda3/envs/python38/lib/python3.8/site-packages/airflow/example_dags/example_workday_timetable.py
[2025-04-30T13:56:49.581+0100] {logging_mixin.py:190} INFO - [2025-04-30T13:56:49.581+0100] {workday.py:41} WARNING - Could not import pandas. Holidays will not be considered.
[2025-04-30T13:56:49.585+0100] {processor.py:925} INFO - DAG(s) 'example_workday_timetable' retrieved from /Users/dineshsammeta/anaconda3/envs/python38/lib/python3.8/site-packages/airflow/example_dags/example_workday_timetable.py
[2025-04-30T13:56:49.667+0100] {logging_mixin.py:190} INFO - [2025-04-30T13:56:49.667+0100] {workday.py:41} WARNING - Could not import pandas. Holidays will not be considered.
[2025-04-30T13:56:49.678+0100] {logging_mixin.py:190} INFO - [2025-04-30T13:56:49.678+0100] {dag.py:3239} INFO - Sync 1 DAGs
[2025-04-30T13:56:49.688+0100] {logging_mixin.py:190} INFO - [2025-04-30T13:56:49.688+0100] {dag.py:4180} INFO - Setting next_dagrun for example_workday_timetable to 2021-01-01 00:00:00+00:00, run_after=2021-01-02 00:00:00+00:00
[2025-04-30T13:56:49.698+0100] {processor.py:208} INFO - Processing /Users/dineshsammeta/anaconda3/envs/python38/lib/python3.8/site-packages/airflow/example_dags/example_workday_timetable.py took 0.123 seconds
[2025-04-30T13:58:19.985+0100] {processor.py:186} INFO - Started process (PID=68756) to work on /Users/dineshsammeta/anaconda3/envs/python38/lib/python3.8/site-packages/airflow/example_dags/example_workday_timetable.py
[2025-04-30T13:58:19.986+0100] {processor.py:914} INFO - Processing file /Users/dineshsammeta/anaconda3/envs/python38/lib/python3.8/site-packages/airflow/example_dags/example_workday_timetable.py for tasks to queue
[2025-04-30T13:58:19.987+0100] {logging_mixin.py:190} INFO - [2025-04-30T13:58:19.987+0100] {dagbag.py:588} INFO - Filling up the DagBag from /Users/dineshsammeta/anaconda3/envs/python38/lib/python3.8/site-packages/airflow/example_dags/example_workday_timetable.py
[2025-04-30T13:58:19.990+0100] {logging_mixin.py:190} INFO - [2025-04-30T13:58:19.989+0100] {workday.py:41} WARNING - Could not import pandas. Holidays will not be considered.
[2025-04-30T13:58:19.993+0100] {processor.py:925} INFO - DAG(s) 'example_workday_timetable' retrieved from /Users/dineshsammeta/anaconda3/envs/python38/lib/python3.8/site-packages/airflow/example_dags/example_workday_timetable.py
[2025-04-30T13:58:20.075+0100] {logging_mixin.py:190} INFO - [2025-04-30T13:58:20.075+0100] {workday.py:41} WARNING - Could not import pandas. Holidays will not be considered.
[2025-04-30T13:58:20.086+0100] {logging_mixin.py:190} INFO - [2025-04-30T13:58:20.086+0100] {dag.py:3239} INFO - Sync 1 DAGs
[2025-04-30T13:58:20.096+0100] {logging_mixin.py:190} INFO - [2025-04-30T13:58:20.096+0100] {dag.py:4180} INFO - Setting next_dagrun for example_workday_timetable to 2021-01-01 00:00:00+00:00, run_after=2021-01-02 00:00:00+00:00
[2025-04-30T13:58:20.106+0100] {processor.py:208} INFO - Processing /Users/dineshsammeta/anaconda3/envs/python38/lib/python3.8/site-packages/airflow/example_dags/example_workday_timetable.py took 0.123 seconds
[2025-04-30T13:59:48.376+0100] {processor.py:186} INFO - Started process (PID=68917) to work on /Users/dineshsammeta/anaconda3/envs/python38/lib/python3.8/site-packages/airflow/example_dags/example_workday_timetable.py
[2025-04-30T13:59:48.377+0100] {processor.py:914} INFO - Processing file /Users/dineshsammeta/anaconda3/envs/python38/lib/python3.8/site-packages/airflow/example_dags/example_workday_timetable.py for tasks to queue
[2025-04-30T13:59:48.378+0100] {logging_mixin.py:190} INFO - [2025-04-30T13:59:48.378+0100] {dagbag.py:588} INFO - Filling up the DagBag from /Users/dineshsammeta/anaconda3/envs/python38/lib/python3.8/site-packages/airflow/example_dags/example_workday_timetable.py
[2025-04-30T13:59:48.381+0100] {logging_mixin.py:190} INFO - [2025-04-30T13:59:48.381+0100] {workday.py:41} WARNING - Could not import pandas. Holidays will not be considered.
[2025-04-30T13:59:48.385+0100] {processor.py:925} INFO - DAG(s) 'example_workday_timetable' retrieved from /Users/dineshsammeta/anaconda3/envs/python38/lib/python3.8/site-packages/airflow/example_dags/example_workday_timetable.py
[2025-04-30T13:59:48.469+0100] {logging_mixin.py:190} INFO - [2025-04-30T13:59:48.469+0100] {workday.py:41} WARNING - Could not import pandas. Holidays will not be considered.
[2025-04-30T13:59:48.481+0100] {logging_mixin.py:190} INFO - [2025-04-30T13:59:48.480+0100] {dag.py:3239} INFO - Sync 1 DAGs
[2025-04-30T13:59:48.491+0100] {logging_mixin.py:190} INFO - [2025-04-30T13:59:48.491+0100] {dag.py:4180} INFO - Setting next_dagrun for example_workday_timetable to 2021-01-01 00:00:00+00:00, run_after=2021-01-02 00:00:00+00:00
[2025-04-30T13:59:48.502+0100] {processor.py:208} INFO - Processing /Users/dineshsammeta/anaconda3/envs/python38/lib/python3.8/site-packages/airflow/example_dags/example_workday_timetable.py took 0.129 seconds
[2025-04-30T14:01:17.180+0100] {processor.py:186} INFO - Started process (PID=69077) to work on /Users/dineshsammeta/anaconda3/envs/python38/lib/python3.8/site-packages/airflow/example_dags/example_workday_timetable.py
[2025-04-30T14:01:17.181+0100] {processor.py:914} INFO - Processing file /Users/dineshsammeta/anaconda3/envs/python38/lib/python3.8/site-packages/airflow/example_dags/example_workday_timetable.py for tasks to queue
[2025-04-30T14:01:17.182+0100] {logging_mixin.py:190} INFO - [2025-04-30T14:01:17.182+0100] {dagbag.py:588} INFO - Filling up the DagBag from /Users/dineshsammeta/anaconda3/envs/python38/lib/python3.8/site-packages/airflow/example_dags/example_workday_timetable.py
[2025-04-30T14:01:17.184+0100] {logging_mixin.py:190} INFO - [2025-04-30T14:01:17.184+0100] {workday.py:41} WARNING - Could not import pandas. Holidays will not be considered.
[2025-04-30T14:01:17.188+0100] {processor.py:925} INFO - DAG(s) 'example_workday_timetable' retrieved from /Users/dineshsammeta/anaconda3/envs/python38/lib/python3.8/site-packages/airflow/example_dags/example_workday_timetable.py
[2025-04-30T14:01:17.270+0100] {logging_mixin.py:190} INFO - [2025-04-30T14:01:17.270+0100] {workday.py:41} WARNING - Could not import pandas. Holidays will not be considered.
[2025-04-30T14:01:17.282+0100] {logging_mixin.py:190} INFO - [2025-04-30T14:01:17.282+0100] {dag.py:3239} INFO - Sync 1 DAGs
[2025-04-30T14:01:17.291+0100] {logging_mixin.py:190} INFO - [2025-04-30T14:01:17.291+0100] {dag.py:4180} INFO - Setting next_dagrun for example_workday_timetable to 2021-01-01 00:00:00+00:00, run_after=2021-01-02 00:00:00+00:00
[2025-04-30T14:01:17.301+0100] {processor.py:208} INFO - Processing /Users/dineshsammeta/anaconda3/envs/python38/lib/python3.8/site-packages/airflow/example_dags/example_workday_timetable.py took 0.124 seconds
[2025-04-30T14:19:27.486+0100] {processor.py:186} INFO - Started process (PID=69259) to work on /Users/dineshsammeta/anaconda3/envs/python38/lib/python3.8/site-packages/airflow/example_dags/example_workday_timetable.py
[2025-04-30T14:19:27.487+0100] {processor.py:914} INFO - Processing file /Users/dineshsammeta/anaconda3/envs/python38/lib/python3.8/site-packages/airflow/example_dags/example_workday_timetable.py for tasks to queue
[2025-04-30T14:19:27.487+0100] {logging_mixin.py:190} INFO - [2025-04-30T14:19:27.487+0100] {dagbag.py:588} INFO - Filling up the DagBag from /Users/dineshsammeta/anaconda3/envs/python38/lib/python3.8/site-packages/airflow/example_dags/example_workday_timetable.py
[2025-04-30T14:19:27.489+0100] {logging_mixin.py:190} INFO - [2025-04-30T14:19:27.489+0100] {workday.py:41} WARNING - Could not import pandas. Holidays will not be considered.
[2025-04-30T14:19:27.493+0100] {processor.py:925} INFO - DAG(s) 'example_workday_timetable' retrieved from /Users/dineshsammeta/anaconda3/envs/python38/lib/python3.8/site-packages/airflow/example_dags/example_workday_timetable.py
[2025-04-30T14:19:27.583+0100] {logging_mixin.py:190} INFO - [2025-04-30T14:19:27.583+0100] {workday.py:41} WARNING - Could not import pandas. Holidays will not be considered.
[2025-04-30T14:19:27.596+0100] {logging_mixin.py:190} INFO - [2025-04-30T14:19:27.595+0100] {dag.py:3239} INFO - Sync 1 DAGs
[2025-04-30T14:19:27.607+0100] {logging_mixin.py:190} INFO - [2025-04-30T14:19:27.607+0100] {dag.py:4180} INFO - Setting next_dagrun for example_workday_timetable to 2021-01-01 00:00:00+00:00, run_after=2021-01-02 00:00:00+00:00
[2025-04-30T14:19:27.618+0100] {processor.py:208} INFO - Processing /Users/dineshsammeta/anaconda3/envs/python38/lib/python3.8/site-packages/airflow/example_dags/example_workday_timetable.py took 0.135 seconds
[2025-04-30T15:38:42.385+0100] {processor.py:186} INFO - Started process (PID=69478) to work on /Users/dineshsammeta/anaconda3/envs/python38/lib/python3.8/site-packages/airflow/example_dags/example_workday_timetable.py
[2025-04-30T15:38:42.386+0100] {processor.py:914} INFO - Processing file /Users/dineshsammeta/anaconda3/envs/python38/lib/python3.8/site-packages/airflow/example_dags/example_workday_timetable.py for tasks to queue
[2025-04-30T15:38:42.387+0100] {logging_mixin.py:190} INFO - [2025-04-30T15:38:42.387+0100] {dagbag.py:588} INFO - Filling up the DagBag from /Users/dineshsammeta/anaconda3/envs/python38/lib/python3.8/site-packages/airflow/example_dags/example_workday_timetable.py
[2025-04-30T15:38:42.389+0100] {logging_mixin.py:190} INFO - [2025-04-30T15:38:42.389+0100] {workday.py:41} WARNING - Could not import pandas. Holidays will not be considered.
[2025-04-30T15:38:42.393+0100] {processor.py:925} INFO - DAG(s) 'example_workday_timetable' retrieved from /Users/dineshsammeta/anaconda3/envs/python38/lib/python3.8/site-packages/airflow/example_dags/example_workday_timetable.py
[2025-04-30T15:38:42.476+0100] {logging_mixin.py:190} INFO - [2025-04-30T15:38:42.476+0100] {workday.py:41} WARNING - Could not import pandas. Holidays will not be considered.
[2025-04-30T15:38:42.488+0100] {logging_mixin.py:190} INFO - [2025-04-30T15:38:42.487+0100] {dag.py:3239} INFO - Sync 1 DAGs
[2025-04-30T15:38:42.497+0100] {logging_mixin.py:190} INFO - [2025-04-30T15:38:42.497+0100] {dag.py:4180} INFO - Setting next_dagrun for example_workday_timetable to 2021-01-01 00:00:00+00:00, run_after=2021-01-02 00:00:00+00:00
[2025-04-30T15:38:42.507+0100] {processor.py:208} INFO - Processing /Users/dineshsammeta/anaconda3/envs/python38/lib/python3.8/site-packages/airflow/example_dags/example_workday_timetable.py took 0.124 seconds
[2025-04-30T15:40:34.460+0100] {processor.py:186} INFO - Started process (PID=69696) to work on /Users/dineshsammeta/anaconda3/envs/python38/lib/python3.8/site-packages/airflow/example_dags/example_workday_timetable.py
[2025-04-30T15:40:34.461+0100] {processor.py:914} INFO - Processing file /Users/dineshsammeta/anaconda3/envs/python38/lib/python3.8/site-packages/airflow/example_dags/example_workday_timetable.py for tasks to queue
[2025-04-30T15:40:34.462+0100] {logging_mixin.py:190} INFO - [2025-04-30T15:40:34.462+0100] {dagbag.py:588} INFO - Filling up the DagBag from /Users/dineshsammeta/anaconda3/envs/python38/lib/python3.8/site-packages/airflow/example_dags/example_workday_timetable.py
[2025-04-30T15:40:34.464+0100] {logging_mixin.py:190} INFO - [2025-04-30T15:40:34.464+0100] {workday.py:41} WARNING - Could not import pandas. Holidays will not be considered.
[2025-04-30T15:40:34.468+0100] {processor.py:925} INFO - DAG(s) 'example_workday_timetable' retrieved from /Users/dineshsammeta/anaconda3/envs/python38/lib/python3.8/site-packages/airflow/example_dags/example_workday_timetable.py
[2025-04-30T15:40:34.550+0100] {logging_mixin.py:190} INFO - [2025-04-30T15:40:34.550+0100] {workday.py:41} WARNING - Could not import pandas. Holidays will not be considered.
[2025-04-30T15:40:34.561+0100] {logging_mixin.py:190} INFO - [2025-04-30T15:40:34.561+0100] {dag.py:3239} INFO - Sync 1 DAGs
[2025-04-30T15:40:34.571+0100] {logging_mixin.py:190} INFO - [2025-04-30T15:40:34.571+0100] {dag.py:4180} INFO - Setting next_dagrun for example_workday_timetable to 2021-01-01 00:00:00+00:00, run_after=2021-01-02 00:00:00+00:00
[2025-04-30T15:40:34.581+0100] {processor.py:208} INFO - Processing /Users/dineshsammeta/anaconda3/envs/python38/lib/python3.8/site-packages/airflow/example_dags/example_workday_timetable.py took 0.123 seconds
[2025-04-30T15:42:04.040+0100] {processor.py:186} INFO - Started process (PID=69856) to work on /Users/dineshsammeta/anaconda3/envs/python38/lib/python3.8/site-packages/airflow/example_dags/example_workday_timetable.py
[2025-04-30T15:42:04.042+0100] {processor.py:914} INFO - Processing file /Users/dineshsammeta/anaconda3/envs/python38/lib/python3.8/site-packages/airflow/example_dags/example_workday_timetable.py for tasks to queue
[2025-04-30T15:42:04.042+0100] {logging_mixin.py:190} INFO - [2025-04-30T15:42:04.042+0100] {dagbag.py:588} INFO - Filling up the DagBag from /Users/dineshsammeta/anaconda3/envs/python38/lib/python3.8/site-packages/airflow/example_dags/example_workday_timetable.py
[2025-04-30T15:42:04.044+0100] {logging_mixin.py:190} INFO - [2025-04-30T15:42:04.044+0100] {workday.py:41} WARNING - Could not import pandas. Holidays will not be considered.
[2025-04-30T15:42:04.048+0100] {processor.py:925} INFO - DAG(s) 'example_workday_timetable' retrieved from /Users/dineshsammeta/anaconda3/envs/python38/lib/python3.8/site-packages/airflow/example_dags/example_workday_timetable.py
[2025-04-30T15:42:04.131+0100] {logging_mixin.py:190} INFO - [2025-04-30T15:42:04.131+0100] {workday.py:41} WARNING - Could not import pandas. Holidays will not be considered.
[2025-04-30T15:42:04.142+0100] {logging_mixin.py:190} INFO - [2025-04-30T15:42:04.141+0100] {dag.py:3239} INFO - Sync 1 DAGs
[2025-04-30T15:42:04.151+0100] {logging_mixin.py:190} INFO - [2025-04-30T15:42:04.151+0100] {dag.py:4180} INFO - Setting next_dagrun for example_workday_timetable to 2021-01-01 00:00:00+00:00, run_after=2021-01-02 00:00:00+00:00
[2025-04-30T15:42:04.161+0100] {processor.py:208} INFO - Processing /Users/dineshsammeta/anaconda3/envs/python38/lib/python3.8/site-packages/airflow/example_dags/example_workday_timetable.py took 0.123 seconds
[2025-04-30T15:43:33.748+0100] {processor.py:186} INFO - Started process (PID=70004) to work on /Users/dineshsammeta/anaconda3/envs/python38/lib/python3.8/site-packages/airflow/example_dags/example_workday_timetable.py
[2025-04-30T15:43:33.749+0100] {processor.py:914} INFO - Processing file /Users/dineshsammeta/anaconda3/envs/python38/lib/python3.8/site-packages/airflow/example_dags/example_workday_timetable.py for tasks to queue
[2025-04-30T15:43:33.750+0100] {logging_mixin.py:190} INFO - [2025-04-30T15:43:33.750+0100] {dagbag.py:588} INFO - Filling up the DagBag from /Users/dineshsammeta/anaconda3/envs/python38/lib/python3.8/site-packages/airflow/example_dags/example_workday_timetable.py
[2025-04-30T15:43:33.752+0100] {logging_mixin.py:190} INFO - [2025-04-30T15:43:33.752+0100] {workday.py:41} WARNING - Could not import pandas. Holidays will not be considered.
[2025-04-30T15:43:33.756+0100] {processor.py:925} INFO - DAG(s) 'example_workday_timetable' retrieved from /Users/dineshsammeta/anaconda3/envs/python38/lib/python3.8/site-packages/airflow/example_dags/example_workday_timetable.py
[2025-04-30T15:43:33.840+0100] {logging_mixin.py:190} INFO - [2025-04-30T15:43:33.840+0100] {workday.py:41} WARNING - Could not import pandas. Holidays will not be considered.
[2025-04-30T15:43:33.851+0100] {logging_mixin.py:190} INFO - [2025-04-30T15:43:33.851+0100] {dag.py:3239} INFO - Sync 1 DAGs
[2025-04-30T15:43:33.861+0100] {logging_mixin.py:190} INFO - [2025-04-30T15:43:33.861+0100] {dag.py:4180} INFO - Setting next_dagrun for example_workday_timetable to 2021-01-01 00:00:00+00:00, run_after=2021-01-02 00:00:00+00:00
[2025-04-30T15:43:33.871+0100] {processor.py:208} INFO - Processing /Users/dineshsammeta/anaconda3/envs/python38/lib/python3.8/site-packages/airflow/example_dags/example_workday_timetable.py took 0.125 seconds
[2025-04-30T15:45:11.608+0100] {processor.py:186} INFO - Started process (PID=70168) to work on /Users/dineshsammeta/anaconda3/envs/python38/lib/python3.8/site-packages/airflow/example_dags/example_workday_timetable.py
[2025-04-30T15:45:11.610+0100] {processor.py:914} INFO - Processing file /Users/dineshsammeta/anaconda3/envs/python38/lib/python3.8/site-packages/airflow/example_dags/example_workday_timetable.py for tasks to queue
[2025-04-30T15:45:11.610+0100] {logging_mixin.py:190} INFO - [2025-04-30T15:45:11.610+0100] {dagbag.py:588} INFO - Filling up the DagBag from /Users/dineshsammeta/anaconda3/envs/python38/lib/python3.8/site-packages/airflow/example_dags/example_workday_timetable.py
[2025-04-30T15:45:11.613+0100] {logging_mixin.py:190} INFO - [2025-04-30T15:45:11.613+0100] {workday.py:41} WARNING - Could not import pandas. Holidays will not be considered.
[2025-04-30T15:45:11.617+0100] {processor.py:925} INFO - DAG(s) 'example_workday_timetable' retrieved from /Users/dineshsammeta/anaconda3/envs/python38/lib/python3.8/site-packages/airflow/example_dags/example_workday_timetable.py
[2025-04-30T15:45:11.699+0100] {logging_mixin.py:190} INFO - [2025-04-30T15:45:11.698+0100] {workday.py:41} WARNING - Could not import pandas. Holidays will not be considered.
[2025-04-30T15:45:11.709+0100] {logging_mixin.py:190} INFO - [2025-04-30T15:45:11.709+0100] {dag.py:3239} INFO - Sync 1 DAGs
[2025-04-30T15:45:11.719+0100] {logging_mixin.py:190} INFO - [2025-04-30T15:45:11.719+0100] {dag.py:4180} INFO - Setting next_dagrun for example_workday_timetable to 2021-01-01 00:00:00+00:00, run_after=2021-01-02 00:00:00+00:00
[2025-04-30T15:45:11.729+0100] {processor.py:208} INFO - Processing /Users/dineshsammeta/anaconda3/envs/python38/lib/python3.8/site-packages/airflow/example_dags/example_workday_timetable.py took 0.123 seconds
[2025-04-30T15:46:51.361+0100] {processor.py:186} INFO - Started process (PID=70341) to work on /Users/dineshsammeta/anaconda3/envs/python38/lib/python3.8/site-packages/airflow/example_dags/example_workday_timetable.py
[2025-04-30T15:46:51.363+0100] {processor.py:914} INFO - Processing file /Users/dineshsammeta/anaconda3/envs/python38/lib/python3.8/site-packages/airflow/example_dags/example_workday_timetable.py for tasks to queue
[2025-04-30T15:46:51.364+0100] {logging_mixin.py:190} INFO - [2025-04-30T15:46:51.364+0100] {dagbag.py:588} INFO - Filling up the DagBag from /Users/dineshsammeta/anaconda3/envs/python38/lib/python3.8/site-packages/airflow/example_dags/example_workday_timetable.py
[2025-04-30T15:46:51.367+0100] {logging_mixin.py:190} INFO - [2025-04-30T15:46:51.367+0100] {workday.py:41} WARNING - Could not import pandas. Holidays will not be considered.
[2025-04-30T15:46:51.372+0100] {processor.py:925} INFO - DAG(s) 'example_workday_timetable' retrieved from /Users/dineshsammeta/anaconda3/envs/python38/lib/python3.8/site-packages/airflow/example_dags/example_workday_timetable.py
[2025-04-30T15:46:51.460+0100] {logging_mixin.py:190} INFO - [2025-04-30T15:46:51.460+0100] {workday.py:41} WARNING - Could not import pandas. Holidays will not be considered.
[2025-04-30T15:46:51.471+0100] {logging_mixin.py:190} INFO - [2025-04-30T15:46:51.471+0100] {dag.py:3239} INFO - Sync 1 DAGs
[2025-04-30T15:46:51.481+0100] {logging_mixin.py:190} INFO - [2025-04-30T15:46:51.481+0100] {dag.py:4180} INFO - Setting next_dagrun for example_workday_timetable to 2021-01-01 00:00:00+00:00, run_after=2021-01-02 00:00:00+00:00
[2025-04-30T15:46:51.491+0100] {processor.py:208} INFO - Processing /Users/dineshsammeta/anaconda3/envs/python38/lib/python3.8/site-packages/airflow/example_dags/example_workday_timetable.py took 0.135 seconds
