[2025-04-30T13:40:36.906+0100] {processor.py:186} INFO - Started process (PID=66694) to work on /Users/dineshsammeta/anaconda3/envs/python38/lib/python3.8/site-packages/airflow/example_dags/example_dataset_alias_with_no_taskflow.py
[2025-04-30T13:40:36.907+0100] {processor.py:914} INFO - Processing file /Users/dineshsammeta/anaconda3/envs/python38/lib/python3.8/site-packages/airflow/example_dags/example_dataset_alias_with_no_taskflow.py for tasks to queue
[2025-04-30T13:40:36.907+0100] {logging_mixin.py:190} INFO - [2025-04-30T13:40:36.907+0100] {dagbag.py:588} INFO - Filling up the DagBag from /Users/dineshsammeta/anaconda3/envs/python38/lib/python3.8/site-packages/airflow/example_dags/example_dataset_alias_with_no_taskflow.py
[2025-04-30T13:40:37.025+0100] {processor.py:925} INFO - DAG(s) 'dataset_s3_bucket_producer_with_no_taskflow', 'dataset_alias_example_alias_consumer_with_no_taskflow', 'dataset_s3_bucket_consumer_with_no_taskflow', 'dataset_alias_example_alias_producer_with_no_taskflow' retrieved from /Users/dineshsammeta/anaconda3/envs/python38/lib/python3.8/site-packages/airflow/example_dags/example_dataset_alias_with_no_taskflow.py
[2025-04-30T13:40:37.041+0100] {logging_mixin.py:190} INFO - [2025-04-30T13:40:37.041+0100] {dag.py:3239} INFO - Sync 4 DAGs
[2025-04-30T13:40:37.054+0100] {logging_mixin.py:190} INFO - [2025-04-30T13:40:37.054+0100] {dag.py:4180} INFO - Setting next_dagrun for dataset_alias_example_alias_consumer_with_no_taskflow to None, run_after=None
[2025-04-30T13:40:37.055+0100] {logging_mixin.py:190} INFO - [2025-04-30T13:40:37.055+0100] {dag.py:4180} INFO - Setting next_dagrun for dataset_alias_example_alias_producer_with_no_taskflow to None, run_after=None
[2025-04-30T13:40:37.056+0100] {logging_mixin.py:190} INFO - [2025-04-30T13:40:37.056+0100] {dag.py:4180} INFO - Setting next_dagrun for dataset_s3_bucket_consumer_with_no_taskflow to None, run_after=None
[2025-04-30T13:40:37.056+0100] {logging_mixin.py:190} INFO - [2025-04-30T13:40:37.056+0100] {dag.py:4180} INFO - Setting next_dagrun for dataset_s3_bucket_producer_with_no_taskflow to None, run_after=None
[2025-04-30T13:40:37.069+0100] {processor.py:208} INFO - Processing /Users/dineshsammeta/anaconda3/envs/python38/lib/python3.8/site-packages/airflow/example_dags/example_dataset_alias_with_no_taskflow.py took 0.165 seconds
[2025-04-30T13:43:34.644+0100] {processor.py:186} INFO - Started process (PID=67105) to work on /Users/dineshsammeta/anaconda3/envs/python38/lib/python3.8/site-packages/airflow/example_dags/example_dataset_alias_with_no_taskflow.py
[2025-04-30T13:43:34.645+0100] {processor.py:914} INFO - Processing file /Users/dineshsammeta/anaconda3/envs/python38/lib/python3.8/site-packages/airflow/example_dags/example_dataset_alias_with_no_taskflow.py for tasks to queue
[2025-04-30T13:43:34.646+0100] {logging_mixin.py:190} INFO - [2025-04-30T13:43:34.646+0100] {dagbag.py:588} INFO - Filling up the DagBag from /Users/dineshsammeta/anaconda3/envs/python38/lib/python3.8/site-packages/airflow/example_dags/example_dataset_alias_with_no_taskflow.py
[2025-04-30T13:43:34.762+0100] {processor.py:925} INFO - DAG(s) 'dataset_s3_bucket_producer_with_no_taskflow', 'dataset_alias_example_alias_consumer_with_no_taskflow', 'dataset_s3_bucket_consumer_with_no_taskflow', 'dataset_alias_example_alias_producer_with_no_taskflow' retrieved from /Users/dineshsammeta/anaconda3/envs/python38/lib/python3.8/site-packages/airflow/example_dags/example_dataset_alias_with_no_taskflow.py
[2025-04-30T13:43:34.776+0100] {logging_mixin.py:190} INFO - [2025-04-30T13:43:34.776+0100] {dag.py:3239} INFO - Sync 4 DAGs
[2025-04-30T13:43:34.786+0100] {logging_mixin.py:190} INFO - [2025-04-30T13:43:34.786+0100] {dag.py:4180} INFO - Setting next_dagrun for dataset_alias_example_alias_consumer_with_no_taskflow to None, run_after=None
[2025-04-30T13:43:34.787+0100] {logging_mixin.py:190} INFO - [2025-04-30T13:43:34.787+0100] {dag.py:4180} INFO - Setting next_dagrun for dataset_alias_example_alias_producer_with_no_taskflow to None, run_after=None
[2025-04-30T13:43:34.788+0100] {logging_mixin.py:190} INFO - [2025-04-30T13:43:34.788+0100] {dag.py:4180} INFO - Setting next_dagrun for dataset_s3_bucket_consumer_with_no_taskflow to None, run_after=None
[2025-04-30T13:43:34.789+0100] {logging_mixin.py:190} INFO - [2025-04-30T13:43:34.788+0100] {dag.py:4180} INFO - Setting next_dagrun for dataset_s3_bucket_producer_with_no_taskflow to None, run_after=None
[2025-04-30T13:43:34.800+0100] {processor.py:208} INFO - Processing /Users/dineshsammeta/anaconda3/envs/python38/lib/python3.8/site-packages/airflow/example_dags/example_dataset_alias_with_no_taskflow.py took 0.158 seconds
[2025-04-30T13:46:31.760+0100] {processor.py:186} INFO - Started process (PID=67434) to work on /Users/dineshsammeta/anaconda3/envs/python38/lib/python3.8/site-packages/airflow/example_dags/example_dataset_alias_with_no_taskflow.py
[2025-04-30T13:46:31.761+0100] {processor.py:914} INFO - Processing file /Users/dineshsammeta/anaconda3/envs/python38/lib/python3.8/site-packages/airflow/example_dags/example_dataset_alias_with_no_taskflow.py for tasks to queue
[2025-04-30T13:46:31.762+0100] {logging_mixin.py:190} INFO - [2025-04-30T13:46:31.762+0100] {dagbag.py:588} INFO - Filling up the DagBag from /Users/dineshsammeta/anaconda3/envs/python38/lib/python3.8/site-packages/airflow/example_dags/example_dataset_alias_with_no_taskflow.py
[2025-04-30T13:46:31.877+0100] {processor.py:925} INFO - DAG(s) 'dataset_alias_example_alias_producer_with_no_taskflow', 'dataset_alias_example_alias_consumer_with_no_taskflow', 'dataset_s3_bucket_producer_with_no_taskflow', 'dataset_s3_bucket_consumer_with_no_taskflow' retrieved from /Users/dineshsammeta/anaconda3/envs/python38/lib/python3.8/site-packages/airflow/example_dags/example_dataset_alias_with_no_taskflow.py
[2025-04-30T13:46:31.890+0100] {logging_mixin.py:190} INFO - [2025-04-30T13:46:31.890+0100] {dag.py:3239} INFO - Sync 4 DAGs
[2025-04-30T13:46:31.901+0100] {logging_mixin.py:190} INFO - [2025-04-30T13:46:31.901+0100] {dag.py:4180} INFO - Setting next_dagrun for dataset_alias_example_alias_consumer_with_no_taskflow to None, run_after=None
[2025-04-30T13:46:31.902+0100] {logging_mixin.py:190} INFO - [2025-04-30T13:46:31.902+0100] {dag.py:4180} INFO - Setting next_dagrun for dataset_alias_example_alias_producer_with_no_taskflow to None, run_after=None
[2025-04-30T13:46:31.903+0100] {logging_mixin.py:190} INFO - [2025-04-30T13:46:31.903+0100] {dag.py:4180} INFO - Setting next_dagrun for dataset_s3_bucket_consumer_with_no_taskflow to None, run_after=None
[2025-04-30T13:46:31.903+0100] {logging_mixin.py:190} INFO - [2025-04-30T13:46:31.903+0100] {dag.py:4180} INFO - Setting next_dagrun for dataset_s3_bucket_producer_with_no_taskflow to None, run_after=None
[2025-04-30T13:46:31.915+0100] {processor.py:208} INFO - Processing /Users/dineshsammeta/anaconda3/envs/python38/lib/python3.8/site-packages/airflow/example_dags/example_dataset_alias_with_no_taskflow.py took 0.158 seconds
[2025-04-30T13:49:33.900+0100] {processor.py:186} INFO - Started process (PID=67795) to work on /Users/dineshsammeta/anaconda3/envs/python38/lib/python3.8/site-packages/airflow/example_dags/example_dataset_alias_with_no_taskflow.py
[2025-04-30T13:49:33.901+0100] {processor.py:914} INFO - Processing file /Users/dineshsammeta/anaconda3/envs/python38/lib/python3.8/site-packages/airflow/example_dags/example_dataset_alias_with_no_taskflow.py for tasks to queue
[2025-04-30T13:49:33.902+0100] {logging_mixin.py:190} INFO - [2025-04-30T13:49:33.902+0100] {dagbag.py:588} INFO - Filling up the DagBag from /Users/dineshsammeta/anaconda3/envs/python38/lib/python3.8/site-packages/airflow/example_dags/example_dataset_alias_with_no_taskflow.py
[2025-04-30T13:49:34.016+0100] {processor.py:925} INFO - DAG(s) 'dataset_alias_example_alias_consumer_with_no_taskflow', 'dataset_s3_bucket_consumer_with_no_taskflow', 'dataset_s3_bucket_producer_with_no_taskflow', 'dataset_alias_example_alias_producer_with_no_taskflow' retrieved from /Users/dineshsammeta/anaconda3/envs/python38/lib/python3.8/site-packages/airflow/example_dags/example_dataset_alias_with_no_taskflow.py
[2025-04-30T13:49:34.029+0100] {logging_mixin.py:190} INFO - [2025-04-30T13:49:34.029+0100] {dag.py:3239} INFO - Sync 4 DAGs
[2025-04-30T13:49:34.039+0100] {logging_mixin.py:190} INFO - [2025-04-30T13:49:34.039+0100] {dag.py:4180} INFO - Setting next_dagrun for dataset_alias_example_alias_consumer_with_no_taskflow to None, run_after=None
[2025-04-30T13:49:34.041+0100] {logging_mixin.py:190} INFO - [2025-04-30T13:49:34.041+0100] {dag.py:4180} INFO - Setting next_dagrun for dataset_alias_example_alias_producer_with_no_taskflow to None, run_after=None
[2025-04-30T13:49:34.041+0100] {logging_mixin.py:190} INFO - [2025-04-30T13:49:34.041+0100] {dag.py:4180} INFO - Setting next_dagrun for dataset_s3_bucket_consumer_with_no_taskflow to None, run_after=None
[2025-04-30T13:49:34.042+0100] {logging_mixin.py:190} INFO - [2025-04-30T13:49:34.042+0100] {dag.py:4180} INFO - Setting next_dagrun for dataset_s3_bucket_producer_with_no_taskflow to None, run_after=None
[2025-04-30T13:49:34.053+0100] {processor.py:208} INFO - Processing /Users/dineshsammeta/anaconda3/envs/python38/lib/python3.8/site-packages/airflow/example_dags/example_dataset_alias_with_no_taskflow.py took 0.155 seconds
[2025-04-30T13:52:40.406+0100] {processor.py:186} INFO - Started process (PID=68134) to work on /Users/dineshsammeta/anaconda3/envs/python38/lib/python3.8/site-packages/airflow/example_dags/example_dataset_alias_with_no_taskflow.py
[2025-04-30T13:52:40.407+0100] {processor.py:914} INFO - Processing file /Users/dineshsammeta/anaconda3/envs/python38/lib/python3.8/site-packages/airflow/example_dags/example_dataset_alias_with_no_taskflow.py for tasks to queue
[2025-04-30T13:52:40.408+0100] {logging_mixin.py:190} INFO - [2025-04-30T13:52:40.408+0100] {dagbag.py:588} INFO - Filling up the DagBag from /Users/dineshsammeta/anaconda3/envs/python38/lib/python3.8/site-packages/airflow/example_dags/example_dataset_alias_with_no_taskflow.py
[2025-04-30T13:52:40.523+0100] {processor.py:925} INFO - DAG(s) 'dataset_s3_bucket_producer_with_no_taskflow', 'dataset_alias_example_alias_producer_with_no_taskflow', 'dataset_alias_example_alias_consumer_with_no_taskflow', 'dataset_s3_bucket_consumer_with_no_taskflow' retrieved from /Users/dineshsammeta/anaconda3/envs/python38/lib/python3.8/site-packages/airflow/example_dags/example_dataset_alias_with_no_taskflow.py
[2025-04-30T13:52:40.537+0100] {logging_mixin.py:190} INFO - [2025-04-30T13:52:40.536+0100] {dag.py:3239} INFO - Sync 4 DAGs
[2025-04-30T13:52:40.547+0100] {logging_mixin.py:190} INFO - [2025-04-30T13:52:40.547+0100] {dag.py:4180} INFO - Setting next_dagrun for dataset_alias_example_alias_consumer_with_no_taskflow to None, run_after=None
[2025-04-30T13:52:40.549+0100] {logging_mixin.py:190} INFO - [2025-04-30T13:52:40.549+0100] {dag.py:4180} INFO - Setting next_dagrun for dataset_alias_example_alias_producer_with_no_taskflow to None, run_after=None
[2025-04-30T13:52:40.549+0100] {logging_mixin.py:190} INFO - [2025-04-30T13:52:40.549+0100] {dag.py:4180} INFO - Setting next_dagrun for dataset_s3_bucket_consumer_with_no_taskflow to None, run_after=None
[2025-04-30T13:52:40.550+0100] {logging_mixin.py:190} INFO - [2025-04-30T13:52:40.550+0100] {dag.py:4180} INFO - Setting next_dagrun for dataset_s3_bucket_producer_with_no_taskflow to None, run_after=None
[2025-04-30T13:52:40.561+0100] {processor.py:208} INFO - Processing /Users/dineshsammeta/anaconda3/envs/python38/lib/python3.8/site-packages/airflow/example_dags/example_dataset_alias_with_no_taskflow.py took 0.157 seconds
[2025-04-30T13:54:49.456+0100] {processor.py:186} INFO - Started process (PID=68391) to work on /Users/dineshsammeta/anaconda3/envs/python38/lib/python3.8/site-packages/airflow/example_dags/example_dataset_alias_with_no_taskflow.py
[2025-04-30T13:54:49.457+0100] {processor.py:914} INFO - Processing file /Users/dineshsammeta/anaconda3/envs/python38/lib/python3.8/site-packages/airflow/example_dags/example_dataset_alias_with_no_taskflow.py for tasks to queue
[2025-04-30T13:54:49.458+0100] {logging_mixin.py:190} INFO - [2025-04-30T13:54:49.458+0100] {dagbag.py:588} INFO - Filling up the DagBag from /Users/dineshsammeta/anaconda3/envs/python38/lib/python3.8/site-packages/airflow/example_dags/example_dataset_alias_with_no_taskflow.py
[2025-04-30T13:54:49.572+0100] {processor.py:925} INFO - DAG(s) 'dataset_s3_bucket_producer_with_no_taskflow', 'dataset_alias_example_alias_consumer_with_no_taskflow', 'dataset_alias_example_alias_producer_with_no_taskflow', 'dataset_s3_bucket_consumer_with_no_taskflow' retrieved from /Users/dineshsammeta/anaconda3/envs/python38/lib/python3.8/site-packages/airflow/example_dags/example_dataset_alias_with_no_taskflow.py
[2025-04-30T13:54:49.586+0100] {logging_mixin.py:190} INFO - [2025-04-30T13:54:49.585+0100] {dag.py:3239} INFO - Sync 4 DAGs
[2025-04-30T13:54:49.596+0100] {logging_mixin.py:190} INFO - [2025-04-30T13:54:49.596+0100] {dag.py:4180} INFO - Setting next_dagrun for dataset_alias_example_alias_consumer_with_no_taskflow to None, run_after=None
[2025-04-30T13:54:49.597+0100] {logging_mixin.py:190} INFO - [2025-04-30T13:54:49.597+0100] {dag.py:4180} INFO - Setting next_dagrun for dataset_alias_example_alias_producer_with_no_taskflow to None, run_after=None
[2025-04-30T13:54:49.598+0100] {logging_mixin.py:190} INFO - [2025-04-30T13:54:49.598+0100] {dag.py:4180} INFO - Setting next_dagrun for dataset_s3_bucket_consumer_with_no_taskflow to None, run_after=None
[2025-04-30T13:54:49.598+0100] {logging_mixin.py:190} INFO - [2025-04-30T13:54:49.598+0100] {dag.py:4180} INFO - Setting next_dagrun for dataset_s3_bucket_producer_with_no_taskflow to None, run_after=None
[2025-04-30T13:54:49.609+0100] {processor.py:208} INFO - Processing /Users/dineshsammeta/anaconda3/envs/python38/lib/python3.8/site-packages/airflow/example_dags/example_dataset_alias_with_no_taskflow.py took 0.156 seconds
[2025-04-30T13:57:51.491+0100] {processor.py:186} INFO - Started process (PID=68701) to work on /Users/dineshsammeta/anaconda3/envs/python38/lib/python3.8/site-packages/airflow/example_dags/example_dataset_alias_with_no_taskflow.py
[2025-04-30T13:57:51.493+0100] {processor.py:914} INFO - Processing file /Users/dineshsammeta/anaconda3/envs/python38/lib/python3.8/site-packages/airflow/example_dags/example_dataset_alias_with_no_taskflow.py for tasks to queue
[2025-04-30T13:57:51.493+0100] {logging_mixin.py:190} INFO - [2025-04-30T13:57:51.493+0100] {dagbag.py:588} INFO - Filling up the DagBag from /Users/dineshsammeta/anaconda3/envs/python38/lib/python3.8/site-packages/airflow/example_dags/example_dataset_alias_with_no_taskflow.py
[2025-04-30T13:57:51.608+0100] {processor.py:925} INFO - DAG(s) 'dataset_alias_example_alias_consumer_with_no_taskflow', 'dataset_alias_example_alias_producer_with_no_taskflow', 'dataset_s3_bucket_producer_with_no_taskflow', 'dataset_s3_bucket_consumer_with_no_taskflow' retrieved from /Users/dineshsammeta/anaconda3/envs/python38/lib/python3.8/site-packages/airflow/example_dags/example_dataset_alias_with_no_taskflow.py
[2025-04-30T13:57:51.622+0100] {logging_mixin.py:190} INFO - [2025-04-30T13:57:51.621+0100] {dag.py:3239} INFO - Sync 4 DAGs
[2025-04-30T13:57:51.632+0100] {logging_mixin.py:190} INFO - [2025-04-30T13:57:51.632+0100] {dag.py:4180} INFO - Setting next_dagrun for dataset_alias_example_alias_consumer_with_no_taskflow to None, run_after=None
[2025-04-30T13:57:51.633+0100] {logging_mixin.py:190} INFO - [2025-04-30T13:57:51.633+0100] {dag.py:4180} INFO - Setting next_dagrun for dataset_alias_example_alias_producer_with_no_taskflow to None, run_after=None
[2025-04-30T13:57:51.634+0100] {logging_mixin.py:190} INFO - [2025-04-30T13:57:51.634+0100] {dag.py:4180} INFO - Setting next_dagrun for dataset_s3_bucket_consumer_with_no_taskflow to None, run_after=None
[2025-04-30T13:57:51.634+0100] {logging_mixin.py:190} INFO - [2025-04-30T13:57:51.634+0100] {dag.py:4180} INFO - Setting next_dagrun for dataset_s3_bucket_producer_with_no_taskflow to None, run_after=None
[2025-04-30T13:57:51.646+0100] {processor.py:208} INFO - Processing /Users/dineshsammeta/anaconda3/envs/python38/lib/python3.8/site-packages/airflow/example_dags/example_dataset_alias_with_no_taskflow.py took 0.157 seconds
[2025-04-30T14:00:49.710+0100] {processor.py:186} INFO - Started process (PID=69027) to work on /Users/dineshsammeta/anaconda3/envs/python38/lib/python3.8/site-packages/airflow/example_dags/example_dataset_alias_with_no_taskflow.py
[2025-04-30T14:00:49.711+0100] {processor.py:914} INFO - Processing file /Users/dineshsammeta/anaconda3/envs/python38/lib/python3.8/site-packages/airflow/example_dags/example_dataset_alias_with_no_taskflow.py for tasks to queue
[2025-04-30T14:00:49.712+0100] {logging_mixin.py:190} INFO - [2025-04-30T14:00:49.712+0100] {dagbag.py:588} INFO - Filling up the DagBag from /Users/dineshsammeta/anaconda3/envs/python38/lib/python3.8/site-packages/airflow/example_dags/example_dataset_alias_with_no_taskflow.py
[2025-04-30T14:00:49.827+0100] {processor.py:925} INFO - DAG(s) 'dataset_s3_bucket_consumer_with_no_taskflow', 'dataset_alias_example_alias_consumer_with_no_taskflow', 'dataset_s3_bucket_producer_with_no_taskflow', 'dataset_alias_example_alias_producer_with_no_taskflow' retrieved from /Users/dineshsammeta/anaconda3/envs/python38/lib/python3.8/site-packages/airflow/example_dags/example_dataset_alias_with_no_taskflow.py
[2025-04-30T14:00:49.840+0100] {logging_mixin.py:190} INFO - [2025-04-30T14:00:49.840+0100] {dag.py:3239} INFO - Sync 4 DAGs
[2025-04-30T14:00:49.851+0100] {logging_mixin.py:190} INFO - [2025-04-30T14:00:49.851+0100] {dag.py:4180} INFO - Setting next_dagrun for dataset_alias_example_alias_consumer_with_no_taskflow to None, run_after=None
[2025-04-30T14:00:49.852+0100] {logging_mixin.py:190} INFO - [2025-04-30T14:00:49.852+0100] {dag.py:4180} INFO - Setting next_dagrun for dataset_alias_example_alias_producer_with_no_taskflow to None, run_after=None
[2025-04-30T14:00:49.853+0100] {logging_mixin.py:190} INFO - [2025-04-30T14:00:49.852+0100] {dag.py:4180} INFO - Setting next_dagrun for dataset_s3_bucket_consumer_with_no_taskflow to None, run_after=None
[2025-04-30T14:00:49.853+0100] {logging_mixin.py:190} INFO - [2025-04-30T14:00:49.853+0100] {dag.py:4180} INFO - Setting next_dagrun for dataset_s3_bucket_producer_with_no_taskflow to None, run_after=None
[2025-04-30T14:00:49.864+0100] {processor.py:208} INFO - Processing /Users/dineshsammeta/anaconda3/envs/python38/lib/python3.8/site-packages/airflow/example_dags/example_dataset_alias_with_no_taskflow.py took 0.157 seconds
[2025-04-30T15:38:12.093+0100] {processor.py:186} INFO - Started process (PID=69427) to work on /Users/dineshsammeta/anaconda3/envs/python38/lib/python3.8/site-packages/airflow/example_dags/example_dataset_alias_with_no_taskflow.py
[2025-04-30T15:38:12.094+0100] {processor.py:914} INFO - Processing file /Users/dineshsammeta/anaconda3/envs/python38/lib/python3.8/site-packages/airflow/example_dags/example_dataset_alias_with_no_taskflow.py for tasks to queue
[2025-04-30T15:38:12.095+0100] {logging_mixin.py:190} INFO - [2025-04-30T15:38:12.095+0100] {dagbag.py:588} INFO - Filling up the DagBag from /Users/dineshsammeta/anaconda3/envs/python38/lib/python3.8/site-packages/airflow/example_dags/example_dataset_alias_with_no_taskflow.py
[2025-04-30T15:38:12.209+0100] {processor.py:925} INFO - DAG(s) 'dataset_alias_example_alias_producer_with_no_taskflow', 'dataset_s3_bucket_producer_with_no_taskflow', 'dataset_s3_bucket_consumer_with_no_taskflow', 'dataset_alias_example_alias_consumer_with_no_taskflow' retrieved from /Users/dineshsammeta/anaconda3/envs/python38/lib/python3.8/site-packages/airflow/example_dags/example_dataset_alias_with_no_taskflow.py
[2025-04-30T15:38:12.223+0100] {logging_mixin.py:190} INFO - [2025-04-30T15:38:12.222+0100] {dag.py:3239} INFO - Sync 4 DAGs
[2025-04-30T15:38:12.233+0100] {logging_mixin.py:190} INFO - [2025-04-30T15:38:12.233+0100] {dag.py:4180} INFO - Setting next_dagrun for dataset_alias_example_alias_consumer_with_no_taskflow to None, run_after=None
[2025-04-30T15:38:12.235+0100] {logging_mixin.py:190} INFO - [2025-04-30T15:38:12.235+0100] {dag.py:4180} INFO - Setting next_dagrun for dataset_alias_example_alias_producer_with_no_taskflow to None, run_after=None
[2025-04-30T15:38:12.235+0100] {logging_mixin.py:190} INFO - [2025-04-30T15:38:12.235+0100] {dag.py:4180} INFO - Setting next_dagrun for dataset_s3_bucket_consumer_with_no_taskflow to None, run_after=None
[2025-04-30T15:38:12.236+0100] {logging_mixin.py:190} INFO - [2025-04-30T15:38:12.236+0100] {dag.py:4180} INFO - Setting next_dagrun for dataset_s3_bucket_producer_with_no_taskflow to None, run_after=None
[2025-04-30T15:38:12.247+0100] {processor.py:208} INFO - Processing /Users/dineshsammeta/anaconda3/envs/python38/lib/python3.8/site-packages/airflow/example_dags/example_dataset_alias_with_no_taskflow.py took 0.156 seconds
[2025-04-30T15:41:34.823+0100] {processor.py:186} INFO - Started process (PID=69799) to work on /Users/dineshsammeta/anaconda3/envs/python38/lib/python3.8/site-packages/airflow/example_dags/example_dataset_alias_with_no_taskflow.py
[2025-04-30T15:41:34.824+0100] {processor.py:914} INFO - Processing file /Users/dineshsammeta/anaconda3/envs/python38/lib/python3.8/site-packages/airflow/example_dags/example_dataset_alias_with_no_taskflow.py for tasks to queue
[2025-04-30T15:41:34.825+0100] {logging_mixin.py:190} INFO - [2025-04-30T15:41:34.825+0100] {dagbag.py:588} INFO - Filling up the DagBag from /Users/dineshsammeta/anaconda3/envs/python38/lib/python3.8/site-packages/airflow/example_dags/example_dataset_alias_with_no_taskflow.py
[2025-04-30T15:41:34.941+0100] {processor.py:925} INFO - DAG(s) 'dataset_alias_example_alias_producer_with_no_taskflow', 'dataset_s3_bucket_consumer_with_no_taskflow', 'dataset_s3_bucket_producer_with_no_taskflow', 'dataset_alias_example_alias_consumer_with_no_taskflow' retrieved from /Users/dineshsammeta/anaconda3/envs/python38/lib/python3.8/site-packages/airflow/example_dags/example_dataset_alias_with_no_taskflow.py
[2025-04-30T15:41:34.955+0100] {logging_mixin.py:190} INFO - [2025-04-30T15:41:34.954+0100] {dag.py:3239} INFO - Sync 4 DAGs
[2025-04-30T15:41:34.965+0100] {logging_mixin.py:190} INFO - [2025-04-30T15:41:34.965+0100] {dag.py:4180} INFO - Setting next_dagrun for dataset_alias_example_alias_consumer_with_no_taskflow to None, run_after=None
[2025-04-30T15:41:34.966+0100] {logging_mixin.py:190} INFO - [2025-04-30T15:41:34.966+0100] {dag.py:4180} INFO - Setting next_dagrun for dataset_alias_example_alias_producer_with_no_taskflow to None, run_after=None
[2025-04-30T15:41:34.967+0100] {logging_mixin.py:190} INFO - [2025-04-30T15:41:34.967+0100] {dag.py:4180} INFO - Setting next_dagrun for dataset_s3_bucket_consumer_with_no_taskflow to None, run_after=None
[2025-04-30T15:41:34.968+0100] {logging_mixin.py:190} INFO - [2025-04-30T15:41:34.968+0100] {dag.py:4180} INFO - Setting next_dagrun for dataset_s3_bucket_producer_with_no_taskflow to None, run_after=None
[2025-04-30T15:41:34.979+0100] {processor.py:208} INFO - Processing /Users/dineshsammeta/anaconda3/envs/python38/lib/python3.8/site-packages/airflow/example_dags/example_dataset_alias_with_no_taskflow.py took 0.158 seconds
[2025-04-30T15:44:42.860+0100] {processor.py:186} INFO - Started process (PID=70117) to work on /Users/dineshsammeta/anaconda3/envs/python38/lib/python3.8/site-packages/airflow/example_dags/example_dataset_alias_with_no_taskflow.py
[2025-04-30T15:44:42.861+0100] {processor.py:914} INFO - Processing file /Users/dineshsammeta/anaconda3/envs/python38/lib/python3.8/site-packages/airflow/example_dags/example_dataset_alias_with_no_taskflow.py for tasks to queue
[2025-04-30T15:44:42.861+0100] {logging_mixin.py:190} INFO - [2025-04-30T15:44:42.861+0100] {dagbag.py:588} INFO - Filling up the DagBag from /Users/dineshsammeta/anaconda3/envs/python38/lib/python3.8/site-packages/airflow/example_dags/example_dataset_alias_with_no_taskflow.py
[2025-04-30T15:44:42.978+0100] {processor.py:925} INFO - DAG(s) 'dataset_alias_example_alias_producer_with_no_taskflow', 'dataset_alias_example_alias_consumer_with_no_taskflow', 'dataset_s3_bucket_consumer_with_no_taskflow', 'dataset_s3_bucket_producer_with_no_taskflow' retrieved from /Users/dineshsammeta/anaconda3/envs/python38/lib/python3.8/site-packages/airflow/example_dags/example_dataset_alias_with_no_taskflow.py
[2025-04-30T15:44:42.991+0100] {logging_mixin.py:190} INFO - [2025-04-30T15:44:42.991+0100] {dag.py:3239} INFO - Sync 4 DAGs
[2025-04-30T15:44:43.002+0100] {logging_mixin.py:190} INFO - [2025-04-30T15:44:43.002+0100] {dag.py:4180} INFO - Setting next_dagrun for dataset_alias_example_alias_consumer_with_no_taskflow to None, run_after=None
[2025-04-30T15:44:43.003+0100] {logging_mixin.py:190} INFO - [2025-04-30T15:44:43.003+0100] {dag.py:4180} INFO - Setting next_dagrun for dataset_alias_example_alias_producer_with_no_taskflow to None, run_after=None
[2025-04-30T15:44:43.004+0100] {logging_mixin.py:190} INFO - [2025-04-30T15:44:43.004+0100] {dag.py:4180} INFO - Setting next_dagrun for dataset_s3_bucket_consumer_with_no_taskflow to None, run_after=None
[2025-04-30T15:44:43.004+0100] {logging_mixin.py:190} INFO - [2025-04-30T15:44:43.004+0100] {dag.py:4180} INFO - Setting next_dagrun for dataset_s3_bucket_producer_with_no_taskflow to None, run_after=None
[2025-04-30T15:44:43.016+0100] {processor.py:208} INFO - Processing /Users/dineshsammeta/anaconda3/envs/python38/lib/python3.8/site-packages/airflow/example_dags/example_dataset_alias_with_no_taskflow.py took 0.158 seconds
