[2025-04-30T13:40:04.932+0100] {processor.py:186} INFO - Started process (PID=66631) to work on /Users/dineshsammeta/anaconda3/envs/python38/lib/python3.8/site-packages/airflow/example_dags/example_params_ui_tutorial.py
[2025-04-30T13:40:04.933+0100] {processor.py:914} INFO - Processing file /Users/dineshsammeta/anaconda3/envs/python38/lib/python3.8/site-packages/airflow/example_dags/example_params_ui_tutorial.py for tasks to queue
[2025-04-30T13:40:04.934+0100] {logging_mixin.py:190} INFO - [2025-04-30T13:40:04.933+0100] {dagbag.py:588} INFO - Filling up the DagBag from /Users/dineshsammeta/anaconda3/envs/python38/lib/python3.8/site-packages/airflow/example_dags/example_params_ui_tutorial.py
[2025-04-30T13:40:04.990+0100] {processor.py:925} INFO - DAG(s) 'example_params_ui_tutorial' retrieved from /Users/dineshsammeta/anaconda3/envs/python38/lib/python3.8/site-packages/airflow/example_dags/example_params_ui_tutorial.py
[2025-04-30T13:40:05.144+0100] {logging_mixin.py:190} INFO - [2025-04-30T13:40:05.144+0100] {dag.py:3239} INFO - Sync 1 DAGs
[2025-04-30T13:40:05.150+0100] {logging_mixin.py:190} INFO - [2025-04-30T13:40:05.150+0100] {dag.py:4180} INFO - Setting next_dagrun for example_params_ui_tutorial to None, run_after=None
[2025-04-30T13:40:05.162+0100] {processor.py:208} INFO - Processing /Users/dineshsammeta/anaconda3/envs/python38/lib/python3.8/site-packages/airflow/example_dags/example_params_ui_tutorial.py took 0.232 seconds
[2025-04-30T13:42:05.184+0100] {processor.py:186} INFO - Started process (PID=66920) to work on /Users/dineshsammeta/anaconda3/envs/python38/lib/python3.8/site-packages/airflow/example_dags/example_params_ui_tutorial.py
[2025-04-30T13:42:05.185+0100] {processor.py:914} INFO - Processing file /Users/dineshsammeta/anaconda3/envs/python38/lib/python3.8/site-packages/airflow/example_dags/example_params_ui_tutorial.py for tasks to queue
[2025-04-30T13:42:05.186+0100] {logging_mixin.py:190} INFO - [2025-04-30T13:42:05.186+0100] {dagbag.py:588} INFO - Filling up the DagBag from /Users/dineshsammeta/anaconda3/envs/python38/lib/python3.8/site-packages/airflow/example_dags/example_params_ui_tutorial.py
[2025-04-30T13:42:05.238+0100] {processor.py:925} INFO - DAG(s) 'example_params_ui_tutorial' retrieved from /Users/dineshsammeta/anaconda3/envs/python38/lib/python3.8/site-packages/airflow/example_dags/example_params_ui_tutorial.py
[2025-04-30T13:42:05.315+0100] {logging_mixin.py:190} INFO - [2025-04-30T13:42:05.315+0100] {dag.py:3239} INFO - Sync 1 DAGs
[2025-04-30T13:42:05.321+0100] {logging_mixin.py:190} INFO - [2025-04-30T13:42:05.321+0100] {dag.py:4180} INFO - Setting next_dagrun for example_params_ui_tutorial to None, run_after=None
[2025-04-30T13:42:05.331+0100] {processor.py:208} INFO - Processing /Users/dineshsammeta/anaconda3/envs/python38/lib/python3.8/site-packages/airflow/example_dags/example_params_ui_tutorial.py took 0.150 seconds
[2025-04-30T13:45:03.012+0100] {processor.py:186} INFO - Started process (PID=67262) to work on /Users/dineshsammeta/anaconda3/envs/python38/lib/python3.8/site-packages/airflow/example_dags/example_params_ui_tutorial.py
[2025-04-30T13:45:03.013+0100] {processor.py:914} INFO - Processing file /Users/dineshsammeta/anaconda3/envs/python38/lib/python3.8/site-packages/airflow/example_dags/example_params_ui_tutorial.py for tasks to queue
[2025-04-30T13:45:03.014+0100] {logging_mixin.py:190} INFO - [2025-04-30T13:45:03.014+0100] {dagbag.py:588} INFO - Filling up the DagBag from /Users/dineshsammeta/anaconda3/envs/python38/lib/python3.8/site-packages/airflow/example_dags/example_params_ui_tutorial.py
[2025-04-30T13:45:03.066+0100] {processor.py:925} INFO - DAG(s) 'example_params_ui_tutorial' retrieved from /Users/dineshsammeta/anaconda3/envs/python38/lib/python3.8/site-packages/airflow/example_dags/example_params_ui_tutorial.py
[2025-04-30T13:45:03.141+0100] {logging_mixin.py:190} INFO - [2025-04-30T13:45:03.141+0100] {dag.py:3239} INFO - Sync 1 DAGs
[2025-04-30T13:45:03.147+0100] {logging_mixin.py:190} INFO - [2025-04-30T13:45:03.147+0100] {dag.py:4180} INFO - Setting next_dagrun for example_params_ui_tutorial to None, run_after=None
[2025-04-30T13:45:03.157+0100] {processor.py:208} INFO - Processing /Users/dineshsammeta/anaconda3/envs/python38/lib/python3.8/site-packages/airflow/example_dags/example_params_ui_tutorial.py took 0.147 seconds
[2025-04-30T13:48:02.325+0100] {processor.py:186} INFO - Started process (PID=67627) to work on /Users/dineshsammeta/anaconda3/envs/python38/lib/python3.8/site-packages/airflow/example_dags/example_params_ui_tutorial.py
[2025-04-30T13:48:02.326+0100] {processor.py:914} INFO - Processing file /Users/dineshsammeta/anaconda3/envs/python38/lib/python3.8/site-packages/airflow/example_dags/example_params_ui_tutorial.py for tasks to queue
[2025-04-30T13:48:02.327+0100] {logging_mixin.py:190} INFO - [2025-04-30T13:48:02.326+0100] {dagbag.py:588} INFO - Filling up the DagBag from /Users/dineshsammeta/anaconda3/envs/python38/lib/python3.8/site-packages/airflow/example_dags/example_params_ui_tutorial.py
[2025-04-30T13:48:02.383+0100] {processor.py:925} INFO - DAG(s) 'example_params_ui_tutorial' retrieved from /Users/dineshsammeta/anaconda3/envs/python38/lib/python3.8/site-packages/airflow/example_dags/example_params_ui_tutorial.py
[2025-04-30T13:48:02.459+0100] {logging_mixin.py:190} INFO - [2025-04-30T13:48:02.459+0100] {dag.py:3239} INFO - Sync 1 DAGs
[2025-04-30T13:48:02.465+0100] {logging_mixin.py:190} INFO - [2025-04-30T13:48:02.465+0100] {dag.py:4180} INFO - Setting next_dagrun for example_params_ui_tutorial to None, run_after=None
[2025-04-30T13:48:02.475+0100] {processor.py:208} INFO - Processing /Users/dineshsammeta/anaconda3/envs/python38/lib/python3.8/site-packages/airflow/example_dags/example_params_ui_tutorial.py took 0.152 seconds
[2025-04-30T13:51:09.278+0100] {processor.py:186} INFO - Started process (PID=67969) to work on /Users/dineshsammeta/anaconda3/envs/python38/lib/python3.8/site-packages/airflow/example_dags/example_params_ui_tutorial.py
[2025-04-30T13:51:09.279+0100] {processor.py:914} INFO - Processing file /Users/dineshsammeta/anaconda3/envs/python38/lib/python3.8/site-packages/airflow/example_dags/example_params_ui_tutorial.py for tasks to queue
[2025-04-30T13:51:09.280+0100] {logging_mixin.py:190} INFO - [2025-04-30T13:51:09.280+0100] {dagbag.py:588} INFO - Filling up the DagBag from /Users/dineshsammeta/anaconda3/envs/python38/lib/python3.8/site-packages/airflow/example_dags/example_params_ui_tutorial.py
[2025-04-30T13:51:09.332+0100] {processor.py:925} INFO - DAG(s) 'example_params_ui_tutorial' retrieved from /Users/dineshsammeta/anaconda3/envs/python38/lib/python3.8/site-packages/airflow/example_dags/example_params_ui_tutorial.py
[2025-04-30T13:51:09.409+0100] {logging_mixin.py:190} INFO - [2025-04-30T13:51:09.408+0100] {dag.py:3239} INFO - Sync 1 DAGs
[2025-04-30T13:51:09.416+0100] {logging_mixin.py:190} INFO - [2025-04-30T13:51:09.416+0100] {dag.py:4180} INFO - Setting next_dagrun for example_params_ui_tutorial to None, run_after=None
[2025-04-30T13:51:09.426+0100] {processor.py:208} INFO - Processing /Users/dineshsammeta/anaconda3/envs/python38/lib/python3.8/site-packages/airflow/example_dags/example_params_ui_tutorial.py took 0.150 seconds
[2025-04-30T13:54:18.870+0100] {processor.py:186} INFO - Started process (PID=68323) to work on /Users/dineshsammeta/anaconda3/envs/python38/lib/python3.8/site-packages/airflow/example_dags/example_params_ui_tutorial.py
[2025-04-30T13:54:18.871+0100] {processor.py:914} INFO - Processing file /Users/dineshsammeta/anaconda3/envs/python38/lib/python3.8/site-packages/airflow/example_dags/example_params_ui_tutorial.py for tasks to queue
[2025-04-30T13:54:18.872+0100] {logging_mixin.py:190} INFO - [2025-04-30T13:54:18.871+0100] {dagbag.py:588} INFO - Filling up the DagBag from /Users/dineshsammeta/anaconda3/envs/python38/lib/python3.8/site-packages/airflow/example_dags/example_params_ui_tutorial.py
[2025-04-30T13:54:18.926+0100] {processor.py:925} INFO - DAG(s) 'example_params_ui_tutorial' retrieved from /Users/dineshsammeta/anaconda3/envs/python38/lib/python3.8/site-packages/airflow/example_dags/example_params_ui_tutorial.py
[2025-04-30T13:54:19.002+0100] {logging_mixin.py:190} INFO - [2025-04-30T13:54:19.002+0100] {dag.py:3239} INFO - Sync 1 DAGs
[2025-04-30T13:54:19.008+0100] {logging_mixin.py:190} INFO - [2025-04-30T13:54:19.008+0100] {dag.py:4180} INFO - Setting next_dagrun for example_params_ui_tutorial to None, run_after=None
[2025-04-30T13:54:19.018+0100] {processor.py:208} INFO - Processing /Users/dineshsammeta/anaconda3/envs/python38/lib/python3.8/site-packages/airflow/example_dags/example_params_ui_tutorial.py took 0.151 seconds
[2025-04-30T13:55:56.201+0100] {processor.py:186} INFO - Started process (PID=68506) to work on /Users/dineshsammeta/anaconda3/envs/python38/lib/python3.8/site-packages/airflow/example_dags/example_params_ui_tutorial.py
[2025-04-30T13:55:56.203+0100] {processor.py:914} INFO - Processing file /Users/dineshsammeta/anaconda3/envs/python38/lib/python3.8/site-packages/airflow/example_dags/example_params_ui_tutorial.py for tasks to queue
[2025-04-30T13:55:56.203+0100] {logging_mixin.py:190} INFO - [2025-04-30T13:55:56.203+0100] {dagbag.py:588} INFO - Filling up the DagBag from /Users/dineshsammeta/anaconda3/envs/python38/lib/python3.8/site-packages/airflow/example_dags/example_params_ui_tutorial.py
[2025-04-30T13:55:56.254+0100] {processor.py:925} INFO - DAG(s) 'example_params_ui_tutorial' retrieved from /Users/dineshsammeta/anaconda3/envs/python38/lib/python3.8/site-packages/airflow/example_dags/example_params_ui_tutorial.py
[2025-04-30T13:55:56.329+0100] {logging_mixin.py:190} INFO - [2025-04-30T13:55:56.329+0100] {dag.py:3239} INFO - Sync 1 DAGs
[2025-04-30T13:55:56.336+0100] {logging_mixin.py:190} INFO - [2025-04-30T13:55:56.336+0100] {dag.py:4180} INFO - Setting next_dagrun for example_params_ui_tutorial to None, run_after=None
[2025-04-30T13:55:56.345+0100] {processor.py:208} INFO - Processing /Users/dineshsammeta/anaconda3/envs/python38/lib/python3.8/site-packages/airflow/example_dags/example_params_ui_tutorial.py took 0.146 seconds
[2025-04-30T13:58:56.662+0100] {processor.py:186} INFO - Started process (PID=68819) to work on /Users/dineshsammeta/anaconda3/envs/python38/lib/python3.8/site-packages/airflow/example_dags/example_params_ui_tutorial.py
[2025-04-30T13:58:56.664+0100] {processor.py:914} INFO - Processing file /Users/dineshsammeta/anaconda3/envs/python38/lib/python3.8/site-packages/airflow/example_dags/example_params_ui_tutorial.py for tasks to queue
[2025-04-30T13:58:56.665+0100] {logging_mixin.py:190} INFO - [2025-04-30T13:58:56.665+0100] {dagbag.py:588} INFO - Filling up the DagBag from /Users/dineshsammeta/anaconda3/envs/python38/lib/python3.8/site-packages/airflow/example_dags/example_params_ui_tutorial.py
[2025-04-30T13:58:56.718+0100] {processor.py:925} INFO - DAG(s) 'example_params_ui_tutorial' retrieved from /Users/dineshsammeta/anaconda3/envs/python38/lib/python3.8/site-packages/airflow/example_dags/example_params_ui_tutorial.py
[2025-04-30T13:58:56.795+0100] {logging_mixin.py:190} INFO - [2025-04-30T13:58:56.794+0100] {dag.py:3239} INFO - Sync 1 DAGs
[2025-04-30T13:58:56.801+0100] {logging_mixin.py:190} INFO - [2025-04-30T13:58:56.801+0100] {dag.py:4180} INFO - Setting next_dagrun for example_params_ui_tutorial to None, run_after=None
[2025-04-30T13:58:56.811+0100] {processor.py:208} INFO - Processing /Users/dineshsammeta/anaconda3/envs/python38/lib/python3.8/site-packages/airflow/example_dags/example_params_ui_tutorial.py took 0.151 seconds
[2025-04-30T14:01:55.752+0100] {processor.py:186} INFO - Started process (PID=69149) to work on /Users/dineshsammeta/anaconda3/envs/python38/lib/python3.8/site-packages/airflow/example_dags/example_params_ui_tutorial.py
[2025-04-30T14:01:55.754+0100] {processor.py:914} INFO - Processing file /Users/dineshsammeta/anaconda3/envs/python38/lib/python3.8/site-packages/airflow/example_dags/example_params_ui_tutorial.py for tasks to queue
[2025-04-30T14:01:55.754+0100] {logging_mixin.py:190} INFO - [2025-04-30T14:01:55.754+0100] {dagbag.py:588} INFO - Filling up the DagBag from /Users/dineshsammeta/anaconda3/envs/python38/lib/python3.8/site-packages/airflow/example_dags/example_params_ui_tutorial.py
[2025-04-30T14:01:55.805+0100] {processor.py:925} INFO - DAG(s) 'example_params_ui_tutorial' retrieved from /Users/dineshsammeta/anaconda3/envs/python38/lib/python3.8/site-packages/airflow/example_dags/example_params_ui_tutorial.py
[2025-04-30T14:01:55.881+0100] {logging_mixin.py:190} INFO - [2025-04-30T14:01:55.881+0100] {dag.py:3239} INFO - Sync 1 DAGs
[2025-04-30T14:01:55.887+0100] {logging_mixin.py:190} INFO - [2025-04-30T14:01:55.887+0100] {dag.py:4180} INFO - Setting next_dagrun for example_params_ui_tutorial to None, run_after=None
[2025-04-30T14:01:55.897+0100] {processor.py:208} INFO - Processing /Users/dineshsammeta/anaconda3/envs/python38/lib/python3.8/site-packages/airflow/example_dags/example_params_ui_tutorial.py took 0.147 seconds
[2025-04-30T15:39:20.296+0100] {processor.py:186} INFO - Started process (PID=69557) to work on /Users/dineshsammeta/anaconda3/envs/python38/lib/python3.8/site-packages/airflow/example_dags/example_params_ui_tutorial.py
[2025-04-30T15:39:20.297+0100] {processor.py:914} INFO - Processing file /Users/dineshsammeta/anaconda3/envs/python38/lib/python3.8/site-packages/airflow/example_dags/example_params_ui_tutorial.py for tasks to queue
[2025-04-30T15:39:20.298+0100] {logging_mixin.py:190} INFO - [2025-04-30T15:39:20.298+0100] {dagbag.py:588} INFO - Filling up the DagBag from /Users/dineshsammeta/anaconda3/envs/python38/lib/python3.8/site-packages/airflow/example_dags/example_params_ui_tutorial.py
[2025-04-30T15:39:20.349+0100] {processor.py:925} INFO - DAG(s) 'example_params_ui_tutorial' retrieved from /Users/dineshsammeta/anaconda3/envs/python38/lib/python3.8/site-packages/airflow/example_dags/example_params_ui_tutorial.py
[2025-04-30T15:39:20.425+0100] {logging_mixin.py:190} INFO - [2025-04-30T15:39:20.425+0100] {dag.py:3239} INFO - Sync 1 DAGs
[2025-04-30T15:39:20.431+0100] {logging_mixin.py:190} INFO - [2025-04-30T15:39:20.431+0100] {dag.py:4180} INFO - Setting next_dagrun for example_params_ui_tutorial to None, run_after=None
[2025-04-30T15:39:20.442+0100] {processor.py:208} INFO - Processing /Users/dineshsammeta/anaconda3/envs/python38/lib/python3.8/site-packages/airflow/example_dags/example_params_ui_tutorial.py took 0.148 seconds
[2025-04-30T15:41:12.434+0100] {processor.py:186} INFO - Started process (PID=69758) to work on /Users/dineshsammeta/anaconda3/envs/python38/lib/python3.8/site-packages/airflow/example_dags/example_params_ui_tutorial.py
[2025-04-30T15:41:12.435+0100] {processor.py:914} INFO - Processing file /Users/dineshsammeta/anaconda3/envs/python38/lib/python3.8/site-packages/airflow/example_dags/example_params_ui_tutorial.py for tasks to queue
[2025-04-30T15:41:12.436+0100] {logging_mixin.py:190} INFO - [2025-04-30T15:41:12.435+0100] {dagbag.py:588} INFO - Filling up the DagBag from /Users/dineshsammeta/anaconda3/envs/python38/lib/python3.8/site-packages/airflow/example_dags/example_params_ui_tutorial.py
[2025-04-30T15:41:12.487+0100] {processor.py:925} INFO - DAG(s) 'example_params_ui_tutorial' retrieved from /Users/dineshsammeta/anaconda3/envs/python38/lib/python3.8/site-packages/airflow/example_dags/example_params_ui_tutorial.py
[2025-04-30T15:41:12.563+0100] {logging_mixin.py:190} INFO - [2025-04-30T15:41:12.563+0100] {dag.py:3239} INFO - Sync 1 DAGs
[2025-04-30T15:41:12.569+0100] {logging_mixin.py:190} INFO - [2025-04-30T15:41:12.569+0100] {dag.py:4180} INFO - Setting next_dagrun for example_params_ui_tutorial to None, run_after=None
[2025-04-30T15:41:12.579+0100] {processor.py:208} INFO - Processing /Users/dineshsammeta/anaconda3/envs/python38/lib/python3.8/site-packages/airflow/example_dags/example_params_ui_tutorial.py took 0.148 seconds
[2025-04-30T15:44:12.417+0100] {processor.py:186} INFO - Started process (PID=70067) to work on /Users/dineshsammeta/anaconda3/envs/python38/lib/python3.8/site-packages/airflow/example_dags/example_params_ui_tutorial.py
[2025-04-30T15:44:12.418+0100] {processor.py:914} INFO - Processing file /Users/dineshsammeta/anaconda3/envs/python38/lib/python3.8/site-packages/airflow/example_dags/example_params_ui_tutorial.py for tasks to queue
[2025-04-30T15:44:12.418+0100] {logging_mixin.py:190} INFO - [2025-04-30T15:44:12.418+0100] {dagbag.py:588} INFO - Filling up the DagBag from /Users/dineshsammeta/anaconda3/envs/python38/lib/python3.8/site-packages/airflow/example_dags/example_params_ui_tutorial.py
[2025-04-30T15:44:12.472+0100] {processor.py:925} INFO - DAG(s) 'example_params_ui_tutorial' retrieved from /Users/dineshsammeta/anaconda3/envs/python38/lib/python3.8/site-packages/airflow/example_dags/example_params_ui_tutorial.py
[2025-04-30T15:44:12.548+0100] {logging_mixin.py:190} INFO - [2025-04-30T15:44:12.548+0100] {dag.py:3239} INFO - Sync 1 DAGs
[2025-04-30T15:44:12.554+0100] {logging_mixin.py:190} INFO - [2025-04-30T15:44:12.554+0100] {dag.py:4180} INFO - Setting next_dagrun for example_params_ui_tutorial to None, run_after=None
[2025-04-30T15:44:12.564+0100] {processor.py:208} INFO - Processing /Users/dineshsammeta/anaconda3/envs/python38/lib/python3.8/site-packages/airflow/example_dags/example_params_ui_tutorial.py took 0.150 seconds
[2025-04-30T15:45:51.435+0100] {processor.py:186} INFO - Started process (PID=70233) to work on /Users/dineshsammeta/anaconda3/envs/python38/lib/python3.8/site-packages/airflow/example_dags/example_params_ui_tutorial.py
[2025-04-30T15:45:51.436+0100] {processor.py:914} INFO - Processing file /Users/dineshsammeta/anaconda3/envs/python38/lib/python3.8/site-packages/airflow/example_dags/example_params_ui_tutorial.py for tasks to queue
[2025-04-30T15:45:51.437+0100] {logging_mixin.py:190} INFO - [2025-04-30T15:45:51.437+0100] {dagbag.py:588} INFO - Filling up the DagBag from /Users/dineshsammeta/anaconda3/envs/python38/lib/python3.8/site-packages/airflow/example_dags/example_params_ui_tutorial.py
[2025-04-30T15:45:51.489+0100] {processor.py:925} INFO - DAG(s) 'example_params_ui_tutorial' retrieved from /Users/dineshsammeta/anaconda3/envs/python38/lib/python3.8/site-packages/airflow/example_dags/example_params_ui_tutorial.py
[2025-04-30T15:45:51.567+0100] {logging_mixin.py:190} INFO - [2025-04-30T15:45:51.567+0100] {dag.py:3239} INFO - Sync 1 DAGs
[2025-04-30T15:45:51.575+0100] {logging_mixin.py:190} INFO - [2025-04-30T15:45:51.575+0100] {dag.py:4180} INFO - Setting next_dagrun for example_params_ui_tutorial to None, run_after=None
[2025-04-30T15:45:51.586+0100] {processor.py:208} INFO - Processing /Users/dineshsammeta/anaconda3/envs/python38/lib/python3.8/site-packages/airflow/example_dags/example_params_ui_tutorial.py took 0.153 seconds
