[2025-04-30T13:39:12.806+0100] {processor.py:186} INFO - Started process (PID=66522) to work on /Users/dineshsammeta/anaconda3/envs/python38/lib/python3.8/site-packages/airflow/example_dags/tutorial_objectstorage.py
[2025-04-30T13:39:12.807+0100] {processor.py:914} INFO - Processing file /Users/dineshsammeta/anaconda3/envs/python38/lib/python3.8/site-packages/airflow/example_dags/tutorial_objectstorage.py for tasks to queue
[2025-04-30T13:39:12.808+0100] {logging_mixin.py:190} INFO - [2025-04-30T13:39:12.808+0100] {dagbag.py:588} INFO - Filling up the DagBag from /Users/dineshsammeta/anaconda3/envs/python38/lib/python3.8/site-packages/airflow/example_dags/tutorial_objectstorage.py
[2025-04-30T13:39:12.873+0100] {processor.py:925} INFO - DAG(s) 'tutorial_objectstorage' retrieved from /Users/dineshsammeta/anaconda3/envs/python38/lib/python3.8/site-packages/airflow/example_dags/tutorial_objectstorage.py
[2025-04-30T13:39:12.932+0100] {logging_mixin.py:190} INFO - [2025-04-30T13:39:12.932+0100] {dag.py:3239} INFO - Sync 1 DAGs
[2025-04-30T13:39:12.945+0100] {logging_mixin.py:190} INFO - [2025-04-30T13:39:12.945+0100] {dag.py:4180} INFO - Setting next_dagrun for tutorial_objectstorage to None, run_after=None
[2025-04-30T13:39:12.963+0100] {processor.py:208} INFO - Processing /Users/dineshsammeta/anaconda3/envs/python38/lib/python3.8/site-packages/airflow/example_dags/tutorial_objectstorage.py took 0.161 seconds
[2025-04-30T13:41:18.633+0100] {processor.py:186} INFO - Started process (PID=66836) to work on /Users/dineshsammeta/anaconda3/envs/python38/lib/python3.8/site-packages/airflow/example_dags/tutorial_objectstorage.py
[2025-04-30T13:41:18.634+0100] {processor.py:914} INFO - Processing file /Users/dineshsammeta/anaconda3/envs/python38/lib/python3.8/site-packages/airflow/example_dags/tutorial_objectstorage.py for tasks to queue
[2025-04-30T13:41:18.634+0100] {logging_mixin.py:190} INFO - [2025-04-30T13:41:18.634+0100] {dagbag.py:588} INFO - Filling up the DagBag from /Users/dineshsammeta/anaconda3/envs/python38/lib/python3.8/site-packages/airflow/example_dags/tutorial_objectstorage.py
[2025-04-30T13:41:18.685+0100] {processor.py:925} INFO - DAG(s) 'tutorial_objectstorage' retrieved from /Users/dineshsammeta/anaconda3/envs/python38/lib/python3.8/site-packages/airflow/example_dags/tutorial_objectstorage.py
[2025-04-30T13:41:18.741+0100] {logging_mixin.py:190} INFO - [2025-04-30T13:41:18.741+0100] {dag.py:3239} INFO - Sync 1 DAGs
[2025-04-30T13:41:18.747+0100] {logging_mixin.py:190} INFO - [2025-04-30T13:41:18.747+0100] {dag.py:4180} INFO - Setting next_dagrun for tutorial_objectstorage to None, run_after=None
[2025-04-30T13:41:18.758+0100] {processor.py:208} INFO - Processing /Users/dineshsammeta/anaconda3/envs/python38/lib/python3.8/site-packages/airflow/example_dags/tutorial_objectstorage.py took 0.128 seconds
[2025-04-30T13:42:47.393+0100] {processor.py:186} INFO - Started process (PID=67015) to work on /Users/dineshsammeta/anaconda3/envs/python38/lib/python3.8/site-packages/airflow/example_dags/tutorial_objectstorage.py
[2025-04-30T13:42:47.394+0100] {processor.py:914} INFO - Processing file /Users/dineshsammeta/anaconda3/envs/python38/lib/python3.8/site-packages/airflow/example_dags/tutorial_objectstorage.py for tasks to queue
[2025-04-30T13:42:47.394+0100] {logging_mixin.py:190} INFO - [2025-04-30T13:42:47.394+0100] {dagbag.py:588} INFO - Filling up the DagBag from /Users/dineshsammeta/anaconda3/envs/python38/lib/python3.8/site-packages/airflow/example_dags/tutorial_objectstorage.py
[2025-04-30T13:42:47.447+0100] {processor.py:925} INFO - DAG(s) 'tutorial_objectstorage' retrieved from /Users/dineshsammeta/anaconda3/envs/python38/lib/python3.8/site-packages/airflow/example_dags/tutorial_objectstorage.py
[2025-04-30T13:42:47.503+0100] {logging_mixin.py:190} INFO - [2025-04-30T13:42:47.503+0100] {dag.py:3239} INFO - Sync 1 DAGs
[2025-04-30T13:42:47.509+0100] {logging_mixin.py:190} INFO - [2025-04-30T13:42:47.509+0100] {dag.py:4180} INFO - Setting next_dagrun for tutorial_objectstorage to None, run_after=None
[2025-04-30T13:42:47.520+0100] {processor.py:208} INFO - Processing /Users/dineshsammeta/anaconda3/envs/python38/lib/python3.8/site-packages/airflow/example_dags/tutorial_objectstorage.py took 0.130 seconds
[2025-04-30T13:44:14.703+0100] {processor.py:186} INFO - Started process (PID=67174) to work on /Users/dineshsammeta/anaconda3/envs/python38/lib/python3.8/site-packages/airflow/example_dags/tutorial_objectstorage.py
[2025-04-30T13:44:14.704+0100] {processor.py:914} INFO - Processing file /Users/dineshsammeta/anaconda3/envs/python38/lib/python3.8/site-packages/airflow/example_dags/tutorial_objectstorage.py for tasks to queue
[2025-04-30T13:44:14.705+0100] {logging_mixin.py:190} INFO - [2025-04-30T13:44:14.705+0100] {dagbag.py:588} INFO - Filling up the DagBag from /Users/dineshsammeta/anaconda3/envs/python38/lib/python3.8/site-packages/airflow/example_dags/tutorial_objectstorage.py
[2025-04-30T13:44:14.755+0100] {processor.py:925} INFO - DAG(s) 'tutorial_objectstorage' retrieved from /Users/dineshsammeta/anaconda3/envs/python38/lib/python3.8/site-packages/airflow/example_dags/tutorial_objectstorage.py
[2025-04-30T13:44:14.811+0100] {logging_mixin.py:190} INFO - [2025-04-30T13:44:14.811+0100] {dag.py:3239} INFO - Sync 1 DAGs
[2025-04-30T13:44:14.817+0100] {logging_mixin.py:190} INFO - [2025-04-30T13:44:14.817+0100] {dag.py:4180} INFO - Setting next_dagrun for tutorial_objectstorage to None, run_after=None
[2025-04-30T13:44:14.827+0100] {processor.py:208} INFO - Processing /Users/dineshsammeta/anaconda3/envs/python38/lib/python3.8/site-packages/airflow/example_dags/tutorial_objectstorage.py took 0.127 seconds
[2025-04-30T13:45:45.314+0100] {processor.py:186} INFO - Started process (PID=67347) to work on /Users/dineshsammeta/anaconda3/envs/python38/lib/python3.8/site-packages/airflow/example_dags/tutorial_objectstorage.py
[2025-04-30T13:45:45.315+0100] {processor.py:914} INFO - Processing file /Users/dineshsammeta/anaconda3/envs/python38/lib/python3.8/site-packages/airflow/example_dags/tutorial_objectstorage.py for tasks to queue
[2025-04-30T13:45:45.316+0100] {logging_mixin.py:190} INFO - [2025-04-30T13:45:45.316+0100] {dagbag.py:588} INFO - Filling up the DagBag from /Users/dineshsammeta/anaconda3/envs/python38/lib/python3.8/site-packages/airflow/example_dags/tutorial_objectstorage.py
[2025-04-30T13:45:45.367+0100] {processor.py:925} INFO - DAG(s) 'tutorial_objectstorage' retrieved from /Users/dineshsammeta/anaconda3/envs/python38/lib/python3.8/site-packages/airflow/example_dags/tutorial_objectstorage.py
[2025-04-30T13:45:45.423+0100] {logging_mixin.py:190} INFO - [2025-04-30T13:45:45.423+0100] {dag.py:3239} INFO - Sync 1 DAGs
[2025-04-30T13:45:45.431+0100] {logging_mixin.py:190} INFO - [2025-04-30T13:45:45.431+0100] {dag.py:4180} INFO - Setting next_dagrun for tutorial_objectstorage to None, run_after=None
[2025-04-30T13:45:45.441+0100] {processor.py:208} INFO - Processing /Users/dineshsammeta/anaconda3/envs/python38/lib/python3.8/site-packages/airflow/example_dags/tutorial_objectstorage.py took 0.130 seconds
[2025-04-30T13:47:14.853+0100] {processor.py:186} INFO - Started process (PID=67536) to work on /Users/dineshsammeta/anaconda3/envs/python38/lib/python3.8/site-packages/airflow/example_dags/tutorial_objectstorage.py
[2025-04-30T13:47:14.854+0100] {processor.py:914} INFO - Processing file /Users/dineshsammeta/anaconda3/envs/python38/lib/python3.8/site-packages/airflow/example_dags/tutorial_objectstorage.py for tasks to queue
[2025-04-30T13:47:14.855+0100] {logging_mixin.py:190} INFO - [2025-04-30T13:47:14.855+0100] {dagbag.py:588} INFO - Filling up the DagBag from /Users/dineshsammeta/anaconda3/envs/python38/lib/python3.8/site-packages/airflow/example_dags/tutorial_objectstorage.py
[2025-04-30T13:47:14.905+0100] {processor.py:925} INFO - DAG(s) 'tutorial_objectstorage' retrieved from /Users/dineshsammeta/anaconda3/envs/python38/lib/python3.8/site-packages/airflow/example_dags/tutorial_objectstorage.py
[2025-04-30T13:47:14.961+0100] {logging_mixin.py:190} INFO - [2025-04-30T13:47:14.961+0100] {dag.py:3239} INFO - Sync 1 DAGs
[2025-04-30T13:47:14.967+0100] {logging_mixin.py:190} INFO - [2025-04-30T13:47:14.967+0100] {dag.py:4180} INFO - Setting next_dagrun for tutorial_objectstorage to None, run_after=None
[2025-04-30T13:47:14.978+0100] {processor.py:208} INFO - Processing /Users/dineshsammeta/anaconda3/envs/python38/lib/python3.8/site-packages/airflow/example_dags/tutorial_objectstorage.py took 0.127 seconds
[2025-04-30T13:48:44.255+0100] {processor.py:186} INFO - Started process (PID=67712) to work on /Users/dineshsammeta/anaconda3/envs/python38/lib/python3.8/site-packages/airflow/example_dags/tutorial_objectstorage.py
[2025-04-30T13:48:44.256+0100] {processor.py:914} INFO - Processing file /Users/dineshsammeta/anaconda3/envs/python38/lib/python3.8/site-packages/airflow/example_dags/tutorial_objectstorage.py for tasks to queue
[2025-04-30T13:48:44.257+0100] {logging_mixin.py:190} INFO - [2025-04-30T13:48:44.257+0100] {dagbag.py:588} INFO - Filling up the DagBag from /Users/dineshsammeta/anaconda3/envs/python38/lib/python3.8/site-packages/airflow/example_dags/tutorial_objectstorage.py
[2025-04-30T13:48:44.309+0100] {processor.py:925} INFO - DAG(s) 'tutorial_objectstorage' retrieved from /Users/dineshsammeta/anaconda3/envs/python38/lib/python3.8/site-packages/airflow/example_dags/tutorial_objectstorage.py
[2025-04-30T13:48:44.365+0100] {logging_mixin.py:190} INFO - [2025-04-30T13:48:44.365+0100] {dag.py:3239} INFO - Sync 1 DAGs
[2025-04-30T13:48:44.371+0100] {logging_mixin.py:190} INFO - [2025-04-30T13:48:44.371+0100] {dag.py:4180} INFO - Setting next_dagrun for tutorial_objectstorage to None, run_after=None
[2025-04-30T13:48:44.382+0100] {processor.py:208} INFO - Processing /Users/dineshsammeta/anaconda3/envs/python38/lib/python3.8/site-packages/airflow/example_dags/tutorial_objectstorage.py took 0.129 seconds
[2025-04-30T13:50:20.822+0100] {processor.py:186} INFO - Started process (PID=67877) to work on /Users/dineshsammeta/anaconda3/envs/python38/lib/python3.8/site-packages/airflow/example_dags/tutorial_objectstorage.py
[2025-04-30T13:50:20.823+0100] {processor.py:914} INFO - Processing file /Users/dineshsammeta/anaconda3/envs/python38/lib/python3.8/site-packages/airflow/example_dags/tutorial_objectstorage.py for tasks to queue
[2025-04-30T13:50:20.824+0100] {logging_mixin.py:190} INFO - [2025-04-30T13:50:20.824+0100] {dagbag.py:588} INFO - Filling up the DagBag from /Users/dineshsammeta/anaconda3/envs/python38/lib/python3.8/site-packages/airflow/example_dags/tutorial_objectstorage.py
[2025-04-30T13:50:20.885+0100] {processor.py:925} INFO - DAG(s) 'tutorial_objectstorage' retrieved from /Users/dineshsammeta/anaconda3/envs/python38/lib/python3.8/site-packages/airflow/example_dags/tutorial_objectstorage.py
[2025-04-30T13:50:20.947+0100] {logging_mixin.py:190} INFO - [2025-04-30T13:50:20.946+0100] {dag.py:3239} INFO - Sync 1 DAGs
[2025-04-30T13:50:20.953+0100] {logging_mixin.py:190} INFO - [2025-04-30T13:50:20.953+0100] {dag.py:4180} INFO - Setting next_dagrun for tutorial_objectstorage to None, run_after=None
[2025-04-30T13:50:20.963+0100] {processor.py:208} INFO - Processing /Users/dineshsammeta/anaconda3/envs/python38/lib/python3.8/site-packages/airflow/example_dags/tutorial_objectstorage.py took 0.144 seconds
[2025-04-30T13:51:51.866+0100] {processor.py:186} INFO - Started process (PID=68041) to work on /Users/dineshsammeta/anaconda3/envs/python38/lib/python3.8/site-packages/airflow/example_dags/tutorial_objectstorage.py
[2025-04-30T13:51:51.867+0100] {processor.py:914} INFO - Processing file /Users/dineshsammeta/anaconda3/envs/python38/lib/python3.8/site-packages/airflow/example_dags/tutorial_objectstorage.py for tasks to queue
[2025-04-30T13:51:51.868+0100] {logging_mixin.py:190} INFO - [2025-04-30T13:51:51.868+0100] {dagbag.py:588} INFO - Filling up the DagBag from /Users/dineshsammeta/anaconda3/envs/python38/lib/python3.8/site-packages/airflow/example_dags/tutorial_objectstorage.py
[2025-04-30T13:51:51.919+0100] {processor.py:925} INFO - DAG(s) 'tutorial_objectstorage' retrieved from /Users/dineshsammeta/anaconda3/envs/python38/lib/python3.8/site-packages/airflow/example_dags/tutorial_objectstorage.py
[2025-04-30T13:51:51.974+0100] {logging_mixin.py:190} INFO - [2025-04-30T13:51:51.974+0100] {dag.py:3239} INFO - Sync 1 DAGs
[2025-04-30T13:51:51.980+0100] {logging_mixin.py:190} INFO - [2025-04-30T13:51:51.980+0100] {dag.py:4180} INFO - Setting next_dagrun for tutorial_objectstorage to None, run_after=None
[2025-04-30T13:51:51.991+0100] {processor.py:208} INFO - Processing /Users/dineshsammeta/anaconda3/envs/python38/lib/python3.8/site-packages/airflow/example_dags/tutorial_objectstorage.py took 0.127 seconds
[2025-04-30T13:53:29.682+0100] {processor.py:186} INFO - Started process (PID=68229) to work on /Users/dineshsammeta/anaconda3/envs/python38/lib/python3.8/site-packages/airflow/example_dags/tutorial_objectstorage.py
[2025-04-30T13:53:29.683+0100] {processor.py:914} INFO - Processing file /Users/dineshsammeta/anaconda3/envs/python38/lib/python3.8/site-packages/airflow/example_dags/tutorial_objectstorage.py for tasks to queue
[2025-04-30T13:53:29.684+0100] {logging_mixin.py:190} INFO - [2025-04-30T13:53:29.684+0100] {dagbag.py:588} INFO - Filling up the DagBag from /Users/dineshsammeta/anaconda3/envs/python38/lib/python3.8/site-packages/airflow/example_dags/tutorial_objectstorage.py
[2025-04-30T13:53:29.734+0100] {processor.py:925} INFO - DAG(s) 'tutorial_objectstorage' retrieved from /Users/dineshsammeta/anaconda3/envs/python38/lib/python3.8/site-packages/airflow/example_dags/tutorial_objectstorage.py
[2025-04-30T13:53:29.790+0100] {logging_mixin.py:190} INFO - [2025-04-30T13:53:29.790+0100] {dag.py:3239} INFO - Sync 1 DAGs
[2025-04-30T13:53:29.796+0100] {logging_mixin.py:190} INFO - [2025-04-30T13:53:29.796+0100] {dag.py:4180} INFO - Setting next_dagrun for tutorial_objectstorage to None, run_after=None
[2025-04-30T13:53:29.807+0100] {processor.py:208} INFO - Processing /Users/dineshsammeta/anaconda3/envs/python38/lib/python3.8/site-packages/airflow/example_dags/tutorial_objectstorage.py took 0.127 seconds
[2025-04-30T13:55:08.174+0100] {processor.py:186} INFO - Started process (PID=68421) to work on /Users/dineshsammeta/anaconda3/envs/python38/lib/python3.8/site-packages/airflow/example_dags/tutorial_objectstorage.py
[2025-04-30T13:55:08.175+0100] {processor.py:914} INFO - Processing file /Users/dineshsammeta/anaconda3/envs/python38/lib/python3.8/site-packages/airflow/example_dags/tutorial_objectstorage.py for tasks to queue
[2025-04-30T13:55:08.176+0100] {logging_mixin.py:190} INFO - [2025-04-30T13:55:08.176+0100] {dagbag.py:588} INFO - Filling up the DagBag from /Users/dineshsammeta/anaconda3/envs/python38/lib/python3.8/site-packages/airflow/example_dags/tutorial_objectstorage.py
[2025-04-30T13:55:08.226+0100] {processor.py:925} INFO - DAG(s) 'tutorial_objectstorage' retrieved from /Users/dineshsammeta/anaconda3/envs/python38/lib/python3.8/site-packages/airflow/example_dags/tutorial_objectstorage.py
[2025-04-30T13:55:08.282+0100] {logging_mixin.py:190} INFO - [2025-04-30T13:55:08.282+0100] {dag.py:3239} INFO - Sync 1 DAGs
[2025-04-30T13:55:08.288+0100] {logging_mixin.py:190} INFO - [2025-04-30T13:55:08.288+0100] {dag.py:4180} INFO - Setting next_dagrun for tutorial_objectstorage to None, run_after=None
[2025-04-30T13:55:08.299+0100] {processor.py:208} INFO - Processing /Users/dineshsammeta/anaconda3/envs/python38/lib/python3.8/site-packages/airflow/example_dags/tutorial_objectstorage.py took 0.127 seconds
[2025-04-30T13:56:38.578+0100] {processor.py:186} INFO - Started process (PID=68579) to work on /Users/dineshsammeta/anaconda3/envs/python38/lib/python3.8/site-packages/airflow/example_dags/tutorial_objectstorage.py
[2025-04-30T13:56:38.579+0100] {processor.py:914} INFO - Processing file /Users/dineshsammeta/anaconda3/envs/python38/lib/python3.8/site-packages/airflow/example_dags/tutorial_objectstorage.py for tasks to queue
[2025-04-30T13:56:38.580+0100] {logging_mixin.py:190} INFO - [2025-04-30T13:56:38.580+0100] {dagbag.py:588} INFO - Filling up the DagBag from /Users/dineshsammeta/anaconda3/envs/python38/lib/python3.8/site-packages/airflow/example_dags/tutorial_objectstorage.py
[2025-04-30T13:56:38.631+0100] {processor.py:925} INFO - DAG(s) 'tutorial_objectstorage' retrieved from /Users/dineshsammeta/anaconda3/envs/python38/lib/python3.8/site-packages/airflow/example_dags/tutorial_objectstorage.py
[2025-04-30T13:56:38.688+0100] {logging_mixin.py:190} INFO - [2025-04-30T13:56:38.688+0100] {dag.py:3239} INFO - Sync 1 DAGs
[2025-04-30T13:56:38.694+0100] {logging_mixin.py:190} INFO - [2025-04-30T13:56:38.694+0100] {dag.py:4180} INFO - Setting next_dagrun for tutorial_objectstorage to None, run_after=None
[2025-04-30T13:56:38.705+0100] {processor.py:208} INFO - Processing /Users/dineshsammeta/anaconda3/envs/python38/lib/python3.8/site-packages/airflow/example_dags/tutorial_objectstorage.py took 0.129 seconds
[2025-04-30T13:58:09.812+0100] {processor.py:186} INFO - Started process (PID=68736) to work on /Users/dineshsammeta/anaconda3/envs/python38/lib/python3.8/site-packages/airflow/example_dags/tutorial_objectstorage.py
[2025-04-30T13:58:09.813+0100] {processor.py:914} INFO - Processing file /Users/dineshsammeta/anaconda3/envs/python38/lib/python3.8/site-packages/airflow/example_dags/tutorial_objectstorage.py for tasks to queue
[2025-04-30T13:58:09.814+0100] {logging_mixin.py:190} INFO - [2025-04-30T13:58:09.814+0100] {dagbag.py:588} INFO - Filling up the DagBag from /Users/dineshsammeta/anaconda3/envs/python38/lib/python3.8/site-packages/airflow/example_dags/tutorial_objectstorage.py
[2025-04-30T13:58:09.863+0100] {processor.py:925} INFO - DAG(s) 'tutorial_objectstorage' retrieved from /Users/dineshsammeta/anaconda3/envs/python38/lib/python3.8/site-packages/airflow/example_dags/tutorial_objectstorage.py
[2025-04-30T13:58:09.920+0100] {logging_mixin.py:190} INFO - [2025-04-30T13:58:09.920+0100] {dag.py:3239} INFO - Sync 1 DAGs
[2025-04-30T13:58:09.926+0100] {logging_mixin.py:190} INFO - [2025-04-30T13:58:09.926+0100] {dag.py:4180} INFO - Setting next_dagrun for tutorial_objectstorage to None, run_after=None
[2025-04-30T13:58:09.937+0100] {processor.py:208} INFO - Processing /Users/dineshsammeta/anaconda3/envs/python38/lib/python3.8/site-packages/airflow/example_dags/tutorial_objectstorage.py took 0.126 seconds
[2025-04-30T13:59:38.233+0100] {processor.py:186} INFO - Started process (PID=68901) to work on /Users/dineshsammeta/anaconda3/envs/python38/lib/python3.8/site-packages/airflow/example_dags/tutorial_objectstorage.py
[2025-04-30T13:59:38.235+0100] {processor.py:914} INFO - Processing file /Users/dineshsammeta/anaconda3/envs/python38/lib/python3.8/site-packages/airflow/example_dags/tutorial_objectstorage.py for tasks to queue
[2025-04-30T13:59:38.235+0100] {logging_mixin.py:190} INFO - [2025-04-30T13:59:38.235+0100] {dagbag.py:588} INFO - Filling up the DagBag from /Users/dineshsammeta/anaconda3/envs/python38/lib/python3.8/site-packages/airflow/example_dags/tutorial_objectstorage.py
[2025-04-30T13:59:38.286+0100] {processor.py:925} INFO - DAG(s) 'tutorial_objectstorage' retrieved from /Users/dineshsammeta/anaconda3/envs/python38/lib/python3.8/site-packages/airflow/example_dags/tutorial_objectstorage.py
[2025-04-30T13:59:38.343+0100] {logging_mixin.py:190} INFO - [2025-04-30T13:59:38.342+0100] {dag.py:3239} INFO - Sync 1 DAGs
[2025-04-30T13:59:38.349+0100] {logging_mixin.py:190} INFO - [2025-04-30T13:59:38.349+0100] {dag.py:4180} INFO - Setting next_dagrun for tutorial_objectstorage to None, run_after=None
[2025-04-30T13:59:38.359+0100] {processor.py:208} INFO - Processing /Users/dineshsammeta/anaconda3/envs/python38/lib/python3.8/site-packages/airflow/example_dags/tutorial_objectstorage.py took 0.128 seconds
[2025-04-30T14:01:07.158+0100] {processor.py:186} INFO - Started process (PID=69058) to work on /Users/dineshsammeta/anaconda3/envs/python38/lib/python3.8/site-packages/airflow/example_dags/tutorial_objectstorage.py
[2025-04-30T14:01:07.159+0100] {processor.py:914} INFO - Processing file /Users/dineshsammeta/anaconda3/envs/python38/lib/python3.8/site-packages/airflow/example_dags/tutorial_objectstorage.py for tasks to queue
[2025-04-30T14:01:07.160+0100] {logging_mixin.py:190} INFO - [2025-04-30T14:01:07.160+0100] {dagbag.py:588} INFO - Filling up the DagBag from /Users/dineshsammeta/anaconda3/envs/python38/lib/python3.8/site-packages/airflow/example_dags/tutorial_objectstorage.py
[2025-04-30T14:01:07.210+0100] {processor.py:925} INFO - DAG(s) 'tutorial_objectstorage' retrieved from /Users/dineshsammeta/anaconda3/envs/python38/lib/python3.8/site-packages/airflow/example_dags/tutorial_objectstorage.py
[2025-04-30T14:01:07.267+0100] {logging_mixin.py:190} INFO - [2025-04-30T14:01:07.266+0100] {dag.py:3239} INFO - Sync 1 DAGs
[2025-04-30T14:01:07.273+0100] {logging_mixin.py:190} INFO - [2025-04-30T14:01:07.273+0100] {dag.py:4180} INFO - Setting next_dagrun for tutorial_objectstorage to None, run_after=None
[2025-04-30T14:01:07.283+0100] {processor.py:208} INFO - Processing /Users/dineshsammeta/anaconda3/envs/python38/lib/python3.8/site-packages/airflow/example_dags/tutorial_objectstorage.py took 0.127 seconds
[2025-04-30T14:02:37.216+0100] {processor.py:186} INFO - Started process (PID=69226) to work on /Users/dineshsammeta/anaconda3/envs/python38/lib/python3.8/site-packages/airflow/example_dags/tutorial_objectstorage.py
[2025-04-30T14:02:37.217+0100] {processor.py:914} INFO - Processing file /Users/dineshsammeta/anaconda3/envs/python38/lib/python3.8/site-packages/airflow/example_dags/tutorial_objectstorage.py for tasks to queue
[2025-04-30T14:02:37.218+0100] {logging_mixin.py:190} INFO - [2025-04-30T14:02:37.218+0100] {dagbag.py:588} INFO - Filling up the DagBag from /Users/dineshsammeta/anaconda3/envs/python38/lib/python3.8/site-packages/airflow/example_dags/tutorial_objectstorage.py
[2025-04-30T14:02:37.269+0100] {processor.py:925} INFO - DAG(s) 'tutorial_objectstorage' retrieved from /Users/dineshsammeta/anaconda3/envs/python38/lib/python3.8/site-packages/airflow/example_dags/tutorial_objectstorage.py
[2025-04-30T14:02:37.325+0100] {logging_mixin.py:190} INFO - [2025-04-30T14:02:37.325+0100] {dag.py:3239} INFO - Sync 1 DAGs
[2025-04-30T14:02:37.331+0100] {logging_mixin.py:190} INFO - [2025-04-30T14:02:37.331+0100] {dag.py:4180} INFO - Setting next_dagrun for tutorial_objectstorage to None, run_after=None
[2025-04-30T14:02:37.342+0100] {processor.py:208} INFO - Processing /Users/dineshsammeta/anaconda3/envs/python38/lib/python3.8/site-packages/airflow/example_dags/tutorial_objectstorage.py took 0.128 seconds
[2025-04-30T15:38:31.171+0100] {processor.py:186} INFO - Started process (PID=69459) to work on /Users/dineshsammeta/anaconda3/envs/python38/lib/python3.8/site-packages/airflow/example_dags/tutorial_objectstorage.py
[2025-04-30T15:38:31.171+0100] {processor.py:914} INFO - Processing file /Users/dineshsammeta/anaconda3/envs/python38/lib/python3.8/site-packages/airflow/example_dags/tutorial_objectstorage.py for tasks to queue
[2025-04-30T15:38:31.172+0100] {logging_mixin.py:190} INFO - [2025-04-30T15:38:31.172+0100] {dagbag.py:588} INFO - Filling up the DagBag from /Users/dineshsammeta/anaconda3/envs/python38/lib/python3.8/site-packages/airflow/example_dags/tutorial_objectstorage.py
[2025-04-30T15:38:31.226+0100] {processor.py:925} INFO - DAG(s) 'tutorial_objectstorage' retrieved from /Users/dineshsammeta/anaconda3/envs/python38/lib/python3.8/site-packages/airflow/example_dags/tutorial_objectstorage.py
[2025-04-30T15:38:31.283+0100] {logging_mixin.py:190} INFO - [2025-04-30T15:38:31.283+0100] {dag.py:3239} INFO - Sync 1 DAGs
[2025-04-30T15:38:31.289+0100] {logging_mixin.py:190} INFO - [2025-04-30T15:38:31.289+0100] {dag.py:4180} INFO - Setting next_dagrun for tutorial_objectstorage to None, run_after=None
[2025-04-30T15:38:31.300+0100] {processor.py:208} INFO - Processing /Users/dineshsammeta/anaconda3/envs/python38/lib/python3.8/site-packages/airflow/example_dags/tutorial_objectstorage.py took 0.132 seconds
[2025-04-30T15:40:23.676+0100] {processor.py:186} INFO - Started process (PID=69677) to work on /Users/dineshsammeta/anaconda3/envs/python38/lib/python3.8/site-packages/airflow/example_dags/tutorial_objectstorage.py
[2025-04-30T15:40:23.678+0100] {processor.py:914} INFO - Processing file /Users/dineshsammeta/anaconda3/envs/python38/lib/python3.8/site-packages/airflow/example_dags/tutorial_objectstorage.py for tasks to queue
[2025-04-30T15:40:23.678+0100] {logging_mixin.py:190} INFO - [2025-04-30T15:40:23.678+0100] {dagbag.py:588} INFO - Filling up the DagBag from /Users/dineshsammeta/anaconda3/envs/python38/lib/python3.8/site-packages/airflow/example_dags/tutorial_objectstorage.py
[2025-04-30T15:40:23.729+0100] {processor.py:925} INFO - DAG(s) 'tutorial_objectstorage' retrieved from /Users/dineshsammeta/anaconda3/envs/python38/lib/python3.8/site-packages/airflow/example_dags/tutorial_objectstorage.py
[2025-04-30T15:40:23.785+0100] {logging_mixin.py:190} INFO - [2025-04-30T15:40:23.784+0100] {dag.py:3239} INFO - Sync 1 DAGs
[2025-04-30T15:40:23.790+0100] {logging_mixin.py:190} INFO - [2025-04-30T15:40:23.790+0100] {dag.py:4180} INFO - Setting next_dagrun for tutorial_objectstorage to None, run_after=None
[2025-04-30T15:40:23.801+0100] {processor.py:208} INFO - Processing /Users/dineshsammeta/anaconda3/envs/python38/lib/python3.8/site-packages/airflow/example_dags/tutorial_objectstorage.py took 0.127 seconds
[2025-04-30T15:41:53.708+0100] {processor.py:186} INFO - Started process (PID=69840) to work on /Users/dineshsammeta/anaconda3/envs/python38/lib/python3.8/site-packages/airflow/example_dags/tutorial_objectstorage.py
[2025-04-30T15:41:53.709+0100] {processor.py:914} INFO - Processing file /Users/dineshsammeta/anaconda3/envs/python38/lib/python3.8/site-packages/airflow/example_dags/tutorial_objectstorage.py for tasks to queue
[2025-04-30T15:41:53.710+0100] {logging_mixin.py:190} INFO - [2025-04-30T15:41:53.710+0100] {dagbag.py:588} INFO - Filling up the DagBag from /Users/dineshsammeta/anaconda3/envs/python38/lib/python3.8/site-packages/airflow/example_dags/tutorial_objectstorage.py
[2025-04-30T15:41:53.760+0100] {processor.py:925} INFO - DAG(s) 'tutorial_objectstorage' retrieved from /Users/dineshsammeta/anaconda3/envs/python38/lib/python3.8/site-packages/airflow/example_dags/tutorial_objectstorage.py
[2025-04-30T15:41:53.816+0100] {logging_mixin.py:190} INFO - [2025-04-30T15:41:53.816+0100] {dag.py:3239} INFO - Sync 1 DAGs
[2025-04-30T15:41:53.822+0100] {logging_mixin.py:190} INFO - [2025-04-30T15:41:53.822+0100] {dag.py:4180} INFO - Setting next_dagrun for tutorial_objectstorage to None, run_after=None
[2025-04-30T15:41:53.833+0100] {processor.py:208} INFO - Processing /Users/dineshsammeta/anaconda3/envs/python38/lib/python3.8/site-packages/airflow/example_dags/tutorial_objectstorage.py took 0.127 seconds
[2025-04-30T15:43:22.628+0100] {processor.py:186} INFO - Started process (PID=69986) to work on /Users/dineshsammeta/anaconda3/envs/python38/lib/python3.8/site-packages/airflow/example_dags/tutorial_objectstorage.py
[2025-04-30T15:43:22.629+0100] {processor.py:914} INFO - Processing file /Users/dineshsammeta/anaconda3/envs/python38/lib/python3.8/site-packages/airflow/example_dags/tutorial_objectstorage.py for tasks to queue
[2025-04-30T15:43:22.629+0100] {logging_mixin.py:190} INFO - [2025-04-30T15:43:22.629+0100] {dagbag.py:588} INFO - Filling up the DagBag from /Users/dineshsammeta/anaconda3/envs/python38/lib/python3.8/site-packages/airflow/example_dags/tutorial_objectstorage.py
[2025-04-30T15:43:22.682+0100] {processor.py:925} INFO - DAG(s) 'tutorial_objectstorage' retrieved from /Users/dineshsammeta/anaconda3/envs/python38/lib/python3.8/site-packages/airflow/example_dags/tutorial_objectstorage.py
[2025-04-30T15:43:22.738+0100] {logging_mixin.py:190} INFO - [2025-04-30T15:43:22.738+0100] {dag.py:3239} INFO - Sync 1 DAGs
[2025-04-30T15:43:22.744+0100] {logging_mixin.py:190} INFO - [2025-04-30T15:43:22.744+0100] {dag.py:4180} INFO - Setting next_dagrun for tutorial_objectstorage to None, run_after=None
[2025-04-30T15:43:22.755+0100] {processor.py:208} INFO - Processing /Users/dineshsammeta/anaconda3/envs/python38/lib/python3.8/site-packages/airflow/example_dags/tutorial_objectstorage.py took 0.130 seconds
[2025-04-30T15:45:00.861+0100] {processor.py:186} INFO - Started process (PID=70149) to work on /Users/dineshsammeta/anaconda3/envs/python38/lib/python3.8/site-packages/airflow/example_dags/tutorial_objectstorage.py
[2025-04-30T15:45:00.862+0100] {processor.py:914} INFO - Processing file /Users/dineshsammeta/anaconda3/envs/python38/lib/python3.8/site-packages/airflow/example_dags/tutorial_objectstorage.py for tasks to queue
[2025-04-30T15:45:00.863+0100] {logging_mixin.py:190} INFO - [2025-04-30T15:45:00.863+0100] {dagbag.py:588} INFO - Filling up the DagBag from /Users/dineshsammeta/anaconda3/envs/python38/lib/python3.8/site-packages/airflow/example_dags/tutorial_objectstorage.py
[2025-04-30T15:45:00.928+0100] {processor.py:925} INFO - DAG(s) 'tutorial_objectstorage' retrieved from /Users/dineshsammeta/anaconda3/envs/python38/lib/python3.8/site-packages/airflow/example_dags/tutorial_objectstorage.py
[2025-04-30T15:45:01.020+0100] {logging_mixin.py:190} INFO - [2025-04-30T15:45:01.019+0100] {dag.py:3239} INFO - Sync 1 DAGs
[2025-04-30T15:45:01.031+0100] {logging_mixin.py:190} INFO - [2025-04-30T15:45:01.031+0100] {dag.py:4180} INFO - Setting next_dagrun for tutorial_objectstorage to None, run_after=None
[2025-04-30T15:45:01.054+0100] {processor.py:208} INFO - Processing /Users/dineshsammeta/anaconda3/envs/python38/lib/python3.8/site-packages/airflow/example_dags/tutorial_objectstorage.py took 0.195 seconds
[2025-04-30T15:46:39.550+0100] {processor.py:186} INFO - Started process (PID=70324) to work on /Users/dineshsammeta/anaconda3/envs/python38/lib/python3.8/site-packages/airflow/example_dags/tutorial_objectstorage.py
[2025-04-30T15:46:39.551+0100] {processor.py:914} INFO - Processing file /Users/dineshsammeta/anaconda3/envs/python38/lib/python3.8/site-packages/airflow/example_dags/tutorial_objectstorage.py for tasks to queue
[2025-04-30T15:46:39.552+0100] {logging_mixin.py:190} INFO - [2025-04-30T15:46:39.552+0100] {dagbag.py:588} INFO - Filling up the DagBag from /Users/dineshsammeta/anaconda3/envs/python38/lib/python3.8/site-packages/airflow/example_dags/tutorial_objectstorage.py
[2025-04-30T15:46:39.604+0100] {processor.py:925} INFO - DAG(s) 'tutorial_objectstorage' retrieved from /Users/dineshsammeta/anaconda3/envs/python38/lib/python3.8/site-packages/airflow/example_dags/tutorial_objectstorage.py
[2025-04-30T15:46:39.662+0100] {logging_mixin.py:190} INFO - [2025-04-30T15:46:39.661+0100] {dag.py:3239} INFO - Sync 1 DAGs
[2025-04-30T15:46:39.668+0100] {logging_mixin.py:190} INFO - [2025-04-30T15:46:39.668+0100] {dag.py:4180} INFO - Setting next_dagrun for tutorial_objectstorage to None, run_after=None
[2025-04-30T15:46:39.679+0100] {processor.py:208} INFO - Processing /Users/dineshsammeta/anaconda3/envs/python38/lib/python3.8/site-packages/airflow/example_dags/tutorial_objectstorage.py took 0.130 seconds
