[2025-04-30T13:39:05.913+0100] {processor.py:186} INFO - Started process (PID=66513) to work on /Users/dineshsammeta/anaconda3/envs/python38/lib/python3.8/site-packages/airflow/example_dags/tutorial_taskflow_templates.py
[2025-04-30T13:39:05.914+0100] {processor.py:914} INFO - Processing file /Users/dineshsammeta/anaconda3/envs/python38/lib/python3.8/site-packages/airflow/example_dags/tutorial_taskflow_templates.py for tasks to queue
[2025-04-30T13:39:05.915+0100] {logging_mixin.py:190} INFO - [2025-04-30T13:39:05.915+0100] {dagbag.py:588} INFO - Filling up the DagBag from /Users/dineshsammeta/anaconda3/envs/python38/lib/python3.8/site-packages/airflow/example_dags/tutorial_taskflow_templates.py
[2025-04-30T13:39:05.972+0100] {processor.py:925} INFO - DAG(s) 'tutorial_taskflow_templates' retrieved from /Users/dineshsammeta/anaconda3/envs/python38/lib/python3.8/site-packages/airflow/example_dags/tutorial_taskflow_templates.py
[2025-04-30T13:39:06.032+0100] {logging_mixin.py:190} INFO - [2025-04-30T13:39:06.032+0100] {dag.py:3239} INFO - Sync 1 DAGs
[2025-04-30T13:39:06.043+0100] {logging_mixin.py:190} INFO - [2025-04-30T13:39:06.043+0100] {dag.py:4180} INFO - Setting next_dagrun for tutorial_taskflow_templates to 2025-04-29 00:00:00+00:00, run_after=2025-04-30 00:00:00+00:00
[2025-04-30T13:39:06.053+0100] {processor.py:208} INFO - Processing /Users/dineshsammeta/anaconda3/envs/python38/lib/python3.8/site-packages/airflow/example_dags/tutorial_taskflow_templates.py took 0.142 seconds
[2025-04-30T13:41:12.501+0100] {processor.py:186} INFO - Started process (PID=66758) to work on /Users/dineshsammeta/anaconda3/envs/python38/lib/python3.8/site-packages/airflow/example_dags/tutorial_taskflow_templates.py
[2025-04-30T13:41:12.502+0100] {processor.py:914} INFO - Processing file /Users/dineshsammeta/anaconda3/envs/python38/lib/python3.8/site-packages/airflow/example_dags/tutorial_taskflow_templates.py for tasks to queue
[2025-04-30T13:41:12.502+0100] {logging_mixin.py:190} INFO - [2025-04-30T13:41:12.502+0100] {dagbag.py:588} INFO - Filling up the DagBag from /Users/dineshsammeta/anaconda3/envs/python38/lib/python3.8/site-packages/airflow/example_dags/tutorial_taskflow_templates.py
[2025-04-30T13:41:12.565+0100] {processor.py:925} INFO - DAG(s) 'tutorial_taskflow_templates' retrieved from /Users/dineshsammeta/anaconda3/envs/python38/lib/python3.8/site-packages/airflow/example_dags/tutorial_taskflow_templates.py
[2025-04-30T13:41:12.626+0100] {logging_mixin.py:190} INFO - [2025-04-30T13:41:12.626+0100] {dag.py:3239} INFO - Sync 1 DAGs
[2025-04-30T13:41:12.637+0100] {logging_mixin.py:190} INFO - [2025-04-30T13:41:12.637+0100] {dag.py:4180} INFO - Setting next_dagrun for tutorial_taskflow_templates to 2025-04-29 00:00:00+00:00, run_after=2025-04-30 00:00:00+00:00
[2025-04-30T13:41:12.647+0100] {processor.py:208} INFO - Processing /Users/dineshsammeta/anaconda3/envs/python38/lib/python3.8/site-packages/airflow/example_dags/tutorial_taskflow_templates.py took 0.148 seconds
[2025-04-30T13:42:41.090+0100] {processor.py:186} INFO - Started process (PID=66993) to work on /Users/dineshsammeta/anaconda3/envs/python38/lib/python3.8/site-packages/airflow/example_dags/tutorial_taskflow_templates.py
[2025-04-30T13:42:41.090+0100] {processor.py:914} INFO - Processing file /Users/dineshsammeta/anaconda3/envs/python38/lib/python3.8/site-packages/airflow/example_dags/tutorial_taskflow_templates.py for tasks to queue
[2025-04-30T13:42:41.091+0100] {logging_mixin.py:190} INFO - [2025-04-30T13:42:41.091+0100] {dagbag.py:588} INFO - Filling up the DagBag from /Users/dineshsammeta/anaconda3/envs/python38/lib/python3.8/site-packages/airflow/example_dags/tutorial_taskflow_templates.py
[2025-04-30T13:42:41.154+0100] {processor.py:925} INFO - DAG(s) 'tutorial_taskflow_templates' retrieved from /Users/dineshsammeta/anaconda3/envs/python38/lib/python3.8/site-packages/airflow/example_dags/tutorial_taskflow_templates.py
[2025-04-30T13:42:41.215+0100] {logging_mixin.py:190} INFO - [2025-04-30T13:42:41.214+0100] {dag.py:3239} INFO - Sync 1 DAGs
[2025-04-30T13:42:41.226+0100] {logging_mixin.py:190} INFO - [2025-04-30T13:42:41.225+0100] {dag.py:4180} INFO - Setting next_dagrun for tutorial_taskflow_templates to 2025-04-29 00:00:00+00:00, run_after=2025-04-30 00:00:00+00:00
[2025-04-30T13:42:41.236+0100] {processor.py:208} INFO - Processing /Users/dineshsammeta/anaconda3/envs/python38/lib/python3.8/site-packages/airflow/example_dags/tutorial_taskflow_templates.py took 0.148 seconds
[2025-04-30T13:44:09.382+0100] {processor.py:186} INFO - Started process (PID=67164) to work on /Users/dineshsammeta/anaconda3/envs/python38/lib/python3.8/site-packages/airflow/example_dags/tutorial_taskflow_templates.py
[2025-04-30T13:44:09.384+0100] {processor.py:914} INFO - Processing file /Users/dineshsammeta/anaconda3/envs/python38/lib/python3.8/site-packages/airflow/example_dags/tutorial_taskflow_templates.py for tasks to queue
[2025-04-30T13:44:09.384+0100] {logging_mixin.py:190} INFO - [2025-04-30T13:44:09.384+0100] {dagbag.py:588} INFO - Filling up the DagBag from /Users/dineshsammeta/anaconda3/envs/python38/lib/python3.8/site-packages/airflow/example_dags/tutorial_taskflow_templates.py
[2025-04-30T13:44:09.444+0100] {processor.py:925} INFO - DAG(s) 'tutorial_taskflow_templates' retrieved from /Users/dineshsammeta/anaconda3/envs/python38/lib/python3.8/site-packages/airflow/example_dags/tutorial_taskflow_templates.py
[2025-04-30T13:44:09.502+0100] {logging_mixin.py:190} INFO - [2025-04-30T13:44:09.501+0100] {dag.py:3239} INFO - Sync 1 DAGs
[2025-04-30T13:44:09.513+0100] {logging_mixin.py:190} INFO - [2025-04-30T13:44:09.513+0100] {dag.py:4180} INFO - Setting next_dagrun for tutorial_taskflow_templates to 2025-04-29 00:00:00+00:00, run_after=2025-04-30 00:00:00+00:00
[2025-04-30T13:44:09.523+0100] {processor.py:208} INFO - Processing /Users/dineshsammeta/anaconda3/envs/python38/lib/python3.8/site-packages/airflow/example_dags/tutorial_taskflow_templates.py took 0.142 seconds
[2025-04-30T13:45:39.022+0100] {processor.py:186} INFO - Started process (PID=67334) to work on /Users/dineshsammeta/anaconda3/envs/python38/lib/python3.8/site-packages/airflow/example_dags/tutorial_taskflow_templates.py
[2025-04-30T13:45:39.024+0100] {processor.py:914} INFO - Processing file /Users/dineshsammeta/anaconda3/envs/python38/lib/python3.8/site-packages/airflow/example_dags/tutorial_taskflow_templates.py for tasks to queue
[2025-04-30T13:45:39.024+0100] {logging_mixin.py:190} INFO - [2025-04-30T13:45:39.024+0100] {dagbag.py:588} INFO - Filling up the DagBag from /Users/dineshsammeta/anaconda3/envs/python38/lib/python3.8/site-packages/airflow/example_dags/tutorial_taskflow_templates.py
[2025-04-30T13:45:39.089+0100] {processor.py:925} INFO - DAG(s) 'tutorial_taskflow_templates' retrieved from /Users/dineshsammeta/anaconda3/envs/python38/lib/python3.8/site-packages/airflow/example_dags/tutorial_taskflow_templates.py
[2025-04-30T13:45:39.150+0100] {logging_mixin.py:190} INFO - [2025-04-30T13:45:39.150+0100] {dag.py:3239} INFO - Sync 1 DAGs
[2025-04-30T13:45:39.163+0100] {logging_mixin.py:190} INFO - [2025-04-30T13:45:39.163+0100] {dag.py:4180} INFO - Setting next_dagrun for tutorial_taskflow_templates to 2025-04-29 00:00:00+00:00, run_after=2025-04-30 00:00:00+00:00
[2025-04-30T13:45:39.173+0100] {processor.py:208} INFO - Processing /Users/dineshsammeta/anaconda3/envs/python38/lib/python3.8/site-packages/airflow/example_dags/tutorial_taskflow_templates.py took 0.153 seconds
[2025-04-30T13:47:08.332+0100] {processor.py:186} INFO - Started process (PID=67523) to work on /Users/dineshsammeta/anaconda3/envs/python38/lib/python3.8/site-packages/airflow/example_dags/tutorial_taskflow_templates.py
[2025-04-30T13:47:08.333+0100] {processor.py:914} INFO - Processing file /Users/dineshsammeta/anaconda3/envs/python38/lib/python3.8/site-packages/airflow/example_dags/tutorial_taskflow_templates.py for tasks to queue
[2025-04-30T13:47:08.334+0100] {logging_mixin.py:190} INFO - [2025-04-30T13:47:08.334+0100] {dagbag.py:588} INFO - Filling up the DagBag from /Users/dineshsammeta/anaconda3/envs/python38/lib/python3.8/site-packages/airflow/example_dags/tutorial_taskflow_templates.py
[2025-04-30T13:47:08.394+0100] {processor.py:925} INFO - DAG(s) 'tutorial_taskflow_templates' retrieved from /Users/dineshsammeta/anaconda3/envs/python38/lib/python3.8/site-packages/airflow/example_dags/tutorial_taskflow_templates.py
[2025-04-30T13:47:08.456+0100] {logging_mixin.py:190} INFO - [2025-04-30T13:47:08.455+0100] {dag.py:3239} INFO - Sync 1 DAGs
[2025-04-30T13:47:08.466+0100] {logging_mixin.py:190} INFO - [2025-04-30T13:47:08.466+0100] {dag.py:4180} INFO - Setting next_dagrun for tutorial_taskflow_templates to 2025-04-29 00:00:00+00:00, run_after=2025-04-30 00:00:00+00:00
[2025-04-30T13:47:08.476+0100] {processor.py:208} INFO - Processing /Users/dineshsammeta/anaconda3/envs/python38/lib/python3.8/site-packages/airflow/example_dags/tutorial_taskflow_templates.py took 0.147 seconds
[2025-04-30T13:48:37.924+0100] {processor.py:186} INFO - Started process (PID=67701) to work on /Users/dineshsammeta/anaconda3/envs/python38/lib/python3.8/site-packages/airflow/example_dags/tutorial_taskflow_templates.py
[2025-04-30T13:48:37.925+0100] {processor.py:914} INFO - Processing file /Users/dineshsammeta/anaconda3/envs/python38/lib/python3.8/site-packages/airflow/example_dags/tutorial_taskflow_templates.py for tasks to queue
[2025-04-30T13:48:37.926+0100] {logging_mixin.py:190} INFO - [2025-04-30T13:48:37.926+0100] {dagbag.py:588} INFO - Filling up the DagBag from /Users/dineshsammeta/anaconda3/envs/python38/lib/python3.8/site-packages/airflow/example_dags/tutorial_taskflow_templates.py
[2025-04-30T13:48:37.988+0100] {processor.py:925} INFO - DAG(s) 'tutorial_taskflow_templates' retrieved from /Users/dineshsammeta/anaconda3/envs/python38/lib/python3.8/site-packages/airflow/example_dags/tutorial_taskflow_templates.py
[2025-04-30T13:48:38.049+0100] {logging_mixin.py:190} INFO - [2025-04-30T13:48:38.049+0100] {dag.py:3239} INFO - Sync 1 DAGs
[2025-04-30T13:48:38.060+0100] {logging_mixin.py:190} INFO - [2025-04-30T13:48:38.060+0100] {dag.py:4180} INFO - Setting next_dagrun for tutorial_taskflow_templates to 2025-04-29 00:00:00+00:00, run_after=2025-04-30 00:00:00+00:00
[2025-04-30T13:48:38.070+0100] {processor.py:208} INFO - Processing /Users/dineshsammeta/anaconda3/envs/python38/lib/python3.8/site-packages/airflow/example_dags/tutorial_taskflow_templates.py took 0.148 seconds
[2025-04-30T13:50:12.508+0100] {processor.py:186} INFO - Started process (PID=67863) to work on /Users/dineshsammeta/anaconda3/envs/python38/lib/python3.8/site-packages/airflow/example_dags/tutorial_taskflow_templates.py
[2025-04-30T13:50:12.508+0100] {processor.py:914} INFO - Processing file /Users/dineshsammeta/anaconda3/envs/python38/lib/python3.8/site-packages/airflow/example_dags/tutorial_taskflow_templates.py for tasks to queue
[2025-04-30T13:50:12.509+0100] {logging_mixin.py:190} INFO - [2025-04-30T13:50:12.509+0100] {dagbag.py:588} INFO - Filling up the DagBag from /Users/dineshsammeta/anaconda3/envs/python38/lib/python3.8/site-packages/airflow/example_dags/tutorial_taskflow_templates.py
[2025-04-30T13:50:12.585+0100] {processor.py:925} INFO - DAG(s) 'tutorial_taskflow_templates' retrieved from /Users/dineshsammeta/anaconda3/envs/python38/lib/python3.8/site-packages/airflow/example_dags/tutorial_taskflow_templates.py
[2025-04-30T13:50:12.649+0100] {logging_mixin.py:190} INFO - [2025-04-30T13:50:12.648+0100] {dag.py:3239} INFO - Sync 1 DAGs
[2025-04-30T13:50:12.661+0100] {logging_mixin.py:190} INFO - [2025-04-30T13:50:12.661+0100] {dag.py:4180} INFO - Setting next_dagrun for tutorial_taskflow_templates to 2025-04-29 00:00:00+00:00, run_after=2025-04-30 00:00:00+00:00
[2025-04-30T13:50:12.673+0100] {processor.py:208} INFO - Processing /Users/dineshsammeta/anaconda3/envs/python38/lib/python3.8/site-packages/airflow/example_dags/tutorial_taskflow_templates.py took 0.168 seconds
[2025-04-30T13:51:45.236+0100] {processor.py:186} INFO - Started process (PID=68029) to work on /Users/dineshsammeta/anaconda3/envs/python38/lib/python3.8/site-packages/airflow/example_dags/tutorial_taskflow_templates.py
[2025-04-30T13:51:45.237+0100] {processor.py:914} INFO - Processing file /Users/dineshsammeta/anaconda3/envs/python38/lib/python3.8/site-packages/airflow/example_dags/tutorial_taskflow_templates.py for tasks to queue
[2025-04-30T13:51:45.238+0100] {logging_mixin.py:190} INFO - [2025-04-30T13:51:45.238+0100] {dagbag.py:588} INFO - Filling up the DagBag from /Users/dineshsammeta/anaconda3/envs/python38/lib/python3.8/site-packages/airflow/example_dags/tutorial_taskflow_templates.py
[2025-04-30T13:51:45.301+0100] {processor.py:925} INFO - DAG(s) 'tutorial_taskflow_templates' retrieved from /Users/dineshsammeta/anaconda3/envs/python38/lib/python3.8/site-packages/airflow/example_dags/tutorial_taskflow_templates.py
[2025-04-30T13:51:45.361+0100] {logging_mixin.py:190} INFO - [2025-04-30T13:51:45.361+0100] {dag.py:3239} INFO - Sync 1 DAGs
[2025-04-30T13:51:45.372+0100] {logging_mixin.py:190} INFO - [2025-04-30T13:51:45.372+0100] {dag.py:4180} INFO - Setting next_dagrun for tutorial_taskflow_templates to 2025-04-29 00:00:00+00:00, run_after=2025-04-30 00:00:00+00:00
[2025-04-30T13:51:45.382+0100] {processor.py:208} INFO - Processing /Users/dineshsammeta/anaconda3/envs/python38/lib/python3.8/site-packages/airflow/example_dags/tutorial_taskflow_templates.py took 0.149 seconds
[2025-04-30T13:53:23.357+0100] {processor.py:186} INFO - Started process (PID=68214) to work on /Users/dineshsammeta/anaconda3/envs/python38/lib/python3.8/site-packages/airflow/example_dags/tutorial_taskflow_templates.py
[2025-04-30T13:53:23.358+0100] {processor.py:914} INFO - Processing file /Users/dineshsammeta/anaconda3/envs/python38/lib/python3.8/site-packages/airflow/example_dags/tutorial_taskflow_templates.py for tasks to queue
[2025-04-30T13:53:23.359+0100] {logging_mixin.py:190} INFO - [2025-04-30T13:53:23.359+0100] {dagbag.py:588} INFO - Filling up the DagBag from /Users/dineshsammeta/anaconda3/envs/python38/lib/python3.8/site-packages/airflow/example_dags/tutorial_taskflow_templates.py
[2025-04-30T13:53:23.412+0100] {processor.py:925} INFO - DAG(s) 'tutorial_taskflow_templates' retrieved from /Users/dineshsammeta/anaconda3/envs/python38/lib/python3.8/site-packages/airflow/example_dags/tutorial_taskflow_templates.py
[2025-04-30T13:53:23.471+0100] {logging_mixin.py:190} INFO - [2025-04-30T13:53:23.471+0100] {dag.py:3239} INFO - Sync 1 DAGs
[2025-04-30T13:53:23.482+0100] {logging_mixin.py:190} INFO - [2025-04-30T13:53:23.482+0100] {dag.py:4180} INFO - Setting next_dagrun for tutorial_taskflow_templates to 2025-04-29 00:00:00+00:00, run_after=2025-04-30 00:00:00+00:00
[2025-04-30T13:53:23.492+0100] {processor.py:208} INFO - Processing /Users/dineshsammeta/anaconda3/envs/python38/lib/python3.8/site-packages/airflow/example_dags/tutorial_taskflow_templates.py took 0.137 seconds
[2025-04-30T13:55:02.222+0100] {processor.py:186} INFO - Started process (PID=68412) to work on /Users/dineshsammeta/anaconda3/envs/python38/lib/python3.8/site-packages/airflow/example_dags/tutorial_taskflow_templates.py
[2025-04-30T13:55:02.223+0100] {processor.py:914} INFO - Processing file /Users/dineshsammeta/anaconda3/envs/python38/lib/python3.8/site-packages/airflow/example_dags/tutorial_taskflow_templates.py for tasks to queue
[2025-04-30T13:55:02.223+0100] {logging_mixin.py:190} INFO - [2025-04-30T13:55:02.223+0100] {dagbag.py:588} INFO - Filling up the DagBag from /Users/dineshsammeta/anaconda3/envs/python38/lib/python3.8/site-packages/airflow/example_dags/tutorial_taskflow_templates.py
[2025-04-30T13:55:02.287+0100] {processor.py:925} INFO - DAG(s) 'tutorial_taskflow_templates' retrieved from /Users/dineshsammeta/anaconda3/envs/python38/lib/python3.8/site-packages/airflow/example_dags/tutorial_taskflow_templates.py
[2025-04-30T13:55:02.348+0100] {logging_mixin.py:190} INFO - [2025-04-30T13:55:02.348+0100] {dag.py:3239} INFO - Sync 1 DAGs
[2025-04-30T13:55:02.359+0100] {logging_mixin.py:190} INFO - [2025-04-30T13:55:02.359+0100] {dag.py:4180} INFO - Setting next_dagrun for tutorial_taskflow_templates to 2025-04-29 00:00:00+00:00, run_after=2025-04-30 00:00:00+00:00
[2025-04-30T13:55:02.368+0100] {processor.py:208} INFO - Processing /Users/dineshsammeta/anaconda3/envs/python38/lib/python3.8/site-packages/airflow/example_dags/tutorial_taskflow_templates.py took 0.149 seconds
[2025-04-30T13:56:32.218+0100] {processor.py:186} INFO - Started process (PID=68566) to work on /Users/dineshsammeta/anaconda3/envs/python38/lib/python3.8/site-packages/airflow/example_dags/tutorial_taskflow_templates.py
[2025-04-30T13:56:32.219+0100] {processor.py:914} INFO - Processing file /Users/dineshsammeta/anaconda3/envs/python38/lib/python3.8/site-packages/airflow/example_dags/tutorial_taskflow_templates.py for tasks to queue
[2025-04-30T13:56:32.219+0100] {logging_mixin.py:190} INFO - [2025-04-30T13:56:32.219+0100] {dagbag.py:588} INFO - Filling up the DagBag from /Users/dineshsammeta/anaconda3/envs/python38/lib/python3.8/site-packages/airflow/example_dags/tutorial_taskflow_templates.py
[2025-04-30T13:56:32.283+0100] {processor.py:925} INFO - DAG(s) 'tutorial_taskflow_templates' retrieved from /Users/dineshsammeta/anaconda3/envs/python38/lib/python3.8/site-packages/airflow/example_dags/tutorial_taskflow_templates.py
[2025-04-30T13:56:32.343+0100] {logging_mixin.py:190} INFO - [2025-04-30T13:56:32.343+0100] {dag.py:3239} INFO - Sync 1 DAGs
[2025-04-30T13:56:32.354+0100] {logging_mixin.py:190} INFO - [2025-04-30T13:56:32.354+0100] {dag.py:4180} INFO - Setting next_dagrun for tutorial_taskflow_templates to 2025-04-29 00:00:00+00:00, run_after=2025-04-30 00:00:00+00:00
[2025-04-30T13:56:32.364+0100] {processor.py:208} INFO - Processing /Users/dineshsammeta/anaconda3/envs/python38/lib/python3.8/site-packages/airflow/example_dags/tutorial_taskflow_templates.py took 0.148 seconds
[2025-04-30T13:58:02.847+0100] {processor.py:186} INFO - Started process (PID=68723) to work on /Users/dineshsammeta/anaconda3/envs/python38/lib/python3.8/site-packages/airflow/example_dags/tutorial_taskflow_templates.py
[2025-04-30T13:58:02.848+0100] {processor.py:914} INFO - Processing file /Users/dineshsammeta/anaconda3/envs/python38/lib/python3.8/site-packages/airflow/example_dags/tutorial_taskflow_templates.py for tasks to queue
[2025-04-30T13:58:02.849+0100] {logging_mixin.py:190} INFO - [2025-04-30T13:58:02.849+0100] {dagbag.py:588} INFO - Filling up the DagBag from /Users/dineshsammeta/anaconda3/envs/python38/lib/python3.8/site-packages/airflow/example_dags/tutorial_taskflow_templates.py
[2025-04-30T13:58:02.906+0100] {processor.py:925} INFO - DAG(s) 'tutorial_taskflow_templates' retrieved from /Users/dineshsammeta/anaconda3/envs/python38/lib/python3.8/site-packages/airflow/example_dags/tutorial_taskflow_templates.py
[2025-04-30T13:58:02.963+0100] {logging_mixin.py:190} INFO - [2025-04-30T13:58:02.963+0100] {dag.py:3239} INFO - Sync 1 DAGs
[2025-04-30T13:58:02.975+0100] {logging_mixin.py:190} INFO - [2025-04-30T13:58:02.974+0100] {dag.py:4180} INFO - Setting next_dagrun for tutorial_taskflow_templates to 2025-04-29 00:00:00+00:00, run_after=2025-04-30 00:00:00+00:00
[2025-04-30T13:58:02.984+0100] {processor.py:208} INFO - Processing /Users/dineshsammeta/anaconda3/envs/python38/lib/python3.8/site-packages/airflow/example_dags/tutorial_taskflow_templates.py took 0.140 seconds
[2025-04-30T13:59:32.148+0100] {processor.py:186} INFO - Started process (PID=68886) to work on /Users/dineshsammeta/anaconda3/envs/python38/lib/python3.8/site-packages/airflow/example_dags/tutorial_taskflow_templates.py
[2025-04-30T13:59:32.148+0100] {processor.py:914} INFO - Processing file /Users/dineshsammeta/anaconda3/envs/python38/lib/python3.8/site-packages/airflow/example_dags/tutorial_taskflow_templates.py for tasks to queue
[2025-04-30T13:59:32.149+0100] {logging_mixin.py:190} INFO - [2025-04-30T13:59:32.149+0100] {dagbag.py:588} INFO - Filling up the DagBag from /Users/dineshsammeta/anaconda3/envs/python38/lib/python3.8/site-packages/airflow/example_dags/tutorial_taskflow_templates.py
[2025-04-30T13:59:32.210+0100] {processor.py:925} INFO - DAG(s) 'tutorial_taskflow_templates' retrieved from /Users/dineshsammeta/anaconda3/envs/python38/lib/python3.8/site-packages/airflow/example_dags/tutorial_taskflow_templates.py
[2025-04-30T13:59:32.268+0100] {logging_mixin.py:190} INFO - [2025-04-30T13:59:32.268+0100] {dag.py:3239} INFO - Sync 1 DAGs
[2025-04-30T13:59:32.279+0100] {logging_mixin.py:190} INFO - [2025-04-30T13:59:32.279+0100] {dag.py:4180} INFO - Setting next_dagrun for tutorial_taskflow_templates to 2025-04-29 00:00:00+00:00, run_after=2025-04-30 00:00:00+00:00
[2025-04-30T13:59:32.289+0100] {processor.py:208} INFO - Processing /Users/dineshsammeta/anaconda3/envs/python38/lib/python3.8/site-packages/airflow/example_dags/tutorial_taskflow_templates.py took 0.143 seconds
[2025-04-30T14:01:01.754+0100] {processor.py:186} INFO - Started process (PID=69049) to work on /Users/dineshsammeta/anaconda3/envs/python38/lib/python3.8/site-packages/airflow/example_dags/tutorial_taskflow_templates.py
[2025-04-30T14:01:01.755+0100] {processor.py:914} INFO - Processing file /Users/dineshsammeta/anaconda3/envs/python38/lib/python3.8/site-packages/airflow/example_dags/tutorial_taskflow_templates.py for tasks to queue
[2025-04-30T14:01:01.756+0100] {logging_mixin.py:190} INFO - [2025-04-30T14:01:01.756+0100] {dagbag.py:588} INFO - Filling up the DagBag from /Users/dineshsammeta/anaconda3/envs/python38/lib/python3.8/site-packages/airflow/example_dags/tutorial_taskflow_templates.py
[2025-04-30T14:01:01.817+0100] {processor.py:925} INFO - DAG(s) 'tutorial_taskflow_templates' retrieved from /Users/dineshsammeta/anaconda3/envs/python38/lib/python3.8/site-packages/airflow/example_dags/tutorial_taskflow_templates.py
[2025-04-30T14:01:01.878+0100] {logging_mixin.py:190} INFO - [2025-04-30T14:01:01.877+0100] {dag.py:3239} INFO - Sync 1 DAGs
[2025-04-30T14:01:01.889+0100] {logging_mixin.py:190} INFO - [2025-04-30T14:01:01.888+0100] {dag.py:4180} INFO - Setting next_dagrun for tutorial_taskflow_templates to 2025-04-29 00:00:00+00:00, run_after=2025-04-30 00:00:00+00:00
[2025-04-30T14:01:01.898+0100] {processor.py:208} INFO - Processing /Users/dineshsammeta/anaconda3/envs/python38/lib/python3.8/site-packages/airflow/example_dags/tutorial_taskflow_templates.py took 0.146 seconds
[2025-04-30T14:02:30.786+0100] {processor.py:186} INFO - Started process (PID=69215) to work on /Users/dineshsammeta/anaconda3/envs/python38/lib/python3.8/site-packages/airflow/example_dags/tutorial_taskflow_templates.py
[2025-04-30T14:02:30.787+0100] {processor.py:914} INFO - Processing file /Users/dineshsammeta/anaconda3/envs/python38/lib/python3.8/site-packages/airflow/example_dags/tutorial_taskflow_templates.py for tasks to queue
[2025-04-30T14:02:30.788+0100] {logging_mixin.py:190} INFO - [2025-04-30T14:02:30.788+0100] {dagbag.py:588} INFO - Filling up the DagBag from /Users/dineshsammeta/anaconda3/envs/python38/lib/python3.8/site-packages/airflow/example_dags/tutorial_taskflow_templates.py
[2025-04-30T14:02:30.848+0100] {processor.py:925} INFO - DAG(s) 'tutorial_taskflow_templates' retrieved from /Users/dineshsammeta/anaconda3/envs/python38/lib/python3.8/site-packages/airflow/example_dags/tutorial_taskflow_templates.py
[2025-04-30T14:02:30.909+0100] {logging_mixin.py:190} INFO - [2025-04-30T14:02:30.909+0100] {dag.py:3239} INFO - Sync 1 DAGs
[2025-04-30T14:02:30.920+0100] {logging_mixin.py:190} INFO - [2025-04-30T14:02:30.920+0100] {dag.py:4180} INFO - Setting next_dagrun for tutorial_taskflow_templates to 2025-04-29 00:00:00+00:00, run_after=2025-04-30 00:00:00+00:00
[2025-04-30T14:02:30.930+0100] {processor.py:208} INFO - Processing /Users/dineshsammeta/anaconda3/envs/python38/lib/python3.8/site-packages/airflow/example_dags/tutorial_taskflow_templates.py took 0.146 seconds
[2025-04-30T15:38:24.763+0100] {processor.py:186} INFO - Started process (PID=69449) to work on /Users/dineshsammeta/anaconda3/envs/python38/lib/python3.8/site-packages/airflow/example_dags/tutorial_taskflow_templates.py
[2025-04-30T15:38:24.764+0100] {processor.py:914} INFO - Processing file /Users/dineshsammeta/anaconda3/envs/python38/lib/python3.8/site-packages/airflow/example_dags/tutorial_taskflow_templates.py for tasks to queue
[2025-04-30T15:38:24.765+0100] {logging_mixin.py:190} INFO - [2025-04-30T15:38:24.764+0100] {dagbag.py:588} INFO - Filling up the DagBag from /Users/dineshsammeta/anaconda3/envs/python38/lib/python3.8/site-packages/airflow/example_dags/tutorial_taskflow_templates.py
[2025-04-30T15:38:24.822+0100] {processor.py:925} INFO - DAG(s) 'tutorial_taskflow_templates' retrieved from /Users/dineshsammeta/anaconda3/envs/python38/lib/python3.8/site-packages/airflow/example_dags/tutorial_taskflow_templates.py
[2025-04-30T15:38:24.880+0100] {logging_mixin.py:190} INFO - [2025-04-30T15:38:24.880+0100] {dag.py:3239} INFO - Sync 1 DAGs
[2025-04-30T15:38:24.892+0100] {logging_mixin.py:190} INFO - [2025-04-30T15:38:24.892+0100] {dag.py:4180} INFO - Setting next_dagrun for tutorial_taskflow_templates to 2025-04-29 00:00:00+00:00, run_after=2025-04-30 00:00:00+00:00
[2025-04-30T15:38:24.903+0100] {processor.py:208} INFO - Processing /Users/dineshsammeta/anaconda3/envs/python38/lib/python3.8/site-packages/airflow/example_dags/tutorial_taskflow_templates.py took 0.142 seconds
[2025-04-30T15:40:17.327+0100] {processor.py:186} INFO - Started process (PID=69668) to work on /Users/dineshsammeta/anaconda3/envs/python38/lib/python3.8/site-packages/airflow/example_dags/tutorial_taskflow_templates.py
[2025-04-30T15:40:17.329+0100] {processor.py:914} INFO - Processing file /Users/dineshsammeta/anaconda3/envs/python38/lib/python3.8/site-packages/airflow/example_dags/tutorial_taskflow_templates.py for tasks to queue
[2025-04-30T15:40:17.330+0100] {logging_mixin.py:190} INFO - [2025-04-30T15:40:17.329+0100] {dagbag.py:588} INFO - Filling up the DagBag from /Users/dineshsammeta/anaconda3/envs/python38/lib/python3.8/site-packages/airflow/example_dags/tutorial_taskflow_templates.py
[2025-04-30T15:40:17.389+0100] {processor.py:925} INFO - DAG(s) 'tutorial_taskflow_templates' retrieved from /Users/dineshsammeta/anaconda3/envs/python38/lib/python3.8/site-packages/airflow/example_dags/tutorial_taskflow_templates.py
[2025-04-30T15:40:17.446+0100] {logging_mixin.py:190} INFO - [2025-04-30T15:40:17.446+0100] {dag.py:3239} INFO - Sync 1 DAGs
[2025-04-30T15:40:17.458+0100] {logging_mixin.py:190} INFO - [2025-04-30T15:40:17.458+0100] {dag.py:4180} INFO - Setting next_dagrun for tutorial_taskflow_templates to 2025-04-29 00:00:00+00:00, run_after=2025-04-30 00:00:00+00:00
[2025-04-30T15:40:17.468+0100] {processor.py:208} INFO - Processing /Users/dineshsammeta/anaconda3/envs/python38/lib/python3.8/site-packages/airflow/example_dags/tutorial_taskflow_templates.py took 0.143 seconds
[2025-04-30T15:41:47.369+0100] {processor.py:186} INFO - Started process (PID=69827) to work on /Users/dineshsammeta/anaconda3/envs/python38/lib/python3.8/site-packages/airflow/example_dags/tutorial_taskflow_templates.py
[2025-04-30T15:41:47.370+0100] {processor.py:914} INFO - Processing file /Users/dineshsammeta/anaconda3/envs/python38/lib/python3.8/site-packages/airflow/example_dags/tutorial_taskflow_templates.py for tasks to queue
[2025-04-30T15:41:47.371+0100] {logging_mixin.py:190} INFO - [2025-04-30T15:41:47.370+0100] {dagbag.py:588} INFO - Filling up the DagBag from /Users/dineshsammeta/anaconda3/envs/python38/lib/python3.8/site-packages/airflow/example_dags/tutorial_taskflow_templates.py
[2025-04-30T15:41:47.431+0100] {processor.py:925} INFO - DAG(s) 'tutorial_taskflow_templates' retrieved from /Users/dineshsammeta/anaconda3/envs/python38/lib/python3.8/site-packages/airflow/example_dags/tutorial_taskflow_templates.py
[2025-04-30T15:41:47.491+0100] {logging_mixin.py:190} INFO - [2025-04-30T15:41:47.491+0100] {dag.py:3239} INFO - Sync 1 DAGs
[2025-04-30T15:41:47.502+0100] {logging_mixin.py:190} INFO - [2025-04-30T15:41:47.502+0100] {dag.py:4180} INFO - Setting next_dagrun for tutorial_taskflow_templates to 2025-04-29 00:00:00+00:00, run_after=2025-04-30 00:00:00+00:00
[2025-04-30T15:41:47.512+0100] {processor.py:208} INFO - Processing /Users/dineshsammeta/anaconda3/envs/python38/lib/python3.8/site-packages/airflow/example_dags/tutorial_taskflow_templates.py took 0.145 seconds
[2025-04-30T15:43:16.224+0100] {processor.py:186} INFO - Started process (PID=69977) to work on /Users/dineshsammeta/anaconda3/envs/python38/lib/python3.8/site-packages/airflow/example_dags/tutorial_taskflow_templates.py
[2025-04-30T15:43:16.225+0100] {processor.py:914} INFO - Processing file /Users/dineshsammeta/anaconda3/envs/python38/lib/python3.8/site-packages/airflow/example_dags/tutorial_taskflow_templates.py for tasks to queue
[2025-04-30T15:43:16.225+0100] {logging_mixin.py:190} INFO - [2025-04-30T15:43:16.225+0100] {dagbag.py:588} INFO - Filling up the DagBag from /Users/dineshsammeta/anaconda3/envs/python38/lib/python3.8/site-packages/airflow/example_dags/tutorial_taskflow_templates.py
[2025-04-30T15:43:16.288+0100] {processor.py:925} INFO - DAG(s) 'tutorial_taskflow_templates' retrieved from /Users/dineshsammeta/anaconda3/envs/python38/lib/python3.8/site-packages/airflow/example_dags/tutorial_taskflow_templates.py
[2025-04-30T15:43:16.349+0100] {logging_mixin.py:190} INFO - [2025-04-30T15:43:16.349+0100] {dag.py:3239} INFO - Sync 1 DAGs
[2025-04-30T15:43:16.361+0100] {logging_mixin.py:190} INFO - [2025-04-30T15:43:16.361+0100] {dag.py:4180} INFO - Setting next_dagrun for tutorial_taskflow_templates to 2025-04-29 00:00:00+00:00, run_after=2025-04-30 00:00:00+00:00
[2025-04-30T15:43:16.372+0100] {processor.py:208} INFO - Processing /Users/dineshsammeta/anaconda3/envs/python38/lib/python3.8/site-packages/airflow/example_dags/tutorial_taskflow_templates.py took 0.150 seconds
[2025-04-30T15:44:54.953+0100] {processor.py:186} INFO - Started process (PID=70139) to work on /Users/dineshsammeta/anaconda3/envs/python38/lib/python3.8/site-packages/airflow/example_dags/tutorial_taskflow_templates.py
[2025-04-30T15:44:54.954+0100] {processor.py:914} INFO - Processing file /Users/dineshsammeta/anaconda3/envs/python38/lib/python3.8/site-packages/airflow/example_dags/tutorial_taskflow_templates.py for tasks to queue
[2025-04-30T15:44:54.955+0100] {logging_mixin.py:190} INFO - [2025-04-30T15:44:54.955+0100] {dagbag.py:588} INFO - Filling up the DagBag from /Users/dineshsammeta/anaconda3/envs/python38/lib/python3.8/site-packages/airflow/example_dags/tutorial_taskflow_templates.py
[2025-04-30T15:44:55.016+0100] {processor.py:925} INFO - DAG(s) 'tutorial_taskflow_templates' retrieved from /Users/dineshsammeta/anaconda3/envs/python38/lib/python3.8/site-packages/airflow/example_dags/tutorial_taskflow_templates.py
[2025-04-30T15:44:55.076+0100] {logging_mixin.py:190} INFO - [2025-04-30T15:44:55.076+0100] {dag.py:3239} INFO - Sync 1 DAGs
[2025-04-30T15:44:55.087+0100] {logging_mixin.py:190} INFO - [2025-04-30T15:44:55.087+0100] {dag.py:4180} INFO - Setting next_dagrun for tutorial_taskflow_templates to 2025-04-29 00:00:00+00:00, run_after=2025-04-30 00:00:00+00:00
[2025-04-30T15:44:55.098+0100] {processor.py:208} INFO - Processing /Users/dineshsammeta/anaconda3/envs/python38/lib/python3.8/site-packages/airflow/example_dags/tutorial_taskflow_templates.py took 0.146 seconds
[2025-04-30T15:46:33.638+0100] {processor.py:186} INFO - Started process (PID=70311) to work on /Users/dineshsammeta/anaconda3/envs/python38/lib/python3.8/site-packages/airflow/example_dags/tutorial_taskflow_templates.py
[2025-04-30T15:46:33.639+0100] {processor.py:914} INFO - Processing file /Users/dineshsammeta/anaconda3/envs/python38/lib/python3.8/site-packages/airflow/example_dags/tutorial_taskflow_templates.py for tasks to queue
[2025-04-30T15:46:33.640+0100] {logging_mixin.py:190} INFO - [2025-04-30T15:46:33.639+0100] {dagbag.py:588} INFO - Filling up the DagBag from /Users/dineshsammeta/anaconda3/envs/python38/lib/python3.8/site-packages/airflow/example_dags/tutorial_taskflow_templates.py
[2025-04-30T15:46:33.701+0100] {processor.py:925} INFO - DAG(s) 'tutorial_taskflow_templates' retrieved from /Users/dineshsammeta/anaconda3/envs/python38/lib/python3.8/site-packages/airflow/example_dags/tutorial_taskflow_templates.py
[2025-04-30T15:46:33.761+0100] {logging_mixin.py:190} INFO - [2025-04-30T15:46:33.761+0100] {dag.py:3239} INFO - Sync 1 DAGs
[2025-04-30T15:46:33.772+0100] {logging_mixin.py:190} INFO - [2025-04-30T15:46:33.772+0100] {dag.py:4180} INFO - Setting next_dagrun for tutorial_taskflow_templates to 2025-04-29 00:00:00+00:00, run_after=2025-04-30 00:00:00+00:00
[2025-04-30T15:46:33.782+0100] {processor.py:208} INFO - Processing /Users/dineshsammeta/anaconda3/envs/python38/lib/python3.8/site-packages/airflow/example_dags/tutorial_taskflow_templates.py took 0.146 seconds
