[2025-04-30T13:39:10.864+0100] {processor.py:186} INFO - Started process (PID=66519) to work on /Users/dineshsammeta/anaconda3/envs/python38/lib/python3.8/site-packages/airflow/example_dags/tutorial_taskflow_api.py
[2025-04-30T13:39:10.865+0100] {processor.py:914} INFO - Processing file /Users/dineshsammeta/anaconda3/envs/python38/lib/python3.8/site-packages/airflow/example_dags/tutorial_taskflow_api.py for tasks to queue
[2025-04-30T13:39:10.866+0100] {logging_mixin.py:190} INFO - [2025-04-30T13:39:10.866+0100] {dagbag.py:588} INFO - Filling up the DagBag from /Users/dineshsammeta/anaconda3/envs/python38/lib/python3.8/site-packages/airflow/example_dags/tutorial_taskflow_api.py
[2025-04-30T13:39:10.920+0100] {processor.py:925} INFO - DAG(s) 'tutorial_taskflow_api' retrieved from /Users/dineshsammeta/anaconda3/envs/python38/lib/python3.8/site-packages/airflow/example_dags/tutorial_taskflow_api.py
[2025-04-30T13:39:10.979+0100] {logging_mixin.py:190} INFO - [2025-04-30T13:39:10.979+0100] {dag.py:3239} INFO - Sync 1 DAGs
[2025-04-30T13:39:10.986+0100] {logging_mixin.py:190} INFO - [2025-04-30T13:39:10.985+0100] {dag.py:4180} INFO - Setting next_dagrun for tutorial_taskflow_api to None, run_after=None
[2025-04-30T13:39:10.998+0100] {processor.py:208} INFO - Processing /Users/dineshsammeta/anaconda3/envs/python38/lib/python3.8/site-packages/airflow/example_dags/tutorial_taskflow_api.py took 0.137 seconds
[2025-04-30T13:41:16.307+0100] {processor.py:186} INFO - Started process (PID=66832) to work on /Users/dineshsammeta/anaconda3/envs/python38/lib/python3.8/site-packages/airflow/example_dags/tutorial_taskflow_api.py
[2025-04-30T13:41:16.309+0100] {processor.py:914} INFO - Processing file /Users/dineshsammeta/anaconda3/envs/python38/lib/python3.8/site-packages/airflow/example_dags/tutorial_taskflow_api.py for tasks to queue
[2025-04-30T13:41:16.309+0100] {logging_mixin.py:190} INFO - [2025-04-30T13:41:16.309+0100] {dagbag.py:588} INFO - Filling up the DagBag from /Users/dineshsammeta/anaconda3/envs/python38/lib/python3.8/site-packages/airflow/example_dags/tutorial_taskflow_api.py
[2025-04-30T13:41:16.359+0100] {processor.py:925} INFO - DAG(s) 'tutorial_taskflow_api' retrieved from /Users/dineshsammeta/anaconda3/envs/python38/lib/python3.8/site-packages/airflow/example_dags/tutorial_taskflow_api.py
[2025-04-30T13:41:16.416+0100] {logging_mixin.py:190} INFO - [2025-04-30T13:41:16.415+0100] {dag.py:3239} INFO - Sync 1 DAGs
[2025-04-30T13:41:16.422+0100] {logging_mixin.py:190} INFO - [2025-04-30T13:41:16.422+0100] {dag.py:4180} INFO - Setting next_dagrun for tutorial_taskflow_api to None, run_after=None
[2025-04-30T13:41:16.433+0100] {processor.py:208} INFO - Processing /Users/dineshsammeta/anaconda3/envs/python38/lib/python3.8/site-packages/airflow/example_dags/tutorial_taskflow_api.py took 0.128 seconds
[2025-04-30T13:42:45.063+0100] {processor.py:186} INFO - Started process (PID=67008) to work on /Users/dineshsammeta/anaconda3/envs/python38/lib/python3.8/site-packages/airflow/example_dags/tutorial_taskflow_api.py
[2025-04-30T13:42:45.063+0100] {processor.py:914} INFO - Processing file /Users/dineshsammeta/anaconda3/envs/python38/lib/python3.8/site-packages/airflow/example_dags/tutorial_taskflow_api.py for tasks to queue
[2025-04-30T13:42:45.064+0100] {logging_mixin.py:190} INFO - [2025-04-30T13:42:45.064+0100] {dagbag.py:588} INFO - Filling up the DagBag from /Users/dineshsammeta/anaconda3/envs/python38/lib/python3.8/site-packages/airflow/example_dags/tutorial_taskflow_api.py
[2025-04-30T13:42:45.119+0100] {processor.py:925} INFO - DAG(s) 'tutorial_taskflow_api' retrieved from /Users/dineshsammeta/anaconda3/envs/python38/lib/python3.8/site-packages/airflow/example_dags/tutorial_taskflow_api.py
[2025-04-30T13:42:45.176+0100] {logging_mixin.py:190} INFO - [2025-04-30T13:42:45.176+0100] {dag.py:3239} INFO - Sync 1 DAGs
[2025-04-30T13:42:45.182+0100] {logging_mixin.py:190} INFO - [2025-04-30T13:42:45.182+0100] {dag.py:4180} INFO - Setting next_dagrun for tutorial_taskflow_api to None, run_after=None
[2025-04-30T13:42:45.193+0100] {processor.py:208} INFO - Processing /Users/dineshsammeta/anaconda3/envs/python38/lib/python3.8/site-packages/airflow/example_dags/tutorial_taskflow_api.py took 0.132 seconds
[2025-04-30T13:44:13.407+0100] {processor.py:186} INFO - Started process (PID=67171) to work on /Users/dineshsammeta/anaconda3/envs/python38/lib/python3.8/site-packages/airflow/example_dags/tutorial_taskflow_api.py
[2025-04-30T13:44:13.409+0100] {processor.py:914} INFO - Processing file /Users/dineshsammeta/anaconda3/envs/python38/lib/python3.8/site-packages/airflow/example_dags/tutorial_taskflow_api.py for tasks to queue
[2025-04-30T13:44:13.409+0100] {logging_mixin.py:190} INFO - [2025-04-30T13:44:13.409+0100] {dagbag.py:588} INFO - Filling up the DagBag from /Users/dineshsammeta/anaconda3/envs/python38/lib/python3.8/site-packages/airflow/example_dags/tutorial_taskflow_api.py
[2025-04-30T13:44:13.460+0100] {processor.py:925} INFO - DAG(s) 'tutorial_taskflow_api' retrieved from /Users/dineshsammeta/anaconda3/envs/python38/lib/python3.8/site-packages/airflow/example_dags/tutorial_taskflow_api.py
[2025-04-30T13:44:13.518+0100] {logging_mixin.py:190} INFO - [2025-04-30T13:44:13.517+0100] {dag.py:3239} INFO - Sync 1 DAGs
[2025-04-30T13:44:13.523+0100] {logging_mixin.py:190} INFO - [2025-04-30T13:44:13.523+0100] {dag.py:4180} INFO - Setting next_dagrun for tutorial_taskflow_api to None, run_after=None
[2025-04-30T13:44:13.534+0100] {processor.py:208} INFO - Processing /Users/dineshsammeta/anaconda3/envs/python38/lib/python3.8/site-packages/airflow/example_dags/tutorial_taskflow_api.py took 0.129 seconds
[2025-04-30T13:45:42.967+0100] {processor.py:186} INFO - Started process (PID=67343) to work on /Users/dineshsammeta/anaconda3/envs/python38/lib/python3.8/site-packages/airflow/example_dags/tutorial_taskflow_api.py
[2025-04-30T13:45:42.968+0100] {processor.py:914} INFO - Processing file /Users/dineshsammeta/anaconda3/envs/python38/lib/python3.8/site-packages/airflow/example_dags/tutorial_taskflow_api.py for tasks to queue
[2025-04-30T13:45:42.969+0100] {logging_mixin.py:190} INFO - [2025-04-30T13:45:42.969+0100] {dagbag.py:588} INFO - Filling up the DagBag from /Users/dineshsammeta/anaconda3/envs/python38/lib/python3.8/site-packages/airflow/example_dags/tutorial_taskflow_api.py
[2025-04-30T13:45:43.019+0100] {processor.py:925} INFO - DAG(s) 'tutorial_taskflow_api' retrieved from /Users/dineshsammeta/anaconda3/envs/python38/lib/python3.8/site-packages/airflow/example_dags/tutorial_taskflow_api.py
[2025-04-30T13:45:43.078+0100] {logging_mixin.py:190} INFO - [2025-04-30T13:45:43.077+0100] {dag.py:3239} INFO - Sync 1 DAGs
[2025-04-30T13:45:43.083+0100] {logging_mixin.py:190} INFO - [2025-04-30T13:45:43.083+0100] {dag.py:4180} INFO - Setting next_dagrun for tutorial_taskflow_api to None, run_after=None
[2025-04-30T13:45:43.095+0100] {processor.py:208} INFO - Processing /Users/dineshsammeta/anaconda3/envs/python38/lib/python3.8/site-packages/airflow/example_dags/tutorial_taskflow_api.py took 0.130 seconds
[2025-04-30T13:47:12.407+0100] {processor.py:186} INFO - Started process (PID=67531) to work on /Users/dineshsammeta/anaconda3/envs/python38/lib/python3.8/site-packages/airflow/example_dags/tutorial_taskflow_api.py
[2025-04-30T13:47:12.408+0100] {processor.py:914} INFO - Processing file /Users/dineshsammeta/anaconda3/envs/python38/lib/python3.8/site-packages/airflow/example_dags/tutorial_taskflow_api.py for tasks to queue
[2025-04-30T13:47:12.460+0100] {logging_mixin.py:190} INFO - [2025-04-30T13:47:12.460+0100] {dagbag.py:588} INFO - Filling up the DagBag from /Users/dineshsammeta/anaconda3/envs/python38/lib/python3.8/site-packages/airflow/example_dags/tutorial_taskflow_api.py
[2025-04-30T13:47:12.527+0100] {processor.py:925} INFO - DAG(s) 'tutorial_taskflow_api' retrieved from /Users/dineshsammeta/anaconda3/envs/python38/lib/python3.8/site-packages/airflow/example_dags/tutorial_taskflow_api.py
[2025-04-30T13:47:12.586+0100] {logging_mixin.py:190} INFO - [2025-04-30T13:47:12.586+0100] {dag.py:3239} INFO - Sync 1 DAGs
[2025-04-30T13:47:12.592+0100] {logging_mixin.py:190} INFO - [2025-04-30T13:47:12.592+0100] {dag.py:4180} INFO - Setting next_dagrun for tutorial_taskflow_api to None, run_after=None
[2025-04-30T13:47:12.603+0100] {processor.py:208} INFO - Processing /Users/dineshsammeta/anaconda3/envs/python38/lib/python3.8/site-packages/airflow/example_dags/tutorial_taskflow_api.py took 0.198 seconds
[2025-04-30T13:48:42.862+0100] {processor.py:186} INFO - Started process (PID=67707) to work on /Users/dineshsammeta/anaconda3/envs/python38/lib/python3.8/site-packages/airflow/example_dags/tutorial_taskflow_api.py
[2025-04-30T13:48:42.863+0100] {processor.py:914} INFO - Processing file /Users/dineshsammeta/anaconda3/envs/python38/lib/python3.8/site-packages/airflow/example_dags/tutorial_taskflow_api.py for tasks to queue
[2025-04-30T13:48:42.864+0100] {logging_mixin.py:190} INFO - [2025-04-30T13:48:42.864+0100] {dagbag.py:588} INFO - Filling up the DagBag from /Users/dineshsammeta/anaconda3/envs/python38/lib/python3.8/site-packages/airflow/example_dags/tutorial_taskflow_api.py
[2025-04-30T13:48:42.916+0100] {processor.py:925} INFO - DAG(s) 'tutorial_taskflow_api' retrieved from /Users/dineshsammeta/anaconda3/envs/python38/lib/python3.8/site-packages/airflow/example_dags/tutorial_taskflow_api.py
[2025-04-30T13:48:42.974+0100] {logging_mixin.py:190} INFO - [2025-04-30T13:48:42.974+0100] {dag.py:3239} INFO - Sync 1 DAGs
[2025-04-30T13:48:42.980+0100] {logging_mixin.py:190} INFO - [2025-04-30T13:48:42.980+0100] {dag.py:4180} INFO - Setting next_dagrun for tutorial_taskflow_api to None, run_after=None
[2025-04-30T13:48:42.991+0100] {processor.py:208} INFO - Processing /Users/dineshsammeta/anaconda3/envs/python38/lib/python3.8/site-packages/airflow/example_dags/tutorial_taskflow_api.py took 0.130 seconds
[2025-04-30T13:50:18.049+0100] {processor.py:186} INFO - Started process (PID=67873) to work on /Users/dineshsammeta/anaconda3/envs/python38/lib/python3.8/site-packages/airflow/example_dags/tutorial_taskflow_api.py
[2025-04-30T13:50:18.050+0100] {processor.py:914} INFO - Processing file /Users/dineshsammeta/anaconda3/envs/python38/lib/python3.8/site-packages/airflow/example_dags/tutorial_taskflow_api.py for tasks to queue
[2025-04-30T13:50:18.051+0100] {logging_mixin.py:190} INFO - [2025-04-30T13:50:18.051+0100] {dagbag.py:588} INFO - Filling up the DagBag from /Users/dineshsammeta/anaconda3/envs/python38/lib/python3.8/site-packages/airflow/example_dags/tutorial_taskflow_api.py
[2025-04-30T13:50:18.130+0100] {processor.py:925} INFO - DAG(s) 'tutorial_taskflow_api' retrieved from /Users/dineshsammeta/anaconda3/envs/python38/lib/python3.8/site-packages/airflow/example_dags/tutorial_taskflow_api.py
[2025-04-30T13:50:18.236+0100] {logging_mixin.py:190} INFO - [2025-04-30T13:50:18.236+0100] {dag.py:3239} INFO - Sync 1 DAGs
[2025-04-30T13:50:18.248+0100] {logging_mixin.py:190} INFO - [2025-04-30T13:50:18.247+0100] {dag.py:4180} INFO - Setting next_dagrun for tutorial_taskflow_api to None, run_after=None
[2025-04-30T13:50:18.284+0100] {processor.py:208} INFO - Processing /Users/dineshsammeta/anaconda3/envs/python38/lib/python3.8/site-packages/airflow/example_dags/tutorial_taskflow_api.py took 0.239 seconds
[2025-04-30T13:51:49.547+0100] {processor.py:186} INFO - Started process (PID=68036) to work on /Users/dineshsammeta/anaconda3/envs/python38/lib/python3.8/site-packages/airflow/example_dags/tutorial_taskflow_api.py
[2025-04-30T13:51:49.548+0100] {processor.py:914} INFO - Processing file /Users/dineshsammeta/anaconda3/envs/python38/lib/python3.8/site-packages/airflow/example_dags/tutorial_taskflow_api.py for tasks to queue
[2025-04-30T13:51:49.548+0100] {logging_mixin.py:190} INFO - [2025-04-30T13:51:49.548+0100] {dagbag.py:588} INFO - Filling up the DagBag from /Users/dineshsammeta/anaconda3/envs/python38/lib/python3.8/site-packages/airflow/example_dags/tutorial_taskflow_api.py
[2025-04-30T13:51:49.599+0100] {processor.py:925} INFO - DAG(s) 'tutorial_taskflow_api' retrieved from /Users/dineshsammeta/anaconda3/envs/python38/lib/python3.8/site-packages/airflow/example_dags/tutorial_taskflow_api.py
[2025-04-30T13:51:49.656+0100] {logging_mixin.py:190} INFO - [2025-04-30T13:51:49.656+0100] {dag.py:3239} INFO - Sync 1 DAGs
[2025-04-30T13:51:49.662+0100] {logging_mixin.py:190} INFO - [2025-04-30T13:51:49.662+0100] {dag.py:4180} INFO - Setting next_dagrun for tutorial_taskflow_api to None, run_after=None
[2025-04-30T13:51:49.673+0100] {processor.py:208} INFO - Processing /Users/dineshsammeta/anaconda3/envs/python38/lib/python3.8/site-packages/airflow/example_dags/tutorial_taskflow_api.py took 0.128 seconds
[2025-04-30T13:53:28.006+0100] {processor.py:186} INFO - Started process (PID=68226) to work on /Users/dineshsammeta/anaconda3/envs/python38/lib/python3.8/site-packages/airflow/example_dags/tutorial_taskflow_api.py
[2025-04-30T13:53:28.007+0100] {processor.py:914} INFO - Processing file /Users/dineshsammeta/anaconda3/envs/python38/lib/python3.8/site-packages/airflow/example_dags/tutorial_taskflow_api.py for tasks to queue
[2025-04-30T13:53:28.008+0100] {logging_mixin.py:190} INFO - [2025-04-30T13:53:28.008+0100] {dagbag.py:588} INFO - Filling up the DagBag from /Users/dineshsammeta/anaconda3/envs/python38/lib/python3.8/site-packages/airflow/example_dags/tutorial_taskflow_api.py
[2025-04-30T13:53:28.059+0100] {processor.py:925} INFO - DAG(s) 'tutorial_taskflow_api' retrieved from /Users/dineshsammeta/anaconda3/envs/python38/lib/python3.8/site-packages/airflow/example_dags/tutorial_taskflow_api.py
[2025-04-30T13:53:28.116+0100] {logging_mixin.py:190} INFO - [2025-04-30T13:53:28.115+0100] {dag.py:3239} INFO - Sync 1 DAGs
[2025-04-30T13:53:28.121+0100] {logging_mixin.py:190} INFO - [2025-04-30T13:53:28.121+0100] {dag.py:4180} INFO - Setting next_dagrun for tutorial_taskflow_api to None, run_after=None
[2025-04-30T13:53:28.132+0100] {processor.py:208} INFO - Processing /Users/dineshsammeta/anaconda3/envs/python38/lib/python3.8/site-packages/airflow/example_dags/tutorial_taskflow_api.py took 0.128 seconds
[2025-04-30T13:55:05.854+0100] {processor.py:186} INFO - Started process (PID=68418) to work on /Users/dineshsammeta/anaconda3/envs/python38/lib/python3.8/site-packages/airflow/example_dags/tutorial_taskflow_api.py
[2025-04-30T13:55:05.855+0100] {processor.py:914} INFO - Processing file /Users/dineshsammeta/anaconda3/envs/python38/lib/python3.8/site-packages/airflow/example_dags/tutorial_taskflow_api.py for tasks to queue
[2025-04-30T13:55:05.856+0100] {logging_mixin.py:190} INFO - [2025-04-30T13:55:05.856+0100] {dagbag.py:588} INFO - Filling up the DagBag from /Users/dineshsammeta/anaconda3/envs/python38/lib/python3.8/site-packages/airflow/example_dags/tutorial_taskflow_api.py
[2025-04-30T13:55:05.906+0100] {processor.py:925} INFO - DAG(s) 'tutorial_taskflow_api' retrieved from /Users/dineshsammeta/anaconda3/envs/python38/lib/python3.8/site-packages/airflow/example_dags/tutorial_taskflow_api.py
[2025-04-30T13:55:05.965+0100] {logging_mixin.py:190} INFO - [2025-04-30T13:55:05.964+0100] {dag.py:3239} INFO - Sync 1 DAGs
[2025-04-30T13:55:05.970+0100] {logging_mixin.py:190} INFO - [2025-04-30T13:55:05.970+0100] {dag.py:4180} INFO - Setting next_dagrun for tutorial_taskflow_api to None, run_after=None
[2025-04-30T13:55:05.981+0100] {processor.py:208} INFO - Processing /Users/dineshsammeta/anaconda3/envs/python38/lib/python3.8/site-packages/airflow/example_dags/tutorial_taskflow_api.py took 0.129 seconds
[2025-04-30T13:56:36.865+0100] {processor.py:186} INFO - Started process (PID=68573) to work on /Users/dineshsammeta/anaconda3/envs/python38/lib/python3.8/site-packages/airflow/example_dags/tutorial_taskflow_api.py
[2025-04-30T13:56:36.866+0100] {processor.py:914} INFO - Processing file /Users/dineshsammeta/anaconda3/envs/python38/lib/python3.8/site-packages/airflow/example_dags/tutorial_taskflow_api.py for tasks to queue
[2025-04-30T13:56:36.867+0100] {logging_mixin.py:190} INFO - [2025-04-30T13:56:36.866+0100] {dagbag.py:588} INFO - Filling up the DagBag from /Users/dineshsammeta/anaconda3/envs/python38/lib/python3.8/site-packages/airflow/example_dags/tutorial_taskflow_api.py
[2025-04-30T13:56:36.920+0100] {processor.py:925} INFO - DAG(s) 'tutorial_taskflow_api' retrieved from /Users/dineshsammeta/anaconda3/envs/python38/lib/python3.8/site-packages/airflow/example_dags/tutorial_taskflow_api.py
[2025-04-30T13:56:36.981+0100] {logging_mixin.py:190} INFO - [2025-04-30T13:56:36.980+0100] {dag.py:3239} INFO - Sync 1 DAGs
[2025-04-30T13:56:36.987+0100] {logging_mixin.py:190} INFO - [2025-04-30T13:56:36.987+0100] {dag.py:4180} INFO - Setting next_dagrun for tutorial_taskflow_api to None, run_after=None
[2025-04-30T13:56:36.999+0100] {processor.py:208} INFO - Processing /Users/dineshsammeta/anaconda3/envs/python38/lib/python3.8/site-packages/airflow/example_dags/tutorial_taskflow_api.py took 0.136 seconds
[2025-04-30T13:58:07.464+0100] {processor.py:186} INFO - Started process (PID=68732) to work on /Users/dineshsammeta/anaconda3/envs/python38/lib/python3.8/site-packages/airflow/example_dags/tutorial_taskflow_api.py
[2025-04-30T13:58:07.465+0100] {processor.py:914} INFO - Processing file /Users/dineshsammeta/anaconda3/envs/python38/lib/python3.8/site-packages/airflow/example_dags/tutorial_taskflow_api.py for tasks to queue
[2025-04-30T13:58:07.466+0100] {logging_mixin.py:190} INFO - [2025-04-30T13:58:07.466+0100] {dagbag.py:588} INFO - Filling up the DagBag from /Users/dineshsammeta/anaconda3/envs/python38/lib/python3.8/site-packages/airflow/example_dags/tutorial_taskflow_api.py
[2025-04-30T13:58:07.516+0100] {processor.py:925} INFO - DAG(s) 'tutorial_taskflow_api' retrieved from /Users/dineshsammeta/anaconda3/envs/python38/lib/python3.8/site-packages/airflow/example_dags/tutorial_taskflow_api.py
[2025-04-30T13:58:07.574+0100] {logging_mixin.py:190} INFO - [2025-04-30T13:58:07.573+0100] {dag.py:3239} INFO - Sync 1 DAGs
[2025-04-30T13:58:07.580+0100] {logging_mixin.py:190} INFO - [2025-04-30T13:58:07.579+0100] {dag.py:4180} INFO - Setting next_dagrun for tutorial_taskflow_api to None, run_after=None
[2025-04-30T13:58:07.592+0100] {processor.py:208} INFO - Processing /Users/dineshsammeta/anaconda3/envs/python38/lib/python3.8/site-packages/airflow/example_dags/tutorial_taskflow_api.py took 0.130 seconds
[2025-04-30T13:59:35.909+0100] {processor.py:186} INFO - Started process (PID=68895) to work on /Users/dineshsammeta/anaconda3/envs/python38/lib/python3.8/site-packages/airflow/example_dags/tutorial_taskflow_api.py
[2025-04-30T13:59:35.911+0100] {processor.py:914} INFO - Processing file /Users/dineshsammeta/anaconda3/envs/python38/lib/python3.8/site-packages/airflow/example_dags/tutorial_taskflow_api.py for tasks to queue
[2025-04-30T13:59:35.911+0100] {logging_mixin.py:190} INFO - [2025-04-30T13:59:35.911+0100] {dagbag.py:588} INFO - Filling up the DagBag from /Users/dineshsammeta/anaconda3/envs/python38/lib/python3.8/site-packages/airflow/example_dags/tutorial_taskflow_api.py
[2025-04-30T13:59:35.961+0100] {processor.py:925} INFO - DAG(s) 'tutorial_taskflow_api' retrieved from /Users/dineshsammeta/anaconda3/envs/python38/lib/python3.8/site-packages/airflow/example_dags/tutorial_taskflow_api.py
[2025-04-30T13:59:36.020+0100] {logging_mixin.py:190} INFO - [2025-04-30T13:59:36.019+0100] {dag.py:3239} INFO - Sync 1 DAGs
[2025-04-30T13:59:36.026+0100] {logging_mixin.py:190} INFO - [2025-04-30T13:59:36.025+0100] {dag.py:4180} INFO - Setting next_dagrun for tutorial_taskflow_api to None, run_after=None
[2025-04-30T13:59:36.037+0100] {processor.py:208} INFO - Processing /Users/dineshsammeta/anaconda3/envs/python38/lib/python3.8/site-packages/airflow/example_dags/tutorial_taskflow_api.py took 0.129 seconds
[2025-04-30T14:01:04.820+0100] {processor.py:186} INFO - Started process (PID=69055) to work on /Users/dineshsammeta/anaconda3/envs/python38/lib/python3.8/site-packages/airflow/example_dags/tutorial_taskflow_api.py
[2025-04-30T14:01:04.822+0100] {processor.py:914} INFO - Processing file /Users/dineshsammeta/anaconda3/envs/python38/lib/python3.8/site-packages/airflow/example_dags/tutorial_taskflow_api.py for tasks to queue
[2025-04-30T14:01:04.822+0100] {logging_mixin.py:190} INFO - [2025-04-30T14:01:04.822+0100] {dagbag.py:588} INFO - Filling up the DagBag from /Users/dineshsammeta/anaconda3/envs/python38/lib/python3.8/site-packages/airflow/example_dags/tutorial_taskflow_api.py
[2025-04-30T14:01:04.874+0100] {processor.py:925} INFO - DAG(s) 'tutorial_taskflow_api' retrieved from /Users/dineshsammeta/anaconda3/envs/python38/lib/python3.8/site-packages/airflow/example_dags/tutorial_taskflow_api.py
[2025-04-30T14:01:04.934+0100] {logging_mixin.py:190} INFO - [2025-04-30T14:01:04.933+0100] {dag.py:3239} INFO - Sync 1 DAGs
[2025-04-30T14:01:04.939+0100] {logging_mixin.py:190} INFO - [2025-04-30T14:01:04.939+0100] {dag.py:4180} INFO - Setting next_dagrun for tutorial_taskflow_api to None, run_after=None
[2025-04-30T14:01:04.951+0100] {processor.py:208} INFO - Processing /Users/dineshsammeta/anaconda3/envs/python38/lib/python3.8/site-packages/airflow/example_dags/tutorial_taskflow_api.py took 0.133 seconds
[2025-04-30T14:02:35.532+0100] {processor.py:186} INFO - Started process (PID=69223) to work on /Users/dineshsammeta/anaconda3/envs/python38/lib/python3.8/site-packages/airflow/example_dags/tutorial_taskflow_api.py
[2025-04-30T14:02:35.532+0100] {processor.py:914} INFO - Processing file /Users/dineshsammeta/anaconda3/envs/python38/lib/python3.8/site-packages/airflow/example_dags/tutorial_taskflow_api.py for tasks to queue
[2025-04-30T14:02:35.533+0100] {logging_mixin.py:190} INFO - [2025-04-30T14:02:35.533+0100] {dagbag.py:588} INFO - Filling up the DagBag from /Users/dineshsammeta/anaconda3/envs/python38/lib/python3.8/site-packages/airflow/example_dags/tutorial_taskflow_api.py
[2025-04-30T14:02:35.583+0100] {processor.py:925} INFO - DAG(s) 'tutorial_taskflow_api' retrieved from /Users/dineshsammeta/anaconda3/envs/python38/lib/python3.8/site-packages/airflow/example_dags/tutorial_taskflow_api.py
[2025-04-30T14:02:35.641+0100] {logging_mixin.py:190} INFO - [2025-04-30T14:02:35.641+0100] {dag.py:3239} INFO - Sync 1 DAGs
[2025-04-30T14:02:35.647+0100] {logging_mixin.py:190} INFO - [2025-04-30T14:02:35.647+0100] {dag.py:4180} INFO - Setting next_dagrun for tutorial_taskflow_api to None, run_after=None
[2025-04-30T14:02:35.658+0100] {processor.py:208} INFO - Processing /Users/dineshsammeta/anaconda3/envs/python38/lib/python3.8/site-packages/airflow/example_dags/tutorial_taskflow_api.py took 0.129 seconds
[2025-04-30T15:38:29.493+0100] {processor.py:186} INFO - Started process (PID=69455) to work on /Users/dineshsammeta/anaconda3/envs/python38/lib/python3.8/site-packages/airflow/example_dags/tutorial_taskflow_api.py
[2025-04-30T15:38:29.495+0100] {processor.py:914} INFO - Processing file /Users/dineshsammeta/anaconda3/envs/python38/lib/python3.8/site-packages/airflow/example_dags/tutorial_taskflow_api.py for tasks to queue
[2025-04-30T15:38:29.495+0100] {logging_mixin.py:190} INFO - [2025-04-30T15:38:29.495+0100] {dagbag.py:588} INFO - Filling up the DagBag from /Users/dineshsammeta/anaconda3/envs/python38/lib/python3.8/site-packages/airflow/example_dags/tutorial_taskflow_api.py
[2025-04-30T15:38:29.548+0100] {processor.py:925} INFO - DAG(s) 'tutorial_taskflow_api' retrieved from /Users/dineshsammeta/anaconda3/envs/python38/lib/python3.8/site-packages/airflow/example_dags/tutorial_taskflow_api.py
[2025-04-30T15:38:29.607+0100] {logging_mixin.py:190} INFO - [2025-04-30T15:38:29.606+0100] {dag.py:3239} INFO - Sync 1 DAGs
[2025-04-30T15:38:29.613+0100] {logging_mixin.py:190} INFO - [2025-04-30T15:38:29.613+0100] {dag.py:4180} INFO - Setting next_dagrun for tutorial_taskflow_api to None, run_after=None
[2025-04-30T15:38:29.625+0100] {processor.py:208} INFO - Processing /Users/dineshsammeta/anaconda3/envs/python38/lib/python3.8/site-packages/airflow/example_dags/tutorial_taskflow_api.py took 0.134 seconds
[2025-04-30T15:40:21.962+0100] {processor.py:186} INFO - Started process (PID=69674) to work on /Users/dineshsammeta/anaconda3/envs/python38/lib/python3.8/site-packages/airflow/example_dags/tutorial_taskflow_api.py
[2025-04-30T15:40:21.963+0100] {processor.py:914} INFO - Processing file /Users/dineshsammeta/anaconda3/envs/python38/lib/python3.8/site-packages/airflow/example_dags/tutorial_taskflow_api.py for tasks to queue
[2025-04-30T15:40:21.963+0100] {logging_mixin.py:190} INFO - [2025-04-30T15:40:21.963+0100] {dagbag.py:588} INFO - Filling up the DagBag from /Users/dineshsammeta/anaconda3/envs/python38/lib/python3.8/site-packages/airflow/example_dags/tutorial_taskflow_api.py
[2025-04-30T15:40:22.014+0100] {processor.py:925} INFO - DAG(s) 'tutorial_taskflow_api' retrieved from /Users/dineshsammeta/anaconda3/envs/python38/lib/python3.8/site-packages/airflow/example_dags/tutorial_taskflow_api.py
[2025-04-30T15:40:22.074+0100] {logging_mixin.py:190} INFO - [2025-04-30T15:40:22.074+0100] {dag.py:3239} INFO - Sync 1 DAGs
[2025-04-30T15:40:22.080+0100] {logging_mixin.py:190} INFO - [2025-04-30T15:40:22.080+0100] {dag.py:4180} INFO - Setting next_dagrun for tutorial_taskflow_api to None, run_after=None
[2025-04-30T15:40:22.090+0100] {processor.py:208} INFO - Processing /Users/dineshsammeta/anaconda3/envs/python38/lib/python3.8/site-packages/airflow/example_dags/tutorial_taskflow_api.py took 0.131 seconds
[2025-04-30T15:41:51.385+0100] {processor.py:186} INFO - Started process (PID=69836) to work on /Users/dineshsammeta/anaconda3/envs/python38/lib/python3.8/site-packages/airflow/example_dags/tutorial_taskflow_api.py
[2025-04-30T15:41:51.386+0100] {processor.py:914} INFO - Processing file /Users/dineshsammeta/anaconda3/envs/python38/lib/python3.8/site-packages/airflow/example_dags/tutorial_taskflow_api.py for tasks to queue
[2025-04-30T15:41:51.386+0100] {logging_mixin.py:190} INFO - [2025-04-30T15:41:51.386+0100] {dagbag.py:588} INFO - Filling up the DagBag from /Users/dineshsammeta/anaconda3/envs/python38/lib/python3.8/site-packages/airflow/example_dags/tutorial_taskflow_api.py
[2025-04-30T15:41:51.437+0100] {processor.py:925} INFO - DAG(s) 'tutorial_taskflow_api' retrieved from /Users/dineshsammeta/anaconda3/envs/python38/lib/python3.8/site-packages/airflow/example_dags/tutorial_taskflow_api.py
[2025-04-30T15:41:51.494+0100] {logging_mixin.py:190} INFO - [2025-04-30T15:41:51.493+0100] {dag.py:3239} INFO - Sync 1 DAGs
[2025-04-30T15:41:51.500+0100] {logging_mixin.py:190} INFO - [2025-04-30T15:41:51.499+0100] {dag.py:4180} INFO - Setting next_dagrun for tutorial_taskflow_api to None, run_after=None
[2025-04-30T15:41:51.510+0100] {processor.py:208} INFO - Processing /Users/dineshsammeta/anaconda3/envs/python38/lib/python3.8/site-packages/airflow/example_dags/tutorial_taskflow_api.py took 0.127 seconds
[2025-04-30T15:43:20.678+0100] {processor.py:186} INFO - Started process (PID=69983) to work on /Users/dineshsammeta/anaconda3/envs/python38/lib/python3.8/site-packages/airflow/example_dags/tutorial_taskflow_api.py
[2025-04-30T15:43:20.679+0100] {processor.py:914} INFO - Processing file /Users/dineshsammeta/anaconda3/envs/python38/lib/python3.8/site-packages/airflow/example_dags/tutorial_taskflow_api.py for tasks to queue
[2025-04-30T15:43:20.680+0100] {logging_mixin.py:190} INFO - [2025-04-30T15:43:20.680+0100] {dagbag.py:588} INFO - Filling up the DagBag from /Users/dineshsammeta/anaconda3/envs/python38/lib/python3.8/site-packages/airflow/example_dags/tutorial_taskflow_api.py
[2025-04-30T15:43:20.734+0100] {processor.py:925} INFO - DAG(s) 'tutorial_taskflow_api' retrieved from /Users/dineshsammeta/anaconda3/envs/python38/lib/python3.8/site-packages/airflow/example_dags/tutorial_taskflow_api.py
[2025-04-30T15:43:20.803+0100] {logging_mixin.py:190} INFO - [2025-04-30T15:43:20.802+0100] {dag.py:3239} INFO - Sync 1 DAGs
[2025-04-30T15:43:20.809+0100] {logging_mixin.py:190} INFO - [2025-04-30T15:43:20.809+0100] {dag.py:4180} INFO - Setting next_dagrun for tutorial_taskflow_api to None, run_after=None
[2025-04-30T15:43:20.819+0100] {processor.py:208} INFO - Processing /Users/dineshsammeta/anaconda3/envs/python38/lib/python3.8/site-packages/airflow/example_dags/tutorial_taskflow_api.py took 0.143 seconds
[2025-04-30T15:44:58.945+0100] {processor.py:186} INFO - Started process (PID=70145) to work on /Users/dineshsammeta/anaconda3/envs/python38/lib/python3.8/site-packages/airflow/example_dags/tutorial_taskflow_api.py
[2025-04-30T15:44:58.946+0100] {processor.py:914} INFO - Processing file /Users/dineshsammeta/anaconda3/envs/python38/lib/python3.8/site-packages/airflow/example_dags/tutorial_taskflow_api.py for tasks to queue
[2025-04-30T15:44:58.947+0100] {logging_mixin.py:190} INFO - [2025-04-30T15:44:58.947+0100] {dagbag.py:588} INFO - Filling up the DagBag from /Users/dineshsammeta/anaconda3/envs/python38/lib/python3.8/site-packages/airflow/example_dags/tutorial_taskflow_api.py
[2025-04-30T15:44:58.998+0100] {processor.py:925} INFO - DAG(s) 'tutorial_taskflow_api' retrieved from /Users/dineshsammeta/anaconda3/envs/python38/lib/python3.8/site-packages/airflow/example_dags/tutorial_taskflow_api.py
[2025-04-30T15:44:59.054+0100] {logging_mixin.py:190} INFO - [2025-04-30T15:44:59.054+0100] {dag.py:3239} INFO - Sync 1 DAGs
[2025-04-30T15:44:59.060+0100] {logging_mixin.py:190} INFO - [2025-04-30T15:44:59.060+0100] {dag.py:4180} INFO - Setting next_dagrun for tutorial_taskflow_api to None, run_after=None
[2025-04-30T15:44:59.072+0100] {processor.py:208} INFO - Processing /Users/dineshsammeta/anaconda3/envs/python38/lib/python3.8/site-packages/airflow/example_dags/tutorial_taskflow_api.py took 0.128 seconds
[2025-04-30T15:46:37.173+0100] {processor.py:186} INFO - Started process (PID=70317) to work on /Users/dineshsammeta/anaconda3/envs/python38/lib/python3.8/site-packages/airflow/example_dags/tutorial_taskflow_api.py
[2025-04-30T15:46:37.173+0100] {processor.py:914} INFO - Processing file /Users/dineshsammeta/anaconda3/envs/python38/lib/python3.8/site-packages/airflow/example_dags/tutorial_taskflow_api.py for tasks to queue
[2025-04-30T15:46:37.174+0100] {logging_mixin.py:190} INFO - [2025-04-30T15:46:37.174+0100] {dagbag.py:588} INFO - Filling up the DagBag from /Users/dineshsammeta/anaconda3/envs/python38/lib/python3.8/site-packages/airflow/example_dags/tutorial_taskflow_api.py
[2025-04-30T15:46:37.226+0100] {processor.py:925} INFO - DAG(s) 'tutorial_taskflow_api' retrieved from /Users/dineshsammeta/anaconda3/envs/python38/lib/python3.8/site-packages/airflow/example_dags/tutorial_taskflow_api.py
[2025-04-30T15:46:37.284+0100] {logging_mixin.py:190} INFO - [2025-04-30T15:46:37.284+0100] {dag.py:3239} INFO - Sync 1 DAGs
[2025-04-30T15:46:37.290+0100] {logging_mixin.py:190} INFO - [2025-04-30T15:46:37.290+0100] {dag.py:4180} INFO - Setting next_dagrun for tutorial_taskflow_api to None, run_after=None
[2025-04-30T15:46:37.301+0100] {processor.py:208} INFO - Processing /Users/dineshsammeta/anaconda3/envs/python38/lib/python3.8/site-packages/airflow/example_dags/tutorial_taskflow_api.py took 0.131 seconds
