[2025-04-30T15:44:23.041+0100] {local_task_job_runner.py:123} INFO - ::group::Pre task execution logs
[2025-04-30T15:44:23.047+0100] {taskinstance.py:2614} INFO - Dependencies all met for dep_context=non-requeueable deps ti=<TaskInstance: conditional_dataset_and_time_based_timetable.conditional_dataset_and_time_based_timetable manual__2025-04-30T14:44:20.965975+00:00 [queued]>
[2025-04-30T15:44:23.050+0100] {taskinstance.py:2614} INFO - Dependencies all met for dep_context=requeueable deps ti=<TaskInstance: conditional_dataset_and_time_based_timetable.conditional_dataset_and_time_based_timetable manual__2025-04-30T14:44:20.965975+00:00 [queued]>
[2025-04-30T15:44:23.050+0100] {taskinstance.py:2867} INFO - Starting attempt 1 of 1
[2025-04-30T15:44:23.057+0100] {taskinstance.py:2890} INFO - Executing <Task(BashOperator): conditional_dataset_and_time_based_timetable> on 2025-04-30 14:44:20.965975+00:00
[2025-04-30T15:44:23.061+0100] {standard_task_runner.py:72} INFO - Started process 70088 to run task
[2025-04-30T15:44:23.065+0100] {standard_task_runner.py:104} INFO - Running: ['airflow', 'tasks', 'run', 'conditional_dataset_and_time_based_timetable', 'conditional_dataset_and_time_based_timetable', 'manual__2025-04-30T14:44:20.965975+00:00', '--job-id', '8', '--raw', '--subdir', '/Users/dineshsammeta/anaconda3/envs/python38/lib/python3.8/site-packages/airflow/example_dags/example_datasets.py', '--cfg-path', '/var/folders/nt/txdmnsds0nj3bbw23mt720q00000gn/T/tmp0jf_tmyk']
[2025-04-30T15:44:23.067+0100] {standard_task_runner.py:105} INFO - Job 8: Subtask conditional_dataset_and_time_based_timetable
[2025-04-30T15:44:23.102+0100] {task_command.py:467} INFO - Running <TaskInstance: conditional_dataset_and_time_based_timetable.conditional_dataset_and_time_based_timetable manual__2025-04-30T14:44:20.965975+00:00 [running]> on host dineshs-macbook-air.local
[2025-04-30T15:44:23.138+0100] {taskinstance.py:3134} INFO - Exporting env vars: AIRFLOW_CTX_DAG_OWNER='airflow' AIRFLOW_CTX_DAG_ID='conditional_dataset_and_time_based_timetable' AIRFLOW_CTX_TASK_ID='conditional_dataset_and_time_based_timetable' AIRFLOW_CTX_EXECUTION_DATE='2025-04-30T14:44:20.965975+00:00' AIRFLOW_CTX_TRY_NUMBER='1' AIRFLOW_CTX_DAG_RUN_ID='manual__2025-04-30T14:44:20.965975+00:00'
[2025-04-30T15:44:23.139+0100] {logging_mixin.py:190} INFO - Task instance is in running state
[2025-04-30T15:44:23.139+0100] {logging_mixin.py:190} INFO -  Previous state of the Task instance: queued
[2025-04-30T15:44:23.139+0100] {logging_mixin.py:190} INFO - Current task name:conditional_dataset_and_time_based_timetable state:running start_date:2025-04-30 14:44:23.047327+00:00
[2025-04-30T15:44:23.140+0100] {logging_mixin.py:190} INFO - Dag name:conditional_dataset_and_time_based_timetable and current dag run status:running
[2025-04-30T15:44:23.140+0100] {taskinstance.py:732} INFO - ::endgroup::
[2025-04-30T15:44:23.141+0100] {subprocess.py:78} INFO - Tmp dir root location: /var/folders/nt/txdmnsds0nj3bbw23mt720q00000gn/T
[2025-04-30T15:44:23.141+0100] {subprocess.py:88} INFO - Running command: ['/bin/bash', '-c', 'sleep 5']
[2025-04-30T15:44:23.148+0100] {subprocess.py:99} INFO - Output:
[2025-04-30T15:44:28.164+0100] {subprocess.py:110} INFO - Command exited with return code 0
[2025-04-30T15:44:28.201+0100] {taskinstance.py:341} INFO - ::group::Post task execution logs
[2025-04-30T15:44:28.203+0100] {taskinstance.py:353} INFO - Marking task as SUCCESS. dag_id=conditional_dataset_and_time_based_timetable, task_id=conditional_dataset_and_time_based_timetable, run_id=manual__2025-04-30T14:44:20.965975+00:00, execution_date=20250430T144420, start_date=20250430T144423, end_date=20250430T144428
[2025-04-30T15:44:28.223+0100] {logging_mixin.py:190} INFO - Task instance in success state
[2025-04-30T15:44:28.224+0100] {logging_mixin.py:190} INFO -  Previous state of the Task instance: running
[2025-04-30T15:44:28.224+0100] {logging_mixin.py:190} INFO - Dag name:conditional_dataset_and_time_based_timetable queued_at:2025-04-30 14:44:20.985540+00:00
[2025-04-30T15:44:28.224+0100] {logging_mixin.py:190} INFO - Task hostname:dineshs-macbook-air.local operator:BashOperator
[2025-04-30T15:44:28.248+0100] {local_task_job_runner.py:266} INFO - Task exited with return code 0
[2025-04-30T15:44:28.255+0100] {taskinstance.py:3901} INFO - 0 downstream tasks scheduled from follow-on schedule check
[2025-04-30T15:44:28.256+0100] {local_task_job_runner.py:245} INFO - ::endgroup::
