[2025-04-29T23:32:35.463+0100] {processor.py:186} INFO - Started process (PID=64078) to work on /Users/dineshsammeta/anaconda3/envs/python38/lib/python3.8/site-packages/airflow/example_dags/subdags/subdag.py
[2025-04-29T23:32:35.464+0100] {processor.py:914} INFO - Processing file /Users/dineshsammeta/anaconda3/envs/python38/lib/python3.8/site-packages/airflow/example_dags/subdags/subdag.py for tasks to queue
[2025-04-29T23:32:35.464+0100] {logging_mixin.py:190} INFO - [2025-04-29T23:32:35.464+0100] {dagbag.py:588} INFO - Filling up the DagBag from /Users/dineshsammeta/anaconda3/envs/python38/lib/python3.8/site-packages/airflow/example_dags/subdags/subdag.py
[2025-04-29T23:32:35.467+0100] {processor.py:927} WARNING - No viable dags retrieved from /Users/dineshsammeta/anaconda3/envs/python38/lib/python3.8/site-packages/airflow/example_dags/subdags/subdag.py
[2025-04-29T23:32:35.555+0100] {processor.py:208} INFO - Processing /Users/dineshsammeta/anaconda3/envs/python38/lib/python3.8/site-packages/airflow/example_dags/subdags/subdag.py took 0.094 seconds
[2025-04-29T23:34:43.578+0100] {processor.py:186} INFO - Started process (PID=64303) to work on /Users/dineshsammeta/anaconda3/envs/python38/lib/python3.8/site-packages/airflow/example_dags/subdags/subdag.py
[2025-04-29T23:34:43.579+0100] {processor.py:914} INFO - Processing file /Users/dineshsammeta/anaconda3/envs/python38/lib/python3.8/site-packages/airflow/example_dags/subdags/subdag.py for tasks to queue
[2025-04-29T23:34:43.579+0100] {logging_mixin.py:190} INFO - [2025-04-29T23:34:43.579+0100] {dagbag.py:588} INFO - Filling up the DagBag from /Users/dineshsammeta/anaconda3/envs/python38/lib/python3.8/site-packages/airflow/example_dags/subdags/subdag.py
[2025-04-29T23:34:43.581+0100] {processor.py:927} WARNING - No viable dags retrieved from /Users/dineshsammeta/anaconda3/envs/python38/lib/python3.8/site-packages/airflow/example_dags/subdags/subdag.py
[2025-04-29T23:34:43.664+0100] {processor.py:208} INFO - Processing /Users/dineshsammeta/anaconda3/envs/python38/lib/python3.8/site-packages/airflow/example_dags/subdags/subdag.py took 0.088 seconds
[2025-04-29T23:35:33.288+0100] {processor.py:186} INFO - Started process (PID=64485) to work on /Users/dineshsammeta/anaconda3/envs/python38/lib/python3.8/site-packages/airflow/example_dags/subdags/subdag.py
[2025-04-29T23:35:33.289+0100] {processor.py:914} INFO - Processing file /Users/dineshsammeta/anaconda3/envs/python38/lib/python3.8/site-packages/airflow/example_dags/subdags/subdag.py for tasks to queue
[2025-04-29T23:35:33.289+0100] {logging_mixin.py:190} INFO - [2025-04-29T23:35:33.289+0100] {dagbag.py:588} INFO - Filling up the DagBag from /Users/dineshsammeta/anaconda3/envs/python38/lib/python3.8/site-packages/airflow/example_dags/subdags/subdag.py
[2025-04-29T23:35:33.290+0100] {processor.py:927} WARNING - No viable dags retrieved from /Users/dineshsammeta/anaconda3/envs/python38/lib/python3.8/site-packages/airflow/example_dags/subdags/subdag.py
[2025-04-29T23:35:33.383+0100] {processor.py:208} INFO - Processing /Users/dineshsammeta/anaconda3/envs/python38/lib/python3.8/site-packages/airflow/example_dags/subdags/subdag.py took 0.098 seconds
[2025-04-29T23:36:21.124+0100] {processor.py:186} INFO - Started process (PID=64662) to work on /Users/dineshsammeta/anaconda3/envs/python38/lib/python3.8/site-packages/airflow/example_dags/subdags/subdag.py
[2025-04-29T23:36:21.125+0100] {processor.py:914} INFO - Processing file /Users/dineshsammeta/anaconda3/envs/python38/lib/python3.8/site-packages/airflow/example_dags/subdags/subdag.py for tasks to queue
[2025-04-29T23:36:21.126+0100] {logging_mixin.py:190} INFO - [2025-04-29T23:36:21.126+0100] {dagbag.py:588} INFO - Filling up the DagBag from /Users/dineshsammeta/anaconda3/envs/python38/lib/python3.8/site-packages/airflow/example_dags/subdags/subdag.py
[2025-04-29T23:36:21.127+0100] {processor.py:927} WARNING - No viable dags retrieved from /Users/dineshsammeta/anaconda3/envs/python38/lib/python3.8/site-packages/airflow/example_dags/subdags/subdag.py
[2025-04-29T23:36:21.214+0100] {processor.py:208} INFO - Processing /Users/dineshsammeta/anaconda3/envs/python38/lib/python3.8/site-packages/airflow/example_dags/subdags/subdag.py took 0.093 seconds
[2025-04-29T23:37:47.705+0100] {processor.py:186} INFO - Started process (PID=65003) to work on /Users/dineshsammeta/anaconda3/envs/python38/lib/python3.8/site-packages/airflow/example_dags/subdags/subdag.py
[2025-04-29T23:37:47.706+0100] {processor.py:914} INFO - Processing file /Users/dineshsammeta/anaconda3/envs/python38/lib/python3.8/site-packages/airflow/example_dags/subdags/subdag.py for tasks to queue
[2025-04-29T23:37:47.706+0100] {logging_mixin.py:190} INFO - [2025-04-29T23:37:47.706+0100] {dagbag.py:588} INFO - Filling up the DagBag from /Users/dineshsammeta/anaconda3/envs/python38/lib/python3.8/site-packages/airflow/example_dags/subdags/subdag.py
[2025-04-29T23:37:47.708+0100] {processor.py:927} WARNING - No viable dags retrieved from /Users/dineshsammeta/anaconda3/envs/python38/lib/python3.8/site-packages/airflow/example_dags/subdags/subdag.py
[2025-04-29T23:37:47.791+0100] {processor.py:208} INFO - Processing /Users/dineshsammeta/anaconda3/envs/python38/lib/python3.8/site-packages/airflow/example_dags/subdags/subdag.py took 0.089 seconds
