[2025-04-30T13:57:05.656+0100] {local_task_job_runner.py:123} INFO - ::group::Pre task execution logs
[2025-04-30T13:57:05.661+0100] {taskinstance.py:2614} INFO - Dependencies all met for dep_context=non-requeueable deps ti=<TaskInstance: example_branch_datetime_operator.datetime_branch manual__2025-04-30T12:57:02.345365+00:00 [queued]>
[2025-04-30T13:57:05.664+0100] {taskinstance.py:2614} INFO - Dependencies all met for dep_context=requeueable deps ti=<TaskInstance: example_branch_datetime_operator.datetime_branch manual__2025-04-30T12:57:02.345365+00:00 [queued]>
[2025-04-30T13:57:05.664+0100] {taskinstance.py:2867} INFO - Starting attempt 1 of 1
[2025-04-30T13:57:05.671+0100] {taskinstance.py:2890} INFO - Executing <Task(BranchDateTimeOperator): datetime_branch> on 2025-04-30 12:57:02.345365+00:00
[2025-04-30T13:57:05.675+0100] {standard_task_runner.py:72} INFO - Started process 68625 to run task
[2025-04-30T13:57:05.679+0100] {standard_task_runner.py:104} INFO - Running: ['airflow', 'tasks', 'run', 'example_branch_datetime_operator', 'datetime_branch', 'manual__2025-04-30T12:57:02.345365+00:00', '--job-id', '7', '--raw', '--subdir', '/Users/dineshsammeta/anaconda3/envs/python38/lib/python3.8/site-packages/airflow/example_dags/example_branch_datetime_operator.py', '--cfg-path', '/var/folders/nt/txdmnsds0nj3bbw23mt720q00000gn/T/tmpm8qaigq3']
[2025-04-30T13:57:05.681+0100] {standard_task_runner.py:105} INFO - Job 7: Subtask datetime_branch
[2025-04-30T13:57:05.710+0100] {task_command.py:467} INFO - Running <TaskInstance: example_branch_datetime_operator.datetime_branch manual__2025-04-30T12:57:02.345365+00:00 [running]> on host dineshs-macbook-air.local
[2025-04-30T13:57:05.743+0100] {taskinstance.py:3134} INFO - Exporting env vars: AIRFLOW_CTX_DAG_OWNER='airflow' AIRFLOW_CTX_DAG_ID='example_branch_datetime_operator' AIRFLOW_CTX_TASK_ID='datetime_branch' AIRFLOW_CTX_EXECUTION_DATE='2025-04-30T12:57:02.345365+00:00' AIRFLOW_CTX_TRY_NUMBER='1' AIRFLOW_CTX_DAG_RUN_ID='manual__2025-04-30T12:57:02.345365+00:00'
[2025-04-30T13:57:05.744+0100] {logging_mixin.py:190} INFO - Task instance is in running state
[2025-04-30T13:57:05.744+0100] {logging_mixin.py:190} INFO -  Previous state of the Task instance: queued
[2025-04-30T13:57:05.744+0100] {logging_mixin.py:190} INFO - Current task name:datetime_branch state:running start_date:2025-04-30 12:57:05.661523+00:00
[2025-04-30T13:57:05.745+0100] {logging_mixin.py:190} INFO - Dag name:example_branch_datetime_operator and current dag run status:running
[2025-04-30T13:57:05.745+0100] {taskinstance.py:732} INFO - ::endgroup::
[2025-04-30T13:57:05.745+0100] {branch.py:38} INFO - Branch into ['date_outside_range']
[2025-04-30T13:57:05.746+0100] {skipmixin.py:233} INFO - Following branch ('date_outside_range',)
[2025-04-30T13:57:05.749+0100] {skipmixin.py:281} INFO - Skipping tasks [('date_in_range', -1)]
[2025-04-30T13:57:05.759+0100] {taskinstance.py:341} INFO - ::group::Post task execution logs
[2025-04-30T13:57:05.760+0100] {taskinstance.py:353} INFO - Marking task as SUCCESS. dag_id=example_branch_datetime_operator, task_id=datetime_branch, run_id=manual__2025-04-30T12:57:02.345365+00:00, execution_date=20250430T125702, start_date=20250430T125705, end_date=20250430T125705
[2025-04-30T13:57:05.767+0100] {logging_mixin.py:190} INFO - Task instance in success state
[2025-04-30T13:57:05.768+0100] {logging_mixin.py:190} INFO -  Previous state of the Task instance: running
[2025-04-30T13:57:05.768+0100] {logging_mixin.py:190} INFO - Dag name:example_branch_datetime_operator queued_at:2025-04-30 12:57:02.362226+00:00
[2025-04-30T13:57:05.768+0100] {logging_mixin.py:190} INFO - Task hostname:dineshs-macbook-air.local operator:BranchDateTimeOperator
[2025-04-30T13:57:05.772+0100] {local_task_job_runner.py:266} INFO - Task exited with return code 0
[2025-04-30T13:57:05.782+0100] {taskinstance.py:3901} INFO - 0 downstream tasks scheduled from follow-on schedule check
[2025-04-30T13:57:05.783+0100] {local_task_job_runner.py:245} INFO - ::endgroup::
