[2025-04-30T13:38:55.698+0100] {processor.py:186} INFO - Started process (PID=66493) to work on /Users/dineshsammeta/anaconda3/envs/python38/lib/python3.8/site-packages/airflow/example_dags/subdags/subdag.py
[2025-04-30T13:38:55.699+0100] {processor.py:914} INFO - Processing file /Users/dineshsammeta/anaconda3/envs/python38/lib/python3.8/site-packages/airflow/example_dags/subdags/subdag.py for tasks to queue
[2025-04-30T13:38:55.700+0100] {logging_mixin.py:190} INFO - [2025-04-30T13:38:55.700+0100] {dagbag.py:588} INFO - Filling up the DagBag from /Users/dineshsammeta/anaconda3/envs/python38/lib/python3.8/site-packages/airflow/example_dags/subdags/subdag.py
[2025-04-30T13:38:55.701+0100] {processor.py:927} WARNING - No viable dags retrieved from /Users/dineshsammeta/anaconda3/envs/python38/lib/python3.8/site-packages/airflow/example_dags/subdags/subdag.py
[2025-04-30T13:38:55.784+0100] {processor.py:208} INFO - Processing /Users/dineshsammeta/anaconda3/envs/python38/lib/python3.8/site-packages/airflow/example_dags/subdags/subdag.py took 0.088 seconds
[2025-04-30T13:41:02.323+0100] {processor.py:186} INFO - Started process (PID=66740) to work on /Users/dineshsammeta/anaconda3/envs/python38/lib/python3.8/site-packages/airflow/example_dags/subdags/subdag.py
[2025-04-30T13:41:02.324+0100] {processor.py:914} INFO - Processing file /Users/dineshsammeta/anaconda3/envs/python38/lib/python3.8/site-packages/airflow/example_dags/subdags/subdag.py for tasks to queue
[2025-04-30T13:41:02.325+0100] {logging_mixin.py:190} INFO - [2025-04-30T13:41:02.324+0100] {dagbag.py:588} INFO - Filling up the DagBag from /Users/dineshsammeta/anaconda3/envs/python38/lib/python3.8/site-packages/airflow/example_dags/subdags/subdag.py
[2025-04-30T13:41:02.326+0100] {processor.py:927} WARNING - No viable dags retrieved from /Users/dineshsammeta/anaconda3/envs/python38/lib/python3.8/site-packages/airflow/example_dags/subdags/subdag.py
[2025-04-30T13:41:02.411+0100] {processor.py:208} INFO - Processing /Users/dineshsammeta/anaconda3/envs/python38/lib/python3.8/site-packages/airflow/example_dags/subdags/subdag.py took 0.090 seconds
[2025-04-30T13:42:30.860+0100] {processor.py:186} INFO - Started process (PID=66972) to work on /Users/dineshsammeta/anaconda3/envs/python38/lib/python3.8/site-packages/airflow/example_dags/subdags/subdag.py
[2025-04-30T13:42:30.861+0100] {processor.py:914} INFO - Processing file /Users/dineshsammeta/anaconda3/envs/python38/lib/python3.8/site-packages/airflow/example_dags/subdags/subdag.py for tasks to queue
[2025-04-30T13:42:30.862+0100] {logging_mixin.py:190} INFO - [2025-04-30T13:42:30.862+0100] {dagbag.py:588} INFO - Filling up the DagBag from /Users/dineshsammeta/anaconda3/envs/python38/lib/python3.8/site-packages/airflow/example_dags/subdags/subdag.py
[2025-04-30T13:42:30.863+0100] {processor.py:927} WARNING - No viable dags retrieved from /Users/dineshsammeta/anaconda3/envs/python38/lib/python3.8/site-packages/airflow/example_dags/subdags/subdag.py
[2025-04-30T13:42:30.946+0100] {processor.py:208} INFO - Processing /Users/dineshsammeta/anaconda3/envs/python38/lib/python3.8/site-packages/airflow/example_dags/subdags/subdag.py took 0.088 seconds
[2025-04-30T13:43:58.477+0100] {processor.py:186} INFO - Started process (PID=67146) to work on /Users/dineshsammeta/anaconda3/envs/python38/lib/python3.8/site-packages/airflow/example_dags/subdags/subdag.py
[2025-04-30T13:43:58.478+0100] {processor.py:914} INFO - Processing file /Users/dineshsammeta/anaconda3/envs/python38/lib/python3.8/site-packages/airflow/example_dags/subdags/subdag.py for tasks to queue
[2025-04-30T13:43:58.478+0100] {logging_mixin.py:190} INFO - [2025-04-30T13:43:58.478+0100] {dagbag.py:588} INFO - Filling up the DagBag from /Users/dineshsammeta/anaconda3/envs/python38/lib/python3.8/site-packages/airflow/example_dags/subdags/subdag.py
[2025-04-30T13:43:58.479+0100] {processor.py:927} WARNING - No viable dags retrieved from /Users/dineshsammeta/anaconda3/envs/python38/lib/python3.8/site-packages/airflow/example_dags/subdags/subdag.py
[2025-04-30T13:43:58.562+0100] {processor.py:208} INFO - Processing /Users/dineshsammeta/anaconda3/envs/python38/lib/python3.8/site-packages/airflow/example_dags/subdags/subdag.py took 0.088 seconds
[2025-04-30T13:45:28.812+0100] {processor.py:186} INFO - Started process (PID=67319) to work on /Users/dineshsammeta/anaconda3/envs/python38/lib/python3.8/site-packages/airflow/example_dags/subdags/subdag.py
[2025-04-30T13:45:28.813+0100] {processor.py:914} INFO - Processing file /Users/dineshsammeta/anaconda3/envs/python38/lib/python3.8/site-packages/airflow/example_dags/subdags/subdag.py for tasks to queue
[2025-04-30T13:45:28.814+0100] {logging_mixin.py:190} INFO - [2025-04-30T13:45:28.814+0100] {dagbag.py:588} INFO - Filling up the DagBag from /Users/dineshsammeta/anaconda3/envs/python38/lib/python3.8/site-packages/airflow/example_dags/subdags/subdag.py
[2025-04-30T13:45:28.815+0100] {processor.py:927} WARNING - No viable dags retrieved from /Users/dineshsammeta/anaconda3/envs/python38/lib/python3.8/site-packages/airflow/example_dags/subdags/subdag.py
[2025-04-30T13:45:28.899+0100] {processor.py:208} INFO - Processing /Users/dineshsammeta/anaconda3/envs/python38/lib/python3.8/site-packages/airflow/example_dags/subdags/subdag.py took 0.090 seconds
[2025-04-30T13:46:57.538+0100] {processor.py:186} INFO - Started process (PID=67501) to work on /Users/dineshsammeta/anaconda3/envs/python38/lib/python3.8/site-packages/airflow/example_dags/subdags/subdag.py
[2025-04-30T13:46:57.539+0100] {processor.py:914} INFO - Processing file /Users/dineshsammeta/anaconda3/envs/python38/lib/python3.8/site-packages/airflow/example_dags/subdags/subdag.py for tasks to queue
[2025-04-30T13:46:57.540+0100] {logging_mixin.py:190} INFO - [2025-04-30T13:46:57.540+0100] {dagbag.py:588} INFO - Filling up the DagBag from /Users/dineshsammeta/anaconda3/envs/python38/lib/python3.8/site-packages/airflow/example_dags/subdags/subdag.py
[2025-04-30T13:46:57.542+0100] {processor.py:927} WARNING - No viable dags retrieved from /Users/dineshsammeta/anaconda3/envs/python38/lib/python3.8/site-packages/airflow/example_dags/subdags/subdag.py
[2025-04-30T13:46:57.626+0100] {processor.py:208} INFO - Processing /Users/dineshsammeta/anaconda3/envs/python38/lib/python3.8/site-packages/airflow/example_dags/subdags/subdag.py took 0.090 seconds
[2025-04-30T13:48:27.659+0100] {processor.py:186} INFO - Started process (PID=67681) to work on /Users/dineshsammeta/anaconda3/envs/python38/lib/python3.8/site-packages/airflow/example_dags/subdags/subdag.py
[2025-04-30T13:48:27.660+0100] {processor.py:914} INFO - Processing file /Users/dineshsammeta/anaconda3/envs/python38/lib/python3.8/site-packages/airflow/example_dags/subdags/subdag.py for tasks to queue
[2025-04-30T13:48:27.661+0100] {logging_mixin.py:190} INFO - [2025-04-30T13:48:27.660+0100] {dagbag.py:588} INFO - Filling up the DagBag from /Users/dineshsammeta/anaconda3/envs/python38/lib/python3.8/site-packages/airflow/example_dags/subdags/subdag.py
[2025-04-30T13:48:27.662+0100] {processor.py:927} WARNING - No viable dags retrieved from /Users/dineshsammeta/anaconda3/envs/python38/lib/python3.8/site-packages/airflow/example_dags/subdags/subdag.py
[2025-04-30T13:48:27.747+0100] {processor.py:208} INFO - Processing /Users/dineshsammeta/anaconda3/envs/python38/lib/python3.8/site-packages/airflow/example_dags/subdags/subdag.py took 0.090 seconds
[2025-04-30T13:50:00.964+0100] {processor.py:186} INFO - Started process (PID=67839) to work on /Users/dineshsammeta/anaconda3/envs/python38/lib/python3.8/site-packages/airflow/example_dags/subdags/subdag.py
[2025-04-30T13:50:00.965+0100] {processor.py:914} INFO - Processing file /Users/dineshsammeta/anaconda3/envs/python38/lib/python3.8/site-packages/airflow/example_dags/subdags/subdag.py for tasks to queue
[2025-04-30T13:50:00.966+0100] {logging_mixin.py:190} INFO - [2025-04-30T13:50:00.966+0100] {dagbag.py:588} INFO - Filling up the DagBag from /Users/dineshsammeta/anaconda3/envs/python38/lib/python3.8/site-packages/airflow/example_dags/subdags/subdag.py
[2025-04-30T13:50:00.967+0100] {processor.py:927} WARNING - No viable dags retrieved from /Users/dineshsammeta/anaconda3/envs/python38/lib/python3.8/site-packages/airflow/example_dags/subdags/subdag.py
[2025-04-30T13:50:01.052+0100] {processor.py:208} INFO - Processing /Users/dineshsammeta/anaconda3/envs/python38/lib/python3.8/site-packages/airflow/example_dags/subdags/subdag.py took 0.090 seconds
[2025-04-30T13:51:34.619+0100] {processor.py:186} INFO - Started process (PID=68013) to work on /Users/dineshsammeta/anaconda3/envs/python38/lib/python3.8/site-packages/airflow/example_dags/subdags/subdag.py
[2025-04-30T13:51:34.620+0100] {processor.py:914} INFO - Processing file /Users/dineshsammeta/anaconda3/envs/python38/lib/python3.8/site-packages/airflow/example_dags/subdags/subdag.py for tasks to queue
[2025-04-30T13:51:34.621+0100] {logging_mixin.py:190} INFO - [2025-04-30T13:51:34.621+0100] {dagbag.py:588} INFO - Filling up the DagBag from /Users/dineshsammeta/anaconda3/envs/python38/lib/python3.8/site-packages/airflow/example_dags/subdags/subdag.py
[2025-04-30T13:51:34.622+0100] {processor.py:927} WARNING - No viable dags retrieved from /Users/dineshsammeta/anaconda3/envs/python38/lib/python3.8/site-packages/airflow/example_dags/subdags/subdag.py
[2025-04-30T13:51:34.705+0100] {processor.py:208} INFO - Processing /Users/dineshsammeta/anaconda3/envs/python38/lib/python3.8/site-packages/airflow/example_dags/subdags/subdag.py took 0.088 seconds
[2025-04-30T13:53:11.776+0100] {processor.py:186} INFO - Started process (PID=68192) to work on /Users/dineshsammeta/anaconda3/envs/python38/lib/python3.8/site-packages/airflow/example_dags/subdags/subdag.py
[2025-04-30T13:53:11.777+0100] {processor.py:914} INFO - Processing file /Users/dineshsammeta/anaconda3/envs/python38/lib/python3.8/site-packages/airflow/example_dags/subdags/subdag.py for tasks to queue
[2025-04-30T13:53:11.778+0100] {logging_mixin.py:190} INFO - [2025-04-30T13:53:11.778+0100] {dagbag.py:588} INFO - Filling up the DagBag from /Users/dineshsammeta/anaconda3/envs/python38/lib/python3.8/site-packages/airflow/example_dags/subdags/subdag.py
[2025-04-30T13:53:11.779+0100] {processor.py:927} WARNING - No viable dags retrieved from /Users/dineshsammeta/anaconda3/envs/python38/lib/python3.8/site-packages/airflow/example_dags/subdags/subdag.py
[2025-04-30T13:53:11.863+0100] {processor.py:208} INFO - Processing /Users/dineshsammeta/anaconda3/envs/python38/lib/python3.8/site-packages/airflow/example_dags/subdags/subdag.py took 0.089 seconds
[2025-04-30T13:54:50.783+0100] {processor.py:186} INFO - Started process (PID=68394) to work on /Users/dineshsammeta/anaconda3/envs/python38/lib/python3.8/site-packages/airflow/example_dags/subdags/subdag.py
[2025-04-30T13:54:50.784+0100] {processor.py:914} INFO - Processing file /Users/dineshsammeta/anaconda3/envs/python38/lib/python3.8/site-packages/airflow/example_dags/subdags/subdag.py for tasks to queue
[2025-04-30T13:54:50.785+0100] {logging_mixin.py:190} INFO - [2025-04-30T13:54:50.785+0100] {dagbag.py:588} INFO - Filling up the DagBag from /Users/dineshsammeta/anaconda3/envs/python38/lib/python3.8/site-packages/airflow/example_dags/subdags/subdag.py
[2025-04-30T13:54:50.786+0100] {processor.py:927} WARNING - No viable dags retrieved from /Users/dineshsammeta/anaconda3/envs/python38/lib/python3.8/site-packages/airflow/example_dags/subdags/subdag.py
[2025-04-30T13:54:50.869+0100] {processor.py:208} INFO - Processing /Users/dineshsammeta/anaconda3/envs/python38/lib/python3.8/site-packages/airflow/example_dags/subdags/subdag.py took 0.089 seconds
[2025-04-30T13:56:21.944+0100] {processor.py:186} INFO - Started process (PID=68550) to work on /Users/dineshsammeta/anaconda3/envs/python38/lib/python3.8/site-packages/airflow/example_dags/subdags/subdag.py
[2025-04-30T13:56:21.945+0100] {processor.py:914} INFO - Processing file /Users/dineshsammeta/anaconda3/envs/python38/lib/python3.8/site-packages/airflow/example_dags/subdags/subdag.py for tasks to queue
[2025-04-30T13:56:21.946+0100] {logging_mixin.py:190} INFO - [2025-04-30T13:56:21.946+0100] {dagbag.py:588} INFO - Filling up the DagBag from /Users/dineshsammeta/anaconda3/envs/python38/lib/python3.8/site-packages/airflow/example_dags/subdags/subdag.py
[2025-04-30T13:56:21.947+0100] {processor.py:927} WARNING - No viable dags retrieved from /Users/dineshsammeta/anaconda3/envs/python38/lib/python3.8/site-packages/airflow/example_dags/subdags/subdag.py
[2025-04-30T13:56:22.031+0100] {processor.py:208} INFO - Processing /Users/dineshsammeta/anaconda3/envs/python38/lib/python3.8/site-packages/airflow/example_dags/subdags/subdag.py took 0.089 seconds
[2025-04-30T13:57:53.839+0100] {processor.py:186} INFO - Started process (PID=68704) to work on /Users/dineshsammeta/anaconda3/envs/python38/lib/python3.8/site-packages/airflow/example_dags/subdags/subdag.py
[2025-04-30T13:57:53.840+0100] {processor.py:914} INFO - Processing file /Users/dineshsammeta/anaconda3/envs/python38/lib/python3.8/site-packages/airflow/example_dags/subdags/subdag.py for tasks to queue
[2025-04-30T13:57:53.841+0100] {logging_mixin.py:190} INFO - [2025-04-30T13:57:53.840+0100] {dagbag.py:588} INFO - Filling up the DagBag from /Users/dineshsammeta/anaconda3/envs/python38/lib/python3.8/site-packages/airflow/example_dags/subdags/subdag.py
[2025-04-30T13:57:53.842+0100] {processor.py:927} WARNING - No viable dags retrieved from /Users/dineshsammeta/anaconda3/envs/python38/lib/python3.8/site-packages/airflow/example_dags/subdags/subdag.py
[2025-04-30T13:57:53.926+0100] {processor.py:208} INFO - Processing /Users/dineshsammeta/anaconda3/envs/python38/lib/python3.8/site-packages/airflow/example_dags/subdags/subdag.py took 0.089 seconds
[2025-04-30T13:59:21.952+0100] {processor.py:186} INFO - Started process (PID=68870) to work on /Users/dineshsammeta/anaconda3/envs/python38/lib/python3.8/site-packages/airflow/example_dags/subdags/subdag.py
[2025-04-30T13:59:21.954+0100] {processor.py:914} INFO - Processing file /Users/dineshsammeta/anaconda3/envs/python38/lib/python3.8/site-packages/airflow/example_dags/subdags/subdag.py for tasks to queue
[2025-04-30T13:59:21.954+0100] {logging_mixin.py:190} INFO - [2025-04-30T13:59:21.954+0100] {dagbag.py:588} INFO - Filling up the DagBag from /Users/dineshsammeta/anaconda3/envs/python38/lib/python3.8/site-packages/airflow/example_dags/subdags/subdag.py
[2025-04-30T13:59:21.956+0100] {processor.py:927} WARNING - No viable dags retrieved from /Users/dineshsammeta/anaconda3/envs/python38/lib/python3.8/site-packages/airflow/example_dags/subdags/subdag.py
[2025-04-30T13:59:22.041+0100] {processor.py:208} INFO - Processing /Users/dineshsammeta/anaconda3/envs/python38/lib/python3.8/site-packages/airflow/example_dags/subdags/subdag.py took 0.091 seconds
[2025-04-30T14:00:51.300+0100] {processor.py:186} INFO - Started process (PID=69031) to work on /Users/dineshsammeta/anaconda3/envs/python38/lib/python3.8/site-packages/airflow/example_dags/subdags/subdag.py
[2025-04-30T14:00:51.303+0100] {processor.py:914} INFO - Processing file /Users/dineshsammeta/anaconda3/envs/python38/lib/python3.8/site-packages/airflow/example_dags/subdags/subdag.py for tasks to queue
[2025-04-30T14:00:51.304+0100] {logging_mixin.py:190} INFO - [2025-04-30T14:00:51.303+0100] {dagbag.py:588} INFO - Filling up the DagBag from /Users/dineshsammeta/anaconda3/envs/python38/lib/python3.8/site-packages/airflow/example_dags/subdags/subdag.py
[2025-04-30T14:00:51.305+0100] {processor.py:927} WARNING - No viable dags retrieved from /Users/dineshsammeta/anaconda3/envs/python38/lib/python3.8/site-packages/airflow/example_dags/subdags/subdag.py
[2025-04-30T14:00:51.388+0100] {processor.py:208} INFO - Processing /Users/dineshsammeta/anaconda3/envs/python38/lib/python3.8/site-packages/airflow/example_dags/subdags/subdag.py took 0.090 seconds
[2025-04-30T14:02:20.877+0100] {processor.py:186} INFO - Started process (PID=69193) to work on /Users/dineshsammeta/anaconda3/envs/python38/lib/python3.8/site-packages/airflow/example_dags/subdags/subdag.py
[2025-04-30T14:02:20.879+0100] {processor.py:914} INFO - Processing file /Users/dineshsammeta/anaconda3/envs/python38/lib/python3.8/site-packages/airflow/example_dags/subdags/subdag.py for tasks to queue
[2025-04-30T14:02:20.879+0100] {logging_mixin.py:190} INFO - [2025-04-30T14:02:20.879+0100] {dagbag.py:588} INFO - Filling up the DagBag from /Users/dineshsammeta/anaconda3/envs/python38/lib/python3.8/site-packages/airflow/example_dags/subdags/subdag.py
[2025-04-30T14:02:20.881+0100] {processor.py:927} WARNING - No viable dags retrieved from /Users/dineshsammeta/anaconda3/envs/python38/lib/python3.8/site-packages/airflow/example_dags/subdags/subdag.py
[2025-04-30T14:02:20.963+0100] {processor.py:208} INFO - Processing /Users/dineshsammeta/anaconda3/envs/python38/lib/python3.8/site-packages/airflow/example_dags/subdags/subdag.py took 0.088 seconds
[2025-04-30T15:38:14.475+0100] {processor.py:186} INFO - Started process (PID=69430) to work on /Users/dineshsammeta/anaconda3/envs/python38/lib/python3.8/site-packages/airflow/example_dags/subdags/subdag.py
[2025-04-30T15:38:14.476+0100] {processor.py:914} INFO - Processing file /Users/dineshsammeta/anaconda3/envs/python38/lib/python3.8/site-packages/airflow/example_dags/subdags/subdag.py for tasks to queue
[2025-04-30T15:38:14.477+0100] {logging_mixin.py:190} INFO - [2025-04-30T15:38:14.476+0100] {dagbag.py:588} INFO - Filling up the DagBag from /Users/dineshsammeta/anaconda3/envs/python38/lib/python3.8/site-packages/airflow/example_dags/subdags/subdag.py
[2025-04-30T15:38:14.478+0100] {processor.py:927} WARNING - No viable dags retrieved from /Users/dineshsammeta/anaconda3/envs/python38/lib/python3.8/site-packages/airflow/example_dags/subdags/subdag.py
[2025-04-30T15:38:14.561+0100] {processor.py:208} INFO - Processing /Users/dineshsammeta/anaconda3/envs/python38/lib/python3.8/site-packages/airflow/example_dags/subdags/subdag.py took 0.088 seconds
[2025-04-30T15:40:07.071+0100] {processor.py:186} INFO - Started process (PID=69650) to work on /Users/dineshsammeta/anaconda3/envs/python38/lib/python3.8/site-packages/airflow/example_dags/subdags/subdag.py
[2025-04-30T15:40:07.072+0100] {processor.py:914} INFO - Processing file /Users/dineshsammeta/anaconda3/envs/python38/lib/python3.8/site-packages/airflow/example_dags/subdags/subdag.py for tasks to queue
[2025-04-30T15:40:07.073+0100] {logging_mixin.py:190} INFO - [2025-04-30T15:40:07.073+0100] {dagbag.py:588} INFO - Filling up the DagBag from /Users/dineshsammeta/anaconda3/envs/python38/lib/python3.8/site-packages/airflow/example_dags/subdags/subdag.py
[2025-04-30T15:40:07.074+0100] {processor.py:927} WARNING - No viable dags retrieved from /Users/dineshsammeta/anaconda3/envs/python38/lib/python3.8/site-packages/airflow/example_dags/subdags/subdag.py
[2025-04-30T15:40:07.158+0100] {processor.py:208} INFO - Processing /Users/dineshsammeta/anaconda3/envs/python38/lib/python3.8/site-packages/airflow/example_dags/subdags/subdag.py took 0.089 seconds
[2025-04-30T15:41:37.168+0100] {processor.py:186} INFO - Started process (PID=69803) to work on /Users/dineshsammeta/anaconda3/envs/python38/lib/python3.8/site-packages/airflow/example_dags/subdags/subdag.py
[2025-04-30T15:41:37.169+0100] {processor.py:914} INFO - Processing file /Users/dineshsammeta/anaconda3/envs/python38/lib/python3.8/site-packages/airflow/example_dags/subdags/subdag.py for tasks to queue
[2025-04-30T15:41:37.170+0100] {logging_mixin.py:190} INFO - [2025-04-30T15:41:37.170+0100] {dagbag.py:588} INFO - Filling up the DagBag from /Users/dineshsammeta/anaconda3/envs/python38/lib/python3.8/site-packages/airflow/example_dags/subdags/subdag.py
[2025-04-30T15:41:37.171+0100] {processor.py:927} WARNING - No viable dags retrieved from /Users/dineshsammeta/anaconda3/envs/python38/lib/python3.8/site-packages/airflow/example_dags/subdags/subdag.py
[2025-04-30T15:41:37.254+0100] {processor.py:208} INFO - Processing /Users/dineshsammeta/anaconda3/envs/python38/lib/python3.8/site-packages/airflow/example_dags/subdags/subdag.py took 0.089 seconds
[2025-04-30T15:43:04.659+0100] {processor.py:186} INFO - Started process (PID=69959) to work on /Users/dineshsammeta/anaconda3/envs/python38/lib/python3.8/site-packages/airflow/example_dags/subdags/subdag.py
[2025-04-30T15:43:04.660+0100] {processor.py:914} INFO - Processing file /Users/dineshsammeta/anaconda3/envs/python38/lib/python3.8/site-packages/airflow/example_dags/subdags/subdag.py for tasks to queue
[2025-04-30T15:43:04.661+0100] {logging_mixin.py:190} INFO - [2025-04-30T15:43:04.661+0100] {dagbag.py:588} INFO - Filling up the DagBag from /Users/dineshsammeta/anaconda3/envs/python38/lib/python3.8/site-packages/airflow/example_dags/subdags/subdag.py
[2025-04-30T15:43:04.662+0100] {processor.py:927} WARNING - No viable dags retrieved from /Users/dineshsammeta/anaconda3/envs/python38/lib/python3.8/site-packages/airflow/example_dags/subdags/subdag.py
[2025-04-30T15:43:04.745+0100] {processor.py:208} INFO - Processing /Users/dineshsammeta/anaconda3/envs/python38/lib/python3.8/site-packages/airflow/example_dags/subdags/subdag.py took 0.088 seconds
[2025-04-30T15:44:44.494+0100] {processor.py:186} INFO - Started process (PID=70120) to work on /Users/dineshsammeta/anaconda3/envs/python38/lib/python3.8/site-packages/airflow/example_dags/subdags/subdag.py
[2025-04-30T15:44:44.495+0100] {processor.py:914} INFO - Processing file /Users/dineshsammeta/anaconda3/envs/python38/lib/python3.8/site-packages/airflow/example_dags/subdags/subdag.py for tasks to queue
[2025-04-30T15:44:44.496+0100] {logging_mixin.py:190} INFO - [2025-04-30T15:44:44.496+0100] {dagbag.py:588} INFO - Filling up the DagBag from /Users/dineshsammeta/anaconda3/envs/python38/lib/python3.8/site-packages/airflow/example_dags/subdags/subdag.py
[2025-04-30T15:44:44.497+0100] {processor.py:927} WARNING - No viable dags retrieved from /Users/dineshsammeta/anaconda3/envs/python38/lib/python3.8/site-packages/airflow/example_dags/subdags/subdag.py
[2025-04-30T15:44:44.580+0100] {processor.py:208} INFO - Processing /Users/dineshsammeta/anaconda3/envs/python38/lib/python3.8/site-packages/airflow/example_dags/subdags/subdag.py took 0.088 seconds
[2025-04-30T15:46:23.330+0100] {processor.py:186} INFO - Started process (PID=70289) to work on /Users/dineshsammeta/anaconda3/envs/python38/lib/python3.8/site-packages/airflow/example_dags/subdags/subdag.py
[2025-04-30T15:46:23.331+0100] {processor.py:914} INFO - Processing file /Users/dineshsammeta/anaconda3/envs/python38/lib/python3.8/site-packages/airflow/example_dags/subdags/subdag.py for tasks to queue
[2025-04-30T15:46:23.332+0100] {logging_mixin.py:190} INFO - [2025-04-30T15:46:23.332+0100] {dagbag.py:588} INFO - Filling up the DagBag from /Users/dineshsammeta/anaconda3/envs/python38/lib/python3.8/site-packages/airflow/example_dags/subdags/subdag.py
[2025-04-30T15:46:23.333+0100] {processor.py:927} WARNING - No viable dags retrieved from /Users/dineshsammeta/anaconda3/envs/python38/lib/python3.8/site-packages/airflow/example_dags/subdags/subdag.py
[2025-04-30T15:46:23.419+0100] {processor.py:208} INFO - Processing /Users/dineshsammeta/anaconda3/envs/python38/lib/python3.8/site-packages/airflow/example_dags/subdags/subdag.py took 0.090 seconds
