[2025-04-29T23:34:34.242+0100] {processor.py:186} INFO - Started process (PID=64280) to work on /Users/dineshsammeta/anaconda3/envs/python38/lib/python3.8/site-packages/airflow/example_dags/example_branch_datetime_operator.py
[2025-04-29T23:34:34.242+0100] {processor.py:914} INFO - Processing file /Users/dineshsammeta/anaconda3/envs/python38/lib/python3.8/site-packages/airflow/example_dags/example_branch_datetime_operator.py for tasks to queue
[2025-04-29T23:34:34.243+0100] {logging_mixin.py:190} INFO - [2025-04-29T23:34:34.243+0100] {dagbag.py:588} INFO - Filling up the DagBag from /Users/dineshsammeta/anaconda3/envs/python38/lib/python3.8/site-packages/airflow/example_dags/example_branch_datetime_operator.py
[2025-04-29T23:34:34.251+0100] {processor.py:925} INFO - DAG(s) 'example_branch_datetime_operator_3', 'example_branch_datetime_operator', 'example_branch_datetime_operator_2' retrieved from /Users/dineshsammeta/anaconda3/envs/python38/lib/python3.8/site-packages/airflow/example_dags/example_branch_datetime_operator.py
[2025-04-29T23:34:34.393+0100] {logging_mixin.py:190} INFO - [2025-04-29T23:34:34.392+0100] {override.py:1901} INFO - Created Permission View: can read on DAG:example_branch_datetime_operator_3
[2025-04-29T23:34:34.398+0100] {logging_mixin.py:190} INFO - [2025-04-29T23:34:34.398+0100] {override.py:1901} INFO - Created Permission View: can delete on DAG:example_branch_datetime_operator_3
[2025-04-29T23:34:34.402+0100] {logging_mixin.py:190} INFO - [2025-04-29T23:34:34.401+0100] {override.py:1901} INFO - Created Permission View: can edit on DAG:example_branch_datetime_operator_3
[2025-04-29T23:34:34.406+0100] {logging_mixin.py:190} INFO - [2025-04-29T23:34:34.406+0100] {override.py:1901} INFO - Created Permission View: can read on DAG Run:example_branch_datetime_operator_3
[2025-04-29T23:34:34.409+0100] {logging_mixin.py:190} INFO - [2025-04-29T23:34:34.409+0100] {override.py:1901} INFO - Created Permission View: menu access on DAG Run:example_branch_datetime_operator_3
[2025-04-29T23:34:34.412+0100] {logging_mixin.py:190} INFO - [2025-04-29T23:34:34.412+0100] {override.py:1901} INFO - Created Permission View: can delete on DAG Run:example_branch_datetime_operator_3
[2025-04-29T23:34:34.415+0100] {logging_mixin.py:190} INFO - [2025-04-29T23:34:34.415+0100] {override.py:1901} INFO - Created Permission View: can create on DAG Run:example_branch_datetime_operator_3
[2025-04-29T23:34:34.423+0100] {logging_mixin.py:190} INFO - [2025-04-29T23:34:34.422+0100] {override.py:1901} INFO - Created Permission View: can read on DAG:example_branch_datetime_operator
[2025-04-29T23:34:34.426+0100] {logging_mixin.py:190} INFO - [2025-04-29T23:34:34.426+0100] {override.py:1901} INFO - Created Permission View: can delete on DAG:example_branch_datetime_operator
[2025-04-29T23:34:34.429+0100] {logging_mixin.py:190} INFO - [2025-04-29T23:34:34.429+0100] {override.py:1901} INFO - Created Permission View: can edit on DAG:example_branch_datetime_operator
[2025-04-29T23:34:34.433+0100] {logging_mixin.py:190} INFO - [2025-04-29T23:34:34.433+0100] {override.py:1901} INFO - Created Permission View: can read on DAG Run:example_branch_datetime_operator
[2025-04-29T23:34:34.436+0100] {logging_mixin.py:190} INFO - [2025-04-29T23:34:34.436+0100] {override.py:1901} INFO - Created Permission View: menu access on DAG Run:example_branch_datetime_operator
[2025-04-29T23:34:34.439+0100] {logging_mixin.py:190} INFO - [2025-04-29T23:34:34.439+0100] {override.py:1901} INFO - Created Permission View: can delete on DAG Run:example_branch_datetime_operator
[2025-04-29T23:34:34.442+0100] {logging_mixin.py:190} INFO - [2025-04-29T23:34:34.442+0100] {override.py:1901} INFO - Created Permission View: can create on DAG Run:example_branch_datetime_operator
[2025-04-29T23:34:34.449+0100] {logging_mixin.py:190} INFO - [2025-04-29T23:34:34.449+0100] {override.py:1901} INFO - Created Permission View: can read on DAG:example_branch_datetime_operator_2
[2025-04-29T23:34:34.452+0100] {logging_mixin.py:190} INFO - [2025-04-29T23:34:34.452+0100] {override.py:1901} INFO - Created Permission View: can delete on DAG:example_branch_datetime_operator_2
[2025-04-29T23:34:34.455+0100] {logging_mixin.py:190} INFO - [2025-04-29T23:34:34.455+0100] {override.py:1901} INFO - Created Permission View: can edit on DAG:example_branch_datetime_operator_2
[2025-04-29T23:34:34.459+0100] {logging_mixin.py:190} INFO - [2025-04-29T23:34:34.458+0100] {override.py:1901} INFO - Created Permission View: can read on DAG Run:example_branch_datetime_operator_2
[2025-04-29T23:34:34.461+0100] {logging_mixin.py:190} INFO - [2025-04-29T23:34:34.461+0100] {override.py:1901} INFO - Created Permission View: menu access on DAG Run:example_branch_datetime_operator_2
[2025-04-29T23:34:34.464+0100] {logging_mixin.py:190} INFO - [2025-04-29T23:34:34.464+0100] {override.py:1901} INFO - Created Permission View: can delete on DAG Run:example_branch_datetime_operator_2
[2025-04-29T23:34:34.467+0100] {logging_mixin.py:190} INFO - [2025-04-29T23:34:34.467+0100] {override.py:1901} INFO - Created Permission View: can create on DAG Run:example_branch_datetime_operator_2
[2025-04-29T23:34:34.467+0100] {logging_mixin.py:190} INFO - [2025-04-29T23:34:34.467+0100] {dag.py:3239} INFO - Sync 3 DAGs
[2025-04-29T23:34:34.475+0100] {logging_mixin.py:190} INFO - [2025-04-29T23:34:34.475+0100] {dag.py:3262} INFO - Creating ORM DAG for example_branch_datetime_operator_2
[2025-04-29T23:34:34.475+0100] {logging_mixin.py:190} INFO - [2025-04-29T23:34:34.475+0100] {dag.py:3262} INFO - Creating ORM DAG for example_branch_datetime_operator_3
[2025-04-29T23:34:34.475+0100] {logging_mixin.py:190} INFO - [2025-04-29T23:34:34.475+0100] {dag.py:3262} INFO - Creating ORM DAG for example_branch_datetime_operator
[2025-04-29T23:34:34.480+0100] {logging_mixin.py:190} INFO - [2025-04-29T23:34:34.480+0100] {dag.py:4180} INFO - Setting next_dagrun for example_branch_datetime_operator to 2025-04-28 00:00:00+00:00, run_after=2025-04-29 00:00:00+00:00
[2025-04-29T23:34:34.481+0100] {logging_mixin.py:190} INFO - [2025-04-29T23:34:34.481+0100] {dag.py:4180} INFO - Setting next_dagrun for example_branch_datetime_operator_2 to 2025-04-28 00:00:00+00:00, run_after=2025-04-29 00:00:00+00:00
[2025-04-29T23:34:34.482+0100] {logging_mixin.py:190} INFO - [2025-04-29T23:34:34.482+0100] {dag.py:4180} INFO - Setting next_dagrun for example_branch_datetime_operator_3 to 2025-04-28 00:00:00+00:00, run_after=2025-04-29 00:00:00+00:00
[2025-04-29T23:34:34.492+0100] {processor.py:208} INFO - Processing /Users/dineshsammeta/anaconda3/envs/python38/lib/python3.8/site-packages/airflow/example_dags/example_branch_datetime_operator.py took 0.253 seconds
[2025-04-29T23:39:40.383+0100] {processor.py:186} INFO - Started process (PID=65302) to work on /Users/dineshsammeta/anaconda3/envs/python38/lib/python3.8/site-packages/airflow/example_dags/example_branch_datetime_operator.py
[2025-04-29T23:39:40.384+0100] {processor.py:914} INFO - Processing file /Users/dineshsammeta/anaconda3/envs/python38/lib/python3.8/site-packages/airflow/example_dags/example_branch_datetime_operator.py for tasks to queue
[2025-04-29T23:39:40.385+0100] {logging_mixin.py:190} INFO - [2025-04-29T23:39:40.385+0100] {dagbag.py:588} INFO - Filling up the DagBag from /Users/dineshsammeta/anaconda3/envs/python38/lib/python3.8/site-packages/airflow/example_dags/example_branch_datetime_operator.py
[2025-04-29T23:39:40.393+0100] {processor.py:925} INFO - DAG(s) 'example_branch_datetime_operator_3', 'example_branch_datetime_operator', 'example_branch_datetime_operator_2' retrieved from /Users/dineshsammeta/anaconda3/envs/python38/lib/python3.8/site-packages/airflow/example_dags/example_branch_datetime_operator.py
[2025-04-29T23:39:40.485+0100] {logging_mixin.py:190} INFO - [2025-04-29T23:39:40.484+0100] {dag.py:3239} INFO - Sync 3 DAGs
[2025-04-29T23:39:40.495+0100] {logging_mixin.py:190} INFO - [2025-04-29T23:39:40.495+0100] {dag.py:4180} INFO - Setting next_dagrun for example_branch_datetime_operator to 2025-04-28 00:00:00+00:00, run_after=2025-04-29 00:00:00+00:00
[2025-04-29T23:39:40.497+0100] {logging_mixin.py:190} INFO - [2025-04-29T23:39:40.497+0100] {dag.py:4180} INFO - Setting next_dagrun for example_branch_datetime_operator_2 to 2025-04-28 00:00:00+00:00, run_after=2025-04-29 00:00:00+00:00
[2025-04-29T23:39:40.499+0100] {logging_mixin.py:190} INFO - [2025-04-29T23:39:40.499+0100] {dag.py:4180} INFO - Setting next_dagrun for example_branch_datetime_operator_3 to 2025-04-28 00:00:00+00:00, run_after=2025-04-29 00:00:00+00:00
[2025-04-29T23:39:40.508+0100] {processor.py:208} INFO - Processing /Users/dineshsammeta/anaconda3/envs/python38/lib/python3.8/site-packages/airflow/example_dags/example_branch_datetime_operator.py took 0.127 seconds
