[2025-04-29T23:33:35.150+0100] {processor.py:186} INFO - Started process (PID=64180) to work on /Users/dineshsammeta/anaconda3/envs/python38/lib/python3.8/site-packages/airflow/example_dags/example_python_operator.py
[2025-04-29T23:33:35.151+0100] {processor.py:914} INFO - Processing file /Users/dineshsammeta/anaconda3/envs/python38/lib/python3.8/site-packages/airflow/example_dags/example_python_operator.py for tasks to queue
[2025-04-29T23:33:35.151+0100] {logging_mixin.py:190} INFO - [2025-04-29T23:33:35.151+0100] {dagbag.py:588} INFO - Filling up the DagBag from /Users/dineshsammeta/anaconda3/envs/python38/lib/python3.8/site-packages/airflow/example_dags/example_python_operator.py
[2025-04-29T23:33:35.195+0100] {logging_mixin.py:190} INFO - [2025-04-29T23:33:35.195+0100] {example_python_operator.py:93} WARNING - The virtalenv_python example task requires virtualenv, please install it.
[2025-04-29T23:33:35.197+0100] {processor.py:925} INFO - DAG(s) 'example_python_operator' retrieved from /Users/dineshsammeta/anaconda3/envs/python38/lib/python3.8/site-packages/airflow/example_dags/example_python_operator.py
[2025-04-29T23:33:35.305+0100] {logging_mixin.py:190} INFO - [2025-04-29T23:33:35.305+0100] {override.py:1901} INFO - Created Permission View: can delete on DAG:example_python_operator
[2025-04-29T23:33:35.310+0100] {logging_mixin.py:190} INFO - [2025-04-29T23:33:35.310+0100] {override.py:1901} INFO - Created Permission View: can read on DAG:example_python_operator
[2025-04-29T23:33:35.313+0100] {logging_mixin.py:190} INFO - [2025-04-29T23:33:35.313+0100] {override.py:1901} INFO - Created Permission View: can edit on DAG:example_python_operator
[2025-04-29T23:33:35.317+0100] {logging_mixin.py:190} INFO - [2025-04-29T23:33:35.317+0100] {override.py:1901} INFO - Created Permission View: can create on DAG Run:example_python_operator
[2025-04-29T23:33:35.320+0100] {logging_mixin.py:190} INFO - [2025-04-29T23:33:35.320+0100] {override.py:1901} INFO - Created Permission View: can delete on DAG Run:example_python_operator
[2025-04-29T23:33:35.323+0100] {logging_mixin.py:190} INFO - [2025-04-29T23:33:35.322+0100] {override.py:1901} INFO - Created Permission View: menu access on DAG Run:example_python_operator
[2025-04-29T23:33:35.325+0100] {logging_mixin.py:190} INFO - [2025-04-29T23:33:35.325+0100] {override.py:1901} INFO - Created Permission View: can read on DAG Run:example_python_operator
[2025-04-29T23:33:35.326+0100] {logging_mixin.py:190} INFO - [2025-04-29T23:33:35.326+0100] {dag.py:3239} INFO - Sync 1 DAGs
[2025-04-29T23:33:35.332+0100] {logging_mixin.py:190} INFO - [2025-04-29T23:33:35.332+0100] {dag.py:3262} INFO - Creating ORM DAG for example_python_operator
[2025-04-29T23:33:35.332+0100] {logging_mixin.py:190} INFO - [2025-04-29T23:33:35.332+0100] {dag.py:4180} INFO - Setting next_dagrun for example_python_operator to None, run_after=None
[2025-04-29T23:33:35.341+0100] {processor.py:208} INFO - Processing /Users/dineshsammeta/anaconda3/envs/python38/lib/python3.8/site-packages/airflow/example_dags/example_python_operator.py took 0.193 seconds
[2025-04-29T23:35:43.567+0100] {processor.py:186} INFO - Started process (PID=64522) to work on /Users/dineshsammeta/anaconda3/envs/python38/lib/python3.8/site-packages/airflow/example_dags/example_python_operator.py
[2025-04-29T23:35:43.568+0100] {processor.py:914} INFO - Processing file /Users/dineshsammeta/anaconda3/envs/python38/lib/python3.8/site-packages/airflow/example_dags/example_python_operator.py for tasks to queue
[2025-04-29T23:35:43.569+0100] {logging_mixin.py:190} INFO - [2025-04-29T23:35:43.568+0100] {dagbag.py:588} INFO - Filling up the DagBag from /Users/dineshsammeta/anaconda3/envs/python38/lib/python3.8/site-packages/airflow/example_dags/example_python_operator.py
[2025-04-29T23:35:43.612+0100] {logging_mixin.py:190} INFO - [2025-04-29T23:35:43.612+0100] {example_python_operator.py:93} WARNING - The virtalenv_python example task requires virtualenv, please install it.
[2025-04-29T23:35:43.615+0100] {processor.py:925} INFO - DAG(s) 'example_python_operator' retrieved from /Users/dineshsammeta/anaconda3/envs/python38/lib/python3.8/site-packages/airflow/example_dags/example_python_operator.py
[2025-04-29T23:35:43.673+0100] {logging_mixin.py:190} INFO - [2025-04-29T23:35:43.672+0100] {dag.py:3239} INFO - Sync 1 DAGs
[2025-04-29T23:35:43.679+0100] {logging_mixin.py:190} INFO - [2025-04-29T23:35:43.679+0100] {dag.py:4180} INFO - Setting next_dagrun for example_python_operator to None, run_after=None
[2025-04-29T23:35:43.689+0100] {processor.py:208} INFO - Processing /Users/dineshsammeta/anaconda3/envs/python38/lib/python3.8/site-packages/airflow/example_dags/example_python_operator.py took 0.124 seconds
[2025-04-29T23:36:39.399+0100] {processor.py:186} INFO - Started process (PID=64702) to work on /Users/dineshsammeta/anaconda3/envs/python38/lib/python3.8/site-packages/airflow/example_dags/example_python_operator.py
[2025-04-29T23:36:39.400+0100] {processor.py:914} INFO - Processing file /Users/dineshsammeta/anaconda3/envs/python38/lib/python3.8/site-packages/airflow/example_dags/example_python_operator.py for tasks to queue
[2025-04-29T23:36:39.400+0100] {logging_mixin.py:190} INFO - [2025-04-29T23:36:39.400+0100] {dagbag.py:588} INFO - Filling up the DagBag from /Users/dineshsammeta/anaconda3/envs/python38/lib/python3.8/site-packages/airflow/example_dags/example_python_operator.py
[2025-04-29T23:36:39.452+0100] {logging_mixin.py:190} INFO - [2025-04-29T23:36:39.452+0100] {example_python_operator.py:93} WARNING - The virtalenv_python example task requires virtualenv, please install it.
[2025-04-29T23:36:39.455+0100] {processor.py:925} INFO - DAG(s) 'example_python_operator' retrieved from /Users/dineshsammeta/anaconda3/envs/python38/lib/python3.8/site-packages/airflow/example_dags/example_python_operator.py
[2025-04-29T23:36:39.513+0100] {logging_mixin.py:190} INFO - [2025-04-29T23:36:39.513+0100] {dag.py:3239} INFO - Sync 1 DAGs
[2025-04-29T23:36:39.520+0100] {logging_mixin.py:190} INFO - [2025-04-29T23:36:39.520+0100] {dag.py:4180} INFO - Setting next_dagrun for example_python_operator to None, run_after=None
[2025-04-29T23:36:39.531+0100] {processor.py:208} INFO - Processing /Users/dineshsammeta/anaconda3/envs/python38/lib/python3.8/site-packages/airflow/example_dags/example_python_operator.py took 0.135 seconds
[2025-04-29T23:38:46.570+0100] {processor.py:186} INFO - Started process (PID=65192) to work on /Users/dineshsammeta/anaconda3/envs/python38/lib/python3.8/site-packages/airflow/example_dags/example_python_operator.py
[2025-04-29T23:38:46.571+0100] {processor.py:914} INFO - Processing file /Users/dineshsammeta/anaconda3/envs/python38/lib/python3.8/site-packages/airflow/example_dags/example_python_operator.py for tasks to queue
[2025-04-29T23:38:46.572+0100] {logging_mixin.py:190} INFO - [2025-04-29T23:38:46.572+0100] {dagbag.py:588} INFO - Filling up the DagBag from /Users/dineshsammeta/anaconda3/envs/python38/lib/python3.8/site-packages/airflow/example_dags/example_python_operator.py
[2025-04-29T23:38:46.615+0100] {logging_mixin.py:190} INFO - [2025-04-29T23:38:46.615+0100] {example_python_operator.py:93} WARNING - The virtalenv_python example task requires virtualenv, please install it.
[2025-04-29T23:38:46.618+0100] {processor.py:925} INFO - DAG(s) 'example_python_operator' retrieved from /Users/dineshsammeta/anaconda3/envs/python38/lib/python3.8/site-packages/airflow/example_dags/example_python_operator.py
[2025-04-29T23:38:46.675+0100] {logging_mixin.py:190} INFO - [2025-04-29T23:38:46.675+0100] {dag.py:3239} INFO - Sync 1 DAGs
[2025-04-29T23:38:46.682+0100] {logging_mixin.py:190} INFO - [2025-04-29T23:38:46.681+0100] {dag.py:4180} INFO - Setting next_dagrun for example_python_operator to None, run_after=None
[2025-04-29T23:38:46.691+0100] {processor.py:208} INFO - Processing /Users/dineshsammeta/anaconda3/envs/python38/lib/python3.8/site-packages/airflow/example_dags/example_python_operator.py took 0.123 seconds
