[2025-04-29T23:33:20.560+0100] {processor.py:186} INFO - Started process (PID=64154) to work on /Users/dineshsammeta/anaconda3/envs/python38/lib/python3.8/site-packages/airflow/example_dags/example_skip_dag.py
[2025-04-29T23:33:20.561+0100] {processor.py:914} INFO - Processing file /Users/dineshsammeta/anaconda3/envs/python38/lib/python3.8/site-packages/airflow/example_dags/example_skip_dag.py for tasks to queue
[2025-04-29T23:33:20.562+0100] {logging_mixin.py:190} INFO - [2025-04-29T23:33:20.561+0100] {dagbag.py:588} INFO - Filling up the DagBag from /Users/dineshsammeta/anaconda3/envs/python38/lib/python3.8/site-packages/airflow/example_dags/example_skip_dag.py
[2025-04-29T23:33:20.568+0100] {processor.py:925} INFO - DAG(s) 'example_skip_dag' retrieved from /Users/dineshsammeta/anaconda3/envs/python38/lib/python3.8/site-packages/airflow/example_dags/example_skip_dag.py
[2025-04-29T23:33:20.706+0100] {logging_mixin.py:190} INFO - [2025-04-29T23:33:20.706+0100] {override.py:1901} INFO - Created Permission View: can edit on DAG:example_skip_dag
[2025-04-29T23:33:20.711+0100] {logging_mixin.py:190} INFO - [2025-04-29T23:33:20.711+0100] {override.py:1901} INFO - Created Permission View: can delete on DAG:example_skip_dag
[2025-04-29T23:33:20.714+0100] {logging_mixin.py:190} INFO - [2025-04-29T23:33:20.714+0100] {override.py:1901} INFO - Created Permission View: can read on DAG:example_skip_dag
[2025-04-29T23:33:20.718+0100] {logging_mixin.py:190} INFO - [2025-04-29T23:33:20.718+0100] {override.py:1901} INFO - Created Permission View: can delete on DAG Run:example_skip_dag
[2025-04-29T23:33:20.721+0100] {logging_mixin.py:190} INFO - [2025-04-29T23:33:20.721+0100] {override.py:1901} INFO - Created Permission View: menu access on DAG Run:example_skip_dag
[2025-04-29T23:33:20.724+0100] {logging_mixin.py:190} INFO - [2025-04-29T23:33:20.724+0100] {override.py:1901} INFO - Created Permission View: can read on DAG Run:example_skip_dag
[2025-04-29T23:33:20.727+0100] {logging_mixin.py:190} INFO - [2025-04-29T23:33:20.726+0100] {override.py:1901} INFO - Created Permission View: can create on DAG Run:example_skip_dag
[2025-04-29T23:33:20.727+0100] {logging_mixin.py:190} INFO - [2025-04-29T23:33:20.727+0100] {dag.py:3239} INFO - Sync 1 DAGs
[2025-04-29T23:33:20.734+0100] {logging_mixin.py:190} INFO - [2025-04-29T23:33:20.734+0100] {dag.py:3262} INFO - Creating ORM DAG for example_skip_dag
[2025-04-29T23:33:20.739+0100] {logging_mixin.py:190} INFO - [2025-04-29T23:33:20.739+0100] {dag.py:4180} INFO - Setting next_dagrun for example_skip_dag to 2025-04-28 00:00:00+00:00, run_after=2025-04-29 00:00:00+00:00
[2025-04-29T23:33:20.748+0100] {processor.py:208} INFO - Processing /Users/dineshsammeta/anaconda3/envs/python38/lib/python3.8/site-packages/airflow/example_dags/example_skip_dag.py took 0.190 seconds
[2025-04-29T23:35:28.449+0100] {processor.py:186} INFO - Started process (PID=64467) to work on /Users/dineshsammeta/anaconda3/envs/python38/lib/python3.8/site-packages/airflow/example_dags/example_skip_dag.py
[2025-04-29T23:35:28.450+0100] {processor.py:914} INFO - Processing file /Users/dineshsammeta/anaconda3/envs/python38/lib/python3.8/site-packages/airflow/example_dags/example_skip_dag.py for tasks to queue
[2025-04-29T23:35:28.451+0100] {logging_mixin.py:190} INFO - [2025-04-29T23:35:28.451+0100] {dagbag.py:588} INFO - Filling up the DagBag from /Users/dineshsammeta/anaconda3/envs/python38/lib/python3.8/site-packages/airflow/example_dags/example_skip_dag.py
[2025-04-29T23:35:28.456+0100] {processor.py:925} INFO - DAG(s) 'example_skip_dag' retrieved from /Users/dineshsammeta/anaconda3/envs/python38/lib/python3.8/site-packages/airflow/example_dags/example_skip_dag.py
[2025-04-29T23:35:28.550+0100] {logging_mixin.py:190} INFO - [2025-04-29T23:35:28.550+0100] {dag.py:3239} INFO - Sync 1 DAGs
[2025-04-29T23:35:28.561+0100] {logging_mixin.py:190} INFO - [2025-04-29T23:35:28.560+0100] {dag.py:4180} INFO - Setting next_dagrun for example_skip_dag to 2025-04-28 00:00:00+00:00, run_after=2025-04-29 00:00:00+00:00
[2025-04-29T23:35:28.570+0100] {processor.py:208} INFO - Processing /Users/dineshsammeta/anaconda3/envs/python38/lib/python3.8/site-packages/airflow/example_dags/example_skip_dag.py took 0.123 seconds
[2025-04-29T23:36:18.713+0100] {processor.py:186} INFO - Started process (PID=64656) to work on /Users/dineshsammeta/anaconda3/envs/python38/lib/python3.8/site-packages/airflow/example_dags/example_skip_dag.py
[2025-04-29T23:36:18.715+0100] {processor.py:914} INFO - Processing file /Users/dineshsammeta/anaconda3/envs/python38/lib/python3.8/site-packages/airflow/example_dags/example_skip_dag.py for tasks to queue
[2025-04-29T23:36:18.715+0100] {logging_mixin.py:190} INFO - [2025-04-29T23:36:18.715+0100] {dagbag.py:588} INFO - Filling up the DagBag from /Users/dineshsammeta/anaconda3/envs/python38/lib/python3.8/site-packages/airflow/example_dags/example_skip_dag.py
[2025-04-29T23:36:18.721+0100] {processor.py:925} INFO - DAG(s) 'example_skip_dag' retrieved from /Users/dineshsammeta/anaconda3/envs/python38/lib/python3.8/site-packages/airflow/example_dags/example_skip_dag.py
[2025-04-29T23:36:18.816+0100] {logging_mixin.py:190} INFO - [2025-04-29T23:36:18.816+0100] {dag.py:3239} INFO - Sync 1 DAGs
[2025-04-29T23:36:18.826+0100] {logging_mixin.py:190} INFO - [2025-04-29T23:36:18.826+0100] {dag.py:4180} INFO - Setting next_dagrun for example_skip_dag to 2025-04-28 00:00:00+00:00, run_after=2025-04-29 00:00:00+00:00
[2025-04-29T23:36:18.836+0100] {processor.py:208} INFO - Processing /Users/dineshsammeta/anaconda3/envs/python38/lib/python3.8/site-packages/airflow/example_dags/example_skip_dag.py took 0.126 seconds
[2025-04-29T23:37:16.643+0100] {processor.py:186} INFO - Started process (PID=64838) to work on /Users/dineshsammeta/anaconda3/envs/python38/lib/python3.8/site-packages/airflow/example_dags/example_skip_dag.py
[2025-04-29T23:37:16.644+0100] {processor.py:914} INFO - Processing file /Users/dineshsammeta/anaconda3/envs/python38/lib/python3.8/site-packages/airflow/example_dags/example_skip_dag.py for tasks to queue
[2025-04-29T23:37:16.644+0100] {logging_mixin.py:190} INFO - [2025-04-29T23:37:16.644+0100] {dagbag.py:588} INFO - Filling up the DagBag from /Users/dineshsammeta/anaconda3/envs/python38/lib/python3.8/site-packages/airflow/example_dags/example_skip_dag.py
[2025-04-29T23:37:16.650+0100] {processor.py:925} INFO - DAG(s) 'example_skip_dag' retrieved from /Users/dineshsammeta/anaconda3/envs/python38/lib/python3.8/site-packages/airflow/example_dags/example_skip_dag.py
[2025-04-29T23:37:16.744+0100] {logging_mixin.py:190} INFO - [2025-04-29T23:37:16.744+0100] {dag.py:3239} INFO - Sync 1 DAGs
[2025-04-29T23:37:16.754+0100] {logging_mixin.py:190} INFO - [2025-04-29T23:37:16.754+0100] {dag.py:4180} INFO - Setting next_dagrun for example_skip_dag to 2025-04-28 00:00:00+00:00, run_after=2025-04-29 00:00:00+00:00
[2025-04-29T23:37:16.764+0100] {processor.py:208} INFO - Processing /Users/dineshsammeta/anaconda3/envs/python38/lib/python3.8/site-packages/airflow/example_dags/example_skip_dag.py took 0.124 seconds
[2025-04-29T23:38:32.072+0100] {processor.py:186} INFO - Started process (PID=65157) to work on /Users/dineshsammeta/anaconda3/envs/python38/lib/python3.8/site-packages/airflow/example_dags/example_skip_dag.py
[2025-04-29T23:38:32.073+0100] {processor.py:914} INFO - Processing file /Users/dineshsammeta/anaconda3/envs/python38/lib/python3.8/site-packages/airflow/example_dags/example_skip_dag.py for tasks to queue
[2025-04-29T23:38:32.074+0100] {logging_mixin.py:190} INFO - [2025-04-29T23:38:32.074+0100] {dagbag.py:588} INFO - Filling up the DagBag from /Users/dineshsammeta/anaconda3/envs/python38/lib/python3.8/site-packages/airflow/example_dags/example_skip_dag.py
[2025-04-29T23:38:32.079+0100] {processor.py:925} INFO - DAG(s) 'example_skip_dag' retrieved from /Users/dineshsammeta/anaconda3/envs/python38/lib/python3.8/site-packages/airflow/example_dags/example_skip_dag.py
[2025-04-29T23:38:32.170+0100] {logging_mixin.py:190} INFO - [2025-04-29T23:38:32.170+0100] {dag.py:3239} INFO - Sync 1 DAGs
[2025-04-29T23:38:32.180+0100] {logging_mixin.py:190} INFO - [2025-04-29T23:38:32.180+0100] {dag.py:4180} INFO - Setting next_dagrun for example_skip_dag to 2025-04-28 00:00:00+00:00, run_after=2025-04-29 00:00:00+00:00
[2025-04-29T23:38:32.190+0100] {processor.py:208} INFO - Processing /Users/dineshsammeta/anaconda3/envs/python38/lib/python3.8/site-packages/airflow/example_dags/example_skip_dag.py took 0.120 seconds
