[2025-04-29T23:34:03.212+0100] {processor.py:186} INFO - Started process (PID=64227) to work on /Users/dineshsammeta/anaconda3/envs/python38/lib/python3.8/site-packages/airflow/example_dags/example_dynamic_task_mapping_with_no_taskflow_operators.py
[2025-04-29T23:34:03.213+0100] {processor.py:914} INFO - Processing file /Users/dineshsammeta/anaconda3/envs/python38/lib/python3.8/site-packages/airflow/example_dags/example_dynamic_task_mapping_with_no_taskflow_operators.py for tasks to queue
[2025-04-29T23:34:03.213+0100] {logging_mixin.py:190} INFO - [2025-04-29T23:34:03.213+0100] {dagbag.py:588} INFO - Filling up the DagBag from /Users/dineshsammeta/anaconda3/envs/python38/lib/python3.8/site-packages/airflow/example_dags/example_dynamic_task_mapping_with_no_taskflow_operators.py
[2025-04-29T23:34:03.219+0100] {processor.py:925} INFO - DAG(s) 'example_dynamic_task_mapping_with_no_taskflow_operators' retrieved from /Users/dineshsammeta/anaconda3/envs/python38/lib/python3.8/site-packages/airflow/example_dags/example_dynamic_task_mapping_with_no_taskflow_operators.py
[2025-04-29T23:34:03.355+0100] {logging_mixin.py:190} INFO - [2025-04-29T23:34:03.355+0100] {override.py:1901} INFO - Created Permission View: can edit on DAG:example_dynamic_task_mapping_with_no_taskflow_operators
[2025-04-29T23:34:03.360+0100] {logging_mixin.py:190} INFO - [2025-04-29T23:34:03.360+0100] {override.py:1901} INFO - Created Permission View: can read on DAG:example_dynamic_task_mapping_with_no_taskflow_operators
[2025-04-29T23:34:03.363+0100] {logging_mixin.py:190} INFO - [2025-04-29T23:34:03.363+0100] {override.py:1901} INFO - Created Permission View: can delete on DAG:example_dynamic_task_mapping_with_no_taskflow_operators
[2025-04-29T23:34:03.367+0100] {logging_mixin.py:190} INFO - [2025-04-29T23:34:03.367+0100] {override.py:1901} INFO - Created Permission View: can read on DAG Run:example_dynamic_task_mapping_with_no_taskflow_operators
[2025-04-29T23:34:03.370+0100] {logging_mixin.py:190} INFO - [2025-04-29T23:34:03.370+0100] {override.py:1901} INFO - Created Permission View: can create on DAG Run:example_dynamic_task_mapping_with_no_taskflow_operators
[2025-04-29T23:34:03.373+0100] {logging_mixin.py:190} INFO - [2025-04-29T23:34:03.373+0100] {override.py:1901} INFO - Created Permission View: menu access on DAG Run:example_dynamic_task_mapping_with_no_taskflow_operators
[2025-04-29T23:34:03.376+0100] {logging_mixin.py:190} INFO - [2025-04-29T23:34:03.376+0100] {override.py:1901} INFO - Created Permission View: can delete on DAG Run:example_dynamic_task_mapping_with_no_taskflow_operators
[2025-04-29T23:34:03.376+0100] {logging_mixin.py:190} INFO - [2025-04-29T23:34:03.376+0100] {dag.py:3239} INFO - Sync 1 DAGs
[2025-04-29T23:34:03.383+0100] {logging_mixin.py:190} INFO - [2025-04-29T23:34:03.383+0100] {dag.py:3262} INFO - Creating ORM DAG for example_dynamic_task_mapping_with_no_taskflow_operators
[2025-04-29T23:34:03.384+0100] {logging_mixin.py:190} INFO - [2025-04-29T23:34:03.384+0100] {dag.py:4180} INFO - Setting next_dagrun for example_dynamic_task_mapping_with_no_taskflow_operators to None, run_after=None
[2025-04-29T23:34:03.392+0100] {processor.py:208} INFO - Processing /Users/dineshsammeta/anaconda3/envs/python38/lib/python3.8/site-packages/airflow/example_dags/example_dynamic_task_mapping_with_no_taskflow_operators.py took 0.182 seconds
[2025-04-29T23:36:11.511+0100] {processor.py:186} INFO - Started process (PID=64634) to work on /Users/dineshsammeta/anaconda3/envs/python38/lib/python3.8/site-packages/airflow/example_dags/example_dynamic_task_mapping_with_no_taskflow_operators.py
[2025-04-29T23:36:11.512+0100] {processor.py:914} INFO - Processing file /Users/dineshsammeta/anaconda3/envs/python38/lib/python3.8/site-packages/airflow/example_dags/example_dynamic_task_mapping_with_no_taskflow_operators.py for tasks to queue
[2025-04-29T23:36:11.513+0100] {logging_mixin.py:190} INFO - [2025-04-29T23:36:11.513+0100] {dagbag.py:588} INFO - Filling up the DagBag from /Users/dineshsammeta/anaconda3/envs/python38/lib/python3.8/site-packages/airflow/example_dags/example_dynamic_task_mapping_with_no_taskflow_operators.py
[2025-04-29T23:36:11.518+0100] {processor.py:925} INFO - DAG(s) 'example_dynamic_task_mapping_with_no_taskflow_operators' retrieved from /Users/dineshsammeta/anaconda3/envs/python38/lib/python3.8/site-packages/airflow/example_dags/example_dynamic_task_mapping_with_no_taskflow_operators.py
[2025-04-29T23:36:11.611+0100] {logging_mixin.py:190} INFO - [2025-04-29T23:36:11.610+0100] {dag.py:3239} INFO - Sync 1 DAGs
[2025-04-29T23:36:11.617+0100] {logging_mixin.py:190} INFO - [2025-04-29T23:36:11.617+0100] {dag.py:4180} INFO - Setting next_dagrun for example_dynamic_task_mapping_with_no_taskflow_operators to None, run_after=None
[2025-04-29T23:36:11.629+0100] {processor.py:208} INFO - Processing /Users/dineshsammeta/anaconda3/envs/python38/lib/python3.8/site-packages/airflow/example_dags/example_dynamic_task_mapping_with_no_taskflow_operators.py took 0.120 seconds
[2025-04-29T23:37:12.375+0100] {processor.py:186} INFO - Started process (PID=64824) to work on /Users/dineshsammeta/anaconda3/envs/python38/lib/python3.8/site-packages/airflow/example_dags/example_dynamic_task_mapping_with_no_taskflow_operators.py
[2025-04-29T23:37:12.376+0100] {processor.py:914} INFO - Processing file /Users/dineshsammeta/anaconda3/envs/python38/lib/python3.8/site-packages/airflow/example_dags/example_dynamic_task_mapping_with_no_taskflow_operators.py for tasks to queue
[2025-04-29T23:37:12.377+0100] {logging_mixin.py:190} INFO - [2025-04-29T23:37:12.376+0100] {dagbag.py:588} INFO - Filling up the DagBag from /Users/dineshsammeta/anaconda3/envs/python38/lib/python3.8/site-packages/airflow/example_dags/example_dynamic_task_mapping_with_no_taskflow_operators.py
[2025-04-29T23:37:12.382+0100] {processor.py:925} INFO - DAG(s) 'example_dynamic_task_mapping_with_no_taskflow_operators' retrieved from /Users/dineshsammeta/anaconda3/envs/python38/lib/python3.8/site-packages/airflow/example_dags/example_dynamic_task_mapping_with_no_taskflow_operators.py
[2025-04-29T23:37:12.474+0100] {logging_mixin.py:190} INFO - [2025-04-29T23:37:12.474+0100] {dag.py:3239} INFO - Sync 1 DAGs
[2025-04-29T23:37:12.480+0100] {logging_mixin.py:190} INFO - [2025-04-29T23:37:12.480+0100] {dag.py:4180} INFO - Setting next_dagrun for example_dynamic_task_mapping_with_no_taskflow_operators to None, run_after=None
[2025-04-29T23:37:12.489+0100] {processor.py:208} INFO - Processing /Users/dineshsammeta/anaconda3/envs/python38/lib/python3.8/site-packages/airflow/example_dags/example_dynamic_task_mapping_with_no_taskflow_operators.py took 0.117 seconds
[2025-04-29T23:39:13.295+0100] {processor.py:186} INFO - Started process (PID=65246) to work on /Users/dineshsammeta/anaconda3/envs/python38/lib/python3.8/site-packages/airflow/example_dags/example_dynamic_task_mapping_with_no_taskflow_operators.py
[2025-04-29T23:39:13.296+0100] {processor.py:914} INFO - Processing file /Users/dineshsammeta/anaconda3/envs/python38/lib/python3.8/site-packages/airflow/example_dags/example_dynamic_task_mapping_with_no_taskflow_operators.py for tasks to queue
[2025-04-29T23:39:13.297+0100] {logging_mixin.py:190} INFO - [2025-04-29T23:39:13.297+0100] {dagbag.py:588} INFO - Filling up the DagBag from /Users/dineshsammeta/anaconda3/envs/python38/lib/python3.8/site-packages/airflow/example_dags/example_dynamic_task_mapping_with_no_taskflow_operators.py
[2025-04-29T23:39:13.302+0100] {processor.py:925} INFO - DAG(s) 'example_dynamic_task_mapping_with_no_taskflow_operators' retrieved from /Users/dineshsammeta/anaconda3/envs/python38/lib/python3.8/site-packages/airflow/example_dags/example_dynamic_task_mapping_with_no_taskflow_operators.py
[2025-04-29T23:39:13.392+0100] {logging_mixin.py:190} INFO - [2025-04-29T23:39:13.391+0100] {dag.py:3239} INFO - Sync 1 DAGs
[2025-04-29T23:39:13.397+0100] {logging_mixin.py:190} INFO - [2025-04-29T23:39:13.397+0100] {dag.py:4180} INFO - Setting next_dagrun for example_dynamic_task_mapping_with_no_taskflow_operators to None, run_after=None
[2025-04-29T23:39:13.408+0100] {processor.py:208} INFO - Processing /Users/dineshsammeta/anaconda3/envs/python38/lib/python3.8/site-packages/airflow/example_dags/example_dynamic_task_mapping_with_no_taskflow_operators.py took 0.115 seconds
