[2025-04-29T23:33:47.989+0100] {processor.py:186} INFO - Started process (PID=64200) to work on /Users/dineshsammeta/anaconda3/envs/python38/lib/python3.8/site-packages/airflow/example_dags/example_nested_branch_dag.py
[2025-04-29T23:33:47.990+0100] {processor.py:914} INFO - Processing file /Users/dineshsammeta/anaconda3/envs/python38/lib/python3.8/site-packages/airflow/example_dags/example_nested_branch_dag.py for tasks to queue
[2025-04-29T23:33:47.990+0100] {logging_mixin.py:190} INFO - [2025-04-29T23:33:47.990+0100] {dagbag.py:588} INFO - Filling up the DagBag from /Users/dineshsammeta/anaconda3/envs/python38/lib/python3.8/site-packages/airflow/example_dags/example_nested_branch_dag.py
[2025-04-29T23:33:48.046+0100] {processor.py:925} INFO - DAG(s) 'example_nested_branch_dag' retrieved from /Users/dineshsammeta/anaconda3/envs/python38/lib/python3.8/site-packages/airflow/example_dags/example_nested_branch_dag.py
[2025-04-29T23:33:48.158+0100] {logging_mixin.py:190} INFO - [2025-04-29T23:33:48.158+0100] {override.py:1901} INFO - Created Permission View: can delete on DAG:example_nested_branch_dag
[2025-04-29T23:33:48.163+0100] {logging_mixin.py:190} INFO - [2025-04-29T23:33:48.163+0100] {override.py:1901} INFO - Created Permission View: can edit on DAG:example_nested_branch_dag
[2025-04-29T23:33:48.167+0100] {logging_mixin.py:190} INFO - [2025-04-29T23:33:48.167+0100] {override.py:1901} INFO - Created Permission View: can read on DAG:example_nested_branch_dag
[2025-04-29T23:33:48.172+0100] {logging_mixin.py:190} INFO - [2025-04-29T23:33:48.171+0100] {override.py:1901} INFO - Created Permission View: can create on DAG Run:example_nested_branch_dag
[2025-04-29T23:33:48.175+0100] {logging_mixin.py:190} INFO - [2025-04-29T23:33:48.175+0100] {override.py:1901} INFO - Created Permission View: can delete on DAG Run:example_nested_branch_dag
[2025-04-29T23:33:48.178+0100] {logging_mixin.py:190} INFO - [2025-04-29T23:33:48.178+0100] {override.py:1901} INFO - Created Permission View: can read on DAG Run:example_nested_branch_dag
[2025-04-29T23:33:48.182+0100] {logging_mixin.py:190} INFO - [2025-04-29T23:33:48.181+0100] {override.py:1901} INFO - Created Permission View: menu access on DAG Run:example_nested_branch_dag
[2025-04-29T23:33:48.182+0100] {logging_mixin.py:190} INFO - [2025-04-29T23:33:48.182+0100] {dag.py:3239} INFO - Sync 1 DAGs
[2025-04-29T23:33:48.189+0100] {logging_mixin.py:190} INFO - [2025-04-29T23:33:48.189+0100] {dag.py:3262} INFO - Creating ORM DAG for example_nested_branch_dag
[2025-04-29T23:33:48.194+0100] {logging_mixin.py:190} INFO - [2025-04-29T23:33:48.194+0100] {dag.py:4180} INFO - Setting next_dagrun for example_nested_branch_dag to 2025-04-28 00:00:00+00:00, run_after=2025-04-29 00:00:00+00:00
[2025-04-29T23:33:48.205+0100] {processor.py:208} INFO - Processing /Users/dineshsammeta/anaconda3/envs/python38/lib/python3.8/site-packages/airflow/example_dags/example_nested_branch_dag.py took 0.218 seconds
[2025-04-29T23:35:56.303+0100] {processor.py:186} INFO - Started process (PID=64567) to work on /Users/dineshsammeta/anaconda3/envs/python38/lib/python3.8/site-packages/airflow/example_dags/example_nested_branch_dag.py
[2025-04-29T23:35:56.304+0100] {processor.py:914} INFO - Processing file /Users/dineshsammeta/anaconda3/envs/python38/lib/python3.8/site-packages/airflow/example_dags/example_nested_branch_dag.py for tasks to queue
[2025-04-29T23:35:56.304+0100] {logging_mixin.py:190} INFO - [2025-04-29T23:35:56.304+0100] {dagbag.py:588} INFO - Filling up the DagBag from /Users/dineshsammeta/anaconda3/envs/python38/lib/python3.8/site-packages/airflow/example_dags/example_nested_branch_dag.py
[2025-04-29T23:35:56.360+0100] {processor.py:925} INFO - DAG(s) 'example_nested_branch_dag' retrieved from /Users/dineshsammeta/anaconda3/envs/python38/lib/python3.8/site-packages/airflow/example_dags/example_nested_branch_dag.py
[2025-04-29T23:35:56.418+0100] {logging_mixin.py:190} INFO - [2025-04-29T23:35:56.418+0100] {dag.py:3239} INFO - Sync 1 DAGs
[2025-04-29T23:35:56.429+0100] {logging_mixin.py:190} INFO - [2025-04-29T23:35:56.429+0100] {dag.py:4180} INFO - Setting next_dagrun for example_nested_branch_dag to 2025-04-28 00:00:00+00:00, run_after=2025-04-29 00:00:00+00:00
[2025-04-29T23:35:56.440+0100] {processor.py:208} INFO - Processing /Users/dineshsammeta/anaconda3/envs/python38/lib/python3.8/site-packages/airflow/example_dags/example_nested_branch_dag.py took 0.139 seconds
[2025-04-29T23:36:55.939+0100] {processor.py:186} INFO - Started process (PID=64766) to work on /Users/dineshsammeta/anaconda3/envs/python38/lib/python3.8/site-packages/airflow/example_dags/example_nested_branch_dag.py
[2025-04-29T23:36:55.939+0100] {processor.py:914} INFO - Processing file /Users/dineshsammeta/anaconda3/envs/python38/lib/python3.8/site-packages/airflow/example_dags/example_nested_branch_dag.py for tasks to queue
[2025-04-29T23:36:55.940+0100] {logging_mixin.py:190} INFO - [2025-04-29T23:36:55.940+0100] {dagbag.py:588} INFO - Filling up the DagBag from /Users/dineshsammeta/anaconda3/envs/python38/lib/python3.8/site-packages/airflow/example_dags/example_nested_branch_dag.py
[2025-04-29T23:36:56.002+0100] {processor.py:925} INFO - DAG(s) 'example_nested_branch_dag' retrieved from /Users/dineshsammeta/anaconda3/envs/python38/lib/python3.8/site-packages/airflow/example_dags/example_nested_branch_dag.py
[2025-04-29T23:36:56.068+0100] {logging_mixin.py:190} INFO - [2025-04-29T23:36:56.068+0100] {dag.py:3239} INFO - Sync 1 DAGs
[2025-04-29T23:36:56.080+0100] {logging_mixin.py:190} INFO - [2025-04-29T23:36:56.080+0100] {dag.py:4180} INFO - Setting next_dagrun for example_nested_branch_dag to 2025-04-28 00:00:00+00:00, run_after=2025-04-29 00:00:00+00:00
[2025-04-29T23:36:56.093+0100] {processor.py:208} INFO - Processing /Users/dineshsammeta/anaconda3/envs/python38/lib/python3.8/site-packages/airflow/example_dags/example_nested_branch_dag.py took 0.157 seconds
[2025-04-29T23:38:59.160+0100] {processor.py:186} INFO - Started process (PID=65217) to work on /Users/dineshsammeta/anaconda3/envs/python38/lib/python3.8/site-packages/airflow/example_dags/example_nested_branch_dag.py
[2025-04-29T23:38:59.161+0100] {processor.py:914} INFO - Processing file /Users/dineshsammeta/anaconda3/envs/python38/lib/python3.8/site-packages/airflow/example_dags/example_nested_branch_dag.py for tasks to queue
[2025-04-29T23:38:59.162+0100] {logging_mixin.py:190} INFO - [2025-04-29T23:38:59.162+0100] {dagbag.py:588} INFO - Filling up the DagBag from /Users/dineshsammeta/anaconda3/envs/python38/lib/python3.8/site-packages/airflow/example_dags/example_nested_branch_dag.py
[2025-04-29T23:38:59.214+0100] {processor.py:925} INFO - DAG(s) 'example_nested_branch_dag' retrieved from /Users/dineshsammeta/anaconda3/envs/python38/lib/python3.8/site-packages/airflow/example_dags/example_nested_branch_dag.py
[2025-04-29T23:38:59.272+0100] {logging_mixin.py:190} INFO - [2025-04-29T23:38:59.271+0100] {dag.py:3239} INFO - Sync 1 DAGs
[2025-04-29T23:38:59.282+0100] {logging_mixin.py:190} INFO - [2025-04-29T23:38:59.282+0100] {dag.py:4180} INFO - Setting next_dagrun for example_nested_branch_dag to 2025-04-28 00:00:00+00:00, run_after=2025-04-29 00:00:00+00:00
[2025-04-29T23:38:59.293+0100] {processor.py:208} INFO - Processing /Users/dineshsammeta/anaconda3/envs/python38/lib/python3.8/site-packages/airflow/example_dags/example_nested_branch_dag.py took 0.135 seconds
