[2025-04-29T23:34:32.706+0100] {processor.py:186} INFO - Started process (PID=64276) to work on /Users/dineshsammeta/anaconda3/envs/python38/lib/python3.8/site-packages/airflow/example_dags/example_branch_day_of_week_operator.py
[2025-04-29T23:34:32.706+0100] {processor.py:914} INFO - Processing file /Users/dineshsammeta/anaconda3/envs/python38/lib/python3.8/site-packages/airflow/example_dags/example_branch_day_of_week_operator.py for tasks to queue
[2025-04-29T23:34:32.707+0100] {logging_mixin.py:190} INFO - [2025-04-29T23:34:32.707+0100] {dagbag.py:588} INFO - Filling up the DagBag from /Users/dineshsammeta/anaconda3/envs/python38/lib/python3.8/site-packages/airflow/example_dags/example_branch_day_of_week_operator.py
[2025-04-29T23:34:32.714+0100] {processor.py:925} INFO - DAG(s) 'example_weekday_branch_operator' retrieved from /Users/dineshsammeta/anaconda3/envs/python38/lib/python3.8/site-packages/airflow/example_dags/example_branch_day_of_week_operator.py
[2025-04-29T23:34:32.864+0100] {logging_mixin.py:190} INFO - [2025-04-29T23:34:32.863+0100] {override.py:1901} INFO - Created Permission View: can read on DAG:example_weekday_branch_operator
[2025-04-29T23:34:32.869+0100] {logging_mixin.py:190} INFO - [2025-04-29T23:34:32.868+0100] {override.py:1901} INFO - Created Permission View: can delete on DAG:example_weekday_branch_operator
[2025-04-29T23:34:32.872+0100] {logging_mixin.py:190} INFO - [2025-04-29T23:34:32.872+0100] {override.py:1901} INFO - Created Permission View: can edit on DAG:example_weekday_branch_operator
[2025-04-29T23:34:32.876+0100] {logging_mixin.py:190} INFO - [2025-04-29T23:34:32.876+0100] {override.py:1901} INFO - Created Permission View: can read on DAG Run:example_weekday_branch_operator
[2025-04-29T23:34:32.880+0100] {logging_mixin.py:190} INFO - [2025-04-29T23:34:32.879+0100] {override.py:1901} INFO - Created Permission View: can delete on DAG Run:example_weekday_branch_operator
[2025-04-29T23:34:32.883+0100] {logging_mixin.py:190} INFO - [2025-04-29T23:34:32.883+0100] {override.py:1901} INFO - Created Permission View: can create on DAG Run:example_weekday_branch_operator
[2025-04-29T23:34:32.886+0100] {logging_mixin.py:190} INFO - [2025-04-29T23:34:32.886+0100] {override.py:1901} INFO - Created Permission View: menu access on DAG Run:example_weekday_branch_operator
[2025-04-29T23:34:32.886+0100] {logging_mixin.py:190} INFO - [2025-04-29T23:34:32.886+0100] {dag.py:3239} INFO - Sync 1 DAGs
[2025-04-29T23:34:32.894+0100] {logging_mixin.py:190} INFO - [2025-04-29T23:34:32.894+0100] {dag.py:3262} INFO - Creating ORM DAG for example_weekday_branch_operator
[2025-04-29T23:34:32.899+0100] {logging_mixin.py:190} INFO - [2025-04-29T23:34:32.899+0100] {dag.py:4180} INFO - Setting next_dagrun for example_weekday_branch_operator to 2025-04-28 00:00:00+00:00, run_after=2025-04-29 00:00:00+00:00
[2025-04-29T23:34:32.908+0100] {processor.py:208} INFO - Processing /Users/dineshsammeta/anaconda3/envs/python38/lib/python3.8/site-packages/airflow/example_dags/example_branch_day_of_week_operator.py took 0.205 seconds
[2025-04-29T23:39:38.068+0100] {processor.py:186} INFO - Started process (PID=65297) to work on /Users/dineshsammeta/anaconda3/envs/python38/lib/python3.8/site-packages/airflow/example_dags/example_branch_day_of_week_operator.py
[2025-04-29T23:39:38.069+0100] {processor.py:914} INFO - Processing file /Users/dineshsammeta/anaconda3/envs/python38/lib/python3.8/site-packages/airflow/example_dags/example_branch_day_of_week_operator.py for tasks to queue
[2025-04-29T23:39:38.070+0100] {logging_mixin.py:190} INFO - [2025-04-29T23:39:38.069+0100] {dagbag.py:588} INFO - Filling up the DagBag from /Users/dineshsammeta/anaconda3/envs/python38/lib/python3.8/site-packages/airflow/example_dags/example_branch_day_of_week_operator.py
[2025-04-29T23:39:38.077+0100] {processor.py:925} INFO - DAG(s) 'example_weekday_branch_operator' retrieved from /Users/dineshsammeta/anaconda3/envs/python38/lib/python3.8/site-packages/airflow/example_dags/example_branch_day_of_week_operator.py
[2025-04-29T23:39:38.169+0100] {logging_mixin.py:190} INFO - [2025-04-29T23:39:38.169+0100] {dag.py:3239} INFO - Sync 1 DAGs
[2025-04-29T23:39:38.180+0100] {logging_mixin.py:190} INFO - [2025-04-29T23:39:38.180+0100] {dag.py:4180} INFO - Setting next_dagrun for example_weekday_branch_operator to 2025-04-28 00:00:00+00:00, run_after=2025-04-29 00:00:00+00:00
[2025-04-29T23:39:38.190+0100] {processor.py:208} INFO - Processing /Users/dineshsammeta/anaconda3/envs/python38/lib/python3.8/site-packages/airflow/example_dags/example_branch_day_of_week_operator.py took 0.124 seconds
