[2025-04-29T23:33:54.397+0100] {processor.py:186} INFO - Started process (PID=64214) to work on /Users/dineshsammeta/anaconda3/envs/python38/lib/python3.8/site-packages/airflow/example_dags/example_latest_only.py
[2025-04-29T23:33:54.398+0100] {processor.py:914} INFO - Processing file /Users/dineshsammeta/anaconda3/envs/python38/lib/python3.8/site-packages/airflow/example_dags/example_latest_only.py for tasks to queue
[2025-04-29T23:33:54.398+0100] {logging_mixin.py:190} INFO - [2025-04-29T23:33:54.398+0100] {dagbag.py:588} INFO - Filling up the DagBag from /Users/dineshsammeta/anaconda3/envs/python38/lib/python3.8/site-packages/airflow/example_dags/example_latest_only.py
[2025-04-29T23:33:54.404+0100] {processor.py:925} INFO - DAG(s) 'latest_only' retrieved from /Users/dineshsammeta/anaconda3/envs/python38/lib/python3.8/site-packages/airflow/example_dags/example_latest_only.py
[2025-04-29T23:33:54.540+0100] {logging_mixin.py:190} INFO - [2025-04-29T23:33:54.540+0100] {override.py:1901} INFO - Created Permission View: can read on DAG:latest_only
[2025-04-29T23:33:54.545+0100] {logging_mixin.py:190} INFO - [2025-04-29T23:33:54.545+0100] {override.py:1901} INFO - Created Permission View: can delete on DAG:latest_only
[2025-04-29T23:33:54.548+0100] {logging_mixin.py:190} INFO - [2025-04-29T23:33:54.548+0100] {override.py:1901} INFO - Created Permission View: can edit on DAG:latest_only
[2025-04-29T23:33:54.551+0100] {logging_mixin.py:190} INFO - [2025-04-29T23:33:54.551+0100] {override.py:1901} INFO - Created Permission View: menu access on DAG Run:latest_only
[2025-04-29T23:33:54.554+0100] {logging_mixin.py:190} INFO - [2025-04-29T23:33:54.554+0100] {override.py:1901} INFO - Created Permission View: can create on DAG Run:latest_only
[2025-04-29T23:33:54.557+0100] {logging_mixin.py:190} INFO - [2025-04-29T23:33:54.557+0100] {override.py:1901} INFO - Created Permission View: can read on DAG Run:latest_only
[2025-04-29T23:33:54.560+0100] {logging_mixin.py:190} INFO - [2025-04-29T23:33:54.560+0100] {override.py:1901} INFO - Created Permission View: can delete on DAG Run:latest_only
[2025-04-29T23:33:54.560+0100] {logging_mixin.py:190} INFO - [2025-04-29T23:33:54.560+0100] {dag.py:3239} INFO - Sync 1 DAGs
[2025-04-29T23:33:54.568+0100] {logging_mixin.py:190} INFO - [2025-04-29T23:33:54.567+0100] {dag.py:3262} INFO - Creating ORM DAG for latest_only
[2025-04-29T23:33:54.572+0100] {logging_mixin.py:190} INFO - [2025-04-29T23:33:54.572+0100] {dag.py:4180} INFO - Setting next_dagrun for latest_only to 2025-04-29 16:00:00+00:00, run_after=2025-04-29 20:00:00+00:00
[2025-04-29T23:33:54.581+0100] {processor.py:208} INFO - Processing /Users/dineshsammeta/anaconda3/envs/python38/lib/python3.8/site-packages/airflow/example_dags/example_latest_only.py took 0.186 seconds
[2025-04-29T23:36:02.193+0100] {processor.py:186} INFO - Started process (PID=64609) to work on /Users/dineshsammeta/anaconda3/envs/python38/lib/python3.8/site-packages/airflow/example_dags/example_latest_only.py
[2025-04-29T23:36:02.194+0100] {processor.py:914} INFO - Processing file /Users/dineshsammeta/anaconda3/envs/python38/lib/python3.8/site-packages/airflow/example_dags/example_latest_only.py for tasks to queue
[2025-04-29T23:36:02.194+0100] {logging_mixin.py:190} INFO - [2025-04-29T23:36:02.194+0100] {dagbag.py:588} INFO - Filling up the DagBag from /Users/dineshsammeta/anaconda3/envs/python38/lib/python3.8/site-packages/airflow/example_dags/example_latest_only.py
[2025-04-29T23:36:02.199+0100] {processor.py:925} INFO - DAG(s) 'latest_only' retrieved from /Users/dineshsammeta/anaconda3/envs/python38/lib/python3.8/site-packages/airflow/example_dags/example_latest_only.py
[2025-04-29T23:36:02.293+0100] {logging_mixin.py:190} INFO - [2025-04-29T23:36:02.293+0100] {dag.py:3239} INFO - Sync 1 DAGs
[2025-04-29T23:36:02.303+0100] {logging_mixin.py:190} INFO - [2025-04-29T23:36:02.303+0100] {dag.py:4180} INFO - Setting next_dagrun for latest_only to 2025-04-29 16:00:00+00:00, run_after=2025-04-29 20:00:00+00:00
[2025-04-29T23:36:02.312+0100] {processor.py:208} INFO - Processing /Users/dineshsammeta/anaconda3/envs/python38/lib/python3.8/site-packages/airflow/example_dags/example_latest_only.py took 0.122 seconds
[2025-04-29T23:37:03.896+0100] {processor.py:186} INFO - Started process (PID=64793) to work on /Users/dineshsammeta/anaconda3/envs/python38/lib/python3.8/site-packages/airflow/example_dags/example_latest_only.py
[2025-04-29T23:37:03.897+0100] {processor.py:914} INFO - Processing file /Users/dineshsammeta/anaconda3/envs/python38/lib/python3.8/site-packages/airflow/example_dags/example_latest_only.py for tasks to queue
[2025-04-29T23:37:03.898+0100] {logging_mixin.py:190} INFO - [2025-04-29T23:37:03.897+0100] {dagbag.py:588} INFO - Filling up the DagBag from /Users/dineshsammeta/anaconda3/envs/python38/lib/python3.8/site-packages/airflow/example_dags/example_latest_only.py
[2025-04-29T23:37:03.903+0100] {processor.py:925} INFO - DAG(s) 'latest_only' retrieved from /Users/dineshsammeta/anaconda3/envs/python38/lib/python3.8/site-packages/airflow/example_dags/example_latest_only.py
[2025-04-29T23:37:03.999+0100] {logging_mixin.py:190} INFO - [2025-04-29T23:37:03.998+0100] {dag.py:3239} INFO - Sync 1 DAGs
[2025-04-29T23:37:04.009+0100] {logging_mixin.py:190} INFO - [2025-04-29T23:37:04.009+0100] {dag.py:4180} INFO - Setting next_dagrun for latest_only to 2025-04-29 16:00:00+00:00, run_after=2025-04-29 20:00:00+00:00
[2025-04-29T23:37:04.020+0100] {processor.py:208} INFO - Processing /Users/dineshsammeta/anaconda3/envs/python38/lib/python3.8/site-packages/airflow/example_dags/example_latest_only.py took 0.127 seconds
[2025-04-29T23:39:04.694+0100] {processor.py:186} INFO - Started process (PID=65229) to work on /Users/dineshsammeta/anaconda3/envs/python38/lib/python3.8/site-packages/airflow/example_dags/example_latest_only.py
[2025-04-29T23:39:04.695+0100] {processor.py:914} INFO - Processing file /Users/dineshsammeta/anaconda3/envs/python38/lib/python3.8/site-packages/airflow/example_dags/example_latest_only.py for tasks to queue
[2025-04-29T23:39:04.696+0100] {logging_mixin.py:190} INFO - [2025-04-29T23:39:04.696+0100] {dagbag.py:588} INFO - Filling up the DagBag from /Users/dineshsammeta/anaconda3/envs/python38/lib/python3.8/site-packages/airflow/example_dags/example_latest_only.py
[2025-04-29T23:39:04.701+0100] {processor.py:925} INFO - DAG(s) 'latest_only' retrieved from /Users/dineshsammeta/anaconda3/envs/python38/lib/python3.8/site-packages/airflow/example_dags/example_latest_only.py
[2025-04-29T23:39:04.787+0100] {logging_mixin.py:190} INFO - [2025-04-29T23:39:04.787+0100] {dag.py:3239} INFO - Sync 1 DAGs
[2025-04-29T23:39:04.797+0100] {logging_mixin.py:190} INFO - [2025-04-29T23:39:04.797+0100] {dag.py:4180} INFO - Setting next_dagrun for latest_only to 2025-04-29 16:00:00+00:00, run_after=2025-04-29 20:00:00+00:00
[2025-04-29T23:39:04.806+0100] {processor.py:208} INFO - Processing /Users/dineshsammeta/anaconda3/envs/python38/lib/python3.8/site-packages/airflow/example_dags/example_latest_only.py took 0.114 seconds
