[2025-04-29T23:33:46.351+0100] {processor.py:186} INFO - Started process (PID=64197) to work on /Users/dineshsammeta/anaconda3/envs/python38/lib/python3.8/site-packages/airflow/example_dags/example_outlet_event_extra.py
[2025-04-29T23:33:46.352+0100] {processor.py:914} INFO - Processing file /Users/dineshsammeta/anaconda3/envs/python38/lib/python3.8/site-packages/airflow/example_dags/example_outlet_event_extra.py for tasks to queue
[2025-04-29T23:33:46.352+0100] {logging_mixin.py:190} INFO - [2025-04-29T23:33:46.352+0100] {dagbag.py:588} INFO - Filling up the DagBag from /Users/dineshsammeta/anaconda3/envs/python38/lib/python3.8/site-packages/airflow/example_dags/example_outlet_event_extra.py
[2025-04-29T23:33:46.433+0100] {processor.py:925} INFO - DAG(s) 'dataset_with_extra_from_classic_operator', 'dataset_with_extra_by_context', 'dataset_with_extra_by_yield' retrieved from /Users/dineshsammeta/anaconda3/envs/python38/lib/python3.8/site-packages/airflow/example_dags/example_outlet_event_extra.py
[2025-04-29T23:33:46.540+0100] {logging_mixin.py:190} INFO - [2025-04-29T23:33:46.540+0100] {override.py:1901} INFO - Created Permission View: can edit on DAG:dataset_with_extra_from_classic_operator
[2025-04-29T23:33:46.545+0100] {logging_mixin.py:190} INFO - [2025-04-29T23:33:46.545+0100] {override.py:1901} INFO - Created Permission View: can delete on DAG:dataset_with_extra_from_classic_operator
[2025-04-29T23:33:46.548+0100] {logging_mixin.py:190} INFO - [2025-04-29T23:33:46.548+0100] {override.py:1901} INFO - Created Permission View: can read on DAG:dataset_with_extra_from_classic_operator
[2025-04-29T23:33:46.552+0100] {logging_mixin.py:190} INFO - [2025-04-29T23:33:46.552+0100] {override.py:1901} INFO - Created Permission View: menu access on DAG Run:dataset_with_extra_from_classic_operator
[2025-04-29T23:33:46.555+0100] {logging_mixin.py:190} INFO - [2025-04-29T23:33:46.555+0100] {override.py:1901} INFO - Created Permission View: can create on DAG Run:dataset_with_extra_from_classic_operator
[2025-04-29T23:33:46.558+0100] {logging_mixin.py:190} INFO - [2025-04-29T23:33:46.558+0100] {override.py:1901} INFO - Created Permission View: can delete on DAG Run:dataset_with_extra_from_classic_operator
[2025-04-29T23:33:46.561+0100] {logging_mixin.py:190} INFO - [2025-04-29T23:33:46.561+0100] {override.py:1901} INFO - Created Permission View: can read on DAG Run:dataset_with_extra_from_classic_operator
[2025-04-29T23:33:46.567+0100] {logging_mixin.py:190} INFO - [2025-04-29T23:33:46.567+0100] {override.py:1901} INFO - Created Permission View: can edit on DAG:dataset_with_extra_by_context
[2025-04-29T23:33:46.570+0100] {logging_mixin.py:190} INFO - [2025-04-29T23:33:46.570+0100] {override.py:1901} INFO - Created Permission View: can delete on DAG:dataset_with_extra_by_context
[2025-04-29T23:33:46.573+0100] {logging_mixin.py:190} INFO - [2025-04-29T23:33:46.573+0100] {override.py:1901} INFO - Created Permission View: can read on DAG:dataset_with_extra_by_context
[2025-04-29T23:33:46.577+0100] {logging_mixin.py:190} INFO - [2025-04-29T23:33:46.576+0100] {override.py:1901} INFO - Created Permission View: menu access on DAG Run:dataset_with_extra_by_context
[2025-04-29T23:33:46.579+0100] {logging_mixin.py:190} INFO - [2025-04-29T23:33:46.579+0100] {override.py:1901} INFO - Created Permission View: can create on DAG Run:dataset_with_extra_by_context
[2025-04-29T23:33:46.582+0100] {logging_mixin.py:190} INFO - [2025-04-29T23:33:46.582+0100] {override.py:1901} INFO - Created Permission View: can delete on DAG Run:dataset_with_extra_by_context
[2025-04-29T23:33:46.585+0100] {logging_mixin.py:190} INFO - [2025-04-29T23:33:46.585+0100] {override.py:1901} INFO - Created Permission View: can read on DAG Run:dataset_with_extra_by_context
[2025-04-29T23:33:46.592+0100] {logging_mixin.py:190} INFO - [2025-04-29T23:33:46.592+0100] {override.py:1901} INFO - Created Permission View: can edit on DAG:dataset_with_extra_by_yield
[2025-04-29T23:33:46.595+0100] {logging_mixin.py:190} INFO - [2025-04-29T23:33:46.595+0100] {override.py:1901} INFO - Created Permission View: can delete on DAG:dataset_with_extra_by_yield
[2025-04-29T23:33:46.598+0100] {logging_mixin.py:190} INFO - [2025-04-29T23:33:46.598+0100] {override.py:1901} INFO - Created Permission View: can read on DAG:dataset_with_extra_by_yield
[2025-04-29T23:33:46.601+0100] {logging_mixin.py:190} INFO - [2025-04-29T23:33:46.601+0100] {override.py:1901} INFO - Created Permission View: menu access on DAG Run:dataset_with_extra_by_yield
[2025-04-29T23:33:46.604+0100] {logging_mixin.py:190} INFO - [2025-04-29T23:33:46.604+0100] {override.py:1901} INFO - Created Permission View: can create on DAG Run:dataset_with_extra_by_yield
[2025-04-29T23:33:46.607+0100] {logging_mixin.py:190} INFO - [2025-04-29T23:33:46.607+0100] {override.py:1901} INFO - Created Permission View: can delete on DAG Run:dataset_with_extra_by_yield
[2025-04-29T23:33:46.610+0100] {logging_mixin.py:190} INFO - [2025-04-29T23:33:46.610+0100] {override.py:1901} INFO - Created Permission View: can read on DAG Run:dataset_with_extra_by_yield
[2025-04-29T23:33:46.610+0100] {logging_mixin.py:190} INFO - [2025-04-29T23:33:46.610+0100] {dag.py:3239} INFO - Sync 3 DAGs
[2025-04-29T23:33:46.617+0100] {logging_mixin.py:190} INFO - [2025-04-29T23:33:46.617+0100] {dag.py:3262} INFO - Creating ORM DAG for dataset_with_extra_by_context
[2025-04-29T23:33:46.617+0100] {logging_mixin.py:190} INFO - [2025-04-29T23:33:46.617+0100] {dag.py:3262} INFO - Creating ORM DAG for dataset_with_extra_from_classic_operator
[2025-04-29T23:33:46.617+0100] {logging_mixin.py:190} INFO - [2025-04-29T23:33:46.617+0100] {dag.py:3262} INFO - Creating ORM DAG for dataset_with_extra_by_yield
[2025-04-29T23:33:46.623+0100] {logging_mixin.py:190} INFO - [2025-04-29T23:33:46.623+0100] {dag.py:4180} INFO - Setting next_dagrun for dataset_with_extra_by_context to 2025-04-28 00:00:00+00:00, run_after=2025-04-29 00:00:00+00:00
[2025-04-29T23:33:46.624+0100] {logging_mixin.py:190} INFO - [2025-04-29T23:33:46.624+0100] {dag.py:4180} INFO - Setting next_dagrun for dataset_with_extra_by_yield to 2025-04-28 00:00:00+00:00, run_after=2025-04-29 00:00:00+00:00
[2025-04-29T23:33:46.625+0100] {logging_mixin.py:190} INFO - [2025-04-29T23:33:46.625+0100] {dag.py:4180} INFO - Setting next_dagrun for dataset_with_extra_from_classic_operator to 2025-04-28 00:00:00+00:00, run_after=2025-04-29 00:00:00+00:00
[2025-04-29T23:33:46.635+0100] {logging_mixin.py:190} INFO - [2025-04-29T23:33:46.635+0100] {workday.py:41} WARNING - Could not import pandas. Holidays will not be considered.
[2025-04-29T23:33:46.642+0100] {processor.py:208} INFO - Processing /Users/dineshsammeta/anaconda3/envs/python38/lib/python3.8/site-packages/airflow/example_dags/example_outlet_event_extra.py took 0.293 seconds
[2025-04-29T23:35:53.916+0100] {processor.py:186} INFO - Started process (PID=64558) to work on /Users/dineshsammeta/anaconda3/envs/python38/lib/python3.8/site-packages/airflow/example_dags/example_outlet_event_extra.py
[2025-04-29T23:35:53.917+0100] {processor.py:914} INFO - Processing file /Users/dineshsammeta/anaconda3/envs/python38/lib/python3.8/site-packages/airflow/example_dags/example_outlet_event_extra.py for tasks to queue
[2025-04-29T23:35:53.917+0100] {logging_mixin.py:190} INFO - [2025-04-29T23:35:53.917+0100] {dagbag.py:588} INFO - Filling up the DagBag from /Users/dineshsammeta/anaconda3/envs/python38/lib/python3.8/site-packages/airflow/example_dags/example_outlet_event_extra.py
[2025-04-29T23:35:53.999+0100] {processor.py:925} INFO - DAG(s) 'dataset_with_extra_from_classic_operator', 'dataset_with_extra_by_context', 'dataset_with_extra_by_yield' retrieved from /Users/dineshsammeta/anaconda3/envs/python38/lib/python3.8/site-packages/airflow/example_dags/example_outlet_event_extra.py
[2025-04-29T23:35:54.058+0100] {logging_mixin.py:190} INFO - [2025-04-29T23:35:54.058+0100] {dag.py:3239} INFO - Sync 3 DAGs
[2025-04-29T23:35:54.070+0100] {logging_mixin.py:190} INFO - [2025-04-29T23:35:54.069+0100] {dag.py:4180} INFO - Setting next_dagrun for dataset_with_extra_by_context to 2025-04-28 00:00:00+00:00, run_after=2025-04-29 00:00:00+00:00
[2025-04-29T23:35:54.072+0100] {logging_mixin.py:190} INFO - [2025-04-29T23:35:54.072+0100] {dag.py:4180} INFO - Setting next_dagrun for dataset_with_extra_by_yield to 2025-04-28 00:00:00+00:00, run_after=2025-04-29 00:00:00+00:00
[2025-04-29T23:35:54.073+0100] {logging_mixin.py:190} INFO - [2025-04-29T23:35:54.073+0100] {dag.py:4180} INFO - Setting next_dagrun for dataset_with_extra_from_classic_operator to 2025-04-28 00:00:00+00:00, run_after=2025-04-29 00:00:00+00:00
[2025-04-29T23:35:54.086+0100] {processor.py:208} INFO - Processing /Users/dineshsammeta/anaconda3/envs/python38/lib/python3.8/site-packages/airflow/example_dags/example_outlet_event_extra.py took 0.172 seconds
[2025-04-29T23:36:53.187+0100] {processor.py:186} INFO - Started process (PID=64759) to work on /Users/dineshsammeta/anaconda3/envs/python38/lib/python3.8/site-packages/airflow/example_dags/example_outlet_event_extra.py
[2025-04-29T23:36:53.188+0100] {processor.py:914} INFO - Processing file /Users/dineshsammeta/anaconda3/envs/python38/lib/python3.8/site-packages/airflow/example_dags/example_outlet_event_extra.py for tasks to queue
[2025-04-29T23:36:53.189+0100] {logging_mixin.py:190} INFO - [2025-04-29T23:36:53.189+0100] {dagbag.py:588} INFO - Filling up the DagBag from /Users/dineshsammeta/anaconda3/envs/python38/lib/python3.8/site-packages/airflow/example_dags/example_outlet_event_extra.py
[2025-04-29T23:36:53.277+0100] {processor.py:925} INFO - DAG(s) 'dataset_with_extra_by_yield', 'dataset_with_extra_by_context', 'dataset_with_extra_from_classic_operator' retrieved from /Users/dineshsammeta/anaconda3/envs/python38/lib/python3.8/site-packages/airflow/example_dags/example_outlet_event_extra.py
[2025-04-29T23:36:53.341+0100] {logging_mixin.py:190} INFO - [2025-04-29T23:36:53.341+0100] {dag.py:3239} INFO - Sync 3 DAGs
[2025-04-29T23:36:53.354+0100] {logging_mixin.py:190} INFO - [2025-04-29T23:36:53.354+0100] {dag.py:4180} INFO - Setting next_dagrun for dataset_with_extra_by_context to 2025-04-28 00:00:00+00:00, run_after=2025-04-29 00:00:00+00:00
[2025-04-29T23:36:53.357+0100] {logging_mixin.py:190} INFO - [2025-04-29T23:36:53.357+0100] {dag.py:4180} INFO - Setting next_dagrun for dataset_with_extra_by_yield to 2025-04-28 00:00:00+00:00, run_after=2025-04-29 00:00:00+00:00
[2025-04-29T23:36:53.359+0100] {logging_mixin.py:190} INFO - [2025-04-29T23:36:53.359+0100] {dag.py:4180} INFO - Setting next_dagrun for dataset_with_extra_from_classic_operator to 2025-04-28 00:00:00+00:00, run_after=2025-04-29 00:00:00+00:00
[2025-04-29T23:36:53.371+0100] {processor.py:208} INFO - Processing /Users/dineshsammeta/anaconda3/envs/python38/lib/python3.8/site-packages/airflow/example_dags/example_outlet_event_extra.py took 0.187 seconds
[2025-04-29T23:38:56.813+0100] {processor.py:186} INFO - Started process (PID=65214) to work on /Users/dineshsammeta/anaconda3/envs/python38/lib/python3.8/site-packages/airflow/example_dags/example_outlet_event_extra.py
[2025-04-29T23:38:56.814+0100] {processor.py:914} INFO - Processing file /Users/dineshsammeta/anaconda3/envs/python38/lib/python3.8/site-packages/airflow/example_dags/example_outlet_event_extra.py for tasks to queue
[2025-04-29T23:38:56.815+0100] {logging_mixin.py:190} INFO - [2025-04-29T23:38:56.815+0100] {dagbag.py:588} INFO - Filling up the DagBag from /Users/dineshsammeta/anaconda3/envs/python38/lib/python3.8/site-packages/airflow/example_dags/example_outlet_event_extra.py
[2025-04-29T23:38:56.895+0100] {processor.py:925} INFO - DAG(s) 'dataset_with_extra_by_context', 'dataset_with_extra_from_classic_operator', 'dataset_with_extra_by_yield' retrieved from /Users/dineshsammeta/anaconda3/envs/python38/lib/python3.8/site-packages/airflow/example_dags/example_outlet_event_extra.py
[2025-04-29T23:38:56.955+0100] {logging_mixin.py:190} INFO - [2025-04-29T23:38:56.955+0100] {dag.py:3239} INFO - Sync 3 DAGs
[2025-04-29T23:38:56.966+0100] {logging_mixin.py:190} INFO - [2025-04-29T23:38:56.966+0100] {dag.py:4180} INFO - Setting next_dagrun for dataset_with_extra_by_context to 2025-04-28 00:00:00+00:00, run_after=2025-04-29 00:00:00+00:00
[2025-04-29T23:38:56.968+0100] {logging_mixin.py:190} INFO - [2025-04-29T23:38:56.968+0100] {dag.py:4180} INFO - Setting next_dagrun for dataset_with_extra_by_yield to 2025-04-28 00:00:00+00:00, run_after=2025-04-29 00:00:00+00:00
[2025-04-29T23:38:56.969+0100] {logging_mixin.py:190} INFO - [2025-04-29T23:38:56.969+0100] {dag.py:4180} INFO - Setting next_dagrun for dataset_with_extra_from_classic_operator to 2025-04-28 00:00:00+00:00, run_after=2025-04-29 00:00:00+00:00
[2025-04-29T23:38:56.982+0100] {processor.py:208} INFO - Processing /Users/dineshsammeta/anaconda3/envs/python38/lib/python3.8/site-packages/airflow/example_dags/example_outlet_event_extra.py took 0.171 seconds
