[2025-04-29T23:33:09.327+0100] {processor.py:186} INFO - Started process (PID=64135) to work on /Users/dineshsammeta/anaconda3/envs/python38/lib/python3.8/site-packages/airflow/example_dags/example_time_delta_sensor_async.py
[2025-04-29T23:33:09.327+0100] {processor.py:914} INFO - Processing file /Users/dineshsammeta/anaconda3/envs/python38/lib/python3.8/site-packages/airflow/example_dags/example_time_delta_sensor_async.py for tasks to queue
[2025-04-29T23:33:09.328+0100] {logging_mixin.py:190} INFO - [2025-04-29T23:33:09.328+0100] {dagbag.py:588} INFO - Filling up the DagBag from /Users/dineshsammeta/anaconda3/envs/python38/lib/python3.8/site-packages/airflow/example_dags/example_time_delta_sensor_async.py
[2025-04-29T23:33:09.333+0100] {processor.py:925} INFO - DAG(s) 'example_time_delta_sensor_async' retrieved from /Users/dineshsammeta/anaconda3/envs/python38/lib/python3.8/site-packages/airflow/example_dags/example_time_delta_sensor_async.py
[2025-04-29T23:33:09.419+0100] {logging_mixin.py:190} INFO - [2025-04-29T23:33:09.419+0100] {workday.py:41} WARNING - Could not import pandas. Holidays will not be considered.
[2025-04-29T23:33:09.479+0100] {logging_mixin.py:190} INFO - [2025-04-29T23:33:09.479+0100] {override.py:1901} INFO - Created Permission View: can delete on DAG:example_time_delta_sensor_async
[2025-04-29T23:33:09.484+0100] {logging_mixin.py:190} INFO - [2025-04-29T23:33:09.484+0100] {override.py:1901} INFO - Created Permission View: can edit on DAG:example_time_delta_sensor_async
[2025-04-29T23:33:09.487+0100] {logging_mixin.py:190} INFO - [2025-04-29T23:33:09.487+0100] {override.py:1901} INFO - Created Permission View: can read on DAG:example_time_delta_sensor_async
[2025-04-29T23:33:09.491+0100] {logging_mixin.py:190} INFO - [2025-04-29T23:33:09.491+0100] {override.py:1901} INFO - Created Permission View: can create on DAG Run:example_time_delta_sensor_async
[2025-04-29T23:33:09.495+0100] {logging_mixin.py:190} INFO - [2025-04-29T23:33:09.494+0100] {override.py:1901} INFO - Created Permission View: menu access on DAG Run:example_time_delta_sensor_async
[2025-04-29T23:33:09.498+0100] {logging_mixin.py:190} INFO - [2025-04-29T23:33:09.498+0100] {override.py:1901} INFO - Created Permission View: can delete on DAG Run:example_time_delta_sensor_async
[2025-04-29T23:33:09.501+0100] {logging_mixin.py:190} INFO - [2025-04-29T23:33:09.501+0100] {override.py:1901} INFO - Created Permission View: can read on DAG Run:example_time_delta_sensor_async
[2025-04-29T23:33:09.501+0100] {logging_mixin.py:190} INFO - [2025-04-29T23:33:09.501+0100] {dag.py:3239} INFO - Sync 1 DAGs
[2025-04-29T23:33:09.509+0100] {logging_mixin.py:190} INFO - [2025-04-29T23:33:09.508+0100] {dag.py:3262} INFO - Creating ORM DAG for example_time_delta_sensor_async
[2025-04-29T23:33:09.509+0100] {logging_mixin.py:190} INFO - [2025-04-29T23:33:09.509+0100] {dag.py:4180} INFO - Setting next_dagrun for example_time_delta_sensor_async to None, run_after=None
[2025-04-29T23:33:09.518+0100] {processor.py:208} INFO - Processing /Users/dineshsammeta/anaconda3/envs/python38/lib/python3.8/site-packages/airflow/example_dags/example_time_delta_sensor_async.py took 0.193 seconds
[2025-04-29T23:35:18.292+0100] {processor.py:186} INFO - Started process (PID=64378) to work on /Users/dineshsammeta/anaconda3/envs/python38/lib/python3.8/site-packages/airflow/example_dags/example_time_delta_sensor_async.py
[2025-04-29T23:35:18.293+0100] {processor.py:914} INFO - Processing file /Users/dineshsammeta/anaconda3/envs/python38/lib/python3.8/site-packages/airflow/example_dags/example_time_delta_sensor_async.py for tasks to queue
[2025-04-29T23:35:18.294+0100] {logging_mixin.py:190} INFO - [2025-04-29T23:35:18.294+0100] {dagbag.py:588} INFO - Filling up the DagBag from /Users/dineshsammeta/anaconda3/envs/python38/lib/python3.8/site-packages/airflow/example_dags/example_time_delta_sensor_async.py
[2025-04-29T23:35:18.300+0100] {processor.py:925} INFO - DAG(s) 'example_time_delta_sensor_async' retrieved from /Users/dineshsammeta/anaconda3/envs/python38/lib/python3.8/site-packages/airflow/example_dags/example_time_delta_sensor_async.py
[2025-04-29T23:35:18.387+0100] {logging_mixin.py:190} INFO - [2025-04-29T23:35:18.387+0100] {workday.py:41} WARNING - Could not import pandas. Holidays will not be considered.
[2025-04-29T23:35:18.398+0100] {logging_mixin.py:190} INFO - [2025-04-29T23:35:18.398+0100] {dag.py:3239} INFO - Sync 1 DAGs
[2025-04-29T23:35:18.404+0100] {logging_mixin.py:190} INFO - [2025-04-29T23:35:18.404+0100] {dag.py:4180} INFO - Setting next_dagrun for example_time_delta_sensor_async to None, run_after=None
[2025-04-29T23:35:18.414+0100] {processor.py:208} INFO - Processing /Users/dineshsammeta/anaconda3/envs/python38/lib/python3.8/site-packages/airflow/example_dags/example_time_delta_sensor_async.py took 0.124 seconds
[2025-04-29T23:36:06.692+0100] {processor.py:186} INFO - Started process (PID=64622) to work on /Users/dineshsammeta/anaconda3/envs/python38/lib/python3.8/site-packages/airflow/example_dags/example_time_delta_sensor_async.py
[2025-04-29T23:36:06.695+0100] {processor.py:914} INFO - Processing file /Users/dineshsammeta/anaconda3/envs/python38/lib/python3.8/site-packages/airflow/example_dags/example_time_delta_sensor_async.py for tasks to queue
[2025-04-29T23:36:06.696+0100] {logging_mixin.py:190} INFO - [2025-04-29T23:36:06.696+0100] {dagbag.py:588} INFO - Filling up the DagBag from /Users/dineshsammeta/anaconda3/envs/python38/lib/python3.8/site-packages/airflow/example_dags/example_time_delta_sensor_async.py
[2025-04-29T23:36:06.701+0100] {processor.py:925} INFO - DAG(s) 'example_time_delta_sensor_async' retrieved from /Users/dineshsammeta/anaconda3/envs/python38/lib/python3.8/site-packages/airflow/example_dags/example_time_delta_sensor_async.py
[2025-04-29T23:36:06.785+0100] {logging_mixin.py:190} INFO - [2025-04-29T23:36:06.785+0100] {workday.py:41} WARNING - Could not import pandas. Holidays will not be considered.
[2025-04-29T23:36:06.796+0100] {logging_mixin.py:190} INFO - [2025-04-29T23:36:06.796+0100] {dag.py:3239} INFO - Sync 1 DAGs
[2025-04-29T23:36:06.802+0100] {logging_mixin.py:190} INFO - [2025-04-29T23:36:06.802+0100] {dag.py:4180} INFO - Setting next_dagrun for example_time_delta_sensor_async to None, run_after=None
[2025-04-29T23:36:06.813+0100] {processor.py:208} INFO - Processing /Users/dineshsammeta/anaconda3/envs/python38/lib/python3.8/site-packages/airflow/example_dags/example_time_delta_sensor_async.py took 0.123 seconds
[2025-04-29T23:37:06.319+0100] {processor.py:186} INFO - Started process (PID=64799) to work on /Users/dineshsammeta/anaconda3/envs/python38/lib/python3.8/site-packages/airflow/example_dags/example_time_delta_sensor_async.py
[2025-04-29T23:37:06.320+0100] {processor.py:914} INFO - Processing file /Users/dineshsammeta/anaconda3/envs/python38/lib/python3.8/site-packages/airflow/example_dags/example_time_delta_sensor_async.py for tasks to queue
[2025-04-29T23:37:06.321+0100] {logging_mixin.py:190} INFO - [2025-04-29T23:37:06.321+0100] {dagbag.py:588} INFO - Filling up the DagBag from /Users/dineshsammeta/anaconda3/envs/python38/lib/python3.8/site-packages/airflow/example_dags/example_time_delta_sensor_async.py
[2025-04-29T23:37:06.327+0100] {processor.py:925} INFO - DAG(s) 'example_time_delta_sensor_async' retrieved from /Users/dineshsammeta/anaconda3/envs/python38/lib/python3.8/site-packages/airflow/example_dags/example_time_delta_sensor_async.py
[2025-04-29T23:37:06.415+0100] {logging_mixin.py:190} INFO - [2025-04-29T23:37:06.415+0100] {workday.py:41} WARNING - Could not import pandas. Holidays will not be considered.
[2025-04-29T23:37:06.426+0100] {logging_mixin.py:190} INFO - [2025-04-29T23:37:06.426+0100] {dag.py:3239} INFO - Sync 1 DAGs
[2025-04-29T23:37:06.433+0100] {logging_mixin.py:190} INFO - [2025-04-29T23:37:06.433+0100] {dag.py:4180} INFO - Setting next_dagrun for example_time_delta_sensor_async to None, run_after=None
[2025-04-29T23:37:06.444+0100] {processor.py:208} INFO - Processing /Users/dineshsammeta/anaconda3/envs/python38/lib/python3.8/site-packages/airflow/example_dags/example_time_delta_sensor_async.py took 0.127 seconds
[2025-04-29T23:38:21.359+0100] {processor.py:186} INFO - Started process (PID=65072) to work on /Users/dineshsammeta/anaconda3/envs/python38/lib/python3.8/site-packages/airflow/example_dags/example_time_delta_sensor_async.py
[2025-04-29T23:38:21.360+0100] {processor.py:914} INFO - Processing file /Users/dineshsammeta/anaconda3/envs/python38/lib/python3.8/site-packages/airflow/example_dags/example_time_delta_sensor_async.py for tasks to queue
[2025-04-29T23:38:21.360+0100] {logging_mixin.py:190} INFO - [2025-04-29T23:38:21.360+0100] {dagbag.py:588} INFO - Filling up the DagBag from /Users/dineshsammeta/anaconda3/envs/python38/lib/python3.8/site-packages/airflow/example_dags/example_time_delta_sensor_async.py
[2025-04-29T23:38:21.366+0100] {processor.py:925} INFO - DAG(s) 'example_time_delta_sensor_async' retrieved from /Users/dineshsammeta/anaconda3/envs/python38/lib/python3.8/site-packages/airflow/example_dags/example_time_delta_sensor_async.py
[2025-04-29T23:38:21.452+0100] {logging_mixin.py:190} INFO - [2025-04-29T23:38:21.452+0100] {workday.py:41} WARNING - Could not import pandas. Holidays will not be considered.
[2025-04-29T23:38:21.463+0100] {logging_mixin.py:190} INFO - [2025-04-29T23:38:21.463+0100] {dag.py:3239} INFO - Sync 1 DAGs
[2025-04-29T23:38:21.469+0100] {logging_mixin.py:190} INFO - [2025-04-29T23:38:21.469+0100] {dag.py:4180} INFO - Setting next_dagrun for example_time_delta_sensor_async to None, run_after=None
[2025-04-29T23:38:21.478+0100] {processor.py:208} INFO - Processing /Users/dineshsammeta/anaconda3/envs/python38/lib/python3.8/site-packages/airflow/example_dags/example_time_delta_sensor_async.py took 0.122 seconds
