[2025-04-29T23:33:01.996+0100] {processor.py:186} INFO - Started process (PID=64119) to work on /Users/dineshsammeta/anaconda3/envs/python38/lib/python3.8/site-packages/airflow/example_dags/example_xcom.py
[2025-04-29T23:33:01.997+0100] {processor.py:914} INFO - Processing file /Users/dineshsammeta/anaconda3/envs/python38/lib/python3.8/site-packages/airflow/example_dags/example_xcom.py for tasks to queue
[2025-04-29T23:33:01.997+0100] {logging_mixin.py:190} INFO - [2025-04-29T23:33:01.997+0100] {dagbag.py:588} INFO - Filling up the DagBag from /Users/dineshsammeta/anaconda3/envs/python38/lib/python3.8/site-packages/airflow/example_dags/example_xcom.py
[2025-04-29T23:33:02.051+0100] {processor.py:925} INFO - DAG(s) 'example_xcom' retrieved from /Users/dineshsammeta/anaconda3/envs/python38/lib/python3.8/site-packages/airflow/example_dags/example_xcom.py
[2025-04-29T23:33:02.162+0100] {logging_mixin.py:190} INFO - [2025-04-29T23:33:02.162+0100] {override.py:1901} INFO - Created Permission View: can edit on DAG:example_xcom
[2025-04-29T23:33:02.168+0100] {logging_mixin.py:190} INFO - [2025-04-29T23:33:02.168+0100] {override.py:1901} INFO - Created Permission View: can delete on DAG:example_xcom
[2025-04-29T23:33:02.171+0100] {logging_mixin.py:190} INFO - [2025-04-29T23:33:02.171+0100] {override.py:1901} INFO - Created Permission View: can read on DAG:example_xcom
[2025-04-29T23:33:02.175+0100] {logging_mixin.py:190} INFO - [2025-04-29T23:33:02.175+0100] {override.py:1901} INFO - Created Permission View: menu access on DAG Run:example_xcom
[2025-04-29T23:33:02.178+0100] {logging_mixin.py:190} INFO - [2025-04-29T23:33:02.178+0100] {override.py:1901} INFO - Created Permission View: can delete on DAG Run:example_xcom
[2025-04-29T23:33:02.182+0100] {logging_mixin.py:190} INFO - [2025-04-29T23:33:02.181+0100] {override.py:1901} INFO - Created Permission View: can create on DAG Run:example_xcom
[2025-04-29T23:33:02.185+0100] {logging_mixin.py:190} INFO - [2025-04-29T23:33:02.185+0100] {override.py:1901} INFO - Created Permission View: can read on DAG Run:example_xcom
[2025-04-29T23:33:02.185+0100] {logging_mixin.py:190} INFO - [2025-04-29T23:33:02.185+0100] {dag.py:3239} INFO - Sync 1 DAGs
[2025-04-29T23:33:02.192+0100] {logging_mixin.py:190} INFO - [2025-04-29T23:33:02.192+0100] {dag.py:3262} INFO - Creating ORM DAG for example_xcom
[2025-04-29T23:33:02.196+0100] {logging_mixin.py:190} INFO - [2025-04-29T23:33:02.196+0100] {dag.py:4180} INFO - Setting next_dagrun for example_xcom to 2021-01-01 00:00:00+00:00, run_after=2021-01-01 00:00:00+00:00
[2025-04-29T23:33:02.208+0100] {processor.py:208} INFO - Processing /Users/dineshsammeta/anaconda3/envs/python38/lib/python3.8/site-packages/airflow/example_dags/example_xcom.py took 0.215 seconds
[2025-04-29T23:35:09.514+0100] {processor.py:186} INFO - Started process (PID=64359) to work on /Users/dineshsammeta/anaconda3/envs/python38/lib/python3.8/site-packages/airflow/example_dags/example_xcom.py
[2025-04-29T23:35:09.515+0100] {processor.py:914} INFO - Processing file /Users/dineshsammeta/anaconda3/envs/python38/lib/python3.8/site-packages/airflow/example_dags/example_xcom.py for tasks to queue
[2025-04-29T23:35:09.516+0100] {logging_mixin.py:190} INFO - [2025-04-29T23:35:09.516+0100] {dagbag.py:588} INFO - Filling up the DagBag from /Users/dineshsammeta/anaconda3/envs/python38/lib/python3.8/site-packages/airflow/example_dags/example_xcom.py
[2025-04-29T23:35:09.567+0100] {processor.py:925} INFO - DAG(s) 'example_xcom' retrieved from /Users/dineshsammeta/anaconda3/envs/python38/lib/python3.8/site-packages/airflow/example_dags/example_xcom.py
[2025-04-29T23:35:09.624+0100] {logging_mixin.py:190} INFO - [2025-04-29T23:35:09.624+0100] {dag.py:3239} INFO - Sync 1 DAGs
[2025-04-29T23:35:09.635+0100] {logging_mixin.py:190} INFO - [2025-04-29T23:35:09.634+0100] {dag.py:4180} INFO - Setting next_dagrun for example_xcom to 2021-01-01 00:00:00+00:00, run_after=2021-01-01 00:00:00+00:00
[2025-04-29T23:35:09.645+0100] {processor.py:208} INFO - Processing /Users/dineshsammeta/anaconda3/envs/python38/lib/python3.8/site-packages/airflow/example_dags/example_xcom.py took 0.133 seconds
[2025-04-29T23:35:59.413+0100] {processor.py:186} INFO - Started process (PID=64591) to work on /Users/dineshsammeta/anaconda3/envs/python38/lib/python3.8/site-packages/airflow/example_dags/example_xcom.py
[2025-04-29T23:35:59.414+0100] {processor.py:914} INFO - Processing file /Users/dineshsammeta/anaconda3/envs/python38/lib/python3.8/site-packages/airflow/example_dags/example_xcom.py for tasks to queue
[2025-04-29T23:35:59.414+0100] {logging_mixin.py:190} INFO - [2025-04-29T23:35:59.414+0100] {dagbag.py:588} INFO - Filling up the DagBag from /Users/dineshsammeta/anaconda3/envs/python38/lib/python3.8/site-packages/airflow/example_dags/example_xcom.py
[2025-04-29T23:35:59.467+0100] {processor.py:925} INFO - DAG(s) 'example_xcom' retrieved from /Users/dineshsammeta/anaconda3/envs/python38/lib/python3.8/site-packages/airflow/example_dags/example_xcom.py
[2025-04-29T23:35:59.524+0100] {logging_mixin.py:190} INFO - [2025-04-29T23:35:59.524+0100] {dag.py:3239} INFO - Sync 1 DAGs
[2025-04-29T23:35:59.535+0100] {logging_mixin.py:190} INFO - [2025-04-29T23:35:59.535+0100] {dag.py:4180} INFO - Setting next_dagrun for example_xcom to 2021-01-01 00:00:00+00:00, run_after=2021-01-01 00:00:00+00:00
[2025-04-29T23:35:59.546+0100] {processor.py:208} INFO - Processing /Users/dineshsammeta/anaconda3/envs/python38/lib/python3.8/site-packages/airflow/example_dags/example_xcom.py took 0.135 seconds
[2025-04-29T23:36:55.938+0100] {processor.py:186} INFO - Started process (PID=64765) to work on /Users/dineshsammeta/anaconda3/envs/python38/lib/python3.8/site-packages/airflow/example_dags/example_xcom.py
[2025-04-29T23:36:55.939+0100] {processor.py:914} INFO - Processing file /Users/dineshsammeta/anaconda3/envs/python38/lib/python3.8/site-packages/airflow/example_dags/example_xcom.py for tasks to queue
[2025-04-29T23:36:55.940+0100] {logging_mixin.py:190} INFO - [2025-04-29T23:36:55.940+0100] {dagbag.py:588} INFO - Filling up the DagBag from /Users/dineshsammeta/anaconda3/envs/python38/lib/python3.8/site-packages/airflow/example_dags/example_xcom.py
[2025-04-29T23:36:56.001+0100] {processor.py:925} INFO - DAG(s) 'example_xcom' retrieved from /Users/dineshsammeta/anaconda3/envs/python38/lib/python3.8/site-packages/airflow/example_dags/example_xcom.py
[2025-04-29T23:36:56.068+0100] {logging_mixin.py:190} INFO - [2025-04-29T23:36:56.068+0100] {dag.py:3239} INFO - Sync 1 DAGs
[2025-04-29T23:36:56.079+0100] {logging_mixin.py:190} INFO - [2025-04-29T23:36:56.079+0100] {dag.py:4180} INFO - Setting next_dagrun for example_xcom to 2021-01-01 00:00:00+00:00, run_after=2021-01-01 00:00:00+00:00
[2025-04-29T23:36:56.092+0100] {processor.py:208} INFO - Processing /Users/dineshsammeta/anaconda3/envs/python38/lib/python3.8/site-packages/airflow/example_dags/example_xcom.py took 0.156 seconds
[2025-04-29T23:38:12.609+0100] {processor.py:186} INFO - Started process (PID=65059) to work on /Users/dineshsammeta/anaconda3/envs/python38/lib/python3.8/site-packages/airflow/example_dags/example_xcom.py
[2025-04-29T23:38:12.611+0100] {processor.py:914} INFO - Processing file /Users/dineshsammeta/anaconda3/envs/python38/lib/python3.8/site-packages/airflow/example_dags/example_xcom.py for tasks to queue
[2025-04-29T23:38:12.611+0100] {logging_mixin.py:190} INFO - [2025-04-29T23:38:12.611+0100] {dagbag.py:588} INFO - Filling up the DagBag from /Users/dineshsammeta/anaconda3/envs/python38/lib/python3.8/site-packages/airflow/example_dags/example_xcom.py
[2025-04-29T23:38:12.662+0100] {processor.py:925} INFO - DAG(s) 'example_xcom' retrieved from /Users/dineshsammeta/anaconda3/envs/python38/lib/python3.8/site-packages/airflow/example_dags/example_xcom.py
[2025-04-29T23:38:12.721+0100] {logging_mixin.py:190} INFO - [2025-04-29T23:38:12.720+0100] {dag.py:3239} INFO - Sync 1 DAGs
[2025-04-29T23:38:12.731+0100] {logging_mixin.py:190} INFO - [2025-04-29T23:38:12.730+0100] {dag.py:4180} INFO - Setting next_dagrun for example_xcom to 2021-01-01 00:00:00+00:00, run_after=2021-01-01 00:00:00+00:00
[2025-04-29T23:38:12.740+0100] {processor.py:208} INFO - Processing /Users/dineshsammeta/anaconda3/envs/python38/lib/python3.8/site-packages/airflow/example_dags/example_xcom.py took 0.133 seconds
