[2025-04-29T23:33:05.452+0100] {processor.py:186} INFO - Started process (PID=64128) to work on /Users/dineshsammeta/anaconda3/envs/python38/lib/python3.8/site-packages/airflow/example_dags/example_trigger_target_dag.py
[2025-04-29T23:33:05.453+0100] {processor.py:914} INFO - Processing file /Users/dineshsammeta/anaconda3/envs/python38/lib/python3.8/site-packages/airflow/example_dags/example_trigger_target_dag.py for tasks to queue
[2025-04-29T23:33:05.453+0100] {logging_mixin.py:190} INFO - [2025-04-29T23:33:05.453+0100] {dagbag.py:588} INFO - Filling up the DagBag from /Users/dineshsammeta/anaconda3/envs/python38/lib/python3.8/site-packages/airflow/example_dags/example_trigger_target_dag.py
[2025-04-29T23:33:05.505+0100] {processor.py:925} INFO - DAG(s) 'example_trigger_target_dag' retrieved from /Users/dineshsammeta/anaconda3/envs/python38/lib/python3.8/site-packages/airflow/example_dags/example_trigger_target_dag.py
[2025-04-29T23:33:05.611+0100] {logging_mixin.py:190} INFO - [2025-04-29T23:33:05.610+0100] {override.py:1901} INFO - Created Permission View: can delete on DAG:example_trigger_target_dag
[2025-04-29T23:33:05.616+0100] {logging_mixin.py:190} INFO - [2025-04-29T23:33:05.616+0100] {override.py:1901} INFO - Created Permission View: can edit on DAG:example_trigger_target_dag
[2025-04-29T23:33:05.619+0100] {logging_mixin.py:190} INFO - [2025-04-29T23:33:05.619+0100] {override.py:1901} INFO - Created Permission View: can read on DAG:example_trigger_target_dag
[2025-04-29T23:33:05.623+0100] {logging_mixin.py:190} INFO - [2025-04-29T23:33:05.623+0100] {override.py:1901} INFO - Created Permission View: menu access on DAG Run:example_trigger_target_dag
[2025-04-29T23:33:05.626+0100] {logging_mixin.py:190} INFO - [2025-04-29T23:33:05.626+0100] {override.py:1901} INFO - Created Permission View: can create on DAG Run:example_trigger_target_dag
[2025-04-29T23:33:05.629+0100] {logging_mixin.py:190} INFO - [2025-04-29T23:33:05.629+0100] {override.py:1901} INFO - Created Permission View: can delete on DAG Run:example_trigger_target_dag
[2025-04-29T23:33:05.632+0100] {logging_mixin.py:190} INFO - [2025-04-29T23:33:05.632+0100] {override.py:1901} INFO - Created Permission View: can read on DAG Run:example_trigger_target_dag
[2025-04-29T23:33:05.632+0100] {logging_mixin.py:190} INFO - [2025-04-29T23:33:05.632+0100] {dag.py:3239} INFO - Sync 1 DAGs
[2025-04-29T23:33:05.638+0100] {logging_mixin.py:190} INFO - [2025-04-29T23:33:05.638+0100] {dag.py:3262} INFO - Creating ORM DAG for example_trigger_target_dag
[2025-04-29T23:33:05.639+0100] {logging_mixin.py:190} INFO - [2025-04-29T23:33:05.639+0100] {dag.py:4180} INFO - Setting next_dagrun for example_trigger_target_dag to None, run_after=None
[2025-04-29T23:33:05.648+0100] {processor.py:208} INFO - Processing /Users/dineshsammeta/anaconda3/envs/python38/lib/python3.8/site-packages/airflow/example_dags/example_trigger_target_dag.py took 0.198 seconds
[2025-04-29T23:35:14.488+0100] {processor.py:186} INFO - Started process (PID=64371) to work on /Users/dineshsammeta/anaconda3/envs/python38/lib/python3.8/site-packages/airflow/example_dags/example_trigger_target_dag.py
[2025-04-29T23:35:14.489+0100] {processor.py:914} INFO - Processing file /Users/dineshsammeta/anaconda3/envs/python38/lib/python3.8/site-packages/airflow/example_dags/example_trigger_target_dag.py for tasks to queue
[2025-04-29T23:35:14.490+0100] {logging_mixin.py:190} INFO - [2025-04-29T23:35:14.489+0100] {dagbag.py:588} INFO - Filling up the DagBag from /Users/dineshsammeta/anaconda3/envs/python38/lib/python3.8/site-packages/airflow/example_dags/example_trigger_target_dag.py
[2025-04-29T23:35:14.545+0100] {processor.py:925} INFO - DAG(s) 'example_trigger_target_dag' retrieved from /Users/dineshsammeta/anaconda3/envs/python38/lib/python3.8/site-packages/airflow/example_dags/example_trigger_target_dag.py
[2025-04-29T23:35:14.602+0100] {logging_mixin.py:190} INFO - [2025-04-29T23:35:14.602+0100] {dag.py:3239} INFO - Sync 1 DAGs
[2025-04-29T23:35:14.610+0100] {logging_mixin.py:190} INFO - [2025-04-29T23:35:14.609+0100] {dag.py:4180} INFO - Setting next_dagrun for example_trigger_target_dag to None, run_after=None
[2025-04-29T23:35:14.620+0100] {processor.py:208} INFO - Processing /Users/dineshsammeta/anaconda3/envs/python38/lib/python3.8/site-packages/airflow/example_dags/example_trigger_target_dag.py took 0.134 seconds
[2025-04-29T23:36:02.992+0100] {processor.py:186} INFO - Started process (PID=64611) to work on /Users/dineshsammeta/anaconda3/envs/python38/lib/python3.8/site-packages/airflow/example_dags/example_trigger_target_dag.py
[2025-04-29T23:36:02.993+0100] {processor.py:914} INFO - Processing file /Users/dineshsammeta/anaconda3/envs/python38/lib/python3.8/site-packages/airflow/example_dags/example_trigger_target_dag.py for tasks to queue
[2025-04-29T23:36:02.993+0100] {logging_mixin.py:190} INFO - [2025-04-29T23:36:02.993+0100] {dagbag.py:588} INFO - Filling up the DagBag from /Users/dineshsammeta/anaconda3/envs/python38/lib/python3.8/site-packages/airflow/example_dags/example_trigger_target_dag.py
[2025-04-29T23:36:03.043+0100] {processor.py:925} INFO - DAG(s) 'example_trigger_target_dag' retrieved from /Users/dineshsammeta/anaconda3/envs/python38/lib/python3.8/site-packages/airflow/example_dags/example_trigger_target_dag.py
[2025-04-29T23:36:03.099+0100] {logging_mixin.py:190} INFO - [2025-04-29T23:36:03.099+0100] {dag.py:3239} INFO - Sync 1 DAGs
[2025-04-29T23:36:03.105+0100] {logging_mixin.py:190} INFO - [2025-04-29T23:36:03.105+0100] {dag.py:4180} INFO - Setting next_dagrun for example_trigger_target_dag to None, run_after=None
[2025-04-29T23:36:03.116+0100] {processor.py:208} INFO - Processing /Users/dineshsammeta/anaconda3/envs/python38/lib/python3.8/site-packages/airflow/example_dags/example_trigger_target_dag.py took 0.126 seconds
[2025-04-29T23:37:00.962+0100] {processor.py:186} INFO - Started process (PID=64783) to work on /Users/dineshsammeta/anaconda3/envs/python38/lib/python3.8/site-packages/airflow/example_dags/example_trigger_target_dag.py
[2025-04-29T23:37:00.964+0100] {processor.py:914} INFO - Processing file /Users/dineshsammeta/anaconda3/envs/python38/lib/python3.8/site-packages/airflow/example_dags/example_trigger_target_dag.py for tasks to queue
[2025-04-29T23:37:00.966+0100] {logging_mixin.py:190} INFO - [2025-04-29T23:37:00.965+0100] {dagbag.py:588} INFO - Filling up the DagBag from /Users/dineshsammeta/anaconda3/envs/python38/lib/python3.8/site-packages/airflow/example_dags/example_trigger_target_dag.py
[2025-04-29T23:37:01.113+0100] {processor.py:925} INFO - DAG(s) 'example_trigger_target_dag' retrieved from /Users/dineshsammeta/anaconda3/envs/python38/lib/python3.8/site-packages/airflow/example_dags/example_trigger_target_dag.py
[2025-04-29T23:37:01.313+0100] {logging_mixin.py:190} INFO - [2025-04-29T23:37:01.311+0100] {dag.py:3239} INFO - Sync 1 DAGs
[2025-04-29T23:37:01.365+0100] {logging_mixin.py:190} INFO - [2025-04-29T23:37:01.364+0100] {dag.py:4180} INFO - Setting next_dagrun for example_trigger_target_dag to None, run_after=None
[2025-04-29T23:37:01.454+0100] {processor.py:208} INFO - Processing /Users/dineshsammeta/anaconda3/envs/python38/lib/python3.8/site-packages/airflow/example_dags/example_trigger_target_dag.py took 0.497 seconds
[2025-04-29T23:38:16.598+0100] {processor.py:186} INFO - Started process (PID=65065) to work on /Users/dineshsammeta/anaconda3/envs/python38/lib/python3.8/site-packages/airflow/example_dags/example_trigger_target_dag.py
[2025-04-29T23:38:16.599+0100] {processor.py:914} INFO - Processing file /Users/dineshsammeta/anaconda3/envs/python38/lib/python3.8/site-packages/airflow/example_dags/example_trigger_target_dag.py for tasks to queue
[2025-04-29T23:38:16.600+0100] {logging_mixin.py:190} INFO - [2025-04-29T23:38:16.600+0100] {dagbag.py:588} INFO - Filling up the DagBag from /Users/dineshsammeta/anaconda3/envs/python38/lib/python3.8/site-packages/airflow/example_dags/example_trigger_target_dag.py
[2025-04-29T23:38:16.650+0100] {processor.py:925} INFO - DAG(s) 'example_trigger_target_dag' retrieved from /Users/dineshsammeta/anaconda3/envs/python38/lib/python3.8/site-packages/airflow/example_dags/example_trigger_target_dag.py
[2025-04-29T23:38:16.707+0100] {logging_mixin.py:190} INFO - [2025-04-29T23:38:16.706+0100] {dag.py:3239} INFO - Sync 1 DAGs
[2025-04-29T23:38:16.713+0100] {logging_mixin.py:190} INFO - [2025-04-29T23:38:16.712+0100] {dag.py:4180} INFO - Setting next_dagrun for example_trigger_target_dag to None, run_after=None
[2025-04-29T23:38:16.724+0100] {processor.py:208} INFO - Processing /Users/dineshsammeta/anaconda3/envs/python38/lib/python3.8/site-packages/airflow/example_dags/example_trigger_target_dag.py took 0.128 seconds
