[2025-04-29T23:34:10.299+0100] {processor.py:186} INFO - Started process (PID=64240) to work on /Users/dineshsammeta/anaconda3/envs/python38/lib/python3.8/site-packages/airflow/example_dags/example_datasets.py
[2025-04-29T23:34:10.300+0100] {processor.py:914} INFO - Processing file /Users/dineshsammeta/anaconda3/envs/python38/lib/python3.8/site-packages/airflow/example_dags/example_datasets.py for tasks to queue
[2025-04-29T23:34:10.300+0100] {logging_mixin.py:190} INFO - [2025-04-29T23:34:10.300+0100] {dagbag.py:588} INFO - Filling up the DagBag from /Users/dineshsammeta/anaconda3/envs/python38/lib/python3.8/site-packages/airflow/example_dags/example_datasets.py
[2025-04-29T23:34:10.382+0100] {processor.py:925} INFO - DAG(s) 'dataset_consumes_1', 'dataset_consumes_1_and_2', 'consume_1_or_2_with_dataset_expressions', 'dataset_produces_1', 'dataset_consumes_unknown_never_scheduled', 'consume_1_or_both_2_and_3_with_dataset_expressions', 'conditional_dataset_and_time_based_timetable', 'consume_1_and_2_with_dataset_expressions', 'dataset_produces_2', 'dataset_consumes_1_never_scheduled' retrieved from /Users/dineshsammeta/anaconda3/envs/python38/lib/python3.8/site-packages/airflow/example_dags/example_datasets.py
[2025-04-29T23:34:10.496+0100] {logging_mixin.py:190} INFO - [2025-04-29T23:34:10.496+0100] {override.py:1901} INFO - Created Permission View: can delete on DAG:dataset_consumes_1
[2025-04-29T23:34:10.502+0100] {logging_mixin.py:190} INFO - [2025-04-29T23:34:10.502+0100] {override.py:1901} INFO - Created Permission View: can edit on DAG:dataset_consumes_1
[2025-04-29T23:34:10.505+0100] {logging_mixin.py:190} INFO - [2025-04-29T23:34:10.505+0100] {override.py:1901} INFO - Created Permission View: can read on DAG:dataset_consumes_1
[2025-04-29T23:34:10.510+0100] {logging_mixin.py:190} INFO - [2025-04-29T23:34:10.509+0100] {override.py:1901} INFO - Created Permission View: can create on DAG Run:dataset_consumes_1
[2025-04-29T23:34:10.512+0100] {logging_mixin.py:190} INFO - [2025-04-29T23:34:10.512+0100] {override.py:1901} INFO - Created Permission View: menu access on DAG Run:dataset_consumes_1
[2025-04-29T23:34:10.516+0100] {logging_mixin.py:190} INFO - [2025-04-29T23:34:10.515+0100] {override.py:1901} INFO - Created Permission View: can delete on DAG Run:dataset_consumes_1
[2025-04-29T23:34:10.519+0100] {logging_mixin.py:190} INFO - [2025-04-29T23:34:10.519+0100] {override.py:1901} INFO - Created Permission View: can read on DAG Run:dataset_consumes_1
[2025-04-29T23:34:10.526+0100] {logging_mixin.py:190} INFO - [2025-04-29T23:34:10.525+0100] {override.py:1901} INFO - Created Permission View: can delete on DAG:dataset_consumes_1_and_2
[2025-04-29T23:34:10.529+0100] {logging_mixin.py:190} INFO - [2025-04-29T23:34:10.529+0100] {override.py:1901} INFO - Created Permission View: can edit on DAG:dataset_consumes_1_and_2
[2025-04-29T23:34:10.532+0100] {logging_mixin.py:190} INFO - [2025-04-29T23:34:10.532+0100] {override.py:1901} INFO - Created Permission View: can read on DAG:dataset_consumes_1_and_2
[2025-04-29T23:34:10.536+0100] {logging_mixin.py:190} INFO - [2025-04-29T23:34:10.536+0100] {override.py:1901} INFO - Created Permission View: can create on DAG Run:dataset_consumes_1_and_2
[2025-04-29T23:34:10.539+0100] {logging_mixin.py:190} INFO - [2025-04-29T23:34:10.539+0100] {override.py:1901} INFO - Created Permission View: menu access on DAG Run:dataset_consumes_1_and_2
[2025-04-29T23:34:10.542+0100] {logging_mixin.py:190} INFO - [2025-04-29T23:34:10.542+0100] {override.py:1901} INFO - Created Permission View: can delete on DAG Run:dataset_consumes_1_and_2
[2025-04-29T23:34:10.545+0100] {logging_mixin.py:190} INFO - [2025-04-29T23:34:10.545+0100] {override.py:1901} INFO - Created Permission View: can read on DAG Run:dataset_consumes_1_and_2
[2025-04-29T23:34:10.552+0100] {logging_mixin.py:190} INFO - [2025-04-29T23:34:10.552+0100] {override.py:1901} INFO - Created Permission View: can delete on DAG:consume_1_or_2_with_dataset_expressions
[2025-04-29T23:34:10.555+0100] {logging_mixin.py:190} INFO - [2025-04-29T23:34:10.555+0100] {override.py:1901} INFO - Created Permission View: can edit on DAG:consume_1_or_2_with_dataset_expressions
[2025-04-29T23:34:10.558+0100] {logging_mixin.py:190} INFO - [2025-04-29T23:34:10.558+0100] {override.py:1901} INFO - Created Permission View: can read on DAG:consume_1_or_2_with_dataset_expressions
[2025-04-29T23:34:10.562+0100] {logging_mixin.py:190} INFO - [2025-04-29T23:34:10.562+0100] {override.py:1901} INFO - Created Permission View: can create on DAG Run:consume_1_or_2_with_dataset_expressions
[2025-04-29T23:34:10.565+0100] {logging_mixin.py:190} INFO - [2025-04-29T23:34:10.565+0100] {override.py:1901} INFO - Created Permission View: menu access on DAG Run:consume_1_or_2_with_dataset_expressions
[2025-04-29T23:34:10.568+0100] {logging_mixin.py:190} INFO - [2025-04-29T23:34:10.567+0100] {override.py:1901} INFO - Created Permission View: can delete on DAG Run:consume_1_or_2_with_dataset_expressions
[2025-04-29T23:34:10.571+0100] {logging_mixin.py:190} INFO - [2025-04-29T23:34:10.571+0100] {override.py:1901} INFO - Created Permission View: can read on DAG Run:consume_1_or_2_with_dataset_expressions
[2025-04-29T23:34:10.577+0100] {logging_mixin.py:190} INFO - [2025-04-29T23:34:10.577+0100] {override.py:1901} INFO - Created Permission View: can delete on DAG:dataset_produces_1
[2025-04-29T23:34:10.581+0100] {logging_mixin.py:190} INFO - [2025-04-29T23:34:10.580+0100] {override.py:1901} INFO - Created Permission View: can edit on DAG:dataset_produces_1
[2025-04-29T23:34:10.584+0100] {logging_mixin.py:190} INFO - [2025-04-29T23:34:10.584+0100] {override.py:1901} INFO - Created Permission View: can read on DAG:dataset_produces_1
[2025-04-29T23:34:10.588+0100] {logging_mixin.py:190} INFO - [2025-04-29T23:34:10.588+0100] {override.py:1901} INFO - Created Permission View: can create on DAG Run:dataset_produces_1
[2025-04-29T23:34:10.591+0100] {logging_mixin.py:190} INFO - [2025-04-29T23:34:10.591+0100] {override.py:1901} INFO - Created Permission View: menu access on DAG Run:dataset_produces_1
[2025-04-29T23:34:10.594+0100] {logging_mixin.py:190} INFO - [2025-04-29T23:34:10.594+0100] {override.py:1901} INFO - Created Permission View: can delete on DAG Run:dataset_produces_1
[2025-04-29T23:34:10.597+0100] {logging_mixin.py:190} INFO - [2025-04-29T23:34:10.597+0100] {override.py:1901} INFO - Created Permission View: can read on DAG Run:dataset_produces_1
[2025-04-29T23:34:10.604+0100] {logging_mixin.py:190} INFO - [2025-04-29T23:34:10.603+0100] {override.py:1901} INFO - Created Permission View: can delete on DAG:dataset_consumes_unknown_never_scheduled
[2025-04-29T23:34:10.607+0100] {logging_mixin.py:190} INFO - [2025-04-29T23:34:10.607+0100] {override.py:1901} INFO - Created Permission View: can edit on DAG:dataset_consumes_unknown_never_scheduled
[2025-04-29T23:34:10.610+0100] {logging_mixin.py:190} INFO - [2025-04-29T23:34:10.610+0100] {override.py:1901} INFO - Created Permission View: can read on DAG:dataset_consumes_unknown_never_scheduled
[2025-04-29T23:34:10.614+0100] {logging_mixin.py:190} INFO - [2025-04-29T23:34:10.613+0100] {override.py:1901} INFO - Created Permission View: can create on DAG Run:dataset_consumes_unknown_never_scheduled
[2025-04-29T23:34:10.616+0100] {logging_mixin.py:190} INFO - [2025-04-29T23:34:10.616+0100] {override.py:1901} INFO - Created Permission View: menu access on DAG Run:dataset_consumes_unknown_never_scheduled
[2025-04-29T23:34:10.620+0100] {logging_mixin.py:190} INFO - [2025-04-29T23:34:10.619+0100] {override.py:1901} INFO - Created Permission View: can delete on DAG Run:dataset_consumes_unknown_never_scheduled
[2025-04-29T23:34:10.624+0100] {logging_mixin.py:190} INFO - [2025-04-29T23:34:10.623+0100] {override.py:1901} INFO - Created Permission View: can read on DAG Run:dataset_consumes_unknown_never_scheduled
[2025-04-29T23:34:10.630+0100] {logging_mixin.py:190} INFO - [2025-04-29T23:34:10.630+0100] {override.py:1901} INFO - Created Permission View: can delete on DAG:consume_1_or_both_2_and_3_with_dataset_expressions
[2025-04-29T23:34:10.633+0100] {logging_mixin.py:190} INFO - [2025-04-29T23:34:10.633+0100] {override.py:1901} INFO - Created Permission View: can edit on DAG:consume_1_or_both_2_and_3_with_dataset_expressions
[2025-04-29T23:34:10.636+0100] {logging_mixin.py:190} INFO - [2025-04-29T23:34:10.636+0100] {override.py:1901} INFO - Created Permission View: can read on DAG:consume_1_or_both_2_and_3_with_dataset_expressions
[2025-04-29T23:34:10.640+0100] {logging_mixin.py:190} INFO - [2025-04-29T23:34:10.640+0100] {override.py:1901} INFO - Created Permission View: can create on DAG Run:consume_1_or_both_2_and_3_with_dataset_expressions
[2025-04-29T23:34:10.643+0100] {logging_mixin.py:190} INFO - [2025-04-29T23:34:10.643+0100] {override.py:1901} INFO - Created Permission View: menu access on DAG Run:consume_1_or_both_2_and_3_with_dataset_expressions
[2025-04-29T23:34:10.646+0100] {logging_mixin.py:190} INFO - [2025-04-29T23:34:10.646+0100] {override.py:1901} INFO - Created Permission View: can delete on DAG Run:consume_1_or_both_2_and_3_with_dataset_expressions
[2025-04-29T23:34:10.649+0100] {logging_mixin.py:190} INFO - [2025-04-29T23:34:10.649+0100] {override.py:1901} INFO - Created Permission View: can read on DAG Run:consume_1_or_both_2_and_3_with_dataset_expressions
[2025-04-29T23:34:10.656+0100] {logging_mixin.py:190} INFO - [2025-04-29T23:34:10.656+0100] {override.py:1901} INFO - Created Permission View: can delete on DAG:conditional_dataset_and_time_based_timetable
[2025-04-29T23:34:10.660+0100] {logging_mixin.py:190} INFO - [2025-04-29T23:34:10.660+0100] {override.py:1901} INFO - Created Permission View: can edit on DAG:conditional_dataset_and_time_based_timetable
[2025-04-29T23:34:10.663+0100] {logging_mixin.py:190} INFO - [2025-04-29T23:34:10.663+0100] {override.py:1901} INFO - Created Permission View: can read on DAG:conditional_dataset_and_time_based_timetable
[2025-04-29T23:34:10.667+0100] {logging_mixin.py:190} INFO - [2025-04-29T23:34:10.667+0100] {override.py:1901} INFO - Created Permission View: can create on DAG Run:conditional_dataset_and_time_based_timetable
[2025-04-29T23:34:10.671+0100] {logging_mixin.py:190} INFO - [2025-04-29T23:34:10.671+0100] {override.py:1901} INFO - Created Permission View: menu access on DAG Run:conditional_dataset_and_time_based_timetable
[2025-04-29T23:34:10.674+0100] {logging_mixin.py:190} INFO - [2025-04-29T23:34:10.674+0100] {override.py:1901} INFO - Created Permission View: can delete on DAG Run:conditional_dataset_and_time_based_timetable
[2025-04-29T23:34:10.677+0100] {logging_mixin.py:190} INFO - [2025-04-29T23:34:10.676+0100] {override.py:1901} INFO - Created Permission View: can read on DAG Run:conditional_dataset_and_time_based_timetable
[2025-04-29T23:34:10.683+0100] {logging_mixin.py:190} INFO - [2025-04-29T23:34:10.683+0100] {override.py:1901} INFO - Created Permission View: can delete on DAG:consume_1_and_2_with_dataset_expressions
[2025-04-29T23:34:10.686+0100] {logging_mixin.py:190} INFO - [2025-04-29T23:34:10.686+0100] {override.py:1901} INFO - Created Permission View: can edit on DAG:consume_1_and_2_with_dataset_expressions
[2025-04-29T23:34:10.689+0100] {logging_mixin.py:190} INFO - [2025-04-29T23:34:10.689+0100] {override.py:1901} INFO - Created Permission View: can read on DAG:consume_1_and_2_with_dataset_expressions
[2025-04-29T23:34:10.693+0100] {logging_mixin.py:190} INFO - [2025-04-29T23:34:10.693+0100] {override.py:1901} INFO - Created Permission View: can create on DAG Run:consume_1_and_2_with_dataset_expressions
[2025-04-29T23:34:10.696+0100] {logging_mixin.py:190} INFO - [2025-04-29T23:34:10.696+0100] {override.py:1901} INFO - Created Permission View: menu access on DAG Run:consume_1_and_2_with_dataset_expressions
[2025-04-29T23:34:10.699+0100] {logging_mixin.py:190} INFO - [2025-04-29T23:34:10.699+0100] {override.py:1901} INFO - Created Permission View: can delete on DAG Run:consume_1_and_2_with_dataset_expressions
[2025-04-29T23:34:10.703+0100] {logging_mixin.py:190} INFO - [2025-04-29T23:34:10.702+0100] {override.py:1901} INFO - Created Permission View: can read on DAG Run:consume_1_and_2_with_dataset_expressions
[2025-04-29T23:34:10.709+0100] {logging_mixin.py:190} INFO - [2025-04-29T23:34:10.709+0100] {override.py:1901} INFO - Created Permission View: can delete on DAG:dataset_produces_2
[2025-04-29T23:34:10.712+0100] {logging_mixin.py:190} INFO - [2025-04-29T23:34:10.712+0100] {override.py:1901} INFO - Created Permission View: can edit on DAG:dataset_produces_2
[2025-04-29T23:34:10.715+0100] {logging_mixin.py:190} INFO - [2025-04-29T23:34:10.715+0100] {override.py:1901} INFO - Created Permission View: can read on DAG:dataset_produces_2
[2025-04-29T23:34:10.718+0100] {logging_mixin.py:190} INFO - [2025-04-29T23:34:10.718+0100] {override.py:1901} INFO - Created Permission View: can create on DAG Run:dataset_produces_2
[2025-04-29T23:34:10.721+0100] {logging_mixin.py:190} INFO - [2025-04-29T23:34:10.721+0100] {override.py:1901} INFO - Created Permission View: menu access on DAG Run:dataset_produces_2
[2025-04-29T23:34:10.725+0100] {logging_mixin.py:190} INFO - [2025-04-29T23:34:10.724+0100] {override.py:1901} INFO - Created Permission View: can delete on DAG Run:dataset_produces_2
[2025-04-29T23:34:10.728+0100] {logging_mixin.py:190} INFO - [2025-04-29T23:34:10.727+0100] {override.py:1901} INFO - Created Permission View: can read on DAG Run:dataset_produces_2
[2025-04-29T23:34:10.734+0100] {logging_mixin.py:190} INFO - [2025-04-29T23:34:10.734+0100] {override.py:1901} INFO - Created Permission View: can delete on DAG:dataset_consumes_1_never_scheduled
[2025-04-29T23:34:10.738+0100] {logging_mixin.py:190} INFO - [2025-04-29T23:34:10.737+0100] {override.py:1901} INFO - Created Permission View: can edit on DAG:dataset_consumes_1_never_scheduled
[2025-04-29T23:34:10.741+0100] {logging_mixin.py:190} INFO - [2025-04-29T23:34:10.740+0100] {override.py:1901} INFO - Created Permission View: can read on DAG:dataset_consumes_1_never_scheduled
[2025-04-29T23:34:10.744+0100] {logging_mixin.py:190} INFO - [2025-04-29T23:34:10.744+0100] {override.py:1901} INFO - Created Permission View: can create on DAG Run:dataset_consumes_1_never_scheduled
[2025-04-29T23:34:10.747+0100] {logging_mixin.py:190} INFO - [2025-04-29T23:34:10.747+0100] {override.py:1901} INFO - Created Permission View: menu access on DAG Run:dataset_consumes_1_never_scheduled
[2025-04-29T23:34:10.750+0100] {logging_mixin.py:190} INFO - [2025-04-29T23:34:10.750+0100] {override.py:1901} INFO - Created Permission View: can delete on DAG Run:dataset_consumes_1_never_scheduled
[2025-04-29T23:34:10.754+0100] {logging_mixin.py:190} INFO - [2025-04-29T23:34:10.754+0100] {override.py:1901} INFO - Created Permission View: can read on DAG Run:dataset_consumes_1_never_scheduled
[2025-04-29T23:34:10.754+0100] {logging_mixin.py:190} INFO - [2025-04-29T23:34:10.754+0100] {dag.py:3239} INFO - Sync 10 DAGs
[2025-04-29T23:34:10.761+0100] {logging_mixin.py:190} INFO - [2025-04-29T23:34:10.761+0100] {dag.py:3262} INFO - Creating ORM DAG for consume_1_and_2_with_dataset_expressions
[2025-04-29T23:34:10.761+0100] {logging_mixin.py:190} INFO - [2025-04-29T23:34:10.761+0100] {dag.py:3262} INFO - Creating ORM DAG for consume_1_or_2_with_dataset_expressions
[2025-04-29T23:34:10.761+0100] {logging_mixin.py:190} INFO - [2025-04-29T23:34:10.761+0100] {dag.py:3262} INFO - Creating ORM DAG for dataset_produces_1
[2025-04-29T23:34:10.762+0100] {logging_mixin.py:190} INFO - [2025-04-29T23:34:10.762+0100] {dag.py:3262} INFO - Creating ORM DAG for dataset_produces_2
[2025-04-29T23:34:10.762+0100] {logging_mixin.py:190} INFO - [2025-04-29T23:34:10.762+0100] {dag.py:3262} INFO - Creating ORM DAG for dataset_consumes_1_and_2
[2025-04-29T23:34:10.762+0100] {logging_mixin.py:190} INFO - [2025-04-29T23:34:10.762+0100] {dag.py:3262} INFO - Creating ORM DAG for dataset_consumes_1
[2025-04-29T23:34:10.763+0100] {logging_mixin.py:190} INFO - [2025-04-29T23:34:10.763+0100] {dag.py:3262} INFO - Creating ORM DAG for conditional_dataset_and_time_based_timetable
[2025-04-29T23:34:10.763+0100] {logging_mixin.py:190} INFO - [2025-04-29T23:34:10.763+0100] {dag.py:3262} INFO - Creating ORM DAG for consume_1_or_both_2_and_3_with_dataset_expressions
[2025-04-29T23:34:10.763+0100] {logging_mixin.py:190} INFO - [2025-04-29T23:34:10.763+0100] {dag.py:3262} INFO - Creating ORM DAG for dataset_consumes_unknown_never_scheduled
[2025-04-29T23:34:10.763+0100] {logging_mixin.py:190} INFO - [2025-04-29T23:34:10.763+0100] {dag.py:3262} INFO - Creating ORM DAG for dataset_consumes_1_never_scheduled
[2025-04-29T23:34:10.768+0100] {logging_mixin.py:190} INFO - [2025-04-29T23:34:10.768+0100] {dag.py:4180} INFO - Setting next_dagrun for conditional_dataset_and_time_based_timetable to 2025-04-23 01:00:00+00:00, run_after=2025-04-23 01:00:00+00:00
[2025-04-29T23:34:10.769+0100] {logging_mixin.py:190} INFO - [2025-04-29T23:34:10.769+0100] {dag.py:4180} INFO - Setting next_dagrun for consume_1_and_2_with_dataset_expressions to None, run_after=None
[2025-04-29T23:34:10.769+0100] {logging_mixin.py:190} INFO - [2025-04-29T23:34:10.769+0100] {dag.py:4180} INFO - Setting next_dagrun for consume_1_or_2_with_dataset_expressions to None, run_after=None
[2025-04-29T23:34:10.769+0100] {logging_mixin.py:190} INFO - [2025-04-29T23:34:10.769+0100] {dag.py:4180} INFO - Setting next_dagrun for consume_1_or_both_2_and_3_with_dataset_expressions to None, run_after=None
[2025-04-29T23:34:10.769+0100] {logging_mixin.py:190} INFO - [2025-04-29T23:34:10.769+0100] {dag.py:4180} INFO - Setting next_dagrun for dataset_consumes_1 to None, run_after=None
[2025-04-29T23:34:10.770+0100] {logging_mixin.py:190} INFO - [2025-04-29T23:34:10.770+0100] {dag.py:4180} INFO - Setting next_dagrun for dataset_consumes_1_and_2 to None, run_after=None
[2025-04-29T23:34:10.770+0100] {logging_mixin.py:190} INFO - [2025-04-29T23:34:10.770+0100] {dag.py:4180} INFO - Setting next_dagrun for dataset_consumes_1_never_scheduled to None, run_after=None
[2025-04-29T23:34:10.770+0100] {logging_mixin.py:190} INFO - [2025-04-29T23:34:10.770+0100] {dag.py:4180} INFO - Setting next_dagrun for dataset_consumes_unknown_never_scheduled to None, run_after=None
[2025-04-29T23:34:10.771+0100] {logging_mixin.py:190} INFO - [2025-04-29T23:34:10.771+0100] {dag.py:4180} INFO - Setting next_dagrun for dataset_produces_1 to 2025-04-28 00:00:00+00:00, run_after=2025-04-29 00:00:00+00:00
[2025-04-29T23:34:10.771+0100] {logging_mixin.py:190} INFO - [2025-04-29T23:34:10.771+0100] {dag.py:4180} INFO - Setting next_dagrun for dataset_produces_2 to None, run_after=None
[2025-04-29T23:34:10.786+0100] {logging_mixin.py:190} INFO - [2025-04-29T23:34:10.785+0100] {workday.py:41} WARNING - Could not import pandas. Holidays will not be considered.
[2025-04-29T23:34:10.795+0100] {processor.py:208} INFO - Processing /Users/dineshsammeta/anaconda3/envs/python38/lib/python3.8/site-packages/airflow/example_dags/example_datasets.py took 0.499 seconds
[2025-04-29T23:36:18.711+0100] {processor.py:186} INFO - Started process (PID=64655) to work on /Users/dineshsammeta/anaconda3/envs/python38/lib/python3.8/site-packages/airflow/example_dags/example_datasets.py
[2025-04-29T23:36:18.714+0100] {processor.py:914} INFO - Processing file /Users/dineshsammeta/anaconda3/envs/python38/lib/python3.8/site-packages/airflow/example_dags/example_datasets.py for tasks to queue
[2025-04-29T23:36:18.715+0100] {logging_mixin.py:190} INFO - [2025-04-29T23:36:18.715+0100] {dagbag.py:588} INFO - Filling up the DagBag from /Users/dineshsammeta/anaconda3/envs/python38/lib/python3.8/site-packages/airflow/example_dags/example_datasets.py
[2025-04-29T23:36:18.784+0100] {processor.py:925} INFO - DAG(s) 'consume_1_or_2_with_dataset_expressions', 'consume_1_or_both_2_and_3_with_dataset_expressions', 'dataset_consumes_1_and_2', 'dataset_produces_1', 'dataset_consumes_unknown_never_scheduled', 'consume_1_and_2_with_dataset_expressions', 'dataset_consumes_1_never_scheduled', 'conditional_dataset_and_time_based_timetable', 'dataset_produces_2', 'dataset_consumes_1' retrieved from /Users/dineshsammeta/anaconda3/envs/python38/lib/python3.8/site-packages/airflow/example_dags/example_datasets.py
[2025-04-29T23:36:18.856+0100] {logging_mixin.py:190} INFO - [2025-04-29T23:36:18.855+0100] {dag.py:3239} INFO - Sync 10 DAGs
[2025-04-29T23:36:18.869+0100] {logging_mixin.py:190} INFO - [2025-04-29T23:36:18.869+0100] {dag.py:4180} INFO - Setting next_dagrun for conditional_dataset_and_time_based_timetable to 2025-04-23 01:00:00+00:00, run_after=2025-04-23 01:00:00+00:00
[2025-04-29T23:36:18.871+0100] {logging_mixin.py:190} INFO - [2025-04-29T23:36:18.871+0100] {dag.py:4180} INFO - Setting next_dagrun for consume_1_and_2_with_dataset_expressions to None, run_after=None
[2025-04-29T23:36:18.871+0100] {logging_mixin.py:190} INFO - [2025-04-29T23:36:18.871+0100] {dag.py:4180} INFO - Setting next_dagrun for consume_1_or_2_with_dataset_expressions to None, run_after=None
[2025-04-29T23:36:18.872+0100] {logging_mixin.py:190} INFO - [2025-04-29T23:36:18.872+0100] {dag.py:4180} INFO - Setting next_dagrun for consume_1_or_both_2_and_3_with_dataset_expressions to None, run_after=None
[2025-04-29T23:36:18.872+0100] {logging_mixin.py:190} INFO - [2025-04-29T23:36:18.872+0100] {dag.py:4180} INFO - Setting next_dagrun for dataset_consumes_1 to None, run_after=None
[2025-04-29T23:36:18.873+0100] {logging_mixin.py:190} INFO - [2025-04-29T23:36:18.873+0100] {dag.py:4180} INFO - Setting next_dagrun for dataset_consumes_1_and_2 to None, run_after=None
[2025-04-29T23:36:18.873+0100] {logging_mixin.py:190} INFO - [2025-04-29T23:36:18.873+0100] {dag.py:4180} INFO - Setting next_dagrun for dataset_consumes_1_never_scheduled to None, run_after=None
[2025-04-29T23:36:18.874+0100] {logging_mixin.py:190} INFO - [2025-04-29T23:36:18.874+0100] {dag.py:4180} INFO - Setting next_dagrun for dataset_consumes_unknown_never_scheduled to None, run_after=None
[2025-04-29T23:36:18.875+0100] {logging_mixin.py:190} INFO - [2025-04-29T23:36:18.875+0100] {dag.py:4180} INFO - Setting next_dagrun for dataset_produces_1 to 2025-04-28 00:00:00+00:00, run_after=2025-04-29 00:00:00+00:00
[2025-04-29T23:36:18.875+0100] {logging_mixin.py:190} INFO - [2025-04-29T23:36:18.875+0100] {dag.py:4180} INFO - Setting next_dagrun for dataset_produces_2 to None, run_after=None
[2025-04-29T23:36:18.897+0100] {processor.py:208} INFO - Processing /Users/dineshsammeta/anaconda3/envs/python38/lib/python3.8/site-packages/airflow/example_dags/example_datasets.py took 0.188 seconds
[2025-04-29T23:37:19.176+0100] {processor.py:186} INFO - Started process (PID=64845) to work on /Users/dineshsammeta/anaconda3/envs/python38/lib/python3.8/site-packages/airflow/example_dags/example_datasets.py
[2025-04-29T23:37:19.177+0100] {processor.py:914} INFO - Processing file /Users/dineshsammeta/anaconda3/envs/python38/lib/python3.8/site-packages/airflow/example_dags/example_datasets.py for tasks to queue
[2025-04-29T23:37:19.178+0100] {logging_mixin.py:190} INFO - [2025-04-29T23:37:19.178+0100] {dagbag.py:588} INFO - Filling up the DagBag from /Users/dineshsammeta/anaconda3/envs/python38/lib/python3.8/site-packages/airflow/example_dags/example_datasets.py
[2025-04-29T23:37:19.245+0100] {processor.py:925} INFO - DAG(s) 'dataset_consumes_unknown_never_scheduled', 'dataset_consumes_1_and_2', 'dataset_consumes_1', 'dataset_produces_1', 'dataset_consumes_1_never_scheduled', 'consume_1_or_both_2_and_3_with_dataset_expressions', 'dataset_produces_2', 'consume_1_or_2_with_dataset_expressions', 'conditional_dataset_and_time_based_timetable', 'consume_1_and_2_with_dataset_expressions' retrieved from /Users/dineshsammeta/anaconda3/envs/python38/lib/python3.8/site-packages/airflow/example_dags/example_datasets.py
[2025-04-29T23:37:19.315+0100] {logging_mixin.py:190} INFO - [2025-04-29T23:37:19.315+0100] {dag.py:3239} INFO - Sync 10 DAGs
[2025-04-29T23:37:19.329+0100] {logging_mixin.py:190} INFO - [2025-04-29T23:37:19.328+0100] {dag.py:4180} INFO - Setting next_dagrun for conditional_dataset_and_time_based_timetable to 2025-04-23 01:00:00+00:00, run_after=2025-04-23 01:00:00+00:00
[2025-04-29T23:37:19.331+0100] {logging_mixin.py:190} INFO - [2025-04-29T23:37:19.330+0100] {dag.py:4180} INFO - Setting next_dagrun for consume_1_and_2_with_dataset_expressions to None, run_after=None
[2025-04-29T23:37:19.331+0100] {logging_mixin.py:190} INFO - [2025-04-29T23:37:19.331+0100] {dag.py:4180} INFO - Setting next_dagrun for consume_1_or_2_with_dataset_expressions to None, run_after=None
[2025-04-29T23:37:19.332+0100] {logging_mixin.py:190} INFO - [2025-04-29T23:37:19.332+0100] {dag.py:4180} INFO - Setting next_dagrun for consume_1_or_both_2_and_3_with_dataset_expressions to None, run_after=None
[2025-04-29T23:37:19.332+0100] {logging_mixin.py:190} INFO - [2025-04-29T23:37:19.332+0100] {dag.py:4180} INFO - Setting next_dagrun for dataset_consumes_1 to None, run_after=None
[2025-04-29T23:37:19.333+0100] {logging_mixin.py:190} INFO - [2025-04-29T23:37:19.333+0100] {dag.py:4180} INFO - Setting next_dagrun for dataset_consumes_1_and_2 to None, run_after=None
[2025-04-29T23:37:19.333+0100] {logging_mixin.py:190} INFO - [2025-04-29T23:37:19.333+0100] {dag.py:4180} INFO - Setting next_dagrun for dataset_consumes_1_never_scheduled to None, run_after=None
[2025-04-29T23:37:19.334+0100] {logging_mixin.py:190} INFO - [2025-04-29T23:37:19.334+0100] {dag.py:4180} INFO - Setting next_dagrun for dataset_consumes_unknown_never_scheduled to None, run_after=None
[2025-04-29T23:37:19.335+0100] {logging_mixin.py:190} INFO - [2025-04-29T23:37:19.335+0100] {dag.py:4180} INFO - Setting next_dagrun for dataset_produces_1 to 2025-04-28 00:00:00+00:00, run_after=2025-04-29 00:00:00+00:00
[2025-04-29T23:37:19.336+0100] {logging_mixin.py:190} INFO - [2025-04-29T23:37:19.335+0100] {dag.py:4180} INFO - Setting next_dagrun for dataset_produces_2 to None, run_after=None
[2025-04-29T23:37:19.354+0100] {processor.py:208} INFO - Processing /Users/dineshsammeta/anaconda3/envs/python38/lib/python3.8/site-packages/airflow/example_dags/example_datasets.py took 0.180 seconds
[2025-04-29T23:39:19.607+0100] {processor.py:186} INFO - Started process (PID=65256) to work on /Users/dineshsammeta/anaconda3/envs/python38/lib/python3.8/site-packages/airflow/example_dags/example_datasets.py
[2025-04-29T23:39:19.609+0100] {processor.py:914} INFO - Processing file /Users/dineshsammeta/anaconda3/envs/python38/lib/python3.8/site-packages/airflow/example_dags/example_datasets.py for tasks to queue
[2025-04-29T23:39:19.609+0100] {logging_mixin.py:190} INFO - [2025-04-29T23:39:19.609+0100] {dagbag.py:588} INFO - Filling up the DagBag from /Users/dineshsammeta/anaconda3/envs/python38/lib/python3.8/site-packages/airflow/example_dags/example_datasets.py
[2025-04-29T23:39:19.674+0100] {processor.py:925} INFO - DAG(s) 'dataset_consumes_1_never_scheduled', 'dataset_consumes_unknown_never_scheduled', 'conditional_dataset_and_time_based_timetable', 'dataset_consumes_1', 'consume_1_or_2_with_dataset_expressions', 'consume_1_and_2_with_dataset_expressions', 'dataset_produces_2', 'dataset_consumes_1_and_2', 'consume_1_or_both_2_and_3_with_dataset_expressions', 'dataset_produces_1' retrieved from /Users/dineshsammeta/anaconda3/envs/python38/lib/python3.8/site-packages/airflow/example_dags/example_datasets.py
[2025-04-29T23:39:19.743+0100] {logging_mixin.py:190} INFO - [2025-04-29T23:39:19.743+0100] {dag.py:3239} INFO - Sync 10 DAGs
[2025-04-29T23:39:19.754+0100] {logging_mixin.py:190} INFO - [2025-04-29T23:39:19.754+0100] {dag.py:4180} INFO - Setting next_dagrun for conditional_dataset_and_time_based_timetable to 2025-04-23 01:00:00+00:00, run_after=2025-04-23 01:00:00+00:00
[2025-04-29T23:39:19.756+0100] {logging_mixin.py:190} INFO - [2025-04-29T23:39:19.756+0100] {dag.py:4180} INFO - Setting next_dagrun for consume_1_and_2_with_dataset_expressions to None, run_after=None
[2025-04-29T23:39:19.756+0100] {logging_mixin.py:190} INFO - [2025-04-29T23:39:19.756+0100] {dag.py:4180} INFO - Setting next_dagrun for consume_1_or_2_with_dataset_expressions to None, run_after=None
[2025-04-29T23:39:19.757+0100] {logging_mixin.py:190} INFO - [2025-04-29T23:39:19.757+0100] {dag.py:4180} INFO - Setting next_dagrun for consume_1_or_both_2_and_3_with_dataset_expressions to None, run_after=None
[2025-04-29T23:39:19.757+0100] {logging_mixin.py:190} INFO - [2025-04-29T23:39:19.757+0100] {dag.py:4180} INFO - Setting next_dagrun for dataset_consumes_1 to None, run_after=None
[2025-04-29T23:39:19.758+0100] {logging_mixin.py:190} INFO - [2025-04-29T23:39:19.758+0100] {dag.py:4180} INFO - Setting next_dagrun for dataset_consumes_1_and_2 to None, run_after=None
[2025-04-29T23:39:19.758+0100] {logging_mixin.py:190} INFO - [2025-04-29T23:39:19.758+0100] {dag.py:4180} INFO - Setting next_dagrun for dataset_consumes_1_never_scheduled to None, run_after=None
[2025-04-29T23:39:19.759+0100] {logging_mixin.py:190} INFO - [2025-04-29T23:39:19.759+0100] {dag.py:4180} INFO - Setting next_dagrun for dataset_consumes_unknown_never_scheduled to None, run_after=None
[2025-04-29T23:39:19.760+0100] {logging_mixin.py:190} INFO - [2025-04-29T23:39:19.760+0100] {dag.py:4180} INFO - Setting next_dagrun for dataset_produces_1 to 2025-04-28 00:00:00+00:00, run_after=2025-04-29 00:00:00+00:00
[2025-04-29T23:39:19.761+0100] {logging_mixin.py:190} INFO - [2025-04-29T23:39:19.760+0100] {dag.py:4180} INFO - Setting next_dagrun for dataset_produces_2 to None, run_after=None
[2025-04-29T23:39:19.778+0100] {processor.py:208} INFO - Processing /Users/dineshsammeta/anaconda3/envs/python38/lib/python3.8/site-packages/airflow/example_dags/example_datasets.py took 0.173 seconds
