[2025-04-29T23:33:59.037+0100] {processor.py:186} INFO - Started process (PID=64220) to work on /Users/dineshsammeta/anaconda3/envs/python38/lib/python3.8/site-packages/airflow/example_dags/example_inlet_event_extra.py
[2025-04-29T23:33:59.038+0100] {processor.py:914} INFO - Processing file /Users/dineshsammeta/anaconda3/envs/python38/lib/python3.8/site-packages/airflow/example_dags/example_inlet_event_extra.py for tasks to queue
[2025-04-29T23:33:59.039+0100] {logging_mixin.py:190} INFO - [2025-04-29T23:33:59.039+0100] {dagbag.py:588} INFO - Filling up the DagBag from /Users/dineshsammeta/anaconda3/envs/python38/lib/python3.8/site-packages/airflow/example_dags/example_inlet_event_extra.py
[2025-04-29T23:33:59.116+0100] {processor.py:925} INFO - DAG(s) 'read_dataset_event', 'read_dataset_event_from_classic' retrieved from /Users/dineshsammeta/anaconda3/envs/python38/lib/python3.8/site-packages/airflow/example_dags/example_inlet_event_extra.py
[2025-04-29T23:33:59.223+0100] {logging_mixin.py:190} INFO - [2025-04-29T23:33:59.222+0100] {override.py:1901} INFO - Created Permission View: can edit on DAG:read_dataset_event
[2025-04-29T23:33:59.228+0100] {logging_mixin.py:190} INFO - [2025-04-29T23:33:59.227+0100] {override.py:1901} INFO - Created Permission View: can read on DAG:read_dataset_event
[2025-04-29T23:33:59.231+0100] {logging_mixin.py:190} INFO - [2025-04-29T23:33:59.230+0100] {override.py:1901} INFO - Created Permission View: can delete on DAG:read_dataset_event
[2025-04-29T23:33:59.234+0100] {logging_mixin.py:190} INFO - [2025-04-29T23:33:59.234+0100] {override.py:1901} INFO - Created Permission View: can read on DAG Run:read_dataset_event
[2025-04-29T23:33:59.238+0100] {logging_mixin.py:190} INFO - [2025-04-29T23:33:59.237+0100] {override.py:1901} INFO - Created Permission View: menu access on DAG Run:read_dataset_event
[2025-04-29T23:33:59.241+0100] {logging_mixin.py:190} INFO - [2025-04-29T23:33:59.240+0100] {override.py:1901} INFO - Created Permission View: can create on DAG Run:read_dataset_event
[2025-04-29T23:33:59.244+0100] {logging_mixin.py:190} INFO - [2025-04-29T23:33:59.244+0100] {override.py:1901} INFO - Created Permission View: can delete on DAG Run:read_dataset_event
[2025-04-29T23:33:59.251+0100] {logging_mixin.py:190} INFO - [2025-04-29T23:33:59.251+0100] {override.py:1901} INFO - Created Permission View: can edit on DAG:read_dataset_event_from_classic
[2025-04-29T23:33:59.255+0100] {logging_mixin.py:190} INFO - [2025-04-29T23:33:59.255+0100] {override.py:1901} INFO - Created Permission View: can read on DAG:read_dataset_event_from_classic
[2025-04-29T23:33:59.259+0100] {logging_mixin.py:190} INFO - [2025-04-29T23:33:59.259+0100] {override.py:1901} INFO - Created Permission View: can delete on DAG:read_dataset_event_from_classic
[2025-04-29T23:33:59.267+0100] {logging_mixin.py:190} INFO - [2025-04-29T23:33:59.266+0100] {override.py:1901} INFO - Created Permission View: can read on DAG Run:read_dataset_event_from_classic
[2025-04-29T23:33:59.270+0100] {logging_mixin.py:190} INFO - [2025-04-29T23:33:59.269+0100] {override.py:1901} INFO - Created Permission View: menu access on DAG Run:read_dataset_event_from_classic
[2025-04-29T23:33:59.272+0100] {logging_mixin.py:190} INFO - [2025-04-29T23:33:59.272+0100] {override.py:1901} INFO - Created Permission View: can create on DAG Run:read_dataset_event_from_classic
[2025-04-29T23:33:59.275+0100] {logging_mixin.py:190} INFO - [2025-04-29T23:33:59.275+0100] {override.py:1901} INFO - Created Permission View: can delete on DAG Run:read_dataset_event_from_classic
[2025-04-29T23:33:59.275+0100] {logging_mixin.py:190} INFO - [2025-04-29T23:33:59.275+0100] {dag.py:3239} INFO - Sync 2 DAGs
[2025-04-29T23:33:59.282+0100] {logging_mixin.py:190} INFO - [2025-04-29T23:33:59.282+0100] {dag.py:3262} INFO - Creating ORM DAG for read_dataset_event_from_classic
[2025-04-29T23:33:59.282+0100] {logging_mixin.py:190} INFO - [2025-04-29T23:33:59.282+0100] {dag.py:3262} INFO - Creating ORM DAG for read_dataset_event
[2025-04-29T23:33:59.288+0100] {logging_mixin.py:190} INFO - [2025-04-29T23:33:59.288+0100] {dag.py:4180} INFO - Setting next_dagrun for read_dataset_event to 2025-04-28 00:00:00+00:00, run_after=2025-04-29 00:00:00+00:00
[2025-04-29T23:33:59.289+0100] {logging_mixin.py:190} INFO - [2025-04-29T23:33:59.289+0100] {dag.py:4180} INFO - Setting next_dagrun for read_dataset_event_from_classic to 2025-04-28 00:00:00+00:00, run_after=2025-04-29 00:00:00+00:00
[2025-04-29T23:33:59.299+0100] {processor.py:208} INFO - Processing /Users/dineshsammeta/anaconda3/envs/python38/lib/python3.8/site-packages/airflow/example_dags/example_inlet_event_extra.py took 0.263 seconds
[2025-04-29T23:36:06.639+0100] {processor.py:186} INFO - Started process (PID=64621) to work on /Users/dineshsammeta/anaconda3/envs/python38/lib/python3.8/site-packages/airflow/example_dags/example_inlet_event_extra.py
[2025-04-29T23:36:06.640+0100] {processor.py:914} INFO - Processing file /Users/dineshsammeta/anaconda3/envs/python38/lib/python3.8/site-packages/airflow/example_dags/example_inlet_event_extra.py for tasks to queue
[2025-04-29T23:36:06.641+0100] {logging_mixin.py:190} INFO - [2025-04-29T23:36:06.640+0100] {dagbag.py:588} INFO - Filling up the DagBag from /Users/dineshsammeta/anaconda3/envs/python38/lib/python3.8/site-packages/airflow/example_dags/example_inlet_event_extra.py
[2025-04-29T23:36:06.726+0100] {processor.py:925} INFO - DAG(s) 'read_dataset_event_from_classic', 'read_dataset_event' retrieved from /Users/dineshsammeta/anaconda3/envs/python38/lib/python3.8/site-packages/airflow/example_dags/example_inlet_event_extra.py
[2025-04-29T23:36:06.784+0100] {logging_mixin.py:190} INFO - [2025-04-29T23:36:06.784+0100] {dag.py:3239} INFO - Sync 2 DAGs
[2025-04-29T23:36:06.796+0100] {logging_mixin.py:190} INFO - [2025-04-29T23:36:06.796+0100] {dag.py:4180} INFO - Setting next_dagrun for read_dataset_event to 2025-04-28 00:00:00+00:00, run_after=2025-04-29 00:00:00+00:00
[2025-04-29T23:36:06.799+0100] {logging_mixin.py:190} INFO - [2025-04-29T23:36:06.799+0100] {dag.py:4180} INFO - Setting next_dagrun for read_dataset_event_from_classic to 2025-04-28 00:00:00+00:00, run_after=2025-04-29 00:00:00+00:00
[2025-04-29T23:36:06.811+0100] {processor.py:208} INFO - Processing /Users/dineshsammeta/anaconda3/envs/python38/lib/python3.8/site-packages/airflow/example_dags/example_inlet_event_extra.py took 0.175 seconds
[2025-04-29T23:37:07.833+0100] {processor.py:186} INFO - Started process (PID=64809) to work on /Users/dineshsammeta/anaconda3/envs/python38/lib/python3.8/site-packages/airflow/example_dags/example_inlet_event_extra.py
[2025-04-29T23:37:07.833+0100] {processor.py:914} INFO - Processing file /Users/dineshsammeta/anaconda3/envs/python38/lib/python3.8/site-packages/airflow/example_dags/example_inlet_event_extra.py for tasks to queue
[2025-04-29T23:37:07.834+0100] {logging_mixin.py:190} INFO - [2025-04-29T23:37:07.834+0100] {dagbag.py:588} INFO - Filling up the DagBag from /Users/dineshsammeta/anaconda3/envs/python38/lib/python3.8/site-packages/airflow/example_dags/example_inlet_event_extra.py
[2025-04-29T23:37:07.918+0100] {processor.py:925} INFO - DAG(s) 'read_dataset_event', 'read_dataset_event_from_classic' retrieved from /Users/dineshsammeta/anaconda3/envs/python38/lib/python3.8/site-packages/airflow/example_dags/example_inlet_event_extra.py
[2025-04-29T23:37:07.975+0100] {logging_mixin.py:190} INFO - [2025-04-29T23:37:07.975+0100] {dag.py:3239} INFO - Sync 2 DAGs
[2025-04-29T23:37:07.988+0100] {logging_mixin.py:190} INFO - [2025-04-29T23:37:07.987+0100] {dag.py:4180} INFO - Setting next_dagrun for read_dataset_event to 2025-04-28 00:00:00+00:00, run_after=2025-04-29 00:00:00+00:00
[2025-04-29T23:37:07.990+0100] {logging_mixin.py:190} INFO - [2025-04-29T23:37:07.990+0100] {dag.py:4180} INFO - Setting next_dagrun for read_dataset_event_from_classic to 2025-04-28 00:00:00+00:00, run_after=2025-04-29 00:00:00+00:00
[2025-04-29T23:37:08.000+0100] {processor.py:208} INFO - Processing /Users/dineshsammeta/anaconda3/envs/python38/lib/python3.8/site-packages/airflow/example_dags/example_inlet_event_extra.py took 0.170 seconds
[2025-04-29T23:39:09.277+0100] {processor.py:186} INFO - Started process (PID=65236) to work on /Users/dineshsammeta/anaconda3/envs/python38/lib/python3.8/site-packages/airflow/example_dags/example_inlet_event_extra.py
[2025-04-29T23:39:09.278+0100] {processor.py:914} INFO - Processing file /Users/dineshsammeta/anaconda3/envs/python38/lib/python3.8/site-packages/airflow/example_dags/example_inlet_event_extra.py for tasks to queue
[2025-04-29T23:39:09.279+0100] {logging_mixin.py:190} INFO - [2025-04-29T23:39:09.279+0100] {dagbag.py:588} INFO - Filling up the DagBag from /Users/dineshsammeta/anaconda3/envs/python38/lib/python3.8/site-packages/airflow/example_dags/example_inlet_event_extra.py
[2025-04-29T23:39:09.356+0100] {processor.py:925} INFO - DAG(s) 'read_dataset_event', 'read_dataset_event_from_classic' retrieved from /Users/dineshsammeta/anaconda3/envs/python38/lib/python3.8/site-packages/airflow/example_dags/example_inlet_event_extra.py
[2025-04-29T23:39:09.414+0100] {logging_mixin.py:190} INFO - [2025-04-29T23:39:09.414+0100] {dag.py:3239} INFO - Sync 2 DAGs
[2025-04-29T23:39:09.426+0100] {logging_mixin.py:190} INFO - [2025-04-29T23:39:09.426+0100] {dag.py:4180} INFO - Setting next_dagrun for read_dataset_event to 2025-04-28 00:00:00+00:00, run_after=2025-04-29 00:00:00+00:00
[2025-04-29T23:39:09.429+0100] {logging_mixin.py:190} INFO - [2025-04-29T23:39:09.428+0100] {dag.py:4180} INFO - Setting next_dagrun for read_dataset_event_from_classic to 2025-04-28 00:00:00+00:00, run_after=2025-04-29 00:00:00+00:00
[2025-04-29T23:39:09.437+0100] {processor.py:208} INFO - Processing /Users/dineshsammeta/anaconda3/envs/python38/lib/python3.8/site-packages/airflow/example_dags/example_inlet_event_extra.py took 0.162 seconds
