[2025-04-29T23:33:52.744+0100] {processor.py:186} INFO - Started process (PID=64210) to work on /Users/dineshsammeta/anaconda3/envs/python38/lib/python3.8/site-packages/airflow/example_dags/example_latest_only_with_trigger.py
[2025-04-29T23:33:52.744+0100] {processor.py:914} INFO - Processing file /Users/dineshsammeta/anaconda3/envs/python38/lib/python3.8/site-packages/airflow/example_dags/example_latest_only_with_trigger.py for tasks to queue
[2025-04-29T23:33:52.745+0100] {logging_mixin.py:190} INFO - [2025-04-29T23:33:52.745+0100] {dagbag.py:588} INFO - Filling up the DagBag from /Users/dineshsammeta/anaconda3/envs/python38/lib/python3.8/site-packages/airflow/example_dags/example_latest_only_with_trigger.py
[2025-04-29T23:33:52.751+0100] {processor.py:925} INFO - DAG(s) 'latest_only_with_trigger' retrieved from /Users/dineshsammeta/anaconda3/envs/python38/lib/python3.8/site-packages/airflow/example_dags/example_latest_only_with_trigger.py
[2025-04-29T23:33:52.890+0100] {logging_mixin.py:190} INFO - [2025-04-29T23:33:52.889+0100] {override.py:1901} INFO - Created Permission View: can delete on DAG:latest_only_with_trigger
[2025-04-29T23:33:52.894+0100] {logging_mixin.py:190} INFO - [2025-04-29T23:33:52.894+0100] {override.py:1901} INFO - Created Permission View: can read on DAG:latest_only_with_trigger
[2025-04-29T23:33:52.898+0100] {logging_mixin.py:190} INFO - [2025-04-29T23:33:52.898+0100] {override.py:1901} INFO - Created Permission View: can edit on DAG:latest_only_with_trigger
[2025-04-29T23:33:52.902+0100] {logging_mixin.py:190} INFO - [2025-04-29T23:33:52.901+0100] {override.py:1901} INFO - Created Permission View: can delete on DAG Run:latest_only_with_trigger
[2025-04-29T23:33:52.904+0100] {logging_mixin.py:190} INFO - [2025-04-29T23:33:52.904+0100] {override.py:1901} INFO - Created Permission View: can create on DAG Run:latest_only_with_trigger
[2025-04-29T23:33:52.907+0100] {logging_mixin.py:190} INFO - [2025-04-29T23:33:52.907+0100] {override.py:1901} INFO - Created Permission View: menu access on DAG Run:latest_only_with_trigger
[2025-04-29T23:33:52.910+0100] {logging_mixin.py:190} INFO - [2025-04-29T23:33:52.910+0100] {override.py:1901} INFO - Created Permission View: can read on DAG Run:latest_only_with_trigger
[2025-04-29T23:33:52.910+0100] {logging_mixin.py:190} INFO - [2025-04-29T23:33:52.910+0100] {dag.py:3239} INFO - Sync 1 DAGs
[2025-04-29T23:33:52.918+0100] {logging_mixin.py:190} INFO - [2025-04-29T23:33:52.918+0100] {dag.py:3262} INFO - Creating ORM DAG for latest_only_with_trigger
[2025-04-29T23:33:52.922+0100] {logging_mixin.py:190} INFO - [2025-04-29T23:33:52.922+0100] {dag.py:4180} INFO - Setting next_dagrun for latest_only_with_trigger to 2025-04-29 16:00:00+00:00, run_after=2025-04-29 20:00:00+00:00
[2025-04-29T23:33:52.931+0100] {processor.py:208} INFO - Processing /Users/dineshsammeta/anaconda3/envs/python38/lib/python3.8/site-packages/airflow/example_dags/example_latest_only_with_trigger.py took 0.190 seconds
[2025-04-29T23:36:00.277+0100] {processor.py:186} INFO - Started process (PID=64596) to work on /Users/dineshsammeta/anaconda3/envs/python38/lib/python3.8/site-packages/airflow/example_dags/example_latest_only_with_trigger.py
[2025-04-29T23:36:00.278+0100] {processor.py:914} INFO - Processing file /Users/dineshsammeta/anaconda3/envs/python38/lib/python3.8/site-packages/airflow/example_dags/example_latest_only_with_trigger.py for tasks to queue
[2025-04-29T23:36:00.278+0100] {logging_mixin.py:190} INFO - [2025-04-29T23:36:00.278+0100] {dagbag.py:588} INFO - Filling up the DagBag from /Users/dineshsammeta/anaconda3/envs/python38/lib/python3.8/site-packages/airflow/example_dags/example_latest_only_with_trigger.py
[2025-04-29T23:36:00.284+0100] {processor.py:925} INFO - DAG(s) 'latest_only_with_trigger' retrieved from /Users/dineshsammeta/anaconda3/envs/python38/lib/python3.8/site-packages/airflow/example_dags/example_latest_only_with_trigger.py
[2025-04-29T23:36:00.373+0100] {logging_mixin.py:190} INFO - [2025-04-29T23:36:00.373+0100] {dag.py:3239} INFO - Sync 1 DAGs
[2025-04-29T23:36:00.383+0100] {logging_mixin.py:190} INFO - [2025-04-29T23:36:00.383+0100] {dag.py:4180} INFO - Setting next_dagrun for latest_only_with_trigger to 2025-04-29 16:00:00+00:00, run_after=2025-04-29 20:00:00+00:00
[2025-04-29T23:36:00.393+0100] {processor.py:208} INFO - Processing /Users/dineshsammeta/anaconda3/envs/python38/lib/python3.8/site-packages/airflow/example_dags/example_latest_only_with_trigger.py took 0.119 seconds
[2025-04-29T23:37:00.957+0100] {processor.py:186} INFO - Started process (PID=64782) to work on /Users/dineshsammeta/anaconda3/envs/python38/lib/python3.8/site-packages/airflow/example_dags/example_latest_only_with_trigger.py
[2025-04-29T23:37:00.959+0100] {processor.py:914} INFO - Processing file /Users/dineshsammeta/anaconda3/envs/python38/lib/python3.8/site-packages/airflow/example_dags/example_latest_only_with_trigger.py for tasks to queue
[2025-04-29T23:37:00.962+0100] {logging_mixin.py:190} INFO - [2025-04-29T23:37:00.961+0100] {dagbag.py:588} INFO - Filling up the DagBag from /Users/dineshsammeta/anaconda3/envs/python38/lib/python3.8/site-packages/airflow/example_dags/example_latest_only_with_trigger.py
[2025-04-29T23:37:00.973+0100] {processor.py:925} INFO - DAG(s) 'latest_only_with_trigger' retrieved from /Users/dineshsammeta/anaconda3/envs/python38/lib/python3.8/site-packages/airflow/example_dags/example_latest_only_with_trigger.py
[2025-04-29T23:37:01.195+0100] {logging_mixin.py:190} INFO - [2025-04-29T23:37:01.195+0100] {dag.py:3239} INFO - Sync 1 DAGs
[2025-04-29T23:37:01.241+0100] {logging_mixin.py:190} INFO - [2025-04-29T23:37:01.240+0100] {dag.py:4180} INFO - Setting next_dagrun for latest_only_with_trigger to 2025-04-29 16:00:00+00:00, run_after=2025-04-29 20:00:00+00:00
[2025-04-29T23:37:01.298+0100] {processor.py:208} INFO - Processing /Users/dineshsammeta/anaconda3/envs/python38/lib/python3.8/site-packages/airflow/example_dags/example_latest_only_with_trigger.py took 0.345 seconds
[2025-04-29T23:39:03.146+0100] {processor.py:186} INFO - Started process (PID=65225) to work on /Users/dineshsammeta/anaconda3/envs/python38/lib/python3.8/site-packages/airflow/example_dags/example_latest_only_with_trigger.py
[2025-04-29T23:39:03.147+0100] {processor.py:914} INFO - Processing file /Users/dineshsammeta/anaconda3/envs/python38/lib/python3.8/site-packages/airflow/example_dags/example_latest_only_with_trigger.py for tasks to queue
[2025-04-29T23:39:03.148+0100] {logging_mixin.py:190} INFO - [2025-04-29T23:39:03.148+0100] {dagbag.py:588} INFO - Filling up the DagBag from /Users/dineshsammeta/anaconda3/envs/python38/lib/python3.8/site-packages/airflow/example_dags/example_latest_only_with_trigger.py
[2025-04-29T23:39:03.153+0100] {processor.py:925} INFO - DAG(s) 'latest_only_with_trigger' retrieved from /Users/dineshsammeta/anaconda3/envs/python38/lib/python3.8/site-packages/airflow/example_dags/example_latest_only_with_trigger.py
[2025-04-29T23:39:03.242+0100] {logging_mixin.py:190} INFO - [2025-04-29T23:39:03.242+0100] {dag.py:3239} INFO - Sync 1 DAGs
[2025-04-29T23:39:03.253+0100] {logging_mixin.py:190} INFO - [2025-04-29T23:39:03.253+0100] {dag.py:4180} INFO - Setting next_dagrun for latest_only_with_trigger to 2025-04-29 16:00:00+00:00, run_after=2025-04-29 20:00:00+00:00
[2025-04-29T23:39:03.263+0100] {processor.py:208} INFO - Processing /Users/dineshsammeta/anaconda3/envs/python38/lib/python3.8/site-packages/airflow/example_dags/example_latest_only_with_trigger.py took 0.120 seconds
