[2025-04-29T23:34:21.354+0100] {processor.py:186} INFO - Started process (PID=64256) to work on /Users/dineshsammeta/anaconda3/envs/python38/lib/python3.8/site-packages/airflow/example_dags/example_branch_python_dop_operator_3.py
[2025-04-29T23:34:21.356+0100] {processor.py:914} INFO - Processing file /Users/dineshsammeta/anaconda3/envs/python38/lib/python3.8/site-packages/airflow/example_dags/example_branch_python_dop_operator_3.py for tasks to queue
[2025-04-29T23:34:21.357+0100] {logging_mixin.py:190} INFO - [2025-04-29T23:34:21.357+0100] {dagbag.py:588} INFO - Filling up the DagBag from /Users/dineshsammeta/anaconda3/envs/python38/lib/python3.8/site-packages/airflow/example_dags/example_branch_python_dop_operator_3.py
[2025-04-29T23:34:21.415+0100] {processor.py:925} INFO - DAG(s) 'example_branch_dop_operator_v3' retrieved from /Users/dineshsammeta/anaconda3/envs/python38/lib/python3.8/site-packages/airflow/example_dags/example_branch_python_dop_operator_3.py
[2025-04-29T23:34:21.522+0100] {logging_mixin.py:190} INFO - [2025-04-29T23:34:21.522+0100] {override.py:1901} INFO - Created Permission View: can edit on DAG:example_branch_dop_operator_v3
[2025-04-29T23:34:21.528+0100] {logging_mixin.py:190} INFO - [2025-04-29T23:34:21.527+0100] {override.py:1901} INFO - Created Permission View: can read on DAG:example_branch_dop_operator_v3
[2025-04-29T23:34:21.531+0100] {logging_mixin.py:190} INFO - [2025-04-29T23:34:21.531+0100] {override.py:1901} INFO - Created Permission View: can delete on DAG:example_branch_dop_operator_v3
[2025-04-29T23:34:21.535+0100] {logging_mixin.py:190} INFO - [2025-04-29T23:34:21.535+0100] {override.py:1901} INFO - Created Permission View: menu access on DAG Run:example_branch_dop_operator_v3
[2025-04-29T23:34:21.538+0100] {logging_mixin.py:190} INFO - [2025-04-29T23:34:21.538+0100] {override.py:1901} INFO - Created Permission View: can delete on DAG Run:example_branch_dop_operator_v3
[2025-04-29T23:34:21.541+0100] {logging_mixin.py:190} INFO - [2025-04-29T23:34:21.541+0100] {override.py:1901} INFO - Created Permission View: can read on DAG Run:example_branch_dop_operator_v3
[2025-04-29T23:34:21.544+0100] {logging_mixin.py:190} INFO - [2025-04-29T23:34:21.544+0100] {override.py:1901} INFO - Created Permission View: can create on DAG Run:example_branch_dop_operator_v3
[2025-04-29T23:34:21.545+0100] {logging_mixin.py:190} INFO - [2025-04-29T23:34:21.544+0100] {dag.py:3239} INFO - Sync 1 DAGs
[2025-04-29T23:34:21.551+0100] {logging_mixin.py:190} INFO - [2025-04-29T23:34:21.551+0100] {dag.py:3262} INFO - Creating ORM DAG for example_branch_dop_operator_v3
[2025-04-29T23:34:21.559+0100] {logging_mixin.py:190} INFO - [2025-04-29T23:34:21.558+0100] {dag.py:4180} INFO - Setting next_dagrun for example_branch_dop_operator_v3 to 2025-04-29 22:33:00+00:00, run_after=2025-04-29 22:34:00+00:00
[2025-04-29T23:34:21.569+0100] {processor.py:208} INFO - Processing /Users/dineshsammeta/anaconda3/envs/python38/lib/python3.8/site-packages/airflow/example_dags/example_branch_python_dop_operator_3.py took 0.219 seconds
[2025-04-29T23:37:28.739+0100] {processor.py:186} INFO - Started process (PID=64880) to work on /Users/dineshsammeta/anaconda3/envs/python38/lib/python3.8/site-packages/airflow/example_dags/example_branch_python_dop_operator_3.py
[2025-04-29T23:37:28.740+0100] {processor.py:914} INFO - Processing file /Users/dineshsammeta/anaconda3/envs/python38/lib/python3.8/site-packages/airflow/example_dags/example_branch_python_dop_operator_3.py for tasks to queue
[2025-04-29T23:37:28.741+0100] {logging_mixin.py:190} INFO - [2025-04-29T23:37:28.741+0100] {dagbag.py:588} INFO - Filling up the DagBag from /Users/dineshsammeta/anaconda3/envs/python38/lib/python3.8/site-packages/airflow/example_dags/example_branch_python_dop_operator_3.py
[2025-04-29T23:37:28.810+0100] {processor.py:925} INFO - DAG(s) 'example_branch_dop_operator_v3' retrieved from /Users/dineshsammeta/anaconda3/envs/python38/lib/python3.8/site-packages/airflow/example_dags/example_branch_python_dop_operator_3.py
[2025-04-29T23:37:28.877+0100] {logging_mixin.py:190} INFO - [2025-04-29T23:37:28.876+0100] {dag.py:3239} INFO - Sync 1 DAGs
[2025-04-29T23:37:28.894+0100] {logging_mixin.py:190} INFO - [2025-04-29T23:37:28.893+0100] {dag.py:4180} INFO - Setting next_dagrun for example_branch_dop_operator_v3 to 2025-04-29 22:36:00+00:00, run_after=2025-04-29 22:37:00+00:00
[2025-04-29T23:37:28.924+0100] {processor.py:208} INFO - Processing /Users/dineshsammeta/anaconda3/envs/python38/lib/python3.8/site-packages/airflow/example_dags/example_branch_python_dop_operator_3.py took 0.187 seconds
[2025-04-29T23:39:30.042+0100] {processor.py:186} INFO - Started process (PID=65274) to work on /Users/dineshsammeta/anaconda3/envs/python38/lib/python3.8/site-packages/airflow/example_dags/example_branch_python_dop_operator_3.py
[2025-04-29T23:39:30.043+0100] {processor.py:914} INFO - Processing file /Users/dineshsammeta/anaconda3/envs/python38/lib/python3.8/site-packages/airflow/example_dags/example_branch_python_dop_operator_3.py for tasks to queue
[2025-04-29T23:39:30.044+0100] {logging_mixin.py:190} INFO - [2025-04-29T23:39:30.044+0100] {dagbag.py:588} INFO - Filling up the DagBag from /Users/dineshsammeta/anaconda3/envs/python38/lib/python3.8/site-packages/airflow/example_dags/example_branch_python_dop_operator_3.py
[2025-04-29T23:39:30.098+0100] {processor.py:925} INFO - DAG(s) 'example_branch_dop_operator_v3' retrieved from /Users/dineshsammeta/anaconda3/envs/python38/lib/python3.8/site-packages/airflow/example_dags/example_branch_python_dop_operator_3.py
[2025-04-29T23:39:30.158+0100] {logging_mixin.py:190} INFO - [2025-04-29T23:39:30.157+0100] {dag.py:3239} INFO - Sync 1 DAGs
[2025-04-29T23:39:30.171+0100] {logging_mixin.py:190} INFO - [2025-04-29T23:39:30.171+0100] {dag.py:4180} INFO - Setting next_dagrun for example_branch_dop_operator_v3 to 2025-04-29 22:38:00+00:00, run_after=2025-04-29 22:39:00+00:00
[2025-04-29T23:39:30.182+0100] {processor.py:208} INFO - Processing /Users/dineshsammeta/anaconda3/envs/python38/lib/python3.8/site-packages/airflow/example_dags/example_branch_python_dop_operator_3.py took 0.142 seconds
