[2025-04-29T23:33:11.729+0100] {processor.py:186} INFO - Started process (PID=64138) to work on /Users/dineshsammeta/anaconda3/envs/python38/lib/python3.8/site-packages/airflow/example_dags/example_task_group_decorator.py
[2025-04-29T23:33:11.730+0100] {processor.py:914} INFO - Processing file /Users/dineshsammeta/anaconda3/envs/python38/lib/python3.8/site-packages/airflow/example_dags/example_task_group_decorator.py for tasks to queue
[2025-04-29T23:33:11.730+0100] {logging_mixin.py:190} INFO - [2025-04-29T23:33:11.730+0100] {dagbag.py:588} INFO - Filling up the DagBag from /Users/dineshsammeta/anaconda3/envs/python38/lib/python3.8/site-packages/airflow/example_dags/example_task_group_decorator.py
[2025-04-29T23:33:11.785+0100] {processor.py:925} INFO - DAG(s) 'example_task_group_decorator' retrieved from /Users/dineshsammeta/anaconda3/envs/python38/lib/python3.8/site-packages/airflow/example_dags/example_task_group_decorator.py
[2025-04-29T23:33:11.895+0100] {logging_mixin.py:190} INFO - [2025-04-29T23:33:11.895+0100] {override.py:1901} INFO - Created Permission View: can read on DAG:example_task_group_decorator
[2025-04-29T23:33:11.900+0100] {logging_mixin.py:190} INFO - [2025-04-29T23:33:11.900+0100] {override.py:1901} INFO - Created Permission View: can edit on DAG:example_task_group_decorator
[2025-04-29T23:33:11.904+0100] {logging_mixin.py:190} INFO - [2025-04-29T23:33:11.903+0100] {override.py:1901} INFO - Created Permission View: can delete on DAG:example_task_group_decorator
[2025-04-29T23:33:11.908+0100] {logging_mixin.py:190} INFO - [2025-04-29T23:33:11.908+0100] {override.py:1901} INFO - Created Permission View: can delete on DAG Run:example_task_group_decorator
[2025-04-29T23:33:11.911+0100] {logging_mixin.py:190} INFO - [2025-04-29T23:33:11.911+0100] {override.py:1901} INFO - Created Permission View: can read on DAG Run:example_task_group_decorator
[2025-04-29T23:33:11.914+0100] {logging_mixin.py:190} INFO - [2025-04-29T23:33:11.913+0100] {override.py:1901} INFO - Created Permission View: can create on DAG Run:example_task_group_decorator
[2025-04-29T23:33:11.917+0100] {logging_mixin.py:190} INFO - [2025-04-29T23:33:11.916+0100] {override.py:1901} INFO - Created Permission View: menu access on DAG Run:example_task_group_decorator
[2025-04-29T23:33:11.917+0100] {logging_mixin.py:190} INFO - [2025-04-29T23:33:11.917+0100] {dag.py:3239} INFO - Sync 1 DAGs
[2025-04-29T23:33:11.923+0100] {logging_mixin.py:190} INFO - [2025-04-29T23:33:11.923+0100] {dag.py:3262} INFO - Creating ORM DAG for example_task_group_decorator
[2025-04-29T23:33:11.924+0100] {logging_mixin.py:190} INFO - [2025-04-29T23:33:11.924+0100] {dag.py:4180} INFO - Setting next_dagrun for example_task_group_decorator to None, run_after=None
[2025-04-29T23:33:11.933+0100] {processor.py:208} INFO - Processing /Users/dineshsammeta/anaconda3/envs/python38/lib/python3.8/site-packages/airflow/example_dags/example_task_group_decorator.py took 0.206 seconds
[2025-04-29T23:35:20.620+0100] {processor.py:186} INFO - Started process (PID=64452) to work on /Users/dineshsammeta/anaconda3/envs/python38/lib/python3.8/site-packages/airflow/example_dags/example_task_group_decorator.py
[2025-04-29T23:35:20.621+0100] {processor.py:914} INFO - Processing file /Users/dineshsammeta/anaconda3/envs/python38/lib/python3.8/site-packages/airflow/example_dags/example_task_group_decorator.py for tasks to queue
[2025-04-29T23:35:20.622+0100] {logging_mixin.py:190} INFO - [2025-04-29T23:35:20.621+0100] {dagbag.py:588} INFO - Filling up the DagBag from /Users/dineshsammeta/anaconda3/envs/python38/lib/python3.8/site-packages/airflow/example_dags/example_task_group_decorator.py
[2025-04-29T23:35:20.676+0100] {processor.py:925} INFO - DAG(s) 'example_task_group_decorator' retrieved from /Users/dineshsammeta/anaconda3/envs/python38/lib/python3.8/site-packages/airflow/example_dags/example_task_group_decorator.py
[2025-04-29T23:35:20.736+0100] {logging_mixin.py:190} INFO - [2025-04-29T23:35:20.736+0100] {dag.py:3239} INFO - Sync 1 DAGs
[2025-04-29T23:35:20.744+0100] {logging_mixin.py:190} INFO - [2025-04-29T23:35:20.744+0100] {dag.py:4180} INFO - Setting next_dagrun for example_task_group_decorator to None, run_after=None
[2025-04-29T23:35:20.754+0100] {processor.py:208} INFO - Processing /Users/dineshsammeta/anaconda3/envs/python38/lib/python3.8/site-packages/airflow/example_dags/example_task_group_decorator.py took 0.136 seconds
[2025-04-29T23:36:09.117+0100] {processor.py:186} INFO - Started process (PID=64629) to work on /Users/dineshsammeta/anaconda3/envs/python38/lib/python3.8/site-packages/airflow/example_dags/example_task_group_decorator.py
[2025-04-29T23:36:09.118+0100] {processor.py:914} INFO - Processing file /Users/dineshsammeta/anaconda3/envs/python38/lib/python3.8/site-packages/airflow/example_dags/example_task_group_decorator.py for tasks to queue
[2025-04-29T23:36:09.119+0100] {logging_mixin.py:190} INFO - [2025-04-29T23:36:09.119+0100] {dagbag.py:588} INFO - Filling up the DagBag from /Users/dineshsammeta/anaconda3/envs/python38/lib/python3.8/site-packages/airflow/example_dags/example_task_group_decorator.py
[2025-04-29T23:36:09.179+0100] {processor.py:925} INFO - DAG(s) 'example_task_group_decorator' retrieved from /Users/dineshsammeta/anaconda3/envs/python38/lib/python3.8/site-packages/airflow/example_dags/example_task_group_decorator.py
[2025-04-29T23:36:09.240+0100] {logging_mixin.py:190} INFO - [2025-04-29T23:36:09.240+0100] {dag.py:3239} INFO - Sync 1 DAGs
[2025-04-29T23:36:09.247+0100] {logging_mixin.py:190} INFO - [2025-04-29T23:36:09.247+0100] {dag.py:4180} INFO - Setting next_dagrun for example_task_group_decorator to None, run_after=None
[2025-04-29T23:36:09.261+0100] {processor.py:208} INFO - Processing /Users/dineshsammeta/anaconda3/envs/python38/lib/python3.8/site-packages/airflow/example_dags/example_task_group_decorator.py took 0.146 seconds
[2025-04-29T23:37:07.833+0100] {processor.py:186} INFO - Started process (PID=64810) to work on /Users/dineshsammeta/anaconda3/envs/python38/lib/python3.8/site-packages/airflow/example_dags/example_task_group_decorator.py
[2025-04-29T23:37:07.834+0100] {processor.py:914} INFO - Processing file /Users/dineshsammeta/anaconda3/envs/python38/lib/python3.8/site-packages/airflow/example_dags/example_task_group_decorator.py for tasks to queue
[2025-04-29T23:37:07.834+0100] {logging_mixin.py:190} INFO - [2025-04-29T23:37:07.834+0100] {dagbag.py:588} INFO - Filling up the DagBag from /Users/dineshsammeta/anaconda3/envs/python38/lib/python3.8/site-packages/airflow/example_dags/example_task_group_decorator.py
[2025-04-29T23:37:07.896+0100] {processor.py:925} INFO - DAG(s) 'example_task_group_decorator' retrieved from /Users/dineshsammeta/anaconda3/envs/python38/lib/python3.8/site-packages/airflow/example_dags/example_task_group_decorator.py
[2025-04-29T23:37:07.957+0100] {logging_mixin.py:190} INFO - [2025-04-29T23:37:07.956+0100] {dag.py:3239} INFO - Sync 1 DAGs
[2025-04-29T23:37:07.963+0100] {logging_mixin.py:190} INFO - [2025-04-29T23:37:07.963+0100] {dag.py:4180} INFO - Setting next_dagrun for example_task_group_decorator to None, run_after=None
[2025-04-29T23:37:07.975+0100] {processor.py:208} INFO - Processing /Users/dineshsammeta/anaconda3/envs/python38/lib/python3.8/site-packages/airflow/example_dags/example_task_group_decorator.py took 0.144 seconds
[2025-04-29T23:38:23.261+0100] {processor.py:186} INFO - Started process (PID=65076) to work on /Users/dineshsammeta/anaconda3/envs/python38/lib/python3.8/site-packages/airflow/example_dags/example_task_group_decorator.py
[2025-04-29T23:38:23.262+0100] {processor.py:914} INFO - Processing file /Users/dineshsammeta/anaconda3/envs/python38/lib/python3.8/site-packages/airflow/example_dags/example_task_group_decorator.py for tasks to queue
[2025-04-29T23:38:23.262+0100] {logging_mixin.py:190} INFO - [2025-04-29T23:38:23.262+0100] {dagbag.py:588} INFO - Filling up the DagBag from /Users/dineshsammeta/anaconda3/envs/python38/lib/python3.8/site-packages/airflow/example_dags/example_task_group_decorator.py
[2025-04-29T23:38:23.318+0100] {processor.py:925} INFO - DAG(s) 'example_task_group_decorator' retrieved from /Users/dineshsammeta/anaconda3/envs/python38/lib/python3.8/site-packages/airflow/example_dags/example_task_group_decorator.py
[2025-04-29T23:38:23.378+0100] {logging_mixin.py:190} INFO - [2025-04-29T23:38:23.378+0100] {dag.py:3239} INFO - Sync 1 DAGs
[2025-04-29T23:38:23.385+0100] {logging_mixin.py:190} INFO - [2025-04-29T23:38:23.385+0100] {dag.py:4180} INFO - Setting next_dagrun for example_task_group_decorator to None, run_after=None
[2025-04-29T23:38:23.395+0100] {processor.py:208} INFO - Processing /Users/dineshsammeta/anaconda3/envs/python38/lib/python3.8/site-packages/airflow/example_dags/example_task_group_decorator.py took 0.136 seconds
