[2025-04-29T23:33:36.949+0100] {processor.py:186} INFO - Started process (PID=64185) to work on /Users/dineshsammeta/anaconda3/envs/python38/lib/python3.8/site-packages/airflow/example_dags/example_python_decorator.py
[2025-04-29T23:33:36.950+0100] {processor.py:914} INFO - Processing file /Users/dineshsammeta/anaconda3/envs/python38/lib/python3.8/site-packages/airflow/example_dags/example_python_decorator.py for tasks to queue
[2025-04-29T23:33:36.950+0100] {logging_mixin.py:190} INFO - [2025-04-29T23:33:36.950+0100] {dagbag.py:588} INFO - Filling up the DagBag from /Users/dineshsammeta/anaconda3/envs/python38/lib/python3.8/site-packages/airflow/example_dags/example_python_decorator.py
[2025-04-29T23:33:37.007+0100] {logging_mixin.py:190} INFO - [2025-04-29T23:33:37.007+0100] {example_python_decorator.py:80} WARNING - The virtalenv_python example task requires virtualenv, please install it.
[2025-04-29T23:33:37.008+0100] {processor.py:925} INFO - DAG(s) 'example_python_decorator' retrieved from /Users/dineshsammeta/anaconda3/envs/python38/lib/python3.8/site-packages/airflow/example_dags/example_python_decorator.py
[2025-04-29T23:33:37.115+0100] {logging_mixin.py:190} INFO - [2025-04-29T23:33:37.115+0100] {override.py:1901} INFO - Created Permission View: can read on DAG:example_python_decorator
[2025-04-29T23:33:37.120+0100] {logging_mixin.py:190} INFO - [2025-04-29T23:33:37.119+0100] {override.py:1901} INFO - Created Permission View: can delete on DAG:example_python_decorator
[2025-04-29T23:33:37.123+0100] {logging_mixin.py:190} INFO - [2025-04-29T23:33:37.123+0100] {override.py:1901} INFO - Created Permission View: can edit on DAG:example_python_decorator
[2025-04-29T23:33:37.127+0100] {logging_mixin.py:190} INFO - [2025-04-29T23:33:37.126+0100] {override.py:1901} INFO - Created Permission View: menu access on DAG Run:example_python_decorator
[2025-04-29T23:33:37.129+0100] {logging_mixin.py:190} INFO - [2025-04-29T23:33:37.129+0100] {override.py:1901} INFO - Created Permission View: can read on DAG Run:example_python_decorator
[2025-04-29T23:33:37.132+0100] {logging_mixin.py:190} INFO - [2025-04-29T23:33:37.132+0100] {override.py:1901} INFO - Created Permission View: can delete on DAG Run:example_python_decorator
[2025-04-29T23:33:37.135+0100] {logging_mixin.py:190} INFO - [2025-04-29T23:33:37.135+0100] {override.py:1901} INFO - Created Permission View: can create on DAG Run:example_python_decorator
[2025-04-29T23:33:37.136+0100] {logging_mixin.py:190} INFO - [2025-04-29T23:33:37.135+0100] {dag.py:3239} INFO - Sync 1 DAGs
[2025-04-29T23:33:37.142+0100] {logging_mixin.py:190} INFO - [2025-04-29T23:33:37.142+0100] {dag.py:3262} INFO - Creating ORM DAG for example_python_decorator
[2025-04-29T23:33:37.142+0100] {logging_mixin.py:190} INFO - [2025-04-29T23:33:37.142+0100] {dag.py:4180} INFO - Setting next_dagrun for example_python_decorator to None, run_after=None
[2025-04-29T23:33:37.151+0100] {processor.py:208} INFO - Processing /Users/dineshsammeta/anaconda3/envs/python38/lib/python3.8/site-packages/airflow/example_dags/example_python_decorator.py took 0.204 seconds
[2025-04-29T23:35:45.883+0100] {processor.py:186} INFO - Started process (PID=64528) to work on /Users/dineshsammeta/anaconda3/envs/python38/lib/python3.8/site-packages/airflow/example_dags/example_python_decorator.py
[2025-04-29T23:35:45.884+0100] {processor.py:914} INFO - Processing file /Users/dineshsammeta/anaconda3/envs/python38/lib/python3.8/site-packages/airflow/example_dags/example_python_decorator.py for tasks to queue
[2025-04-29T23:35:45.884+0100] {logging_mixin.py:190} INFO - [2025-04-29T23:35:45.884+0100] {dagbag.py:588} INFO - Filling up the DagBag from /Users/dineshsammeta/anaconda3/envs/python38/lib/python3.8/site-packages/airflow/example_dags/example_python_decorator.py
[2025-04-29T23:35:45.938+0100] {logging_mixin.py:190} INFO - [2025-04-29T23:35:45.938+0100] {example_python_decorator.py:80} WARNING - The virtalenv_python example task requires virtualenv, please install it.
[2025-04-29T23:35:45.939+0100] {processor.py:925} INFO - DAG(s) 'example_python_decorator' retrieved from /Users/dineshsammeta/anaconda3/envs/python38/lib/python3.8/site-packages/airflow/example_dags/example_python_decorator.py
[2025-04-29T23:35:45.998+0100] {logging_mixin.py:190} INFO - [2025-04-29T23:35:45.998+0100] {dag.py:3239} INFO - Sync 1 DAGs
[2025-04-29T23:35:46.005+0100] {logging_mixin.py:190} INFO - [2025-04-29T23:35:46.005+0100] {dag.py:4180} INFO - Setting next_dagrun for example_python_decorator to None, run_after=None
[2025-04-29T23:35:46.017+0100] {processor.py:208} INFO - Processing /Users/dineshsammeta/anaconda3/envs/python38/lib/python3.8/site-packages/airflow/example_dags/example_python_decorator.py took 0.136 seconds
[2025-04-29T23:36:41.848+0100] {processor.py:186} INFO - Started process (PID=64719) to work on /Users/dineshsammeta/anaconda3/envs/python38/lib/python3.8/site-packages/airflow/example_dags/example_python_decorator.py
[2025-04-29T23:36:41.849+0100] {processor.py:914} INFO - Processing file /Users/dineshsammeta/anaconda3/envs/python38/lib/python3.8/site-packages/airflow/example_dags/example_python_decorator.py for tasks to queue
[2025-04-29T23:36:41.850+0100] {logging_mixin.py:190} INFO - [2025-04-29T23:36:41.849+0100] {dagbag.py:588} INFO - Filling up the DagBag from /Users/dineshsammeta/anaconda3/envs/python38/lib/python3.8/site-packages/airflow/example_dags/example_python_decorator.py
[2025-04-29T23:36:41.916+0100] {logging_mixin.py:190} INFO - [2025-04-29T23:36:41.916+0100] {example_python_decorator.py:80} WARNING - The virtalenv_python example task requires virtualenv, please install it.
[2025-04-29T23:36:41.917+0100] {processor.py:925} INFO - DAG(s) 'example_python_decorator' retrieved from /Users/dineshsammeta/anaconda3/envs/python38/lib/python3.8/site-packages/airflow/example_dags/example_python_decorator.py
[2025-04-29T23:36:42.005+0100] {logging_mixin.py:190} INFO - [2025-04-29T23:36:42.005+0100] {dag.py:3239} INFO - Sync 1 DAGs
[2025-04-29T23:36:42.014+0100] {logging_mixin.py:190} INFO - [2025-04-29T23:36:42.014+0100] {dag.py:4180} INFO - Setting next_dagrun for example_python_decorator to None, run_after=None
[2025-04-29T23:36:42.032+0100] {processor.py:208} INFO - Processing /Users/dineshsammeta/anaconda3/envs/python38/lib/python3.8/site-packages/airflow/example_dags/example_python_decorator.py took 0.186 seconds
[2025-04-29T23:38:48.380+0100] {processor.py:186} INFO - Started process (PID=65195) to work on /Users/dineshsammeta/anaconda3/envs/python38/lib/python3.8/site-packages/airflow/example_dags/example_python_decorator.py
[2025-04-29T23:38:48.381+0100] {processor.py:914} INFO - Processing file /Users/dineshsammeta/anaconda3/envs/python38/lib/python3.8/site-packages/airflow/example_dags/example_python_decorator.py for tasks to queue
[2025-04-29T23:38:48.382+0100] {logging_mixin.py:190} INFO - [2025-04-29T23:38:48.382+0100] {dagbag.py:588} INFO - Filling up the DagBag from /Users/dineshsammeta/anaconda3/envs/python38/lib/python3.8/site-packages/airflow/example_dags/example_python_decorator.py
[2025-04-29T23:38:48.432+0100] {logging_mixin.py:190} INFO - [2025-04-29T23:38:48.432+0100] {example_python_decorator.py:80} WARNING - The virtalenv_python example task requires virtualenv, please install it.
[2025-04-29T23:38:48.433+0100] {processor.py:925} INFO - DAG(s) 'example_python_decorator' retrieved from /Users/dineshsammeta/anaconda3/envs/python38/lib/python3.8/site-packages/airflow/example_dags/example_python_decorator.py
[2025-04-29T23:38:48.491+0100] {logging_mixin.py:190} INFO - [2025-04-29T23:38:48.491+0100] {dag.py:3239} INFO - Sync 1 DAGs
[2025-04-29T23:38:48.497+0100] {logging_mixin.py:190} INFO - [2025-04-29T23:38:48.497+0100] {dag.py:4180} INFO - Setting next_dagrun for example_python_decorator to None, run_after=None
[2025-04-29T23:38:48.508+0100] {processor.py:208} INFO - Processing /Users/dineshsammeta/anaconda3/envs/python38/lib/python3.8/site-packages/airflow/example_dags/example_python_decorator.py took 0.130 seconds
