[2025-04-29T23:33:06.929+0100] {processor.py:186} INFO - Started process (PID=64132) to work on /Users/dineshsammeta/anaconda3/envs/python38/lib/python3.8/site-packages/airflow/example_dags/example_trigger_controller_dag.py
[2025-04-29T23:33:06.930+0100] {processor.py:914} INFO - Processing file /Users/dineshsammeta/anaconda3/envs/python38/lib/python3.8/site-packages/airflow/example_dags/example_trigger_controller_dag.py for tasks to queue
[2025-04-29T23:33:06.930+0100] {logging_mixin.py:190} INFO - [2025-04-29T23:33:06.930+0100] {dagbag.py:588} INFO - Filling up the DagBag from /Users/dineshsammeta/anaconda3/envs/python38/lib/python3.8/site-packages/airflow/example_dags/example_trigger_controller_dag.py
[2025-04-29T23:33:06.967+0100] {processor.py:925} INFO - DAG(s) 'example_trigger_controller_dag' retrieved from /Users/dineshsammeta/anaconda3/envs/python38/lib/python3.8/site-packages/airflow/example_dags/example_trigger_controller_dag.py
[2025-04-29T23:33:07.072+0100] {logging_mixin.py:190} INFO - [2025-04-29T23:33:07.071+0100] {override.py:1901} INFO - Created Permission View: can read on DAG:example_trigger_controller_dag
[2025-04-29T23:33:07.076+0100] {logging_mixin.py:190} INFO - [2025-04-29T23:33:07.076+0100] {override.py:1901} INFO - Created Permission View: can edit on DAG:example_trigger_controller_dag
[2025-04-29T23:33:07.079+0100] {logging_mixin.py:190} INFO - [2025-04-29T23:33:07.079+0100] {override.py:1901} INFO - Created Permission View: can delete on DAG:example_trigger_controller_dag
[2025-04-29T23:33:07.083+0100] {logging_mixin.py:190} INFO - [2025-04-29T23:33:07.083+0100] {override.py:1901} INFO - Created Permission View: can delete on DAG Run:example_trigger_controller_dag
[2025-04-29T23:33:07.086+0100] {logging_mixin.py:190} INFO - [2025-04-29T23:33:07.086+0100] {override.py:1901} INFO - Created Permission View: can read on DAG Run:example_trigger_controller_dag
[2025-04-29T23:33:07.089+0100] {logging_mixin.py:190} INFO - [2025-04-29T23:33:07.089+0100] {override.py:1901} INFO - Created Permission View: menu access on DAG Run:example_trigger_controller_dag
[2025-04-29T23:33:07.092+0100] {logging_mixin.py:190} INFO - [2025-04-29T23:33:07.092+0100] {override.py:1901} INFO - Created Permission View: can create on DAG Run:example_trigger_controller_dag
[2025-04-29T23:33:07.092+0100] {logging_mixin.py:190} INFO - [2025-04-29T23:33:07.092+0100] {dag.py:3239} INFO - Sync 1 DAGs
[2025-04-29T23:33:07.099+0100] {logging_mixin.py:190} INFO - [2025-04-29T23:33:07.099+0100] {dag.py:3262} INFO - Creating ORM DAG for example_trigger_controller_dag
[2025-04-29T23:33:07.103+0100] {logging_mixin.py:190} INFO - [2025-04-29T23:33:07.103+0100] {dag.py:4180} INFO - Setting next_dagrun for example_trigger_controller_dag to 2021-01-01 00:00:00+00:00, run_after=2021-01-01 00:00:00+00:00
[2025-04-29T23:33:07.112+0100] {processor.py:208} INFO - Processing /Users/dineshsammeta/anaconda3/envs/python38/lib/python3.8/site-packages/airflow/example_dags/example_trigger_controller_dag.py took 0.186 seconds
[2025-04-29T23:35:15.830+0100] {processor.py:186} INFO - Started process (PID=64374) to work on /Users/dineshsammeta/anaconda3/envs/python38/lib/python3.8/site-packages/airflow/example_dags/example_trigger_controller_dag.py
[2025-04-29T23:35:15.831+0100] {processor.py:914} INFO - Processing file /Users/dineshsammeta/anaconda3/envs/python38/lib/python3.8/site-packages/airflow/example_dags/example_trigger_controller_dag.py for tasks to queue
[2025-04-29T23:35:15.831+0100] {logging_mixin.py:190} INFO - [2025-04-29T23:35:15.831+0100] {dagbag.py:588} INFO - Filling up the DagBag from /Users/dineshsammeta/anaconda3/envs/python38/lib/python3.8/site-packages/airflow/example_dags/example_trigger_controller_dag.py
[2025-04-29T23:35:15.870+0100] {processor.py:925} INFO - DAG(s) 'example_trigger_controller_dag' retrieved from /Users/dineshsammeta/anaconda3/envs/python38/lib/python3.8/site-packages/airflow/example_dags/example_trigger_controller_dag.py
[2025-04-29T23:35:15.929+0100] {logging_mixin.py:190} INFO - [2025-04-29T23:35:15.928+0100] {dag.py:3239} INFO - Sync 1 DAGs
[2025-04-29T23:35:15.939+0100] {logging_mixin.py:190} INFO - [2025-04-29T23:35:15.939+0100] {dag.py:4180} INFO - Setting next_dagrun for example_trigger_controller_dag to 2021-01-01 00:00:00+00:00, run_after=2021-01-01 00:00:00+00:00
[2025-04-29T23:35:15.948+0100] {processor.py:208} INFO - Processing /Users/dineshsammeta/anaconda3/envs/python38/lib/python3.8/site-packages/airflow/example_dags/example_trigger_controller_dag.py took 0.121 seconds
[2025-04-29T23:36:04.363+0100] {processor.py:186} INFO - Started process (PID=64615) to work on /Users/dineshsammeta/anaconda3/envs/python38/lib/python3.8/site-packages/airflow/example_dags/example_trigger_controller_dag.py
[2025-04-29T23:36:04.363+0100] {processor.py:914} INFO - Processing file /Users/dineshsammeta/anaconda3/envs/python38/lib/python3.8/site-packages/airflow/example_dags/example_trigger_controller_dag.py for tasks to queue
[2025-04-29T23:36:04.364+0100] {logging_mixin.py:190} INFO - [2025-04-29T23:36:04.364+0100] {dagbag.py:588} INFO - Filling up the DagBag from /Users/dineshsammeta/anaconda3/envs/python38/lib/python3.8/site-packages/airflow/example_dags/example_trigger_controller_dag.py
[2025-04-29T23:36:04.404+0100] {processor.py:925} INFO - DAG(s) 'example_trigger_controller_dag' retrieved from /Users/dineshsammeta/anaconda3/envs/python38/lib/python3.8/site-packages/airflow/example_dags/example_trigger_controller_dag.py
[2025-04-29T23:36:04.459+0100] {logging_mixin.py:190} INFO - [2025-04-29T23:36:04.459+0100] {dag.py:3239} INFO - Sync 1 DAGs
[2025-04-29T23:36:04.469+0100] {logging_mixin.py:190} INFO - [2025-04-29T23:36:04.469+0100] {dag.py:4180} INFO - Setting next_dagrun for example_trigger_controller_dag to 2021-01-01 00:00:00+00:00, run_after=2021-01-01 00:00:00+00:00
[2025-04-29T23:36:04.480+0100] {processor.py:208} INFO - Processing /Users/dineshsammeta/anaconda3/envs/python38/lib/python3.8/site-packages/airflow/example_dags/example_trigger_controller_dag.py took 0.119 seconds
[2025-04-29T23:37:03.896+0100] {processor.py:186} INFO - Started process (PID=64794) to work on /Users/dineshsammeta/anaconda3/envs/python38/lib/python3.8/site-packages/airflow/example_dags/example_trigger_controller_dag.py
[2025-04-29T23:37:03.897+0100] {processor.py:914} INFO - Processing file /Users/dineshsammeta/anaconda3/envs/python38/lib/python3.8/site-packages/airflow/example_dags/example_trigger_controller_dag.py for tasks to queue
[2025-04-29T23:37:03.898+0100] {logging_mixin.py:190} INFO - [2025-04-29T23:37:03.897+0100] {dagbag.py:588} INFO - Filling up the DagBag from /Users/dineshsammeta/anaconda3/envs/python38/lib/python3.8/site-packages/airflow/example_dags/example_trigger_controller_dag.py
[2025-04-29T23:37:03.942+0100] {processor.py:925} INFO - DAG(s) 'example_trigger_controller_dag' retrieved from /Users/dineshsammeta/anaconda3/envs/python38/lib/python3.8/site-packages/airflow/example_dags/example_trigger_controller_dag.py
[2025-04-29T23:37:03.996+0100] {logging_mixin.py:190} INFO - [2025-04-29T23:37:03.995+0100] {dag.py:3239} INFO - Sync 1 DAGs
[2025-04-29T23:37:04.008+0100] {logging_mixin.py:190} INFO - [2025-04-29T23:37:04.008+0100] {dag.py:4180} INFO - Setting next_dagrun for example_trigger_controller_dag to 2021-01-01 00:00:00+00:00, run_after=2021-01-01 00:00:00+00:00
[2025-04-29T23:37:04.021+0100] {processor.py:208} INFO - Processing /Users/dineshsammeta/anaconda3/envs/python38/lib/python3.8/site-packages/airflow/example_dags/example_trigger_controller_dag.py took 0.127 seconds
[2025-04-29T23:38:18.941+0100] {processor.py:186} INFO - Started process (PID=65069) to work on /Users/dineshsammeta/anaconda3/envs/python38/lib/python3.8/site-packages/airflow/example_dags/example_trigger_controller_dag.py
[2025-04-29T23:38:18.942+0100] {processor.py:914} INFO - Processing file /Users/dineshsammeta/anaconda3/envs/python38/lib/python3.8/site-packages/airflow/example_dags/example_trigger_controller_dag.py for tasks to queue
[2025-04-29T23:38:18.943+0100] {logging_mixin.py:190} INFO - [2025-04-29T23:38:18.943+0100] {dagbag.py:588} INFO - Filling up the DagBag from /Users/dineshsammeta/anaconda3/envs/python38/lib/python3.8/site-packages/airflow/example_dags/example_trigger_controller_dag.py
[2025-04-29T23:38:18.979+0100] {processor.py:925} INFO - DAG(s) 'example_trigger_controller_dag' retrieved from /Users/dineshsammeta/anaconda3/envs/python38/lib/python3.8/site-packages/airflow/example_dags/example_trigger_controller_dag.py
[2025-04-29T23:38:19.034+0100] {logging_mixin.py:190} INFO - [2025-04-29T23:38:19.034+0100] {dag.py:3239} INFO - Sync 1 DAGs
[2025-04-29T23:38:19.045+0100] {logging_mixin.py:190} INFO - [2025-04-29T23:38:19.045+0100] {dag.py:4180} INFO - Setting next_dagrun for example_trigger_controller_dag to 2021-01-01 00:00:00+00:00, run_after=2021-01-01 00:00:00+00:00
[2025-04-29T23:38:19.055+0100] {processor.py:208} INFO - Processing /Users/dineshsammeta/anaconda3/envs/python38/lib/python3.8/site-packages/airflow/example_dags/example_trigger_controller_dag.py took 0.116 seconds
