[2025-04-29T23:34:00.786+0100] {processor.py:186} INFO - Started process (PID=64223) to work on /Users/dineshsammeta/anaconda3/envs/python38/lib/python3.8/site-packages/airflow/example_dags/example_external_task_marker_dag.py
[2025-04-29T23:34:00.787+0100] {processor.py:914} INFO - Processing file /Users/dineshsammeta/anaconda3/envs/python38/lib/python3.8/site-packages/airflow/example_dags/example_external_task_marker_dag.py for tasks to queue
[2025-04-29T23:34:00.788+0100] {logging_mixin.py:190} INFO - [2025-04-29T23:34:00.788+0100] {dagbag.py:588} INFO - Filling up the DagBag from /Users/dineshsammeta/anaconda3/envs/python38/lib/python3.8/site-packages/airflow/example_dags/example_external_task_marker_dag.py
[2025-04-29T23:34:00.826+0100] {processor.py:925} INFO - DAG(s) 'example_external_task_marker_parent', 'example_external_task_marker_child' retrieved from /Users/dineshsammeta/anaconda3/envs/python38/lib/python3.8/site-packages/airflow/example_dags/example_external_task_marker_dag.py
[2025-04-29T23:34:00.930+0100] {logging_mixin.py:190} INFO - [2025-04-29T23:34:00.930+0100] {override.py:1901} INFO - Created Permission View: can edit on DAG:example_external_task_marker_parent
[2025-04-29T23:34:00.935+0100] {logging_mixin.py:190} INFO - [2025-04-29T23:34:00.935+0100] {override.py:1901} INFO - Created Permission View: can delete on DAG:example_external_task_marker_parent
[2025-04-29T23:34:00.938+0100] {logging_mixin.py:190} INFO - [2025-04-29T23:34:00.938+0100] {override.py:1901} INFO - Created Permission View: can read on DAG:example_external_task_marker_parent
[2025-04-29T23:34:00.942+0100] {logging_mixin.py:190} INFO - [2025-04-29T23:34:00.942+0100] {override.py:1901} INFO - Created Permission View: can delete on DAG Run:example_external_task_marker_parent
[2025-04-29T23:34:00.945+0100] {logging_mixin.py:190} INFO - [2025-04-29T23:34:00.945+0100] {override.py:1901} INFO - Created Permission View: can create on DAG Run:example_external_task_marker_parent
[2025-04-29T23:34:00.948+0100] {logging_mixin.py:190} INFO - [2025-04-29T23:34:00.948+0100] {override.py:1901} INFO - Created Permission View: menu access on DAG Run:example_external_task_marker_parent
[2025-04-29T23:34:00.951+0100] {logging_mixin.py:190} INFO - [2025-04-29T23:34:00.950+0100] {override.py:1901} INFO - Created Permission View: can read on DAG Run:example_external_task_marker_parent
[2025-04-29T23:34:00.954+0100] {logging_mixin.py:190} INFO - [2025-04-29T23:34:00.954+0100] {workday.py:41} WARNING - Could not import pandas. Holidays will not be considered.
[2025-04-29T23:34:00.965+0100] {logging_mixin.py:190} INFO - [2025-04-29T23:34:00.965+0100] {override.py:1901} INFO - Created Permission View: can edit on DAG:example_external_task_marker_child
[2025-04-29T23:34:00.968+0100] {logging_mixin.py:190} INFO - [2025-04-29T23:34:00.968+0100] {override.py:1901} INFO - Created Permission View: can delete on DAG:example_external_task_marker_child
[2025-04-29T23:34:00.971+0100] {logging_mixin.py:190} INFO - [2025-04-29T23:34:00.971+0100] {override.py:1901} INFO - Created Permission View: can read on DAG:example_external_task_marker_child
[2025-04-29T23:34:00.974+0100] {logging_mixin.py:190} INFO - [2025-04-29T23:34:00.974+0100] {override.py:1901} INFO - Created Permission View: can delete on DAG Run:example_external_task_marker_child
[2025-04-29T23:34:00.977+0100] {logging_mixin.py:190} INFO - [2025-04-29T23:34:00.977+0100] {override.py:1901} INFO - Created Permission View: can create on DAG Run:example_external_task_marker_child
[2025-04-29T23:34:00.980+0100] {logging_mixin.py:190} INFO - [2025-04-29T23:34:00.980+0100] {override.py:1901} INFO - Created Permission View: menu access on DAG Run:example_external_task_marker_child
[2025-04-29T23:34:00.983+0100] {logging_mixin.py:190} INFO - [2025-04-29T23:34:00.983+0100] {override.py:1901} INFO - Created Permission View: can read on DAG Run:example_external_task_marker_child
[2025-04-29T23:34:00.983+0100] {logging_mixin.py:190} INFO - [2025-04-29T23:34:00.983+0100] {dag.py:3239} INFO - Sync 2 DAGs
[2025-04-29T23:34:00.991+0100] {logging_mixin.py:190} INFO - [2025-04-29T23:34:00.991+0100] {dag.py:3262} INFO - Creating ORM DAG for example_external_task_marker_parent
[2025-04-29T23:34:00.991+0100] {logging_mixin.py:190} INFO - [2025-04-29T23:34:00.991+0100] {dag.py:3262} INFO - Creating ORM DAG for example_external_task_marker_child
[2025-04-29T23:34:00.992+0100] {logging_mixin.py:190} INFO - [2025-04-29T23:34:00.992+0100] {dag.py:4180} INFO - Setting next_dagrun for example_external_task_marker_child to None, run_after=None
[2025-04-29T23:34:00.992+0100] {logging_mixin.py:190} INFO - [2025-04-29T23:34:00.992+0100] {dag.py:4180} INFO - Setting next_dagrun for example_external_task_marker_parent to None, run_after=None
[2025-04-29T23:34:01.001+0100] {processor.py:208} INFO - Processing /Users/dineshsammeta/anaconda3/envs/python38/lib/python3.8/site-packages/airflow/example_dags/example_external_task_marker_dag.py took 0.217 seconds
[2025-04-29T23:36:09.117+0100] {processor.py:186} INFO - Started process (PID=64628) to work on /Users/dineshsammeta/anaconda3/envs/python38/lib/python3.8/site-packages/airflow/example_dags/example_external_task_marker_dag.py
[2025-04-29T23:36:09.118+0100] {processor.py:914} INFO - Processing file /Users/dineshsammeta/anaconda3/envs/python38/lib/python3.8/site-packages/airflow/example_dags/example_external_task_marker_dag.py for tasks to queue
[2025-04-29T23:36:09.119+0100] {logging_mixin.py:190} INFO - [2025-04-29T23:36:09.119+0100] {dagbag.py:588} INFO - Filling up the DagBag from /Users/dineshsammeta/anaconda3/envs/python38/lib/python3.8/site-packages/airflow/example_dags/example_external_task_marker_dag.py
[2025-04-29T23:36:09.162+0100] {processor.py:925} INFO - DAG(s) 'example_external_task_marker_parent', 'example_external_task_marker_child' retrieved from /Users/dineshsammeta/anaconda3/envs/python38/lib/python3.8/site-packages/airflow/example_dags/example_external_task_marker_dag.py
[2025-04-29T23:36:09.220+0100] {logging_mixin.py:190} INFO - [2025-04-29T23:36:09.220+0100] {workday.py:41} WARNING - Could not import pandas. Holidays will not be considered.
[2025-04-29T23:36:09.226+0100] {logging_mixin.py:190} INFO - [2025-04-29T23:36:09.226+0100] {dag.py:3239} INFO - Sync 2 DAGs
[2025-04-29T23:36:09.232+0100] {logging_mixin.py:190} INFO - [2025-04-29T23:36:09.232+0100] {dag.py:4180} INFO - Setting next_dagrun for example_external_task_marker_child to None, run_after=None
[2025-04-29T23:36:09.234+0100] {logging_mixin.py:190} INFO - [2025-04-29T23:36:09.234+0100] {dag.py:4180} INFO - Setting next_dagrun for example_external_task_marker_parent to None, run_after=None
[2025-04-29T23:36:09.243+0100] {processor.py:208} INFO - Processing /Users/dineshsammeta/anaconda3/envs/python38/lib/python3.8/site-packages/airflow/example_dags/example_external_task_marker_dag.py took 0.128 seconds
[2025-04-29T23:37:10.444+0100] {processor.py:186} INFO - Started process (PID=64816) to work on /Users/dineshsammeta/anaconda3/envs/python38/lib/python3.8/site-packages/airflow/example_dags/example_external_task_marker_dag.py
[2025-04-29T23:37:10.445+0100] {processor.py:914} INFO - Processing file /Users/dineshsammeta/anaconda3/envs/python38/lib/python3.8/site-packages/airflow/example_dags/example_external_task_marker_dag.py for tasks to queue
[2025-04-29T23:37:10.446+0100] {logging_mixin.py:190} INFO - [2025-04-29T23:37:10.446+0100] {dagbag.py:588} INFO - Filling up the DagBag from /Users/dineshsammeta/anaconda3/envs/python38/lib/python3.8/site-packages/airflow/example_dags/example_external_task_marker_dag.py
[2025-04-29T23:37:10.489+0100] {processor.py:925} INFO - DAG(s) 'example_external_task_marker_child', 'example_external_task_marker_parent' retrieved from /Users/dineshsammeta/anaconda3/envs/python38/lib/python3.8/site-packages/airflow/example_dags/example_external_task_marker_dag.py
[2025-04-29T23:37:10.542+0100] {logging_mixin.py:190} INFO - [2025-04-29T23:37:10.542+0100] {workday.py:41} WARNING - Could not import pandas. Holidays will not be considered.
[2025-04-29T23:37:10.555+0100] {logging_mixin.py:190} INFO - [2025-04-29T23:37:10.555+0100] {dag.py:3239} INFO - Sync 2 DAGs
[2025-04-29T23:37:10.561+0100] {logging_mixin.py:190} INFO - [2025-04-29T23:37:10.561+0100] {dag.py:4180} INFO - Setting next_dagrun for example_external_task_marker_child to None, run_after=None
[2025-04-29T23:37:10.563+0100] {logging_mixin.py:190} INFO - [2025-04-29T23:37:10.563+0100] {dag.py:4180} INFO - Setting next_dagrun for example_external_task_marker_parent to None, run_after=None
[2025-04-29T23:37:10.572+0100] {processor.py:208} INFO - Processing /Users/dineshsammeta/anaconda3/envs/python38/lib/python3.8/site-packages/airflow/example_dags/example_external_task_marker_dag.py took 0.130 seconds
[2025-04-29T23:39:11.637+0100] {processor.py:186} INFO - Started process (PID=65242) to work on /Users/dineshsammeta/anaconda3/envs/python38/lib/python3.8/site-packages/airflow/example_dags/example_external_task_marker_dag.py
[2025-04-29T23:39:11.638+0100] {processor.py:914} INFO - Processing file /Users/dineshsammeta/anaconda3/envs/python38/lib/python3.8/site-packages/airflow/example_dags/example_external_task_marker_dag.py for tasks to queue
[2025-04-29T23:39:11.638+0100] {logging_mixin.py:190} INFO - [2025-04-29T23:39:11.638+0100] {dagbag.py:588} INFO - Filling up the DagBag from /Users/dineshsammeta/anaconda3/envs/python38/lib/python3.8/site-packages/airflow/example_dags/example_external_task_marker_dag.py
[2025-04-29T23:39:11.676+0100] {processor.py:925} INFO - DAG(s) 'example_external_task_marker_child', 'example_external_task_marker_parent' retrieved from /Users/dineshsammeta/anaconda3/envs/python38/lib/python3.8/site-packages/airflow/example_dags/example_external_task_marker_dag.py
[2025-04-29T23:39:11.730+0100] {logging_mixin.py:190} INFO - [2025-04-29T23:39:11.730+0100] {workday.py:41} WARNING - Could not import pandas. Holidays will not be considered.
[2025-04-29T23:39:11.740+0100] {logging_mixin.py:190} INFO - [2025-04-29T23:39:11.740+0100] {dag.py:3239} INFO - Sync 2 DAGs
[2025-04-29T23:39:11.746+0100] {logging_mixin.py:190} INFO - [2025-04-29T23:39:11.746+0100] {dag.py:4180} INFO - Setting next_dagrun for example_external_task_marker_child to None, run_after=None
[2025-04-29T23:39:11.748+0100] {logging_mixin.py:190} INFO - [2025-04-29T23:39:11.748+0100] {dag.py:4180} INFO - Setting next_dagrun for example_external_task_marker_parent to None, run_after=None
[2025-04-29T23:39:11.756+0100] {processor.py:208} INFO - Processing /Users/dineshsammeta/anaconda3/envs/python38/lib/python3.8/site-packages/airflow/example_dags/example_external_task_marker_dag.py took 0.122 seconds
