[2025-04-29T23:33:43.939+0100] {processor.py:186} INFO - Started process (PID=64194) to work on /Users/dineshsammeta/anaconda3/envs/python38/lib/python3.8/site-packages/airflow/example_dags/example_params_trigger_ui.py
[2025-04-29T23:33:43.939+0100] {processor.py:914} INFO - Processing file /Users/dineshsammeta/anaconda3/envs/python38/lib/python3.8/site-packages/airflow/example_dags/example_params_trigger_ui.py for tasks to queue
[2025-04-29T23:33:43.940+0100] {logging_mixin.py:190} INFO - [2025-04-29T23:33:43.940+0100] {dagbag.py:588} INFO - Filling up the DagBag from /Users/dineshsammeta/anaconda3/envs/python38/lib/python3.8/site-packages/airflow/example_dags/example_params_trigger_ui.py
[2025-04-29T23:33:43.992+0100] {processor.py:925} INFO - DAG(s) 'example_params_trigger_ui' retrieved from /Users/dineshsammeta/anaconda3/envs/python38/lib/python3.8/site-packages/airflow/example_dags/example_params_trigger_ui.py
[2025-04-29T23:33:44.115+0100] {logging_mixin.py:190} INFO - [2025-04-29T23:33:44.115+0100] {override.py:1901} INFO - Created Permission View: can read on DAG:example_params_trigger_ui
[2025-04-29T23:33:44.120+0100] {logging_mixin.py:190} INFO - [2025-04-29T23:33:44.120+0100] {override.py:1901} INFO - Created Permission View: can edit on DAG:example_params_trigger_ui
[2025-04-29T23:33:44.124+0100] {logging_mixin.py:190} INFO - [2025-04-29T23:33:44.124+0100] {override.py:1901} INFO - Created Permission View: can delete on DAG:example_params_trigger_ui
[2025-04-29T23:33:44.128+0100] {logging_mixin.py:190} INFO - [2025-04-29T23:33:44.128+0100] {override.py:1901} INFO - Created Permission View: can read on DAG Run:example_params_trigger_ui
[2025-04-29T23:33:44.131+0100] {logging_mixin.py:190} INFO - [2025-04-29T23:33:44.131+0100] {override.py:1901} INFO - Created Permission View: can create on DAG Run:example_params_trigger_ui
[2025-04-29T23:33:44.134+0100] {logging_mixin.py:190} INFO - [2025-04-29T23:33:44.134+0100] {override.py:1901} INFO - Created Permission View: can delete on DAG Run:example_params_trigger_ui
[2025-04-29T23:33:44.137+0100] {logging_mixin.py:190} INFO - [2025-04-29T23:33:44.137+0100] {override.py:1901} INFO - Created Permission View: menu access on DAG Run:example_params_trigger_ui
[2025-04-29T23:33:44.137+0100] {logging_mixin.py:190} INFO - [2025-04-29T23:33:44.137+0100] {dag.py:3239} INFO - Sync 1 DAGs
[2025-04-29T23:33:44.144+0100] {logging_mixin.py:190} INFO - [2025-04-29T23:33:44.144+0100] {dag.py:3262} INFO - Creating ORM DAG for example_params_trigger_ui
[2025-04-29T23:33:44.144+0100] {logging_mixin.py:190} INFO - [2025-04-29T23:33:44.144+0100] {dag.py:4180} INFO - Setting next_dagrun for example_params_trigger_ui to None, run_after=None
[2025-04-29T23:33:44.154+0100] {processor.py:208} INFO - Processing /Users/dineshsammeta/anaconda3/envs/python38/lib/python3.8/site-packages/airflow/example_dags/example_params_trigger_ui.py took 0.217 seconds
[2025-04-29T23:35:52.403+0100] {processor.py:186} INFO - Started process (PID=64552) to work on /Users/dineshsammeta/anaconda3/envs/python38/lib/python3.8/site-packages/airflow/example_dags/example_params_trigger_ui.py
[2025-04-29T23:35:52.404+0100] {processor.py:914} INFO - Processing file /Users/dineshsammeta/anaconda3/envs/python38/lib/python3.8/site-packages/airflow/example_dags/example_params_trigger_ui.py for tasks to queue
[2025-04-29T23:35:52.405+0100] {logging_mixin.py:190} INFO - [2025-04-29T23:35:52.405+0100] {dagbag.py:588} INFO - Filling up the DagBag from /Users/dineshsammeta/anaconda3/envs/python38/lib/python3.8/site-packages/airflow/example_dags/example_params_trigger_ui.py
[2025-04-29T23:35:52.459+0100] {processor.py:925} INFO - DAG(s) 'example_params_trigger_ui' retrieved from /Users/dineshsammeta/anaconda3/envs/python38/lib/python3.8/site-packages/airflow/example_dags/example_params_trigger_ui.py
[2025-04-29T23:35:52.534+0100] {logging_mixin.py:190} INFO - [2025-04-29T23:35:52.533+0100] {dag.py:3239} INFO - Sync 1 DAGs
[2025-04-29T23:35:52.541+0100] {logging_mixin.py:190} INFO - [2025-04-29T23:35:52.541+0100] {dag.py:4180} INFO - Setting next_dagrun for example_params_trigger_ui to None, run_after=None
[2025-04-29T23:35:52.551+0100] {processor.py:208} INFO - Processing /Users/dineshsammeta/anaconda3/envs/python38/lib/python3.8/site-packages/airflow/example_dags/example_params_trigger_ui.py took 0.150 seconds
[2025-04-29T23:36:50.748+0100] {processor.py:186} INFO - Started process (PID=64751) to work on /Users/dineshsammeta/anaconda3/envs/python38/lib/python3.8/site-packages/airflow/example_dags/example_params_trigger_ui.py
[2025-04-29T23:36:50.749+0100] {processor.py:914} INFO - Processing file /Users/dineshsammeta/anaconda3/envs/python38/lib/python3.8/site-packages/airflow/example_dags/example_params_trigger_ui.py for tasks to queue
[2025-04-29T23:36:50.750+0100] {logging_mixin.py:190} INFO - [2025-04-29T23:36:50.749+0100] {dagbag.py:588} INFO - Filling up the DagBag from /Users/dineshsammeta/anaconda3/envs/python38/lib/python3.8/site-packages/airflow/example_dags/example_params_trigger_ui.py
[2025-04-29T23:36:50.810+0100] {processor.py:925} INFO - DAG(s) 'example_params_trigger_ui' retrieved from /Users/dineshsammeta/anaconda3/envs/python38/lib/python3.8/site-packages/airflow/example_dags/example_params_trigger_ui.py
[2025-04-29T23:36:50.883+0100] {logging_mixin.py:190} INFO - [2025-04-29T23:36:50.883+0100] {dag.py:3239} INFO - Sync 1 DAGs
[2025-04-29T23:36:50.891+0100] {logging_mixin.py:190} INFO - [2025-04-29T23:36:50.890+0100] {dag.py:4180} INFO - Setting next_dagrun for example_params_trigger_ui to None, run_after=None
[2025-04-29T23:36:50.902+0100] {processor.py:208} INFO - Processing /Users/dineshsammeta/anaconda3/envs/python38/lib/python3.8/site-packages/airflow/example_dags/example_params_trigger_ui.py took 0.157 seconds
[2025-04-29T23:38:54.439+0100] {processor.py:186} INFO - Started process (PID=65208) to work on /Users/dineshsammeta/anaconda3/envs/python38/lib/python3.8/site-packages/airflow/example_dags/example_params_trigger_ui.py
[2025-04-29T23:38:54.440+0100] {processor.py:914} INFO - Processing file /Users/dineshsammeta/anaconda3/envs/python38/lib/python3.8/site-packages/airflow/example_dags/example_params_trigger_ui.py for tasks to queue
[2025-04-29T23:38:54.440+0100] {logging_mixin.py:190} INFO - [2025-04-29T23:38:54.440+0100] {dagbag.py:588} INFO - Filling up the DagBag from /Users/dineshsammeta/anaconda3/envs/python38/lib/python3.8/site-packages/airflow/example_dags/example_params_trigger_ui.py
[2025-04-29T23:38:54.495+0100] {processor.py:925} INFO - DAG(s) 'example_params_trigger_ui' retrieved from /Users/dineshsammeta/anaconda3/envs/python38/lib/python3.8/site-packages/airflow/example_dags/example_params_trigger_ui.py
[2025-04-29T23:38:54.568+0100] {logging_mixin.py:190} INFO - [2025-04-29T23:38:54.568+0100] {dag.py:3239} INFO - Sync 1 DAGs
[2025-04-29T23:38:54.576+0100] {logging_mixin.py:190} INFO - [2025-04-29T23:38:54.575+0100] {dag.py:4180} INFO - Setting next_dagrun for example_params_trigger_ui to None, run_after=None
[2025-04-29T23:38:54.586+0100] {processor.py:208} INFO - Processing /Users/dineshsammeta/anaconda3/envs/python38/lib/python3.8/site-packages/airflow/example_dags/example_params_trigger_ui.py took 0.149 seconds
