[2025-04-29T23:33:56.740+0100] {processor.py:186} INFO - Started process (PID=64217) to work on /Users/dineshsammeta/anaconda3/envs/python38/lib/python3.8/site-packages/airflow/example_dags/example_kubernetes_executor.py
[2025-04-29T23:33:56.741+0100] {processor.py:914} INFO - Processing file /Users/dineshsammeta/anaconda3/envs/python38/lib/python3.8/site-packages/airflow/example_dags/example_kubernetes_executor.py for tasks to queue
[2025-04-29T23:33:56.742+0100] {logging_mixin.py:190} INFO - [2025-04-29T23:33:56.742+0100] {dagbag.py:588} INFO - Filling up the DagBag from /Users/dineshsammeta/anaconda3/envs/python38/lib/python3.8/site-packages/airflow/example_dags/example_kubernetes_executor.py
[2025-04-29T23:33:56.791+0100] {logging_mixin.py:190} INFO - [2025-04-29T23:33:56.790+0100] {example_kubernetes_executor.py:39} WARNING - The example_kubernetes_executor example DAG requires the kubernetes provider. Please install it with: pip install apache-airflow[cncf.kubernetes]
[2025-04-29T23:33:56.791+0100] {processor.py:927} WARNING - No viable dags retrieved from /Users/dineshsammeta/anaconda3/envs/python38/lib/python3.8/site-packages/airflow/example_dags/example_kubernetes_executor.py
[2025-04-29T23:33:56.841+0100] {processor.py:208} INFO - Processing /Users/dineshsammeta/anaconda3/envs/python38/lib/python3.8/site-packages/airflow/example_dags/example_kubernetes_executor.py took 0.102 seconds
[2025-04-29T23:36:04.498+0100] {processor.py:186} INFO - Started process (PID=64616) to work on /Users/dineshsammeta/anaconda3/envs/python38/lib/python3.8/site-packages/airflow/example_dags/example_kubernetes_executor.py
[2025-04-29T23:36:04.499+0100] {processor.py:914} INFO - Processing file /Users/dineshsammeta/anaconda3/envs/python38/lib/python3.8/site-packages/airflow/example_dags/example_kubernetes_executor.py for tasks to queue
[2025-04-29T23:36:04.500+0100] {logging_mixin.py:190} INFO - [2025-04-29T23:36:04.500+0100] {dagbag.py:588} INFO - Filling up the DagBag from /Users/dineshsammeta/anaconda3/envs/python38/lib/python3.8/site-packages/airflow/example_dags/example_kubernetes_executor.py
[2025-04-29T23:36:04.559+0100] {logging_mixin.py:190} INFO - [2025-04-29T23:36:04.559+0100] {example_kubernetes_executor.py:39} WARNING - The example_kubernetes_executor example DAG requires the kubernetes provider. Please install it with: pip install apache-airflow[cncf.kubernetes]
[2025-04-29T23:36:04.559+0100] {processor.py:927} WARNING - No viable dags retrieved from /Users/dineshsammeta/anaconda3/envs/python38/lib/python3.8/site-packages/airflow/example_dags/example_kubernetes_executor.py
[2025-04-29T23:36:04.612+0100] {processor.py:208} INFO - Processing /Users/dineshsammeta/anaconda3/envs/python38/lib/python3.8/site-packages/airflow/example_dags/example_kubernetes_executor.py took 0.116 seconds
[2025-04-29T23:37:06.319+0100] {processor.py:186} INFO - Started process (PID=64800) to work on /Users/dineshsammeta/anaconda3/envs/python38/lib/python3.8/site-packages/airflow/example_dags/example_kubernetes_executor.py
[2025-04-29T23:37:06.320+0100] {processor.py:914} INFO - Processing file /Users/dineshsammeta/anaconda3/envs/python38/lib/python3.8/site-packages/airflow/example_dags/example_kubernetes_executor.py for tasks to queue
[2025-04-29T23:37:06.321+0100] {logging_mixin.py:190} INFO - [2025-04-29T23:37:06.321+0100] {dagbag.py:588} INFO - Filling up the DagBag from /Users/dineshsammeta/anaconda3/envs/python38/lib/python3.8/site-packages/airflow/example_dags/example_kubernetes_executor.py
[2025-04-29T23:37:06.376+0100] {logging_mixin.py:190} INFO - [2025-04-29T23:37:06.375+0100] {example_kubernetes_executor.py:39} WARNING - The example_kubernetes_executor example DAG requires the kubernetes provider. Please install it with: pip install apache-airflow[cncf.kubernetes]
[2025-04-29T23:37:06.376+0100] {processor.py:927} WARNING - No viable dags retrieved from /Users/dineshsammeta/anaconda3/envs/python38/lib/python3.8/site-packages/airflow/example_dags/example_kubernetes_executor.py
[2025-04-29T23:37:06.426+0100] {processor.py:208} INFO - Processing /Users/dineshsammeta/anaconda3/envs/python38/lib/python3.8/site-packages/airflow/example_dags/example_kubernetes_executor.py took 0.109 seconds
[2025-04-29T23:39:07.001+0100] {processor.py:186} INFO - Started process (PID=65232) to work on /Users/dineshsammeta/anaconda3/envs/python38/lib/python3.8/site-packages/airflow/example_dags/example_kubernetes_executor.py
[2025-04-29T23:39:07.002+0100] {processor.py:914} INFO - Processing file /Users/dineshsammeta/anaconda3/envs/python38/lib/python3.8/site-packages/airflow/example_dags/example_kubernetes_executor.py for tasks to queue
[2025-04-29T23:39:07.002+0100] {logging_mixin.py:190} INFO - [2025-04-29T23:39:07.002+0100] {dagbag.py:588} INFO - Filling up the DagBag from /Users/dineshsammeta/anaconda3/envs/python38/lib/python3.8/site-packages/airflow/example_dags/example_kubernetes_executor.py
[2025-04-29T23:39:07.052+0100] {logging_mixin.py:190} INFO - [2025-04-29T23:39:07.052+0100] {example_kubernetes_executor.py:39} WARNING - The example_kubernetes_executor example DAG requires the kubernetes provider. Please install it with: pip install apache-airflow[cncf.kubernetes]
[2025-04-29T23:39:07.052+0100] {processor.py:927} WARNING - No viable dags retrieved from /Users/dineshsammeta/anaconda3/envs/python38/lib/python3.8/site-packages/airflow/example_dags/example_kubernetes_executor.py
[2025-04-29T23:39:07.103+0100] {processor.py:208} INFO - Processing /Users/dineshsammeta/anaconda3/envs/python38/lib/python3.8/site-packages/airflow/example_dags/example_kubernetes_executor.py took 0.104 seconds
