[2025-04-29T23:34:12.224+0100] {processor.py:186} INFO - Started process (PID=64243) to work on /Users/dineshsammeta/anaconda3/envs/python38/lib/python3.8/site-packages/airflow/example_dags/example_dataset_alias_with_no_taskflow.py
[2025-04-29T23:34:12.225+0100] {processor.py:914} INFO - Processing file /Users/dineshsammeta/anaconda3/envs/python38/lib/python3.8/site-packages/airflow/example_dags/example_dataset_alias_with_no_taskflow.py for tasks to queue
[2025-04-29T23:34:12.225+0100] {logging_mixin.py:190} INFO - [2025-04-29T23:34:12.225+0100] {dagbag.py:588} INFO - Filling up the DagBag from /Users/dineshsammeta/anaconda3/envs/python38/lib/python3.8/site-packages/airflow/example_dags/example_dataset_alias_with_no_taskflow.py
[2025-04-29T23:34:12.339+0100] {processor.py:925} INFO - DAG(s) 'dataset_s3_bucket_consumer_with_no_taskflow', 'dataset_s3_bucket_producer_with_no_taskflow', 'dataset_alias_example_alias_consumer_with_no_taskflow', 'dataset_alias_example_alias_producer_with_no_taskflow' retrieved from /Users/dineshsammeta/anaconda3/envs/python38/lib/python3.8/site-packages/airflow/example_dags/example_dataset_alias_with_no_taskflow.py
[2025-04-29T23:34:12.397+0100] {logging_mixin.py:190} INFO - [2025-04-29T23:34:12.397+0100] {override.py:1901} INFO - Created Permission View: can read on DAG:dataset_s3_bucket_consumer_with_no_taskflow
[2025-04-29T23:34:12.402+0100] {logging_mixin.py:190} INFO - [2025-04-29T23:34:12.402+0100] {override.py:1901} INFO - Created Permission View: can edit on DAG:dataset_s3_bucket_consumer_with_no_taskflow
[2025-04-29T23:34:12.406+0100] {logging_mixin.py:190} INFO - [2025-04-29T23:34:12.405+0100] {override.py:1901} INFO - Created Permission View: can delete on DAG:dataset_s3_bucket_consumer_with_no_taskflow
[2025-04-29T23:34:12.409+0100] {logging_mixin.py:190} INFO - [2025-04-29T23:34:12.409+0100] {override.py:1901} INFO - Created Permission View: can read on DAG Run:dataset_s3_bucket_consumer_with_no_taskflow
[2025-04-29T23:34:12.412+0100] {logging_mixin.py:190} INFO - [2025-04-29T23:34:12.412+0100] {override.py:1901} INFO - Created Permission View: can create on DAG Run:dataset_s3_bucket_consumer_with_no_taskflow
[2025-04-29T23:34:12.415+0100] {logging_mixin.py:190} INFO - [2025-04-29T23:34:12.415+0100] {override.py:1901} INFO - Created Permission View: menu access on DAG Run:dataset_s3_bucket_consumer_with_no_taskflow
[2025-04-29T23:34:12.418+0100] {logging_mixin.py:190} INFO - [2025-04-29T23:34:12.418+0100] {override.py:1901} INFO - Created Permission View: can delete on DAG Run:dataset_s3_bucket_consumer_with_no_taskflow
[2025-04-29T23:34:12.424+0100] {logging_mixin.py:190} INFO - [2025-04-29T23:34:12.424+0100] {override.py:1901} INFO - Created Permission View: can read on DAG:dataset_s3_bucket_producer_with_no_taskflow
[2025-04-29T23:34:12.427+0100] {logging_mixin.py:190} INFO - [2025-04-29T23:34:12.427+0100] {override.py:1901} INFO - Created Permission View: can edit on DAG:dataset_s3_bucket_producer_with_no_taskflow
[2025-04-29T23:34:12.430+0100] {logging_mixin.py:190} INFO - [2025-04-29T23:34:12.430+0100] {override.py:1901} INFO - Created Permission View: can delete on DAG:dataset_s3_bucket_producer_with_no_taskflow
[2025-04-29T23:34:12.434+0100] {logging_mixin.py:190} INFO - [2025-04-29T23:34:12.434+0100] {override.py:1901} INFO - Created Permission View: can read on DAG Run:dataset_s3_bucket_producer_with_no_taskflow
[2025-04-29T23:34:12.437+0100] {logging_mixin.py:190} INFO - [2025-04-29T23:34:12.436+0100] {override.py:1901} INFO - Created Permission View: can create on DAG Run:dataset_s3_bucket_producer_with_no_taskflow
[2025-04-29T23:34:12.439+0100] {logging_mixin.py:190} INFO - [2025-04-29T23:34:12.439+0100] {override.py:1901} INFO - Created Permission View: menu access on DAG Run:dataset_s3_bucket_producer_with_no_taskflow
[2025-04-29T23:34:12.442+0100] {logging_mixin.py:190} INFO - [2025-04-29T23:34:12.442+0100] {override.py:1901} INFO - Created Permission View: can delete on DAG Run:dataset_s3_bucket_producer_with_no_taskflow
[2025-04-29T23:34:12.448+0100] {logging_mixin.py:190} INFO - [2025-04-29T23:34:12.448+0100] {override.py:1901} INFO - Created Permission View: can read on DAG:dataset_alias_example_alias_consumer_with_no_taskflow
[2025-04-29T23:34:12.451+0100] {logging_mixin.py:190} INFO - [2025-04-29T23:34:12.451+0100] {override.py:1901} INFO - Created Permission View: can edit on DAG:dataset_alias_example_alias_consumer_with_no_taskflow
[2025-04-29T23:34:12.454+0100] {logging_mixin.py:190} INFO - [2025-04-29T23:34:12.454+0100] {override.py:1901} INFO - Created Permission View: can delete on DAG:dataset_alias_example_alias_consumer_with_no_taskflow
[2025-04-29T23:34:12.460+0100] {logging_mixin.py:190} INFO - [2025-04-29T23:34:12.460+0100] {override.py:1901} INFO - Created Permission View: can read on DAG Run:dataset_alias_example_alias_consumer_with_no_taskflow
[2025-04-29T23:34:12.464+0100] {logging_mixin.py:190} INFO - [2025-04-29T23:34:12.464+0100] {override.py:1901} INFO - Created Permission View: can create on DAG Run:dataset_alias_example_alias_consumer_with_no_taskflow
[2025-04-29T23:34:12.467+0100] {logging_mixin.py:190} INFO - [2025-04-29T23:34:12.467+0100] {override.py:1901} INFO - Created Permission View: menu access on DAG Run:dataset_alias_example_alias_consumer_with_no_taskflow
[2025-04-29T23:34:12.470+0100] {logging_mixin.py:190} INFO - [2025-04-29T23:34:12.470+0100] {override.py:1901} INFO - Created Permission View: can delete on DAG Run:dataset_alias_example_alias_consumer_with_no_taskflow
[2025-04-29T23:34:12.477+0100] {logging_mixin.py:190} INFO - [2025-04-29T23:34:12.477+0100] {override.py:1901} INFO - Created Permission View: can read on DAG:dataset_alias_example_alias_producer_with_no_taskflow
[2025-04-29T23:34:12.480+0100] {logging_mixin.py:190} INFO - [2025-04-29T23:34:12.480+0100] {override.py:1901} INFO - Created Permission View: can edit on DAG:dataset_alias_example_alias_producer_with_no_taskflow
[2025-04-29T23:34:12.483+0100] {logging_mixin.py:190} INFO - [2025-04-29T23:34:12.483+0100] {override.py:1901} INFO - Created Permission View: can delete on DAG:dataset_alias_example_alias_producer_with_no_taskflow
[2025-04-29T23:34:12.486+0100] {logging_mixin.py:190} INFO - [2025-04-29T23:34:12.486+0100] {override.py:1901} INFO - Created Permission View: can read on DAG Run:dataset_alias_example_alias_producer_with_no_taskflow
[2025-04-29T23:34:12.489+0100] {logging_mixin.py:190} INFO - [2025-04-29T23:34:12.489+0100] {override.py:1901} INFO - Created Permission View: can create on DAG Run:dataset_alias_example_alias_producer_with_no_taskflow
[2025-04-29T23:34:12.492+0100] {logging_mixin.py:190} INFO - [2025-04-29T23:34:12.492+0100] {override.py:1901} INFO - Created Permission View: menu access on DAG Run:dataset_alias_example_alias_producer_with_no_taskflow
[2025-04-29T23:34:12.495+0100] {logging_mixin.py:190} INFO - [2025-04-29T23:34:12.495+0100] {override.py:1901} INFO - Created Permission View: can delete on DAG Run:dataset_alias_example_alias_producer_with_no_taskflow
[2025-04-29T23:34:12.495+0100] {logging_mixin.py:190} INFO - [2025-04-29T23:34:12.495+0100] {dag.py:3239} INFO - Sync 4 DAGs
[2025-04-29T23:34:12.502+0100] {logging_mixin.py:190} INFO - [2025-04-29T23:34:12.502+0100] {dag.py:3262} INFO - Creating ORM DAG for dataset_alias_example_alias_producer_with_no_taskflow
[2025-04-29T23:34:12.502+0100] {logging_mixin.py:190} INFO - [2025-04-29T23:34:12.502+0100] {dag.py:3262} INFO - Creating ORM DAG for dataset_alias_example_alias_consumer_with_no_taskflow
[2025-04-29T23:34:12.502+0100] {logging_mixin.py:190} INFO - [2025-04-29T23:34:12.502+0100] {dag.py:3262} INFO - Creating ORM DAG for dataset_s3_bucket_producer_with_no_taskflow
[2025-04-29T23:34:12.503+0100] {logging_mixin.py:190} INFO - [2025-04-29T23:34:12.502+0100] {dag.py:3262} INFO - Creating ORM DAG for dataset_s3_bucket_consumer_with_no_taskflow
[2025-04-29T23:34:12.507+0100] {logging_mixin.py:190} INFO - [2025-04-29T23:34:12.506+0100] {dag.py:4180} INFO - Setting next_dagrun for dataset_alias_example_alias_consumer_with_no_taskflow to None, run_after=None
[2025-04-29T23:34:12.507+0100] {logging_mixin.py:190} INFO - [2025-04-29T23:34:12.507+0100] {dag.py:4180} INFO - Setting next_dagrun for dataset_alias_example_alias_producer_with_no_taskflow to None, run_after=None
[2025-04-29T23:34:12.507+0100] {logging_mixin.py:190} INFO - [2025-04-29T23:34:12.507+0100] {dag.py:4180} INFO - Setting next_dagrun for dataset_s3_bucket_consumer_with_no_taskflow to None, run_after=None
[2025-04-29T23:34:12.508+0100] {logging_mixin.py:190} INFO - [2025-04-29T23:34:12.507+0100] {dag.py:4180} INFO - Setting next_dagrun for dataset_s3_bucket_producer_with_no_taskflow to None, run_after=None
[2025-04-29T23:34:12.516+0100] {logging_mixin.py:190} INFO - [2025-04-29T23:34:12.516+0100] {workday.py:41} WARNING - Could not import pandas. Holidays will not be considered.
[2025-04-29T23:34:12.526+0100] {processor.py:208} INFO - Processing /Users/dineshsammeta/anaconda3/envs/python38/lib/python3.8/site-packages/airflow/example_dags/example_dataset_alias_with_no_taskflow.py took 0.305 seconds
[2025-04-29T23:37:20.633+0100] {processor.py:186} INFO - Started process (PID=64852) to work on /Users/dineshsammeta/anaconda3/envs/python38/lib/python3.8/site-packages/airflow/example_dags/example_dataset_alias_with_no_taskflow.py
[2025-04-29T23:37:20.634+0100] {processor.py:914} INFO - Processing file /Users/dineshsammeta/anaconda3/envs/python38/lib/python3.8/site-packages/airflow/example_dags/example_dataset_alias_with_no_taskflow.py for tasks to queue
[2025-04-29T23:37:20.635+0100] {logging_mixin.py:190} INFO - [2025-04-29T23:37:20.635+0100] {dagbag.py:588} INFO - Filling up the DagBag from /Users/dineshsammeta/anaconda3/envs/python38/lib/python3.8/site-packages/airflow/example_dags/example_dataset_alias_with_no_taskflow.py
[2025-04-29T23:37:20.754+0100] {processor.py:925} INFO - DAG(s) 'dataset_s3_bucket_producer_with_no_taskflow', 'dataset_s3_bucket_consumer_with_no_taskflow', 'dataset_alias_example_alias_producer_with_no_taskflow', 'dataset_alias_example_alias_consumer_with_no_taskflow' retrieved from /Users/dineshsammeta/anaconda3/envs/python38/lib/python3.8/site-packages/airflow/example_dags/example_dataset_alias_with_no_taskflow.py
[2025-04-29T23:37:20.768+0100] {logging_mixin.py:190} INFO - [2025-04-29T23:37:20.767+0100] {dag.py:3239} INFO - Sync 4 DAGs
[2025-04-29T23:37:20.779+0100] {logging_mixin.py:190} INFO - [2025-04-29T23:37:20.779+0100] {dag.py:4180} INFO - Setting next_dagrun for dataset_alias_example_alias_consumer_with_no_taskflow to None, run_after=None
[2025-04-29T23:37:20.781+0100] {logging_mixin.py:190} INFO - [2025-04-29T23:37:20.781+0100] {dag.py:4180} INFO - Setting next_dagrun for dataset_alias_example_alias_producer_with_no_taskflow to None, run_after=None
[2025-04-29T23:37:20.781+0100] {logging_mixin.py:190} INFO - [2025-04-29T23:37:20.781+0100] {dag.py:4180} INFO - Setting next_dagrun for dataset_s3_bucket_consumer_with_no_taskflow to None, run_after=None
[2025-04-29T23:37:20.782+0100] {logging_mixin.py:190} INFO - [2025-04-29T23:37:20.782+0100] {dag.py:4180} INFO - Setting next_dagrun for dataset_s3_bucket_producer_with_no_taskflow to None, run_after=None
[2025-04-29T23:37:20.795+0100] {processor.py:208} INFO - Processing /Users/dineshsammeta/anaconda3/envs/python38/lib/python3.8/site-packages/airflow/example_dags/example_dataset_alias_with_no_taskflow.py took 0.165 seconds
[2025-04-29T23:39:20.972+0100] {processor.py:186} INFO - Started process (PID=65259) to work on /Users/dineshsammeta/anaconda3/envs/python38/lib/python3.8/site-packages/airflow/example_dags/example_dataset_alias_with_no_taskflow.py
[2025-04-29T23:39:20.974+0100] {processor.py:914} INFO - Processing file /Users/dineshsammeta/anaconda3/envs/python38/lib/python3.8/site-packages/airflow/example_dags/example_dataset_alias_with_no_taskflow.py for tasks to queue
[2025-04-29T23:39:20.975+0100] {logging_mixin.py:190} INFO - [2025-04-29T23:39:20.975+0100] {dagbag.py:588} INFO - Filling up the DagBag from /Users/dineshsammeta/anaconda3/envs/python38/lib/python3.8/site-packages/airflow/example_dags/example_dataset_alias_with_no_taskflow.py
[2025-04-29T23:39:21.090+0100] {processor.py:925} INFO - DAG(s) 'dataset_alias_example_alias_consumer_with_no_taskflow', 'dataset_s3_bucket_consumer_with_no_taskflow', 'dataset_alias_example_alias_producer_with_no_taskflow', 'dataset_s3_bucket_producer_with_no_taskflow' retrieved from /Users/dineshsammeta/anaconda3/envs/python38/lib/python3.8/site-packages/airflow/example_dags/example_dataset_alias_with_no_taskflow.py
[2025-04-29T23:39:21.103+0100] {logging_mixin.py:190} INFO - [2025-04-29T23:39:21.103+0100] {dag.py:3239} INFO - Sync 4 DAGs
[2025-04-29T23:39:21.114+0100] {logging_mixin.py:190} INFO - [2025-04-29T23:39:21.114+0100] {dag.py:4180} INFO - Setting next_dagrun for dataset_alias_example_alias_consumer_with_no_taskflow to None, run_after=None
[2025-04-29T23:39:21.115+0100] {logging_mixin.py:190} INFO - [2025-04-29T23:39:21.115+0100] {dag.py:4180} INFO - Setting next_dagrun for dataset_alias_example_alias_producer_with_no_taskflow to None, run_after=None
[2025-04-29T23:39:21.116+0100] {logging_mixin.py:190} INFO - [2025-04-29T23:39:21.115+0100] {dag.py:4180} INFO - Setting next_dagrun for dataset_s3_bucket_consumer_with_no_taskflow to None, run_after=None
[2025-04-29T23:39:21.116+0100] {logging_mixin.py:190} INFO - [2025-04-29T23:39:21.116+0100] {dag.py:4180} INFO - Setting next_dagrun for dataset_s3_bucket_producer_with_no_taskflow to None, run_after=None
[2025-04-29T23:39:21.127+0100] {processor.py:208} INFO - Processing /Users/dineshsammeta/anaconda3/envs/python38/lib/python3.8/site-packages/airflow/example_dags/example_dataset_alias_with_no_taskflow.py took 0.157 seconds
