[2025-04-29T23:34:05.752+0100] {processor.py:186} INFO - Started process (PID=64230) to work on /Users/dineshsammeta/anaconda3/envs/python38/lib/python3.8/site-packages/airflow/example_dags/example_dynamic_task_mapping.py
[2025-04-29T23:34:05.753+0100] {processor.py:914} INFO - Processing file /Users/dineshsammeta/anaconda3/envs/python38/lib/python3.8/site-packages/airflow/example_dags/example_dynamic_task_mapping.py for tasks to queue
[2025-04-29T23:34:05.754+0100] {logging_mixin.py:190} INFO - [2025-04-29T23:34:05.754+0100] {dagbag.py:588} INFO - Filling up the DagBag from /Users/dineshsammeta/anaconda3/envs/python38/lib/python3.8/site-packages/airflow/example_dags/example_dynamic_task_mapping.py
[2025-04-29T23:34:05.807+0100] {processor.py:925} INFO - DAG(s) 'example_dynamic_task_mapping' retrieved from /Users/dineshsammeta/anaconda3/envs/python38/lib/python3.8/site-packages/airflow/example_dags/example_dynamic_task_mapping.py
[2025-04-29T23:34:05.913+0100] {logging_mixin.py:190} INFO - [2025-04-29T23:34:05.913+0100] {override.py:1901} INFO - Created Permission View: can edit on DAG:example_dynamic_task_mapping
[2025-04-29T23:34:05.918+0100] {logging_mixin.py:190} INFO - [2025-04-29T23:34:05.918+0100] {override.py:1901} INFO - Created Permission View: can delete on DAG:example_dynamic_task_mapping
[2025-04-29T23:34:05.922+0100] {logging_mixin.py:190} INFO - [2025-04-29T23:34:05.921+0100] {override.py:1901} INFO - Created Permission View: can read on DAG:example_dynamic_task_mapping
[2025-04-29T23:34:05.925+0100] {logging_mixin.py:190} INFO - [2025-04-29T23:34:05.925+0100] {override.py:1901} INFO - Created Permission View: menu access on DAG Run:example_dynamic_task_mapping
[2025-04-29T23:34:05.929+0100] {logging_mixin.py:190} INFO - [2025-04-29T23:34:05.929+0100] {override.py:1901} INFO - Created Permission View: can create on DAG Run:example_dynamic_task_mapping
[2025-04-29T23:34:05.934+0100] {logging_mixin.py:190} INFO - [2025-04-29T23:34:05.933+0100] {override.py:1901} INFO - Created Permission View: can delete on DAG Run:example_dynamic_task_mapping
[2025-04-29T23:34:05.938+0100] {logging_mixin.py:190} INFO - [2025-04-29T23:34:05.938+0100] {override.py:1901} INFO - Created Permission View: can read on DAG Run:example_dynamic_task_mapping
[2025-04-29T23:34:05.938+0100] {logging_mixin.py:190} INFO - [2025-04-29T23:34:05.938+0100] {dag.py:3239} INFO - Sync 1 DAGs
[2025-04-29T23:34:05.945+0100] {logging_mixin.py:190} INFO - [2025-04-29T23:34:05.945+0100] {dag.py:3262} INFO - Creating ORM DAG for example_dynamic_task_mapping
[2025-04-29T23:34:05.945+0100] {logging_mixin.py:190} INFO - [2025-04-29T23:34:05.945+0100] {dag.py:4180} INFO - Setting next_dagrun for example_dynamic_task_mapping to None, run_after=None
[2025-04-29T23:34:05.954+0100] {processor.py:208} INFO - Processing /Users/dineshsammeta/anaconda3/envs/python38/lib/python3.8/site-packages/airflow/example_dags/example_dynamic_task_mapping.py took 0.204 seconds
[2025-04-29T23:36:13.287+0100] {processor.py:186} INFO - Started process (PID=64640) to work on /Users/dineshsammeta/anaconda3/envs/python38/lib/python3.8/site-packages/airflow/example_dags/example_dynamic_task_mapping.py
[2025-04-29T23:36:13.288+0100] {processor.py:914} INFO - Processing file /Users/dineshsammeta/anaconda3/envs/python38/lib/python3.8/site-packages/airflow/example_dags/example_dynamic_task_mapping.py for tasks to queue
[2025-04-29T23:36:13.289+0100] {logging_mixin.py:190} INFO - [2025-04-29T23:36:13.289+0100] {dagbag.py:588} INFO - Filling up the DagBag from /Users/dineshsammeta/anaconda3/envs/python38/lib/python3.8/site-packages/airflow/example_dags/example_dynamic_task_mapping.py
[2025-04-29T23:36:13.346+0100] {processor.py:925} INFO - DAG(s) 'example_dynamic_task_mapping' retrieved from /Users/dineshsammeta/anaconda3/envs/python38/lib/python3.8/site-packages/airflow/example_dags/example_dynamic_task_mapping.py
[2025-04-29T23:36:13.402+0100] {logging_mixin.py:190} INFO - [2025-04-29T23:36:13.402+0100] {dag.py:3239} INFO - Sync 1 DAGs
[2025-04-29T23:36:13.408+0100] {logging_mixin.py:190} INFO - [2025-04-29T23:36:13.408+0100] {dag.py:4180} INFO - Setting next_dagrun for example_dynamic_task_mapping to None, run_after=None
[2025-04-29T23:36:13.419+0100] {processor.py:208} INFO - Processing /Users/dineshsammeta/anaconda3/envs/python38/lib/python3.8/site-packages/airflow/example_dags/example_dynamic_task_mapping.py took 0.134 seconds
[2025-04-29T23:37:14.239+0100] {processor.py:186} INFO - Started process (PID=64832) to work on /Users/dineshsammeta/anaconda3/envs/python38/lib/python3.8/site-packages/airflow/example_dags/example_dynamic_task_mapping.py
[2025-04-29T23:37:14.240+0100] {processor.py:914} INFO - Processing file /Users/dineshsammeta/anaconda3/envs/python38/lib/python3.8/site-packages/airflow/example_dags/example_dynamic_task_mapping.py for tasks to queue
[2025-04-29T23:37:14.241+0100] {logging_mixin.py:190} INFO - [2025-04-29T23:37:14.241+0100] {dagbag.py:588} INFO - Filling up the DagBag from /Users/dineshsammeta/anaconda3/envs/python38/lib/python3.8/site-packages/airflow/example_dags/example_dynamic_task_mapping.py
[2025-04-29T23:37:14.299+0100] {processor.py:925} INFO - DAG(s) 'example_dynamic_task_mapping' retrieved from /Users/dineshsammeta/anaconda3/envs/python38/lib/python3.8/site-packages/airflow/example_dags/example_dynamic_task_mapping.py
[2025-04-29T23:37:14.355+0100] {logging_mixin.py:190} INFO - [2025-04-29T23:37:14.355+0100] {dag.py:3239} INFO - Sync 1 DAGs
[2025-04-29T23:37:14.361+0100] {logging_mixin.py:190} INFO - [2025-04-29T23:37:14.361+0100] {dag.py:4180} INFO - Setting next_dagrun for example_dynamic_task_mapping to None, run_after=None
[2025-04-29T23:37:14.373+0100] {processor.py:208} INFO - Processing /Users/dineshsammeta/anaconda3/envs/python38/lib/python3.8/site-packages/airflow/example_dags/example_dynamic_task_mapping.py took 0.136 seconds
[2025-04-29T23:39:15.607+0100] {processor.py:186} INFO - Started process (PID=65250) to work on /Users/dineshsammeta/anaconda3/envs/python38/lib/python3.8/site-packages/airflow/example_dags/example_dynamic_task_mapping.py
[2025-04-29T23:39:15.609+0100] {processor.py:914} INFO - Processing file /Users/dineshsammeta/anaconda3/envs/python38/lib/python3.8/site-packages/airflow/example_dags/example_dynamic_task_mapping.py for tasks to queue
[2025-04-29T23:39:15.609+0100] {logging_mixin.py:190} INFO - [2025-04-29T23:39:15.609+0100] {dagbag.py:588} INFO - Filling up the DagBag from /Users/dineshsammeta/anaconda3/envs/python38/lib/python3.8/site-packages/airflow/example_dags/example_dynamic_task_mapping.py
[2025-04-29T23:39:15.663+0100] {processor.py:925} INFO - DAG(s) 'example_dynamic_task_mapping' retrieved from /Users/dineshsammeta/anaconda3/envs/python38/lib/python3.8/site-packages/airflow/example_dags/example_dynamic_task_mapping.py
[2025-04-29T23:39:15.719+0100] {logging_mixin.py:190} INFO - [2025-04-29T23:39:15.718+0100] {dag.py:3239} INFO - Sync 1 DAGs
[2025-04-29T23:39:15.725+0100] {logging_mixin.py:190} INFO - [2025-04-29T23:39:15.725+0100] {dag.py:4180} INFO - Setting next_dagrun for example_dynamic_task_mapping to None, run_after=None
[2025-04-29T23:39:15.736+0100] {processor.py:208} INFO - Processing /Users/dineshsammeta/anaconda3/envs/python38/lib/python3.8/site-packages/airflow/example_dags/example_dynamic_task_mapping.py took 0.131 seconds
