[2025-04-29T23:33:22.316+0100] {processor.py:186} INFO - Started process (PID=64160) to work on /Users/dineshsammeta/anaconda3/envs/python38/lib/python3.8/site-packages/airflow/example_dags/example_short_circuit_operator.py
[2025-04-29T23:33:22.317+0100] {processor.py:914} INFO - Processing file /Users/dineshsammeta/anaconda3/envs/python38/lib/python3.8/site-packages/airflow/example_dags/example_short_circuit_operator.py for tasks to queue
[2025-04-29T23:33:22.318+0100] {logging_mixin.py:190} INFO - [2025-04-29T23:33:22.318+0100] {dagbag.py:588} INFO - Filling up the DagBag from /Users/dineshsammeta/anaconda3/envs/python38/lib/python3.8/site-packages/airflow/example_dags/example_short_circuit_operator.py
[2025-04-29T23:33:22.366+0100] {processor.py:925} INFO - DAG(s) 'example_short_circuit_operator' retrieved from /Users/dineshsammeta/anaconda3/envs/python38/lib/python3.8/site-packages/airflow/example_dags/example_short_circuit_operator.py
[2025-04-29T23:33:22.478+0100] {logging_mixin.py:190} INFO - [2025-04-29T23:33:22.478+0100] {override.py:1901} INFO - Created Permission View: can read on DAG:example_short_circuit_operator
[2025-04-29T23:33:22.484+0100] {logging_mixin.py:190} INFO - [2025-04-29T23:33:22.484+0100] {override.py:1901} INFO - Created Permission View: can delete on DAG:example_short_circuit_operator
[2025-04-29T23:33:22.487+0100] {logging_mixin.py:190} INFO - [2025-04-29T23:33:22.487+0100] {override.py:1901} INFO - Created Permission View: can edit on DAG:example_short_circuit_operator
[2025-04-29T23:33:22.491+0100] {logging_mixin.py:190} INFO - [2025-04-29T23:33:22.491+0100] {override.py:1901} INFO - Created Permission View: can create on DAG Run:example_short_circuit_operator
[2025-04-29T23:33:22.494+0100] {logging_mixin.py:190} INFO - [2025-04-29T23:33:22.494+0100] {override.py:1901} INFO - Created Permission View: can read on DAG Run:example_short_circuit_operator
[2025-04-29T23:33:22.497+0100] {logging_mixin.py:190} INFO - [2025-04-29T23:33:22.497+0100] {override.py:1901} INFO - Created Permission View: can delete on DAG Run:example_short_circuit_operator
[2025-04-29T23:33:22.500+0100] {logging_mixin.py:190} INFO - [2025-04-29T23:33:22.499+0100] {override.py:1901} INFO - Created Permission View: menu access on DAG Run:example_short_circuit_operator
[2025-04-29T23:33:22.500+0100] {logging_mixin.py:190} INFO - [2025-04-29T23:33:22.500+0100] {dag.py:3239} INFO - Sync 1 DAGs
[2025-04-29T23:33:22.507+0100] {logging_mixin.py:190} INFO - [2025-04-29T23:33:22.506+0100] {dag.py:3262} INFO - Creating ORM DAG for example_short_circuit_operator
[2025-04-29T23:33:22.507+0100] {logging_mixin.py:190} INFO - [2025-04-29T23:33:22.507+0100] {dag.py:4180} INFO - Setting next_dagrun for example_short_circuit_operator to None, run_after=None
[2025-04-29T23:33:22.516+0100] {processor.py:208} INFO - Processing /Users/dineshsammeta/anaconda3/envs/python38/lib/python3.8/site-packages/airflow/example_dags/example_short_circuit_operator.py took 0.202 seconds
[2025-04-29T23:35:30.751+0100] {processor.py:186} INFO - Started process (PID=64472) to work on /Users/dineshsammeta/anaconda3/envs/python38/lib/python3.8/site-packages/airflow/example_dags/example_short_circuit_operator.py
[2025-04-29T23:35:30.752+0100] {processor.py:914} INFO - Processing file /Users/dineshsammeta/anaconda3/envs/python38/lib/python3.8/site-packages/airflow/example_dags/example_short_circuit_operator.py for tasks to queue
[2025-04-29T23:35:30.753+0100] {logging_mixin.py:190} INFO - [2025-04-29T23:35:30.752+0100] {dagbag.py:588} INFO - Filling up the DagBag from /Users/dineshsammeta/anaconda3/envs/python38/lib/python3.8/site-packages/airflow/example_dags/example_short_circuit_operator.py
[2025-04-29T23:35:30.798+0100] {processor.py:925} INFO - DAG(s) 'example_short_circuit_operator' retrieved from /Users/dineshsammeta/anaconda3/envs/python38/lib/python3.8/site-packages/airflow/example_dags/example_short_circuit_operator.py
[2025-04-29T23:35:30.858+0100] {logging_mixin.py:190} INFO - [2025-04-29T23:35:30.858+0100] {dag.py:3239} INFO - Sync 1 DAGs
[2025-04-29T23:35:30.864+0100] {logging_mixin.py:190} INFO - [2025-04-29T23:35:30.864+0100] {dag.py:4180} INFO - Setting next_dagrun for example_short_circuit_operator to None, run_after=None
[2025-04-29T23:35:30.874+0100] {processor.py:208} INFO - Processing /Users/dineshsammeta/anaconda3/envs/python38/lib/python3.8/site-packages/airflow/example_dags/example_short_circuit_operator.py took 0.125 seconds
[2025-04-29T23:36:21.124+0100] {processor.py:186} INFO - Started process (PID=64661) to work on /Users/dineshsammeta/anaconda3/envs/python38/lib/python3.8/site-packages/airflow/example_dags/example_short_circuit_operator.py
[2025-04-29T23:36:21.125+0100] {processor.py:914} INFO - Processing file /Users/dineshsammeta/anaconda3/envs/python38/lib/python3.8/site-packages/airflow/example_dags/example_short_circuit_operator.py for tasks to queue
[2025-04-29T23:36:21.126+0100] {logging_mixin.py:190} INFO - [2025-04-29T23:36:21.126+0100] {dagbag.py:588} INFO - Filling up the DagBag from /Users/dineshsammeta/anaconda3/envs/python38/lib/python3.8/site-packages/airflow/example_dags/example_short_circuit_operator.py
[2025-04-29T23:36:21.177+0100] {processor.py:925} INFO - DAG(s) 'example_short_circuit_operator' retrieved from /Users/dineshsammeta/anaconda3/envs/python38/lib/python3.8/site-packages/airflow/example_dags/example_short_circuit_operator.py
[2025-04-29T23:36:21.238+0100] {logging_mixin.py:190} INFO - [2025-04-29T23:36:21.238+0100] {dag.py:3239} INFO - Sync 1 DAGs
[2025-04-29T23:36:21.245+0100] {logging_mixin.py:190} INFO - [2025-04-29T23:36:21.245+0100] {dag.py:4180} INFO - Setting next_dagrun for example_short_circuit_operator to None, run_after=None
[2025-04-29T23:36:21.256+0100] {processor.py:208} INFO - Processing /Users/dineshsammeta/anaconda3/envs/python38/lib/python3.8/site-packages/airflow/example_dags/example_short_circuit_operator.py took 0.134 seconds
[2025-04-29T23:37:19.175+0100] {processor.py:186} INFO - Started process (PID=64844) to work on /Users/dineshsammeta/anaconda3/envs/python38/lib/python3.8/site-packages/airflow/example_dags/example_short_circuit_operator.py
[2025-04-29T23:37:19.176+0100] {processor.py:914} INFO - Processing file /Users/dineshsammeta/anaconda3/envs/python38/lib/python3.8/site-packages/airflow/example_dags/example_short_circuit_operator.py for tasks to queue
[2025-04-29T23:37:19.176+0100] {logging_mixin.py:190} INFO - [2025-04-29T23:37:19.176+0100] {dagbag.py:588} INFO - Filling up the DagBag from /Users/dineshsammeta/anaconda3/envs/python38/lib/python3.8/site-packages/airflow/example_dags/example_short_circuit_operator.py
[2025-04-29T23:37:19.226+0100] {processor.py:925} INFO - DAG(s) 'example_short_circuit_operator' retrieved from /Users/dineshsammeta/anaconda3/envs/python38/lib/python3.8/site-packages/airflow/example_dags/example_short_circuit_operator.py
[2025-04-29T23:37:19.286+0100] {logging_mixin.py:190} INFO - [2025-04-29T23:37:19.286+0100] {dag.py:3239} INFO - Sync 1 DAGs
[2025-04-29T23:37:19.292+0100] {logging_mixin.py:190} INFO - [2025-04-29T23:37:19.292+0100] {dag.py:4180} INFO - Setting next_dagrun for example_short_circuit_operator to None, run_after=None
[2025-04-29T23:37:19.302+0100] {processor.py:208} INFO - Processing /Users/dineshsammeta/anaconda3/envs/python38/lib/python3.8/site-packages/airflow/example_dags/example_short_circuit_operator.py took 0.129 seconds
[2025-04-29T23:38:34.391+0100] {processor.py:186} INFO - Started process (PID=65161) to work on /Users/dineshsammeta/anaconda3/envs/python38/lib/python3.8/site-packages/airflow/example_dags/example_short_circuit_operator.py
[2025-04-29T23:38:34.392+0100] {processor.py:914} INFO - Processing file /Users/dineshsammeta/anaconda3/envs/python38/lib/python3.8/site-packages/airflow/example_dags/example_short_circuit_operator.py for tasks to queue
[2025-04-29T23:38:34.393+0100] {logging_mixin.py:190} INFO - [2025-04-29T23:38:34.393+0100] {dagbag.py:588} INFO - Filling up the DagBag from /Users/dineshsammeta/anaconda3/envs/python38/lib/python3.8/site-packages/airflow/example_dags/example_short_circuit_operator.py
[2025-04-29T23:38:34.438+0100] {processor.py:925} INFO - DAG(s) 'example_short_circuit_operator' retrieved from /Users/dineshsammeta/anaconda3/envs/python38/lib/python3.8/site-packages/airflow/example_dags/example_short_circuit_operator.py
[2025-04-29T23:38:34.498+0100] {logging_mixin.py:190} INFO - [2025-04-29T23:38:34.498+0100] {dag.py:3239} INFO - Sync 1 DAGs
[2025-04-29T23:38:34.504+0100] {logging_mixin.py:190} INFO - [2025-04-29T23:38:34.504+0100] {dag.py:4180} INFO - Setting next_dagrun for example_short_circuit_operator to None, run_after=None
[2025-04-29T23:38:34.514+0100] {processor.py:208} INFO - Processing /Users/dineshsammeta/anaconda3/envs/python38/lib/python3.8/site-packages/airflow/example_dags/example_short_circuit_operator.py took 0.125 seconds
