[2025-04-29T23:33:27.121+0100] {processor.py:186} INFO - Started process (PID=64166) to work on /Users/dineshsammeta/anaconda3/envs/python38/lib/python3.8/site-packages/airflow/example_dags/example_setup_teardown_taskflow.py
[2025-04-29T23:33:27.122+0100] {processor.py:914} INFO - Processing file /Users/dineshsammeta/anaconda3/envs/python38/lib/python3.8/site-packages/airflow/example_dags/example_setup_teardown_taskflow.py for tasks to queue
[2025-04-29T23:33:27.123+0100] {logging_mixin.py:190} INFO - [2025-04-29T23:33:27.122+0100] {dagbag.py:588} INFO - Filling up the DagBag from /Users/dineshsammeta/anaconda3/envs/python38/lib/python3.8/site-packages/airflow/example_dags/example_setup_teardown_taskflow.py
[2025-04-29T23:33:27.175+0100] {processor.py:925} INFO - DAG(s) 'example_setup_teardown_taskflow' retrieved from /Users/dineshsammeta/anaconda3/envs/python38/lib/python3.8/site-packages/airflow/example_dags/example_setup_teardown_taskflow.py
[2025-04-29T23:33:27.283+0100] {logging_mixin.py:190} INFO - [2025-04-29T23:33:27.282+0100] {override.py:1901} INFO - Created Permission View: can read on DAG:example_setup_teardown_taskflow
[2025-04-29T23:33:27.287+0100] {logging_mixin.py:190} INFO - [2025-04-29T23:33:27.287+0100] {override.py:1901} INFO - Created Permission View: can edit on DAG:example_setup_teardown_taskflow
[2025-04-29T23:33:27.290+0100] {logging_mixin.py:190} INFO - [2025-04-29T23:33:27.290+0100] {override.py:1901} INFO - Created Permission View: can delete on DAG:example_setup_teardown_taskflow
[2025-04-29T23:33:27.294+0100] {logging_mixin.py:190} INFO - [2025-04-29T23:33:27.294+0100] {override.py:1901} INFO - Created Permission View: menu access on DAG Run:example_setup_teardown_taskflow
[2025-04-29T23:33:27.297+0100] {logging_mixin.py:190} INFO - [2025-04-29T23:33:27.297+0100] {override.py:1901} INFO - Created Permission View: can read on DAG Run:example_setup_teardown_taskflow
[2025-04-29T23:33:27.300+0100] {logging_mixin.py:190} INFO - [2025-04-29T23:33:27.300+0100] {override.py:1901} INFO - Created Permission View: can create on DAG Run:example_setup_teardown_taskflow
[2025-04-29T23:33:27.303+0100] {logging_mixin.py:190} INFO - [2025-04-29T23:33:27.303+0100] {override.py:1901} INFO - Created Permission View: can delete on DAG Run:example_setup_teardown_taskflow
[2025-04-29T23:33:27.303+0100] {logging_mixin.py:190} INFO - [2025-04-29T23:33:27.303+0100] {dag.py:3239} INFO - Sync 1 DAGs
[2025-04-29T23:33:27.310+0100] {logging_mixin.py:190} INFO - [2025-04-29T23:33:27.310+0100] {dag.py:3262} INFO - Creating ORM DAG for example_setup_teardown_taskflow
[2025-04-29T23:33:27.310+0100] {logging_mixin.py:190} INFO - [2025-04-29T23:33:27.310+0100] {dag.py:4180} INFO - Setting next_dagrun for example_setup_teardown_taskflow to None, run_after=None
[2025-04-29T23:33:27.319+0100] {processor.py:208} INFO - Processing /Users/dineshsammeta/anaconda3/envs/python38/lib/python3.8/site-packages/airflow/example_dags/example_setup_teardown_taskflow.py took 0.200 seconds
[2025-04-29T23:35:34.767+0100] {processor.py:186} INFO - Started process (PID=64490) to work on /Users/dineshsammeta/anaconda3/envs/python38/lib/python3.8/site-packages/airflow/example_dags/example_setup_teardown_taskflow.py
[2025-04-29T23:35:34.768+0100] {processor.py:914} INFO - Processing file /Users/dineshsammeta/anaconda3/envs/python38/lib/python3.8/site-packages/airflow/example_dags/example_setup_teardown_taskflow.py for tasks to queue
[2025-04-29T23:35:34.769+0100] {logging_mixin.py:190} INFO - [2025-04-29T23:35:34.769+0100] {dagbag.py:588} INFO - Filling up the DagBag from /Users/dineshsammeta/anaconda3/envs/python38/lib/python3.8/site-packages/airflow/example_dags/example_setup_teardown_taskflow.py
[2025-04-29T23:35:34.822+0100] {processor.py:925} INFO - DAG(s) 'example_setup_teardown_taskflow' retrieved from /Users/dineshsammeta/anaconda3/envs/python38/lib/python3.8/site-packages/airflow/example_dags/example_setup_teardown_taskflow.py
[2025-04-29T23:35:34.887+0100] {logging_mixin.py:190} INFO - [2025-04-29T23:35:34.886+0100] {dag.py:3239} INFO - Sync 1 DAGs
[2025-04-29T23:35:34.902+0100] {logging_mixin.py:190} INFO - [2025-04-29T23:35:34.902+0100] {dag.py:4180} INFO - Setting next_dagrun for example_setup_teardown_taskflow to None, run_after=None
[2025-04-29T23:35:34.918+0100] {processor.py:208} INFO - Processing /Users/dineshsammeta/anaconda3/envs/python38/lib/python3.8/site-packages/airflow/example_dags/example_setup_teardown_taskflow.py took 0.153 seconds
[2025-04-29T23:36:25.093+0100] {processor.py:186} INFO - Started process (PID=64673) to work on /Users/dineshsammeta/anaconda3/envs/python38/lib/python3.8/site-packages/airflow/example_dags/example_setup_teardown_taskflow.py
[2025-04-29T23:36:25.094+0100] {processor.py:914} INFO - Processing file /Users/dineshsammeta/anaconda3/envs/python38/lib/python3.8/site-packages/airflow/example_dags/example_setup_teardown_taskflow.py for tasks to queue
[2025-04-29T23:36:25.095+0100] {logging_mixin.py:190} INFO - [2025-04-29T23:36:25.094+0100] {dagbag.py:588} INFO - Filling up the DagBag from /Users/dineshsammeta/anaconda3/envs/python38/lib/python3.8/site-packages/airflow/example_dags/example_setup_teardown_taskflow.py
[2025-04-29T23:36:25.151+0100] {processor.py:925} INFO - DAG(s) 'example_setup_teardown_taskflow' retrieved from /Users/dineshsammeta/anaconda3/envs/python38/lib/python3.8/site-packages/airflow/example_dags/example_setup_teardown_taskflow.py
[2025-04-29T23:36:25.210+0100] {logging_mixin.py:190} INFO - [2025-04-29T23:36:25.210+0100] {dag.py:3239} INFO - Sync 1 DAGs
[2025-04-29T23:36:25.217+0100] {logging_mixin.py:190} INFO - [2025-04-29T23:36:25.217+0100] {dag.py:4180} INFO - Setting next_dagrun for example_setup_teardown_taskflow to None, run_after=None
[2025-04-29T23:36:25.229+0100] {processor.py:208} INFO - Processing /Users/dineshsammeta/anaconda3/envs/python38/lib/python3.8/site-packages/airflow/example_dags/example_setup_teardown_taskflow.py took 0.138 seconds
[2025-04-29T23:37:23.003+0100] {processor.py:186} INFO - Started process (PID=64862) to work on /Users/dineshsammeta/anaconda3/envs/python38/lib/python3.8/site-packages/airflow/example_dags/example_setup_teardown_taskflow.py
[2025-04-29T23:37:23.004+0100] {processor.py:914} INFO - Processing file /Users/dineshsammeta/anaconda3/envs/python38/lib/python3.8/site-packages/airflow/example_dags/example_setup_teardown_taskflow.py for tasks to queue
[2025-04-29T23:37:23.005+0100] {logging_mixin.py:190} INFO - [2025-04-29T23:37:23.004+0100] {dagbag.py:588} INFO - Filling up the DagBag from /Users/dineshsammeta/anaconda3/envs/python38/lib/python3.8/site-packages/airflow/example_dags/example_setup_teardown_taskflow.py
[2025-04-29T23:37:23.062+0100] {processor.py:925} INFO - DAG(s) 'example_setup_teardown_taskflow' retrieved from /Users/dineshsammeta/anaconda3/envs/python38/lib/python3.8/site-packages/airflow/example_dags/example_setup_teardown_taskflow.py
[2025-04-29T23:37:23.121+0100] {logging_mixin.py:190} INFO - [2025-04-29T23:37:23.121+0100] {dag.py:3239} INFO - Sync 1 DAGs
[2025-04-29T23:37:23.127+0100] {logging_mixin.py:190} INFO - [2025-04-29T23:37:23.127+0100] {dag.py:4180} INFO - Setting next_dagrun for example_setup_teardown_taskflow to None, run_after=None
[2025-04-29T23:37:23.138+0100] {processor.py:208} INFO - Processing /Users/dineshsammeta/anaconda3/envs/python38/lib/python3.8/site-packages/airflow/example_dags/example_setup_teardown_taskflow.py took 0.138 seconds
[2025-04-29T23:38:38.426+0100] {processor.py:186} INFO - Started process (PID=65167) to work on /Users/dineshsammeta/anaconda3/envs/python38/lib/python3.8/site-packages/airflow/example_dags/example_setup_teardown_taskflow.py
[2025-04-29T23:38:38.427+0100] {processor.py:914} INFO - Processing file /Users/dineshsammeta/anaconda3/envs/python38/lib/python3.8/site-packages/airflow/example_dags/example_setup_teardown_taskflow.py for tasks to queue
[2025-04-29T23:38:38.428+0100] {logging_mixin.py:190} INFO - [2025-04-29T23:38:38.428+0100] {dagbag.py:588} INFO - Filling up the DagBag from /Users/dineshsammeta/anaconda3/envs/python38/lib/python3.8/site-packages/airflow/example_dags/example_setup_teardown_taskflow.py
[2025-04-29T23:38:38.482+0100] {processor.py:925} INFO - DAG(s) 'example_setup_teardown_taskflow' retrieved from /Users/dineshsammeta/anaconda3/envs/python38/lib/python3.8/site-packages/airflow/example_dags/example_setup_teardown_taskflow.py
[2025-04-29T23:38:38.540+0100] {logging_mixin.py:190} INFO - [2025-04-29T23:38:38.540+0100] {dag.py:3239} INFO - Sync 1 DAGs
[2025-04-29T23:38:38.546+0100] {logging_mixin.py:190} INFO - [2025-04-29T23:38:38.546+0100] {dag.py:4180} INFO - Setting next_dagrun for example_setup_teardown_taskflow to None, run_after=None
[2025-04-29T23:38:38.557+0100] {processor.py:208} INFO - Processing /Users/dineshsammeta/anaconda3/envs/python38/lib/python3.8/site-packages/airflow/example_dags/example_setup_teardown_taskflow.py took 0.133 seconds
