[2025-04-29T23:34:30.150+0100] {processor.py:186} INFO - Started process (PID=64271) to work on /Users/dineshsammeta/anaconda3/envs/python38/lib/python3.8/site-packages/airflow/example_dags/example_branch_labels.py
[2025-04-29T23:34:30.151+0100] {processor.py:914} INFO - Processing file /Users/dineshsammeta/anaconda3/envs/python38/lib/python3.8/site-packages/airflow/example_dags/example_branch_labels.py for tasks to queue
[2025-04-29T23:34:30.151+0100] {logging_mixin.py:190} INFO - [2025-04-29T23:34:30.151+0100] {dagbag.py:588} INFO - Filling up the DagBag from /Users/dineshsammeta/anaconda3/envs/python38/lib/python3.8/site-packages/airflow/example_dags/example_branch_labels.py
[2025-04-29T23:34:30.162+0100] {processor.py:925} INFO - DAG(s) 'example_branch_labels' retrieved from /Users/dineshsammeta/anaconda3/envs/python38/lib/python3.8/site-packages/airflow/example_dags/example_branch_labels.py
[2025-04-29T23:34:30.323+0100] {logging_mixin.py:190} INFO - [2025-04-29T23:34:30.323+0100] {override.py:1901} INFO - Created Permission View: can delete on DAG:example_branch_labels
[2025-04-29T23:34:30.328+0100] {logging_mixin.py:190} INFO - [2025-04-29T23:34:30.327+0100] {override.py:1901} INFO - Created Permission View: can edit on DAG:example_branch_labels
[2025-04-29T23:34:30.331+0100] {logging_mixin.py:190} INFO - [2025-04-29T23:34:30.331+0100] {override.py:1901} INFO - Created Permission View: can read on DAG:example_branch_labels
[2025-04-29T23:34:30.334+0100] {logging_mixin.py:190} INFO - [2025-04-29T23:34:30.334+0100] {override.py:1901} INFO - Created Permission View: can delete on DAG Run:example_branch_labels
[2025-04-29T23:34:30.337+0100] {logging_mixin.py:190} INFO - [2025-04-29T23:34:30.337+0100] {override.py:1901} INFO - Created Permission View: menu access on DAG Run:example_branch_labels
[2025-04-29T23:34:30.340+0100] {logging_mixin.py:190} INFO - [2025-04-29T23:34:30.340+0100] {override.py:1901} INFO - Created Permission View: can read on DAG Run:example_branch_labels
[2025-04-29T23:34:30.343+0100] {logging_mixin.py:190} INFO - [2025-04-29T23:34:30.343+0100] {override.py:1901} INFO - Created Permission View: can create on DAG Run:example_branch_labels
[2025-04-29T23:34:30.343+0100] {logging_mixin.py:190} INFO - [2025-04-29T23:34:30.343+0100] {dag.py:3239} INFO - Sync 1 DAGs
[2025-04-29T23:34:30.351+0100] {logging_mixin.py:190} INFO - [2025-04-29T23:34:30.350+0100] {dag.py:3262} INFO - Creating ORM DAG for example_branch_labels
[2025-04-29T23:34:30.356+0100] {logging_mixin.py:190} INFO - [2025-04-29T23:34:30.355+0100] {dag.py:4180} INFO - Setting next_dagrun for example_branch_labels to 2025-04-28 00:00:00+00:00, run_after=2025-04-29 00:00:00+00:00
[2025-04-29T23:34:30.364+0100] {processor.py:208} INFO - Processing /Users/dineshsammeta/anaconda3/envs/python38/lib/python3.8/site-packages/airflow/example_dags/example_branch_labels.py took 0.220 seconds
[2025-04-29T23:39:36.390+0100] {processor.py:186} INFO - Started process (PID=65285) to work on /Users/dineshsammeta/anaconda3/envs/python38/lib/python3.8/site-packages/airflow/example_dags/example_branch_labels.py
[2025-04-29T23:39:36.391+0100] {processor.py:914} INFO - Processing file /Users/dineshsammeta/anaconda3/envs/python38/lib/python3.8/site-packages/airflow/example_dags/example_branch_labels.py for tasks to queue
[2025-04-29T23:39:36.392+0100] {logging_mixin.py:190} INFO - [2025-04-29T23:39:36.391+0100] {dagbag.py:588} INFO - Filling up the DagBag from /Users/dineshsammeta/anaconda3/envs/python38/lib/python3.8/site-packages/airflow/example_dags/example_branch_labels.py
[2025-04-29T23:39:36.398+0100] {processor.py:925} INFO - DAG(s) 'example_branch_labels' retrieved from /Users/dineshsammeta/anaconda3/envs/python38/lib/python3.8/site-packages/airflow/example_dags/example_branch_labels.py
[2025-04-29T23:39:36.485+0100] {logging_mixin.py:190} INFO - [2025-04-29T23:39:36.485+0100] {dag.py:3239} INFO - Sync 1 DAGs
[2025-04-29T23:39:36.496+0100] {logging_mixin.py:190} INFO - [2025-04-29T23:39:36.496+0100] {dag.py:4180} INFO - Setting next_dagrun for example_branch_labels to 2025-04-28 00:00:00+00:00, run_after=2025-04-29 00:00:00+00:00
[2025-04-29T23:39:36.506+0100] {processor.py:208} INFO - Processing /Users/dineshsammeta/anaconda3/envs/python38/lib/python3.8/site-packages/airflow/example_dags/example_branch_labels.py took 0.118 seconds
