[2025-04-29T23:33:24.722+0100] {processor.py:186} INFO - Started process (PID=64163) to work on /Users/dineshsammeta/anaconda3/envs/python38/lib/python3.8/site-packages/airflow/example_dags/example_short_circuit_decorator.py
[2025-04-29T23:33:24.723+0100] {processor.py:914} INFO - Processing file /Users/dineshsammeta/anaconda3/envs/python38/lib/python3.8/site-packages/airflow/example_dags/example_short_circuit_decorator.py for tasks to queue
[2025-04-29T23:33:24.723+0100] {logging_mixin.py:190} INFO - [2025-04-29T23:33:24.723+0100] {dagbag.py:588} INFO - Filling up the DagBag from /Users/dineshsammeta/anaconda3/envs/python38/lib/python3.8/site-packages/airflow/example_dags/example_short_circuit_decorator.py
[2025-04-29T23:33:24.776+0100] {processor.py:925} INFO - DAG(s) 'example_short_circuit_decorator' retrieved from /Users/dineshsammeta/anaconda3/envs/python38/lib/python3.8/site-packages/airflow/example_dags/example_short_circuit_decorator.py
[2025-04-29T23:33:24.884+0100] {logging_mixin.py:190} INFO - [2025-04-29T23:33:24.883+0100] {override.py:1901} INFO - Created Permission View: can read on DAG:example_short_circuit_decorator
[2025-04-29T23:33:24.889+0100] {logging_mixin.py:190} INFO - [2025-04-29T23:33:24.888+0100] {override.py:1901} INFO - Created Permission View: can edit on DAG:example_short_circuit_decorator
[2025-04-29T23:33:24.892+0100] {logging_mixin.py:190} INFO - [2025-04-29T23:33:24.891+0100] {override.py:1901} INFO - Created Permission View: can delete on DAG:example_short_circuit_decorator
[2025-04-29T23:33:24.895+0100] {logging_mixin.py:190} INFO - [2025-04-29T23:33:24.895+0100] {override.py:1901} INFO - Created Permission View: can read on DAG Run:example_short_circuit_decorator
[2025-04-29T23:33:24.898+0100] {logging_mixin.py:190} INFO - [2025-04-29T23:33:24.898+0100] {override.py:1901} INFO - Created Permission View: can delete on DAG Run:example_short_circuit_decorator
[2025-04-29T23:33:24.901+0100] {logging_mixin.py:190} INFO - [2025-04-29T23:33:24.901+0100] {override.py:1901} INFO - Created Permission View: menu access on DAG Run:example_short_circuit_decorator
[2025-04-29T23:33:24.904+0100] {logging_mixin.py:190} INFO - [2025-04-29T23:33:24.904+0100] {override.py:1901} INFO - Created Permission View: can create on DAG Run:example_short_circuit_decorator
[2025-04-29T23:33:24.904+0100] {logging_mixin.py:190} INFO - [2025-04-29T23:33:24.904+0100] {dag.py:3239} INFO - Sync 1 DAGs
[2025-04-29T23:33:24.911+0100] {logging_mixin.py:190} INFO - [2025-04-29T23:33:24.910+0100] {dag.py:3262} INFO - Creating ORM DAG for example_short_circuit_decorator
[2025-04-29T23:33:24.911+0100] {logging_mixin.py:190} INFO - [2025-04-29T23:33:24.911+0100] {dag.py:4180} INFO - Setting next_dagrun for example_short_circuit_decorator to None, run_after=None
[2025-04-29T23:33:24.920+0100] {processor.py:208} INFO - Processing /Users/dineshsammeta/anaconda3/envs/python38/lib/python3.8/site-packages/airflow/example_dags/example_short_circuit_decorator.py took 0.200 seconds
[2025-04-29T23:35:33.187+0100] {processor.py:186} INFO - Started process (PID=64484) to work on /Users/dineshsammeta/anaconda3/envs/python38/lib/python3.8/site-packages/airflow/example_dags/example_short_circuit_decorator.py
[2025-04-29T23:35:33.188+0100] {processor.py:914} INFO - Processing file /Users/dineshsammeta/anaconda3/envs/python38/lib/python3.8/site-packages/airflow/example_dags/example_short_circuit_decorator.py for tasks to queue
[2025-04-29T23:35:33.189+0100] {logging_mixin.py:190} INFO - [2025-04-29T23:35:33.188+0100] {dagbag.py:588} INFO - Filling up the DagBag from /Users/dineshsammeta/anaconda3/envs/python38/lib/python3.8/site-packages/airflow/example_dags/example_short_circuit_decorator.py
[2025-04-29T23:35:33.246+0100] {processor.py:925} INFO - DAG(s) 'example_short_circuit_decorator' retrieved from /Users/dineshsammeta/anaconda3/envs/python38/lib/python3.8/site-packages/airflow/example_dags/example_short_circuit_decorator.py
[2025-04-29T23:35:33.305+0100] {logging_mixin.py:190} INFO - [2025-04-29T23:35:33.305+0100] {dag.py:3239} INFO - Sync 1 DAGs
[2025-04-29T23:35:33.313+0100] {logging_mixin.py:190} INFO - [2025-04-29T23:35:33.313+0100] {dag.py:4180} INFO - Setting next_dagrun for example_short_circuit_decorator to None, run_after=None
[2025-04-29T23:35:33.327+0100] {processor.py:208} INFO - Processing /Users/dineshsammeta/anaconda3/envs/python38/lib/python3.8/site-packages/airflow/example_dags/example_short_circuit_decorator.py took 0.143 seconds
[2025-04-29T23:36:23.575+0100] {processor.py:186} INFO - Started process (PID=64669) to work on /Users/dineshsammeta/anaconda3/envs/python38/lib/python3.8/site-packages/airflow/example_dags/example_short_circuit_decorator.py
[2025-04-29T23:36:23.576+0100] {processor.py:914} INFO - Processing file /Users/dineshsammeta/anaconda3/envs/python38/lib/python3.8/site-packages/airflow/example_dags/example_short_circuit_decorator.py for tasks to queue
[2025-04-29T23:36:23.577+0100] {logging_mixin.py:190} INFO - [2025-04-29T23:36:23.577+0100] {dagbag.py:588} INFO - Filling up the DagBag from /Users/dineshsammeta/anaconda3/envs/python38/lib/python3.8/site-packages/airflow/example_dags/example_short_circuit_decorator.py
[2025-04-29T23:36:23.628+0100] {processor.py:925} INFO - DAG(s) 'example_short_circuit_decorator' retrieved from /Users/dineshsammeta/anaconda3/envs/python38/lib/python3.8/site-packages/airflow/example_dags/example_short_circuit_decorator.py
[2025-04-29T23:36:23.686+0100] {logging_mixin.py:190} INFO - [2025-04-29T23:36:23.686+0100] {dag.py:3239} INFO - Sync 1 DAGs
[2025-04-29T23:36:23.692+0100] {logging_mixin.py:190} INFO - [2025-04-29T23:36:23.692+0100] {dag.py:4180} INFO - Setting next_dagrun for example_short_circuit_decorator to None, run_after=None
[2025-04-29T23:36:23.704+0100] {processor.py:208} INFO - Processing /Users/dineshsammeta/anaconda3/envs/python38/lib/python3.8/site-packages/airflow/example_dags/example_short_circuit_decorator.py took 0.131 seconds
[2025-04-29T23:37:20.634+0100] {processor.py:186} INFO - Started process (PID=64853) to work on /Users/dineshsammeta/anaconda3/envs/python38/lib/python3.8/site-packages/airflow/example_dags/example_short_circuit_decorator.py
[2025-04-29T23:37:20.635+0100] {processor.py:914} INFO - Processing file /Users/dineshsammeta/anaconda3/envs/python38/lib/python3.8/site-packages/airflow/example_dags/example_short_circuit_decorator.py for tasks to queue
[2025-04-29T23:37:20.636+0100] {logging_mixin.py:190} INFO - [2025-04-29T23:37:20.636+0100] {dagbag.py:588} INFO - Filling up the DagBag from /Users/dineshsammeta/anaconda3/envs/python38/lib/python3.8/site-packages/airflow/example_dags/example_short_circuit_decorator.py
[2025-04-29T23:37:20.692+0100] {processor.py:925} INFO - DAG(s) 'example_short_circuit_decorator' retrieved from /Users/dineshsammeta/anaconda3/envs/python38/lib/python3.8/site-packages/airflow/example_dags/example_short_circuit_decorator.py
[2025-04-29T23:37:20.751+0100] {logging_mixin.py:190} INFO - [2025-04-29T23:37:20.750+0100] {dag.py:3239} INFO - Sync 1 DAGs
[2025-04-29T23:37:20.757+0100] {logging_mixin.py:190} INFO - [2025-04-29T23:37:20.756+0100] {dag.py:4180} INFO - Setting next_dagrun for example_short_circuit_decorator to None, run_after=None
[2025-04-29T23:37:20.767+0100] {processor.py:208} INFO - Processing /Users/dineshsammeta/anaconda3/envs/python38/lib/python3.8/site-packages/airflow/example_dags/example_short_circuit_decorator.py took 0.136 seconds
[2025-04-29T23:38:36.081+0100] {processor.py:186} INFO - Started process (PID=65164) to work on /Users/dineshsammeta/anaconda3/envs/python38/lib/python3.8/site-packages/airflow/example_dags/example_short_circuit_decorator.py
[2025-04-29T23:38:36.082+0100] {processor.py:914} INFO - Processing file /Users/dineshsammeta/anaconda3/envs/python38/lib/python3.8/site-packages/airflow/example_dags/example_short_circuit_decorator.py for tasks to queue
[2025-04-29T23:38:36.082+0100] {logging_mixin.py:190} INFO - [2025-04-29T23:38:36.082+0100] {dagbag.py:588} INFO - Filling up the DagBag from /Users/dineshsammeta/anaconda3/envs/python38/lib/python3.8/site-packages/airflow/example_dags/example_short_circuit_decorator.py
[2025-04-29T23:38:36.135+0100] {processor.py:925} INFO - DAG(s) 'example_short_circuit_decorator' retrieved from /Users/dineshsammeta/anaconda3/envs/python38/lib/python3.8/site-packages/airflow/example_dags/example_short_circuit_decorator.py
[2025-04-29T23:38:36.196+0100] {logging_mixin.py:190} INFO - [2025-04-29T23:38:36.196+0100] {dag.py:3239} INFO - Sync 1 DAGs
[2025-04-29T23:38:36.202+0100] {logging_mixin.py:190} INFO - [2025-04-29T23:38:36.202+0100] {dag.py:4180} INFO - Setting next_dagrun for example_short_circuit_decorator to None, run_after=None
[2025-04-29T23:38:36.212+0100] {processor.py:208} INFO - Processing /Users/dineshsammeta/anaconda3/envs/python38/lib/python3.8/site-packages/airflow/example_dags/example_short_circuit_decorator.py took 0.134 seconds
