[2025-04-29T23:32:46.697+0100] {processor.py:186} INFO - Started process (PID=64094) to work on /Users/dineshsammeta/anaconda3/envs/python38/lib/python3.8/site-packages/airflow/example_dags/tutorial_taskflow_templates.py
[2025-04-29T23:32:46.698+0100] {processor.py:914} INFO - Processing file /Users/dineshsammeta/anaconda3/envs/python38/lib/python3.8/site-packages/airflow/example_dags/tutorial_taskflow_templates.py for tasks to queue
[2025-04-29T23:32:46.699+0100] {logging_mixin.py:190} INFO - [2025-04-29T23:32:46.699+0100] {dagbag.py:588} INFO - Filling up the DagBag from /Users/dineshsammeta/anaconda3/envs/python38/lib/python3.8/site-packages/airflow/example_dags/tutorial_taskflow_templates.py
[2025-04-29T23:32:46.763+0100] {processor.py:925} INFO - DAG(s) 'tutorial_taskflow_templates' retrieved from /Users/dineshsammeta/anaconda3/envs/python38/lib/python3.8/site-packages/airflow/example_dags/tutorial_taskflow_templates.py
[2025-04-29T23:32:46.888+0100] {logging_mixin.py:190} INFO - [2025-04-29T23:32:46.887+0100] {override.py:1901} INFO - Created Permission View: can read on DAG:tutorial_taskflow_templates
[2025-04-29T23:32:46.892+0100] {logging_mixin.py:190} INFO - [2025-04-29T23:32:46.892+0100] {override.py:1901} INFO - Created Permission View: can edit on DAG:tutorial_taskflow_templates
[2025-04-29T23:32:46.895+0100] {logging_mixin.py:190} INFO - [2025-04-29T23:32:46.895+0100] {override.py:1901} INFO - Created Permission View: can delete on DAG:tutorial_taskflow_templates
[2025-04-29T23:32:46.899+0100] {logging_mixin.py:190} INFO - [2025-04-29T23:32:46.899+0100] {override.py:1901} INFO - Created Permission View: can read on DAG Run:tutorial_taskflow_templates
[2025-04-29T23:32:46.902+0100] {logging_mixin.py:190} INFO - [2025-04-29T23:32:46.902+0100] {override.py:1901} INFO - Created Permission View: menu access on DAG Run:tutorial_taskflow_templates
[2025-04-29T23:32:46.905+0100] {logging_mixin.py:190} INFO - [2025-04-29T23:32:46.905+0100] {override.py:1901} INFO - Created Permission View: can create on DAG Run:tutorial_taskflow_templates
[2025-04-29T23:32:46.908+0100] {logging_mixin.py:190} INFO - [2025-04-29T23:32:46.908+0100] {override.py:1901} INFO - Created Permission View: can delete on DAG Run:tutorial_taskflow_templates
[2025-04-29T23:32:46.908+0100] {logging_mixin.py:190} INFO - [2025-04-29T23:32:46.908+0100] {dag.py:3239} INFO - Sync 1 DAGs
[2025-04-29T23:32:46.915+0100] {logging_mixin.py:190} INFO - [2025-04-29T23:32:46.914+0100] {dag.py:3262} INFO - Creating ORM DAG for tutorial_taskflow_templates
[2025-04-29T23:32:46.919+0100] {logging_mixin.py:190} INFO - [2025-04-29T23:32:46.919+0100] {dag.py:4180} INFO - Setting next_dagrun for tutorial_taskflow_templates to 2025-04-28 00:00:00+00:00, run_after=2025-04-29 00:00:00+00:00
[2025-04-29T23:32:46.929+0100] {processor.py:208} INFO - Processing /Users/dineshsammeta/anaconda3/envs/python38/lib/python3.8/site-packages/airflow/example_dags/tutorial_taskflow_templates.py took 0.236 seconds
[2025-04-29T23:34:54.774+0100] {processor.py:186} INFO - Started process (PID=64327) to work on /Users/dineshsammeta/anaconda3/envs/python38/lib/python3.8/site-packages/airflow/example_dags/tutorial_taskflow_templates.py
[2025-04-29T23:34:54.775+0100] {processor.py:914} INFO - Processing file /Users/dineshsammeta/anaconda3/envs/python38/lib/python3.8/site-packages/airflow/example_dags/tutorial_taskflow_templates.py for tasks to queue
[2025-04-29T23:34:54.776+0100] {logging_mixin.py:190} INFO - [2025-04-29T23:34:54.776+0100] {dagbag.py:588} INFO - Filling up the DagBag from /Users/dineshsammeta/anaconda3/envs/python38/lib/python3.8/site-packages/airflow/example_dags/tutorial_taskflow_templates.py
[2025-04-29T23:34:54.837+0100] {processor.py:925} INFO - DAG(s) 'tutorial_taskflow_templates' retrieved from /Users/dineshsammeta/anaconda3/envs/python38/lib/python3.8/site-packages/airflow/example_dags/tutorial_taskflow_templates.py
[2025-04-29T23:34:54.896+0100] {logging_mixin.py:190} INFO - [2025-04-29T23:34:54.896+0100] {dag.py:3239} INFO - Sync 1 DAGs
[2025-04-29T23:34:54.908+0100] {logging_mixin.py:190} INFO - [2025-04-29T23:34:54.908+0100] {dag.py:4180} INFO - Setting next_dagrun for tutorial_taskflow_templates to 2025-04-28 00:00:00+00:00, run_after=2025-04-29 00:00:00+00:00
[2025-04-29T23:34:54.918+0100] {processor.py:208} INFO - Processing /Users/dineshsammeta/anaconda3/envs/python38/lib/python3.8/site-packages/airflow/example_dags/tutorial_taskflow_templates.py took 0.146 seconds
[2025-04-29T23:35:44.385+0100] {processor.py:186} INFO - Started process (PID=64524) to work on /Users/dineshsammeta/anaconda3/envs/python38/lib/python3.8/site-packages/airflow/example_dags/tutorial_taskflow_templates.py
[2025-04-29T23:35:44.385+0100] {processor.py:914} INFO - Processing file /Users/dineshsammeta/anaconda3/envs/python38/lib/python3.8/site-packages/airflow/example_dags/tutorial_taskflow_templates.py for tasks to queue
[2025-04-29T23:35:44.386+0100] {logging_mixin.py:190} INFO - [2025-04-29T23:35:44.386+0100] {dagbag.py:588} INFO - Filling up the DagBag from /Users/dineshsammeta/anaconda3/envs/python38/lib/python3.8/site-packages/airflow/example_dags/tutorial_taskflow_templates.py
[2025-04-29T23:35:44.439+0100] {processor.py:925} INFO - DAG(s) 'tutorial_taskflow_templates' retrieved from /Users/dineshsammeta/anaconda3/envs/python38/lib/python3.8/site-packages/airflow/example_dags/tutorial_taskflow_templates.py
[2025-04-29T23:35:44.496+0100] {logging_mixin.py:190} INFO - [2025-04-29T23:35:44.496+0100] {dag.py:3239} INFO - Sync 1 DAGs
[2025-04-29T23:35:44.508+0100] {logging_mixin.py:190} INFO - [2025-04-29T23:35:44.508+0100] {dag.py:4180} INFO - Setting next_dagrun for tutorial_taskflow_templates to 2025-04-28 00:00:00+00:00, run_after=2025-04-29 00:00:00+00:00
[2025-04-29T23:35:44.517+0100] {processor.py:208} INFO - Processing /Users/dineshsammeta/anaconda3/envs/python38/lib/python3.8/site-packages/airflow/example_dags/tutorial_taskflow_templates.py took 0.135 seconds
[2025-04-29T23:36:31.590+0100] {processor.py:186} INFO - Started process (PID=64692) to work on /Users/dineshsammeta/anaconda3/envs/python38/lib/python3.8/site-packages/airflow/example_dags/tutorial_taskflow_templates.py
[2025-04-29T23:36:31.592+0100] {processor.py:914} INFO - Processing file /Users/dineshsammeta/anaconda3/envs/python38/lib/python3.8/site-packages/airflow/example_dags/tutorial_taskflow_templates.py for tasks to queue
[2025-04-29T23:36:31.592+0100] {logging_mixin.py:190} INFO - [2025-04-29T23:36:31.592+0100] {dagbag.py:588} INFO - Filling up the DagBag from /Users/dineshsammeta/anaconda3/envs/python38/lib/python3.8/site-packages/airflow/example_dags/tutorial_taskflow_templates.py
[2025-04-29T23:36:31.658+0100] {processor.py:925} INFO - DAG(s) 'tutorial_taskflow_templates' retrieved from /Users/dineshsammeta/anaconda3/envs/python38/lib/python3.8/site-packages/airflow/example_dags/tutorial_taskflow_templates.py
[2025-04-29T23:36:31.716+0100] {logging_mixin.py:190} INFO - [2025-04-29T23:36:31.716+0100] {dag.py:3239} INFO - Sync 1 DAGs
[2025-04-29T23:36:31.727+0100] {logging_mixin.py:190} INFO - [2025-04-29T23:36:31.727+0100] {dag.py:4180} INFO - Setting next_dagrun for tutorial_taskflow_templates to 2025-04-28 00:00:00+00:00, run_after=2025-04-29 00:00:00+00:00
[2025-04-29T23:36:31.741+0100] {processor.py:208} INFO - Processing /Users/dineshsammeta/anaconda3/envs/python38/lib/python3.8/site-packages/airflow/example_dags/tutorial_taskflow_templates.py took 0.154 seconds
[2025-04-29T23:37:57.923+0100] {processor.py:186} INFO - Started process (PID=65024) to work on /Users/dineshsammeta/anaconda3/envs/python38/lib/python3.8/site-packages/airflow/example_dags/tutorial_taskflow_templates.py
[2025-04-29T23:37:57.924+0100] {processor.py:914} INFO - Processing file /Users/dineshsammeta/anaconda3/envs/python38/lib/python3.8/site-packages/airflow/example_dags/tutorial_taskflow_templates.py for tasks to queue
[2025-04-29T23:37:57.925+0100] {logging_mixin.py:190} INFO - [2025-04-29T23:37:57.925+0100] {dagbag.py:588} INFO - Filling up the DagBag from /Users/dineshsammeta/anaconda3/envs/python38/lib/python3.8/site-packages/airflow/example_dags/tutorial_taskflow_templates.py
[2025-04-29T23:37:57.985+0100] {processor.py:925} INFO - DAG(s) 'tutorial_taskflow_templates' retrieved from /Users/dineshsammeta/anaconda3/envs/python38/lib/python3.8/site-packages/airflow/example_dags/tutorial_taskflow_templates.py
[2025-04-29T23:37:58.047+0100] {logging_mixin.py:190} INFO - [2025-04-29T23:37:58.046+0100] {dag.py:3239} INFO - Sync 1 DAGs
[2025-04-29T23:37:58.059+0100] {logging_mixin.py:190} INFO - [2025-04-29T23:37:58.058+0100] {dag.py:4180} INFO - Setting next_dagrun for tutorial_taskflow_templates to 2025-04-28 00:00:00+00:00, run_after=2025-04-29 00:00:00+00:00
[2025-04-29T23:37:58.068+0100] {processor.py:208} INFO - Processing /Users/dineshsammeta/anaconda3/envs/python38/lib/python3.8/site-packages/airflow/example_dags/tutorial_taskflow_templates.py took 0.147 seconds
